[2024-09-09T21:00:44.171+0530] {local_task_job_runner.py:123} INFO - ::group::Pre task execution logs
[2024-09-09T21:00:44.179+0530] {taskinstance.py:2612} INFO - Dependencies all met for dep_context=non-requeueable deps ti=<TaskInstance: ababa5.first_task scheduled__2024-09-08T00:00:00+00:00 [queued]>
[2024-09-09T21:00:44.183+0530] {taskinstance.py:2612} INFO - Dependencies all met for dep_context=requeueable deps ti=<TaskInstance: ababa5.first_task scheduled__2024-09-08T00:00:00+00:00 [queued]>
[2024-09-09T21:00:44.183+0530] {taskinstance.py:2865} INFO - Starting attempt 1 of 1
[2024-09-09T21:00:44.200+0530] {taskinstance.py:2888} INFO - Executing <Task(BashOperator): first_task> on 2024-09-08 00:00:00+00:00
[2024-09-09T21:00:44.204+0530] {standard_task_runner.py:72} INFO - Started process 131045 to run task
[2024-09-09T21:00:44.208+0530] {standard_task_runner.py:104} INFO - Running: ['airflow', 'tasks', 'run', 'ababa5', 'first_task', 'scheduled__2024-09-08T00:00:00+00:00', '--job-id', '14', '--raw', '--subdir', 'DAGS_FOLDER/ababa5.py', '--cfg-path', '/tmp/tmp1ojmrebd']
[2024-09-09T21:00:44.208+0530] {standard_task_runner.py:105} INFO - Job 14: Subtask first_task
[2024-09-09T21:00:44.248+0530] {task_command.py:467} INFO - Running <TaskInstance: ababa5.first_task scheduled__2024-09-08T00:00:00+00:00 [running]> on host PG0392KD.springernature.com
[2024-09-09T21:00:44.320+0530] {taskinstance.py:3131} INFO - Exporting env vars: AIRFLOW_CTX_DAG_OWNER='qwert' AIRFLOW_CTX_DAG_ID='ababa5' AIRFLOW_CTX_TASK_ID='first_task' AIRFLOW_CTX_EXECUTION_DATE='2024-09-08T00:00:00+00:00' AIRFLOW_CTX_TRY_NUMBER='1' AIRFLOW_CTX_DAG_RUN_ID='scheduled__2024-09-08T00:00:00+00:00'
[2024-09-09T21:00:44.322+0530] {logging_mixin.py:190} INFO - Task instance is in running state
[2024-09-09T21:00:44.322+0530] {logging_mixin.py:190} INFO -  Previous state of the Task instance: queued
[2024-09-09T21:00:44.322+0530] {logging_mixin.py:190} INFO - Current task name:first_task state:running start_date:2024-09-09 15:30:44.179330+00:00
[2024-09-09T21:00:44.322+0530] {logging_mixin.py:190} INFO - Dag name:ababa5 and current dag run status:running
[2024-09-09T21:00:44.323+0530] {taskinstance.py:731} INFO - ::endgroup::
[2024-09-09T21:00:44.323+0530] {subprocess.py:63} INFO - Tmp dir root location: /tmp
[2024-09-09T21:00:44.324+0530] {subprocess.py:75} INFO - Running command: ['/usr/bin/bash', '-c', 'echo hello world, this is the first task!']
[2024-09-09T21:00:44.329+0530] {subprocess.py:86} INFO - Output:
[2024-09-09T21:00:44.330+0530] {subprocess.py:93} INFO - hello world, this is the first task!
[2024-09-09T21:00:44.330+0530] {subprocess.py:97} INFO - Command exited with return code 0
[2024-09-09T21:00:44.358+0530] {taskinstance.py:340} INFO - ::group::Post task execution logs
[2024-09-09T21:00:44.358+0530] {taskinstance.py:352} INFO - Marking task as SUCCESS. dag_id=ababa5, task_id=first_task, run_id=scheduled__2024-09-08T00:00:00+00:00, execution_date=20240908T000000, start_date=20240909T153044, end_date=20240909T153044
[2024-09-09T21:00:44.375+0530] {logging_mixin.py:190} INFO - Task instance in success state
[2024-09-09T21:00:44.375+0530] {logging_mixin.py:190} INFO -  Previous state of the Task instance: running
[2024-09-09T21:00:44.375+0530] {logging_mixin.py:190} INFO - Dag name:ababa5 queued_at:2024-09-09 15:30:42.545941+00:00
[2024-09-09T21:00:44.375+0530] {logging_mixin.py:190} INFO - Task hostname:PG0392KD.springernature.com operator:BashOperator
[2024-09-09T21:00:44.381+0530] {local_task_job_runner.py:266} INFO - Task exited with return code 0
[2024-09-09T21:00:44.396+0530] {taskinstance.py:3900} INFO - 2 downstream tasks scheduled from follow-on schedule check
[2024-09-09T21:00:44.405+0530] {local_task_job_runner.py:245} INFO - ::endgroup::
