[2024-09-09T21:00:49.183+0530] {local_task_job_runner.py:123} INFO - ::group::Pre task execution logs
[2024-09-09T21:00:49.195+0530] {taskinstance.py:2612} INFO - Dependencies all met for dep_context=non-requeueable deps ti=<TaskInstance: ababa5.third_task scheduled__2024-09-08T00:00:00+00:00 [queued]>
[2024-09-09T21:00:49.200+0530] {taskinstance.py:2612} INFO - Dependencies all met for dep_context=requeueable deps ti=<TaskInstance: ababa5.third_task scheduled__2024-09-08T00:00:00+00:00 [queued]>
[2024-09-09T21:00:49.200+0530] {taskinstance.py:2865} INFO - Starting attempt 1 of 1
[2024-09-09T21:00:49.219+0530] {taskinstance.py:2888} INFO - Executing <Task(BashOperator): third_task> on 2024-09-08 00:00:00+00:00
[2024-09-09T21:00:49.221+0530] {standard_task_runner.py:72} INFO - Started process 131114 to run task
[2024-09-09T21:00:49.224+0530] {standard_task_runner.py:104} INFO - Running: ['airflow', 'tasks', 'run', 'ababa5', 'third_task', 'scheduled__2024-09-08T00:00:00+00:00', '--job-id', '16', '--raw', '--subdir', 'DAGS_FOLDER/ababa5.py', '--cfg-path', '/tmp/tmpmrv96c4j']
[2024-09-09T21:00:49.225+0530] {standard_task_runner.py:105} INFO - Job 16: Subtask third_task
[2024-09-09T21:00:49.261+0530] {task_command.py:467} INFO - Running <TaskInstance: ababa5.third_task scheduled__2024-09-08T00:00:00+00:00 [running]> on host PG0392KD.springernature.com
[2024-09-09T21:00:49.311+0530] {taskinstance.py:3131} INFO - Exporting env vars: AIRFLOW_CTX_DAG_OWNER='qwert' AIRFLOW_CTX_DAG_ID='ababa5' AIRFLOW_CTX_TASK_ID='third_task' AIRFLOW_CTX_EXECUTION_DATE='2024-09-08T00:00:00+00:00' AIRFLOW_CTX_TRY_NUMBER='1' AIRFLOW_CTX_DAG_RUN_ID='scheduled__2024-09-08T00:00:00+00:00'
[2024-09-09T21:00:49.312+0530] {logging_mixin.py:190} INFO - Task instance is in running state
[2024-09-09T21:00:49.312+0530] {logging_mixin.py:190} INFO -  Previous state of the Task instance: queued
[2024-09-09T21:00:49.313+0530] {logging_mixin.py:190} INFO - Current task name:third_task state:running start_date:2024-09-09 15:30:49.195338+00:00
[2024-09-09T21:00:49.313+0530] {logging_mixin.py:190} INFO - Dag name:ababa5 and current dag run status:running
[2024-09-09T21:00:49.313+0530] {taskinstance.py:731} INFO - ::endgroup::
[2024-09-09T21:00:49.313+0530] {subprocess.py:63} INFO - Tmp dir root location: /tmp
[2024-09-09T21:00:49.314+0530] {subprocess.py:75} INFO - Running command: ['/usr/bin/bash', '-c', 'echo hey, third task running after task1 at the same time as task2']
[2024-09-09T21:00:49.318+0530] {subprocess.py:86} INFO - Output:
[2024-09-09T21:00:49.319+0530] {subprocess.py:93} INFO - hey, third task running after task1 at the same time as task2
[2024-09-09T21:00:49.320+0530] {subprocess.py:97} INFO - Command exited with return code 0
[2024-09-09T21:00:49.338+0530] {taskinstance.py:340} INFO - ::group::Post task execution logs
[2024-09-09T21:00:49.338+0530] {taskinstance.py:352} INFO - Marking task as SUCCESS. dag_id=ababa5, task_id=third_task, run_id=scheduled__2024-09-08T00:00:00+00:00, execution_date=20240908T000000, start_date=20240909T153049, end_date=20240909T153049
[2024-09-09T21:00:49.360+0530] {logging_mixin.py:190} INFO - Task instance in success state
[2024-09-09T21:00:49.360+0530] {logging_mixin.py:190} INFO -  Previous state of the Task instance: running
[2024-09-09T21:00:49.360+0530] {logging_mixin.py:190} INFO - Dag name:ababa5 queued_at:2024-09-09 15:30:42.545941+00:00
[2024-09-09T21:00:49.360+0530] {logging_mixin.py:190} INFO - Task hostname:PG0392KD.springernature.com operator:BashOperator
[2024-09-09T21:00:49.397+0530] {local_task_job_runner.py:266} INFO - Task exited with return code 0
[2024-09-09T21:00:49.407+0530] {taskinstance.py:3900} INFO - 0 downstream tasks scheduled from follow-on schedule check
[2024-09-09T21:00:49.407+0530] {local_task_job_runner.py:245} INFO - ::endgroup::
