[2024-09-09T20:46:00.879+0530] {processor.py:186} INFO - Started process (PID=128073) to work on /home/sst7260/airflow_projects/project1/env/lib/python3.10/site-packages/airflow/example_dags/plugins/event_listener.py
[2024-09-09T20:46:00.880+0530] {processor.py:914} INFO - Processing file /home/sst7260/airflow_projects/project1/env/lib/python3.10/site-packages/airflow/example_dags/plugins/event_listener.py for tasks to queue
[2024-09-09T20:46:00.884+0530] {logging_mixin.py:190} INFO - [2024-09-09T20:46:00.882+0530] {dagbag.py:587} INFO - Filling up the DagBag from /home/sst7260/airflow_projects/project1/env/lib/python3.10/site-packages/airflow/example_dags/plugins/event_listener.py
[2024-09-09T20:46:00.889+0530] {processor.py:927} WARNING - No viable dags retrieved from /home/sst7260/airflow_projects/project1/env/lib/python3.10/site-packages/airflow/example_dags/plugins/event_listener.py
[2024-09-09T20:46:00.906+0530] {processor.py:208} INFO - Processing /home/sst7260/airflow_projects/project1/env/lib/python3.10/site-packages/airflow/example_dags/plugins/event_listener.py took 0.033 seconds
[2024-09-09T20:47:19.124+0530] {processor.py:186} INFO - Started process (PID=128533) to work on /home/sst7260/airflow_projects/project1/env/lib/python3.10/site-packages/airflow/example_dags/plugins/event_listener.py
[2024-09-09T20:47:19.133+0530] {processor.py:914} INFO - Processing file /home/sst7260/airflow_projects/project1/env/lib/python3.10/site-packages/airflow/example_dags/plugins/event_listener.py for tasks to queue
[2024-09-09T20:47:19.135+0530] {logging_mixin.py:190} INFO - [2024-09-09T20:47:19.135+0530] {dagbag.py:587} INFO - Filling up the DagBag from /home/sst7260/airflow_projects/project1/env/lib/python3.10/site-packages/airflow/example_dags/plugins/event_listener.py
[2024-09-09T20:47:19.137+0530] {processor.py:927} WARNING - No viable dags retrieved from /home/sst7260/airflow_projects/project1/env/lib/python3.10/site-packages/airflow/example_dags/plugins/event_listener.py
[2024-09-09T20:47:19.145+0530] {processor.py:208} INFO - Processing /home/sst7260/airflow_projects/project1/env/lib/python3.10/site-packages/airflow/example_dags/plugins/event_listener.py took 0.025 seconds
[2024-09-09T20:48:15.808+0530] {processor.py:186} INFO - Started process (PID=128599) to work on /home/sst7260/airflow_projects/project1/env/lib/python3.10/site-packages/airflow/example_dags/plugins/event_listener.py
[2024-09-09T20:48:15.809+0530] {processor.py:914} INFO - Processing file /home/sst7260/airflow_projects/project1/env/lib/python3.10/site-packages/airflow/example_dags/plugins/event_listener.py for tasks to queue
[2024-09-09T20:48:15.811+0530] {logging_mixin.py:190} INFO - [2024-09-09T20:48:15.811+0530] {dagbag.py:587} INFO - Filling up the DagBag from /home/sst7260/airflow_projects/project1/env/lib/python3.10/site-packages/airflow/example_dags/plugins/event_listener.py
[2024-09-09T20:48:15.813+0530] {processor.py:927} WARNING - No viable dags retrieved from /home/sst7260/airflow_projects/project1/env/lib/python3.10/site-packages/airflow/example_dags/plugins/event_listener.py
[2024-09-09T20:48:15.820+0530] {processor.py:208} INFO - Processing /home/sst7260/airflow_projects/project1/env/lib/python3.10/site-packages/airflow/example_dags/plugins/event_listener.py took 0.016 seconds
[2024-09-09T20:49:07.491+0530] {processor.py:186} INFO - Started process (PID=128662) to work on /home/sst7260/airflow_projects/project1/env/lib/python3.10/site-packages/airflow/example_dags/plugins/event_listener.py
[2024-09-09T20:49:07.493+0530] {processor.py:914} INFO - Processing file /home/sst7260/airflow_projects/project1/env/lib/python3.10/site-packages/airflow/example_dags/plugins/event_listener.py for tasks to queue
[2024-09-09T20:49:07.494+0530] {logging_mixin.py:190} INFO - [2024-09-09T20:49:07.494+0530] {dagbag.py:587} INFO - Filling up the DagBag from /home/sst7260/airflow_projects/project1/env/lib/python3.10/site-packages/airflow/example_dags/plugins/event_listener.py
[2024-09-09T20:49:07.495+0530] {processor.py:927} WARNING - No viable dags retrieved from /home/sst7260/airflow_projects/project1/env/lib/python3.10/site-packages/airflow/example_dags/plugins/event_listener.py
[2024-09-09T20:49:07.502+0530] {processor.py:208} INFO - Processing /home/sst7260/airflow_projects/project1/env/lib/python3.10/site-packages/airflow/example_dags/plugins/event_listener.py took 0.016 seconds
[2024-09-09T20:49:59.119+0530] {processor.py:186} INFO - Started process (PID=128730) to work on /home/sst7260/airflow_projects/project1/env/lib/python3.10/site-packages/airflow/example_dags/plugins/event_listener.py
[2024-09-09T20:49:59.121+0530] {processor.py:914} INFO - Processing file /home/sst7260/airflow_projects/project1/env/lib/python3.10/site-packages/airflow/example_dags/plugins/event_listener.py for tasks to queue
[2024-09-09T20:49:59.123+0530] {logging_mixin.py:190} INFO - [2024-09-09T20:49:59.122+0530] {dagbag.py:587} INFO - Filling up the DagBag from /home/sst7260/airflow_projects/project1/env/lib/python3.10/site-packages/airflow/example_dags/plugins/event_listener.py
[2024-09-09T20:49:59.124+0530] {processor.py:927} WARNING - No viable dags retrieved from /home/sst7260/airflow_projects/project1/env/lib/python3.10/site-packages/airflow/example_dags/plugins/event_listener.py
[2024-09-09T20:49:59.132+0530] {processor.py:208} INFO - Processing /home/sst7260/airflow_projects/project1/env/lib/python3.10/site-packages/airflow/example_dags/plugins/event_listener.py took 0.017 seconds
[2024-09-09T20:50:50.941+0530] {processor.py:186} INFO - Started process (PID=128817) to work on /home/sst7260/airflow_projects/project1/env/lib/python3.10/site-packages/airflow/example_dags/plugins/event_listener.py
[2024-09-09T20:50:50.942+0530] {processor.py:914} INFO - Processing file /home/sst7260/airflow_projects/project1/env/lib/python3.10/site-packages/airflow/example_dags/plugins/event_listener.py for tasks to queue
[2024-09-09T20:50:50.944+0530] {logging_mixin.py:190} INFO - [2024-09-09T20:50:50.944+0530] {dagbag.py:587} INFO - Filling up the DagBag from /home/sst7260/airflow_projects/project1/env/lib/python3.10/site-packages/airflow/example_dags/plugins/event_listener.py
[2024-09-09T20:50:50.946+0530] {processor.py:927} WARNING - No viable dags retrieved from /home/sst7260/airflow_projects/project1/env/lib/python3.10/site-packages/airflow/example_dags/plugins/event_listener.py
[2024-09-09T20:50:50.957+0530] {processor.py:208} INFO - Processing /home/sst7260/airflow_projects/project1/env/lib/python3.10/site-packages/airflow/example_dags/plugins/event_listener.py took 0.022 seconds
[2024-09-09T20:51:43.622+0530] {processor.py:186} INFO - Started process (PID=128940) to work on /home/sst7260/airflow_projects/project1/env/lib/python3.10/site-packages/airflow/example_dags/plugins/event_listener.py
[2024-09-09T20:51:43.624+0530] {processor.py:914} INFO - Processing file /home/sst7260/airflow_projects/project1/env/lib/python3.10/site-packages/airflow/example_dags/plugins/event_listener.py for tasks to queue
[2024-09-09T20:51:43.629+0530] {logging_mixin.py:190} INFO - [2024-09-09T20:51:43.628+0530] {dagbag.py:587} INFO - Filling up the DagBag from /home/sst7260/airflow_projects/project1/env/lib/python3.10/site-packages/airflow/example_dags/plugins/event_listener.py
[2024-09-09T20:51:43.631+0530] {processor.py:927} WARNING - No viable dags retrieved from /home/sst7260/airflow_projects/project1/env/lib/python3.10/site-packages/airflow/example_dags/plugins/event_listener.py
[2024-09-09T20:51:43.642+0530] {processor.py:208} INFO - Processing /home/sst7260/airflow_projects/project1/env/lib/python3.10/site-packages/airflow/example_dags/plugins/event_listener.py took 0.026 seconds
[2024-09-09T20:52:42.122+0530] {processor.py:186} INFO - Started process (PID=129291) to work on /home/sst7260/airflow_projects/project1/env/lib/python3.10/site-packages/airflow/example_dags/plugins/event_listener.py
[2024-09-09T20:52:42.123+0530] {processor.py:914} INFO - Processing file /home/sst7260/airflow_projects/project1/env/lib/python3.10/site-packages/airflow/example_dags/plugins/event_listener.py for tasks to queue
[2024-09-09T20:52:42.125+0530] {logging_mixin.py:190} INFO - [2024-09-09T20:52:42.124+0530] {dagbag.py:587} INFO - Filling up the DagBag from /home/sst7260/airflow_projects/project1/env/lib/python3.10/site-packages/airflow/example_dags/plugins/event_listener.py
[2024-09-09T20:52:42.128+0530] {processor.py:927} WARNING - No viable dags retrieved from /home/sst7260/airflow_projects/project1/env/lib/python3.10/site-packages/airflow/example_dags/plugins/event_listener.py
[2024-09-09T20:52:42.140+0530] {processor.py:208} INFO - Processing /home/sst7260/airflow_projects/project1/env/lib/python3.10/site-packages/airflow/example_dags/plugins/event_listener.py took 0.023 seconds
[2024-09-09T20:53:47.264+0530] {processor.py:186} INFO - Started process (PID=129669) to work on /home/sst7260/airflow_projects/project1/env/lib/python3.10/site-packages/airflow/example_dags/plugins/event_listener.py
[2024-09-09T20:53:47.265+0530] {processor.py:914} INFO - Processing file /home/sst7260/airflow_projects/project1/env/lib/python3.10/site-packages/airflow/example_dags/plugins/event_listener.py for tasks to queue
[2024-09-09T20:53:47.267+0530] {logging_mixin.py:190} INFO - [2024-09-09T20:53:47.267+0530] {dagbag.py:587} INFO - Filling up the DagBag from /home/sst7260/airflow_projects/project1/env/lib/python3.10/site-packages/airflow/example_dags/plugins/event_listener.py
[2024-09-09T20:53:47.268+0530] {processor.py:927} WARNING - No viable dags retrieved from /home/sst7260/airflow_projects/project1/env/lib/python3.10/site-packages/airflow/example_dags/plugins/event_listener.py
[2024-09-09T20:53:47.277+0530] {processor.py:208} INFO - Processing /home/sst7260/airflow_projects/project1/env/lib/python3.10/site-packages/airflow/example_dags/plugins/event_listener.py took 0.018 seconds
[2024-09-09T20:54:58.952+0530] {processor.py:186} INFO - Started process (PID=130031) to work on /home/sst7260/airflow_projects/project1/env/lib/python3.10/site-packages/airflow/example_dags/plugins/event_listener.py
[2024-09-09T20:54:58.953+0530] {processor.py:914} INFO - Processing file /home/sst7260/airflow_projects/project1/env/lib/python3.10/site-packages/airflow/example_dags/plugins/event_listener.py for tasks to queue
[2024-09-09T20:54:58.955+0530] {logging_mixin.py:190} INFO - [2024-09-09T20:54:58.955+0530] {dagbag.py:587} INFO - Filling up the DagBag from /home/sst7260/airflow_projects/project1/env/lib/python3.10/site-packages/airflow/example_dags/plugins/event_listener.py
[2024-09-09T20:54:58.957+0530] {processor.py:927} WARNING - No viable dags retrieved from /home/sst7260/airflow_projects/project1/env/lib/python3.10/site-packages/airflow/example_dags/plugins/event_listener.py
[2024-09-09T20:54:58.967+0530] {processor.py:208} INFO - Processing /home/sst7260/airflow_projects/project1/env/lib/python3.10/site-packages/airflow/example_dags/plugins/event_listener.py took 0.019 seconds
[2024-09-09T20:55:54.513+0530] {processor.py:186} INFO - Started process (PID=130125) to work on /home/sst7260/airflow_projects/project1/env/lib/python3.10/site-packages/airflow/example_dags/plugins/event_listener.py
[2024-09-09T20:55:54.517+0530] {processor.py:914} INFO - Processing file /home/sst7260/airflow_projects/project1/env/lib/python3.10/site-packages/airflow/example_dags/plugins/event_listener.py for tasks to queue
[2024-09-09T20:55:54.519+0530] {logging_mixin.py:190} INFO - [2024-09-09T20:55:54.518+0530] {dagbag.py:587} INFO - Filling up the DagBag from /home/sst7260/airflow_projects/project1/env/lib/python3.10/site-packages/airflow/example_dags/plugins/event_listener.py
[2024-09-09T20:55:54.521+0530] {processor.py:927} WARNING - No viable dags retrieved from /home/sst7260/airflow_projects/project1/env/lib/python3.10/site-packages/airflow/example_dags/plugins/event_listener.py
[2024-09-09T20:55:54.532+0530] {processor.py:208} INFO - Processing /home/sst7260/airflow_projects/project1/env/lib/python3.10/site-packages/airflow/example_dags/plugins/event_listener.py took 0.024 seconds
[2024-09-09T20:56:47.535+0530] {processor.py:186} INFO - Started process (PID=130405) to work on /home/sst7260/airflow_projects/project1/env/lib/python3.10/site-packages/airflow/example_dags/plugins/event_listener.py
[2024-09-09T20:56:47.537+0530] {processor.py:914} INFO - Processing file /home/sst7260/airflow_projects/project1/env/lib/python3.10/site-packages/airflow/example_dags/plugins/event_listener.py for tasks to queue
[2024-09-09T20:56:47.539+0530] {logging_mixin.py:190} INFO - [2024-09-09T20:56:47.538+0530] {dagbag.py:587} INFO - Filling up the DagBag from /home/sst7260/airflow_projects/project1/env/lib/python3.10/site-packages/airflow/example_dags/plugins/event_listener.py
[2024-09-09T20:56:47.540+0530] {processor.py:927} WARNING - No viable dags retrieved from /home/sst7260/airflow_projects/project1/env/lib/python3.10/site-packages/airflow/example_dags/plugins/event_listener.py
[2024-09-09T20:56:47.548+0530] {processor.py:208} INFO - Processing /home/sst7260/airflow_projects/project1/env/lib/python3.10/site-packages/airflow/example_dags/plugins/event_listener.py took 0.016 seconds
[2024-09-09T20:57:42.544+0530] {processor.py:186} INFO - Started process (PID=130470) to work on /home/sst7260/airflow_projects/project1/env/lib/python3.10/site-packages/airflow/example_dags/plugins/event_listener.py
[2024-09-09T20:57:42.554+0530] {processor.py:914} INFO - Processing file /home/sst7260/airflow_projects/project1/env/lib/python3.10/site-packages/airflow/example_dags/plugins/event_listener.py for tasks to queue
[2024-09-09T20:57:42.556+0530] {logging_mixin.py:190} INFO - [2024-09-09T20:57:42.556+0530] {dagbag.py:587} INFO - Filling up the DagBag from /home/sst7260/airflow_projects/project1/env/lib/python3.10/site-packages/airflow/example_dags/plugins/event_listener.py
[2024-09-09T20:57:42.558+0530] {processor.py:927} WARNING - No viable dags retrieved from /home/sst7260/airflow_projects/project1/env/lib/python3.10/site-packages/airflow/example_dags/plugins/event_listener.py
[2024-09-09T20:57:42.566+0530] {processor.py:208} INFO - Processing /home/sst7260/airflow_projects/project1/env/lib/python3.10/site-packages/airflow/example_dags/plugins/event_listener.py took 0.026 seconds
[2024-09-09T20:58:37.343+0530] {processor.py:186} INFO - Started process (PID=130539) to work on /home/sst7260/airflow_projects/project1/env/lib/python3.10/site-packages/airflow/example_dags/plugins/event_listener.py
[2024-09-09T20:58:37.345+0530] {processor.py:914} INFO - Processing file /home/sst7260/airflow_projects/project1/env/lib/python3.10/site-packages/airflow/example_dags/plugins/event_listener.py for tasks to queue
[2024-09-09T20:58:37.348+0530] {logging_mixin.py:190} INFO - [2024-09-09T20:58:37.347+0530] {dagbag.py:587} INFO - Filling up the DagBag from /home/sst7260/airflow_projects/project1/env/lib/python3.10/site-packages/airflow/example_dags/plugins/event_listener.py
[2024-09-09T20:58:37.350+0530] {processor.py:927} WARNING - No viable dags retrieved from /home/sst7260/airflow_projects/project1/env/lib/python3.10/site-packages/airflow/example_dags/plugins/event_listener.py
[2024-09-09T20:58:37.362+0530] {processor.py:208} INFO - Processing /home/sst7260/airflow_projects/project1/env/lib/python3.10/site-packages/airflow/example_dags/plugins/event_listener.py took 0.024 seconds
[2024-09-09T20:59:33.074+0530] {processor.py:186} INFO - Started process (PID=130765) to work on /home/sst7260/airflow_projects/project1/env/lib/python3.10/site-packages/airflow/example_dags/plugins/event_listener.py
[2024-09-09T20:59:33.079+0530] {processor.py:914} INFO - Processing file /home/sst7260/airflow_projects/project1/env/lib/python3.10/site-packages/airflow/example_dags/plugins/event_listener.py for tasks to queue
[2024-09-09T20:59:33.081+0530] {logging_mixin.py:190} INFO - [2024-09-09T20:59:33.081+0530] {dagbag.py:587} INFO - Filling up the DagBag from /home/sst7260/airflow_projects/project1/env/lib/python3.10/site-packages/airflow/example_dags/plugins/event_listener.py
[2024-09-09T20:59:33.084+0530] {processor.py:927} WARNING - No viable dags retrieved from /home/sst7260/airflow_projects/project1/env/lib/python3.10/site-packages/airflow/example_dags/plugins/event_listener.py
[2024-09-09T20:59:33.092+0530] {processor.py:208} INFO - Processing /home/sst7260/airflow_projects/project1/env/lib/python3.10/site-packages/airflow/example_dags/plugins/event_listener.py took 0.022 seconds
[2024-09-09T21:00:28.686+0530] {processor.py:186} INFO - Started process (PID=130953) to work on /home/sst7260/airflow_projects/project1/env/lib/python3.10/site-packages/airflow/example_dags/plugins/event_listener.py
[2024-09-09T21:00:28.687+0530] {processor.py:914} INFO - Processing file /home/sst7260/airflow_projects/project1/env/lib/python3.10/site-packages/airflow/example_dags/plugins/event_listener.py for tasks to queue
[2024-09-09T21:00:28.689+0530] {logging_mixin.py:190} INFO - [2024-09-09T21:00:28.689+0530] {dagbag.py:587} INFO - Filling up the DagBag from /home/sst7260/airflow_projects/project1/env/lib/python3.10/site-packages/airflow/example_dags/plugins/event_listener.py
[2024-09-09T21:00:28.691+0530] {processor.py:927} WARNING - No viable dags retrieved from /home/sst7260/airflow_projects/project1/env/lib/python3.10/site-packages/airflow/example_dags/plugins/event_listener.py
[2024-09-09T21:00:28.703+0530] {processor.py:208} INFO - Processing /home/sst7260/airflow_projects/project1/env/lib/python3.10/site-packages/airflow/example_dags/plugins/event_listener.py took 0.023 seconds
[2024-09-09T21:01:36.216+0530] {processor.py:186} INFO - Started process (PID=131253) to work on /home/sst7260/airflow_projects/project1/env/lib/python3.10/site-packages/airflow/example_dags/plugins/event_listener.py
[2024-09-09T21:01:36.221+0530] {processor.py:914} INFO - Processing file /home/sst7260/airflow_projects/project1/env/lib/python3.10/site-packages/airflow/example_dags/plugins/event_listener.py for tasks to queue
[2024-09-09T21:01:36.222+0530] {logging_mixin.py:190} INFO - [2024-09-09T21:01:36.222+0530] {dagbag.py:587} INFO - Filling up the DagBag from /home/sst7260/airflow_projects/project1/env/lib/python3.10/site-packages/airflow/example_dags/plugins/event_listener.py
[2024-09-09T21:01:36.223+0530] {processor.py:927} WARNING - No viable dags retrieved from /home/sst7260/airflow_projects/project1/env/lib/python3.10/site-packages/airflow/example_dags/plugins/event_listener.py
[2024-09-09T21:01:36.230+0530] {processor.py:208} INFO - Processing /home/sst7260/airflow_projects/project1/env/lib/python3.10/site-packages/airflow/example_dags/plugins/event_listener.py took 0.022 seconds
[2024-09-09T21:02:32.835+0530] {processor.py:186} INFO - Started process (PID=131391) to work on /home/sst7260/airflow_projects/project1/env/lib/python3.10/site-packages/airflow/example_dags/plugins/event_listener.py
[2024-09-09T21:02:32.837+0530] {processor.py:914} INFO - Processing file /home/sst7260/airflow_projects/project1/env/lib/python3.10/site-packages/airflow/example_dags/plugins/event_listener.py for tasks to queue
[2024-09-09T21:02:32.839+0530] {logging_mixin.py:190} INFO - [2024-09-09T21:02:32.838+0530] {dagbag.py:587} INFO - Filling up the DagBag from /home/sst7260/airflow_projects/project1/env/lib/python3.10/site-packages/airflow/example_dags/plugins/event_listener.py
[2024-09-09T21:02:32.841+0530] {processor.py:927} WARNING - No viable dags retrieved from /home/sst7260/airflow_projects/project1/env/lib/python3.10/site-packages/airflow/example_dags/plugins/event_listener.py
[2024-09-09T21:02:32.855+0530] {processor.py:208} INFO - Processing /home/sst7260/airflow_projects/project1/env/lib/python3.10/site-packages/airflow/example_dags/plugins/event_listener.py took 0.030 seconds
[2024-09-09T21:03:29.030+0530] {processor.py:186} INFO - Started process (PID=131515) to work on /home/sst7260/airflow_projects/project1/env/lib/python3.10/site-packages/airflow/example_dags/plugins/event_listener.py
[2024-09-09T21:03:29.032+0530] {processor.py:914} INFO - Processing file /home/sst7260/airflow_projects/project1/env/lib/python3.10/site-packages/airflow/example_dags/plugins/event_listener.py for tasks to queue
[2024-09-09T21:03:29.033+0530] {logging_mixin.py:190} INFO - [2024-09-09T21:03:29.032+0530] {dagbag.py:587} INFO - Filling up the DagBag from /home/sst7260/airflow_projects/project1/env/lib/python3.10/site-packages/airflow/example_dags/plugins/event_listener.py
[2024-09-09T21:03:29.034+0530] {processor.py:927} WARNING - No viable dags retrieved from /home/sst7260/airflow_projects/project1/env/lib/python3.10/site-packages/airflow/example_dags/plugins/event_listener.py
[2024-09-09T21:03:29.042+0530] {processor.py:208} INFO - Processing /home/sst7260/airflow_projects/project1/env/lib/python3.10/site-packages/airflow/example_dags/plugins/event_listener.py took 0.016 seconds
[2024-09-09T21:04:24.321+0530] {processor.py:186} INFO - Started process (PID=131580) to work on /home/sst7260/airflow_projects/project1/env/lib/python3.10/site-packages/airflow/example_dags/plugins/event_listener.py
[2024-09-09T21:04:24.323+0530] {processor.py:914} INFO - Processing file /home/sst7260/airflow_projects/project1/env/lib/python3.10/site-packages/airflow/example_dags/plugins/event_listener.py for tasks to queue
[2024-09-09T21:04:24.324+0530] {logging_mixin.py:190} INFO - [2024-09-09T21:04:24.324+0530] {dagbag.py:587} INFO - Filling up the DagBag from /home/sst7260/airflow_projects/project1/env/lib/python3.10/site-packages/airflow/example_dags/plugins/event_listener.py
[2024-09-09T21:04:24.326+0530] {processor.py:927} WARNING - No viable dags retrieved from /home/sst7260/airflow_projects/project1/env/lib/python3.10/site-packages/airflow/example_dags/plugins/event_listener.py
[2024-09-09T21:04:24.334+0530] {processor.py:208} INFO - Processing /home/sst7260/airflow_projects/project1/env/lib/python3.10/site-packages/airflow/example_dags/plugins/event_listener.py took 0.020 seconds
[2024-09-09T21:05:22.241+0530] {processor.py:186} INFO - Started process (PID=131776) to work on /home/sst7260/airflow_projects/project1/env/lib/python3.10/site-packages/airflow/example_dags/plugins/event_listener.py
[2024-09-09T21:05:22.242+0530] {processor.py:914} INFO - Processing file /home/sst7260/airflow_projects/project1/env/lib/python3.10/site-packages/airflow/example_dags/plugins/event_listener.py for tasks to queue
[2024-09-09T21:05:22.243+0530] {logging_mixin.py:190} INFO - [2024-09-09T21:05:22.243+0530] {dagbag.py:587} INFO - Filling up the DagBag from /home/sst7260/airflow_projects/project1/env/lib/python3.10/site-packages/airflow/example_dags/plugins/event_listener.py
[2024-09-09T21:05:22.245+0530] {processor.py:927} WARNING - No viable dags retrieved from /home/sst7260/airflow_projects/project1/env/lib/python3.10/site-packages/airflow/example_dags/plugins/event_listener.py
[2024-09-09T21:05:22.253+0530] {processor.py:208} INFO - Processing /home/sst7260/airflow_projects/project1/env/lib/python3.10/site-packages/airflow/example_dags/plugins/event_listener.py took 0.017 seconds
[2024-09-09T21:06:18.073+0530] {processor.py:186} INFO - Started process (PID=131899) to work on /home/sst7260/airflow_projects/project1/env/lib/python3.10/site-packages/airflow/example_dags/plugins/event_listener.py
[2024-09-09T21:06:18.074+0530] {processor.py:914} INFO - Processing file /home/sst7260/airflow_projects/project1/env/lib/python3.10/site-packages/airflow/example_dags/plugins/event_listener.py for tasks to queue
[2024-09-09T21:06:18.075+0530] {logging_mixin.py:190} INFO - [2024-09-09T21:06:18.075+0530] {dagbag.py:587} INFO - Filling up the DagBag from /home/sst7260/airflow_projects/project1/env/lib/python3.10/site-packages/airflow/example_dags/plugins/event_listener.py
[2024-09-09T21:06:18.076+0530] {processor.py:927} WARNING - No viable dags retrieved from /home/sst7260/airflow_projects/project1/env/lib/python3.10/site-packages/airflow/example_dags/plugins/event_listener.py
[2024-09-09T21:06:18.083+0530] {processor.py:208} INFO - Processing /home/sst7260/airflow_projects/project1/env/lib/python3.10/site-packages/airflow/example_dags/plugins/event_listener.py took 0.015 seconds
[2024-09-09T21:07:10.782+0530] {processor.py:186} INFO - Started process (PID=131971) to work on /home/sst7260/airflow_projects/project1/env/lib/python3.10/site-packages/airflow/example_dags/plugins/event_listener.py
[2024-09-09T21:07:10.787+0530] {processor.py:914} INFO - Processing file /home/sst7260/airflow_projects/project1/env/lib/python3.10/site-packages/airflow/example_dags/plugins/event_listener.py for tasks to queue
[2024-09-09T21:07:10.788+0530] {logging_mixin.py:190} INFO - [2024-09-09T21:07:10.788+0530] {dagbag.py:587} INFO - Filling up the DagBag from /home/sst7260/airflow_projects/project1/env/lib/python3.10/site-packages/airflow/example_dags/plugins/event_listener.py
[2024-09-09T21:07:10.790+0530] {processor.py:927} WARNING - No viable dags retrieved from /home/sst7260/airflow_projects/project1/env/lib/python3.10/site-packages/airflow/example_dags/plugins/event_listener.py
[2024-09-09T21:07:10.798+0530] {processor.py:208} INFO - Processing /home/sst7260/airflow_projects/project1/env/lib/python3.10/site-packages/airflow/example_dags/plugins/event_listener.py took 0.022 seconds
[2024-09-09T21:08:04.127+0530] {processor.py:186} INFO - Started process (PID=132033) to work on /home/sst7260/airflow_projects/project1/env/lib/python3.10/site-packages/airflow/example_dags/plugins/event_listener.py
[2024-09-09T21:08:04.130+0530] {processor.py:914} INFO - Processing file /home/sst7260/airflow_projects/project1/env/lib/python3.10/site-packages/airflow/example_dags/plugins/event_listener.py for tasks to queue
[2024-09-09T21:08:04.131+0530] {logging_mixin.py:190} INFO - [2024-09-09T21:08:04.131+0530] {dagbag.py:587} INFO - Filling up the DagBag from /home/sst7260/airflow_projects/project1/env/lib/python3.10/site-packages/airflow/example_dags/plugins/event_listener.py
[2024-09-09T21:08:04.133+0530] {processor.py:927} WARNING - No viable dags retrieved from /home/sst7260/airflow_projects/project1/env/lib/python3.10/site-packages/airflow/example_dags/plugins/event_listener.py
[2024-09-09T21:08:04.142+0530] {processor.py:208} INFO - Processing /home/sst7260/airflow_projects/project1/env/lib/python3.10/site-packages/airflow/example_dags/plugins/event_listener.py took 0.019 seconds
[2024-09-09T21:08:59.002+0530] {processor.py:186} INFO - Started process (PID=132097) to work on /home/sst7260/airflow_projects/project1/env/lib/python3.10/site-packages/airflow/example_dags/plugins/event_listener.py
[2024-09-09T21:08:59.004+0530] {processor.py:914} INFO - Processing file /home/sst7260/airflow_projects/project1/env/lib/python3.10/site-packages/airflow/example_dags/plugins/event_listener.py for tasks to queue
[2024-09-09T21:08:59.006+0530] {logging_mixin.py:190} INFO - [2024-09-09T21:08:59.006+0530] {dagbag.py:587} INFO - Filling up the DagBag from /home/sst7260/airflow_projects/project1/env/lib/python3.10/site-packages/airflow/example_dags/plugins/event_listener.py
[2024-09-09T21:08:59.008+0530] {processor.py:927} WARNING - No viable dags retrieved from /home/sst7260/airflow_projects/project1/env/lib/python3.10/site-packages/airflow/example_dags/plugins/event_listener.py
[2024-09-09T21:08:59.017+0530] {processor.py:208} INFO - Processing /home/sst7260/airflow_projects/project1/env/lib/python3.10/site-packages/airflow/example_dags/plugins/event_listener.py took 0.020 seconds
[2024-09-09T21:09:55.556+0530] {processor.py:186} INFO - Started process (PID=132163) to work on /home/sst7260/airflow_projects/project1/env/lib/python3.10/site-packages/airflow/example_dags/plugins/event_listener.py
[2024-09-09T21:09:55.557+0530] {processor.py:914} INFO - Processing file /home/sst7260/airflow_projects/project1/env/lib/python3.10/site-packages/airflow/example_dags/plugins/event_listener.py for tasks to queue
[2024-09-09T21:09:55.558+0530] {logging_mixin.py:190} INFO - [2024-09-09T21:09:55.558+0530] {dagbag.py:587} INFO - Filling up the DagBag from /home/sst7260/airflow_projects/project1/env/lib/python3.10/site-packages/airflow/example_dags/plugins/event_listener.py
[2024-09-09T21:09:55.559+0530] {processor.py:927} WARNING - No viable dags retrieved from /home/sst7260/airflow_projects/project1/env/lib/python3.10/site-packages/airflow/example_dags/plugins/event_listener.py
[2024-09-09T21:09:55.567+0530] {processor.py:208} INFO - Processing /home/sst7260/airflow_projects/project1/env/lib/python3.10/site-packages/airflow/example_dags/plugins/event_listener.py took 0.016 seconds
[2024-09-09T21:10:47.542+0530] {processor.py:186} INFO - Started process (PID=132254) to work on /home/sst7260/airflow_projects/project1/env/lib/python3.10/site-packages/airflow/example_dags/plugins/event_listener.py
[2024-09-09T21:10:47.543+0530] {processor.py:914} INFO - Processing file /home/sst7260/airflow_projects/project1/env/lib/python3.10/site-packages/airflow/example_dags/plugins/event_listener.py for tasks to queue
[2024-09-09T21:10:47.544+0530] {logging_mixin.py:190} INFO - [2024-09-09T21:10:47.544+0530] {dagbag.py:587} INFO - Filling up the DagBag from /home/sst7260/airflow_projects/project1/env/lib/python3.10/site-packages/airflow/example_dags/plugins/event_listener.py
[2024-09-09T21:10:47.546+0530] {processor.py:927} WARNING - No viable dags retrieved from /home/sst7260/airflow_projects/project1/env/lib/python3.10/site-packages/airflow/example_dags/plugins/event_listener.py
[2024-09-09T21:10:47.552+0530] {processor.py:208} INFO - Processing /home/sst7260/airflow_projects/project1/env/lib/python3.10/site-packages/airflow/example_dags/plugins/event_listener.py took 0.015 seconds
[2024-09-09T21:11:41.156+0530] {processor.py:186} INFO - Started process (PID=132315) to work on /home/sst7260/airflow_projects/project1/env/lib/python3.10/site-packages/airflow/example_dags/plugins/event_listener.py
[2024-09-09T21:11:41.158+0530] {processor.py:914} INFO - Processing file /home/sst7260/airflow_projects/project1/env/lib/python3.10/site-packages/airflow/example_dags/plugins/event_listener.py for tasks to queue
[2024-09-09T21:11:41.158+0530] {logging_mixin.py:190} INFO - [2024-09-09T21:11:41.158+0530] {dagbag.py:587} INFO - Filling up the DagBag from /home/sst7260/airflow_projects/project1/env/lib/python3.10/site-packages/airflow/example_dags/plugins/event_listener.py
[2024-09-09T21:11:41.160+0530] {processor.py:927} WARNING - No viable dags retrieved from /home/sst7260/airflow_projects/project1/env/lib/python3.10/site-packages/airflow/example_dags/plugins/event_listener.py
[2024-09-09T21:11:41.167+0530] {processor.py:208} INFO - Processing /home/sst7260/airflow_projects/project1/env/lib/python3.10/site-packages/airflow/example_dags/plugins/event_listener.py took 0.016 seconds
[2024-09-09T21:12:35.569+0530] {processor.py:186} INFO - Started process (PID=132386) to work on /home/sst7260/airflow_projects/project1/env/lib/python3.10/site-packages/airflow/example_dags/plugins/event_listener.py
[2024-09-09T21:12:35.578+0530] {processor.py:914} INFO - Processing file /home/sst7260/airflow_projects/project1/env/lib/python3.10/site-packages/airflow/example_dags/plugins/event_listener.py for tasks to queue
[2024-09-09T21:12:35.579+0530] {logging_mixin.py:190} INFO - [2024-09-09T21:12:35.579+0530] {dagbag.py:587} INFO - Filling up the DagBag from /home/sst7260/airflow_projects/project1/env/lib/python3.10/site-packages/airflow/example_dags/plugins/event_listener.py
[2024-09-09T21:12:35.582+0530] {processor.py:927} WARNING - No viable dags retrieved from /home/sst7260/airflow_projects/project1/env/lib/python3.10/site-packages/airflow/example_dags/plugins/event_listener.py
[2024-09-09T21:12:35.590+0530] {processor.py:208} INFO - Processing /home/sst7260/airflow_projects/project1/env/lib/python3.10/site-packages/airflow/example_dags/plugins/event_listener.py took 0.025 seconds
[2024-09-09T21:13:29.413+0530] {processor.py:186} INFO - Started process (PID=132450) to work on /home/sst7260/airflow_projects/project1/env/lib/python3.10/site-packages/airflow/example_dags/plugins/event_listener.py
[2024-09-09T21:13:29.414+0530] {processor.py:914} INFO - Processing file /home/sst7260/airflow_projects/project1/env/lib/python3.10/site-packages/airflow/example_dags/plugins/event_listener.py for tasks to queue
[2024-09-09T21:13:29.415+0530] {logging_mixin.py:190} INFO - [2024-09-09T21:13:29.415+0530] {dagbag.py:587} INFO - Filling up the DagBag from /home/sst7260/airflow_projects/project1/env/lib/python3.10/site-packages/airflow/example_dags/plugins/event_listener.py
[2024-09-09T21:13:29.417+0530] {processor.py:927} WARNING - No viable dags retrieved from /home/sst7260/airflow_projects/project1/env/lib/python3.10/site-packages/airflow/example_dags/plugins/event_listener.py
[2024-09-09T21:13:29.424+0530] {processor.py:208} INFO - Processing /home/sst7260/airflow_projects/project1/env/lib/python3.10/site-packages/airflow/example_dags/plugins/event_listener.py took 0.015 seconds
[2024-09-09T21:14:24.754+0530] {processor.py:186} INFO - Started process (PID=132513) to work on /home/sst7260/airflow_projects/project1/env/lib/python3.10/site-packages/airflow/example_dags/plugins/event_listener.py
[2024-09-09T21:14:24.756+0530] {processor.py:914} INFO - Processing file /home/sst7260/airflow_projects/project1/env/lib/python3.10/site-packages/airflow/example_dags/plugins/event_listener.py for tasks to queue
[2024-09-09T21:14:24.757+0530] {logging_mixin.py:190} INFO - [2024-09-09T21:14:24.757+0530] {dagbag.py:587} INFO - Filling up the DagBag from /home/sst7260/airflow_projects/project1/env/lib/python3.10/site-packages/airflow/example_dags/plugins/event_listener.py
[2024-09-09T21:14:24.759+0530] {processor.py:927} WARNING - No viable dags retrieved from /home/sst7260/airflow_projects/project1/env/lib/python3.10/site-packages/airflow/example_dags/plugins/event_listener.py
[2024-09-09T21:14:24.766+0530] {processor.py:208} INFO - Processing /home/sst7260/airflow_projects/project1/env/lib/python3.10/site-packages/airflow/example_dags/plugins/event_listener.py took 0.018 seconds
[2024-09-09T21:15:23.692+0530] {processor.py:186} INFO - Started process (PID=132644) to work on /home/sst7260/airflow_projects/project1/env/lib/python3.10/site-packages/airflow/example_dags/plugins/event_listener.py
[2024-09-09T21:15:23.693+0530] {processor.py:914} INFO - Processing file /home/sst7260/airflow_projects/project1/env/lib/python3.10/site-packages/airflow/example_dags/plugins/event_listener.py for tasks to queue
[2024-09-09T21:15:23.695+0530] {logging_mixin.py:190} INFO - [2024-09-09T21:15:23.694+0530] {dagbag.py:587} INFO - Filling up the DagBag from /home/sst7260/airflow_projects/project1/env/lib/python3.10/site-packages/airflow/example_dags/plugins/event_listener.py
[2024-09-09T21:15:23.696+0530] {processor.py:927} WARNING - No viable dags retrieved from /home/sst7260/airflow_projects/project1/env/lib/python3.10/site-packages/airflow/example_dags/plugins/event_listener.py
[2024-09-09T21:15:23.704+0530] {processor.py:208} INFO - Processing /home/sst7260/airflow_projects/project1/env/lib/python3.10/site-packages/airflow/example_dags/plugins/event_listener.py took 0.016 seconds
[2024-09-09T21:16:22.328+0530] {processor.py:186} INFO - Started process (PID=132738) to work on /home/sst7260/airflow_projects/project1/env/lib/python3.10/site-packages/airflow/example_dags/plugins/event_listener.py
[2024-09-09T21:16:22.330+0530] {processor.py:914} INFO - Processing file /home/sst7260/airflow_projects/project1/env/lib/python3.10/site-packages/airflow/example_dags/plugins/event_listener.py for tasks to queue
[2024-09-09T21:16:22.331+0530] {logging_mixin.py:190} INFO - [2024-09-09T21:16:22.330+0530] {dagbag.py:587} INFO - Filling up the DagBag from /home/sst7260/airflow_projects/project1/env/lib/python3.10/site-packages/airflow/example_dags/plugins/event_listener.py
[2024-09-09T21:16:22.332+0530] {processor.py:927} WARNING - No viable dags retrieved from /home/sst7260/airflow_projects/project1/env/lib/python3.10/site-packages/airflow/example_dags/plugins/event_listener.py
[2024-09-09T21:16:22.339+0530] {processor.py:208} INFO - Processing /home/sst7260/airflow_projects/project1/env/lib/python3.10/site-packages/airflow/example_dags/plugins/event_listener.py took 0.015 seconds
[2024-09-09T21:17:15.966+0530] {processor.py:186} INFO - Started process (PID=132814) to work on /home/sst7260/airflow_projects/project1/env/lib/python3.10/site-packages/airflow/example_dags/plugins/event_listener.py
[2024-09-09T21:17:15.967+0530] {processor.py:914} INFO - Processing file /home/sst7260/airflow_projects/project1/env/lib/python3.10/site-packages/airflow/example_dags/plugins/event_listener.py for tasks to queue
[2024-09-09T21:17:15.968+0530] {logging_mixin.py:190} INFO - [2024-09-09T21:17:15.968+0530] {dagbag.py:587} INFO - Filling up the DagBag from /home/sst7260/airflow_projects/project1/env/lib/python3.10/site-packages/airflow/example_dags/plugins/event_listener.py
[2024-09-09T21:17:15.969+0530] {processor.py:927} WARNING - No viable dags retrieved from /home/sst7260/airflow_projects/project1/env/lib/python3.10/site-packages/airflow/example_dags/plugins/event_listener.py
[2024-09-09T21:17:15.977+0530] {processor.py:208} INFO - Processing /home/sst7260/airflow_projects/project1/env/lib/python3.10/site-packages/airflow/example_dags/plugins/event_listener.py took 0.015 seconds
[2024-09-09T21:18:10.652+0530] {processor.py:186} INFO - Started process (PID=132877) to work on /home/sst7260/airflow_projects/project1/env/lib/python3.10/site-packages/airflow/example_dags/plugins/event_listener.py
[2024-09-09T21:18:10.662+0530] {processor.py:914} INFO - Processing file /home/sst7260/airflow_projects/project1/env/lib/python3.10/site-packages/airflow/example_dags/plugins/event_listener.py for tasks to queue
[2024-09-09T21:18:10.663+0530] {logging_mixin.py:190} INFO - [2024-09-09T21:18:10.663+0530] {dagbag.py:587} INFO - Filling up the DagBag from /home/sst7260/airflow_projects/project1/env/lib/python3.10/site-packages/airflow/example_dags/plugins/event_listener.py
[2024-09-09T21:18:10.665+0530] {processor.py:927} WARNING - No viable dags retrieved from /home/sst7260/airflow_projects/project1/env/lib/python3.10/site-packages/airflow/example_dags/plugins/event_listener.py
[2024-09-09T21:18:10.671+0530] {processor.py:208} INFO - Processing /home/sst7260/airflow_projects/project1/env/lib/python3.10/site-packages/airflow/example_dags/plugins/event_listener.py took 0.024 seconds
[2024-09-09T21:19:07.313+0530] {processor.py:186} INFO - Started process (PID=132942) to work on /home/sst7260/airflow_projects/project1/env/lib/python3.10/site-packages/airflow/example_dags/plugins/event_listener.py
[2024-09-09T21:19:07.315+0530] {processor.py:914} INFO - Processing file /home/sst7260/airflow_projects/project1/env/lib/python3.10/site-packages/airflow/example_dags/plugins/event_listener.py for tasks to queue
[2024-09-09T21:19:07.316+0530] {logging_mixin.py:190} INFO - [2024-09-09T21:19:07.316+0530] {dagbag.py:587} INFO - Filling up the DagBag from /home/sst7260/airflow_projects/project1/env/lib/python3.10/site-packages/airflow/example_dags/plugins/event_listener.py
[2024-09-09T21:19:07.318+0530] {processor.py:927} WARNING - No viable dags retrieved from /home/sst7260/airflow_projects/project1/env/lib/python3.10/site-packages/airflow/example_dags/plugins/event_listener.py
[2024-09-09T21:19:07.325+0530] {processor.py:208} INFO - Processing /home/sst7260/airflow_projects/project1/env/lib/python3.10/site-packages/airflow/example_dags/plugins/event_listener.py took 0.017 seconds
[2024-09-09T21:20:03.363+0530] {processor.py:186} INFO - Started process (PID=133006) to work on /home/sst7260/airflow_projects/project1/env/lib/python3.10/site-packages/airflow/example_dags/plugins/event_listener.py
[2024-09-09T21:20:03.364+0530] {processor.py:914} INFO - Processing file /home/sst7260/airflow_projects/project1/env/lib/python3.10/site-packages/airflow/example_dags/plugins/event_listener.py for tasks to queue
[2024-09-09T21:20:03.365+0530] {logging_mixin.py:190} INFO - [2024-09-09T21:20:03.365+0530] {dagbag.py:587} INFO - Filling up the DagBag from /home/sst7260/airflow_projects/project1/env/lib/python3.10/site-packages/airflow/example_dags/plugins/event_listener.py
[2024-09-09T21:20:03.367+0530] {processor.py:927} WARNING - No viable dags retrieved from /home/sst7260/airflow_projects/project1/env/lib/python3.10/site-packages/airflow/example_dags/plugins/event_listener.py
[2024-09-09T21:20:03.374+0530] {processor.py:208} INFO - Processing /home/sst7260/airflow_projects/project1/env/lib/python3.10/site-packages/airflow/example_dags/plugins/event_listener.py took 0.015 seconds
[2024-09-09T21:20:57.085+0530] {processor.py:186} INFO - Started process (PID=133161) to work on /home/sst7260/airflow_projects/project1/env/lib/python3.10/site-packages/airflow/example_dags/plugins/event_listener.py
[2024-09-09T21:20:57.087+0530] {processor.py:914} INFO - Processing file /home/sst7260/airflow_projects/project1/env/lib/python3.10/site-packages/airflow/example_dags/plugins/event_listener.py for tasks to queue
[2024-09-09T21:20:57.088+0530] {logging_mixin.py:190} INFO - [2024-09-09T21:20:57.088+0530] {dagbag.py:587} INFO - Filling up the DagBag from /home/sst7260/airflow_projects/project1/env/lib/python3.10/site-packages/airflow/example_dags/plugins/event_listener.py
[2024-09-09T21:20:57.090+0530] {processor.py:927} WARNING - No viable dags retrieved from /home/sst7260/airflow_projects/project1/env/lib/python3.10/site-packages/airflow/example_dags/plugins/event_listener.py
[2024-09-09T21:20:57.099+0530] {processor.py:208} INFO - Processing /home/sst7260/airflow_projects/project1/env/lib/python3.10/site-packages/airflow/example_dags/plugins/event_listener.py took 0.019 seconds
[2024-09-09T21:21:51.832+0530] {processor.py:186} INFO - Started process (PID=133224) to work on /home/sst7260/airflow_projects/project1/env/lib/python3.10/site-packages/airflow/example_dags/plugins/event_listener.py
[2024-09-09T21:21:51.834+0530] {processor.py:914} INFO - Processing file /home/sst7260/airflow_projects/project1/env/lib/python3.10/site-packages/airflow/example_dags/plugins/event_listener.py for tasks to queue
[2024-09-09T21:21:51.835+0530] {logging_mixin.py:190} INFO - [2024-09-09T21:21:51.835+0530] {dagbag.py:587} INFO - Filling up the DagBag from /home/sst7260/airflow_projects/project1/env/lib/python3.10/site-packages/airflow/example_dags/plugins/event_listener.py
[2024-09-09T21:21:51.836+0530] {processor.py:927} WARNING - No viable dags retrieved from /home/sst7260/airflow_projects/project1/env/lib/python3.10/site-packages/airflow/example_dags/plugins/event_listener.py
[2024-09-09T21:21:51.843+0530] {processor.py:208} INFO - Processing /home/sst7260/airflow_projects/project1/env/lib/python3.10/site-packages/airflow/example_dags/plugins/event_listener.py took 0.015 seconds
[2024-09-09T21:22:43.959+0530] {processor.py:186} INFO - Started process (PID=133295) to work on /home/sst7260/airflow_projects/project1/env/lib/python3.10/site-packages/airflow/example_dags/plugins/event_listener.py
[2024-09-09T21:22:43.961+0530] {processor.py:914} INFO - Processing file /home/sst7260/airflow_projects/project1/env/lib/python3.10/site-packages/airflow/example_dags/plugins/event_listener.py for tasks to queue
[2024-09-09T21:22:43.962+0530] {logging_mixin.py:190} INFO - [2024-09-09T21:22:43.962+0530] {dagbag.py:587} INFO - Filling up the DagBag from /home/sst7260/airflow_projects/project1/env/lib/python3.10/site-packages/airflow/example_dags/plugins/event_listener.py
[2024-09-09T21:22:43.964+0530] {processor.py:927} WARNING - No viable dags retrieved from /home/sst7260/airflow_projects/project1/env/lib/python3.10/site-packages/airflow/example_dags/plugins/event_listener.py
[2024-09-09T21:22:43.972+0530] {processor.py:208} INFO - Processing /home/sst7260/airflow_projects/project1/env/lib/python3.10/site-packages/airflow/example_dags/plugins/event_listener.py took 0.018 seconds
[2024-09-09T21:23:37.458+0530] {processor.py:186} INFO - Started process (PID=133358) to work on /home/sst7260/airflow_projects/project1/env/lib/python3.10/site-packages/airflow/example_dags/plugins/event_listener.py
[2024-09-09T21:23:37.462+0530] {processor.py:914} INFO - Processing file /home/sst7260/airflow_projects/project1/env/lib/python3.10/site-packages/airflow/example_dags/plugins/event_listener.py for tasks to queue
[2024-09-09T21:23:37.463+0530] {logging_mixin.py:190} INFO - [2024-09-09T21:23:37.463+0530] {dagbag.py:587} INFO - Filling up the DagBag from /home/sst7260/airflow_projects/project1/env/lib/python3.10/site-packages/airflow/example_dags/plugins/event_listener.py
[2024-09-09T21:23:37.466+0530] {processor.py:927} WARNING - No viable dags retrieved from /home/sst7260/airflow_projects/project1/env/lib/python3.10/site-packages/airflow/example_dags/plugins/event_listener.py
[2024-09-09T21:23:37.473+0530] {processor.py:208} INFO - Processing /home/sst7260/airflow_projects/project1/env/lib/python3.10/site-packages/airflow/example_dags/plugins/event_listener.py took 0.020 seconds
[2024-09-09T21:24:35.278+0530] {processor.py:186} INFO - Started process (PID=133422) to work on /home/sst7260/airflow_projects/project1/env/lib/python3.10/site-packages/airflow/example_dags/plugins/event_listener.py
[2024-09-09T21:24:35.279+0530] {processor.py:914} INFO - Processing file /home/sst7260/airflow_projects/project1/env/lib/python3.10/site-packages/airflow/example_dags/plugins/event_listener.py for tasks to queue
[2024-09-09T21:24:35.280+0530] {logging_mixin.py:190} INFO - [2024-09-09T21:24:35.280+0530] {dagbag.py:587} INFO - Filling up the DagBag from /home/sst7260/airflow_projects/project1/env/lib/python3.10/site-packages/airflow/example_dags/plugins/event_listener.py
[2024-09-09T21:24:35.282+0530] {processor.py:927} WARNING - No viable dags retrieved from /home/sst7260/airflow_projects/project1/env/lib/python3.10/site-packages/airflow/example_dags/plugins/event_listener.py
[2024-09-09T21:24:35.290+0530] {processor.py:208} INFO - Processing /home/sst7260/airflow_projects/project1/env/lib/python3.10/site-packages/airflow/example_dags/plugins/event_listener.py took 0.017 seconds
[2024-09-09T21:25:33.681+0530] {processor.py:186} INFO - Started process (PID=133535) to work on /home/sst7260/airflow_projects/project1/env/lib/python3.10/site-packages/airflow/example_dags/plugins/event_listener.py
[2024-09-09T21:25:33.690+0530] {processor.py:914} INFO - Processing file /home/sst7260/airflow_projects/project1/env/lib/python3.10/site-packages/airflow/example_dags/plugins/event_listener.py for tasks to queue
[2024-09-09T21:25:33.691+0530] {logging_mixin.py:190} INFO - [2024-09-09T21:25:33.691+0530] {dagbag.py:587} INFO - Filling up the DagBag from /home/sst7260/airflow_projects/project1/env/lib/python3.10/site-packages/airflow/example_dags/plugins/event_listener.py
[2024-09-09T21:25:33.693+0530] {processor.py:927} WARNING - No viable dags retrieved from /home/sst7260/airflow_projects/project1/env/lib/python3.10/site-packages/airflow/example_dags/plugins/event_listener.py
[2024-09-09T21:25:33.699+0530] {processor.py:208} INFO - Processing /home/sst7260/airflow_projects/project1/env/lib/python3.10/site-packages/airflow/example_dags/plugins/event_listener.py took 0.022 seconds
[2024-09-09T21:26:31.915+0530] {processor.py:186} INFO - Started process (PID=133645) to work on /home/sst7260/airflow_projects/project1/env/lib/python3.10/site-packages/airflow/example_dags/plugins/event_listener.py
[2024-09-09T21:26:31.917+0530] {processor.py:914} INFO - Processing file /home/sst7260/airflow_projects/project1/env/lib/python3.10/site-packages/airflow/example_dags/plugins/event_listener.py for tasks to queue
[2024-09-09T21:26:31.918+0530] {logging_mixin.py:190} INFO - [2024-09-09T21:26:31.918+0530] {dagbag.py:587} INFO - Filling up the DagBag from /home/sst7260/airflow_projects/project1/env/lib/python3.10/site-packages/airflow/example_dags/plugins/event_listener.py
[2024-09-09T21:26:31.920+0530] {processor.py:927} WARNING - No viable dags retrieved from /home/sst7260/airflow_projects/project1/env/lib/python3.10/site-packages/airflow/example_dags/plugins/event_listener.py
[2024-09-09T21:26:31.927+0530] {processor.py:208} INFO - Processing /home/sst7260/airflow_projects/project1/env/lib/python3.10/site-packages/airflow/example_dags/plugins/event_listener.py took 0.016 seconds
[2024-09-09T21:27:26.753+0530] {processor.py:186} INFO - Started process (PID=133714) to work on /home/sst7260/airflow_projects/project1/env/lib/python3.10/site-packages/airflow/example_dags/plugins/event_listener.py
[2024-09-09T21:27:26.755+0530] {processor.py:914} INFO - Processing file /home/sst7260/airflow_projects/project1/env/lib/python3.10/site-packages/airflow/example_dags/plugins/event_listener.py for tasks to queue
[2024-09-09T21:27:26.756+0530] {logging_mixin.py:190} INFO - [2024-09-09T21:27:26.756+0530] {dagbag.py:587} INFO - Filling up the DagBag from /home/sst7260/airflow_projects/project1/env/lib/python3.10/site-packages/airflow/example_dags/plugins/event_listener.py
[2024-09-09T21:27:26.758+0530] {processor.py:927} WARNING - No viable dags retrieved from /home/sst7260/airflow_projects/project1/env/lib/python3.10/site-packages/airflow/example_dags/plugins/event_listener.py
[2024-09-09T21:27:26.764+0530] {processor.py:208} INFO - Processing /home/sst7260/airflow_projects/project1/env/lib/python3.10/site-packages/airflow/example_dags/plugins/event_listener.py took 0.016 seconds
[2024-09-09T21:28:22.276+0530] {processor.py:186} INFO - Started process (PID=133840) to work on /home/sst7260/airflow_projects/project1/env/lib/python3.10/site-packages/airflow/example_dags/plugins/event_listener.py
[2024-09-09T21:28:22.285+0530] {processor.py:914} INFO - Processing file /home/sst7260/airflow_projects/project1/env/lib/python3.10/site-packages/airflow/example_dags/plugins/event_listener.py for tasks to queue
[2024-09-09T21:28:22.286+0530] {logging_mixin.py:190} INFO - [2024-09-09T21:28:22.286+0530] {dagbag.py:587} INFO - Filling up the DagBag from /home/sst7260/airflow_projects/project1/env/lib/python3.10/site-packages/airflow/example_dags/plugins/event_listener.py
[2024-09-09T21:28:22.289+0530] {processor.py:927} WARNING - No viable dags retrieved from /home/sst7260/airflow_projects/project1/env/lib/python3.10/site-packages/airflow/example_dags/plugins/event_listener.py
[2024-09-09T21:28:22.297+0530] {processor.py:208} INFO - Processing /home/sst7260/airflow_projects/project1/env/lib/python3.10/site-packages/airflow/example_dags/plugins/event_listener.py took 0.026 seconds
[2024-09-09T21:29:19.015+0530] {processor.py:186} INFO - Started process (PID=133905) to work on /home/sst7260/airflow_projects/project1/env/lib/python3.10/site-packages/airflow/example_dags/plugins/event_listener.py
[2024-09-09T21:29:19.016+0530] {processor.py:914} INFO - Processing file /home/sst7260/airflow_projects/project1/env/lib/python3.10/site-packages/airflow/example_dags/plugins/event_listener.py for tasks to queue
[2024-09-09T21:29:19.017+0530] {logging_mixin.py:190} INFO - [2024-09-09T21:29:19.017+0530] {dagbag.py:587} INFO - Filling up the DagBag from /home/sst7260/airflow_projects/project1/env/lib/python3.10/site-packages/airflow/example_dags/plugins/event_listener.py
[2024-09-09T21:29:19.019+0530] {processor.py:927} WARNING - No viable dags retrieved from /home/sst7260/airflow_projects/project1/env/lib/python3.10/site-packages/airflow/example_dags/plugins/event_listener.py
[2024-09-09T21:29:19.025+0530] {processor.py:208} INFO - Processing /home/sst7260/airflow_projects/project1/env/lib/python3.10/site-packages/airflow/example_dags/plugins/event_listener.py took 0.015 seconds
[2024-09-09T21:30:13.630+0530] {processor.py:186} INFO - Started process (PID=133969) to work on /home/sst7260/airflow_projects/project1/env/lib/python3.10/site-packages/airflow/example_dags/plugins/event_listener.py
[2024-09-09T21:30:13.631+0530] {processor.py:914} INFO - Processing file /home/sst7260/airflow_projects/project1/env/lib/python3.10/site-packages/airflow/example_dags/plugins/event_listener.py for tasks to queue
[2024-09-09T21:30:13.632+0530] {logging_mixin.py:190} INFO - [2024-09-09T21:30:13.632+0530] {dagbag.py:587} INFO - Filling up the DagBag from /home/sst7260/airflow_projects/project1/env/lib/python3.10/site-packages/airflow/example_dags/plugins/event_listener.py
[2024-09-09T21:30:13.634+0530] {processor.py:927} WARNING - No viable dags retrieved from /home/sst7260/airflow_projects/project1/env/lib/python3.10/site-packages/airflow/example_dags/plugins/event_listener.py
[2024-09-09T21:30:13.642+0530] {processor.py:208} INFO - Processing /home/sst7260/airflow_projects/project1/env/lib/python3.10/site-packages/airflow/example_dags/plugins/event_listener.py took 0.016 seconds
[2024-09-09T21:31:05.580+0530] {processor.py:186} INFO - Started process (PID=134059) to work on /home/sst7260/airflow_projects/project1/env/lib/python3.10/site-packages/airflow/example_dags/plugins/event_listener.py
[2024-09-09T21:31:05.581+0530] {processor.py:914} INFO - Processing file /home/sst7260/airflow_projects/project1/env/lib/python3.10/site-packages/airflow/example_dags/plugins/event_listener.py for tasks to queue
[2024-09-09T21:31:05.582+0530] {logging_mixin.py:190} INFO - [2024-09-09T21:31:05.582+0530] {dagbag.py:587} INFO - Filling up the DagBag from /home/sst7260/airflow_projects/project1/env/lib/python3.10/site-packages/airflow/example_dags/plugins/event_listener.py
[2024-09-09T21:31:05.584+0530] {processor.py:927} WARNING - No viable dags retrieved from /home/sst7260/airflow_projects/project1/env/lib/python3.10/site-packages/airflow/example_dags/plugins/event_listener.py
[2024-09-09T21:31:05.590+0530] {processor.py:208} INFO - Processing /home/sst7260/airflow_projects/project1/env/lib/python3.10/site-packages/airflow/example_dags/plugins/event_listener.py took 0.014 seconds
[2024-09-09T21:31:59.689+0530] {processor.py:186} INFO - Started process (PID=134126) to work on /home/sst7260/airflow_projects/project1/env/lib/python3.10/site-packages/airflow/example_dags/plugins/event_listener.py
[2024-09-09T21:31:59.692+0530] {processor.py:914} INFO - Processing file /home/sst7260/airflow_projects/project1/env/lib/python3.10/site-packages/airflow/example_dags/plugins/event_listener.py for tasks to queue
[2024-09-09T21:31:59.693+0530] {logging_mixin.py:190} INFO - [2024-09-09T21:31:59.692+0530] {dagbag.py:587} INFO - Filling up the DagBag from /home/sst7260/airflow_projects/project1/env/lib/python3.10/site-packages/airflow/example_dags/plugins/event_listener.py
[2024-09-09T21:31:59.694+0530] {processor.py:927} WARNING - No viable dags retrieved from /home/sst7260/airflow_projects/project1/env/lib/python3.10/site-packages/airflow/example_dags/plugins/event_listener.py
[2024-09-09T21:31:59.701+0530] {processor.py:208} INFO - Processing /home/sst7260/airflow_projects/project1/env/lib/python3.10/site-packages/airflow/example_dags/plugins/event_listener.py took 0.016 seconds
[2024-09-09T21:32:56.029+0530] {processor.py:186} INFO - Started process (PID=134191) to work on /home/sst7260/airflow_projects/project1/env/lib/python3.10/site-packages/airflow/example_dags/plugins/event_listener.py
[2024-09-09T21:32:56.031+0530] {processor.py:914} INFO - Processing file /home/sst7260/airflow_projects/project1/env/lib/python3.10/site-packages/airflow/example_dags/plugins/event_listener.py for tasks to queue
[2024-09-09T21:32:56.032+0530] {logging_mixin.py:190} INFO - [2024-09-09T21:32:56.031+0530] {dagbag.py:587} INFO - Filling up the DagBag from /home/sst7260/airflow_projects/project1/env/lib/python3.10/site-packages/airflow/example_dags/plugins/event_listener.py
[2024-09-09T21:32:56.033+0530] {processor.py:927} WARNING - No viable dags retrieved from /home/sst7260/airflow_projects/project1/env/lib/python3.10/site-packages/airflow/example_dags/plugins/event_listener.py
[2024-09-09T21:32:56.040+0530] {processor.py:208} INFO - Processing /home/sst7260/airflow_projects/project1/env/lib/python3.10/site-packages/airflow/example_dags/plugins/event_listener.py took 0.015 seconds
[2024-09-09T21:33:51.367+0530] {processor.py:186} INFO - Started process (PID=134255) to work on /home/sst7260/airflow_projects/project1/env/lib/python3.10/site-packages/airflow/example_dags/plugins/event_listener.py
[2024-09-09T21:33:51.368+0530] {processor.py:914} INFO - Processing file /home/sst7260/airflow_projects/project1/env/lib/python3.10/site-packages/airflow/example_dags/plugins/event_listener.py for tasks to queue
[2024-09-09T21:33:51.369+0530] {logging_mixin.py:190} INFO - [2024-09-09T21:33:51.368+0530] {dagbag.py:587} INFO - Filling up the DagBag from /home/sst7260/airflow_projects/project1/env/lib/python3.10/site-packages/airflow/example_dags/plugins/event_listener.py
[2024-09-09T21:33:51.371+0530] {processor.py:927} WARNING - No viable dags retrieved from /home/sst7260/airflow_projects/project1/env/lib/python3.10/site-packages/airflow/example_dags/plugins/event_listener.py
[2024-09-09T21:33:51.380+0530] {processor.py:208} INFO - Processing /home/sst7260/airflow_projects/project1/env/lib/python3.10/site-packages/airflow/example_dags/plugins/event_listener.py took 0.019 seconds
[2024-09-09T21:34:44.122+0530] {processor.py:186} INFO - Started process (PID=134316) to work on /home/sst7260/airflow_projects/project1/env/lib/python3.10/site-packages/airflow/example_dags/plugins/event_listener.py
[2024-09-09T21:34:44.124+0530] {processor.py:914} INFO - Processing file /home/sst7260/airflow_projects/project1/env/lib/python3.10/site-packages/airflow/example_dags/plugins/event_listener.py for tasks to queue
[2024-09-09T21:34:44.125+0530] {logging_mixin.py:190} INFO - [2024-09-09T21:34:44.125+0530] {dagbag.py:587} INFO - Filling up the DagBag from /home/sst7260/airflow_projects/project1/env/lib/python3.10/site-packages/airflow/example_dags/plugins/event_listener.py
[2024-09-09T21:34:44.127+0530] {processor.py:927} WARNING - No viable dags retrieved from /home/sst7260/airflow_projects/project1/env/lib/python3.10/site-packages/airflow/example_dags/plugins/event_listener.py
[2024-09-09T21:34:44.136+0530] {processor.py:208} INFO - Processing /home/sst7260/airflow_projects/project1/env/lib/python3.10/site-packages/airflow/example_dags/plugins/event_listener.py took 0.020 seconds
[2024-09-09T21:35:38.418+0530] {processor.py:186} INFO - Started process (PID=134406) to work on /home/sst7260/airflow_projects/project1/env/lib/python3.10/site-packages/airflow/example_dags/plugins/event_listener.py
[2024-09-09T21:35:38.419+0530] {processor.py:914} INFO - Processing file /home/sst7260/airflow_projects/project1/env/lib/python3.10/site-packages/airflow/example_dags/plugins/event_listener.py for tasks to queue
[2024-09-09T21:35:38.420+0530] {logging_mixin.py:190} INFO - [2024-09-09T21:35:38.420+0530] {dagbag.py:587} INFO - Filling up the DagBag from /home/sst7260/airflow_projects/project1/env/lib/python3.10/site-packages/airflow/example_dags/plugins/event_listener.py
[2024-09-09T21:35:38.422+0530] {processor.py:927} WARNING - No viable dags retrieved from /home/sst7260/airflow_projects/project1/env/lib/python3.10/site-packages/airflow/example_dags/plugins/event_listener.py
[2024-09-09T21:35:38.428+0530] {processor.py:208} INFO - Processing /home/sst7260/airflow_projects/project1/env/lib/python3.10/site-packages/airflow/example_dags/plugins/event_listener.py took 0.015 seconds
[2024-09-09T21:36:34.607+0530] {processor.py:186} INFO - Started process (PID=134469) to work on /home/sst7260/airflow_projects/project1/env/lib/python3.10/site-packages/airflow/example_dags/plugins/event_listener.py
[2024-09-09T21:36:34.608+0530] {processor.py:914} INFO - Processing file /home/sst7260/airflow_projects/project1/env/lib/python3.10/site-packages/airflow/example_dags/plugins/event_listener.py for tasks to queue
[2024-09-09T21:36:34.609+0530] {logging_mixin.py:190} INFO - [2024-09-09T21:36:34.609+0530] {dagbag.py:587} INFO - Filling up the DagBag from /home/sst7260/airflow_projects/project1/env/lib/python3.10/site-packages/airflow/example_dags/plugins/event_listener.py
[2024-09-09T21:36:34.611+0530] {processor.py:927} WARNING - No viable dags retrieved from /home/sst7260/airflow_projects/project1/env/lib/python3.10/site-packages/airflow/example_dags/plugins/event_listener.py
[2024-09-09T21:36:34.619+0530] {processor.py:208} INFO - Processing /home/sst7260/airflow_projects/project1/env/lib/python3.10/site-packages/airflow/example_dags/plugins/event_listener.py took 0.016 seconds
[2024-09-09T21:37:29.037+0530] {processor.py:186} INFO - Started process (PID=134540) to work on /home/sst7260/airflow_projects/project1/env/lib/python3.10/site-packages/airflow/example_dags/plugins/event_listener.py
[2024-09-09T21:37:29.040+0530] {processor.py:914} INFO - Processing file /home/sst7260/airflow_projects/project1/env/lib/python3.10/site-packages/airflow/example_dags/plugins/event_listener.py for tasks to queue
[2024-09-09T21:37:29.041+0530] {logging_mixin.py:190} INFO - [2024-09-09T21:37:29.041+0530] {dagbag.py:587} INFO - Filling up the DagBag from /home/sst7260/airflow_projects/project1/env/lib/python3.10/site-packages/airflow/example_dags/plugins/event_listener.py
[2024-09-09T21:37:29.044+0530] {processor.py:927} WARNING - No viable dags retrieved from /home/sst7260/airflow_projects/project1/env/lib/python3.10/site-packages/airflow/example_dags/plugins/event_listener.py
[2024-09-09T21:37:29.051+0530] {processor.py:208} INFO - Processing /home/sst7260/airflow_projects/project1/env/lib/python3.10/site-packages/airflow/example_dags/plugins/event_listener.py took 0.018 seconds
[2024-09-09T21:38:23.722+0530] {processor.py:186} INFO - Started process (PID=134602) to work on /home/sst7260/airflow_projects/project1/env/lib/python3.10/site-packages/airflow/example_dags/plugins/event_listener.py
[2024-09-09T21:38:23.724+0530] {processor.py:914} INFO - Processing file /home/sst7260/airflow_projects/project1/env/lib/python3.10/site-packages/airflow/example_dags/plugins/event_listener.py for tasks to queue
[2024-09-09T21:38:23.725+0530] {logging_mixin.py:190} INFO - [2024-09-09T21:38:23.724+0530] {dagbag.py:587} INFO - Filling up the DagBag from /home/sst7260/airflow_projects/project1/env/lib/python3.10/site-packages/airflow/example_dags/plugins/event_listener.py
[2024-09-09T21:38:23.726+0530] {processor.py:927} WARNING - No viable dags retrieved from /home/sst7260/airflow_projects/project1/env/lib/python3.10/site-packages/airflow/example_dags/plugins/event_listener.py
[2024-09-09T21:38:23.733+0530] {processor.py:208} INFO - Processing /home/sst7260/airflow_projects/project1/env/lib/python3.10/site-packages/airflow/example_dags/plugins/event_listener.py took 0.017 seconds
[2024-09-09T21:39:19.571+0530] {processor.py:186} INFO - Started process (PID=134665) to work on /home/sst7260/airflow_projects/project1/env/lib/python3.10/site-packages/airflow/example_dags/plugins/event_listener.py
[2024-09-09T21:39:19.580+0530] {processor.py:914} INFO - Processing file /home/sst7260/airflow_projects/project1/env/lib/python3.10/site-packages/airflow/example_dags/plugins/event_listener.py for tasks to queue
[2024-09-09T21:39:19.581+0530] {logging_mixin.py:190} INFO - [2024-09-09T21:39:19.581+0530] {dagbag.py:587} INFO - Filling up the DagBag from /home/sst7260/airflow_projects/project1/env/lib/python3.10/site-packages/airflow/example_dags/plugins/event_listener.py
[2024-09-09T21:39:19.582+0530] {processor.py:927} WARNING - No viable dags retrieved from /home/sst7260/airflow_projects/project1/env/lib/python3.10/site-packages/airflow/example_dags/plugins/event_listener.py
[2024-09-09T21:39:19.589+0530] {processor.py:208} INFO - Processing /home/sst7260/airflow_projects/project1/env/lib/python3.10/site-packages/airflow/example_dags/plugins/event_listener.py took 0.022 seconds
[2024-09-09T21:40:13.174+0530] {processor.py:186} INFO - Started process (PID=134728) to work on /home/sst7260/airflow_projects/project1/env/lib/python3.10/site-packages/airflow/example_dags/plugins/event_listener.py
[2024-09-09T21:40:13.183+0530] {processor.py:914} INFO - Processing file /home/sst7260/airflow_projects/project1/env/lib/python3.10/site-packages/airflow/example_dags/plugins/event_listener.py for tasks to queue
[2024-09-09T21:40:13.185+0530] {logging_mixin.py:190} INFO - [2024-09-09T21:40:13.185+0530] {dagbag.py:587} INFO - Filling up the DagBag from /home/sst7260/airflow_projects/project1/env/lib/python3.10/site-packages/airflow/example_dags/plugins/event_listener.py
[2024-09-09T21:40:13.187+0530] {processor.py:927} WARNING - No viable dags retrieved from /home/sst7260/airflow_projects/project1/env/lib/python3.10/site-packages/airflow/example_dags/plugins/event_listener.py
[2024-09-09T21:40:13.194+0530] {processor.py:208} INFO - Processing /home/sst7260/airflow_projects/project1/env/lib/python3.10/site-packages/airflow/example_dags/plugins/event_listener.py took 0.024 seconds
[2024-09-09T21:41:05.587+0530] {processor.py:186} INFO - Started process (PID=134816) to work on /home/sst7260/airflow_projects/project1/env/lib/python3.10/site-packages/airflow/example_dags/plugins/event_listener.py
[2024-09-09T21:41:05.592+0530] {processor.py:914} INFO - Processing file /home/sst7260/airflow_projects/project1/env/lib/python3.10/site-packages/airflow/example_dags/plugins/event_listener.py for tasks to queue
[2024-09-09T21:41:05.592+0530] {logging_mixin.py:190} INFO - [2024-09-09T21:41:05.592+0530] {dagbag.py:587} INFO - Filling up the DagBag from /home/sst7260/airflow_projects/project1/env/lib/python3.10/site-packages/airflow/example_dags/plugins/event_listener.py
[2024-09-09T21:41:05.594+0530] {processor.py:927} WARNING - No viable dags retrieved from /home/sst7260/airflow_projects/project1/env/lib/python3.10/site-packages/airflow/example_dags/plugins/event_listener.py
[2024-09-09T21:41:05.600+0530] {processor.py:208} INFO - Processing /home/sst7260/airflow_projects/project1/env/lib/python3.10/site-packages/airflow/example_dags/plugins/event_listener.py took 0.018 seconds
[2024-09-09T21:41:59.302+0530] {processor.py:186} INFO - Started process (PID=134878) to work on /home/sst7260/airflow_projects/project1/env/lib/python3.10/site-packages/airflow/example_dags/plugins/event_listener.py
[2024-09-09T21:41:59.311+0530] {processor.py:914} INFO - Processing file /home/sst7260/airflow_projects/project1/env/lib/python3.10/site-packages/airflow/example_dags/plugins/event_listener.py for tasks to queue
[2024-09-09T21:41:59.312+0530] {logging_mixin.py:190} INFO - [2024-09-09T21:41:59.311+0530] {dagbag.py:587} INFO - Filling up the DagBag from /home/sst7260/airflow_projects/project1/env/lib/python3.10/site-packages/airflow/example_dags/plugins/event_listener.py
[2024-09-09T21:41:59.314+0530] {processor.py:927} WARNING - No viable dags retrieved from /home/sst7260/airflow_projects/project1/env/lib/python3.10/site-packages/airflow/example_dags/plugins/event_listener.py
[2024-09-09T21:41:59.321+0530] {processor.py:208} INFO - Processing /home/sst7260/airflow_projects/project1/env/lib/python3.10/site-packages/airflow/example_dags/plugins/event_listener.py took 0.023 seconds
[2024-09-09T21:42:58.902+0530] {processor.py:186} INFO - Started process (PID=134955) to work on /home/sst7260/airflow_projects/project1/env/lib/python3.10/site-packages/airflow/example_dags/plugins/event_listener.py
[2024-09-09T21:42:58.906+0530] {processor.py:914} INFO - Processing file /home/sst7260/airflow_projects/project1/env/lib/python3.10/site-packages/airflow/example_dags/plugins/event_listener.py for tasks to queue
[2024-09-09T21:42:58.908+0530] {logging_mixin.py:190} INFO - [2024-09-09T21:42:58.907+0530] {dagbag.py:587} INFO - Filling up the DagBag from /home/sst7260/airflow_projects/project1/env/lib/python3.10/site-packages/airflow/example_dags/plugins/event_listener.py
[2024-09-09T21:42:58.910+0530] {processor.py:927} WARNING - No viable dags retrieved from /home/sst7260/airflow_projects/project1/env/lib/python3.10/site-packages/airflow/example_dags/plugins/event_listener.py
[2024-09-09T21:42:58.916+0530] {processor.py:208} INFO - Processing /home/sst7260/airflow_projects/project1/env/lib/python3.10/site-packages/airflow/example_dags/plugins/event_listener.py took 0.019 seconds
[2024-09-09T21:43:50.429+0530] {processor.py:186} INFO - Started process (PID=135016) to work on /home/sst7260/airflow_projects/project1/env/lib/python3.10/site-packages/airflow/example_dags/plugins/event_listener.py
[2024-09-09T21:43:50.431+0530] {processor.py:914} INFO - Processing file /home/sst7260/airflow_projects/project1/env/lib/python3.10/site-packages/airflow/example_dags/plugins/event_listener.py for tasks to queue
[2024-09-09T21:43:50.432+0530] {logging_mixin.py:190} INFO - [2024-09-09T21:43:50.431+0530] {dagbag.py:587} INFO - Filling up the DagBag from /home/sst7260/airflow_projects/project1/env/lib/python3.10/site-packages/airflow/example_dags/plugins/event_listener.py
[2024-09-09T21:43:50.433+0530] {processor.py:927} WARNING - No viable dags retrieved from /home/sst7260/airflow_projects/project1/env/lib/python3.10/site-packages/airflow/example_dags/plugins/event_listener.py
[2024-09-09T21:43:50.441+0530] {processor.py:208} INFO - Processing /home/sst7260/airflow_projects/project1/env/lib/python3.10/site-packages/airflow/example_dags/plugins/event_listener.py took 0.016 seconds
[2024-09-09T21:44:44.210+0530] {processor.py:186} INFO - Started process (PID=135077) to work on /home/sst7260/airflow_projects/project1/env/lib/python3.10/site-packages/airflow/example_dags/plugins/event_listener.py
[2024-09-09T21:44:44.211+0530] {processor.py:914} INFO - Processing file /home/sst7260/airflow_projects/project1/env/lib/python3.10/site-packages/airflow/example_dags/plugins/event_listener.py for tasks to queue
[2024-09-09T21:44:44.212+0530] {logging_mixin.py:190} INFO - [2024-09-09T21:44:44.212+0530] {dagbag.py:587} INFO - Filling up the DagBag from /home/sst7260/airflow_projects/project1/env/lib/python3.10/site-packages/airflow/example_dags/plugins/event_listener.py
[2024-09-09T21:44:44.214+0530] {processor.py:927} WARNING - No viable dags retrieved from /home/sst7260/airflow_projects/project1/env/lib/python3.10/site-packages/airflow/example_dags/plugins/event_listener.py
[2024-09-09T21:44:44.224+0530] {processor.py:208} INFO - Processing /home/sst7260/airflow_projects/project1/env/lib/python3.10/site-packages/airflow/example_dags/plugins/event_listener.py took 0.020 seconds
[2024-09-09T21:45:37.629+0530] {processor.py:186} INFO - Started process (PID=135166) to work on /home/sst7260/airflow_projects/project1/env/lib/python3.10/site-packages/airflow/example_dags/plugins/event_listener.py
[2024-09-09T21:45:37.631+0530] {processor.py:914} INFO - Processing file /home/sst7260/airflow_projects/project1/env/lib/python3.10/site-packages/airflow/example_dags/plugins/event_listener.py for tasks to queue
[2024-09-09T21:45:37.631+0530] {logging_mixin.py:190} INFO - [2024-09-09T21:45:37.631+0530] {dagbag.py:587} INFO - Filling up the DagBag from /home/sst7260/airflow_projects/project1/env/lib/python3.10/site-packages/airflow/example_dags/plugins/event_listener.py
[2024-09-09T21:45:37.633+0530] {processor.py:927} WARNING - No viable dags retrieved from /home/sst7260/airflow_projects/project1/env/lib/python3.10/site-packages/airflow/example_dags/plugins/event_listener.py
[2024-09-09T21:45:37.639+0530] {processor.py:208} INFO - Processing /home/sst7260/airflow_projects/project1/env/lib/python3.10/site-packages/airflow/example_dags/plugins/event_listener.py took 0.015 seconds
[2024-09-09T21:46:31.414+0530] {processor.py:186} INFO - Started process (PID=135230) to work on /home/sst7260/airflow_projects/project1/env/lib/python3.10/site-packages/airflow/example_dags/plugins/event_listener.py
[2024-09-09T21:46:31.423+0530] {processor.py:914} INFO - Processing file /home/sst7260/airflow_projects/project1/env/lib/python3.10/site-packages/airflow/example_dags/plugins/event_listener.py for tasks to queue
[2024-09-09T21:46:31.424+0530] {logging_mixin.py:190} INFO - [2024-09-09T21:46:31.424+0530] {dagbag.py:587} INFO - Filling up the DagBag from /home/sst7260/airflow_projects/project1/env/lib/python3.10/site-packages/airflow/example_dags/plugins/event_listener.py
[2024-09-09T21:46:31.427+0530] {processor.py:927} WARNING - No viable dags retrieved from /home/sst7260/airflow_projects/project1/env/lib/python3.10/site-packages/airflow/example_dags/plugins/event_listener.py
[2024-09-09T21:46:31.433+0530] {processor.py:208} INFO - Processing /home/sst7260/airflow_projects/project1/env/lib/python3.10/site-packages/airflow/example_dags/plugins/event_listener.py took 0.024 seconds
[2024-09-09T21:47:27.124+0530] {processor.py:186} INFO - Started process (PID=135300) to work on /home/sst7260/airflow_projects/project1/env/lib/python3.10/site-packages/airflow/example_dags/plugins/event_listener.py
[2024-09-09T21:47:27.126+0530] {processor.py:914} INFO - Processing file /home/sst7260/airflow_projects/project1/env/lib/python3.10/site-packages/airflow/example_dags/plugins/event_listener.py for tasks to queue
[2024-09-09T21:47:27.127+0530] {logging_mixin.py:190} INFO - [2024-09-09T21:47:27.127+0530] {dagbag.py:587} INFO - Filling up the DagBag from /home/sst7260/airflow_projects/project1/env/lib/python3.10/site-packages/airflow/example_dags/plugins/event_listener.py
[2024-09-09T21:47:27.128+0530] {processor.py:927} WARNING - No viable dags retrieved from /home/sst7260/airflow_projects/project1/env/lib/python3.10/site-packages/airflow/example_dags/plugins/event_listener.py
[2024-09-09T21:47:27.135+0530] {processor.py:208} INFO - Processing /home/sst7260/airflow_projects/project1/env/lib/python3.10/site-packages/airflow/example_dags/plugins/event_listener.py took 0.015 seconds
[2024-09-09T21:48:18.201+0530] {processor.py:186} INFO - Started process (PID=135360) to work on /home/sst7260/airflow_projects/project1/env/lib/python3.10/site-packages/airflow/example_dags/plugins/event_listener.py
[2024-09-09T21:48:18.203+0530] {processor.py:914} INFO - Processing file /home/sst7260/airflow_projects/project1/env/lib/python3.10/site-packages/airflow/example_dags/plugins/event_listener.py for tasks to queue
[2024-09-09T21:48:18.204+0530] {logging_mixin.py:190} INFO - [2024-09-09T21:48:18.204+0530] {dagbag.py:587} INFO - Filling up the DagBag from /home/sst7260/airflow_projects/project1/env/lib/python3.10/site-packages/airflow/example_dags/plugins/event_listener.py
[2024-09-09T21:48:18.206+0530] {processor.py:927} WARNING - No viable dags retrieved from /home/sst7260/airflow_projects/project1/env/lib/python3.10/site-packages/airflow/example_dags/plugins/event_listener.py
[2024-09-09T21:48:18.213+0530] {processor.py:208} INFO - Processing /home/sst7260/airflow_projects/project1/env/lib/python3.10/site-packages/airflow/example_dags/plugins/event_listener.py took 0.016 seconds
[2024-09-09T21:49:10.435+0530] {processor.py:186} INFO - Started process (PID=135423) to work on /home/sst7260/airflow_projects/project1/env/lib/python3.10/site-packages/airflow/example_dags/plugins/event_listener.py
[2024-09-09T21:49:10.444+0530] {processor.py:914} INFO - Processing file /home/sst7260/airflow_projects/project1/env/lib/python3.10/site-packages/airflow/example_dags/plugins/event_listener.py for tasks to queue
[2024-09-09T21:49:10.445+0530] {logging_mixin.py:190} INFO - [2024-09-09T21:49:10.445+0530] {dagbag.py:587} INFO - Filling up the DagBag from /home/sst7260/airflow_projects/project1/env/lib/python3.10/site-packages/airflow/example_dags/plugins/event_listener.py
[2024-09-09T21:49:10.447+0530] {processor.py:927} WARNING - No viable dags retrieved from /home/sst7260/airflow_projects/project1/env/lib/python3.10/site-packages/airflow/example_dags/plugins/event_listener.py
[2024-09-09T21:49:10.453+0530] {processor.py:208} INFO - Processing /home/sst7260/airflow_projects/project1/env/lib/python3.10/site-packages/airflow/example_dags/plugins/event_listener.py took 0.022 seconds
[2024-09-09T21:50:04.482+0530] {processor.py:186} INFO - Started process (PID=135485) to work on /home/sst7260/airflow_projects/project1/env/lib/python3.10/site-packages/airflow/example_dags/plugins/event_listener.py
[2024-09-09T21:50:04.483+0530] {processor.py:914} INFO - Processing file /home/sst7260/airflow_projects/project1/env/lib/python3.10/site-packages/airflow/example_dags/plugins/event_listener.py for tasks to queue
[2024-09-09T21:50:04.484+0530] {logging_mixin.py:190} INFO - [2024-09-09T21:50:04.484+0530] {dagbag.py:587} INFO - Filling up the DagBag from /home/sst7260/airflow_projects/project1/env/lib/python3.10/site-packages/airflow/example_dags/plugins/event_listener.py
[2024-09-09T21:50:04.486+0530] {processor.py:927} WARNING - No viable dags retrieved from /home/sst7260/airflow_projects/project1/env/lib/python3.10/site-packages/airflow/example_dags/plugins/event_listener.py
[2024-09-09T21:50:04.493+0530] {processor.py:208} INFO - Processing /home/sst7260/airflow_projects/project1/env/lib/python3.10/site-packages/airflow/example_dags/plugins/event_listener.py took 0.016 seconds
[2024-09-09T21:51:00.057+0530] {processor.py:186} INFO - Started process (PID=135576) to work on /home/sst7260/airflow_projects/project1/env/lib/python3.10/site-packages/airflow/example_dags/plugins/event_listener.py
[2024-09-09T21:51:00.062+0530] {processor.py:914} INFO - Processing file /home/sst7260/airflow_projects/project1/env/lib/python3.10/site-packages/airflow/example_dags/plugins/event_listener.py for tasks to queue
[2024-09-09T21:51:00.064+0530] {logging_mixin.py:190} INFO - [2024-09-09T21:51:00.063+0530] {dagbag.py:587} INFO - Filling up the DagBag from /home/sst7260/airflow_projects/project1/env/lib/python3.10/site-packages/airflow/example_dags/plugins/event_listener.py
[2024-09-09T21:51:00.065+0530] {processor.py:927} WARNING - No viable dags retrieved from /home/sst7260/airflow_projects/project1/env/lib/python3.10/site-packages/airflow/example_dags/plugins/event_listener.py
[2024-09-09T21:51:00.072+0530] {processor.py:208} INFO - Processing /home/sst7260/airflow_projects/project1/env/lib/python3.10/site-packages/airflow/example_dags/plugins/event_listener.py took 0.019 seconds
[2024-09-09T21:51:52.802+0530] {processor.py:186} INFO - Started process (PID=135637) to work on /home/sst7260/airflow_projects/project1/env/lib/python3.10/site-packages/airflow/example_dags/plugins/event_listener.py
[2024-09-09T21:51:52.810+0530] {processor.py:914} INFO - Processing file /home/sst7260/airflow_projects/project1/env/lib/python3.10/site-packages/airflow/example_dags/plugins/event_listener.py for tasks to queue
[2024-09-09T21:51:52.812+0530] {logging_mixin.py:190} INFO - [2024-09-09T21:51:52.812+0530] {dagbag.py:587} INFO - Filling up the DagBag from /home/sst7260/airflow_projects/project1/env/lib/python3.10/site-packages/airflow/example_dags/plugins/event_listener.py
[2024-09-09T21:51:52.814+0530] {processor.py:927} WARNING - No viable dags retrieved from /home/sst7260/airflow_projects/project1/env/lib/python3.10/site-packages/airflow/example_dags/plugins/event_listener.py
[2024-09-09T21:51:52.821+0530] {processor.py:208} INFO - Processing /home/sst7260/airflow_projects/project1/env/lib/python3.10/site-packages/airflow/example_dags/plugins/event_listener.py took 0.024 seconds
