[2024-09-09T20:46:01.461+0530] {processor.py:186} INFO - Started process (PID=128078) to work on /home/sst7260/airflow_projects/project1/env/lib/python3.10/site-packages/airflow/example_dags/plugins/listener_plugin.py
[2024-09-09T20:46:01.461+0530] {processor.py:914} INFO - Processing file /home/sst7260/airflow_projects/project1/env/lib/python3.10/site-packages/airflow/example_dags/plugins/listener_plugin.py for tasks to queue
[2024-09-09T20:46:01.465+0530] {logging_mixin.py:190} INFO - [2024-09-09T20:46:01.463+0530] {dagbag.py:587} INFO - Filling up the DagBag from /home/sst7260/airflow_projects/project1/env/lib/python3.10/site-packages/airflow/example_dags/plugins/listener_plugin.py
[2024-09-09T20:46:01.467+0530] {processor.py:927} WARNING - No viable dags retrieved from /home/sst7260/airflow_projects/project1/env/lib/python3.10/site-packages/airflow/example_dags/plugins/listener_plugin.py
[2024-09-09T20:46:01.479+0530] {processor.py:208} INFO - Processing /home/sst7260/airflow_projects/project1/env/lib/python3.10/site-packages/airflow/example_dags/plugins/listener_plugin.py took 0.025 seconds
[2024-09-09T20:47:20.287+0530] {processor.py:186} INFO - Started process (PID=128534) to work on /home/sst7260/airflow_projects/project1/env/lib/python3.10/site-packages/airflow/example_dags/plugins/listener_plugin.py
[2024-09-09T20:47:20.292+0530] {processor.py:914} INFO - Processing file /home/sst7260/airflow_projects/project1/env/lib/python3.10/site-packages/airflow/example_dags/plugins/listener_plugin.py for tasks to queue
[2024-09-09T20:47:20.294+0530] {logging_mixin.py:190} INFO - [2024-09-09T20:47:20.294+0530] {dagbag.py:587} INFO - Filling up the DagBag from /home/sst7260/airflow_projects/project1/env/lib/python3.10/site-packages/airflow/example_dags/plugins/listener_plugin.py
[2024-09-09T20:47:20.296+0530] {processor.py:927} WARNING - No viable dags retrieved from /home/sst7260/airflow_projects/project1/env/lib/python3.10/site-packages/airflow/example_dags/plugins/listener_plugin.py
[2024-09-09T20:47:20.303+0530] {processor.py:208} INFO - Processing /home/sst7260/airflow_projects/project1/env/lib/python3.10/site-packages/airflow/example_dags/plugins/listener_plugin.py took 0.020 seconds
[2024-09-09T20:48:16.969+0530] {processor.py:186} INFO - Started process (PID=128600) to work on /home/sst7260/airflow_projects/project1/env/lib/python3.10/site-packages/airflow/example_dags/plugins/listener_plugin.py
[2024-09-09T20:48:16.971+0530] {processor.py:914} INFO - Processing file /home/sst7260/airflow_projects/project1/env/lib/python3.10/site-packages/airflow/example_dags/plugins/listener_plugin.py for tasks to queue
[2024-09-09T20:48:16.972+0530] {logging_mixin.py:190} INFO - [2024-09-09T20:48:16.972+0530] {dagbag.py:587} INFO - Filling up the DagBag from /home/sst7260/airflow_projects/project1/env/lib/python3.10/site-packages/airflow/example_dags/plugins/listener_plugin.py
[2024-09-09T20:48:16.974+0530] {processor.py:927} WARNING - No viable dags retrieved from /home/sst7260/airflow_projects/project1/env/lib/python3.10/site-packages/airflow/example_dags/plugins/listener_plugin.py
[2024-09-09T20:48:16.980+0530] {processor.py:208} INFO - Processing /home/sst7260/airflow_projects/project1/env/lib/python3.10/site-packages/airflow/example_dags/plugins/listener_plugin.py took 0.015 seconds
[2024-09-09T20:49:17.219+0530] {processor.py:186} INFO - Started process (PID=128677) to work on /home/sst7260/airflow_projects/project1/env/lib/python3.10/site-packages/airflow/example_dags/plugins/listener_plugin.py
[2024-09-09T20:49:17.221+0530] {processor.py:914} INFO - Processing file /home/sst7260/airflow_projects/project1/env/lib/python3.10/site-packages/airflow/example_dags/plugins/listener_plugin.py for tasks to queue
[2024-09-09T20:49:17.222+0530] {logging_mixin.py:190} INFO - [2024-09-09T20:49:17.222+0530] {dagbag.py:587} INFO - Filling up the DagBag from /home/sst7260/airflow_projects/project1/env/lib/python3.10/site-packages/airflow/example_dags/plugins/listener_plugin.py
[2024-09-09T20:49:17.223+0530] {processor.py:927} WARNING - No viable dags retrieved from /home/sst7260/airflow_projects/project1/env/lib/python3.10/site-packages/airflow/example_dags/plugins/listener_plugin.py
[2024-09-09T20:49:17.230+0530] {processor.py:208} INFO - Processing /home/sst7260/airflow_projects/project1/env/lib/python3.10/site-packages/airflow/example_dags/plugins/listener_plugin.py took 0.016 seconds
[2024-09-09T20:50:09.423+0530] {processor.py:186} INFO - Started process (PID=128741) to work on /home/sst7260/airflow_projects/project1/env/lib/python3.10/site-packages/airflow/example_dags/plugins/listener_plugin.py
[2024-09-09T20:50:09.424+0530] {processor.py:914} INFO - Processing file /home/sst7260/airflow_projects/project1/env/lib/python3.10/site-packages/airflow/example_dags/plugins/listener_plugin.py for tasks to queue
[2024-09-09T20:50:09.426+0530] {logging_mixin.py:190} INFO - [2024-09-09T20:50:09.425+0530] {dagbag.py:587} INFO - Filling up the DagBag from /home/sst7260/airflow_projects/project1/env/lib/python3.10/site-packages/airflow/example_dags/plugins/listener_plugin.py
[2024-09-09T20:50:09.427+0530] {processor.py:927} WARNING - No viable dags retrieved from /home/sst7260/airflow_projects/project1/env/lib/python3.10/site-packages/airflow/example_dags/plugins/listener_plugin.py
[2024-09-09T20:50:09.434+0530] {processor.py:208} INFO - Processing /home/sst7260/airflow_projects/project1/env/lib/python3.10/site-packages/airflow/example_dags/plugins/listener_plugin.py took 0.016 seconds
[2024-09-09T20:51:02.248+0530] {processor.py:186} INFO - Started process (PID=128830) to work on /home/sst7260/airflow_projects/project1/env/lib/python3.10/site-packages/airflow/example_dags/plugins/listener_plugin.py
[2024-09-09T20:51:02.250+0530] {processor.py:914} INFO - Processing file /home/sst7260/airflow_projects/project1/env/lib/python3.10/site-packages/airflow/example_dags/plugins/listener_plugin.py for tasks to queue
[2024-09-09T20:51:02.252+0530] {logging_mixin.py:190} INFO - [2024-09-09T20:51:02.252+0530] {dagbag.py:587} INFO - Filling up the DagBag from /home/sst7260/airflow_projects/project1/env/lib/python3.10/site-packages/airflow/example_dags/plugins/listener_plugin.py
[2024-09-09T20:51:02.254+0530] {processor.py:927} WARNING - No viable dags retrieved from /home/sst7260/airflow_projects/project1/env/lib/python3.10/site-packages/airflow/example_dags/plugins/listener_plugin.py
[2024-09-09T20:51:02.261+0530] {processor.py:208} INFO - Processing /home/sst7260/airflow_projects/project1/env/lib/python3.10/site-packages/airflow/example_dags/plugins/listener_plugin.py took 0.020 seconds
[2024-09-09T20:51:56.336+0530] {processor.py:186} INFO - Started process (PID=129015) to work on /home/sst7260/airflow_projects/project1/env/lib/python3.10/site-packages/airflow/example_dags/plugins/listener_plugin.py
[2024-09-09T20:51:56.339+0530] {processor.py:914} INFO - Processing file /home/sst7260/airflow_projects/project1/env/lib/python3.10/site-packages/airflow/example_dags/plugins/listener_plugin.py for tasks to queue
[2024-09-09T20:51:56.343+0530] {logging_mixin.py:190} INFO - [2024-09-09T20:51:56.343+0530] {dagbag.py:587} INFO - Filling up the DagBag from /home/sst7260/airflow_projects/project1/env/lib/python3.10/site-packages/airflow/example_dags/plugins/listener_plugin.py
[2024-09-09T20:51:56.345+0530] {processor.py:927} WARNING - No viable dags retrieved from /home/sst7260/airflow_projects/project1/env/lib/python3.10/site-packages/airflow/example_dags/plugins/listener_plugin.py
[2024-09-09T20:51:56.359+0530] {processor.py:208} INFO - Processing /home/sst7260/airflow_projects/project1/env/lib/python3.10/site-packages/airflow/example_dags/plugins/listener_plugin.py took 0.030 seconds
[2024-09-09T20:52:55.254+0530] {processor.py:186} INFO - Started process (PID=129396) to work on /home/sst7260/airflow_projects/project1/env/lib/python3.10/site-packages/airflow/example_dags/plugins/listener_plugin.py
[2024-09-09T20:52:55.255+0530] {processor.py:914} INFO - Processing file /home/sst7260/airflow_projects/project1/env/lib/python3.10/site-packages/airflow/example_dags/plugins/listener_plugin.py for tasks to queue
[2024-09-09T20:52:55.258+0530] {logging_mixin.py:190} INFO - [2024-09-09T20:52:55.257+0530] {dagbag.py:587} INFO - Filling up the DagBag from /home/sst7260/airflow_projects/project1/env/lib/python3.10/site-packages/airflow/example_dags/plugins/listener_plugin.py
[2024-09-09T20:52:55.261+0530] {processor.py:927} WARNING - No viable dags retrieved from /home/sst7260/airflow_projects/project1/env/lib/python3.10/site-packages/airflow/example_dags/plugins/listener_plugin.py
[2024-09-09T20:52:55.274+0530] {processor.py:208} INFO - Processing /home/sst7260/airflow_projects/project1/env/lib/python3.10/site-packages/airflow/example_dags/plugins/listener_plugin.py took 0.028 seconds
[2024-09-09T20:54:02.871+0530] {processor.py:186} INFO - Started process (PID=129693) to work on /home/sst7260/airflow_projects/project1/env/lib/python3.10/site-packages/airflow/example_dags/plugins/listener_plugin.py
[2024-09-09T20:54:02.873+0530] {processor.py:914} INFO - Processing file /home/sst7260/airflow_projects/project1/env/lib/python3.10/site-packages/airflow/example_dags/plugins/listener_plugin.py for tasks to queue
[2024-09-09T20:54:02.875+0530] {logging_mixin.py:190} INFO - [2024-09-09T20:54:02.875+0530] {dagbag.py:587} INFO - Filling up the DagBag from /home/sst7260/airflow_projects/project1/env/lib/python3.10/site-packages/airflow/example_dags/plugins/listener_plugin.py
[2024-09-09T20:54:02.877+0530] {processor.py:927} WARNING - No viable dags retrieved from /home/sst7260/airflow_projects/project1/env/lib/python3.10/site-packages/airflow/example_dags/plugins/listener_plugin.py
[2024-09-09T20:54:02.890+0530] {processor.py:208} INFO - Processing /home/sst7260/airflow_projects/project1/env/lib/python3.10/site-packages/airflow/example_dags/plugins/listener_plugin.py took 0.023 seconds
[2024-09-09T20:55:10.619+0530] {processor.py:186} INFO - Started process (PID=130042) to work on /home/sst7260/airflow_projects/project1/env/lib/python3.10/site-packages/airflow/example_dags/plugins/listener_plugin.py
[2024-09-09T20:55:10.621+0530] {processor.py:914} INFO - Processing file /home/sst7260/airflow_projects/project1/env/lib/python3.10/site-packages/airflow/example_dags/plugins/listener_plugin.py for tasks to queue
[2024-09-09T20:55:10.622+0530] {logging_mixin.py:190} INFO - [2024-09-09T20:55:10.622+0530] {dagbag.py:587} INFO - Filling up the DagBag from /home/sst7260/airflow_projects/project1/env/lib/python3.10/site-packages/airflow/example_dags/plugins/listener_plugin.py
[2024-09-09T20:55:10.624+0530] {processor.py:927} WARNING - No viable dags retrieved from /home/sst7260/airflow_projects/project1/env/lib/python3.10/site-packages/airflow/example_dags/plugins/listener_plugin.py
[2024-09-09T20:55:10.633+0530] {processor.py:208} INFO - Processing /home/sst7260/airflow_projects/project1/env/lib/python3.10/site-packages/airflow/example_dags/plugins/listener_plugin.py took 0.019 seconds
[2024-09-09T20:56:04.022+0530] {processor.py:186} INFO - Started process (PID=130152) to work on /home/sst7260/airflow_projects/project1/env/lib/python3.10/site-packages/airflow/example_dags/plugins/listener_plugin.py
[2024-09-09T20:56:04.024+0530] {processor.py:914} INFO - Processing file /home/sst7260/airflow_projects/project1/env/lib/python3.10/site-packages/airflow/example_dags/plugins/listener_plugin.py for tasks to queue
[2024-09-09T20:56:04.026+0530] {logging_mixin.py:190} INFO - [2024-09-09T20:56:04.026+0530] {dagbag.py:587} INFO - Filling up the DagBag from /home/sst7260/airflow_projects/project1/env/lib/python3.10/site-packages/airflow/example_dags/plugins/listener_plugin.py
[2024-09-09T20:56:04.028+0530] {processor.py:927} WARNING - No viable dags retrieved from /home/sst7260/airflow_projects/project1/env/lib/python3.10/site-packages/airflow/example_dags/plugins/listener_plugin.py
[2024-09-09T20:56:04.040+0530] {processor.py:208} INFO - Processing /home/sst7260/airflow_projects/project1/env/lib/python3.10/site-packages/airflow/example_dags/plugins/listener_plugin.py took 0.027 seconds
[2024-09-09T20:56:58.132+0530] {processor.py:186} INFO - Started process (PID=130416) to work on /home/sst7260/airflow_projects/project1/env/lib/python3.10/site-packages/airflow/example_dags/plugins/listener_plugin.py
[2024-09-09T20:56:58.134+0530] {processor.py:914} INFO - Processing file /home/sst7260/airflow_projects/project1/env/lib/python3.10/site-packages/airflow/example_dags/plugins/listener_plugin.py for tasks to queue
[2024-09-09T20:56:58.135+0530] {logging_mixin.py:190} INFO - [2024-09-09T20:56:58.135+0530] {dagbag.py:587} INFO - Filling up the DagBag from /home/sst7260/airflow_projects/project1/env/lib/python3.10/site-packages/airflow/example_dags/plugins/listener_plugin.py
[2024-09-09T20:56:58.137+0530] {processor.py:927} WARNING - No viable dags retrieved from /home/sst7260/airflow_projects/project1/env/lib/python3.10/site-packages/airflow/example_dags/plugins/listener_plugin.py
[2024-09-09T20:56:58.145+0530] {processor.py:208} INFO - Processing /home/sst7260/airflow_projects/project1/env/lib/python3.10/site-packages/airflow/example_dags/plugins/listener_plugin.py took 0.017 seconds
[2024-09-09T20:57:53.459+0530] {processor.py:186} INFO - Started process (PID=130487) to work on /home/sst7260/airflow_projects/project1/env/lib/python3.10/site-packages/airflow/example_dags/plugins/listener_plugin.py
[2024-09-09T20:57:53.461+0530] {processor.py:914} INFO - Processing file /home/sst7260/airflow_projects/project1/env/lib/python3.10/site-packages/airflow/example_dags/plugins/listener_plugin.py for tasks to queue
[2024-09-09T20:57:53.462+0530] {logging_mixin.py:190} INFO - [2024-09-09T20:57:53.462+0530] {dagbag.py:587} INFO - Filling up the DagBag from /home/sst7260/airflow_projects/project1/env/lib/python3.10/site-packages/airflow/example_dags/plugins/listener_plugin.py
[2024-09-09T20:57:53.464+0530] {processor.py:927} WARNING - No viable dags retrieved from /home/sst7260/airflow_projects/project1/env/lib/python3.10/site-packages/airflow/example_dags/plugins/listener_plugin.py
[2024-09-09T20:57:53.471+0530] {processor.py:208} INFO - Processing /home/sst7260/airflow_projects/project1/env/lib/python3.10/site-packages/airflow/example_dags/plugins/listener_plugin.py took 0.017 seconds
[2024-09-09T20:58:46.525+0530] {processor.py:186} INFO - Started process (PID=130583) to work on /home/sst7260/airflow_projects/project1/env/lib/python3.10/site-packages/airflow/example_dags/plugins/listener_plugin.py
[2024-09-09T20:58:46.530+0530] {processor.py:914} INFO - Processing file /home/sst7260/airflow_projects/project1/env/lib/python3.10/site-packages/airflow/example_dags/plugins/listener_plugin.py for tasks to queue
[2024-09-09T20:58:46.534+0530] {logging_mixin.py:190} INFO - [2024-09-09T20:58:46.532+0530] {dagbag.py:587} INFO - Filling up the DagBag from /home/sst7260/airflow_projects/project1/env/lib/python3.10/site-packages/airflow/example_dags/plugins/listener_plugin.py
[2024-09-09T20:58:46.536+0530] {processor.py:927} WARNING - No viable dags retrieved from /home/sst7260/airflow_projects/project1/env/lib/python3.10/site-packages/airflow/example_dags/plugins/listener_plugin.py
[2024-09-09T20:58:46.552+0530] {processor.py:208} INFO - Processing /home/sst7260/airflow_projects/project1/env/lib/python3.10/site-packages/airflow/example_dags/plugins/listener_plugin.py took 0.032 seconds
[2024-09-09T20:59:43.549+0530] {processor.py:186} INFO - Started process (PID=130777) to work on /home/sst7260/airflow_projects/project1/env/lib/python3.10/site-packages/airflow/example_dags/plugins/listener_plugin.py
[2024-09-09T20:59:43.559+0530] {processor.py:914} INFO - Processing file /home/sst7260/airflow_projects/project1/env/lib/python3.10/site-packages/airflow/example_dags/plugins/listener_plugin.py for tasks to queue
[2024-09-09T20:59:43.561+0530] {logging_mixin.py:190} INFO - [2024-09-09T20:59:43.560+0530] {dagbag.py:587} INFO - Filling up the DagBag from /home/sst7260/airflow_projects/project1/env/lib/python3.10/site-packages/airflow/example_dags/plugins/listener_plugin.py
[2024-09-09T20:59:43.562+0530] {processor.py:927} WARNING - No viable dags retrieved from /home/sst7260/airflow_projects/project1/env/lib/python3.10/site-packages/airflow/example_dags/plugins/listener_plugin.py
[2024-09-09T20:59:43.575+0530] {processor.py:208} INFO - Processing /home/sst7260/airflow_projects/project1/env/lib/python3.10/site-packages/airflow/example_dags/plugins/listener_plugin.py took 0.030 seconds
[2024-09-09T21:00:38.994+0530] {processor.py:186} INFO - Started process (PID=130993) to work on /home/sst7260/airflow_projects/project1/env/lib/python3.10/site-packages/airflow/example_dags/plugins/listener_plugin.py
[2024-09-09T21:00:38.996+0530] {processor.py:914} INFO - Processing file /home/sst7260/airflow_projects/project1/env/lib/python3.10/site-packages/airflow/example_dags/plugins/listener_plugin.py for tasks to queue
[2024-09-09T21:00:38.997+0530] {logging_mixin.py:190} INFO - [2024-09-09T21:00:38.997+0530] {dagbag.py:587} INFO - Filling up the DagBag from /home/sst7260/airflow_projects/project1/env/lib/python3.10/site-packages/airflow/example_dags/plugins/listener_plugin.py
[2024-09-09T21:00:38.999+0530] {processor.py:927} WARNING - No viable dags retrieved from /home/sst7260/airflow_projects/project1/env/lib/python3.10/site-packages/airflow/example_dags/plugins/listener_plugin.py
[2024-09-09T21:00:39.011+0530] {processor.py:208} INFO - Processing /home/sst7260/airflow_projects/project1/env/lib/python3.10/site-packages/airflow/example_dags/plugins/listener_plugin.py took 0.026 seconds
[2024-09-09T21:01:37.373+0530] {processor.py:186} INFO - Started process (PID=131254) to work on /home/sst7260/airflow_projects/project1/env/lib/python3.10/site-packages/airflow/example_dags/plugins/listener_plugin.py
[2024-09-09T21:01:37.383+0530] {processor.py:914} INFO - Processing file /home/sst7260/airflow_projects/project1/env/lib/python3.10/site-packages/airflow/example_dags/plugins/listener_plugin.py for tasks to queue
[2024-09-09T21:01:37.385+0530] {logging_mixin.py:190} INFO - [2024-09-09T21:01:37.384+0530] {dagbag.py:587} INFO - Filling up the DagBag from /home/sst7260/airflow_projects/project1/env/lib/python3.10/site-packages/airflow/example_dags/plugins/listener_plugin.py
[2024-09-09T21:01:37.387+0530] {processor.py:927} WARNING - No viable dags retrieved from /home/sst7260/airflow_projects/project1/env/lib/python3.10/site-packages/airflow/example_dags/plugins/listener_plugin.py
[2024-09-09T21:01:37.394+0530] {processor.py:208} INFO - Processing /home/sst7260/airflow_projects/project1/env/lib/python3.10/site-packages/airflow/example_dags/plugins/listener_plugin.py took 0.025 seconds
[2024-09-09T21:02:33.601+0530] {processor.py:186} INFO - Started process (PID=131392) to work on /home/sst7260/airflow_projects/project1/env/lib/python3.10/site-packages/airflow/example_dags/plugins/listener_plugin.py
[2024-09-09T21:02:33.602+0530] {processor.py:914} INFO - Processing file /home/sst7260/airflow_projects/project1/env/lib/python3.10/site-packages/airflow/example_dags/plugins/listener_plugin.py for tasks to queue
[2024-09-09T21:02:33.604+0530] {logging_mixin.py:190} INFO - [2024-09-09T21:02:33.603+0530] {dagbag.py:587} INFO - Filling up the DagBag from /home/sst7260/airflow_projects/project1/env/lib/python3.10/site-packages/airflow/example_dags/plugins/listener_plugin.py
[2024-09-09T21:02:33.606+0530] {processor.py:927} WARNING - No viable dags retrieved from /home/sst7260/airflow_projects/project1/env/lib/python3.10/site-packages/airflow/example_dags/plugins/listener_plugin.py
[2024-09-09T21:02:33.616+0530] {processor.py:208} INFO - Processing /home/sst7260/airflow_projects/project1/env/lib/python3.10/site-packages/airflow/example_dags/plugins/listener_plugin.py took 0.021 seconds
[2024-09-09T21:03:29.515+0530] {processor.py:186} INFO - Started process (PID=131516) to work on /home/sst7260/airflow_projects/project1/env/lib/python3.10/site-packages/airflow/example_dags/plugins/listener_plugin.py
[2024-09-09T21:03:29.516+0530] {processor.py:914} INFO - Processing file /home/sst7260/airflow_projects/project1/env/lib/python3.10/site-packages/airflow/example_dags/plugins/listener_plugin.py for tasks to queue
[2024-09-09T21:03:29.518+0530] {logging_mixin.py:190} INFO - [2024-09-09T21:03:29.517+0530] {dagbag.py:587} INFO - Filling up the DagBag from /home/sst7260/airflow_projects/project1/env/lib/python3.10/site-packages/airflow/example_dags/plugins/listener_plugin.py
[2024-09-09T21:03:29.519+0530] {processor.py:927} WARNING - No viable dags retrieved from /home/sst7260/airflow_projects/project1/env/lib/python3.10/site-packages/airflow/example_dags/plugins/listener_plugin.py
[2024-09-09T21:03:29.527+0530] {processor.py:208} INFO - Processing /home/sst7260/airflow_projects/project1/env/lib/python3.10/site-packages/airflow/example_dags/plugins/listener_plugin.py took 0.017 seconds
[2024-09-09T21:04:25.456+0530] {processor.py:186} INFO - Started process (PID=131581) to work on /home/sst7260/airflow_projects/project1/env/lib/python3.10/site-packages/airflow/example_dags/plugins/listener_plugin.py
[2024-09-09T21:04:25.459+0530] {processor.py:914} INFO - Processing file /home/sst7260/airflow_projects/project1/env/lib/python3.10/site-packages/airflow/example_dags/plugins/listener_plugin.py for tasks to queue
[2024-09-09T21:04:25.460+0530] {logging_mixin.py:190} INFO - [2024-09-09T21:04:25.459+0530] {dagbag.py:587} INFO - Filling up the DagBag from /home/sst7260/airflow_projects/project1/env/lib/python3.10/site-packages/airflow/example_dags/plugins/listener_plugin.py
[2024-09-09T21:04:25.462+0530] {processor.py:927} WARNING - No viable dags retrieved from /home/sst7260/airflow_projects/project1/env/lib/python3.10/site-packages/airflow/example_dags/plugins/listener_plugin.py
[2024-09-09T21:04:25.470+0530] {processor.py:208} INFO - Processing /home/sst7260/airflow_projects/project1/env/lib/python3.10/site-packages/airflow/example_dags/plugins/listener_plugin.py took 0.019 seconds
[2024-09-09T21:05:22.826+0530] {processor.py:186} INFO - Started process (PID=131792) to work on /home/sst7260/airflow_projects/project1/env/lib/python3.10/site-packages/airflow/example_dags/plugins/listener_plugin.py
[2024-09-09T21:05:22.827+0530] {processor.py:914} INFO - Processing file /home/sst7260/airflow_projects/project1/env/lib/python3.10/site-packages/airflow/example_dags/plugins/listener_plugin.py for tasks to queue
[2024-09-09T21:05:22.828+0530] {logging_mixin.py:190} INFO - [2024-09-09T21:05:22.828+0530] {dagbag.py:587} INFO - Filling up the DagBag from /home/sst7260/airflow_projects/project1/env/lib/python3.10/site-packages/airflow/example_dags/plugins/listener_plugin.py
[2024-09-09T21:05:22.830+0530] {processor.py:927} WARNING - No viable dags retrieved from /home/sst7260/airflow_projects/project1/env/lib/python3.10/site-packages/airflow/example_dags/plugins/listener_plugin.py
[2024-09-09T21:05:22.838+0530] {processor.py:208} INFO - Processing /home/sst7260/airflow_projects/project1/env/lib/python3.10/site-packages/airflow/example_dags/plugins/listener_plugin.py took 0.017 seconds
[2024-09-09T21:06:18.252+0530] {processor.py:186} INFO - Started process (PID=131900) to work on /home/sst7260/airflow_projects/project1/env/lib/python3.10/site-packages/airflow/example_dags/plugins/listener_plugin.py
[2024-09-09T21:06:18.254+0530] {processor.py:914} INFO - Processing file /home/sst7260/airflow_projects/project1/env/lib/python3.10/site-packages/airflow/example_dags/plugins/listener_plugin.py for tasks to queue
[2024-09-09T21:06:18.256+0530] {logging_mixin.py:190} INFO - [2024-09-09T21:06:18.255+0530] {dagbag.py:587} INFO - Filling up the DagBag from /home/sst7260/airflow_projects/project1/env/lib/python3.10/site-packages/airflow/example_dags/plugins/listener_plugin.py
[2024-09-09T21:06:18.258+0530] {processor.py:927} WARNING - No viable dags retrieved from /home/sst7260/airflow_projects/project1/env/lib/python3.10/site-packages/airflow/example_dags/plugins/listener_plugin.py
[2024-09-09T21:06:18.264+0530] {processor.py:208} INFO - Processing /home/sst7260/airflow_projects/project1/env/lib/python3.10/site-packages/airflow/example_dags/plugins/listener_plugin.py took 0.017 seconds
[2024-09-09T21:07:11.939+0530] {processor.py:186} INFO - Started process (PID=131972) to work on /home/sst7260/airflow_projects/project1/env/lib/python3.10/site-packages/airflow/example_dags/plugins/listener_plugin.py
[2024-09-09T21:07:11.948+0530] {processor.py:914} INFO - Processing file /home/sst7260/airflow_projects/project1/env/lib/python3.10/site-packages/airflow/example_dags/plugins/listener_plugin.py for tasks to queue
[2024-09-09T21:07:11.950+0530] {logging_mixin.py:190} INFO - [2024-09-09T21:07:11.949+0530] {dagbag.py:587} INFO - Filling up the DagBag from /home/sst7260/airflow_projects/project1/env/lib/python3.10/site-packages/airflow/example_dags/plugins/listener_plugin.py
[2024-09-09T21:07:11.952+0530] {processor.py:927} WARNING - No viable dags retrieved from /home/sst7260/airflow_projects/project1/env/lib/python3.10/site-packages/airflow/example_dags/plugins/listener_plugin.py
[2024-09-09T21:07:11.960+0530] {processor.py:208} INFO - Processing /home/sst7260/airflow_projects/project1/env/lib/python3.10/site-packages/airflow/example_dags/plugins/listener_plugin.py took 0.026 seconds
[2024-09-09T21:08:05.262+0530] {processor.py:186} INFO - Started process (PID=132034) to work on /home/sst7260/airflow_projects/project1/env/lib/python3.10/site-packages/airflow/example_dags/plugins/listener_plugin.py
[2024-09-09T21:08:05.263+0530] {processor.py:914} INFO - Processing file /home/sst7260/airflow_projects/project1/env/lib/python3.10/site-packages/airflow/example_dags/plugins/listener_plugin.py for tasks to queue
[2024-09-09T21:08:05.265+0530] {logging_mixin.py:190} INFO - [2024-09-09T21:08:05.264+0530] {dagbag.py:587} INFO - Filling up the DagBag from /home/sst7260/airflow_projects/project1/env/lib/python3.10/site-packages/airflow/example_dags/plugins/listener_plugin.py
[2024-09-09T21:08:05.267+0530] {processor.py:927} WARNING - No viable dags retrieved from /home/sst7260/airflow_projects/project1/env/lib/python3.10/site-packages/airflow/example_dags/plugins/listener_plugin.py
[2024-09-09T21:08:05.275+0530] {processor.py:208} INFO - Processing /home/sst7260/airflow_projects/project1/env/lib/python3.10/site-packages/airflow/example_dags/plugins/listener_plugin.py took 0.017 seconds
[2024-09-09T21:08:59.436+0530] {processor.py:186} INFO - Started process (PID=132098) to work on /home/sst7260/airflow_projects/project1/env/lib/python3.10/site-packages/airflow/example_dags/plugins/listener_plugin.py
[2024-09-09T21:08:59.438+0530] {processor.py:914} INFO - Processing file /home/sst7260/airflow_projects/project1/env/lib/python3.10/site-packages/airflow/example_dags/plugins/listener_plugin.py for tasks to queue
[2024-09-09T21:08:59.439+0530] {logging_mixin.py:190} INFO - [2024-09-09T21:08:59.439+0530] {dagbag.py:587} INFO - Filling up the DagBag from /home/sst7260/airflow_projects/project1/env/lib/python3.10/site-packages/airflow/example_dags/plugins/listener_plugin.py
[2024-09-09T21:08:59.441+0530] {processor.py:927} WARNING - No viable dags retrieved from /home/sst7260/airflow_projects/project1/env/lib/python3.10/site-packages/airflow/example_dags/plugins/listener_plugin.py
[2024-09-09T21:08:59.447+0530] {processor.py:208} INFO - Processing /home/sst7260/airflow_projects/project1/env/lib/python3.10/site-packages/airflow/example_dags/plugins/listener_plugin.py took 0.016 seconds
[2024-09-09T21:09:56.153+0530] {processor.py:186} INFO - Started process (PID=132164) to work on /home/sst7260/airflow_projects/project1/env/lib/python3.10/site-packages/airflow/example_dags/plugins/listener_plugin.py
[2024-09-09T21:09:56.155+0530] {processor.py:914} INFO - Processing file /home/sst7260/airflow_projects/project1/env/lib/python3.10/site-packages/airflow/example_dags/plugins/listener_plugin.py for tasks to queue
[2024-09-09T21:09:56.156+0530] {logging_mixin.py:190} INFO - [2024-09-09T21:09:56.156+0530] {dagbag.py:587} INFO - Filling up the DagBag from /home/sst7260/airflow_projects/project1/env/lib/python3.10/site-packages/airflow/example_dags/plugins/listener_plugin.py
[2024-09-09T21:09:56.157+0530] {processor.py:927} WARNING - No viable dags retrieved from /home/sst7260/airflow_projects/project1/env/lib/python3.10/site-packages/airflow/example_dags/plugins/listener_plugin.py
[2024-09-09T21:09:56.164+0530] {processor.py:208} INFO - Processing /home/sst7260/airflow_projects/project1/env/lib/python3.10/site-packages/airflow/example_dags/plugins/listener_plugin.py took 0.015 seconds
[2024-09-09T21:10:48.201+0530] {processor.py:186} INFO - Started process (PID=132255) to work on /home/sst7260/airflow_projects/project1/env/lib/python3.10/site-packages/airflow/example_dags/plugins/listener_plugin.py
[2024-09-09T21:10:48.202+0530] {processor.py:914} INFO - Processing file /home/sst7260/airflow_projects/project1/env/lib/python3.10/site-packages/airflow/example_dags/plugins/listener_plugin.py for tasks to queue
[2024-09-09T21:10:48.203+0530] {logging_mixin.py:190} INFO - [2024-09-09T21:10:48.203+0530] {dagbag.py:587} INFO - Filling up the DagBag from /home/sst7260/airflow_projects/project1/env/lib/python3.10/site-packages/airflow/example_dags/plugins/listener_plugin.py
[2024-09-09T21:10:48.204+0530] {processor.py:927} WARNING - No viable dags retrieved from /home/sst7260/airflow_projects/project1/env/lib/python3.10/site-packages/airflow/example_dags/plugins/listener_plugin.py
[2024-09-09T21:10:48.217+0530] {processor.py:208} INFO - Processing /home/sst7260/airflow_projects/project1/env/lib/python3.10/site-packages/airflow/example_dags/plugins/listener_plugin.py took 0.020 seconds
[2024-09-09T21:11:42.292+0530] {processor.py:186} INFO - Started process (PID=132316) to work on /home/sst7260/airflow_projects/project1/env/lib/python3.10/site-packages/airflow/example_dags/plugins/listener_plugin.py
[2024-09-09T21:11:42.293+0530] {processor.py:914} INFO - Processing file /home/sst7260/airflow_projects/project1/env/lib/python3.10/site-packages/airflow/example_dags/plugins/listener_plugin.py for tasks to queue
[2024-09-09T21:11:42.295+0530] {logging_mixin.py:190} INFO - [2024-09-09T21:11:42.294+0530] {dagbag.py:587} INFO - Filling up the DagBag from /home/sst7260/airflow_projects/project1/env/lib/python3.10/site-packages/airflow/example_dags/plugins/listener_plugin.py
[2024-09-09T21:11:42.297+0530] {processor.py:927} WARNING - No viable dags retrieved from /home/sst7260/airflow_projects/project1/env/lib/python3.10/site-packages/airflow/example_dags/plugins/listener_plugin.py
[2024-09-09T21:11:42.304+0530] {processor.py:208} INFO - Processing /home/sst7260/airflow_projects/project1/env/lib/python3.10/site-packages/airflow/example_dags/plugins/listener_plugin.py took 0.016 seconds
[2024-09-09T21:12:36.726+0530] {processor.py:186} INFO - Started process (PID=132387) to work on /home/sst7260/airflow_projects/project1/env/lib/python3.10/site-packages/airflow/example_dags/plugins/listener_plugin.py
[2024-09-09T21:12:36.735+0530] {processor.py:914} INFO - Processing file /home/sst7260/airflow_projects/project1/env/lib/python3.10/site-packages/airflow/example_dags/plugins/listener_plugin.py for tasks to queue
[2024-09-09T21:12:36.737+0530] {logging_mixin.py:190} INFO - [2024-09-09T21:12:36.736+0530] {dagbag.py:587} INFO - Filling up the DagBag from /home/sst7260/airflow_projects/project1/env/lib/python3.10/site-packages/airflow/example_dags/plugins/listener_plugin.py
[2024-09-09T21:12:36.739+0530] {processor.py:927} WARNING - No viable dags retrieved from /home/sst7260/airflow_projects/project1/env/lib/python3.10/site-packages/airflow/example_dags/plugins/listener_plugin.py
[2024-09-09T21:12:36.746+0530] {processor.py:208} INFO - Processing /home/sst7260/airflow_projects/project1/env/lib/python3.10/site-packages/airflow/example_dags/plugins/listener_plugin.py took 0.025 seconds
[2024-09-09T21:13:30.381+0530] {processor.py:186} INFO - Started process (PID=132451) to work on /home/sst7260/airflow_projects/project1/env/lib/python3.10/site-packages/airflow/example_dags/plugins/listener_plugin.py
[2024-09-09T21:13:30.383+0530] {processor.py:914} INFO - Processing file /home/sst7260/airflow_projects/project1/env/lib/python3.10/site-packages/airflow/example_dags/plugins/listener_plugin.py for tasks to queue
[2024-09-09T21:13:30.384+0530] {logging_mixin.py:190} INFO - [2024-09-09T21:13:30.384+0530] {dagbag.py:587} INFO - Filling up the DagBag from /home/sst7260/airflow_projects/project1/env/lib/python3.10/site-packages/airflow/example_dags/plugins/listener_plugin.py
[2024-09-09T21:13:30.386+0530] {processor.py:927} WARNING - No viable dags retrieved from /home/sst7260/airflow_projects/project1/env/lib/python3.10/site-packages/airflow/example_dags/plugins/listener_plugin.py
[2024-09-09T21:13:30.394+0530] {processor.py:208} INFO - Processing /home/sst7260/airflow_projects/project1/env/lib/python3.10/site-packages/airflow/example_dags/plugins/listener_plugin.py took 0.016 seconds
[2024-09-09T21:14:25.896+0530] {processor.py:186} INFO - Started process (PID=132514) to work on /home/sst7260/airflow_projects/project1/env/lib/python3.10/site-packages/airflow/example_dags/plugins/listener_plugin.py
[2024-09-09T21:14:25.898+0530] {processor.py:914} INFO - Processing file /home/sst7260/airflow_projects/project1/env/lib/python3.10/site-packages/airflow/example_dags/plugins/listener_plugin.py for tasks to queue
[2024-09-09T21:14:25.901+0530] {logging_mixin.py:190} INFO - [2024-09-09T21:14:25.900+0530] {dagbag.py:587} INFO - Filling up the DagBag from /home/sst7260/airflow_projects/project1/env/lib/python3.10/site-packages/airflow/example_dags/plugins/listener_plugin.py
[2024-09-09T21:14:25.902+0530] {processor.py:927} WARNING - No viable dags retrieved from /home/sst7260/airflow_projects/project1/env/lib/python3.10/site-packages/airflow/example_dags/plugins/listener_plugin.py
[2024-09-09T21:14:25.909+0530] {processor.py:208} INFO - Processing /home/sst7260/airflow_projects/project1/env/lib/python3.10/site-packages/airflow/example_dags/plugins/listener_plugin.py took 0.018 seconds
[2024-09-09T21:15:24.835+0530] {processor.py:186} INFO - Started process (PID=132645) to work on /home/sst7260/airflow_projects/project1/env/lib/python3.10/site-packages/airflow/example_dags/plugins/listener_plugin.py
[2024-09-09T21:15:24.837+0530] {processor.py:914} INFO - Processing file /home/sst7260/airflow_projects/project1/env/lib/python3.10/site-packages/airflow/example_dags/plugins/listener_plugin.py for tasks to queue
[2024-09-09T21:15:24.838+0530] {logging_mixin.py:190} INFO - [2024-09-09T21:15:24.837+0530] {dagbag.py:587} INFO - Filling up the DagBag from /home/sst7260/airflow_projects/project1/env/lib/python3.10/site-packages/airflow/example_dags/plugins/listener_plugin.py
[2024-09-09T21:15:24.839+0530] {processor.py:927} WARNING - No viable dags retrieved from /home/sst7260/airflow_projects/project1/env/lib/python3.10/site-packages/airflow/example_dags/plugins/listener_plugin.py
[2024-09-09T21:15:24.846+0530] {processor.py:208} INFO - Processing /home/sst7260/airflow_projects/project1/env/lib/python3.10/site-packages/airflow/example_dags/plugins/listener_plugin.py took 0.015 seconds
[2024-09-09T21:16:22.759+0530] {processor.py:186} INFO - Started process (PID=132739) to work on /home/sst7260/airflow_projects/project1/env/lib/python3.10/site-packages/airflow/example_dags/plugins/listener_plugin.py
[2024-09-09T21:16:22.761+0530] {processor.py:914} INFO - Processing file /home/sst7260/airflow_projects/project1/env/lib/python3.10/site-packages/airflow/example_dags/plugins/listener_plugin.py for tasks to queue
[2024-09-09T21:16:22.762+0530] {logging_mixin.py:190} INFO - [2024-09-09T21:16:22.762+0530] {dagbag.py:587} INFO - Filling up the DagBag from /home/sst7260/airflow_projects/project1/env/lib/python3.10/site-packages/airflow/example_dags/plugins/listener_plugin.py
[2024-09-09T21:16:22.763+0530] {processor.py:927} WARNING - No viable dags retrieved from /home/sst7260/airflow_projects/project1/env/lib/python3.10/site-packages/airflow/example_dags/plugins/listener_plugin.py
[2024-09-09T21:16:22.770+0530] {processor.py:208} INFO - Processing /home/sst7260/airflow_projects/project1/env/lib/python3.10/site-packages/airflow/example_dags/plugins/listener_plugin.py took 0.016 seconds
[2024-09-09T21:17:17.103+0530] {processor.py:186} INFO - Started process (PID=132815) to work on /home/sst7260/airflow_projects/project1/env/lib/python3.10/site-packages/airflow/example_dags/plugins/listener_plugin.py
[2024-09-09T21:17:17.105+0530] {processor.py:914} INFO - Processing file /home/sst7260/airflow_projects/project1/env/lib/python3.10/site-packages/airflow/example_dags/plugins/listener_plugin.py for tasks to queue
[2024-09-09T21:17:17.106+0530] {logging_mixin.py:190} INFO - [2024-09-09T21:17:17.106+0530] {dagbag.py:587} INFO - Filling up the DagBag from /home/sst7260/airflow_projects/project1/env/lib/python3.10/site-packages/airflow/example_dags/plugins/listener_plugin.py
[2024-09-09T21:17:17.108+0530] {processor.py:927} WARNING - No viable dags retrieved from /home/sst7260/airflow_projects/project1/env/lib/python3.10/site-packages/airflow/example_dags/plugins/listener_plugin.py
[2024-09-09T21:17:17.114+0530] {processor.py:208} INFO - Processing /home/sst7260/airflow_projects/project1/env/lib/python3.10/site-packages/airflow/example_dags/plugins/listener_plugin.py took 0.015 seconds
[2024-09-09T21:18:11.810+0530] {processor.py:186} INFO - Started process (PID=132878) to work on /home/sst7260/airflow_projects/project1/env/lib/python3.10/site-packages/airflow/example_dags/plugins/listener_plugin.py
[2024-09-09T21:18:11.812+0530] {processor.py:914} INFO - Processing file /home/sst7260/airflow_projects/project1/env/lib/python3.10/site-packages/airflow/example_dags/plugins/listener_plugin.py for tasks to queue
[2024-09-09T21:18:11.813+0530] {logging_mixin.py:190} INFO - [2024-09-09T21:18:11.813+0530] {dagbag.py:587} INFO - Filling up the DagBag from /home/sst7260/airflow_projects/project1/env/lib/python3.10/site-packages/airflow/example_dags/plugins/listener_plugin.py
[2024-09-09T21:18:11.814+0530] {processor.py:927} WARNING - No viable dags retrieved from /home/sst7260/airflow_projects/project1/env/lib/python3.10/site-packages/airflow/example_dags/plugins/listener_plugin.py
[2024-09-09T21:18:11.821+0530] {processor.py:208} INFO - Processing /home/sst7260/airflow_projects/project1/env/lib/python3.10/site-packages/airflow/example_dags/plugins/listener_plugin.py took 0.016 seconds
[2024-09-09T21:19:08.468+0530] {processor.py:186} INFO - Started process (PID=132943) to work on /home/sst7260/airflow_projects/project1/env/lib/python3.10/site-packages/airflow/example_dags/plugins/listener_plugin.py
[2024-09-09T21:19:08.470+0530] {processor.py:914} INFO - Processing file /home/sst7260/airflow_projects/project1/env/lib/python3.10/site-packages/airflow/example_dags/plugins/listener_plugin.py for tasks to queue
[2024-09-09T21:19:08.471+0530] {logging_mixin.py:190} INFO - [2024-09-09T21:19:08.470+0530] {dagbag.py:587} INFO - Filling up the DagBag from /home/sst7260/airflow_projects/project1/env/lib/python3.10/site-packages/airflow/example_dags/plugins/listener_plugin.py
[2024-09-09T21:19:08.473+0530] {processor.py:927} WARNING - No viable dags retrieved from /home/sst7260/airflow_projects/project1/env/lib/python3.10/site-packages/airflow/example_dags/plugins/listener_plugin.py
[2024-09-09T21:19:08.481+0530] {processor.py:208} INFO - Processing /home/sst7260/airflow_projects/project1/env/lib/python3.10/site-packages/airflow/example_dags/plugins/listener_plugin.py took 0.018 seconds
[2024-09-09T21:20:03.960+0530] {processor.py:186} INFO - Started process (PID=133007) to work on /home/sst7260/airflow_projects/project1/env/lib/python3.10/site-packages/airflow/example_dags/plugins/listener_plugin.py
[2024-09-09T21:20:03.963+0530] {processor.py:914} INFO - Processing file /home/sst7260/airflow_projects/project1/env/lib/python3.10/site-packages/airflow/example_dags/plugins/listener_plugin.py for tasks to queue
[2024-09-09T21:20:03.964+0530] {logging_mixin.py:190} INFO - [2024-09-09T21:20:03.964+0530] {dagbag.py:587} INFO - Filling up the DagBag from /home/sst7260/airflow_projects/project1/env/lib/python3.10/site-packages/airflow/example_dags/plugins/listener_plugin.py
[2024-09-09T21:20:03.966+0530] {processor.py:927} WARNING - No viable dags retrieved from /home/sst7260/airflow_projects/project1/env/lib/python3.10/site-packages/airflow/example_dags/plugins/listener_plugin.py
[2024-09-09T21:20:03.976+0530] {processor.py:208} INFO - Processing /home/sst7260/airflow_projects/project1/env/lib/python3.10/site-packages/airflow/example_dags/plugins/listener_plugin.py took 0.020 seconds
[2024-09-09T21:20:58.222+0530] {processor.py:186} INFO - Started process (PID=133162) to work on /home/sst7260/airflow_projects/project1/env/lib/python3.10/site-packages/airflow/example_dags/plugins/listener_plugin.py
[2024-09-09T21:20:58.232+0530] {processor.py:914} INFO - Processing file /home/sst7260/airflow_projects/project1/env/lib/python3.10/site-packages/airflow/example_dags/plugins/listener_plugin.py for tasks to queue
[2024-09-09T21:20:58.233+0530] {logging_mixin.py:190} INFO - [2024-09-09T21:20:58.233+0530] {dagbag.py:587} INFO - Filling up the DagBag from /home/sst7260/airflow_projects/project1/env/lib/python3.10/site-packages/airflow/example_dags/plugins/listener_plugin.py
[2024-09-09T21:20:58.235+0530] {processor.py:927} WARNING - No viable dags retrieved from /home/sst7260/airflow_projects/project1/env/lib/python3.10/site-packages/airflow/example_dags/plugins/listener_plugin.py
[2024-09-09T21:20:58.241+0530] {processor.py:208} INFO - Processing /home/sst7260/airflow_projects/project1/env/lib/python3.10/site-packages/airflow/example_dags/plugins/listener_plugin.py took 0.023 seconds
[2024-09-09T21:21:52.409+0530] {processor.py:186} INFO - Started process (PID=133225) to work on /home/sst7260/airflow_projects/project1/env/lib/python3.10/site-packages/airflow/example_dags/plugins/listener_plugin.py
[2024-09-09T21:21:52.411+0530] {processor.py:914} INFO - Processing file /home/sst7260/airflow_projects/project1/env/lib/python3.10/site-packages/airflow/example_dags/plugins/listener_plugin.py for tasks to queue
[2024-09-09T21:21:52.412+0530] {logging_mixin.py:190} INFO - [2024-09-09T21:21:52.412+0530] {dagbag.py:587} INFO - Filling up the DagBag from /home/sst7260/airflow_projects/project1/env/lib/python3.10/site-packages/airflow/example_dags/plugins/listener_plugin.py
[2024-09-09T21:21:52.413+0530] {processor.py:927} WARNING - No viable dags retrieved from /home/sst7260/airflow_projects/project1/env/lib/python3.10/site-packages/airflow/example_dags/plugins/listener_plugin.py
[2024-09-09T21:21:52.420+0530] {processor.py:208} INFO - Processing /home/sst7260/airflow_projects/project1/env/lib/python3.10/site-packages/airflow/example_dags/plugins/listener_plugin.py took 0.015 seconds
[2024-09-09T21:22:45.118+0530] {processor.py:186} INFO - Started process (PID=133296) to work on /home/sst7260/airflow_projects/project1/env/lib/python3.10/site-packages/airflow/example_dags/plugins/listener_plugin.py
[2024-09-09T21:22:45.120+0530] {processor.py:914} INFO - Processing file /home/sst7260/airflow_projects/project1/env/lib/python3.10/site-packages/airflow/example_dags/plugins/listener_plugin.py for tasks to queue
[2024-09-09T21:22:45.121+0530] {logging_mixin.py:190} INFO - [2024-09-09T21:22:45.120+0530] {dagbag.py:587} INFO - Filling up the DagBag from /home/sst7260/airflow_projects/project1/env/lib/python3.10/site-packages/airflow/example_dags/plugins/listener_plugin.py
[2024-09-09T21:22:45.123+0530] {processor.py:927} WARNING - No viable dags retrieved from /home/sst7260/airflow_projects/project1/env/lib/python3.10/site-packages/airflow/example_dags/plugins/listener_plugin.py
[2024-09-09T21:22:45.130+0530] {processor.py:208} INFO - Processing /home/sst7260/airflow_projects/project1/env/lib/python3.10/site-packages/airflow/example_dags/plugins/listener_plugin.py took 0.017 seconds
[2024-09-09T21:23:38.558+0530] {processor.py:186} INFO - Started process (PID=133359) to work on /home/sst7260/airflow_projects/project1/env/lib/python3.10/site-packages/airflow/example_dags/plugins/listener_plugin.py
[2024-09-09T21:23:38.560+0530] {processor.py:914} INFO - Processing file /home/sst7260/airflow_projects/project1/env/lib/python3.10/site-packages/airflow/example_dags/plugins/listener_plugin.py for tasks to queue
[2024-09-09T21:23:38.561+0530] {logging_mixin.py:190} INFO - [2024-09-09T21:23:38.560+0530] {dagbag.py:587} INFO - Filling up the DagBag from /home/sst7260/airflow_projects/project1/env/lib/python3.10/site-packages/airflow/example_dags/plugins/listener_plugin.py
[2024-09-09T21:23:38.562+0530] {processor.py:927} WARNING - No viable dags retrieved from /home/sst7260/airflow_projects/project1/env/lib/python3.10/site-packages/airflow/example_dags/plugins/listener_plugin.py
[2024-09-09T21:23:38.570+0530] {processor.py:208} INFO - Processing /home/sst7260/airflow_projects/project1/env/lib/python3.10/site-packages/airflow/example_dags/plugins/listener_plugin.py took 0.019 seconds
[2024-09-09T21:24:36.413+0530] {processor.py:186} INFO - Started process (PID=133423) to work on /home/sst7260/airflow_projects/project1/env/lib/python3.10/site-packages/airflow/example_dags/plugins/listener_plugin.py
[2024-09-09T21:24:36.423+0530] {processor.py:914} INFO - Processing file /home/sst7260/airflow_projects/project1/env/lib/python3.10/site-packages/airflow/example_dags/plugins/listener_plugin.py for tasks to queue
[2024-09-09T21:24:36.424+0530] {logging_mixin.py:190} INFO - [2024-09-09T21:24:36.424+0530] {dagbag.py:587} INFO - Filling up the DagBag from /home/sst7260/airflow_projects/project1/env/lib/python3.10/site-packages/airflow/example_dags/plugins/listener_plugin.py
[2024-09-09T21:24:36.426+0530] {processor.py:927} WARNING - No viable dags retrieved from /home/sst7260/airflow_projects/project1/env/lib/python3.10/site-packages/airflow/example_dags/plugins/listener_plugin.py
[2024-09-09T21:24:36.432+0530] {processor.py:208} INFO - Processing /home/sst7260/airflow_projects/project1/env/lib/python3.10/site-packages/airflow/example_dags/plugins/listener_plugin.py took 0.023 seconds
[2024-09-09T21:25:34.838+0530] {processor.py:186} INFO - Started process (PID=133549) to work on /home/sst7260/airflow_projects/project1/env/lib/python3.10/site-packages/airflow/example_dags/plugins/listener_plugin.py
[2024-09-09T21:25:34.842+0530] {processor.py:914} INFO - Processing file /home/sst7260/airflow_projects/project1/env/lib/python3.10/site-packages/airflow/example_dags/plugins/listener_plugin.py for tasks to queue
[2024-09-09T21:25:34.845+0530] {logging_mixin.py:190} INFO - [2024-09-09T21:25:34.844+0530] {dagbag.py:587} INFO - Filling up the DagBag from /home/sst7260/airflow_projects/project1/env/lib/python3.10/site-packages/airflow/example_dags/plugins/listener_plugin.py
[2024-09-09T21:25:34.846+0530] {processor.py:927} WARNING - No viable dags retrieved from /home/sst7260/airflow_projects/project1/env/lib/python3.10/site-packages/airflow/example_dags/plugins/listener_plugin.py
[2024-09-09T21:25:34.854+0530] {processor.py:208} INFO - Processing /home/sst7260/airflow_projects/project1/env/lib/python3.10/site-packages/airflow/example_dags/plugins/listener_plugin.py took 0.021 seconds
[2024-09-09T21:26:33.055+0530] {processor.py:186} INFO - Started process (PID=133649) to work on /home/sst7260/airflow_projects/project1/env/lib/python3.10/site-packages/airflow/example_dags/plugins/listener_plugin.py
[2024-09-09T21:26:33.057+0530] {processor.py:914} INFO - Processing file /home/sst7260/airflow_projects/project1/env/lib/python3.10/site-packages/airflow/example_dags/plugins/listener_plugin.py for tasks to queue
[2024-09-09T21:26:33.058+0530] {logging_mixin.py:190} INFO - [2024-09-09T21:26:33.058+0530] {dagbag.py:587} INFO - Filling up the DagBag from /home/sst7260/airflow_projects/project1/env/lib/python3.10/site-packages/airflow/example_dags/plugins/listener_plugin.py
[2024-09-09T21:26:33.061+0530] {processor.py:927} WARNING - No viable dags retrieved from /home/sst7260/airflow_projects/project1/env/lib/python3.10/site-packages/airflow/example_dags/plugins/listener_plugin.py
[2024-09-09T21:26:33.073+0530] {processor.py:208} INFO - Processing /home/sst7260/airflow_projects/project1/env/lib/python3.10/site-packages/airflow/example_dags/plugins/listener_plugin.py took 0.022 seconds
[2024-09-09T21:27:27.908+0530] {processor.py:186} INFO - Started process (PID=133715) to work on /home/sst7260/airflow_projects/project1/env/lib/python3.10/site-packages/airflow/example_dags/plugins/listener_plugin.py
[2024-09-09T21:27:27.909+0530] {processor.py:914} INFO - Processing file /home/sst7260/airflow_projects/project1/env/lib/python3.10/site-packages/airflow/example_dags/plugins/listener_plugin.py for tasks to queue
[2024-09-09T21:27:27.911+0530] {logging_mixin.py:190} INFO - [2024-09-09T21:27:27.910+0530] {dagbag.py:587} INFO - Filling up the DagBag from /home/sst7260/airflow_projects/project1/env/lib/python3.10/site-packages/airflow/example_dags/plugins/listener_plugin.py
[2024-09-09T21:27:27.912+0530] {processor.py:927} WARNING - No viable dags retrieved from /home/sst7260/airflow_projects/project1/env/lib/python3.10/site-packages/airflow/example_dags/plugins/listener_plugin.py
[2024-09-09T21:27:27.923+0530] {processor.py:208} INFO - Processing /home/sst7260/airflow_projects/project1/env/lib/python3.10/site-packages/airflow/example_dags/plugins/listener_plugin.py took 0.020 seconds
[2024-09-09T21:28:23.413+0530] {processor.py:186} INFO - Started process (PID=133841) to work on /home/sst7260/airflow_projects/project1/env/lib/python3.10/site-packages/airflow/example_dags/plugins/listener_plugin.py
[2024-09-09T21:28:23.415+0530] {processor.py:914} INFO - Processing file /home/sst7260/airflow_projects/project1/env/lib/python3.10/site-packages/airflow/example_dags/plugins/listener_plugin.py for tasks to queue
[2024-09-09T21:28:23.416+0530] {logging_mixin.py:190} INFO - [2024-09-09T21:28:23.415+0530] {dagbag.py:587} INFO - Filling up the DagBag from /home/sst7260/airflow_projects/project1/env/lib/python3.10/site-packages/airflow/example_dags/plugins/listener_plugin.py
[2024-09-09T21:28:23.417+0530] {processor.py:927} WARNING - No viable dags retrieved from /home/sst7260/airflow_projects/project1/env/lib/python3.10/site-packages/airflow/example_dags/plugins/listener_plugin.py
[2024-09-09T21:28:23.423+0530] {processor.py:208} INFO - Processing /home/sst7260/airflow_projects/project1/env/lib/python3.10/site-packages/airflow/example_dags/plugins/listener_plugin.py took 0.014 seconds
[2024-09-09T21:29:20.155+0530] {processor.py:186} INFO - Started process (PID=133906) to work on /home/sst7260/airflow_projects/project1/env/lib/python3.10/site-packages/airflow/example_dags/plugins/listener_plugin.py
[2024-09-09T21:29:20.157+0530] {processor.py:914} INFO - Processing file /home/sst7260/airflow_projects/project1/env/lib/python3.10/site-packages/airflow/example_dags/plugins/listener_plugin.py for tasks to queue
[2024-09-09T21:29:20.157+0530] {logging_mixin.py:190} INFO - [2024-09-09T21:29:20.157+0530] {dagbag.py:587} INFO - Filling up the DagBag from /home/sst7260/airflow_projects/project1/env/lib/python3.10/site-packages/airflow/example_dags/plugins/listener_plugin.py
[2024-09-09T21:29:20.159+0530] {processor.py:927} WARNING - No viable dags retrieved from /home/sst7260/airflow_projects/project1/env/lib/python3.10/site-packages/airflow/example_dags/plugins/listener_plugin.py
[2024-09-09T21:29:20.165+0530] {processor.py:208} INFO - Processing /home/sst7260/airflow_projects/project1/env/lib/python3.10/site-packages/airflow/example_dags/plugins/listener_plugin.py took 0.016 seconds
[2024-09-09T21:30:14.777+0530] {processor.py:186} INFO - Started process (PID=133970) to work on /home/sst7260/airflow_projects/project1/env/lib/python3.10/site-packages/airflow/example_dags/plugins/listener_plugin.py
[2024-09-09T21:30:14.779+0530] {processor.py:914} INFO - Processing file /home/sst7260/airflow_projects/project1/env/lib/python3.10/site-packages/airflow/example_dags/plugins/listener_plugin.py for tasks to queue
[2024-09-09T21:30:14.780+0530] {logging_mixin.py:190} INFO - [2024-09-09T21:30:14.780+0530] {dagbag.py:587} INFO - Filling up the DagBag from /home/sst7260/airflow_projects/project1/env/lib/python3.10/site-packages/airflow/example_dags/plugins/listener_plugin.py
[2024-09-09T21:30:14.781+0530] {processor.py:927} WARNING - No viable dags retrieved from /home/sst7260/airflow_projects/project1/env/lib/python3.10/site-packages/airflow/example_dags/plugins/listener_plugin.py
[2024-09-09T21:30:14.789+0530] {processor.py:208} INFO - Processing /home/sst7260/airflow_projects/project1/env/lib/python3.10/site-packages/airflow/example_dags/plugins/listener_plugin.py took 0.017 seconds
[2024-09-09T21:31:14.574+0530] {processor.py:186} INFO - Started process (PID=134074) to work on /home/sst7260/airflow_projects/project1/env/lib/python3.10/site-packages/airflow/example_dags/plugins/listener_plugin.py
[2024-09-09T21:31:14.576+0530] {processor.py:914} INFO - Processing file /home/sst7260/airflow_projects/project1/env/lib/python3.10/site-packages/airflow/example_dags/plugins/listener_plugin.py for tasks to queue
[2024-09-09T21:31:14.577+0530] {logging_mixin.py:190} INFO - [2024-09-09T21:31:14.577+0530] {dagbag.py:587} INFO - Filling up the DagBag from /home/sst7260/airflow_projects/project1/env/lib/python3.10/site-packages/airflow/example_dags/plugins/listener_plugin.py
[2024-09-09T21:31:14.578+0530] {processor.py:927} WARNING - No viable dags retrieved from /home/sst7260/airflow_projects/project1/env/lib/python3.10/site-packages/airflow/example_dags/plugins/listener_plugin.py
[2024-09-09T21:31:14.586+0530] {processor.py:208} INFO - Processing /home/sst7260/airflow_projects/project1/env/lib/python3.10/site-packages/airflow/example_dags/plugins/listener_plugin.py took 0.015 seconds
[2024-09-09T21:32:09.831+0530] {processor.py:186} INFO - Started process (PID=134136) to work on /home/sst7260/airflow_projects/project1/env/lib/python3.10/site-packages/airflow/example_dags/plugins/listener_plugin.py
[2024-09-09T21:32:09.833+0530] {processor.py:914} INFO - Processing file /home/sst7260/airflow_projects/project1/env/lib/python3.10/site-packages/airflow/example_dags/plugins/listener_plugin.py for tasks to queue
[2024-09-09T21:32:09.834+0530] {logging_mixin.py:190} INFO - [2024-09-09T21:32:09.834+0530] {dagbag.py:587} INFO - Filling up the DagBag from /home/sst7260/airflow_projects/project1/env/lib/python3.10/site-packages/airflow/example_dags/plugins/listener_plugin.py
[2024-09-09T21:32:09.835+0530] {processor.py:927} WARNING - No viable dags retrieved from /home/sst7260/airflow_projects/project1/env/lib/python3.10/site-packages/airflow/example_dags/plugins/listener_plugin.py
[2024-09-09T21:32:09.842+0530] {processor.py:208} INFO - Processing /home/sst7260/airflow_projects/project1/env/lib/python3.10/site-packages/airflow/example_dags/plugins/listener_plugin.py took 0.016 seconds
[2024-09-09T21:33:04.812+0530] {processor.py:186} INFO - Started process (PID=134200) to work on /home/sst7260/airflow_projects/project1/env/lib/python3.10/site-packages/airflow/example_dags/plugins/listener_plugin.py
[2024-09-09T21:33:04.814+0530] {processor.py:914} INFO - Processing file /home/sst7260/airflow_projects/project1/env/lib/python3.10/site-packages/airflow/example_dags/plugins/listener_plugin.py for tasks to queue
[2024-09-09T21:33:04.815+0530] {logging_mixin.py:190} INFO - [2024-09-09T21:33:04.814+0530] {dagbag.py:587} INFO - Filling up the DagBag from /home/sst7260/airflow_projects/project1/env/lib/python3.10/site-packages/airflow/example_dags/plugins/listener_plugin.py
[2024-09-09T21:33:04.816+0530] {processor.py:927} WARNING - No viable dags retrieved from /home/sst7260/airflow_projects/project1/env/lib/python3.10/site-packages/airflow/example_dags/plugins/listener_plugin.py
[2024-09-09T21:33:04.823+0530] {processor.py:208} INFO - Processing /home/sst7260/airflow_projects/project1/env/lib/python3.10/site-packages/airflow/example_dags/plugins/listener_plugin.py took 0.014 seconds
[2024-09-09T21:33:58.971+0530] {processor.py:186} INFO - Started process (PID=134263) to work on /home/sst7260/airflow_projects/project1/env/lib/python3.10/site-packages/airflow/example_dags/plugins/listener_plugin.py
[2024-09-09T21:33:58.973+0530] {processor.py:914} INFO - Processing file /home/sst7260/airflow_projects/project1/env/lib/python3.10/site-packages/airflow/example_dags/plugins/listener_plugin.py for tasks to queue
[2024-09-09T21:33:58.975+0530] {logging_mixin.py:190} INFO - [2024-09-09T21:33:58.974+0530] {dagbag.py:587} INFO - Filling up the DagBag from /home/sst7260/airflow_projects/project1/env/lib/python3.10/site-packages/airflow/example_dags/plugins/listener_plugin.py
[2024-09-09T21:33:58.978+0530] {processor.py:927} WARNING - No viable dags retrieved from /home/sst7260/airflow_projects/project1/env/lib/python3.10/site-packages/airflow/example_dags/plugins/listener_plugin.py
[2024-09-09T21:33:58.991+0530] {processor.py:208} INFO - Processing /home/sst7260/airflow_projects/project1/env/lib/python3.10/site-packages/airflow/example_dags/plugins/listener_plugin.py took 0.027 seconds
[2024-09-09T21:34:54.101+0530] {processor.py:186} INFO - Started process (PID=134326) to work on /home/sst7260/airflow_projects/project1/env/lib/python3.10/site-packages/airflow/example_dags/plugins/listener_plugin.py
[2024-09-09T21:34:54.105+0530] {processor.py:914} INFO - Processing file /home/sst7260/airflow_projects/project1/env/lib/python3.10/site-packages/airflow/example_dags/plugins/listener_plugin.py for tasks to queue
[2024-09-09T21:34:54.106+0530] {logging_mixin.py:190} INFO - [2024-09-09T21:34:54.105+0530] {dagbag.py:587} INFO - Filling up the DagBag from /home/sst7260/airflow_projects/project1/env/lib/python3.10/site-packages/airflow/example_dags/plugins/listener_plugin.py
[2024-09-09T21:34:54.107+0530] {processor.py:927} WARNING - No viable dags retrieved from /home/sst7260/airflow_projects/project1/env/lib/python3.10/site-packages/airflow/example_dags/plugins/listener_plugin.py
[2024-09-09T21:34:54.114+0530] {processor.py:208} INFO - Processing /home/sst7260/airflow_projects/project1/env/lib/python3.10/site-packages/airflow/example_dags/plugins/listener_plugin.py took 0.017 seconds
[2024-09-09T21:35:48.554+0530] {processor.py:186} INFO - Started process (PID=134416) to work on /home/sst7260/airflow_projects/project1/env/lib/python3.10/site-packages/airflow/example_dags/plugins/listener_plugin.py
[2024-09-09T21:35:48.556+0530] {processor.py:914} INFO - Processing file /home/sst7260/airflow_projects/project1/env/lib/python3.10/site-packages/airflow/example_dags/plugins/listener_plugin.py for tasks to queue
[2024-09-09T21:35:48.557+0530] {logging_mixin.py:190} INFO - [2024-09-09T21:35:48.557+0530] {dagbag.py:587} INFO - Filling up the DagBag from /home/sst7260/airflow_projects/project1/env/lib/python3.10/site-packages/airflow/example_dags/plugins/listener_plugin.py
[2024-09-09T21:35:48.559+0530] {processor.py:927} WARNING - No viable dags retrieved from /home/sst7260/airflow_projects/project1/env/lib/python3.10/site-packages/airflow/example_dags/plugins/listener_plugin.py
[2024-09-09T21:35:48.565+0530] {processor.py:208} INFO - Processing /home/sst7260/airflow_projects/project1/env/lib/python3.10/site-packages/airflow/example_dags/plugins/listener_plugin.py took 0.016 seconds
[2024-09-09T21:36:43.723+0530] {processor.py:186} INFO - Started process (PID=134486) to work on /home/sst7260/airflow_projects/project1/env/lib/python3.10/site-packages/airflow/example_dags/plugins/listener_plugin.py
[2024-09-09T21:36:43.725+0530] {processor.py:914} INFO - Processing file /home/sst7260/airflow_projects/project1/env/lib/python3.10/site-packages/airflow/example_dags/plugins/listener_plugin.py for tasks to queue
[2024-09-09T21:36:43.726+0530] {logging_mixin.py:190} INFO - [2024-09-09T21:36:43.726+0530] {dagbag.py:587} INFO - Filling up the DagBag from /home/sst7260/airflow_projects/project1/env/lib/python3.10/site-packages/airflow/example_dags/plugins/listener_plugin.py
[2024-09-09T21:36:43.727+0530] {processor.py:927} WARNING - No viable dags retrieved from /home/sst7260/airflow_projects/project1/env/lib/python3.10/site-packages/airflow/example_dags/plugins/listener_plugin.py
[2024-09-09T21:36:43.734+0530] {processor.py:208} INFO - Processing /home/sst7260/airflow_projects/project1/env/lib/python3.10/site-packages/airflow/example_dags/plugins/listener_plugin.py took 0.015 seconds
[2024-09-09T21:37:37.378+0530] {processor.py:186} INFO - Started process (PID=134549) to work on /home/sst7260/airflow_projects/project1/env/lib/python3.10/site-packages/airflow/example_dags/plugins/listener_plugin.py
[2024-09-09T21:37:37.381+0530] {processor.py:914} INFO - Processing file /home/sst7260/airflow_projects/project1/env/lib/python3.10/site-packages/airflow/example_dags/plugins/listener_plugin.py for tasks to queue
[2024-09-09T21:37:37.383+0530] {logging_mixin.py:190} INFO - [2024-09-09T21:37:37.383+0530] {dagbag.py:587} INFO - Filling up the DagBag from /home/sst7260/airflow_projects/project1/env/lib/python3.10/site-packages/airflow/example_dags/plugins/listener_plugin.py
[2024-09-09T21:37:37.386+0530] {processor.py:927} WARNING - No viable dags retrieved from /home/sst7260/airflow_projects/project1/env/lib/python3.10/site-packages/airflow/example_dags/plugins/listener_plugin.py
[2024-09-09T21:37:37.401+0530] {processor.py:208} INFO - Processing /home/sst7260/airflow_projects/project1/env/lib/python3.10/site-packages/airflow/example_dags/plugins/listener_plugin.py took 0.030 seconds
[2024-09-09T21:38:31.926+0530] {processor.py:186} INFO - Started process (PID=134611) to work on /home/sst7260/airflow_projects/project1/env/lib/python3.10/site-packages/airflow/example_dags/plugins/listener_plugin.py
[2024-09-09T21:38:31.928+0530] {processor.py:914} INFO - Processing file /home/sst7260/airflow_projects/project1/env/lib/python3.10/site-packages/airflow/example_dags/plugins/listener_plugin.py for tasks to queue
[2024-09-09T21:38:31.929+0530] {logging_mixin.py:190} INFO - [2024-09-09T21:38:31.929+0530] {dagbag.py:587} INFO - Filling up the DagBag from /home/sst7260/airflow_projects/project1/env/lib/python3.10/site-packages/airflow/example_dags/plugins/listener_plugin.py
[2024-09-09T21:38:31.931+0530] {processor.py:927} WARNING - No viable dags retrieved from /home/sst7260/airflow_projects/project1/env/lib/python3.10/site-packages/airflow/example_dags/plugins/listener_plugin.py
[2024-09-09T21:38:31.938+0530] {processor.py:208} INFO - Processing /home/sst7260/airflow_projects/project1/env/lib/python3.10/site-packages/airflow/example_dags/plugins/listener_plugin.py took 0.017 seconds
[2024-09-09T21:39:27.580+0530] {processor.py:186} INFO - Started process (PID=134674) to work on /home/sst7260/airflow_projects/project1/env/lib/python3.10/site-packages/airflow/example_dags/plugins/listener_plugin.py
[2024-09-09T21:39:27.582+0530] {processor.py:914} INFO - Processing file /home/sst7260/airflow_projects/project1/env/lib/python3.10/site-packages/airflow/example_dags/plugins/listener_plugin.py for tasks to queue
[2024-09-09T21:39:27.583+0530] {logging_mixin.py:190} INFO - [2024-09-09T21:39:27.583+0530] {dagbag.py:587} INFO - Filling up the DagBag from /home/sst7260/airflow_projects/project1/env/lib/python3.10/site-packages/airflow/example_dags/plugins/listener_plugin.py
[2024-09-09T21:39:27.585+0530] {processor.py:927} WARNING - No viable dags retrieved from /home/sst7260/airflow_projects/project1/env/lib/python3.10/site-packages/airflow/example_dags/plugins/listener_plugin.py
[2024-09-09T21:39:27.591+0530] {processor.py:208} INFO - Processing /home/sst7260/airflow_projects/project1/env/lib/python3.10/site-packages/airflow/example_dags/plugins/listener_plugin.py took 0.015 seconds
[2024-09-09T21:40:20.400+0530] {processor.py:186} INFO - Started process (PID=134735) to work on /home/sst7260/airflow_projects/project1/env/lib/python3.10/site-packages/airflow/example_dags/plugins/listener_plugin.py
[2024-09-09T21:40:20.401+0530] {processor.py:914} INFO - Processing file /home/sst7260/airflow_projects/project1/env/lib/python3.10/site-packages/airflow/example_dags/plugins/listener_plugin.py for tasks to queue
[2024-09-09T21:40:20.402+0530] {logging_mixin.py:190} INFO - [2024-09-09T21:40:20.402+0530] {dagbag.py:587} INFO - Filling up the DagBag from /home/sst7260/airflow_projects/project1/env/lib/python3.10/site-packages/airflow/example_dags/plugins/listener_plugin.py
[2024-09-09T21:40:20.404+0530] {processor.py:927} WARNING - No viable dags retrieved from /home/sst7260/airflow_projects/project1/env/lib/python3.10/site-packages/airflow/example_dags/plugins/listener_plugin.py
[2024-09-09T21:40:20.410+0530] {processor.py:208} INFO - Processing /home/sst7260/airflow_projects/project1/env/lib/python3.10/site-packages/airflow/example_dags/plugins/listener_plugin.py took 0.018 seconds
[2024-09-09T21:41:15.135+0530] {processor.py:186} INFO - Started process (PID=134831) to work on /home/sst7260/airflow_projects/project1/env/lib/python3.10/site-packages/airflow/example_dags/plugins/listener_plugin.py
[2024-09-09T21:41:15.139+0530] {processor.py:914} INFO - Processing file /home/sst7260/airflow_projects/project1/env/lib/python3.10/site-packages/airflow/example_dags/plugins/listener_plugin.py for tasks to queue
[2024-09-09T21:41:15.141+0530] {logging_mixin.py:190} INFO - [2024-09-09T21:41:15.140+0530] {dagbag.py:587} INFO - Filling up the DagBag from /home/sst7260/airflow_projects/project1/env/lib/python3.10/site-packages/airflow/example_dags/plugins/listener_plugin.py
[2024-09-09T21:41:15.142+0530] {processor.py:927} WARNING - No viable dags retrieved from /home/sst7260/airflow_projects/project1/env/lib/python3.10/site-packages/airflow/example_dags/plugins/listener_plugin.py
[2024-09-09T21:41:15.150+0530] {processor.py:208} INFO - Processing /home/sst7260/airflow_projects/project1/env/lib/python3.10/site-packages/airflow/example_dags/plugins/listener_plugin.py took 0.020 seconds
[2024-09-09T21:42:07.321+0530] {processor.py:186} INFO - Started process (PID=134895) to work on /home/sst7260/airflow_projects/project1/env/lib/python3.10/site-packages/airflow/example_dags/plugins/listener_plugin.py
[2024-09-09T21:42:07.323+0530] {processor.py:914} INFO - Processing file /home/sst7260/airflow_projects/project1/env/lib/python3.10/site-packages/airflow/example_dags/plugins/listener_plugin.py for tasks to queue
[2024-09-09T21:42:07.324+0530] {logging_mixin.py:190} INFO - [2024-09-09T21:42:07.323+0530] {dagbag.py:587} INFO - Filling up the DagBag from /home/sst7260/airflow_projects/project1/env/lib/python3.10/site-packages/airflow/example_dags/plugins/listener_plugin.py
[2024-09-09T21:42:07.325+0530] {processor.py:927} WARNING - No viable dags retrieved from /home/sst7260/airflow_projects/project1/env/lib/python3.10/site-packages/airflow/example_dags/plugins/listener_plugin.py
[2024-09-09T21:42:07.332+0530] {processor.py:208} INFO - Processing /home/sst7260/airflow_projects/project1/env/lib/python3.10/site-packages/airflow/example_dags/plugins/listener_plugin.py took 0.016 seconds
[2024-09-09T21:43:00.066+0530] {processor.py:186} INFO - Started process (PID=134956) to work on /home/sst7260/airflow_projects/project1/env/lib/python3.10/site-packages/airflow/example_dags/plugins/listener_plugin.py
[2024-09-09T21:43:00.071+0530] {processor.py:914} INFO - Processing file /home/sst7260/airflow_projects/project1/env/lib/python3.10/site-packages/airflow/example_dags/plugins/listener_plugin.py for tasks to queue
[2024-09-09T21:43:00.074+0530] {logging_mixin.py:190} INFO - [2024-09-09T21:43:00.073+0530] {dagbag.py:587} INFO - Filling up the DagBag from /home/sst7260/airflow_projects/project1/env/lib/python3.10/site-packages/airflow/example_dags/plugins/listener_plugin.py
[2024-09-09T21:43:00.076+0530] {processor.py:927} WARNING - No viable dags retrieved from /home/sst7260/airflow_projects/project1/env/lib/python3.10/site-packages/airflow/example_dags/plugins/listener_plugin.py
[2024-09-09T21:43:00.083+0530] {processor.py:208} INFO - Processing /home/sst7260/airflow_projects/project1/env/lib/python3.10/site-packages/airflow/example_dags/plugins/listener_plugin.py took 0.021 seconds
[2024-09-09T21:43:51.592+0530] {processor.py:186} INFO - Started process (PID=135017) to work on /home/sst7260/airflow_projects/project1/env/lib/python3.10/site-packages/airflow/example_dags/plugins/listener_plugin.py
[2024-09-09T21:43:51.593+0530] {processor.py:914} INFO - Processing file /home/sst7260/airflow_projects/project1/env/lib/python3.10/site-packages/airflow/example_dags/plugins/listener_plugin.py for tasks to queue
[2024-09-09T21:43:51.594+0530] {logging_mixin.py:190} INFO - [2024-09-09T21:43:51.594+0530] {dagbag.py:587} INFO - Filling up the DagBag from /home/sst7260/airflow_projects/project1/env/lib/python3.10/site-packages/airflow/example_dags/plugins/listener_plugin.py
[2024-09-09T21:43:51.596+0530] {processor.py:927} WARNING - No viable dags retrieved from /home/sst7260/airflow_projects/project1/env/lib/python3.10/site-packages/airflow/example_dags/plugins/listener_plugin.py
[2024-09-09T21:43:51.603+0530] {processor.py:208} INFO - Processing /home/sst7260/airflow_projects/project1/env/lib/python3.10/site-packages/airflow/example_dags/plugins/listener_plugin.py took 0.015 seconds
[2024-09-09T21:44:45.346+0530] {processor.py:186} INFO - Started process (PID=135078) to work on /home/sst7260/airflow_projects/project1/env/lib/python3.10/site-packages/airflow/example_dags/plugins/listener_plugin.py
[2024-09-09T21:44:45.350+0530] {processor.py:914} INFO - Processing file /home/sst7260/airflow_projects/project1/env/lib/python3.10/site-packages/airflow/example_dags/plugins/listener_plugin.py for tasks to queue
[2024-09-09T21:44:45.352+0530] {logging_mixin.py:190} INFO - [2024-09-09T21:44:45.351+0530] {dagbag.py:587} INFO - Filling up the DagBag from /home/sst7260/airflow_projects/project1/env/lib/python3.10/site-packages/airflow/example_dags/plugins/listener_plugin.py
[2024-09-09T21:44:45.353+0530] {processor.py:927} WARNING - No viable dags retrieved from /home/sst7260/airflow_projects/project1/env/lib/python3.10/site-packages/airflow/example_dags/plugins/listener_plugin.py
[2024-09-09T21:44:45.360+0530] {processor.py:208} INFO - Processing /home/sst7260/airflow_projects/project1/env/lib/python3.10/site-packages/airflow/example_dags/plugins/listener_plugin.py took 0.020 seconds
[2024-09-09T21:45:38.592+0530] {processor.py:186} INFO - Started process (PID=135167) to work on /home/sst7260/airflow_projects/project1/env/lib/python3.10/site-packages/airflow/example_dags/plugins/listener_plugin.py
[2024-09-09T21:45:38.595+0530] {processor.py:914} INFO - Processing file /home/sst7260/airflow_projects/project1/env/lib/python3.10/site-packages/airflow/example_dags/plugins/listener_plugin.py for tasks to queue
[2024-09-09T21:45:38.596+0530] {logging_mixin.py:190} INFO - [2024-09-09T21:45:38.595+0530] {dagbag.py:587} INFO - Filling up the DagBag from /home/sst7260/airflow_projects/project1/env/lib/python3.10/site-packages/airflow/example_dags/plugins/listener_plugin.py
[2024-09-09T21:45:38.597+0530] {processor.py:927} WARNING - No viable dags retrieved from /home/sst7260/airflow_projects/project1/env/lib/python3.10/site-packages/airflow/example_dags/plugins/listener_plugin.py
[2024-09-09T21:45:38.605+0530] {processor.py:208} INFO - Processing /home/sst7260/airflow_projects/project1/env/lib/python3.10/site-packages/airflow/example_dags/plugins/listener_plugin.py took 0.018 seconds
[2024-09-09T21:46:32.551+0530] {processor.py:186} INFO - Started process (PID=135231) to work on /home/sst7260/airflow_projects/project1/env/lib/python3.10/site-packages/airflow/example_dags/plugins/listener_plugin.py
[2024-09-09T21:46:32.553+0530] {processor.py:914} INFO - Processing file /home/sst7260/airflow_projects/project1/env/lib/python3.10/site-packages/airflow/example_dags/plugins/listener_plugin.py for tasks to queue
[2024-09-09T21:46:32.555+0530] {logging_mixin.py:190} INFO - [2024-09-09T21:46:32.554+0530] {dagbag.py:587} INFO - Filling up the DagBag from /home/sst7260/airflow_projects/project1/env/lib/python3.10/site-packages/airflow/example_dags/plugins/listener_plugin.py
[2024-09-09T21:46:32.557+0530] {processor.py:927} WARNING - No viable dags retrieved from /home/sst7260/airflow_projects/project1/env/lib/python3.10/site-packages/airflow/example_dags/plugins/listener_plugin.py
[2024-09-09T21:46:32.565+0530] {processor.py:208} INFO - Processing /home/sst7260/airflow_projects/project1/env/lib/python3.10/site-packages/airflow/example_dags/plugins/listener_plugin.py took 0.020 seconds
[2024-09-09T21:47:27.967+0530] {processor.py:186} INFO - Started process (PID=135301) to work on /home/sst7260/airflow_projects/project1/env/lib/python3.10/site-packages/airflow/example_dags/plugins/listener_plugin.py
[2024-09-09T21:47:27.969+0530] {processor.py:914} INFO - Processing file /home/sst7260/airflow_projects/project1/env/lib/python3.10/site-packages/airflow/example_dags/plugins/listener_plugin.py for tasks to queue
[2024-09-09T21:47:27.970+0530] {logging_mixin.py:190} INFO - [2024-09-09T21:47:27.970+0530] {dagbag.py:587} INFO - Filling up the DagBag from /home/sst7260/airflow_projects/project1/env/lib/python3.10/site-packages/airflow/example_dags/plugins/listener_plugin.py
[2024-09-09T21:47:27.971+0530] {processor.py:927} WARNING - No viable dags retrieved from /home/sst7260/airflow_projects/project1/env/lib/python3.10/site-packages/airflow/example_dags/plugins/listener_plugin.py
[2024-09-09T21:47:27.978+0530] {processor.py:208} INFO - Processing /home/sst7260/airflow_projects/project1/env/lib/python3.10/site-packages/airflow/example_dags/plugins/listener_plugin.py took 0.016 seconds
[2024-09-09T21:48:18.639+0530] {processor.py:186} INFO - Started process (PID=135361) to work on /home/sst7260/airflow_projects/project1/env/lib/python3.10/site-packages/airflow/example_dags/plugins/listener_plugin.py
[2024-09-09T21:48:18.640+0530] {processor.py:914} INFO - Processing file /home/sst7260/airflow_projects/project1/env/lib/python3.10/site-packages/airflow/example_dags/plugins/listener_plugin.py for tasks to queue
[2024-09-09T21:48:18.641+0530] {logging_mixin.py:190} INFO - [2024-09-09T21:48:18.641+0530] {dagbag.py:587} INFO - Filling up the DagBag from /home/sst7260/airflow_projects/project1/env/lib/python3.10/site-packages/airflow/example_dags/plugins/listener_plugin.py
[2024-09-09T21:48:18.643+0530] {processor.py:927} WARNING - No viable dags retrieved from /home/sst7260/airflow_projects/project1/env/lib/python3.10/site-packages/airflow/example_dags/plugins/listener_plugin.py
[2024-09-09T21:48:18.651+0530] {processor.py:208} INFO - Processing /home/sst7260/airflow_projects/project1/env/lib/python3.10/site-packages/airflow/example_dags/plugins/listener_plugin.py took 0.017 seconds
[2024-09-09T21:49:11.596+0530] {processor.py:186} INFO - Started process (PID=135424) to work on /home/sst7260/airflow_projects/project1/env/lib/python3.10/site-packages/airflow/example_dags/plugins/listener_plugin.py
[2024-09-09T21:49:11.597+0530] {processor.py:914} INFO - Processing file /home/sst7260/airflow_projects/project1/env/lib/python3.10/site-packages/airflow/example_dags/plugins/listener_plugin.py for tasks to queue
[2024-09-09T21:49:11.598+0530] {logging_mixin.py:190} INFO - [2024-09-09T21:49:11.598+0530] {dagbag.py:587} INFO - Filling up the DagBag from /home/sst7260/airflow_projects/project1/env/lib/python3.10/site-packages/airflow/example_dags/plugins/listener_plugin.py
[2024-09-09T21:49:11.599+0530] {processor.py:927} WARNING - No viable dags retrieved from /home/sst7260/airflow_projects/project1/env/lib/python3.10/site-packages/airflow/example_dags/plugins/listener_plugin.py
[2024-09-09T21:49:11.607+0530] {processor.py:208} INFO - Processing /home/sst7260/airflow_projects/project1/env/lib/python3.10/site-packages/airflow/example_dags/plugins/listener_plugin.py took 0.015 seconds
[2024-09-09T21:50:05.616+0530] {processor.py:186} INFO - Started process (PID=135486) to work on /home/sst7260/airflow_projects/project1/env/lib/python3.10/site-packages/airflow/example_dags/plugins/listener_plugin.py
[2024-09-09T21:50:05.620+0530] {processor.py:914} INFO - Processing file /home/sst7260/airflow_projects/project1/env/lib/python3.10/site-packages/airflow/example_dags/plugins/listener_plugin.py for tasks to queue
[2024-09-09T21:50:05.621+0530] {logging_mixin.py:190} INFO - [2024-09-09T21:50:05.621+0530] {dagbag.py:587} INFO - Filling up the DagBag from /home/sst7260/airflow_projects/project1/env/lib/python3.10/site-packages/airflow/example_dags/plugins/listener_plugin.py
[2024-09-09T21:50:05.623+0530] {processor.py:927} WARNING - No viable dags retrieved from /home/sst7260/airflow_projects/project1/env/lib/python3.10/site-packages/airflow/example_dags/plugins/listener_plugin.py
[2024-09-09T21:50:05.629+0530] {processor.py:208} INFO - Processing /home/sst7260/airflow_projects/project1/env/lib/python3.10/site-packages/airflow/example_dags/plugins/listener_plugin.py took 0.018 seconds
[2024-09-09T21:51:00.968+0530] {processor.py:186} INFO - Started process (PID=135577) to work on /home/sst7260/airflow_projects/project1/env/lib/python3.10/site-packages/airflow/example_dags/plugins/listener_plugin.py
[2024-09-09T21:51:00.978+0530] {processor.py:914} INFO - Processing file /home/sst7260/airflow_projects/project1/env/lib/python3.10/site-packages/airflow/example_dags/plugins/listener_plugin.py for tasks to queue
[2024-09-09T21:51:00.979+0530] {logging_mixin.py:190} INFO - [2024-09-09T21:51:00.979+0530] {dagbag.py:587} INFO - Filling up the DagBag from /home/sst7260/airflow_projects/project1/env/lib/python3.10/site-packages/airflow/example_dags/plugins/listener_plugin.py
[2024-09-09T21:51:00.980+0530] {processor.py:927} WARNING - No viable dags retrieved from /home/sst7260/airflow_projects/project1/env/lib/python3.10/site-packages/airflow/example_dags/plugins/listener_plugin.py
[2024-09-09T21:51:00.986+0530] {processor.py:208} INFO - Processing /home/sst7260/airflow_projects/project1/env/lib/python3.10/site-packages/airflow/example_dags/plugins/listener_plugin.py took 0.023 seconds
[2024-09-09T21:51:53.936+0530] {processor.py:186} INFO - Started process (PID=135638) to work on /home/sst7260/airflow_projects/project1/env/lib/python3.10/site-packages/airflow/example_dags/plugins/listener_plugin.py
[2024-09-09T21:51:53.940+0530] {processor.py:914} INFO - Processing file /home/sst7260/airflow_projects/project1/env/lib/python3.10/site-packages/airflow/example_dags/plugins/listener_plugin.py for tasks to queue
[2024-09-09T21:51:53.942+0530] {logging_mixin.py:190} INFO - [2024-09-09T21:51:53.941+0530] {dagbag.py:587} INFO - Filling up the DagBag from /home/sst7260/airflow_projects/project1/env/lib/python3.10/site-packages/airflow/example_dags/plugins/listener_plugin.py
[2024-09-09T21:51:53.944+0530] {processor.py:927} WARNING - No viable dags retrieved from /home/sst7260/airflow_projects/project1/env/lib/python3.10/site-packages/airflow/example_dags/plugins/listener_plugin.py
[2024-09-09T21:51:53.950+0530] {processor.py:208} INFO - Processing /home/sst7260/airflow_projects/project1/env/lib/python3.10/site-packages/airflow/example_dags/plugins/listener_plugin.py took 0.019 seconds
