[2024-09-09T20:46:02.360+0530] {processor.py:186} INFO - Started process (PID=128082) to work on /home/sst7260/airflow_projects/project1/env/lib/python3.10/site-packages/airflow/example_dags/plugins/workday.py
[2024-09-09T20:46:02.361+0530] {processor.py:914} INFO - Processing file /home/sst7260/airflow_projects/project1/env/lib/python3.10/site-packages/airflow/example_dags/plugins/workday.py for tasks to queue
[2024-09-09T20:46:02.363+0530] {logging_mixin.py:190} INFO - [2024-09-09T20:46:02.362+0530] {dagbag.py:587} INFO - Filling up the DagBag from /home/sst7260/airflow_projects/project1/env/lib/python3.10/site-packages/airflow/example_dags/plugins/workday.py
[2024-09-09T20:46:02.369+0530] {logging_mixin.py:190} INFO - [2024-09-09T20:46:02.368+0530] {workday.py:41} WARNING - Could not import pandas. Holidays will not be considered.
[2024-09-09T20:46:02.369+0530] {processor.py:927} WARNING - No viable dags retrieved from /home/sst7260/airflow_projects/project1/env/lib/python3.10/site-packages/airflow/example_dags/plugins/workday.py
[2024-09-09T20:46:02.380+0530] {processor.py:208} INFO - Processing /home/sst7260/airflow_projects/project1/env/lib/python3.10/site-packages/airflow/example_dags/plugins/workday.py took 0.028 seconds
[2024-09-09T20:47:21.427+0530] {processor.py:186} INFO - Started process (PID=128535) to work on /home/sst7260/airflow_projects/project1/env/lib/python3.10/site-packages/airflow/example_dags/plugins/workday.py
[2024-09-09T20:47:21.429+0530] {processor.py:914} INFO - Processing file /home/sst7260/airflow_projects/project1/env/lib/python3.10/site-packages/airflow/example_dags/plugins/workday.py for tasks to queue
[2024-09-09T20:47:21.430+0530] {logging_mixin.py:190} INFO - [2024-09-09T20:47:21.430+0530] {dagbag.py:587} INFO - Filling up the DagBag from /home/sst7260/airflow_projects/project1/env/lib/python3.10/site-packages/airflow/example_dags/plugins/workday.py
[2024-09-09T20:47:21.432+0530] {logging_mixin.py:190} INFO - [2024-09-09T20:47:21.432+0530] {workday.py:41} WARNING - Could not import pandas. Holidays will not be considered.
[2024-09-09T20:47:21.432+0530] {processor.py:927} WARNING - No viable dags retrieved from /home/sst7260/airflow_projects/project1/env/lib/python3.10/site-packages/airflow/example_dags/plugins/workday.py
[2024-09-09T20:47:21.439+0530] {processor.py:208} INFO - Processing /home/sst7260/airflow_projects/project1/env/lib/python3.10/site-packages/airflow/example_dags/plugins/workday.py took 0.016 seconds
[2024-09-09T20:48:18.108+0530] {processor.py:186} INFO - Started process (PID=128601) to work on /home/sst7260/airflow_projects/project1/env/lib/python3.10/site-packages/airflow/example_dags/plugins/workday.py
[2024-09-09T20:48:18.110+0530] {processor.py:914} INFO - Processing file /home/sst7260/airflow_projects/project1/env/lib/python3.10/site-packages/airflow/example_dags/plugins/workday.py for tasks to queue
[2024-09-09T20:48:18.111+0530] {logging_mixin.py:190} INFO - [2024-09-09T20:48:18.111+0530] {dagbag.py:587} INFO - Filling up the DagBag from /home/sst7260/airflow_projects/project1/env/lib/python3.10/site-packages/airflow/example_dags/plugins/workday.py
[2024-09-09T20:48:18.113+0530] {logging_mixin.py:190} INFO - [2024-09-09T20:48:18.113+0530] {workday.py:41} WARNING - Could not import pandas. Holidays will not be considered.
[2024-09-09T20:48:18.114+0530] {processor.py:927} WARNING - No viable dags retrieved from /home/sst7260/airflow_projects/project1/env/lib/python3.10/site-packages/airflow/example_dags/plugins/workday.py
[2024-09-09T20:48:18.121+0530] {processor.py:208} INFO - Processing /home/sst7260/airflow_projects/project1/env/lib/python3.10/site-packages/airflow/example_dags/plugins/workday.py took 0.017 seconds
[2024-09-09T20:49:17.797+0530] {processor.py:186} INFO - Started process (PID=128678) to work on /home/sst7260/airflow_projects/project1/env/lib/python3.10/site-packages/airflow/example_dags/plugins/workday.py
[2024-09-09T20:49:17.799+0530] {processor.py:914} INFO - Processing file /home/sst7260/airflow_projects/project1/env/lib/python3.10/site-packages/airflow/example_dags/plugins/workday.py for tasks to queue
[2024-09-09T20:49:17.800+0530] {logging_mixin.py:190} INFO - [2024-09-09T20:49:17.800+0530] {dagbag.py:587} INFO - Filling up the DagBag from /home/sst7260/airflow_projects/project1/env/lib/python3.10/site-packages/airflow/example_dags/plugins/workday.py
[2024-09-09T20:49:17.802+0530] {logging_mixin.py:190} INFO - [2024-09-09T20:49:17.802+0530] {workday.py:41} WARNING - Could not import pandas. Holidays will not be considered.
[2024-09-09T20:49:17.802+0530] {processor.py:927} WARNING - No viable dags retrieved from /home/sst7260/airflow_projects/project1/env/lib/python3.10/site-packages/airflow/example_dags/plugins/workday.py
[2024-09-09T20:49:17.810+0530] {processor.py:208} INFO - Processing /home/sst7260/airflow_projects/project1/env/lib/python3.10/site-packages/airflow/example_dags/plugins/workday.py took 0.016 seconds
[2024-09-09T20:50:10.410+0530] {processor.py:186} INFO - Started process (PID=128742) to work on /home/sst7260/airflow_projects/project1/env/lib/python3.10/site-packages/airflow/example_dags/plugins/workday.py
[2024-09-09T20:50:10.412+0530] {processor.py:914} INFO - Processing file /home/sst7260/airflow_projects/project1/env/lib/python3.10/site-packages/airflow/example_dags/plugins/workday.py for tasks to queue
[2024-09-09T20:50:10.414+0530] {logging_mixin.py:190} INFO - [2024-09-09T20:50:10.414+0530] {dagbag.py:587} INFO - Filling up the DagBag from /home/sst7260/airflow_projects/project1/env/lib/python3.10/site-packages/airflow/example_dags/plugins/workday.py
[2024-09-09T20:50:10.416+0530] {logging_mixin.py:190} INFO - [2024-09-09T20:50:10.416+0530] {workday.py:41} WARNING - Could not import pandas. Holidays will not be considered.
[2024-09-09T20:50:10.416+0530] {processor.py:927} WARNING - No viable dags retrieved from /home/sst7260/airflow_projects/project1/env/lib/python3.10/site-packages/airflow/example_dags/plugins/workday.py
[2024-09-09T20:50:10.423+0530] {processor.py:208} INFO - Processing /home/sst7260/airflow_projects/project1/env/lib/python3.10/site-packages/airflow/example_dags/plugins/workday.py took 0.017 seconds
[2024-09-09T20:51:03.381+0530] {processor.py:186} INFO - Started process (PID=128831) to work on /home/sst7260/airflow_projects/project1/env/lib/python3.10/site-packages/airflow/example_dags/plugins/workday.py
[2024-09-09T20:51:03.382+0530] {processor.py:914} INFO - Processing file /home/sst7260/airflow_projects/project1/env/lib/python3.10/site-packages/airflow/example_dags/plugins/workday.py for tasks to queue
[2024-09-09T20:51:03.383+0530] {logging_mixin.py:190} INFO - [2024-09-09T20:51:03.383+0530] {dagbag.py:587} INFO - Filling up the DagBag from /home/sst7260/airflow_projects/project1/env/lib/python3.10/site-packages/airflow/example_dags/plugins/workday.py
[2024-09-09T20:51:03.385+0530] {logging_mixin.py:190} INFO - [2024-09-09T20:51:03.385+0530] {workday.py:41} WARNING - Could not import pandas. Holidays will not be considered.
[2024-09-09T20:51:03.385+0530] {processor.py:927} WARNING - No viable dags retrieved from /home/sst7260/airflow_projects/project1/env/lib/python3.10/site-packages/airflow/example_dags/plugins/workday.py
[2024-09-09T20:51:03.393+0530] {processor.py:208} INFO - Processing /home/sst7260/airflow_projects/project1/env/lib/python3.10/site-packages/airflow/example_dags/plugins/workday.py took 0.017 seconds
[2024-09-09T20:51:57.490+0530] {processor.py:186} INFO - Started process (PID=129031) to work on /home/sst7260/airflow_projects/project1/env/lib/python3.10/site-packages/airflow/example_dags/plugins/workday.py
[2024-09-09T20:51:57.491+0530] {processor.py:914} INFO - Processing file /home/sst7260/airflow_projects/project1/env/lib/python3.10/site-packages/airflow/example_dags/plugins/workday.py for tasks to queue
[2024-09-09T20:51:57.493+0530] {logging_mixin.py:190} INFO - [2024-09-09T20:51:57.493+0530] {dagbag.py:587} INFO - Filling up the DagBag from /home/sst7260/airflow_projects/project1/env/lib/python3.10/site-packages/airflow/example_dags/plugins/workday.py
[2024-09-09T20:51:57.495+0530] {logging_mixin.py:190} INFO - [2024-09-09T20:51:57.495+0530] {workday.py:41} WARNING - Could not import pandas. Holidays will not be considered.
[2024-09-09T20:51:57.495+0530] {processor.py:927} WARNING - No viable dags retrieved from /home/sst7260/airflow_projects/project1/env/lib/python3.10/site-packages/airflow/example_dags/plugins/workday.py
[2024-09-09T20:51:57.508+0530] {processor.py:208} INFO - Processing /home/sst7260/airflow_projects/project1/env/lib/python3.10/site-packages/airflow/example_dags/plugins/workday.py took 0.028 seconds
[2024-09-09T20:52:56.411+0530] {processor.py:186} INFO - Started process (PID=129397) to work on /home/sst7260/airflow_projects/project1/env/lib/python3.10/site-packages/airflow/example_dags/plugins/workday.py
[2024-09-09T20:52:56.413+0530] {processor.py:914} INFO - Processing file /home/sst7260/airflow_projects/project1/env/lib/python3.10/site-packages/airflow/example_dags/plugins/workday.py for tasks to queue
[2024-09-09T20:52:56.415+0530] {logging_mixin.py:190} INFO - [2024-09-09T20:52:56.415+0530] {dagbag.py:587} INFO - Filling up the DagBag from /home/sst7260/airflow_projects/project1/env/lib/python3.10/site-packages/airflow/example_dags/plugins/workday.py
[2024-09-09T20:52:56.419+0530] {logging_mixin.py:190} INFO - [2024-09-09T20:52:56.419+0530] {workday.py:41} WARNING - Could not import pandas. Holidays will not be considered.
[2024-09-09T20:52:56.419+0530] {processor.py:927} WARNING - No viable dags retrieved from /home/sst7260/airflow_projects/project1/env/lib/python3.10/site-packages/airflow/example_dags/plugins/workday.py
[2024-09-09T20:52:56.432+0530] {processor.py:208} INFO - Processing /home/sst7260/airflow_projects/project1/env/lib/python3.10/site-packages/airflow/example_dags/plugins/workday.py took 0.025 seconds
[2024-09-09T20:54:03.346+0530] {processor.py:186} INFO - Started process (PID=129694) to work on /home/sst7260/airflow_projects/project1/env/lib/python3.10/site-packages/airflow/example_dags/plugins/workday.py
[2024-09-09T20:54:03.349+0530] {processor.py:914} INFO - Processing file /home/sst7260/airflow_projects/project1/env/lib/python3.10/site-packages/airflow/example_dags/plugins/workday.py for tasks to queue
[2024-09-09T20:54:03.351+0530] {logging_mixin.py:190} INFO - [2024-09-09T20:54:03.351+0530] {dagbag.py:587} INFO - Filling up the DagBag from /home/sst7260/airflow_projects/project1/env/lib/python3.10/site-packages/airflow/example_dags/plugins/workday.py
[2024-09-09T20:54:03.353+0530] {logging_mixin.py:190} INFO - [2024-09-09T20:54:03.353+0530] {workday.py:41} WARNING - Could not import pandas. Holidays will not be considered.
[2024-09-09T20:54:03.353+0530] {processor.py:927} WARNING - No viable dags retrieved from /home/sst7260/airflow_projects/project1/env/lib/python3.10/site-packages/airflow/example_dags/plugins/workday.py
[2024-09-09T20:54:03.363+0530] {processor.py:208} INFO - Processing /home/sst7260/airflow_projects/project1/env/lib/python3.10/site-packages/airflow/example_dags/plugins/workday.py took 0.023 seconds
[2024-09-09T20:55:10.916+0530] {processor.py:186} INFO - Started process (PID=130043) to work on /home/sst7260/airflow_projects/project1/env/lib/python3.10/site-packages/airflow/example_dags/plugins/workday.py
[2024-09-09T20:55:10.918+0530] {processor.py:914} INFO - Processing file /home/sst7260/airflow_projects/project1/env/lib/python3.10/site-packages/airflow/example_dags/plugins/workday.py for tasks to queue
[2024-09-09T20:55:10.919+0530] {logging_mixin.py:190} INFO - [2024-09-09T20:55:10.919+0530] {dagbag.py:587} INFO - Filling up the DagBag from /home/sst7260/airflow_projects/project1/env/lib/python3.10/site-packages/airflow/example_dags/plugins/workday.py
[2024-09-09T20:55:10.921+0530] {logging_mixin.py:190} INFO - [2024-09-09T20:55:10.921+0530] {workday.py:41} WARNING - Could not import pandas. Holidays will not be considered.
[2024-09-09T20:55:10.921+0530] {processor.py:927} WARNING - No viable dags retrieved from /home/sst7260/airflow_projects/project1/env/lib/python3.10/site-packages/airflow/example_dags/plugins/workday.py
[2024-09-09T20:55:10.929+0530] {processor.py:208} INFO - Processing /home/sst7260/airflow_projects/project1/env/lib/python3.10/site-packages/airflow/example_dags/plugins/workday.py took 0.021 seconds
[2024-09-09T20:56:04.825+0530] {processor.py:186} INFO - Started process (PID=130168) to work on /home/sst7260/airflow_projects/project1/env/lib/python3.10/site-packages/airflow/example_dags/plugins/workday.py
[2024-09-09T20:56:04.827+0530] {processor.py:914} INFO - Processing file /home/sst7260/airflow_projects/project1/env/lib/python3.10/site-packages/airflow/example_dags/plugins/workday.py for tasks to queue
[2024-09-09T20:56:04.828+0530] {logging_mixin.py:190} INFO - [2024-09-09T20:56:04.828+0530] {dagbag.py:587} INFO - Filling up the DagBag from /home/sst7260/airflow_projects/project1/env/lib/python3.10/site-packages/airflow/example_dags/plugins/workday.py
[2024-09-09T20:56:04.833+0530] {logging_mixin.py:190} INFO - [2024-09-09T20:56:04.832+0530] {workday.py:41} WARNING - Could not import pandas. Holidays will not be considered.
[2024-09-09T20:56:04.833+0530] {processor.py:927} WARNING - No viable dags retrieved from /home/sst7260/airflow_projects/project1/env/lib/python3.10/site-packages/airflow/example_dags/plugins/workday.py
[2024-09-09T20:56:04.841+0530] {processor.py:208} INFO - Processing /home/sst7260/airflow_projects/project1/env/lib/python3.10/site-packages/airflow/example_dags/plugins/workday.py took 0.020 seconds
[2024-09-09T20:56:59.270+0530] {processor.py:186} INFO - Started process (PID=130423) to work on /home/sst7260/airflow_projects/project1/env/lib/python3.10/site-packages/airflow/example_dags/plugins/workday.py
[2024-09-09T20:56:59.272+0530] {processor.py:914} INFO - Processing file /home/sst7260/airflow_projects/project1/env/lib/python3.10/site-packages/airflow/example_dags/plugins/workday.py for tasks to queue
[2024-09-09T20:56:59.273+0530] {logging_mixin.py:190} INFO - [2024-09-09T20:56:59.273+0530] {dagbag.py:587} INFO - Filling up the DagBag from /home/sst7260/airflow_projects/project1/env/lib/python3.10/site-packages/airflow/example_dags/plugins/workday.py
[2024-09-09T20:56:59.276+0530] {logging_mixin.py:190} INFO - [2024-09-09T20:56:59.276+0530] {workday.py:41} WARNING - Could not import pandas. Holidays will not be considered.
[2024-09-09T20:56:59.276+0530] {processor.py:927} WARNING - No viable dags retrieved from /home/sst7260/airflow_projects/project1/env/lib/python3.10/site-packages/airflow/example_dags/plugins/workday.py
[2024-09-09T20:56:59.283+0530] {processor.py:208} INFO - Processing /home/sst7260/airflow_projects/project1/env/lib/python3.10/site-packages/airflow/example_dags/plugins/workday.py took 0.017 seconds
[2024-09-09T20:57:53.707+0530] {processor.py:186} INFO - Started process (PID=130488) to work on /home/sst7260/airflow_projects/project1/env/lib/python3.10/site-packages/airflow/example_dags/plugins/workday.py
[2024-09-09T20:57:53.709+0530] {processor.py:914} INFO - Processing file /home/sst7260/airflow_projects/project1/env/lib/python3.10/site-packages/airflow/example_dags/plugins/workday.py for tasks to queue
[2024-09-09T20:57:53.711+0530] {logging_mixin.py:190} INFO - [2024-09-09T20:57:53.711+0530] {dagbag.py:587} INFO - Filling up the DagBag from /home/sst7260/airflow_projects/project1/env/lib/python3.10/site-packages/airflow/example_dags/plugins/workday.py
[2024-09-09T20:57:53.712+0530] {logging_mixin.py:190} INFO - [2024-09-09T20:57:53.712+0530] {workday.py:41} WARNING - Could not import pandas. Holidays will not be considered.
[2024-09-09T20:57:53.713+0530] {processor.py:927} WARNING - No viable dags retrieved from /home/sst7260/airflow_projects/project1/env/lib/python3.10/site-packages/airflow/example_dags/plugins/workday.py
[2024-09-09T20:57:53.720+0530] {processor.py:208} INFO - Processing /home/sst7260/airflow_projects/project1/env/lib/python3.10/site-packages/airflow/example_dags/plugins/workday.py took 0.017 seconds
[2024-09-09T20:58:47.668+0530] {processor.py:186} INFO - Started process (PID=130584) to work on /home/sst7260/airflow_projects/project1/env/lib/python3.10/site-packages/airflow/example_dags/plugins/workday.py
[2024-09-09T20:58:47.670+0530] {processor.py:914} INFO - Processing file /home/sst7260/airflow_projects/project1/env/lib/python3.10/site-packages/airflow/example_dags/plugins/workday.py for tasks to queue
[2024-09-09T20:58:47.671+0530] {logging_mixin.py:190} INFO - [2024-09-09T20:58:47.671+0530] {dagbag.py:587} INFO - Filling up the DagBag from /home/sst7260/airflow_projects/project1/env/lib/python3.10/site-packages/airflow/example_dags/plugins/workday.py
[2024-09-09T20:58:47.673+0530] {logging_mixin.py:190} INFO - [2024-09-09T20:58:47.673+0530] {workday.py:41} WARNING - Could not import pandas. Holidays will not be considered.
[2024-09-09T20:58:47.674+0530] {processor.py:927} WARNING - No viable dags retrieved from /home/sst7260/airflow_projects/project1/env/lib/python3.10/site-packages/airflow/example_dags/plugins/workday.py
[2024-09-09T20:58:47.684+0530] {processor.py:208} INFO - Processing /home/sst7260/airflow_projects/project1/env/lib/python3.10/site-packages/airflow/example_dags/plugins/workday.py took 0.025 seconds
[2024-09-09T20:59:43.904+0530] {processor.py:186} INFO - Started process (PID=130778) to work on /home/sst7260/airflow_projects/project1/env/lib/python3.10/site-packages/airflow/example_dags/plugins/workday.py
[2024-09-09T20:59:43.907+0530] {processor.py:914} INFO - Processing file /home/sst7260/airflow_projects/project1/env/lib/python3.10/site-packages/airflow/example_dags/plugins/workday.py for tasks to queue
[2024-09-09T20:59:43.909+0530] {logging_mixin.py:190} INFO - [2024-09-09T20:59:43.908+0530] {dagbag.py:587} INFO - Filling up the DagBag from /home/sst7260/airflow_projects/project1/env/lib/python3.10/site-packages/airflow/example_dags/plugins/workday.py
[2024-09-09T20:59:43.912+0530] {logging_mixin.py:190} INFO - [2024-09-09T20:59:43.912+0530] {workday.py:41} WARNING - Could not import pandas. Holidays will not be considered.
[2024-09-09T20:59:43.913+0530] {processor.py:927} WARNING - No viable dags retrieved from /home/sst7260/airflow_projects/project1/env/lib/python3.10/site-packages/airflow/example_dags/plugins/workday.py
[2024-09-09T20:59:43.925+0530] {processor.py:208} INFO - Processing /home/sst7260/airflow_projects/project1/env/lib/python3.10/site-packages/airflow/example_dags/plugins/workday.py took 0.027 seconds
[2024-09-09T21:00:40.149+0530] {processor.py:186} INFO - Started process (PID=131009) to work on /home/sst7260/airflow_projects/project1/env/lib/python3.10/site-packages/airflow/example_dags/plugins/workday.py
[2024-09-09T21:00:40.151+0530] {processor.py:914} INFO - Processing file /home/sst7260/airflow_projects/project1/env/lib/python3.10/site-packages/airflow/example_dags/plugins/workday.py for tasks to queue
[2024-09-09T21:00:40.152+0530] {logging_mixin.py:190} INFO - [2024-09-09T21:00:40.152+0530] {dagbag.py:587} INFO - Filling up the DagBag from /home/sst7260/airflow_projects/project1/env/lib/python3.10/site-packages/airflow/example_dags/plugins/workday.py
[2024-09-09T21:00:40.154+0530] {logging_mixin.py:190} INFO - [2024-09-09T21:00:40.154+0530] {workday.py:41} WARNING - Could not import pandas. Holidays will not be considered.
[2024-09-09T21:00:40.154+0530] {processor.py:927} WARNING - No viable dags retrieved from /home/sst7260/airflow_projects/project1/env/lib/python3.10/site-packages/airflow/example_dags/plugins/workday.py
[2024-09-09T21:00:40.163+0530] {processor.py:208} INFO - Processing /home/sst7260/airflow_projects/project1/env/lib/python3.10/site-packages/airflow/example_dags/plugins/workday.py took 0.019 seconds
[2024-09-09T21:01:49.907+0530] {processor.py:186} INFO - Started process (PID=131274) to work on /home/sst7260/airflow_projects/project1/env/lib/python3.10/site-packages/airflow/example_dags/plugins/workday.py
[2024-09-09T21:01:49.908+0530] {processor.py:914} INFO - Processing file /home/sst7260/airflow_projects/project1/env/lib/python3.10/site-packages/airflow/example_dags/plugins/workday.py for tasks to queue
[2024-09-09T21:01:49.910+0530] {logging_mixin.py:190} INFO - [2024-09-09T21:01:49.909+0530] {dagbag.py:587} INFO - Filling up the DagBag from /home/sst7260/airflow_projects/project1/env/lib/python3.10/site-packages/airflow/example_dags/plugins/workday.py
[2024-09-09T21:01:49.912+0530] {logging_mixin.py:190} INFO - [2024-09-09T21:01:49.912+0530] {workday.py:41} WARNING - Could not import pandas. Holidays will not be considered.
[2024-09-09T21:01:49.912+0530] {processor.py:927} WARNING - No viable dags retrieved from /home/sst7260/airflow_projects/project1/env/lib/python3.10/site-packages/airflow/example_dags/plugins/workday.py
[2024-09-09T21:01:49.920+0530] {processor.py:208} INFO - Processing /home/sst7260/airflow_projects/project1/env/lib/python3.10/site-packages/airflow/example_dags/plugins/workday.py took 0.017 seconds
[2024-09-09T21:02:43.157+0530] {processor.py:186} INFO - Started process (PID=131462) to work on /home/sst7260/airflow_projects/project1/env/lib/python3.10/site-packages/airflow/example_dags/plugins/workday.py
[2024-09-09T21:02:43.159+0530] {processor.py:914} INFO - Processing file /home/sst7260/airflow_projects/project1/env/lib/python3.10/site-packages/airflow/example_dags/plugins/workday.py for tasks to queue
[2024-09-09T21:02:43.160+0530] {logging_mixin.py:190} INFO - [2024-09-09T21:02:43.160+0530] {dagbag.py:587} INFO - Filling up the DagBag from /home/sst7260/airflow_projects/project1/env/lib/python3.10/site-packages/airflow/example_dags/plugins/workday.py
[2024-09-09T21:02:43.162+0530] {logging_mixin.py:190} INFO - [2024-09-09T21:02:43.162+0530] {workday.py:41} WARNING - Could not import pandas. Holidays will not be considered.
[2024-09-09T21:02:43.163+0530] {processor.py:927} WARNING - No viable dags retrieved from /home/sst7260/airflow_projects/project1/env/lib/python3.10/site-packages/airflow/example_dags/plugins/workday.py
[2024-09-09T21:02:43.170+0530] {processor.py:208} INFO - Processing /home/sst7260/airflow_projects/project1/env/lib/python3.10/site-packages/airflow/example_dags/plugins/workday.py took 0.017 seconds
[2024-09-09T21:03:39.219+0530] {processor.py:186} INFO - Started process (PID=131526) to work on /home/sst7260/airflow_projects/project1/env/lib/python3.10/site-packages/airflow/example_dags/plugins/workday.py
[2024-09-09T21:03:39.228+0530] {processor.py:914} INFO - Processing file /home/sst7260/airflow_projects/project1/env/lib/python3.10/site-packages/airflow/example_dags/plugins/workday.py for tasks to queue
[2024-09-09T21:03:39.230+0530] {logging_mixin.py:190} INFO - [2024-09-09T21:03:39.229+0530] {dagbag.py:587} INFO - Filling up the DagBag from /home/sst7260/airflow_projects/project1/env/lib/python3.10/site-packages/airflow/example_dags/plugins/workday.py
[2024-09-09T21:03:39.232+0530] {logging_mixin.py:190} INFO - [2024-09-09T21:03:39.232+0530] {workday.py:41} WARNING - Could not import pandas. Holidays will not be considered.
[2024-09-09T21:03:39.232+0530] {processor.py:927} WARNING - No viable dags retrieved from /home/sst7260/airflow_projects/project1/env/lib/python3.10/site-packages/airflow/example_dags/plugins/workday.py
[2024-09-09T21:03:39.244+0530] {processor.py:208} INFO - Processing /home/sst7260/airflow_projects/project1/env/lib/python3.10/site-packages/airflow/example_dags/plugins/workday.py took 0.031 seconds
[2024-09-09T21:04:35.020+0530] {processor.py:186} INFO - Started process (PID=131591) to work on /home/sst7260/airflow_projects/project1/env/lib/python3.10/site-packages/airflow/example_dags/plugins/workday.py
[2024-09-09T21:04:35.022+0530] {processor.py:914} INFO - Processing file /home/sst7260/airflow_projects/project1/env/lib/python3.10/site-packages/airflow/example_dags/plugins/workday.py for tasks to queue
[2024-09-09T21:04:35.024+0530] {logging_mixin.py:190} INFO - [2024-09-09T21:04:35.024+0530] {dagbag.py:587} INFO - Filling up the DagBag from /home/sst7260/airflow_projects/project1/env/lib/python3.10/site-packages/airflow/example_dags/plugins/workday.py
[2024-09-09T21:04:35.027+0530] {logging_mixin.py:190} INFO - [2024-09-09T21:04:35.027+0530] {workday.py:41} WARNING - Could not import pandas. Holidays will not be considered.
[2024-09-09T21:04:35.027+0530] {processor.py:927} WARNING - No viable dags retrieved from /home/sst7260/airflow_projects/project1/env/lib/python3.10/site-packages/airflow/example_dags/plugins/workday.py
[2024-09-09T21:04:35.038+0530] {processor.py:208} INFO - Processing /home/sst7260/airflow_projects/project1/env/lib/python3.10/site-packages/airflow/example_dags/plugins/workday.py took 0.023 seconds
[2024-09-09T21:05:33.146+0530] {processor.py:186} INFO - Started process (PID=131832) to work on /home/sst7260/airflow_projects/project1/env/lib/python3.10/site-packages/airflow/example_dags/plugins/workday.py
[2024-09-09T21:05:33.148+0530] {processor.py:914} INFO - Processing file /home/sst7260/airflow_projects/project1/env/lib/python3.10/site-packages/airflow/example_dags/plugins/workday.py for tasks to queue
[2024-09-09T21:05:33.150+0530] {logging_mixin.py:190} INFO - [2024-09-09T21:05:33.149+0530] {dagbag.py:587} INFO - Filling up the DagBag from /home/sst7260/airflow_projects/project1/env/lib/python3.10/site-packages/airflow/example_dags/plugins/workday.py
[2024-09-09T21:05:33.151+0530] {logging_mixin.py:190} INFO - [2024-09-09T21:05:33.151+0530] {workday.py:41} WARNING - Could not import pandas. Holidays will not be considered.
[2024-09-09T21:05:33.152+0530] {processor.py:927} WARNING - No viable dags retrieved from /home/sst7260/airflow_projects/project1/env/lib/python3.10/site-packages/airflow/example_dags/plugins/workday.py
[2024-09-09T21:05:33.158+0530] {processor.py:208} INFO - Processing /home/sst7260/airflow_projects/project1/env/lib/python3.10/site-packages/airflow/example_dags/plugins/workday.py took 0.017 seconds
[2024-09-09T21:06:27.069+0530] {processor.py:186} INFO - Started process (PID=131917) to work on /home/sst7260/airflow_projects/project1/env/lib/python3.10/site-packages/airflow/example_dags/plugins/workday.py
[2024-09-09T21:06:27.077+0530] {processor.py:914} INFO - Processing file /home/sst7260/airflow_projects/project1/env/lib/python3.10/site-packages/airflow/example_dags/plugins/workday.py for tasks to queue
[2024-09-09T21:06:27.079+0530] {logging_mixin.py:190} INFO - [2024-09-09T21:06:27.078+0530] {dagbag.py:587} INFO - Filling up the DagBag from /home/sst7260/airflow_projects/project1/env/lib/python3.10/site-packages/airflow/example_dags/plugins/workday.py
[2024-09-09T21:06:27.081+0530] {logging_mixin.py:190} INFO - [2024-09-09T21:06:27.081+0530] {workday.py:41} WARNING - Could not import pandas. Holidays will not be considered.
[2024-09-09T21:06:27.081+0530] {processor.py:927} WARNING - No viable dags retrieved from /home/sst7260/airflow_projects/project1/env/lib/python3.10/site-packages/airflow/example_dags/plugins/workday.py
[2024-09-09T21:06:27.088+0530] {processor.py:208} INFO - Processing /home/sst7260/airflow_projects/project1/env/lib/python3.10/site-packages/airflow/example_dags/plugins/workday.py took 0.024 seconds
[2024-09-09T21:07:21.203+0530] {processor.py:186} INFO - Started process (PID=131982) to work on /home/sst7260/airflow_projects/project1/env/lib/python3.10/site-packages/airflow/example_dags/plugins/workday.py
[2024-09-09T21:07:21.207+0530] {processor.py:914} INFO - Processing file /home/sst7260/airflow_projects/project1/env/lib/python3.10/site-packages/airflow/example_dags/plugins/workday.py for tasks to queue
[2024-09-09T21:07:21.208+0530] {logging_mixin.py:190} INFO - [2024-09-09T21:07:21.208+0530] {dagbag.py:587} INFO - Filling up the DagBag from /home/sst7260/airflow_projects/project1/env/lib/python3.10/site-packages/airflow/example_dags/plugins/workday.py
[2024-09-09T21:07:21.210+0530] {logging_mixin.py:190} INFO - [2024-09-09T21:07:21.210+0530] {workday.py:41} WARNING - Could not import pandas. Holidays will not be considered.
[2024-09-09T21:07:21.210+0530] {processor.py:927} WARNING - No viable dags retrieved from /home/sst7260/airflow_projects/project1/env/lib/python3.10/site-packages/airflow/example_dags/plugins/workday.py
[2024-09-09T21:07:21.217+0530] {processor.py:208} INFO - Processing /home/sst7260/airflow_projects/project1/env/lib/python3.10/site-packages/airflow/example_dags/plugins/workday.py took 0.018 seconds
[2024-09-09T21:08:14.235+0530] {processor.py:186} INFO - Started process (PID=132045) to work on /home/sst7260/airflow_projects/project1/env/lib/python3.10/site-packages/airflow/example_dags/plugins/workday.py
[2024-09-09T21:08:14.237+0530] {processor.py:914} INFO - Processing file /home/sst7260/airflow_projects/project1/env/lib/python3.10/site-packages/airflow/example_dags/plugins/workday.py for tasks to queue
[2024-09-09T21:08:14.238+0530] {logging_mixin.py:190} INFO - [2024-09-09T21:08:14.238+0530] {dagbag.py:587} INFO - Filling up the DagBag from /home/sst7260/airflow_projects/project1/env/lib/python3.10/site-packages/airflow/example_dags/plugins/workday.py
[2024-09-09T21:08:14.240+0530] {logging_mixin.py:190} INFO - [2024-09-09T21:08:14.239+0530] {workday.py:41} WARNING - Could not import pandas. Holidays will not be considered.
[2024-09-09T21:08:14.240+0530] {processor.py:927} WARNING - No viable dags retrieved from /home/sst7260/airflow_projects/project1/env/lib/python3.10/site-packages/airflow/example_dags/plugins/workday.py
[2024-09-09T21:08:14.246+0530] {processor.py:208} INFO - Processing /home/sst7260/airflow_projects/project1/env/lib/python3.10/site-packages/airflow/example_dags/plugins/workday.py took 0.016 seconds
[2024-09-09T21:09:12.035+0530] {processor.py:186} INFO - Started process (PID=132110) to work on /home/sst7260/airflow_projects/project1/env/lib/python3.10/site-packages/airflow/example_dags/plugins/workday.py
[2024-09-09T21:09:12.039+0530] {processor.py:914} INFO - Processing file /home/sst7260/airflow_projects/project1/env/lib/python3.10/site-packages/airflow/example_dags/plugins/workday.py for tasks to queue
[2024-09-09T21:09:12.041+0530] {logging_mixin.py:190} INFO - [2024-09-09T21:09:12.040+0530] {dagbag.py:587} INFO - Filling up the DagBag from /home/sst7260/airflow_projects/project1/env/lib/python3.10/site-packages/airflow/example_dags/plugins/workday.py
[2024-09-09T21:09:12.043+0530] {logging_mixin.py:190} INFO - [2024-09-09T21:09:12.043+0530] {workday.py:41} WARNING - Could not import pandas. Holidays will not be considered.
[2024-09-09T21:09:12.043+0530] {processor.py:927} WARNING - No viable dags retrieved from /home/sst7260/airflow_projects/project1/env/lib/python3.10/site-packages/airflow/example_dags/plugins/workday.py
[2024-09-09T21:09:12.050+0530] {processor.py:208} INFO - Processing /home/sst7260/airflow_projects/project1/env/lib/python3.10/site-packages/airflow/example_dags/plugins/workday.py took 0.020 seconds
[2024-09-09T21:10:06.322+0530] {processor.py:186} INFO - Started process (PID=132175) to work on /home/sst7260/airflow_projects/project1/env/lib/python3.10/site-packages/airflow/example_dags/plugins/workday.py
[2024-09-09T21:10:06.326+0530] {processor.py:914} INFO - Processing file /home/sst7260/airflow_projects/project1/env/lib/python3.10/site-packages/airflow/example_dags/plugins/workday.py for tasks to queue
[2024-09-09T21:10:06.327+0530] {logging_mixin.py:190} INFO - [2024-09-09T21:10:06.327+0530] {dagbag.py:587} INFO - Filling up the DagBag from /home/sst7260/airflow_projects/project1/env/lib/python3.10/site-packages/airflow/example_dags/plugins/workday.py
[2024-09-09T21:10:06.329+0530] {logging_mixin.py:190} INFO - [2024-09-09T21:10:06.329+0530] {workday.py:41} WARNING - Could not import pandas. Holidays will not be considered.
[2024-09-09T21:10:06.330+0530] {processor.py:927} WARNING - No viable dags retrieved from /home/sst7260/airflow_projects/project1/env/lib/python3.10/site-packages/airflow/example_dags/plugins/workday.py
[2024-09-09T21:10:06.337+0530] {processor.py:208} INFO - Processing /home/sst7260/airflow_projects/project1/env/lib/python3.10/site-packages/airflow/example_dags/plugins/workday.py took 0.020 seconds
[2024-09-09T21:10:57.277+0530] {processor.py:186} INFO - Started process (PID=132264) to work on /home/sst7260/airflow_projects/project1/env/lib/python3.10/site-packages/airflow/example_dags/plugins/workday.py
[2024-09-09T21:10:57.279+0530] {processor.py:914} INFO - Processing file /home/sst7260/airflow_projects/project1/env/lib/python3.10/site-packages/airflow/example_dags/plugins/workday.py for tasks to queue
[2024-09-09T21:10:57.280+0530] {logging_mixin.py:190} INFO - [2024-09-09T21:10:57.280+0530] {dagbag.py:587} INFO - Filling up the DagBag from /home/sst7260/airflow_projects/project1/env/lib/python3.10/site-packages/airflow/example_dags/plugins/workday.py
[2024-09-09T21:10:57.283+0530] {logging_mixin.py:190} INFO - [2024-09-09T21:10:57.282+0530] {workday.py:41} WARNING - Could not import pandas. Holidays will not be considered.
[2024-09-09T21:10:57.283+0530] {processor.py:927} WARNING - No viable dags retrieved from /home/sst7260/airflow_projects/project1/env/lib/python3.10/site-packages/airflow/example_dags/plugins/workday.py
[2024-09-09T21:10:57.292+0530] {processor.py:208} INFO - Processing /home/sst7260/airflow_projects/project1/env/lib/python3.10/site-packages/airflow/example_dags/plugins/workday.py took 0.019 seconds
[2024-09-09T21:11:51.460+0530] {processor.py:186} INFO - Started process (PID=132332) to work on /home/sst7260/airflow_projects/project1/env/lib/python3.10/site-packages/airflow/example_dags/plugins/workday.py
[2024-09-09T21:11:51.462+0530] {processor.py:914} INFO - Processing file /home/sst7260/airflow_projects/project1/env/lib/python3.10/site-packages/airflow/example_dags/plugins/workday.py for tasks to queue
[2024-09-09T21:11:51.463+0530] {logging_mixin.py:190} INFO - [2024-09-09T21:11:51.462+0530] {dagbag.py:587} INFO - Filling up the DagBag from /home/sst7260/airflow_projects/project1/env/lib/python3.10/site-packages/airflow/example_dags/plugins/workday.py
[2024-09-09T21:11:51.465+0530] {logging_mixin.py:190} INFO - [2024-09-09T21:11:51.465+0530] {workday.py:41} WARNING - Could not import pandas. Holidays will not be considered.
[2024-09-09T21:11:51.465+0530] {processor.py:927} WARNING - No viable dags retrieved from /home/sst7260/airflow_projects/project1/env/lib/python3.10/site-packages/airflow/example_dags/plugins/workday.py
[2024-09-09T21:11:51.473+0530] {processor.py:208} INFO - Processing /home/sst7260/airflow_projects/project1/env/lib/python3.10/site-packages/airflow/example_dags/plugins/workday.py took 0.018 seconds
[2024-09-09T21:12:44.149+0530] {processor.py:186} INFO - Started process (PID=132395) to work on /home/sst7260/airflow_projects/project1/env/lib/python3.10/site-packages/airflow/example_dags/plugins/workday.py
[2024-09-09T21:12:44.153+0530] {processor.py:914} INFO - Processing file /home/sst7260/airflow_projects/project1/env/lib/python3.10/site-packages/airflow/example_dags/plugins/workday.py for tasks to queue
[2024-09-09T21:12:44.154+0530] {logging_mixin.py:190} INFO - [2024-09-09T21:12:44.154+0530] {dagbag.py:587} INFO - Filling up the DagBag from /home/sst7260/airflow_projects/project1/env/lib/python3.10/site-packages/airflow/example_dags/plugins/workday.py
[2024-09-09T21:12:44.156+0530] {logging_mixin.py:190} INFO - [2024-09-09T21:12:44.156+0530] {workday.py:41} WARNING - Could not import pandas. Holidays will not be considered.
[2024-09-09T21:12:44.156+0530] {processor.py:927} WARNING - No viable dags retrieved from /home/sst7260/airflow_projects/project1/env/lib/python3.10/site-packages/airflow/example_dags/plugins/workday.py
[2024-09-09T21:12:44.164+0530] {processor.py:208} INFO - Processing /home/sst7260/airflow_projects/project1/env/lib/python3.10/site-packages/airflow/example_dags/plugins/workday.py took 0.019 seconds
[2024-09-09T21:13:39.982+0530] {processor.py:186} INFO - Started process (PID=132461) to work on /home/sst7260/airflow_projects/project1/env/lib/python3.10/site-packages/airflow/example_dags/plugins/workday.py
[2024-09-09T21:13:39.984+0530] {processor.py:914} INFO - Processing file /home/sst7260/airflow_projects/project1/env/lib/python3.10/site-packages/airflow/example_dags/plugins/workday.py for tasks to queue
[2024-09-09T21:13:39.985+0530] {logging_mixin.py:190} INFO - [2024-09-09T21:13:39.984+0530] {dagbag.py:587} INFO - Filling up the DagBag from /home/sst7260/airflow_projects/project1/env/lib/python3.10/site-packages/airflow/example_dags/plugins/workday.py
[2024-09-09T21:13:39.989+0530] {logging_mixin.py:190} INFO - [2024-09-09T21:13:39.989+0530] {workday.py:41} WARNING - Could not import pandas. Holidays will not be considered.
[2024-09-09T21:13:39.990+0530] {processor.py:927} WARNING - No viable dags retrieved from /home/sst7260/airflow_projects/project1/env/lib/python3.10/site-packages/airflow/example_dags/plugins/workday.py
[2024-09-09T21:13:40.001+0530] {processor.py:208} INFO - Processing /home/sst7260/airflow_projects/project1/env/lib/python3.10/site-packages/airflow/example_dags/plugins/workday.py took 0.024 seconds
[2024-09-09T21:14:38.275+0530] {processor.py:186} INFO - Started process (PID=132526) to work on /home/sst7260/airflow_projects/project1/env/lib/python3.10/site-packages/airflow/example_dags/plugins/workday.py
[2024-09-09T21:14:38.284+0530] {processor.py:914} INFO - Processing file /home/sst7260/airflow_projects/project1/env/lib/python3.10/site-packages/airflow/example_dags/plugins/workday.py for tasks to queue
[2024-09-09T21:14:38.286+0530] {logging_mixin.py:190} INFO - [2024-09-09T21:14:38.285+0530] {dagbag.py:587} INFO - Filling up the DagBag from /home/sst7260/airflow_projects/project1/env/lib/python3.10/site-packages/airflow/example_dags/plugins/workday.py
[2024-09-09T21:14:38.288+0530] {logging_mixin.py:190} INFO - [2024-09-09T21:14:38.288+0530] {workday.py:41} WARNING - Could not import pandas. Holidays will not be considered.
[2024-09-09T21:14:38.288+0530] {processor.py:927} WARNING - No viable dags retrieved from /home/sst7260/airflow_projects/project1/env/lib/python3.10/site-packages/airflow/example_dags/plugins/workday.py
[2024-09-09T21:14:38.297+0530] {processor.py:208} INFO - Processing /home/sst7260/airflow_projects/project1/env/lib/python3.10/site-packages/airflow/example_dags/plugins/workday.py took 0.026 seconds
[2024-09-09T21:15:35.912+0530] {processor.py:186} INFO - Started process (PID=132684) to work on /home/sst7260/airflow_projects/project1/env/lib/python3.10/site-packages/airflow/example_dags/plugins/workday.py
[2024-09-09T21:15:35.913+0530] {processor.py:914} INFO - Processing file /home/sst7260/airflow_projects/project1/env/lib/python3.10/site-packages/airflow/example_dags/plugins/workday.py for tasks to queue
[2024-09-09T21:15:35.914+0530] {logging_mixin.py:190} INFO - [2024-09-09T21:15:35.914+0530] {dagbag.py:587} INFO - Filling up the DagBag from /home/sst7260/airflow_projects/project1/env/lib/python3.10/site-packages/airflow/example_dags/plugins/workday.py
[2024-09-09T21:15:35.916+0530] {logging_mixin.py:190} INFO - [2024-09-09T21:15:35.916+0530] {workday.py:41} WARNING - Could not import pandas. Holidays will not be considered.
[2024-09-09T21:15:35.916+0530] {processor.py:927} WARNING - No viable dags retrieved from /home/sst7260/airflow_projects/project1/env/lib/python3.10/site-packages/airflow/example_dags/plugins/workday.py
[2024-09-09T21:15:35.923+0530] {processor.py:208} INFO - Processing /home/sst7260/airflow_projects/project1/env/lib/python3.10/site-packages/airflow/example_dags/plugins/workday.py took 0.016 seconds
[2024-09-09T21:16:32.646+0530] {processor.py:186} INFO - Started process (PID=132757) to work on /home/sst7260/airflow_projects/project1/env/lib/python3.10/site-packages/airflow/example_dags/plugins/workday.py
[2024-09-09T21:16:32.648+0530] {processor.py:914} INFO - Processing file /home/sst7260/airflow_projects/project1/env/lib/python3.10/site-packages/airflow/example_dags/plugins/workday.py for tasks to queue
[2024-09-09T21:16:32.649+0530] {logging_mixin.py:190} INFO - [2024-09-09T21:16:32.648+0530] {dagbag.py:587} INFO - Filling up the DagBag from /home/sst7260/airflow_projects/project1/env/lib/python3.10/site-packages/airflow/example_dags/plugins/workday.py
[2024-09-09T21:16:32.650+0530] {logging_mixin.py:190} INFO - [2024-09-09T21:16:32.650+0530] {workday.py:41} WARNING - Could not import pandas. Holidays will not be considered.
[2024-09-09T21:16:32.651+0530] {processor.py:927} WARNING - No viable dags retrieved from /home/sst7260/airflow_projects/project1/env/lib/python3.10/site-packages/airflow/example_dags/plugins/workday.py
[2024-09-09T21:16:32.657+0530] {processor.py:208} INFO - Processing /home/sst7260/airflow_projects/project1/env/lib/python3.10/site-packages/airflow/example_dags/plugins/workday.py took 0.016 seconds
[2024-09-09T21:17:25.975+0530] {processor.py:186} INFO - Started process (PID=132825) to work on /home/sst7260/airflow_projects/project1/env/lib/python3.10/site-packages/airflow/example_dags/plugins/workday.py
[2024-09-09T21:17:25.977+0530] {processor.py:914} INFO - Processing file /home/sst7260/airflow_projects/project1/env/lib/python3.10/site-packages/airflow/example_dags/plugins/workday.py for tasks to queue
[2024-09-09T21:17:25.978+0530] {logging_mixin.py:190} INFO - [2024-09-09T21:17:25.977+0530] {dagbag.py:587} INFO - Filling up the DagBag from /home/sst7260/airflow_projects/project1/env/lib/python3.10/site-packages/airflow/example_dags/plugins/workday.py
[2024-09-09T21:17:25.980+0530] {logging_mixin.py:190} INFO - [2024-09-09T21:17:25.980+0530] {workday.py:41} WARNING - Could not import pandas. Holidays will not be considered.
[2024-09-09T21:17:25.980+0530] {processor.py:927} WARNING - No viable dags retrieved from /home/sst7260/airflow_projects/project1/env/lib/python3.10/site-packages/airflow/example_dags/plugins/workday.py
[2024-09-09T21:17:25.987+0530] {processor.py:208} INFO - Processing /home/sst7260/airflow_projects/project1/env/lib/python3.10/site-packages/airflow/example_dags/plugins/workday.py took 0.016 seconds
[2024-09-09T21:18:22.048+0530] {processor.py:186} INFO - Started process (PID=132888) to work on /home/sst7260/airflow_projects/project1/env/lib/python3.10/site-packages/airflow/example_dags/plugins/workday.py
[2024-09-09T21:18:22.051+0530] {processor.py:914} INFO - Processing file /home/sst7260/airflow_projects/project1/env/lib/python3.10/site-packages/airflow/example_dags/plugins/workday.py for tasks to queue
[2024-09-09T21:18:22.052+0530] {logging_mixin.py:190} INFO - [2024-09-09T21:18:22.052+0530] {dagbag.py:587} INFO - Filling up the DagBag from /home/sst7260/airflow_projects/project1/env/lib/python3.10/site-packages/airflow/example_dags/plugins/workday.py
[2024-09-09T21:18:22.054+0530] {logging_mixin.py:190} INFO - [2024-09-09T21:18:22.054+0530] {workday.py:41} WARNING - Could not import pandas. Holidays will not be considered.
[2024-09-09T21:18:22.054+0530] {processor.py:927} WARNING - No viable dags retrieved from /home/sst7260/airflow_projects/project1/env/lib/python3.10/site-packages/airflow/example_dags/plugins/workday.py
[2024-09-09T21:18:22.061+0530] {processor.py:208} INFO - Processing /home/sst7260/airflow_projects/project1/env/lib/python3.10/site-packages/airflow/example_dags/plugins/workday.py took 0.018 seconds
[2024-09-09T21:19:18.776+0530] {processor.py:186} INFO - Started process (PID=132954) to work on /home/sst7260/airflow_projects/project1/env/lib/python3.10/site-packages/airflow/example_dags/plugins/workday.py
[2024-09-09T21:19:18.778+0530] {processor.py:914} INFO - Processing file /home/sst7260/airflow_projects/project1/env/lib/python3.10/site-packages/airflow/example_dags/plugins/workday.py for tasks to queue
[2024-09-09T21:19:18.779+0530] {logging_mixin.py:190} INFO - [2024-09-09T21:19:18.779+0530] {dagbag.py:587} INFO - Filling up the DagBag from /home/sst7260/airflow_projects/project1/env/lib/python3.10/site-packages/airflow/example_dags/plugins/workday.py
[2024-09-09T21:19:18.781+0530] {logging_mixin.py:190} INFO - [2024-09-09T21:19:18.781+0530] {workday.py:41} WARNING - Could not import pandas. Holidays will not be considered.
[2024-09-09T21:19:18.781+0530] {processor.py:927} WARNING - No viable dags retrieved from /home/sst7260/airflow_projects/project1/env/lib/python3.10/site-packages/airflow/example_dags/plugins/workday.py
[2024-09-09T21:19:18.788+0530] {processor.py:208} INFO - Processing /home/sst7260/airflow_projects/project1/env/lib/python3.10/site-packages/airflow/example_dags/plugins/workday.py took 0.017 seconds
[2024-09-09T21:20:11.666+0530] {processor.py:186} INFO - Started process (PID=133015) to work on /home/sst7260/airflow_projects/project1/env/lib/python3.10/site-packages/airflow/example_dags/plugins/workday.py
[2024-09-09T21:20:11.668+0530] {processor.py:914} INFO - Processing file /home/sst7260/airflow_projects/project1/env/lib/python3.10/site-packages/airflow/example_dags/plugins/workday.py for tasks to queue
[2024-09-09T21:20:11.669+0530] {logging_mixin.py:190} INFO - [2024-09-09T21:20:11.668+0530] {dagbag.py:587} INFO - Filling up the DagBag from /home/sst7260/airflow_projects/project1/env/lib/python3.10/site-packages/airflow/example_dags/plugins/workday.py
[2024-09-09T21:20:11.671+0530] {logging_mixin.py:190} INFO - [2024-09-09T21:20:11.671+0530] {workday.py:41} WARNING - Could not import pandas. Holidays will not be considered.
[2024-09-09T21:20:11.671+0530] {processor.py:927} WARNING - No viable dags retrieved from /home/sst7260/airflow_projects/project1/env/lib/python3.10/site-packages/airflow/example_dags/plugins/workday.py
[2024-09-09T21:20:11.677+0530] {processor.py:208} INFO - Processing /home/sst7260/airflow_projects/project1/env/lib/python3.10/site-packages/airflow/example_dags/plugins/workday.py took 0.016 seconds
[2024-09-09T21:21:07.949+0530] {processor.py:186} INFO - Started process (PID=133178) to work on /home/sst7260/airflow_projects/project1/env/lib/python3.10/site-packages/airflow/example_dags/plugins/workday.py
[2024-09-09T21:21:07.951+0530] {processor.py:914} INFO - Processing file /home/sst7260/airflow_projects/project1/env/lib/python3.10/site-packages/airflow/example_dags/plugins/workday.py for tasks to queue
[2024-09-09T21:21:07.952+0530] {logging_mixin.py:190} INFO - [2024-09-09T21:21:07.951+0530] {dagbag.py:587} INFO - Filling up the DagBag from /home/sst7260/airflow_projects/project1/env/lib/python3.10/site-packages/airflow/example_dags/plugins/workday.py
[2024-09-09T21:21:07.953+0530] {logging_mixin.py:190} INFO - [2024-09-09T21:21:07.953+0530] {workday.py:41} WARNING - Could not import pandas. Holidays will not be considered.
[2024-09-09T21:21:07.953+0530] {processor.py:927} WARNING - No viable dags retrieved from /home/sst7260/airflow_projects/project1/env/lib/python3.10/site-packages/airflow/example_dags/plugins/workday.py
[2024-09-09T21:21:07.960+0530] {processor.py:208} INFO - Processing /home/sst7260/airflow_projects/project1/env/lib/python3.10/site-packages/airflow/example_dags/plugins/workday.py took 0.015 seconds
[2024-09-09T21:22:02.714+0530] {processor.py:186} INFO - Started process (PID=133243) to work on /home/sst7260/airflow_projects/project1/env/lib/python3.10/site-packages/airflow/example_dags/plugins/workday.py
[2024-09-09T21:22:02.715+0530] {processor.py:914} INFO - Processing file /home/sst7260/airflow_projects/project1/env/lib/python3.10/site-packages/airflow/example_dags/plugins/workday.py for tasks to queue
[2024-09-09T21:22:02.716+0530] {logging_mixin.py:190} INFO - [2024-09-09T21:22:02.716+0530] {dagbag.py:587} INFO - Filling up the DagBag from /home/sst7260/airflow_projects/project1/env/lib/python3.10/site-packages/airflow/example_dags/plugins/workday.py
[2024-09-09T21:22:02.718+0530] {logging_mixin.py:190} INFO - [2024-09-09T21:22:02.718+0530] {workday.py:41} WARNING - Could not import pandas. Holidays will not be considered.
[2024-09-09T21:22:02.718+0530] {processor.py:927} WARNING - No viable dags retrieved from /home/sst7260/airflow_projects/project1/env/lib/python3.10/site-packages/airflow/example_dags/plugins/workday.py
[2024-09-09T21:22:02.725+0530] {processor.py:208} INFO - Processing /home/sst7260/airflow_projects/project1/env/lib/python3.10/site-packages/airflow/example_dags/plugins/workday.py took 0.017 seconds
[2024-09-09T21:22:54.268+0530] {processor.py:186} INFO - Started process (PID=133305) to work on /home/sst7260/airflow_projects/project1/env/lib/python3.10/site-packages/airflow/example_dags/plugins/workday.py
[2024-09-09T21:22:54.270+0530] {processor.py:914} INFO - Processing file /home/sst7260/airflow_projects/project1/env/lib/python3.10/site-packages/airflow/example_dags/plugins/workday.py for tasks to queue
[2024-09-09T21:22:54.272+0530] {logging_mixin.py:190} INFO - [2024-09-09T21:22:54.271+0530] {dagbag.py:587} INFO - Filling up the DagBag from /home/sst7260/airflow_projects/project1/env/lib/python3.10/site-packages/airflow/example_dags/plugins/workday.py
[2024-09-09T21:22:54.274+0530] {logging_mixin.py:190} INFO - [2024-09-09T21:22:54.273+0530] {workday.py:41} WARNING - Could not import pandas. Holidays will not be considered.
[2024-09-09T21:22:54.274+0530] {processor.py:927} WARNING - No viable dags retrieved from /home/sst7260/airflow_projects/project1/env/lib/python3.10/site-packages/airflow/example_dags/plugins/workday.py
[2024-09-09T21:22:54.280+0530] {processor.py:208} INFO - Processing /home/sst7260/airflow_projects/project1/env/lib/python3.10/site-packages/airflow/example_dags/plugins/workday.py took 0.017 seconds
[2024-09-09T21:23:48.697+0530] {processor.py:186} INFO - Started process (PID=133369) to work on /home/sst7260/airflow_projects/project1/env/lib/python3.10/site-packages/airflow/example_dags/plugins/workday.py
[2024-09-09T21:23:48.699+0530] {processor.py:914} INFO - Processing file /home/sst7260/airflow_projects/project1/env/lib/python3.10/site-packages/airflow/example_dags/plugins/workday.py for tasks to queue
[2024-09-09T21:23:48.700+0530] {logging_mixin.py:190} INFO - [2024-09-09T21:23:48.700+0530] {dagbag.py:587} INFO - Filling up the DagBag from /home/sst7260/airflow_projects/project1/env/lib/python3.10/site-packages/airflow/example_dags/plugins/workday.py
[2024-09-09T21:23:48.703+0530] {logging_mixin.py:190} INFO - [2024-09-09T21:23:48.703+0530] {workday.py:41} WARNING - Could not import pandas. Holidays will not be considered.
[2024-09-09T21:23:48.703+0530] {processor.py:927} WARNING - No viable dags retrieved from /home/sst7260/airflow_projects/project1/env/lib/python3.10/site-packages/airflow/example_dags/plugins/workday.py
[2024-09-09T21:23:48.711+0530] {processor.py:208} INFO - Processing /home/sst7260/airflow_projects/project1/env/lib/python3.10/site-packages/airflow/example_dags/plugins/workday.py took 0.018 seconds
[2024-09-09T21:24:47.419+0530] {processor.py:186} INFO - Started process (PID=133434) to work on /home/sst7260/airflow_projects/project1/env/lib/python3.10/site-packages/airflow/example_dags/plugins/workday.py
[2024-09-09T21:24:47.421+0530] {processor.py:914} INFO - Processing file /home/sst7260/airflow_projects/project1/env/lib/python3.10/site-packages/airflow/example_dags/plugins/workday.py for tasks to queue
[2024-09-09T21:24:47.422+0530] {logging_mixin.py:190} INFO - [2024-09-09T21:24:47.422+0530] {dagbag.py:587} INFO - Filling up the DagBag from /home/sst7260/airflow_projects/project1/env/lib/python3.10/site-packages/airflow/example_dags/plugins/workday.py
[2024-09-09T21:24:47.424+0530] {logging_mixin.py:190} INFO - [2024-09-09T21:24:47.423+0530] {workday.py:41} WARNING - Could not import pandas. Holidays will not be considered.
[2024-09-09T21:24:47.424+0530] {processor.py:927} WARNING - No viable dags retrieved from /home/sst7260/airflow_projects/project1/env/lib/python3.10/site-packages/airflow/example_dags/plugins/workday.py
[2024-09-09T21:24:47.431+0530] {processor.py:208} INFO - Processing /home/sst7260/airflow_projects/project1/env/lib/python3.10/site-packages/airflow/example_dags/plugins/workday.py took 0.017 seconds
[2024-09-09T21:25:43.981+0530] {processor.py:186} INFO - Started process (PID=133590) to work on /home/sst7260/airflow_projects/project1/env/lib/python3.10/site-packages/airflow/example_dags/plugins/workday.py
[2024-09-09T21:25:43.986+0530] {processor.py:914} INFO - Processing file /home/sst7260/airflow_projects/project1/env/lib/python3.10/site-packages/airflow/example_dags/plugins/workday.py for tasks to queue
[2024-09-09T21:25:43.987+0530] {logging_mixin.py:190} INFO - [2024-09-09T21:25:43.987+0530] {dagbag.py:587} INFO - Filling up the DagBag from /home/sst7260/airflow_projects/project1/env/lib/python3.10/site-packages/airflow/example_dags/plugins/workday.py
[2024-09-09T21:25:43.990+0530] {logging_mixin.py:190} INFO - [2024-09-09T21:25:43.990+0530] {workday.py:41} WARNING - Could not import pandas. Holidays will not be considered.
[2024-09-09T21:25:43.990+0530] {processor.py:927} WARNING - No viable dags retrieved from /home/sst7260/airflow_projects/project1/env/lib/python3.10/site-packages/airflow/example_dags/plugins/workday.py
[2024-09-09T21:25:43.997+0530] {processor.py:208} INFO - Processing /home/sst7260/airflow_projects/project1/env/lib/python3.10/site-packages/airflow/example_dags/plugins/workday.py took 0.021 seconds
[2024-09-09T21:26:40.914+0530] {processor.py:186} INFO - Started process (PID=133661) to work on /home/sst7260/airflow_projects/project1/env/lib/python3.10/site-packages/airflow/example_dags/plugins/workday.py
[2024-09-09T21:26:40.916+0530] {processor.py:914} INFO - Processing file /home/sst7260/airflow_projects/project1/env/lib/python3.10/site-packages/airflow/example_dags/plugins/workday.py for tasks to queue
[2024-09-09T21:26:40.917+0530] {logging_mixin.py:190} INFO - [2024-09-09T21:26:40.917+0530] {dagbag.py:587} INFO - Filling up the DagBag from /home/sst7260/airflow_projects/project1/env/lib/python3.10/site-packages/airflow/example_dags/plugins/workday.py
[2024-09-09T21:26:40.919+0530] {logging_mixin.py:190} INFO - [2024-09-09T21:26:40.919+0530] {workday.py:41} WARNING - Could not import pandas. Holidays will not be considered.
[2024-09-09T21:26:40.920+0530] {processor.py:927} WARNING - No viable dags retrieved from /home/sst7260/airflow_projects/project1/env/lib/python3.10/site-packages/airflow/example_dags/plugins/workday.py
[2024-09-09T21:26:40.927+0530] {processor.py:208} INFO - Processing /home/sst7260/airflow_projects/project1/env/lib/python3.10/site-packages/airflow/example_dags/plugins/workday.py took 0.017 seconds
[2024-09-09T21:27:34.975+0530] {processor.py:186} INFO - Started process (PID=133756) to work on /home/sst7260/airflow_projects/project1/env/lib/python3.10/site-packages/airflow/example_dags/plugins/workday.py
[2024-09-09T21:27:34.976+0530] {processor.py:914} INFO - Processing file /home/sst7260/airflow_projects/project1/env/lib/python3.10/site-packages/airflow/example_dags/plugins/workday.py for tasks to queue
[2024-09-09T21:27:34.977+0530] {logging_mixin.py:190} INFO - [2024-09-09T21:27:34.977+0530] {dagbag.py:587} INFO - Filling up the DagBag from /home/sst7260/airflow_projects/project1/env/lib/python3.10/site-packages/airflow/example_dags/plugins/workday.py
[2024-09-09T21:27:34.979+0530] {logging_mixin.py:190} INFO - [2024-09-09T21:27:34.979+0530] {workday.py:41} WARNING - Could not import pandas. Holidays will not be considered.
[2024-09-09T21:27:34.979+0530] {processor.py:927} WARNING - No viable dags retrieved from /home/sst7260/airflow_projects/project1/env/lib/python3.10/site-packages/airflow/example_dags/plugins/workday.py
[2024-09-09T21:27:34.986+0530] {processor.py:208} INFO - Processing /home/sst7260/airflow_projects/project1/env/lib/python3.10/site-packages/airflow/example_dags/plugins/workday.py took 0.016 seconds
[2024-09-09T21:28:30.856+0530] {processor.py:186} INFO - Started process (PID=133848) to work on /home/sst7260/airflow_projects/project1/env/lib/python3.10/site-packages/airflow/example_dags/plugins/workday.py
[2024-09-09T21:28:30.858+0530] {processor.py:914} INFO - Processing file /home/sst7260/airflow_projects/project1/env/lib/python3.10/site-packages/airflow/example_dags/plugins/workday.py for tasks to queue
[2024-09-09T21:28:30.859+0530] {logging_mixin.py:190} INFO - [2024-09-09T21:28:30.859+0530] {dagbag.py:587} INFO - Filling up the DagBag from /home/sst7260/airflow_projects/project1/env/lib/python3.10/site-packages/airflow/example_dags/plugins/workday.py
[2024-09-09T21:28:30.861+0530] {logging_mixin.py:190} INFO - [2024-09-09T21:28:30.861+0530] {workday.py:41} WARNING - Could not import pandas. Holidays will not be considered.
[2024-09-09T21:28:30.861+0530] {processor.py:927} WARNING - No viable dags retrieved from /home/sst7260/airflow_projects/project1/env/lib/python3.10/site-packages/airflow/example_dags/plugins/workday.py
[2024-09-09T21:28:30.867+0530] {processor.py:208} INFO - Processing /home/sst7260/airflow_projects/project1/env/lib/python3.10/site-packages/airflow/example_dags/plugins/workday.py took 0.016 seconds
[2024-09-09T21:29:28.720+0530] {processor.py:186} INFO - Started process (PID=133914) to work on /home/sst7260/airflow_projects/project1/env/lib/python3.10/site-packages/airflow/example_dags/plugins/workday.py
[2024-09-09T21:29:28.722+0530] {processor.py:914} INFO - Processing file /home/sst7260/airflow_projects/project1/env/lib/python3.10/site-packages/airflow/example_dags/plugins/workday.py for tasks to queue
[2024-09-09T21:29:28.723+0530] {logging_mixin.py:190} INFO - [2024-09-09T21:29:28.723+0530] {dagbag.py:587} INFO - Filling up the DagBag from /home/sst7260/airflow_projects/project1/env/lib/python3.10/site-packages/airflow/example_dags/plugins/workday.py
[2024-09-09T21:29:28.725+0530] {logging_mixin.py:190} INFO - [2024-09-09T21:29:28.725+0530] {workday.py:41} WARNING - Could not import pandas. Holidays will not be considered.
[2024-09-09T21:29:28.725+0530] {processor.py:927} WARNING - No viable dags retrieved from /home/sst7260/airflow_projects/project1/env/lib/python3.10/site-packages/airflow/example_dags/plugins/workday.py
[2024-09-09T21:29:28.737+0530] {processor.py:208} INFO - Processing /home/sst7260/airflow_projects/project1/env/lib/python3.10/site-packages/airflow/example_dags/plugins/workday.py took 0.021 seconds
[2024-09-09T21:30:20.699+0530] {processor.py:186} INFO - Started process (PID=133976) to work on /home/sst7260/airflow_projects/project1/env/lib/python3.10/site-packages/airflow/example_dags/plugins/workday.py
[2024-09-09T21:30:20.700+0530] {processor.py:914} INFO - Processing file /home/sst7260/airflow_projects/project1/env/lib/python3.10/site-packages/airflow/example_dags/plugins/workday.py for tasks to queue
[2024-09-09T21:30:20.701+0530] {logging_mixin.py:190} INFO - [2024-09-09T21:30:20.701+0530] {dagbag.py:587} INFO - Filling up the DagBag from /home/sst7260/airflow_projects/project1/env/lib/python3.10/site-packages/airflow/example_dags/plugins/workday.py
[2024-09-09T21:30:20.703+0530] {logging_mixin.py:190} INFO - [2024-09-09T21:30:20.703+0530] {workday.py:41} WARNING - Could not import pandas. Holidays will not be considered.
[2024-09-09T21:30:20.703+0530] {processor.py:927} WARNING - No viable dags retrieved from /home/sst7260/airflow_projects/project1/env/lib/python3.10/site-packages/airflow/example_dags/plugins/workday.py
[2024-09-09T21:30:20.710+0530] {processor.py:208} INFO - Processing /home/sst7260/airflow_projects/project1/env/lib/python3.10/site-packages/airflow/example_dags/plugins/workday.py took 0.016 seconds
[2024-09-09T21:31:15.718+0530] {processor.py:186} INFO - Started process (PID=134075) to work on /home/sst7260/airflow_projects/project1/env/lib/python3.10/site-packages/airflow/example_dags/plugins/workday.py
[2024-09-09T21:31:15.719+0530] {processor.py:914} INFO - Processing file /home/sst7260/airflow_projects/project1/env/lib/python3.10/site-packages/airflow/example_dags/plugins/workday.py for tasks to queue
[2024-09-09T21:31:15.720+0530] {logging_mixin.py:190} INFO - [2024-09-09T21:31:15.720+0530] {dagbag.py:587} INFO - Filling up the DagBag from /home/sst7260/airflow_projects/project1/env/lib/python3.10/site-packages/airflow/example_dags/plugins/workday.py
[2024-09-09T21:31:15.722+0530] {logging_mixin.py:190} INFO - [2024-09-09T21:31:15.722+0530] {workday.py:41} WARNING - Could not import pandas. Holidays will not be considered.
[2024-09-09T21:31:15.722+0530] {processor.py:927} WARNING - No viable dags retrieved from /home/sst7260/airflow_projects/project1/env/lib/python3.10/site-packages/airflow/example_dags/plugins/workday.py
[2024-09-09T21:31:15.729+0530] {processor.py:208} INFO - Processing /home/sst7260/airflow_projects/project1/env/lib/python3.10/site-packages/airflow/example_dags/plugins/workday.py took 0.016 seconds
[2024-09-09T21:32:10.005+0530] {processor.py:186} INFO - Started process (PID=134137) to work on /home/sst7260/airflow_projects/project1/env/lib/python3.10/site-packages/airflow/example_dags/plugins/workday.py
[2024-09-09T21:32:10.007+0530] {processor.py:914} INFO - Processing file /home/sst7260/airflow_projects/project1/env/lib/python3.10/site-packages/airflow/example_dags/plugins/workday.py for tasks to queue
[2024-09-09T21:32:10.008+0530] {logging_mixin.py:190} INFO - [2024-09-09T21:32:10.007+0530] {dagbag.py:587} INFO - Filling up the DagBag from /home/sst7260/airflow_projects/project1/env/lib/python3.10/site-packages/airflow/example_dags/plugins/workday.py
[2024-09-09T21:32:10.009+0530] {logging_mixin.py:190} INFO - [2024-09-09T21:32:10.009+0530] {workday.py:41} WARNING - Could not import pandas. Holidays will not be considered.
[2024-09-09T21:32:10.009+0530] {processor.py:927} WARNING - No viable dags retrieved from /home/sst7260/airflow_projects/project1/env/lib/python3.10/site-packages/airflow/example_dags/plugins/workday.py
[2024-09-09T21:32:10.016+0530] {processor.py:208} INFO - Processing /home/sst7260/airflow_projects/project1/env/lib/python3.10/site-packages/airflow/example_dags/plugins/workday.py took 0.018 seconds
[2024-09-09T21:33:05.955+0530] {processor.py:186} INFO - Started process (PID=134201) to work on /home/sst7260/airflow_projects/project1/env/lib/python3.10/site-packages/airflow/example_dags/plugins/workday.py
[2024-09-09T21:33:05.957+0530] {processor.py:914} INFO - Processing file /home/sst7260/airflow_projects/project1/env/lib/python3.10/site-packages/airflow/example_dags/plugins/workday.py for tasks to queue
[2024-09-09T21:33:05.958+0530] {logging_mixin.py:190} INFO - [2024-09-09T21:33:05.958+0530] {dagbag.py:587} INFO - Filling up the DagBag from /home/sst7260/airflow_projects/project1/env/lib/python3.10/site-packages/airflow/example_dags/plugins/workday.py
[2024-09-09T21:33:05.959+0530] {logging_mixin.py:190} INFO - [2024-09-09T21:33:05.959+0530] {workday.py:41} WARNING - Could not import pandas. Holidays will not be considered.
[2024-09-09T21:33:05.960+0530] {processor.py:927} WARNING - No viable dags retrieved from /home/sst7260/airflow_projects/project1/env/lib/python3.10/site-packages/airflow/example_dags/plugins/workday.py
[2024-09-09T21:33:05.966+0530] {processor.py:208} INFO - Processing /home/sst7260/airflow_projects/project1/env/lib/python3.10/site-packages/airflow/example_dags/plugins/workday.py took 0.015 seconds
[2024-09-09T21:34:00.121+0530] {processor.py:186} INFO - Started process (PID=134264) to work on /home/sst7260/airflow_projects/project1/env/lib/python3.10/site-packages/airflow/example_dags/plugins/workday.py
[2024-09-09T21:34:00.125+0530] {processor.py:914} INFO - Processing file /home/sst7260/airflow_projects/project1/env/lib/python3.10/site-packages/airflow/example_dags/plugins/workday.py for tasks to queue
[2024-09-09T21:34:00.126+0530] {logging_mixin.py:190} INFO - [2024-09-09T21:34:00.125+0530] {dagbag.py:587} INFO - Filling up the DagBag from /home/sst7260/airflow_projects/project1/env/lib/python3.10/site-packages/airflow/example_dags/plugins/workday.py
[2024-09-09T21:34:00.128+0530] {logging_mixin.py:190} INFO - [2024-09-09T21:34:00.128+0530] {workday.py:41} WARNING - Could not import pandas. Holidays will not be considered.
[2024-09-09T21:34:00.128+0530] {processor.py:927} WARNING - No viable dags retrieved from /home/sst7260/airflow_projects/project1/env/lib/python3.10/site-packages/airflow/example_dags/plugins/workday.py
[2024-09-09T21:34:00.136+0530] {processor.py:208} INFO - Processing /home/sst7260/airflow_projects/project1/env/lib/python3.10/site-packages/airflow/example_dags/plugins/workday.py took 0.030 seconds
[2024-09-09T21:34:54.429+0530] {processor.py:186} INFO - Started process (PID=134327) to work on /home/sst7260/airflow_projects/project1/env/lib/python3.10/site-packages/airflow/example_dags/plugins/workday.py
[2024-09-09T21:34:54.432+0530] {processor.py:914} INFO - Processing file /home/sst7260/airflow_projects/project1/env/lib/python3.10/site-packages/airflow/example_dags/plugins/workday.py for tasks to queue
[2024-09-09T21:34:54.433+0530] {logging_mixin.py:190} INFO - [2024-09-09T21:34:54.433+0530] {dagbag.py:587} INFO - Filling up the DagBag from /home/sst7260/airflow_projects/project1/env/lib/python3.10/site-packages/airflow/example_dags/plugins/workday.py
[2024-09-09T21:34:54.436+0530] {logging_mixin.py:190} INFO - [2024-09-09T21:34:54.436+0530] {workday.py:41} WARNING - Could not import pandas. Holidays will not be considered.
[2024-09-09T21:34:54.436+0530] {processor.py:927} WARNING - No viable dags retrieved from /home/sst7260/airflow_projects/project1/env/lib/python3.10/site-packages/airflow/example_dags/plugins/workday.py
[2024-09-09T21:34:54.443+0530] {processor.py:208} INFO - Processing /home/sst7260/airflow_projects/project1/env/lib/python3.10/site-packages/airflow/example_dags/plugins/workday.py took 0.019 seconds
[2024-09-09T21:35:49.693+0530] {processor.py:186} INFO - Started process (PID=134417) to work on /home/sst7260/airflow_projects/project1/env/lib/python3.10/site-packages/airflow/example_dags/plugins/workday.py
[2024-09-09T21:35:49.695+0530] {processor.py:914} INFO - Processing file /home/sst7260/airflow_projects/project1/env/lib/python3.10/site-packages/airflow/example_dags/plugins/workday.py for tasks to queue
[2024-09-09T21:35:49.696+0530] {logging_mixin.py:190} INFO - [2024-09-09T21:35:49.695+0530] {dagbag.py:587} INFO - Filling up the DagBag from /home/sst7260/airflow_projects/project1/env/lib/python3.10/site-packages/airflow/example_dags/plugins/workday.py
[2024-09-09T21:35:49.698+0530] {logging_mixin.py:190} INFO - [2024-09-09T21:35:49.698+0530] {workday.py:41} WARNING - Could not import pandas. Holidays will not be considered.
[2024-09-09T21:35:49.698+0530] {processor.py:927} WARNING - No viable dags retrieved from /home/sst7260/airflow_projects/project1/env/lib/python3.10/site-packages/airflow/example_dags/plugins/workday.py
[2024-09-09T21:35:49.707+0530] {processor.py:208} INFO - Processing /home/sst7260/airflow_projects/project1/env/lib/python3.10/site-packages/airflow/example_dags/plugins/workday.py took 0.020 seconds
[2024-09-09T21:36:44.868+0530] {processor.py:186} INFO - Started process (PID=134487) to work on /home/sst7260/airflow_projects/project1/env/lib/python3.10/site-packages/airflow/example_dags/plugins/workday.py
[2024-09-09T21:36:44.869+0530] {processor.py:914} INFO - Processing file /home/sst7260/airflow_projects/project1/env/lib/python3.10/site-packages/airflow/example_dags/plugins/workday.py for tasks to queue
[2024-09-09T21:36:44.870+0530] {logging_mixin.py:190} INFO - [2024-09-09T21:36:44.870+0530] {dagbag.py:587} INFO - Filling up the DagBag from /home/sst7260/airflow_projects/project1/env/lib/python3.10/site-packages/airflow/example_dags/plugins/workday.py
[2024-09-09T21:36:44.871+0530] {logging_mixin.py:190} INFO - [2024-09-09T21:36:44.871+0530] {workday.py:41} WARNING - Could not import pandas. Holidays will not be considered.
[2024-09-09T21:36:44.872+0530] {processor.py:927} WARNING - No viable dags retrieved from /home/sst7260/airflow_projects/project1/env/lib/python3.10/site-packages/airflow/example_dags/plugins/workday.py
[2024-09-09T21:36:44.878+0530] {processor.py:208} INFO - Processing /home/sst7260/airflow_projects/project1/env/lib/python3.10/site-packages/airflow/example_dags/plugins/workday.py took 0.016 seconds
[2024-09-09T21:37:38.246+0530] {processor.py:186} INFO - Started process (PID=134550) to work on /home/sst7260/airflow_projects/project1/env/lib/python3.10/site-packages/airflow/example_dags/plugins/workday.py
[2024-09-09T21:37:38.248+0530] {processor.py:914} INFO - Processing file /home/sst7260/airflow_projects/project1/env/lib/python3.10/site-packages/airflow/example_dags/plugins/workday.py for tasks to queue
[2024-09-09T21:37:38.249+0530] {logging_mixin.py:190} INFO - [2024-09-09T21:37:38.249+0530] {dagbag.py:587} INFO - Filling up the DagBag from /home/sst7260/airflow_projects/project1/env/lib/python3.10/site-packages/airflow/example_dags/plugins/workday.py
[2024-09-09T21:37:38.251+0530] {logging_mixin.py:190} INFO - [2024-09-09T21:37:38.251+0530] {workday.py:41} WARNING - Could not import pandas. Holidays will not be considered.
[2024-09-09T21:37:38.251+0530] {processor.py:927} WARNING - No viable dags retrieved from /home/sst7260/airflow_projects/project1/env/lib/python3.10/site-packages/airflow/example_dags/plugins/workday.py
[2024-09-09T21:37:38.258+0530] {processor.py:208} INFO - Processing /home/sst7260/airflow_projects/project1/env/lib/python3.10/site-packages/airflow/example_dags/plugins/workday.py took 0.018 seconds
[2024-09-09T21:38:33.066+0530] {processor.py:186} INFO - Started process (PID=134612) to work on /home/sst7260/airflow_projects/project1/env/lib/python3.10/site-packages/airflow/example_dags/plugins/workday.py
[2024-09-09T21:38:33.068+0530] {processor.py:914} INFO - Processing file /home/sst7260/airflow_projects/project1/env/lib/python3.10/site-packages/airflow/example_dags/plugins/workday.py for tasks to queue
[2024-09-09T21:38:33.069+0530] {logging_mixin.py:190} INFO - [2024-09-09T21:38:33.069+0530] {dagbag.py:587} INFO - Filling up the DagBag from /home/sst7260/airflow_projects/project1/env/lib/python3.10/site-packages/airflow/example_dags/plugins/workday.py
[2024-09-09T21:38:33.071+0530] {logging_mixin.py:190} INFO - [2024-09-09T21:38:33.071+0530] {workday.py:41} WARNING - Could not import pandas. Holidays will not be considered.
[2024-09-09T21:38:33.072+0530] {processor.py:927} WARNING - No viable dags retrieved from /home/sst7260/airflow_projects/project1/env/lib/python3.10/site-packages/airflow/example_dags/plugins/workday.py
[2024-09-09T21:38:33.079+0530] {processor.py:208} INFO - Processing /home/sst7260/airflow_projects/project1/env/lib/python3.10/site-packages/airflow/example_dags/plugins/workday.py took 0.017 seconds
[2024-09-09T21:39:28.742+0530] {processor.py:186} INFO - Started process (PID=134675) to work on /home/sst7260/airflow_projects/project1/env/lib/python3.10/site-packages/airflow/example_dags/plugins/workday.py
[2024-09-09T21:39:28.744+0530] {processor.py:914} INFO - Processing file /home/sst7260/airflow_projects/project1/env/lib/python3.10/site-packages/airflow/example_dags/plugins/workday.py for tasks to queue
[2024-09-09T21:39:28.745+0530] {logging_mixin.py:190} INFO - [2024-09-09T21:39:28.745+0530] {dagbag.py:587} INFO - Filling up the DagBag from /home/sst7260/airflow_projects/project1/env/lib/python3.10/site-packages/airflow/example_dags/plugins/workday.py
[2024-09-09T21:39:28.748+0530] {logging_mixin.py:190} INFO - [2024-09-09T21:39:28.748+0530] {workday.py:41} WARNING - Could not import pandas. Holidays will not be considered.
[2024-09-09T21:39:28.748+0530] {processor.py:927} WARNING - No viable dags retrieved from /home/sst7260/airflow_projects/project1/env/lib/python3.10/site-packages/airflow/example_dags/plugins/workday.py
[2024-09-09T21:39:28.755+0530] {processor.py:208} INFO - Processing /home/sst7260/airflow_projects/project1/env/lib/python3.10/site-packages/airflow/example_dags/plugins/workday.py took 0.017 seconds
[2024-09-09T21:40:21.537+0530] {processor.py:186} INFO - Started process (PID=134736) to work on /home/sst7260/airflow_projects/project1/env/lib/python3.10/site-packages/airflow/example_dags/plugins/workday.py
[2024-09-09T21:40:21.546+0530] {processor.py:914} INFO - Processing file /home/sst7260/airflow_projects/project1/env/lib/python3.10/site-packages/airflow/example_dags/plugins/workday.py for tasks to queue
[2024-09-09T21:40:21.547+0530] {logging_mixin.py:190} INFO - [2024-09-09T21:40:21.547+0530] {dagbag.py:587} INFO - Filling up the DagBag from /home/sst7260/airflow_projects/project1/env/lib/python3.10/site-packages/airflow/example_dags/plugins/workday.py
[2024-09-09T21:40:21.549+0530] {logging_mixin.py:190} INFO - [2024-09-09T21:40:21.548+0530] {workday.py:41} WARNING - Could not import pandas. Holidays will not be considered.
[2024-09-09T21:40:21.549+0530] {processor.py:927} WARNING - No viable dags retrieved from /home/sst7260/airflow_projects/project1/env/lib/python3.10/site-packages/airflow/example_dags/plugins/workday.py
[2024-09-09T21:40:21.555+0530] {processor.py:208} INFO - Processing /home/sst7260/airflow_projects/project1/env/lib/python3.10/site-packages/airflow/example_dags/plugins/workday.py took 0.023 seconds
[2024-09-09T21:41:15.844+0530] {processor.py:186} INFO - Started process (PID=134832) to work on /home/sst7260/airflow_projects/project1/env/lib/python3.10/site-packages/airflow/example_dags/plugins/workday.py
[2024-09-09T21:41:15.853+0530] {processor.py:914} INFO - Processing file /home/sst7260/airflow_projects/project1/env/lib/python3.10/site-packages/airflow/example_dags/plugins/workday.py for tasks to queue
[2024-09-09T21:41:15.854+0530] {logging_mixin.py:190} INFO - [2024-09-09T21:41:15.854+0530] {dagbag.py:587} INFO - Filling up the DagBag from /home/sst7260/airflow_projects/project1/env/lib/python3.10/site-packages/airflow/example_dags/plugins/workday.py
[2024-09-09T21:41:15.857+0530] {logging_mixin.py:190} INFO - [2024-09-09T21:41:15.857+0530] {workday.py:41} WARNING - Could not import pandas. Holidays will not be considered.
[2024-09-09T21:41:15.857+0530] {processor.py:927} WARNING - No viable dags retrieved from /home/sst7260/airflow_projects/project1/env/lib/python3.10/site-packages/airflow/example_dags/plugins/workday.py
[2024-09-09T21:41:15.863+0530] {processor.py:208} INFO - Processing /home/sst7260/airflow_projects/project1/env/lib/python3.10/site-packages/airflow/example_dags/plugins/workday.py took 0.024 seconds
[2024-09-09T21:42:08.475+0530] {processor.py:186} INFO - Started process (PID=134896) to work on /home/sst7260/airflow_projects/project1/env/lib/python3.10/site-packages/airflow/example_dags/plugins/workday.py
[2024-09-09T21:42:08.476+0530] {processor.py:914} INFO - Processing file /home/sst7260/airflow_projects/project1/env/lib/python3.10/site-packages/airflow/example_dags/plugins/workday.py for tasks to queue
[2024-09-09T21:42:08.477+0530] {logging_mixin.py:190} INFO - [2024-09-09T21:42:08.477+0530] {dagbag.py:587} INFO - Filling up the DagBag from /home/sst7260/airflow_projects/project1/env/lib/python3.10/site-packages/airflow/example_dags/plugins/workday.py
[2024-09-09T21:42:08.479+0530] {logging_mixin.py:190} INFO - [2024-09-09T21:42:08.478+0530] {workday.py:41} WARNING - Could not import pandas. Holidays will not be considered.
[2024-09-09T21:42:08.479+0530] {processor.py:927} WARNING - No viable dags retrieved from /home/sst7260/airflow_projects/project1/env/lib/python3.10/site-packages/airflow/example_dags/plugins/workday.py
[2024-09-09T21:42:08.486+0530] {processor.py:208} INFO - Processing /home/sst7260/airflow_projects/project1/env/lib/python3.10/site-packages/airflow/example_dags/plugins/workday.py took 0.015 seconds
[2024-09-09T21:43:01.200+0530] {processor.py:186} INFO - Started process (PID=134957) to work on /home/sst7260/airflow_projects/project1/env/lib/python3.10/site-packages/airflow/example_dags/plugins/workday.py
[2024-09-09T21:43:01.205+0530] {processor.py:914} INFO - Processing file /home/sst7260/airflow_projects/project1/env/lib/python3.10/site-packages/airflow/example_dags/plugins/workday.py for tasks to queue
[2024-09-09T21:43:01.206+0530] {logging_mixin.py:190} INFO - [2024-09-09T21:43:01.205+0530] {dagbag.py:587} INFO - Filling up the DagBag from /home/sst7260/airflow_projects/project1/env/lib/python3.10/site-packages/airflow/example_dags/plugins/workday.py
[2024-09-09T21:43:01.207+0530] {logging_mixin.py:190} INFO - [2024-09-09T21:43:01.207+0530] {workday.py:41} WARNING - Could not import pandas. Holidays will not be considered.
[2024-09-09T21:43:01.208+0530] {processor.py:927} WARNING - No viable dags retrieved from /home/sst7260/airflow_projects/project1/env/lib/python3.10/site-packages/airflow/example_dags/plugins/workday.py
[2024-09-09T21:43:01.214+0530] {processor.py:208} INFO - Processing /home/sst7260/airflow_projects/project1/env/lib/python3.10/site-packages/airflow/example_dags/plugins/workday.py took 0.018 seconds
[2024-09-09T21:43:52.729+0530] {processor.py:186} INFO - Started process (PID=135018) to work on /home/sst7260/airflow_projects/project1/env/lib/python3.10/site-packages/airflow/example_dags/plugins/workday.py
[2024-09-09T21:43:52.734+0530] {processor.py:914} INFO - Processing file /home/sst7260/airflow_projects/project1/env/lib/python3.10/site-packages/airflow/example_dags/plugins/workday.py for tasks to queue
[2024-09-09T21:43:52.736+0530] {logging_mixin.py:190} INFO - [2024-09-09T21:43:52.735+0530] {dagbag.py:587} INFO - Filling up the DagBag from /home/sst7260/airflow_projects/project1/env/lib/python3.10/site-packages/airflow/example_dags/plugins/workday.py
[2024-09-09T21:43:52.738+0530] {logging_mixin.py:190} INFO - [2024-09-09T21:43:52.738+0530] {workday.py:41} WARNING - Could not import pandas. Holidays will not be considered.
[2024-09-09T21:43:52.738+0530] {processor.py:927} WARNING - No viable dags retrieved from /home/sst7260/airflow_projects/project1/env/lib/python3.10/site-packages/airflow/example_dags/plugins/workday.py
[2024-09-09T21:43:52.746+0530] {processor.py:208} INFO - Processing /home/sst7260/airflow_projects/project1/env/lib/python3.10/site-packages/airflow/example_dags/plugins/workday.py took 0.021 seconds
[2024-09-09T21:44:45.774+0530] {processor.py:186} INFO - Started process (PID=135079) to work on /home/sst7260/airflow_projects/project1/env/lib/python3.10/site-packages/airflow/example_dags/plugins/workday.py
[2024-09-09T21:44:45.783+0530] {processor.py:914} INFO - Processing file /home/sst7260/airflow_projects/project1/env/lib/python3.10/site-packages/airflow/example_dags/plugins/workday.py for tasks to queue
[2024-09-09T21:44:45.784+0530] {logging_mixin.py:190} INFO - [2024-09-09T21:44:45.784+0530] {dagbag.py:587} INFO - Filling up the DagBag from /home/sst7260/airflow_projects/project1/env/lib/python3.10/site-packages/airflow/example_dags/plugins/workday.py
[2024-09-09T21:44:45.786+0530] {logging_mixin.py:190} INFO - [2024-09-09T21:44:45.785+0530] {workday.py:41} WARNING - Could not import pandas. Holidays will not be considered.
[2024-09-09T21:44:45.786+0530] {processor.py:927} WARNING - No viable dags retrieved from /home/sst7260/airflow_projects/project1/env/lib/python3.10/site-packages/airflow/example_dags/plugins/workday.py
[2024-09-09T21:44:45.792+0530] {processor.py:208} INFO - Processing /home/sst7260/airflow_projects/project1/env/lib/python3.10/site-packages/airflow/example_dags/plugins/workday.py took 0.022 seconds
[2024-09-09T21:45:39.362+0530] {processor.py:186} INFO - Started process (PID=135168) to work on /home/sst7260/airflow_projects/project1/env/lib/python3.10/site-packages/airflow/example_dags/plugins/workday.py
[2024-09-09T21:45:39.364+0530] {processor.py:914} INFO - Processing file /home/sst7260/airflow_projects/project1/env/lib/python3.10/site-packages/airflow/example_dags/plugins/workday.py for tasks to queue
[2024-09-09T21:45:39.365+0530] {logging_mixin.py:190} INFO - [2024-09-09T21:45:39.365+0530] {dagbag.py:587} INFO - Filling up the DagBag from /home/sst7260/airflow_projects/project1/env/lib/python3.10/site-packages/airflow/example_dags/plugins/workday.py
[2024-09-09T21:45:39.367+0530] {logging_mixin.py:190} INFO - [2024-09-09T21:45:39.367+0530] {workday.py:41} WARNING - Could not import pandas. Holidays will not be considered.
[2024-09-09T21:45:39.367+0530] {processor.py:927} WARNING - No viable dags retrieved from /home/sst7260/airflow_projects/project1/env/lib/python3.10/site-packages/airflow/example_dags/plugins/workday.py
[2024-09-09T21:45:39.375+0530] {processor.py:208} INFO - Processing /home/sst7260/airflow_projects/project1/env/lib/python3.10/site-packages/airflow/example_dags/plugins/workday.py took 0.017 seconds
[2024-09-09T21:46:33.686+0530] {processor.py:186} INFO - Started process (PID=135232) to work on /home/sst7260/airflow_projects/project1/env/lib/python3.10/site-packages/airflow/example_dags/plugins/workday.py
[2024-09-09T21:46:33.695+0530] {processor.py:914} INFO - Processing file /home/sst7260/airflow_projects/project1/env/lib/python3.10/site-packages/airflow/example_dags/plugins/workday.py for tasks to queue
[2024-09-09T21:46:33.697+0530] {logging_mixin.py:190} INFO - [2024-09-09T21:46:33.696+0530] {dagbag.py:587} INFO - Filling up the DagBag from /home/sst7260/airflow_projects/project1/env/lib/python3.10/site-packages/airflow/example_dags/plugins/workday.py
[2024-09-09T21:46:33.700+0530] {logging_mixin.py:190} INFO - [2024-09-09T21:46:33.700+0530] {workday.py:41} WARNING - Could not import pandas. Holidays will not be considered.
[2024-09-09T21:46:33.700+0530] {processor.py:927} WARNING - No viable dags retrieved from /home/sst7260/airflow_projects/project1/env/lib/python3.10/site-packages/airflow/example_dags/plugins/workday.py
[2024-09-09T21:46:33.706+0530] {processor.py:208} INFO - Processing /home/sst7260/airflow_projects/project1/env/lib/python3.10/site-packages/airflow/example_dags/plugins/workday.py took 0.025 seconds
[2024-09-09T21:47:29.102+0530] {processor.py:186} INFO - Started process (PID=135302) to work on /home/sst7260/airflow_projects/project1/env/lib/python3.10/site-packages/airflow/example_dags/plugins/workday.py
[2024-09-09T21:47:29.105+0530] {processor.py:914} INFO - Processing file /home/sst7260/airflow_projects/project1/env/lib/python3.10/site-packages/airflow/example_dags/plugins/workday.py for tasks to queue
[2024-09-09T21:47:29.106+0530] {logging_mixin.py:190} INFO - [2024-09-09T21:47:29.105+0530] {dagbag.py:587} INFO - Filling up the DagBag from /home/sst7260/airflow_projects/project1/env/lib/python3.10/site-packages/airflow/example_dags/plugins/workday.py
[2024-09-09T21:47:29.107+0530] {logging_mixin.py:190} INFO - [2024-09-09T21:47:29.107+0530] {workday.py:41} WARNING - Could not import pandas. Holidays will not be considered.
[2024-09-09T21:47:29.107+0530] {processor.py:927} WARNING - No viable dags retrieved from /home/sst7260/airflow_projects/project1/env/lib/python3.10/site-packages/airflow/example_dags/plugins/workday.py
[2024-09-09T21:47:29.114+0530] {processor.py:208} INFO - Processing /home/sst7260/airflow_projects/project1/env/lib/python3.10/site-packages/airflow/example_dags/plugins/workday.py took 0.017 seconds
[2024-09-09T21:48:18.789+0530] {processor.py:186} INFO - Started process (PID=135362) to work on /home/sst7260/airflow_projects/project1/env/lib/python3.10/site-packages/airflow/example_dags/plugins/workday.py
[2024-09-09T21:48:18.790+0530] {processor.py:914} INFO - Processing file /home/sst7260/airflow_projects/project1/env/lib/python3.10/site-packages/airflow/example_dags/plugins/workday.py for tasks to queue
[2024-09-09T21:48:18.791+0530] {logging_mixin.py:190} INFO - [2024-09-09T21:48:18.791+0530] {dagbag.py:587} INFO - Filling up the DagBag from /home/sst7260/airflow_projects/project1/env/lib/python3.10/site-packages/airflow/example_dags/plugins/workday.py
[2024-09-09T21:48:18.794+0530] {logging_mixin.py:190} INFO - [2024-09-09T21:48:18.794+0530] {workday.py:41} WARNING - Could not import pandas. Holidays will not be considered.
[2024-09-09T21:48:18.794+0530] {processor.py:927} WARNING - No viable dags retrieved from /home/sst7260/airflow_projects/project1/env/lib/python3.10/site-packages/airflow/example_dags/plugins/workday.py
[2024-09-09T21:48:18.807+0530] {processor.py:208} INFO - Processing /home/sst7260/airflow_projects/project1/env/lib/python3.10/site-packages/airflow/example_dags/plugins/workday.py took 0.022 seconds
[2024-09-09T21:49:12.736+0530] {processor.py:186} INFO - Started process (PID=135425) to work on /home/sst7260/airflow_projects/project1/env/lib/python3.10/site-packages/airflow/example_dags/plugins/workday.py
[2024-09-09T21:49:12.738+0530] {processor.py:914} INFO - Processing file /home/sst7260/airflow_projects/project1/env/lib/python3.10/site-packages/airflow/example_dags/plugins/workday.py for tasks to queue
[2024-09-09T21:49:12.739+0530] {logging_mixin.py:190} INFO - [2024-09-09T21:49:12.739+0530] {dagbag.py:587} INFO - Filling up the DagBag from /home/sst7260/airflow_projects/project1/env/lib/python3.10/site-packages/airflow/example_dags/plugins/workday.py
[2024-09-09T21:49:12.741+0530] {logging_mixin.py:190} INFO - [2024-09-09T21:49:12.741+0530] {workday.py:41} WARNING - Could not import pandas. Holidays will not be considered.
[2024-09-09T21:49:12.741+0530] {processor.py:927} WARNING - No viable dags retrieved from /home/sst7260/airflow_projects/project1/env/lib/python3.10/site-packages/airflow/example_dags/plugins/workday.py
[2024-09-09T21:49:12.749+0530] {processor.py:208} INFO - Processing /home/sst7260/airflow_projects/project1/env/lib/python3.10/site-packages/airflow/example_dags/plugins/workday.py took 0.017 seconds
[2024-09-09T21:50:06.764+0530] {processor.py:186} INFO - Started process (PID=135487) to work on /home/sst7260/airflow_projects/project1/env/lib/python3.10/site-packages/airflow/example_dags/plugins/workday.py
[2024-09-09T21:50:06.769+0530] {processor.py:914} INFO - Processing file /home/sst7260/airflow_projects/project1/env/lib/python3.10/site-packages/airflow/example_dags/plugins/workday.py for tasks to queue
[2024-09-09T21:50:06.770+0530] {logging_mixin.py:190} INFO - [2024-09-09T21:50:06.770+0530] {dagbag.py:587} INFO - Filling up the DagBag from /home/sst7260/airflow_projects/project1/env/lib/python3.10/site-packages/airflow/example_dags/plugins/workday.py
[2024-09-09T21:50:06.772+0530] {logging_mixin.py:190} INFO - [2024-09-09T21:50:06.772+0530] {workday.py:41} WARNING - Could not import pandas. Holidays will not be considered.
[2024-09-09T21:50:06.772+0530] {processor.py:927} WARNING - No viable dags retrieved from /home/sst7260/airflow_projects/project1/env/lib/python3.10/site-packages/airflow/example_dags/plugins/workday.py
[2024-09-09T21:50:06.779+0530] {processor.py:208} INFO - Processing /home/sst7260/airflow_projects/project1/env/lib/python3.10/site-packages/airflow/example_dags/plugins/workday.py took 0.019 seconds
[2024-09-09T21:51:02.111+0530] {processor.py:186} INFO - Started process (PID=135578) to work on /home/sst7260/airflow_projects/project1/env/lib/python3.10/site-packages/airflow/example_dags/plugins/workday.py
[2024-09-09T21:51:02.112+0530] {processor.py:914} INFO - Processing file /home/sst7260/airflow_projects/project1/env/lib/python3.10/site-packages/airflow/example_dags/plugins/workday.py for tasks to queue
[2024-09-09T21:51:02.113+0530] {logging_mixin.py:190} INFO - [2024-09-09T21:51:02.113+0530] {dagbag.py:587} INFO - Filling up the DagBag from /home/sst7260/airflow_projects/project1/env/lib/python3.10/site-packages/airflow/example_dags/plugins/workday.py
[2024-09-09T21:51:02.115+0530] {logging_mixin.py:190} INFO - [2024-09-09T21:51:02.115+0530] {workday.py:41} WARNING - Could not import pandas. Holidays will not be considered.
[2024-09-09T21:51:02.115+0530] {processor.py:927} WARNING - No viable dags retrieved from /home/sst7260/airflow_projects/project1/env/lib/python3.10/site-packages/airflow/example_dags/plugins/workday.py
[2024-09-09T21:51:02.122+0530] {processor.py:208} INFO - Processing /home/sst7260/airflow_projects/project1/env/lib/python3.10/site-packages/airflow/example_dags/plugins/workday.py took 0.016 seconds
[2024-09-09T21:51:55.078+0530] {processor.py:186} INFO - Started process (PID=135639) to work on /home/sst7260/airflow_projects/project1/env/lib/python3.10/site-packages/airflow/example_dags/plugins/workday.py
[2024-09-09T21:51:55.087+0530] {processor.py:914} INFO - Processing file /home/sst7260/airflow_projects/project1/env/lib/python3.10/site-packages/airflow/example_dags/plugins/workday.py for tasks to queue
[2024-09-09T21:51:55.088+0530] {logging_mixin.py:190} INFO - [2024-09-09T21:51:55.088+0530] {dagbag.py:587} INFO - Filling up the DagBag from /home/sst7260/airflow_projects/project1/env/lib/python3.10/site-packages/airflow/example_dags/plugins/workday.py
[2024-09-09T21:51:55.090+0530] {logging_mixin.py:190} INFO - [2024-09-09T21:51:55.090+0530] {workday.py:41} WARNING - Could not import pandas. Holidays will not be considered.
[2024-09-09T21:51:55.090+0530] {processor.py:927} WARNING - No viable dags retrieved from /home/sst7260/airflow_projects/project1/env/lib/python3.10/site-packages/airflow/example_dags/plugins/workday.py
[2024-09-09T21:51:55.098+0530] {processor.py:208} INFO - Processing /home/sst7260/airflow_projects/project1/env/lib/python3.10/site-packages/airflow/example_dags/plugins/workday.py took 0.025 seconds
