[2024-09-10T16:04:16.550+0530] {local_task_job_runner.py:123} INFO - ::group::Pre task execution logs
[2024-09-10T16:04:16.558+0530] {taskinstance.py:2612} INFO - Dependencies all met for dep_context=non-requeueable deps ti=<TaskInstance: beam_etl_dag_with_credentials.run_beam_pipeline manual__2024-09-10T10:27:13.436387+00:00 [queued]>
[2024-09-10T16:04:16.563+0530] {taskinstance.py:2612} INFO - Dependencies all met for dep_context=requeueable deps ti=<TaskInstance: beam_etl_dag_with_credentials.run_beam_pipeline manual__2024-09-10T10:27:13.436387+00:00 [queued]>
[2024-09-10T16:04:16.564+0530] {taskinstance.py:2865} INFO - Starting attempt 3 of 2
[2024-09-10T16:04:16.588+0530] {taskinstance.py:2888} INFO - Executing <Task(PythonOperator): run_beam_pipeline> on 2024-09-10 10:27:13.436387+00:00
[2024-09-10T16:04:16.593+0530] {standard_task_runner.py:72} INFO - Started process 195916 to run task
[2024-09-10T16:04:16.596+0530] {standard_task_runner.py:104} INFO - Running: ['airflow', 'tasks', 'run', 'beam_etl_dag_with_credentials', 'run_beam_pipeline', 'manual__2024-09-10T10:27:13.436387+00:00', '--job-id', '82', '--raw', '--subdir', 'DAGS_FOLDER/beam_etl_dag.py', '--cfg-path', '/tmp/tmp6q850t2n']
[2024-09-10T16:04:16.596+0530] {standard_task_runner.py:105} INFO - Job 82: Subtask run_beam_pipeline
[2024-09-10T16:04:16.637+0530] {task_command.py:467} INFO - Running <TaskInstance: beam_etl_dag_with_credentials.run_beam_pipeline manual__2024-09-10T10:27:13.436387+00:00 [running]> on host PG0392KD.springernature.com
[2024-09-10T16:04:16.688+0530] {taskinstance.py:3131} INFO - Exporting env vars: AIRFLOW_CTX_DAG_OWNER='airflow' AIRFLOW_CTX_DAG_ID='beam_etl_dag_with_credentials' AIRFLOW_CTX_TASK_ID='run_beam_pipeline' AIRFLOW_CTX_EXECUTION_DATE='2024-09-10T10:27:13.436387+00:00' AIRFLOW_CTX_TRY_NUMBER='3' AIRFLOW_CTX_DAG_RUN_ID='manual__2024-09-10T10:27:13.436387+00:00'
[2024-09-10T16:04:16.689+0530] {logging_mixin.py:190} INFO - Task instance is in running state
[2024-09-10T16:04:16.689+0530] {logging_mixin.py:190} INFO -  Previous state of the Task instance: queued
[2024-09-10T16:04:16.689+0530] {logging_mixin.py:190} INFO - Current task name:run_beam_pipeline state:running start_date:2024-09-10 10:34:16.559361+00:00
[2024-09-10T16:04:16.689+0530] {logging_mixin.py:190} INFO - Dag name:beam_etl_dag_with_credentials and current dag run status:running
[2024-09-10T16:04:16.689+0530] {taskinstance.py:731} INFO - ::endgroup::
[2024-09-10T16:04:16.740+0530] {pipeline_options.py:372} WARNING - Discarding unparseable args: ['tasks', 'run', 'beam_etl_dag_with_credentials', 'run_beam_pipeline', 'manual__2024-09-10T10:27:13.436387+00:00', '--local', '--subdir', 'DAGS_FOLDER/beam_etl_dag.py']
[2024-09-10T16:04:16.742+0530] {pipeline_options.py:372} WARNING - Discarding unparseable args: ['tasks', 'run', 'beam_etl_dag_with_credentials', 'run_beam_pipeline', 'manual__2024-09-10T10:27:13.436387+00:00', '--local', '--subdir', 'DAGS_FOLDER/beam_etl_dag.py']
[2024-09-10T16:04:17.509+0530] {pipeline_options.py:940} WARNING - Bucket specified in temp_location has soft-delete policy enabled. To avoid being billed for unnecessary storage costs, turn off the soft delete feature on buckets that your Dataflow jobs use for temporary and staging storage. For more information, see https://cloud.google.com/storage/docs/use-soft-delete#remove-soft-delete-policy.
[2024-09-10T16:04:17.514+0530] {pipeline_options.py:372} WARNING - Discarding unparseable args: ['tasks', 'run', 'beam_etl_dag_with_credentials', 'run_beam_pipeline', 'manual__2024-09-10T10:27:13.436387+00:00', '--local', '--subdir', 'DAGS_FOLDER/beam_etl_dag.py']
[2024-09-10T16:04:17.516+0530] {pipeline_options.py:372} WARNING - Discarding unparseable args: ['tasks', 'run', 'beam_etl_dag_with_credentials', 'run_beam_pipeline', 'manual__2024-09-10T10:27:13.436387+00:00', '--local', '--subdir', 'DAGS_FOLDER/beam_etl_dag.py']
[2024-09-10T16:04:18.090+0530] {pipeline_options.py:940} WARNING - Bucket specified in staging_location has soft-delete policy enabled. To avoid being billed for unnecessary storage costs, turn off the soft delete feature on buckets that your Dataflow jobs use for temporary and staging storage. For more information, see https://cloud.google.com/storage/docs/use-soft-delete#remove-soft-delete-policy.
[2024-09-10T16:04:20.287+0530] {pipeline_options.py:372} WARNING - Discarding unparseable args: ['tasks', 'run', 'beam_etl_dag_with_credentials', 'run_beam_pipeline', 'manual__2024-09-10T10:27:13.436387+00:00', '--local', '--subdir', 'DAGS_FOLDER/beam_etl_dag.py']
[2024-09-10T16:04:20.290+0530] {pipeline_options.py:372} WARNING - Discarding unparseable args: ['tasks', 'run', 'beam_etl_dag_with_credentials', 'run_beam_pipeline', 'manual__2024-09-10T10:27:13.436387+00:00', '--local', '--subdir', 'DAGS_FOLDER/beam_etl_dag.py']
[2024-09-10T16:04:20.825+0530] {pipeline_options.py:940} WARNING - Bucket specified in temp_location has soft-delete policy enabled. To avoid being billed for unnecessary storage costs, turn off the soft delete feature on buckets that your Dataflow jobs use for temporary and staging storage. For more information, see https://cloud.google.com/storage/docs/use-soft-delete#remove-soft-delete-policy.
[2024-09-10T16:04:20.828+0530] {pipeline_options.py:372} WARNING - Discarding unparseable args: ['tasks', 'run', 'beam_etl_dag_with_credentials', 'run_beam_pipeline', 'manual__2024-09-10T10:27:13.436387+00:00', '--local', '--subdir', 'DAGS_FOLDER/beam_etl_dag.py']
[2024-09-10T16:04:20.829+0530] {pipeline_options.py:372} WARNING - Discarding unparseable args: ['tasks', 'run', 'beam_etl_dag_with_credentials', 'run_beam_pipeline', 'manual__2024-09-10T10:27:13.436387+00:00', '--local', '--subdir', 'DAGS_FOLDER/beam_etl_dag.py']
[2024-09-10T16:04:21.400+0530] {pipeline_options.py:940} WARNING - Bucket specified in staging_location has soft-delete policy enabled. To avoid being billed for unnecessary storage costs, turn off the soft delete feature on buckets that your Dataflow jobs use for temporary and staging storage. For more information, see https://cloud.google.com/storage/docs/use-soft-delete#remove-soft-delete-policy.
[2024-09-10T16:04:22.255+0530] {dataflow_runner.py:397} INFO - Pipeline has additional dependencies to be installed in SDK worker container, consider using the SDK container image pre-building workflow to avoid repetitive installations. Learn more on https://cloud.google.com/dataflow/docs/guides/using-custom-containers#prebuild
[2024-09-10T16:04:22.257+0530] {environments.py:314} INFO - Using provided Python SDK container image: gcr.io/cloud-dataflow/v1beta3/beam_python3.10_sdk:2.58.1
[2024-09-10T16:04:22.257+0530] {environments.py:321} INFO - Python SDK container image set to "gcr.io/cloud-dataflow/v1beta3/beam_python3.10_sdk:2.58.1" for Docker environment
[2024-09-10T16:04:22.418+0530] {apiclient.py:667} INFO - Starting GCS upload to gs://sn_insights_test/staging/etl-pipeline-job.1725964462.412763/submission_environment_dependencies.txt...
[2024-09-10T16:04:26.695+0530] {local_task_job_runner.py:346} WARNING - State of this instance has been externally set to failed. Terminating instance.
[2024-09-10T16:04:26.695+0530] {local_task_job_runner.py:245} INFO - ::endgroup::
[2024-09-10T16:04:26.697+0530] {process_utils.py:132} INFO - Sending Signals.SIGTERM to group 195916. PIDs of all processes in the group: [195916]
[2024-09-10T16:04:26.697+0530] {process_utils.py:87} INFO - Sending the signal Signals.SIGTERM to group 195916
[2024-09-10T16:04:26.697+0530] {taskinstance.py:3092} ERROR - Received SIGTERM. Terminating subprocesses.
[2024-09-10T16:04:26.725+0530] {taskinstance.py:340} INFO - ::group::Post task execution logs
[2024-09-10T16:04:26.750+0530] {process_utils.py:80} INFO - Process psutil.Process(pid=195916, status='terminated', exitcode=0, started='16:04:15') (195916) terminated with exit code 0
