[2024-09-09T20:46:03.528+0530] {processor.py:186} INFO - Started process (PID=128098) to work on /home/sst7260/airflow_projects/project1/env/lib/python3.10/site-packages/airflow/example_dags/subdags/subdag.py
[2024-09-09T20:46:03.529+0530] {processor.py:914} INFO - Processing file /home/sst7260/airflow_projects/project1/env/lib/python3.10/site-packages/airflow/example_dags/subdags/subdag.py for tasks to queue
[2024-09-09T20:46:03.534+0530] {logging_mixin.py:190} INFO - [2024-09-09T20:46:03.533+0530] {dagbag.py:587} INFO - Filling up the DagBag from /home/sst7260/airflow_projects/project1/env/lib/python3.10/site-packages/airflow/example_dags/subdags/subdag.py
[2024-09-09T20:46:03.537+0530] {processor.py:927} WARNING - No viable dags retrieved from /home/sst7260/airflow_projects/project1/env/lib/python3.10/site-packages/airflow/example_dags/subdags/subdag.py
[2024-09-09T20:46:03.546+0530] {processor.py:208} INFO - Processing /home/sst7260/airflow_projects/project1/env/lib/python3.10/site-packages/airflow/example_dags/subdags/subdag.py took 0.023 seconds
[2024-09-09T20:47:22.564+0530] {processor.py:186} INFO - Started process (PID=128536) to work on /home/sst7260/airflow_projects/project1/env/lib/python3.10/site-packages/airflow/example_dags/subdags/subdag.py
[2024-09-09T20:47:22.568+0530] {processor.py:914} INFO - Processing file /home/sst7260/airflow_projects/project1/env/lib/python3.10/site-packages/airflow/example_dags/subdags/subdag.py for tasks to queue
[2024-09-09T20:47:22.570+0530] {logging_mixin.py:190} INFO - [2024-09-09T20:47:22.570+0530] {dagbag.py:587} INFO - Filling up the DagBag from /home/sst7260/airflow_projects/project1/env/lib/python3.10/site-packages/airflow/example_dags/subdags/subdag.py
[2024-09-09T20:47:22.572+0530] {processor.py:927} WARNING - No viable dags retrieved from /home/sst7260/airflow_projects/project1/env/lib/python3.10/site-packages/airflow/example_dags/subdags/subdag.py
[2024-09-09T20:47:22.579+0530] {processor.py:208} INFO - Processing /home/sst7260/airflow_projects/project1/env/lib/python3.10/site-packages/airflow/example_dags/subdags/subdag.py took 0.021 seconds
[2024-09-09T20:48:18.680+0530] {processor.py:186} INFO - Started process (PID=128602) to work on /home/sst7260/airflow_projects/project1/env/lib/python3.10/site-packages/airflow/example_dags/subdags/subdag.py
[2024-09-09T20:48:18.681+0530] {processor.py:914} INFO - Processing file /home/sst7260/airflow_projects/project1/env/lib/python3.10/site-packages/airflow/example_dags/subdags/subdag.py for tasks to queue
[2024-09-09T20:48:18.683+0530] {logging_mixin.py:190} INFO - [2024-09-09T20:48:18.683+0530] {dagbag.py:587} INFO - Filling up the DagBag from /home/sst7260/airflow_projects/project1/env/lib/python3.10/site-packages/airflow/example_dags/subdags/subdag.py
[2024-09-09T20:48:18.686+0530] {processor.py:927} WARNING - No viable dags retrieved from /home/sst7260/airflow_projects/project1/env/lib/python3.10/site-packages/airflow/example_dags/subdags/subdag.py
[2024-09-09T20:48:18.698+0530] {processor.py:208} INFO - Processing /home/sst7260/airflow_projects/project1/env/lib/python3.10/site-packages/airflow/example_dags/subdags/subdag.py took 0.025 seconds
[2024-09-09T20:49:18.956+0530] {processor.py:186} INFO - Started process (PID=128679) to work on /home/sst7260/airflow_projects/project1/env/lib/python3.10/site-packages/airflow/example_dags/subdags/subdag.py
[2024-09-09T20:49:18.958+0530] {processor.py:914} INFO - Processing file /home/sst7260/airflow_projects/project1/env/lib/python3.10/site-packages/airflow/example_dags/subdags/subdag.py for tasks to queue
[2024-09-09T20:49:18.960+0530] {logging_mixin.py:190} INFO - [2024-09-09T20:49:18.960+0530] {dagbag.py:587} INFO - Filling up the DagBag from /home/sst7260/airflow_projects/project1/env/lib/python3.10/site-packages/airflow/example_dags/subdags/subdag.py
[2024-09-09T20:49:18.962+0530] {processor.py:927} WARNING - No viable dags retrieved from /home/sst7260/airflow_projects/project1/env/lib/python3.10/site-packages/airflow/example_dags/subdags/subdag.py
[2024-09-09T20:49:18.969+0530] {processor.py:208} INFO - Processing /home/sst7260/airflow_projects/project1/env/lib/python3.10/site-packages/airflow/example_dags/subdags/subdag.py took 0.017 seconds
[2024-09-09T20:50:11.548+0530] {processor.py:186} INFO - Started process (PID=128743) to work on /home/sst7260/airflow_projects/project1/env/lib/python3.10/site-packages/airflow/example_dags/subdags/subdag.py
[2024-09-09T20:50:11.553+0530] {processor.py:914} INFO - Processing file /home/sst7260/airflow_projects/project1/env/lib/python3.10/site-packages/airflow/example_dags/subdags/subdag.py for tasks to queue
[2024-09-09T20:50:11.555+0530] {logging_mixin.py:190} INFO - [2024-09-09T20:50:11.555+0530] {dagbag.py:587} INFO - Filling up the DagBag from /home/sst7260/airflow_projects/project1/env/lib/python3.10/site-packages/airflow/example_dags/subdags/subdag.py
[2024-09-09T20:50:11.557+0530] {processor.py:927} WARNING - No viable dags retrieved from /home/sst7260/airflow_projects/project1/env/lib/python3.10/site-packages/airflow/example_dags/subdags/subdag.py
[2024-09-09T20:50:11.565+0530] {processor.py:208} INFO - Processing /home/sst7260/airflow_projects/project1/env/lib/python3.10/site-packages/airflow/example_dags/subdags/subdag.py took 0.021 seconds
[2024-09-09T20:51:04.515+0530] {processor.py:186} INFO - Started process (PID=128832) to work on /home/sst7260/airflow_projects/project1/env/lib/python3.10/site-packages/airflow/example_dags/subdags/subdag.py
[2024-09-09T20:51:04.516+0530] {processor.py:914} INFO - Processing file /home/sst7260/airflow_projects/project1/env/lib/python3.10/site-packages/airflow/example_dags/subdags/subdag.py for tasks to queue
[2024-09-09T20:51:04.518+0530] {logging_mixin.py:190} INFO - [2024-09-09T20:51:04.517+0530] {dagbag.py:587} INFO - Filling up the DagBag from /home/sst7260/airflow_projects/project1/env/lib/python3.10/site-packages/airflow/example_dags/subdags/subdag.py
[2024-09-09T20:51:04.519+0530] {processor.py:927} WARNING - No viable dags retrieved from /home/sst7260/airflow_projects/project1/env/lib/python3.10/site-packages/airflow/example_dags/subdags/subdag.py
[2024-09-09T20:51:04.526+0530] {processor.py:208} INFO - Processing /home/sst7260/airflow_projects/project1/env/lib/python3.10/site-packages/airflow/example_dags/subdags/subdag.py took 0.015 seconds
[2024-09-09T20:51:58.045+0530] {processor.py:186} INFO - Started process (PID=129032) to work on /home/sst7260/airflow_projects/project1/env/lib/python3.10/site-packages/airflow/example_dags/subdags/subdag.py
[2024-09-09T20:51:58.050+0530] {processor.py:914} INFO - Processing file /home/sst7260/airflow_projects/project1/env/lib/python3.10/site-packages/airflow/example_dags/subdags/subdag.py for tasks to queue
[2024-09-09T20:51:58.053+0530] {logging_mixin.py:190} INFO - [2024-09-09T20:51:58.052+0530] {dagbag.py:587} INFO - Filling up the DagBag from /home/sst7260/airflow_projects/project1/env/lib/python3.10/site-packages/airflow/example_dags/subdags/subdag.py
[2024-09-09T20:51:58.054+0530] {processor.py:927} WARNING - No viable dags retrieved from /home/sst7260/airflow_projects/project1/env/lib/python3.10/site-packages/airflow/example_dags/subdags/subdag.py
[2024-09-09T20:51:58.063+0530] {processor.py:208} INFO - Processing /home/sst7260/airflow_projects/project1/env/lib/python3.10/site-packages/airflow/example_dags/subdags/subdag.py took 0.024 seconds
[2024-09-09T20:52:57.557+0530] {processor.py:186} INFO - Started process (PID=129398) to work on /home/sst7260/airflow_projects/project1/env/lib/python3.10/site-packages/airflow/example_dags/subdags/subdag.py
[2024-09-09T20:52:57.559+0530] {processor.py:914} INFO - Processing file /home/sst7260/airflow_projects/project1/env/lib/python3.10/site-packages/airflow/example_dags/subdags/subdag.py for tasks to queue
[2024-09-09T20:52:57.561+0530] {logging_mixin.py:190} INFO - [2024-09-09T20:52:57.560+0530] {dagbag.py:587} INFO - Filling up the DagBag from /home/sst7260/airflow_projects/project1/env/lib/python3.10/site-packages/airflow/example_dags/subdags/subdag.py
[2024-09-09T20:52:57.563+0530] {processor.py:927} WARNING - No viable dags retrieved from /home/sst7260/airflow_projects/project1/env/lib/python3.10/site-packages/airflow/example_dags/subdags/subdag.py
[2024-09-09T20:52:57.576+0530] {processor.py:208} INFO - Processing /home/sst7260/airflow_projects/project1/env/lib/python3.10/site-packages/airflow/example_dags/subdags/subdag.py took 0.025 seconds
[2024-09-09T20:54:05.957+0530] {processor.py:186} INFO - Started process (PID=129759) to work on /home/sst7260/airflow_projects/project1/env/lib/python3.10/site-packages/airflow/example_dags/subdags/subdag.py
[2024-09-09T20:54:05.958+0530] {processor.py:914} INFO - Processing file /home/sst7260/airflow_projects/project1/env/lib/python3.10/site-packages/airflow/example_dags/subdags/subdag.py for tasks to queue
[2024-09-09T20:54:05.960+0530] {logging_mixin.py:190} INFO - [2024-09-09T20:54:05.960+0530] {dagbag.py:587} INFO - Filling up the DagBag from /home/sst7260/airflow_projects/project1/env/lib/python3.10/site-packages/airflow/example_dags/subdags/subdag.py
[2024-09-09T20:54:05.965+0530] {processor.py:927} WARNING - No viable dags retrieved from /home/sst7260/airflow_projects/project1/env/lib/python3.10/site-packages/airflow/example_dags/subdags/subdag.py
[2024-09-09T20:54:05.977+0530] {processor.py:208} INFO - Processing /home/sst7260/airflow_projects/project1/env/lib/python3.10/site-packages/airflow/example_dags/subdags/subdag.py took 0.024 seconds
[2024-09-09T20:55:11.050+0530] {processor.py:186} INFO - Started process (PID=130044) to work on /home/sst7260/airflow_projects/project1/env/lib/python3.10/site-packages/airflow/example_dags/subdags/subdag.py
[2024-09-09T20:55:11.053+0530] {processor.py:914} INFO - Processing file /home/sst7260/airflow_projects/project1/env/lib/python3.10/site-packages/airflow/example_dags/subdags/subdag.py for tasks to queue
[2024-09-09T20:55:11.054+0530] {logging_mixin.py:190} INFO - [2024-09-09T20:55:11.054+0530] {dagbag.py:587} INFO - Filling up the DagBag from /home/sst7260/airflow_projects/project1/env/lib/python3.10/site-packages/airflow/example_dags/subdags/subdag.py
[2024-09-09T20:55:11.056+0530] {processor.py:927} WARNING - No viable dags retrieved from /home/sst7260/airflow_projects/project1/env/lib/python3.10/site-packages/airflow/example_dags/subdags/subdag.py
[2024-09-09T20:55:11.063+0530] {processor.py:208} INFO - Processing /home/sst7260/airflow_projects/project1/env/lib/python3.10/site-packages/airflow/example_dags/subdags/subdag.py took 0.017 seconds
[2024-09-09T20:56:05.983+0530] {processor.py:186} INFO - Started process (PID=130169) to work on /home/sst7260/airflow_projects/project1/env/lib/python3.10/site-packages/airflow/example_dags/subdags/subdag.py
[2024-09-09T20:56:05.984+0530] {processor.py:914} INFO - Processing file /home/sst7260/airflow_projects/project1/env/lib/python3.10/site-packages/airflow/example_dags/subdags/subdag.py for tasks to queue
[2024-09-09T20:56:05.986+0530] {logging_mixin.py:190} INFO - [2024-09-09T20:56:05.985+0530] {dagbag.py:587} INFO - Filling up the DagBag from /home/sst7260/airflow_projects/project1/env/lib/python3.10/site-packages/airflow/example_dags/subdags/subdag.py
[2024-09-09T20:56:05.987+0530] {processor.py:927} WARNING - No viable dags retrieved from /home/sst7260/airflow_projects/project1/env/lib/python3.10/site-packages/airflow/example_dags/subdags/subdag.py
[2024-09-09T20:56:05.995+0530] {processor.py:208} INFO - Processing /home/sst7260/airflow_projects/project1/env/lib/python3.10/site-packages/airflow/example_dags/subdags/subdag.py took 0.018 seconds
[2024-09-09T20:57:00.401+0530] {processor.py:186} INFO - Started process (PID=130424) to work on /home/sst7260/airflow_projects/project1/env/lib/python3.10/site-packages/airflow/example_dags/subdags/subdag.py
[2024-09-09T20:57:00.403+0530] {processor.py:914} INFO - Processing file /home/sst7260/airflow_projects/project1/env/lib/python3.10/site-packages/airflow/example_dags/subdags/subdag.py for tasks to queue
[2024-09-09T20:57:00.405+0530] {logging_mixin.py:190} INFO - [2024-09-09T20:57:00.405+0530] {dagbag.py:587} INFO - Filling up the DagBag from /home/sst7260/airflow_projects/project1/env/lib/python3.10/site-packages/airflow/example_dags/subdags/subdag.py
[2024-09-09T20:57:00.407+0530] {processor.py:927} WARNING - No viable dags retrieved from /home/sst7260/airflow_projects/project1/env/lib/python3.10/site-packages/airflow/example_dags/subdags/subdag.py
[2024-09-09T20:57:00.415+0530] {processor.py:208} INFO - Processing /home/sst7260/airflow_projects/project1/env/lib/python3.10/site-packages/airflow/example_dags/subdags/subdag.py took 0.018 seconds
[2024-09-09T20:57:54.865+0530] {processor.py:186} INFO - Started process (PID=130489) to work on /home/sst7260/airflow_projects/project1/env/lib/python3.10/site-packages/airflow/example_dags/subdags/subdag.py
[2024-09-09T20:57:54.866+0530] {processor.py:914} INFO - Processing file /home/sst7260/airflow_projects/project1/env/lib/python3.10/site-packages/airflow/example_dags/subdags/subdag.py for tasks to queue
[2024-09-09T20:57:54.867+0530] {logging_mixin.py:190} INFO - [2024-09-09T20:57:54.867+0530] {dagbag.py:587} INFO - Filling up the DagBag from /home/sst7260/airflow_projects/project1/env/lib/python3.10/site-packages/airflow/example_dags/subdags/subdag.py
[2024-09-09T20:57:54.869+0530] {processor.py:927} WARNING - No viable dags retrieved from /home/sst7260/airflow_projects/project1/env/lib/python3.10/site-packages/airflow/example_dags/subdags/subdag.py
[2024-09-09T20:57:54.877+0530] {processor.py:208} INFO - Processing /home/sst7260/airflow_projects/project1/env/lib/python3.10/site-packages/airflow/example_dags/subdags/subdag.py took 0.016 seconds
[2024-09-09T20:58:48.811+0530] {processor.py:186} INFO - Started process (PID=130585) to work on /home/sst7260/airflow_projects/project1/env/lib/python3.10/site-packages/airflow/example_dags/subdags/subdag.py
[2024-09-09T20:58:48.816+0530] {processor.py:914} INFO - Processing file /home/sst7260/airflow_projects/project1/env/lib/python3.10/site-packages/airflow/example_dags/subdags/subdag.py for tasks to queue
[2024-09-09T20:58:48.819+0530] {logging_mixin.py:190} INFO - [2024-09-09T20:58:48.818+0530] {dagbag.py:587} INFO - Filling up the DagBag from /home/sst7260/airflow_projects/project1/env/lib/python3.10/site-packages/airflow/example_dags/subdags/subdag.py
[2024-09-09T20:58:48.821+0530] {processor.py:927} WARNING - No viable dags retrieved from /home/sst7260/airflow_projects/project1/env/lib/python3.10/site-packages/airflow/example_dags/subdags/subdag.py
[2024-09-09T20:58:48.834+0530] {processor.py:208} INFO - Processing /home/sst7260/airflow_projects/project1/env/lib/python3.10/site-packages/airflow/example_dags/subdags/subdag.py took 0.028 seconds
[2024-09-09T20:59:45.043+0530] {processor.py:186} INFO - Started process (PID=130793) to work on /home/sst7260/airflow_projects/project1/env/lib/python3.10/site-packages/airflow/example_dags/subdags/subdag.py
[2024-09-09T20:59:45.045+0530] {processor.py:914} INFO - Processing file /home/sst7260/airflow_projects/project1/env/lib/python3.10/site-packages/airflow/example_dags/subdags/subdag.py for tasks to queue
[2024-09-09T20:59:45.047+0530] {logging_mixin.py:190} INFO - [2024-09-09T20:59:45.047+0530] {dagbag.py:587} INFO - Filling up the DagBag from /home/sst7260/airflow_projects/project1/env/lib/python3.10/site-packages/airflow/example_dags/subdags/subdag.py
[2024-09-09T20:59:45.048+0530] {processor.py:927} WARNING - No viable dags retrieved from /home/sst7260/airflow_projects/project1/env/lib/python3.10/site-packages/airflow/example_dags/subdags/subdag.py
[2024-09-09T20:59:45.058+0530] {processor.py:208} INFO - Processing /home/sst7260/airflow_projects/project1/env/lib/python3.10/site-packages/airflow/example_dags/subdags/subdag.py took 0.019 seconds
[2024-09-09T21:00:41.291+0530] {processor.py:186} INFO - Started process (PID=131025) to work on /home/sst7260/airflow_projects/project1/env/lib/python3.10/site-packages/airflow/example_dags/subdags/subdag.py
[2024-09-09T21:00:41.292+0530] {processor.py:914} INFO - Processing file /home/sst7260/airflow_projects/project1/env/lib/python3.10/site-packages/airflow/example_dags/subdags/subdag.py for tasks to queue
[2024-09-09T21:00:41.293+0530] {logging_mixin.py:190} INFO - [2024-09-09T21:00:41.293+0530] {dagbag.py:587} INFO - Filling up the DagBag from /home/sst7260/airflow_projects/project1/env/lib/python3.10/site-packages/airflow/example_dags/subdags/subdag.py
[2024-09-09T21:00:41.295+0530] {processor.py:927} WARNING - No viable dags retrieved from /home/sst7260/airflow_projects/project1/env/lib/python3.10/site-packages/airflow/example_dags/subdags/subdag.py
[2024-09-09T21:00:41.303+0530] {processor.py:208} INFO - Processing /home/sst7260/airflow_projects/project1/env/lib/python3.10/site-packages/airflow/example_dags/subdags/subdag.py took 0.019 seconds
[2024-09-09T21:01:50.494+0530] {processor.py:186} INFO - Started process (PID=131275) to work on /home/sst7260/airflow_projects/project1/env/lib/python3.10/site-packages/airflow/example_dags/subdags/subdag.py
[2024-09-09T21:01:50.496+0530] {processor.py:914} INFO - Processing file /home/sst7260/airflow_projects/project1/env/lib/python3.10/site-packages/airflow/example_dags/subdags/subdag.py for tasks to queue
[2024-09-09T21:01:50.498+0530] {logging_mixin.py:190} INFO - [2024-09-09T21:01:50.497+0530] {dagbag.py:587} INFO - Filling up the DagBag from /home/sst7260/airflow_projects/project1/env/lib/python3.10/site-packages/airflow/example_dags/subdags/subdag.py
[2024-09-09T21:01:50.499+0530] {processor.py:927} WARNING - No viable dags retrieved from /home/sst7260/airflow_projects/project1/env/lib/python3.10/site-packages/airflow/example_dags/subdags/subdag.py
[2024-09-09T21:01:50.506+0530] {processor.py:208} INFO - Processing /home/sst7260/airflow_projects/project1/env/lib/python3.10/site-packages/airflow/example_dags/subdags/subdag.py took 0.017 seconds
[2024-09-09T21:02:44.307+0530] {processor.py:186} INFO - Started process (PID=131463) to work on /home/sst7260/airflow_projects/project1/env/lib/python3.10/site-packages/airflow/example_dags/subdags/subdag.py
[2024-09-09T21:02:44.310+0530] {processor.py:914} INFO - Processing file /home/sst7260/airflow_projects/project1/env/lib/python3.10/site-packages/airflow/example_dags/subdags/subdag.py for tasks to queue
[2024-09-09T21:02:44.318+0530] {logging_mixin.py:190} INFO - [2024-09-09T21:02:44.318+0530] {dagbag.py:587} INFO - Filling up the DagBag from /home/sst7260/airflow_projects/project1/env/lib/python3.10/site-packages/airflow/example_dags/subdags/subdag.py
[2024-09-09T21:02:44.320+0530] {processor.py:927} WARNING - No viable dags retrieved from /home/sst7260/airflow_projects/project1/env/lib/python3.10/site-packages/airflow/example_dags/subdags/subdag.py
[2024-09-09T21:02:44.330+0530] {processor.py:208} INFO - Processing /home/sst7260/airflow_projects/project1/env/lib/python3.10/site-packages/airflow/example_dags/subdags/subdag.py took 0.029 seconds
[2024-09-09T21:03:39.817+0530] {processor.py:186} INFO - Started process (PID=131527) to work on /home/sst7260/airflow_projects/project1/env/lib/python3.10/site-packages/airflow/example_dags/subdags/subdag.py
[2024-09-09T21:03:39.827+0530] {processor.py:914} INFO - Processing file /home/sst7260/airflow_projects/project1/env/lib/python3.10/site-packages/airflow/example_dags/subdags/subdag.py for tasks to queue
[2024-09-09T21:03:39.829+0530] {logging_mixin.py:190} INFO - [2024-09-09T21:03:39.829+0530] {dagbag.py:587} INFO - Filling up the DagBag from /home/sst7260/airflow_projects/project1/env/lib/python3.10/site-packages/airflow/example_dags/subdags/subdag.py
[2024-09-09T21:03:39.832+0530] {processor.py:927} WARNING - No viable dags retrieved from /home/sst7260/airflow_projects/project1/env/lib/python3.10/site-packages/airflow/example_dags/subdags/subdag.py
[2024-09-09T21:03:39.843+0530] {processor.py:208} INFO - Processing /home/sst7260/airflow_projects/project1/env/lib/python3.10/site-packages/airflow/example_dags/subdags/subdag.py took 0.032 seconds
[2024-09-09T21:04:36.163+0530] {processor.py:186} INFO - Started process (PID=131592) to work on /home/sst7260/airflow_projects/project1/env/lib/python3.10/site-packages/airflow/example_dags/subdags/subdag.py
[2024-09-09T21:04:36.165+0530] {processor.py:914} INFO - Processing file /home/sst7260/airflow_projects/project1/env/lib/python3.10/site-packages/airflow/example_dags/subdags/subdag.py for tasks to queue
[2024-09-09T21:04:36.166+0530] {logging_mixin.py:190} INFO - [2024-09-09T21:04:36.165+0530] {dagbag.py:587} INFO - Filling up the DagBag from /home/sst7260/airflow_projects/project1/env/lib/python3.10/site-packages/airflow/example_dags/subdags/subdag.py
[2024-09-09T21:04:36.169+0530] {processor.py:927} WARNING - No viable dags retrieved from /home/sst7260/airflow_projects/project1/env/lib/python3.10/site-packages/airflow/example_dags/subdags/subdag.py
[2024-09-09T21:04:36.182+0530] {processor.py:208} INFO - Processing /home/sst7260/airflow_projects/project1/env/lib/python3.10/site-packages/airflow/example_dags/subdags/subdag.py took 0.025 seconds
[2024-09-09T21:05:33.355+0530] {processor.py:186} INFO - Started process (PID=131833) to work on /home/sst7260/airflow_projects/project1/env/lib/python3.10/site-packages/airflow/example_dags/subdags/subdag.py
[2024-09-09T21:05:33.356+0530] {processor.py:914} INFO - Processing file /home/sst7260/airflow_projects/project1/env/lib/python3.10/site-packages/airflow/example_dags/subdags/subdag.py for tasks to queue
[2024-09-09T21:05:33.358+0530] {logging_mixin.py:190} INFO - [2024-09-09T21:05:33.357+0530] {dagbag.py:587} INFO - Filling up the DagBag from /home/sst7260/airflow_projects/project1/env/lib/python3.10/site-packages/airflow/example_dags/subdags/subdag.py
[2024-09-09T21:05:33.359+0530] {processor.py:927} WARNING - No viable dags retrieved from /home/sst7260/airflow_projects/project1/env/lib/python3.10/site-packages/airflow/example_dags/subdags/subdag.py
[2024-09-09T21:05:33.368+0530] {processor.py:208} INFO - Processing /home/sst7260/airflow_projects/project1/env/lib/python3.10/site-packages/airflow/example_dags/subdags/subdag.py took 0.019 seconds
[2024-09-09T21:06:28.210+0530] {processor.py:186} INFO - Started process (PID=131918) to work on /home/sst7260/airflow_projects/project1/env/lib/python3.10/site-packages/airflow/example_dags/subdags/subdag.py
[2024-09-09T21:06:28.212+0530] {processor.py:914} INFO - Processing file /home/sst7260/airflow_projects/project1/env/lib/python3.10/site-packages/airflow/example_dags/subdags/subdag.py for tasks to queue
[2024-09-09T21:06:28.213+0530] {logging_mixin.py:190} INFO - [2024-09-09T21:06:28.213+0530] {dagbag.py:587} INFO - Filling up the DagBag from /home/sst7260/airflow_projects/project1/env/lib/python3.10/site-packages/airflow/example_dags/subdags/subdag.py
[2024-09-09T21:06:28.215+0530] {processor.py:927} WARNING - No viable dags retrieved from /home/sst7260/airflow_projects/project1/env/lib/python3.10/site-packages/airflow/example_dags/subdags/subdag.py
[2024-09-09T21:06:28.223+0530] {processor.py:208} INFO - Processing /home/sst7260/airflow_projects/project1/env/lib/python3.10/site-packages/airflow/example_dags/subdags/subdag.py took 0.017 seconds
[2024-09-09T21:07:22.370+0530] {processor.py:186} INFO - Started process (PID=131983) to work on /home/sst7260/airflow_projects/project1/env/lib/python3.10/site-packages/airflow/example_dags/subdags/subdag.py
[2024-09-09T21:07:22.371+0530] {processor.py:914} INFO - Processing file /home/sst7260/airflow_projects/project1/env/lib/python3.10/site-packages/airflow/example_dags/subdags/subdag.py for tasks to queue
[2024-09-09T21:07:22.372+0530] {logging_mixin.py:190} INFO - [2024-09-09T21:07:22.372+0530] {dagbag.py:587} INFO - Filling up the DagBag from /home/sst7260/airflow_projects/project1/env/lib/python3.10/site-packages/airflow/example_dags/subdags/subdag.py
[2024-09-09T21:07:22.374+0530] {processor.py:927} WARNING - No viable dags retrieved from /home/sst7260/airflow_projects/project1/env/lib/python3.10/site-packages/airflow/example_dags/subdags/subdag.py
[2024-09-09T21:07:22.381+0530] {processor.py:208} INFO - Processing /home/sst7260/airflow_projects/project1/env/lib/python3.10/site-packages/airflow/example_dags/subdags/subdag.py took 0.016 seconds
[2024-09-09T21:08:15.375+0530] {processor.py:186} INFO - Started process (PID=132046) to work on /home/sst7260/airflow_projects/project1/env/lib/python3.10/site-packages/airflow/example_dags/subdags/subdag.py
[2024-09-09T21:08:15.377+0530] {processor.py:914} INFO - Processing file /home/sst7260/airflow_projects/project1/env/lib/python3.10/site-packages/airflow/example_dags/subdags/subdag.py for tasks to queue
[2024-09-09T21:08:15.378+0530] {logging_mixin.py:190} INFO - [2024-09-09T21:08:15.378+0530] {dagbag.py:587} INFO - Filling up the DagBag from /home/sst7260/airflow_projects/project1/env/lib/python3.10/site-packages/airflow/example_dags/subdags/subdag.py
[2024-09-09T21:08:15.380+0530] {processor.py:927} WARNING - No viable dags retrieved from /home/sst7260/airflow_projects/project1/env/lib/python3.10/site-packages/airflow/example_dags/subdags/subdag.py
[2024-09-09T21:08:15.387+0530] {processor.py:208} INFO - Processing /home/sst7260/airflow_projects/project1/env/lib/python3.10/site-packages/airflow/example_dags/subdags/subdag.py took 0.017 seconds
[2024-09-09T21:09:13.172+0530] {processor.py:186} INFO - Started process (PID=132111) to work on /home/sst7260/airflow_projects/project1/env/lib/python3.10/site-packages/airflow/example_dags/subdags/subdag.py
[2024-09-09T21:09:13.174+0530] {processor.py:914} INFO - Processing file /home/sst7260/airflow_projects/project1/env/lib/python3.10/site-packages/airflow/example_dags/subdags/subdag.py for tasks to queue
[2024-09-09T21:09:13.175+0530] {logging_mixin.py:190} INFO - [2024-09-09T21:09:13.175+0530] {dagbag.py:587} INFO - Filling up the DagBag from /home/sst7260/airflow_projects/project1/env/lib/python3.10/site-packages/airflow/example_dags/subdags/subdag.py
[2024-09-09T21:09:13.177+0530] {processor.py:927} WARNING - No viable dags retrieved from /home/sst7260/airflow_projects/project1/env/lib/python3.10/site-packages/airflow/example_dags/subdags/subdag.py
[2024-09-09T21:09:13.184+0530] {processor.py:208} INFO - Processing /home/sst7260/airflow_projects/project1/env/lib/python3.10/site-packages/airflow/example_dags/subdags/subdag.py took 0.017 seconds
[2024-09-09T21:10:07.478+0530] {processor.py:186} INFO - Started process (PID=132176) to work on /home/sst7260/airflow_projects/project1/env/lib/python3.10/site-packages/airflow/example_dags/subdags/subdag.py
[2024-09-09T21:10:07.480+0530] {processor.py:914} INFO - Processing file /home/sst7260/airflow_projects/project1/env/lib/python3.10/site-packages/airflow/example_dags/subdags/subdag.py for tasks to queue
[2024-09-09T21:10:07.482+0530] {logging_mixin.py:190} INFO - [2024-09-09T21:10:07.482+0530] {dagbag.py:587} INFO - Filling up the DagBag from /home/sst7260/airflow_projects/project1/env/lib/python3.10/site-packages/airflow/example_dags/subdags/subdag.py
[2024-09-09T21:10:07.486+0530] {processor.py:927} WARNING - No viable dags retrieved from /home/sst7260/airflow_projects/project1/env/lib/python3.10/site-packages/airflow/example_dags/subdags/subdag.py
[2024-09-09T21:10:07.498+0530] {processor.py:208} INFO - Processing /home/sst7260/airflow_projects/project1/env/lib/python3.10/site-packages/airflow/example_dags/subdags/subdag.py took 0.026 seconds
[2024-09-09T21:10:57.853+0530] {processor.py:186} INFO - Started process (PID=132265) to work on /home/sst7260/airflow_projects/project1/env/lib/python3.10/site-packages/airflow/example_dags/subdags/subdag.py
[2024-09-09T21:10:57.854+0530] {processor.py:914} INFO - Processing file /home/sst7260/airflow_projects/project1/env/lib/python3.10/site-packages/airflow/example_dags/subdags/subdag.py for tasks to queue
[2024-09-09T21:10:57.855+0530] {logging_mixin.py:190} INFO - [2024-09-09T21:10:57.855+0530] {dagbag.py:587} INFO - Filling up the DagBag from /home/sst7260/airflow_projects/project1/env/lib/python3.10/site-packages/airflow/example_dags/subdags/subdag.py
[2024-09-09T21:10:57.857+0530] {processor.py:927} WARNING - No viable dags retrieved from /home/sst7260/airflow_projects/project1/env/lib/python3.10/site-packages/airflow/example_dags/subdags/subdag.py
[2024-09-09T21:10:57.864+0530] {processor.py:208} INFO - Processing /home/sst7260/airflow_projects/project1/env/lib/python3.10/site-packages/airflow/example_dags/subdags/subdag.py took 0.016 seconds
[2024-09-09T21:11:51.728+0530] {processor.py:186} INFO - Started process (PID=132333) to work on /home/sst7260/airflow_projects/project1/env/lib/python3.10/site-packages/airflow/example_dags/subdags/subdag.py
[2024-09-09T21:11:51.729+0530] {processor.py:914} INFO - Processing file /home/sst7260/airflow_projects/project1/env/lib/python3.10/site-packages/airflow/example_dags/subdags/subdag.py for tasks to queue
[2024-09-09T21:11:51.731+0530] {logging_mixin.py:190} INFO - [2024-09-09T21:11:51.730+0530] {dagbag.py:587} INFO - Filling up the DagBag from /home/sst7260/airflow_projects/project1/env/lib/python3.10/site-packages/airflow/example_dags/subdags/subdag.py
[2024-09-09T21:11:51.733+0530] {processor.py:927} WARNING - No viable dags retrieved from /home/sst7260/airflow_projects/project1/env/lib/python3.10/site-packages/airflow/example_dags/subdags/subdag.py
[2024-09-09T21:11:51.742+0530] {processor.py:208} INFO - Processing /home/sst7260/airflow_projects/project1/env/lib/python3.10/site-packages/airflow/example_dags/subdags/subdag.py took 0.019 seconds
[2024-09-09T21:12:45.289+0530] {processor.py:186} INFO - Started process (PID=132396) to work on /home/sst7260/airflow_projects/project1/env/lib/python3.10/site-packages/airflow/example_dags/subdags/subdag.py
[2024-09-09T21:12:45.290+0530] {processor.py:914} INFO - Processing file /home/sst7260/airflow_projects/project1/env/lib/python3.10/site-packages/airflow/example_dags/subdags/subdag.py for tasks to queue
[2024-09-09T21:12:45.291+0530] {logging_mixin.py:190} INFO - [2024-09-09T21:12:45.291+0530] {dagbag.py:587} INFO - Filling up the DagBag from /home/sst7260/airflow_projects/project1/env/lib/python3.10/site-packages/airflow/example_dags/subdags/subdag.py
[2024-09-09T21:12:45.293+0530] {processor.py:927} WARNING - No viable dags retrieved from /home/sst7260/airflow_projects/project1/env/lib/python3.10/site-packages/airflow/example_dags/subdags/subdag.py
[2024-09-09T21:12:45.299+0530] {processor.py:208} INFO - Processing /home/sst7260/airflow_projects/project1/env/lib/python3.10/site-packages/airflow/example_dags/subdags/subdag.py took 0.014 seconds
[2024-09-09T21:13:40.516+0530] {processor.py:186} INFO - Started process (PID=132462) to work on /home/sst7260/airflow_projects/project1/env/lib/python3.10/site-packages/airflow/example_dags/subdags/subdag.py
[2024-09-09T21:13:40.518+0530] {processor.py:914} INFO - Processing file /home/sst7260/airflow_projects/project1/env/lib/python3.10/site-packages/airflow/example_dags/subdags/subdag.py for tasks to queue
[2024-09-09T21:13:40.519+0530] {logging_mixin.py:190} INFO - [2024-09-09T21:13:40.518+0530] {dagbag.py:587} INFO - Filling up the DagBag from /home/sst7260/airflow_projects/project1/env/lib/python3.10/site-packages/airflow/example_dags/subdags/subdag.py
[2024-09-09T21:13:40.520+0530] {processor.py:927} WARNING - No viable dags retrieved from /home/sst7260/airflow_projects/project1/env/lib/python3.10/site-packages/airflow/example_dags/subdags/subdag.py
[2024-09-09T21:13:40.527+0530] {processor.py:208} INFO - Processing /home/sst7260/airflow_projects/project1/env/lib/python3.10/site-packages/airflow/example_dags/subdags/subdag.py took 0.016 seconds
[2024-09-09T21:14:39.163+0530] {processor.py:186} INFO - Started process (PID=132527) to work on /home/sst7260/airflow_projects/project1/env/lib/python3.10/site-packages/airflow/example_dags/subdags/subdag.py
[2024-09-09T21:14:39.165+0530] {processor.py:914} INFO - Processing file /home/sst7260/airflow_projects/project1/env/lib/python3.10/site-packages/airflow/example_dags/subdags/subdag.py for tasks to queue
[2024-09-09T21:14:39.166+0530] {logging_mixin.py:190} INFO - [2024-09-09T21:14:39.166+0530] {dagbag.py:587} INFO - Filling up the DagBag from /home/sst7260/airflow_projects/project1/env/lib/python3.10/site-packages/airflow/example_dags/subdags/subdag.py
[2024-09-09T21:14:39.167+0530] {processor.py:927} WARNING - No viable dags retrieved from /home/sst7260/airflow_projects/project1/env/lib/python3.10/site-packages/airflow/example_dags/subdags/subdag.py
[2024-09-09T21:14:39.177+0530] {processor.py:208} INFO - Processing /home/sst7260/airflow_projects/project1/env/lib/python3.10/site-packages/airflow/example_dags/subdags/subdag.py took 0.018 seconds
[2024-09-09T21:15:37.069+0530] {processor.py:186} INFO - Started process (PID=132685) to work on /home/sst7260/airflow_projects/project1/env/lib/python3.10/site-packages/airflow/example_dags/subdags/subdag.py
[2024-09-09T21:15:37.070+0530] {processor.py:914} INFO - Processing file /home/sst7260/airflow_projects/project1/env/lib/python3.10/site-packages/airflow/example_dags/subdags/subdag.py for tasks to queue
[2024-09-09T21:15:37.071+0530] {logging_mixin.py:190} INFO - [2024-09-09T21:15:37.070+0530] {dagbag.py:587} INFO - Filling up the DagBag from /home/sst7260/airflow_projects/project1/env/lib/python3.10/site-packages/airflow/example_dags/subdags/subdag.py
[2024-09-09T21:15:37.072+0530] {processor.py:927} WARNING - No viable dags retrieved from /home/sst7260/airflow_projects/project1/env/lib/python3.10/site-packages/airflow/example_dags/subdags/subdag.py
[2024-09-09T21:15:37.079+0530] {processor.py:208} INFO - Processing /home/sst7260/airflow_projects/project1/env/lib/python3.10/site-packages/airflow/example_dags/subdags/subdag.py took 0.014 seconds
[2024-09-09T21:16:32.892+0530] {processor.py:186} INFO - Started process (PID=132758) to work on /home/sst7260/airflow_projects/project1/env/lib/python3.10/site-packages/airflow/example_dags/subdags/subdag.py
[2024-09-09T21:16:32.897+0530] {processor.py:914} INFO - Processing file /home/sst7260/airflow_projects/project1/env/lib/python3.10/site-packages/airflow/example_dags/subdags/subdag.py for tasks to queue
[2024-09-09T21:16:32.898+0530] {logging_mixin.py:190} INFO - [2024-09-09T21:16:32.898+0530] {dagbag.py:587} INFO - Filling up the DagBag from /home/sst7260/airflow_projects/project1/env/lib/python3.10/site-packages/airflow/example_dags/subdags/subdag.py
[2024-09-09T21:16:32.900+0530] {processor.py:927} WARNING - No viable dags retrieved from /home/sst7260/airflow_projects/project1/env/lib/python3.10/site-packages/airflow/example_dags/subdags/subdag.py
[2024-09-09T21:16:32.908+0530] {processor.py:208} INFO - Processing /home/sst7260/airflow_projects/project1/env/lib/python3.10/site-packages/airflow/example_dags/subdags/subdag.py took 0.023 seconds
[2024-09-09T21:17:27.113+0530] {processor.py:186} INFO - Started process (PID=132826) to work on /home/sst7260/airflow_projects/project1/env/lib/python3.10/site-packages/airflow/example_dags/subdags/subdag.py
[2024-09-09T21:17:27.115+0530] {processor.py:914} INFO - Processing file /home/sst7260/airflow_projects/project1/env/lib/python3.10/site-packages/airflow/example_dags/subdags/subdag.py for tasks to queue
[2024-09-09T21:17:27.116+0530] {logging_mixin.py:190} INFO - [2024-09-09T21:17:27.115+0530] {dagbag.py:587} INFO - Filling up the DagBag from /home/sst7260/airflow_projects/project1/env/lib/python3.10/site-packages/airflow/example_dags/subdags/subdag.py
[2024-09-09T21:17:27.117+0530] {processor.py:927} WARNING - No viable dags retrieved from /home/sst7260/airflow_projects/project1/env/lib/python3.10/site-packages/airflow/example_dags/subdags/subdag.py
[2024-09-09T21:17:27.123+0530] {processor.py:208} INFO - Processing /home/sst7260/airflow_projects/project1/env/lib/python3.10/site-packages/airflow/example_dags/subdags/subdag.py took 0.015 seconds
[2024-09-09T21:18:23.187+0530] {processor.py:186} INFO - Started process (PID=132889) to work on /home/sst7260/airflow_projects/project1/env/lib/python3.10/site-packages/airflow/example_dags/subdags/subdag.py
[2024-09-09T21:18:23.197+0530] {processor.py:914} INFO - Processing file /home/sst7260/airflow_projects/project1/env/lib/python3.10/site-packages/airflow/example_dags/subdags/subdag.py for tasks to queue
[2024-09-09T21:18:23.198+0530] {logging_mixin.py:190} INFO - [2024-09-09T21:18:23.197+0530] {dagbag.py:587} INFO - Filling up the DagBag from /home/sst7260/airflow_projects/project1/env/lib/python3.10/site-packages/airflow/example_dags/subdags/subdag.py
[2024-09-09T21:18:23.199+0530] {processor.py:927} WARNING - No viable dags retrieved from /home/sst7260/airflow_projects/project1/env/lib/python3.10/site-packages/airflow/example_dags/subdags/subdag.py
[2024-09-09T21:18:23.208+0530] {processor.py:208} INFO - Processing /home/sst7260/airflow_projects/project1/env/lib/python3.10/site-packages/airflow/example_dags/subdags/subdag.py took 0.026 seconds
[2024-09-09T21:19:19.915+0530] {processor.py:186} INFO - Started process (PID=132955) to work on /home/sst7260/airflow_projects/project1/env/lib/python3.10/site-packages/airflow/example_dags/subdags/subdag.py
[2024-09-09T21:19:19.917+0530] {processor.py:914} INFO - Processing file /home/sst7260/airflow_projects/project1/env/lib/python3.10/site-packages/airflow/example_dags/subdags/subdag.py for tasks to queue
[2024-09-09T21:19:19.918+0530] {logging_mixin.py:190} INFO - [2024-09-09T21:19:19.918+0530] {dagbag.py:587} INFO - Filling up the DagBag from /home/sst7260/airflow_projects/project1/env/lib/python3.10/site-packages/airflow/example_dags/subdags/subdag.py
[2024-09-09T21:19:19.920+0530] {processor.py:927} WARNING - No viable dags retrieved from /home/sst7260/airflow_projects/project1/env/lib/python3.10/site-packages/airflow/example_dags/subdags/subdag.py
[2024-09-09T21:19:19.931+0530] {processor.py:208} INFO - Processing /home/sst7260/airflow_projects/project1/env/lib/python3.10/site-packages/airflow/example_dags/subdags/subdag.py took 0.022 seconds
[2024-09-09T21:20:12.808+0530] {processor.py:186} INFO - Started process (PID=133016) to work on /home/sst7260/airflow_projects/project1/env/lib/python3.10/site-packages/airflow/example_dags/subdags/subdag.py
[2024-09-09T21:20:12.813+0530] {processor.py:914} INFO - Processing file /home/sst7260/airflow_projects/project1/env/lib/python3.10/site-packages/airflow/example_dags/subdags/subdag.py for tasks to queue
[2024-09-09T21:20:12.815+0530] {logging_mixin.py:190} INFO - [2024-09-09T21:20:12.814+0530] {dagbag.py:587} INFO - Filling up the DagBag from /home/sst7260/airflow_projects/project1/env/lib/python3.10/site-packages/airflow/example_dags/subdags/subdag.py
[2024-09-09T21:20:12.816+0530] {processor.py:927} WARNING - No viable dags retrieved from /home/sst7260/airflow_projects/project1/env/lib/python3.10/site-packages/airflow/example_dags/subdags/subdag.py
[2024-09-09T21:20:12.824+0530] {processor.py:208} INFO - Processing /home/sst7260/airflow_projects/project1/env/lib/python3.10/site-packages/airflow/example_dags/subdags/subdag.py took 0.020 seconds
[2024-09-09T21:21:09.087+0530] {processor.py:186} INFO - Started process (PID=133179) to work on /home/sst7260/airflow_projects/project1/env/lib/python3.10/site-packages/airflow/example_dags/subdags/subdag.py
[2024-09-09T21:21:09.089+0530] {processor.py:914} INFO - Processing file /home/sst7260/airflow_projects/project1/env/lib/python3.10/site-packages/airflow/example_dags/subdags/subdag.py for tasks to queue
[2024-09-09T21:21:09.090+0530] {logging_mixin.py:190} INFO - [2024-09-09T21:21:09.089+0530] {dagbag.py:587} INFO - Filling up the DagBag from /home/sst7260/airflow_projects/project1/env/lib/python3.10/site-packages/airflow/example_dags/subdags/subdag.py
[2024-09-09T21:21:09.091+0530] {processor.py:927} WARNING - No viable dags retrieved from /home/sst7260/airflow_projects/project1/env/lib/python3.10/site-packages/airflow/example_dags/subdags/subdag.py
[2024-09-09T21:21:09.099+0530] {processor.py:208} INFO - Processing /home/sst7260/airflow_projects/project1/env/lib/python3.10/site-packages/airflow/example_dags/subdags/subdag.py took 0.017 seconds
[2024-09-09T21:22:03.874+0530] {processor.py:186} INFO - Started process (PID=133244) to work on /home/sst7260/airflow_projects/project1/env/lib/python3.10/site-packages/airflow/example_dags/subdags/subdag.py
[2024-09-09T21:22:03.876+0530] {processor.py:914} INFO - Processing file /home/sst7260/airflow_projects/project1/env/lib/python3.10/site-packages/airflow/example_dags/subdags/subdag.py for tasks to queue
[2024-09-09T21:22:03.877+0530] {logging_mixin.py:190} INFO - [2024-09-09T21:22:03.876+0530] {dagbag.py:587} INFO - Filling up the DagBag from /home/sst7260/airflow_projects/project1/env/lib/python3.10/site-packages/airflow/example_dags/subdags/subdag.py
[2024-09-09T21:22:03.878+0530] {processor.py:927} WARNING - No viable dags retrieved from /home/sst7260/airflow_projects/project1/env/lib/python3.10/site-packages/airflow/example_dags/subdags/subdag.py
[2024-09-09T21:22:03.892+0530] {processor.py:208} INFO - Processing /home/sst7260/airflow_projects/project1/env/lib/python3.10/site-packages/airflow/example_dags/subdags/subdag.py took 0.026 seconds
[2024-09-09T21:22:55.422+0530] {processor.py:186} INFO - Started process (PID=133306) to work on /home/sst7260/airflow_projects/project1/env/lib/python3.10/site-packages/airflow/example_dags/subdags/subdag.py
[2024-09-09T21:22:55.423+0530] {processor.py:914} INFO - Processing file /home/sst7260/airflow_projects/project1/env/lib/python3.10/site-packages/airflow/example_dags/subdags/subdag.py for tasks to queue
[2024-09-09T21:22:55.425+0530] {logging_mixin.py:190} INFO - [2024-09-09T21:22:55.424+0530] {dagbag.py:587} INFO - Filling up the DagBag from /home/sst7260/airflow_projects/project1/env/lib/python3.10/site-packages/airflow/example_dags/subdags/subdag.py
[2024-09-09T21:22:55.427+0530] {processor.py:927} WARNING - No viable dags retrieved from /home/sst7260/airflow_projects/project1/env/lib/python3.10/site-packages/airflow/example_dags/subdags/subdag.py
[2024-09-09T21:22:55.433+0530] {processor.py:208} INFO - Processing /home/sst7260/airflow_projects/project1/env/lib/python3.10/site-packages/airflow/example_dags/subdags/subdag.py took 0.016 seconds
[2024-09-09T21:23:49.836+0530] {processor.py:186} INFO - Started process (PID=133370) to work on /home/sst7260/airflow_projects/project1/env/lib/python3.10/site-packages/airflow/example_dags/subdags/subdag.py
[2024-09-09T21:23:49.838+0530] {processor.py:914} INFO - Processing file /home/sst7260/airflow_projects/project1/env/lib/python3.10/site-packages/airflow/example_dags/subdags/subdag.py for tasks to queue
[2024-09-09T21:23:49.838+0530] {logging_mixin.py:190} INFO - [2024-09-09T21:23:49.838+0530] {dagbag.py:587} INFO - Filling up the DagBag from /home/sst7260/airflow_projects/project1/env/lib/python3.10/site-packages/airflow/example_dags/subdags/subdag.py
[2024-09-09T21:23:49.840+0530] {processor.py:927} WARNING - No viable dags retrieved from /home/sst7260/airflow_projects/project1/env/lib/python3.10/site-packages/airflow/example_dags/subdags/subdag.py
[2024-09-09T21:23:49.847+0530] {processor.py:208} INFO - Processing /home/sst7260/airflow_projects/project1/env/lib/python3.10/site-packages/airflow/example_dags/subdags/subdag.py took 0.014 seconds
[2024-09-09T21:24:48.575+0530] {processor.py:186} INFO - Started process (PID=133435) to work on /home/sst7260/airflow_projects/project1/env/lib/python3.10/site-packages/airflow/example_dags/subdags/subdag.py
[2024-09-09T21:24:48.577+0530] {processor.py:914} INFO - Processing file /home/sst7260/airflow_projects/project1/env/lib/python3.10/site-packages/airflow/example_dags/subdags/subdag.py for tasks to queue
[2024-09-09T21:24:48.578+0530] {logging_mixin.py:190} INFO - [2024-09-09T21:24:48.578+0530] {dagbag.py:587} INFO - Filling up the DagBag from /home/sst7260/airflow_projects/project1/env/lib/python3.10/site-packages/airflow/example_dags/subdags/subdag.py
[2024-09-09T21:24:48.579+0530] {processor.py:927} WARNING - No viable dags retrieved from /home/sst7260/airflow_projects/project1/env/lib/python3.10/site-packages/airflow/example_dags/subdags/subdag.py
[2024-09-09T21:24:48.586+0530] {processor.py:208} INFO - Processing /home/sst7260/airflow_projects/project1/env/lib/python3.10/site-packages/airflow/example_dags/subdags/subdag.py took 0.015 seconds
[2024-09-09T21:25:44.635+0530] {processor.py:186} INFO - Started process (PID=133591) to work on /home/sst7260/airflow_projects/project1/env/lib/python3.10/site-packages/airflow/example_dags/subdags/subdag.py
[2024-09-09T21:25:44.644+0530] {processor.py:914} INFO - Processing file /home/sst7260/airflow_projects/project1/env/lib/python3.10/site-packages/airflow/example_dags/subdags/subdag.py for tasks to queue
[2024-09-09T21:25:44.645+0530] {logging_mixin.py:190} INFO - [2024-09-09T21:25:44.645+0530] {dagbag.py:587} INFO - Filling up the DagBag from /home/sst7260/airflow_projects/project1/env/lib/python3.10/site-packages/airflow/example_dags/subdags/subdag.py
[2024-09-09T21:25:44.648+0530] {processor.py:927} WARNING - No viable dags retrieved from /home/sst7260/airflow_projects/project1/env/lib/python3.10/site-packages/airflow/example_dags/subdags/subdag.py
[2024-09-09T21:25:44.655+0530] {processor.py:208} INFO - Processing /home/sst7260/airflow_projects/project1/env/lib/python3.10/site-packages/airflow/example_dags/subdags/subdag.py took 0.025 seconds
[2024-09-09T21:26:42.052+0530] {processor.py:186} INFO - Started process (PID=133662) to work on /home/sst7260/airflow_projects/project1/env/lib/python3.10/site-packages/airflow/example_dags/subdags/subdag.py
[2024-09-09T21:26:42.054+0530] {processor.py:914} INFO - Processing file /home/sst7260/airflow_projects/project1/env/lib/python3.10/site-packages/airflow/example_dags/subdags/subdag.py for tasks to queue
[2024-09-09T21:26:42.055+0530] {logging_mixin.py:190} INFO - [2024-09-09T21:26:42.055+0530] {dagbag.py:587} INFO - Filling up the DagBag from /home/sst7260/airflow_projects/project1/env/lib/python3.10/site-packages/airflow/example_dags/subdags/subdag.py
[2024-09-09T21:26:42.057+0530] {processor.py:927} WARNING - No viable dags retrieved from /home/sst7260/airflow_projects/project1/env/lib/python3.10/site-packages/airflow/example_dags/subdags/subdag.py
[2024-09-09T21:26:42.063+0530] {processor.py:208} INFO - Processing /home/sst7260/airflow_projects/project1/env/lib/python3.10/site-packages/airflow/example_dags/subdags/subdag.py took 0.016 seconds
[2024-09-09T21:27:36.117+0530] {processor.py:186} INFO - Started process (PID=133772) to work on /home/sst7260/airflow_projects/project1/env/lib/python3.10/site-packages/airflow/example_dags/subdags/subdag.py
[2024-09-09T21:27:36.121+0530] {processor.py:914} INFO - Processing file /home/sst7260/airflow_projects/project1/env/lib/python3.10/site-packages/airflow/example_dags/subdags/subdag.py for tasks to queue
[2024-09-09T21:27:36.122+0530] {logging_mixin.py:190} INFO - [2024-09-09T21:27:36.122+0530] {dagbag.py:587} INFO - Filling up the DagBag from /home/sst7260/airflow_projects/project1/env/lib/python3.10/site-packages/airflow/example_dags/subdags/subdag.py
[2024-09-09T21:27:36.123+0530] {processor.py:927} WARNING - No viable dags retrieved from /home/sst7260/airflow_projects/project1/env/lib/python3.10/site-packages/airflow/example_dags/subdags/subdag.py
[2024-09-09T21:27:36.130+0530] {processor.py:208} INFO - Processing /home/sst7260/airflow_projects/project1/env/lib/python3.10/site-packages/airflow/example_dags/subdags/subdag.py took 0.018 seconds
[2024-09-09T21:28:31.387+0530] {processor.py:186} INFO - Started process (PID=133849) to work on /home/sst7260/airflow_projects/project1/env/lib/python3.10/site-packages/airflow/example_dags/subdags/subdag.py
[2024-09-09T21:28:31.392+0530] {processor.py:914} INFO - Processing file /home/sst7260/airflow_projects/project1/env/lib/python3.10/site-packages/airflow/example_dags/subdags/subdag.py for tasks to queue
[2024-09-09T21:28:31.394+0530] {logging_mixin.py:190} INFO - [2024-09-09T21:28:31.393+0530] {dagbag.py:587} INFO - Filling up the DagBag from /home/sst7260/airflow_projects/project1/env/lib/python3.10/site-packages/airflow/example_dags/subdags/subdag.py
[2024-09-09T21:28:31.395+0530] {processor.py:927} WARNING - No viable dags retrieved from /home/sst7260/airflow_projects/project1/env/lib/python3.10/site-packages/airflow/example_dags/subdags/subdag.py
[2024-09-09T21:28:31.403+0530] {processor.py:208} INFO - Processing /home/sst7260/airflow_projects/project1/env/lib/python3.10/site-packages/airflow/example_dags/subdags/subdag.py took 0.020 seconds
[2024-09-09T21:29:29.859+0530] {processor.py:186} INFO - Started process (PID=133915) to work on /home/sst7260/airflow_projects/project1/env/lib/python3.10/site-packages/airflow/example_dags/subdags/subdag.py
[2024-09-09T21:29:29.860+0530] {processor.py:914} INFO - Processing file /home/sst7260/airflow_projects/project1/env/lib/python3.10/site-packages/airflow/example_dags/subdags/subdag.py for tasks to queue
[2024-09-09T21:29:29.861+0530] {logging_mixin.py:190} INFO - [2024-09-09T21:29:29.861+0530] {dagbag.py:587} INFO - Filling up the DagBag from /home/sst7260/airflow_projects/project1/env/lib/python3.10/site-packages/airflow/example_dags/subdags/subdag.py
[2024-09-09T21:29:29.862+0530] {processor.py:927} WARNING - No viable dags retrieved from /home/sst7260/airflow_projects/project1/env/lib/python3.10/site-packages/airflow/example_dags/subdags/subdag.py
[2024-09-09T21:29:29.869+0530] {processor.py:208} INFO - Processing /home/sst7260/airflow_projects/project1/env/lib/python3.10/site-packages/airflow/example_dags/subdags/subdag.py took 0.015 seconds
[2024-09-09T21:30:21.841+0530] {processor.py:186} INFO - Started process (PID=133977) to work on /home/sst7260/airflow_projects/project1/env/lib/python3.10/site-packages/airflow/example_dags/subdags/subdag.py
[2024-09-09T21:30:21.843+0530] {processor.py:914} INFO - Processing file /home/sst7260/airflow_projects/project1/env/lib/python3.10/site-packages/airflow/example_dags/subdags/subdag.py for tasks to queue
[2024-09-09T21:30:21.844+0530] {logging_mixin.py:190} INFO - [2024-09-09T21:30:21.844+0530] {dagbag.py:587} INFO - Filling up the DagBag from /home/sst7260/airflow_projects/project1/env/lib/python3.10/site-packages/airflow/example_dags/subdags/subdag.py
[2024-09-09T21:30:21.846+0530] {processor.py:927} WARNING - No viable dags retrieved from /home/sst7260/airflow_projects/project1/env/lib/python3.10/site-packages/airflow/example_dags/subdags/subdag.py
[2024-09-09T21:30:21.852+0530] {processor.py:208} INFO - Processing /home/sst7260/airflow_projects/project1/env/lib/python3.10/site-packages/airflow/example_dags/subdags/subdag.py took 0.015 seconds
[2024-09-09T21:31:16.859+0530] {processor.py:186} INFO - Started process (PID=134076) to work on /home/sst7260/airflow_projects/project1/env/lib/python3.10/site-packages/airflow/example_dags/subdags/subdag.py
[2024-09-09T21:31:16.861+0530] {processor.py:914} INFO - Processing file /home/sst7260/airflow_projects/project1/env/lib/python3.10/site-packages/airflow/example_dags/subdags/subdag.py for tasks to queue
[2024-09-09T21:31:16.863+0530] {logging_mixin.py:190} INFO - [2024-09-09T21:31:16.862+0530] {dagbag.py:587} INFO - Filling up the DagBag from /home/sst7260/airflow_projects/project1/env/lib/python3.10/site-packages/airflow/example_dags/subdags/subdag.py
[2024-09-09T21:31:16.865+0530] {processor.py:927} WARNING - No viable dags retrieved from /home/sst7260/airflow_projects/project1/env/lib/python3.10/site-packages/airflow/example_dags/subdags/subdag.py
[2024-09-09T21:31:16.875+0530] {processor.py:208} INFO - Processing /home/sst7260/airflow_projects/project1/env/lib/python3.10/site-packages/airflow/example_dags/subdags/subdag.py took 0.020 seconds
[2024-09-09T21:32:11.154+0530] {processor.py:186} INFO - Started process (PID=134138) to work on /home/sst7260/airflow_projects/project1/env/lib/python3.10/site-packages/airflow/example_dags/subdags/subdag.py
[2024-09-09T21:32:11.156+0530] {processor.py:914} INFO - Processing file /home/sst7260/airflow_projects/project1/env/lib/python3.10/site-packages/airflow/example_dags/subdags/subdag.py for tasks to queue
[2024-09-09T21:32:11.158+0530] {logging_mixin.py:190} INFO - [2024-09-09T21:32:11.157+0530] {dagbag.py:587} INFO - Filling up the DagBag from /home/sst7260/airflow_projects/project1/env/lib/python3.10/site-packages/airflow/example_dags/subdags/subdag.py
[2024-09-09T21:32:11.159+0530] {processor.py:927} WARNING - No viable dags retrieved from /home/sst7260/airflow_projects/project1/env/lib/python3.10/site-packages/airflow/example_dags/subdags/subdag.py
[2024-09-09T21:32:11.166+0530] {processor.py:208} INFO - Processing /home/sst7260/airflow_projects/project1/env/lib/python3.10/site-packages/airflow/example_dags/subdags/subdag.py took 0.016 seconds
[2024-09-09T21:33:06.177+0530] {processor.py:186} INFO - Started process (PID=134202) to work on /home/sst7260/airflow_projects/project1/env/lib/python3.10/site-packages/airflow/example_dags/subdags/subdag.py
[2024-09-09T21:33:06.179+0530] {processor.py:914} INFO - Processing file /home/sst7260/airflow_projects/project1/env/lib/python3.10/site-packages/airflow/example_dags/subdags/subdag.py for tasks to queue
[2024-09-09T21:33:06.180+0530] {logging_mixin.py:190} INFO - [2024-09-09T21:33:06.180+0530] {dagbag.py:587} INFO - Filling up the DagBag from /home/sst7260/airflow_projects/project1/env/lib/python3.10/site-packages/airflow/example_dags/subdags/subdag.py
[2024-09-09T21:33:06.181+0530] {processor.py:927} WARNING - No viable dags retrieved from /home/sst7260/airflow_projects/project1/env/lib/python3.10/site-packages/airflow/example_dags/subdags/subdag.py
[2024-09-09T21:33:06.188+0530] {processor.py:208} INFO - Processing /home/sst7260/airflow_projects/project1/env/lib/python3.10/site-packages/airflow/example_dags/subdags/subdag.py took 0.015 seconds
[2024-09-09T21:34:01.246+0530] {processor.py:186} INFO - Started process (PID=134265) to work on /home/sst7260/airflow_projects/project1/env/lib/python3.10/site-packages/airflow/example_dags/subdags/subdag.py
[2024-09-09T21:34:01.250+0530] {processor.py:914} INFO - Processing file /home/sst7260/airflow_projects/project1/env/lib/python3.10/site-packages/airflow/example_dags/subdags/subdag.py for tasks to queue
[2024-09-09T21:34:01.251+0530] {logging_mixin.py:190} INFO - [2024-09-09T21:34:01.250+0530] {dagbag.py:587} INFO - Filling up the DagBag from /home/sst7260/airflow_projects/project1/env/lib/python3.10/site-packages/airflow/example_dags/subdags/subdag.py
[2024-09-09T21:34:01.252+0530] {processor.py:927} WARNING - No viable dags retrieved from /home/sst7260/airflow_projects/project1/env/lib/python3.10/site-packages/airflow/example_dags/subdags/subdag.py
[2024-09-09T21:34:01.260+0530] {processor.py:208} INFO - Processing /home/sst7260/airflow_projects/project1/env/lib/python3.10/site-packages/airflow/example_dags/subdags/subdag.py took 0.018 seconds
[2024-09-09T21:34:55.595+0530] {processor.py:186} INFO - Started process (PID=134328) to work on /home/sst7260/airflow_projects/project1/env/lib/python3.10/site-packages/airflow/example_dags/subdags/subdag.py
[2024-09-09T21:34:55.600+0530] {processor.py:914} INFO - Processing file /home/sst7260/airflow_projects/project1/env/lib/python3.10/site-packages/airflow/example_dags/subdags/subdag.py for tasks to queue
[2024-09-09T21:34:55.601+0530] {logging_mixin.py:190} INFO - [2024-09-09T21:34:55.600+0530] {dagbag.py:587} INFO - Filling up the DagBag from /home/sst7260/airflow_projects/project1/env/lib/python3.10/site-packages/airflow/example_dags/subdags/subdag.py
[2024-09-09T21:34:55.602+0530] {processor.py:927} WARNING - No viable dags retrieved from /home/sst7260/airflow_projects/project1/env/lib/python3.10/site-packages/airflow/example_dags/subdags/subdag.py
[2024-09-09T21:34:55.609+0530] {processor.py:208} INFO - Processing /home/sst7260/airflow_projects/project1/env/lib/python3.10/site-packages/airflow/example_dags/subdags/subdag.py took 0.018 seconds
[2024-09-09T21:35:50.132+0530] {processor.py:186} INFO - Started process (PID=134424) to work on /home/sst7260/airflow_projects/project1/env/lib/python3.10/site-packages/airflow/example_dags/subdags/subdag.py
[2024-09-09T21:35:50.134+0530] {processor.py:914} INFO - Processing file /home/sst7260/airflow_projects/project1/env/lib/python3.10/site-packages/airflow/example_dags/subdags/subdag.py for tasks to queue
[2024-09-09T21:35:50.135+0530] {logging_mixin.py:190} INFO - [2024-09-09T21:35:50.134+0530] {dagbag.py:587} INFO - Filling up the DagBag from /home/sst7260/airflow_projects/project1/env/lib/python3.10/site-packages/airflow/example_dags/subdags/subdag.py
[2024-09-09T21:35:50.136+0530] {processor.py:927} WARNING - No viable dags retrieved from /home/sst7260/airflow_projects/project1/env/lib/python3.10/site-packages/airflow/example_dags/subdags/subdag.py
[2024-09-09T21:35:50.143+0530] {processor.py:208} INFO - Processing /home/sst7260/airflow_projects/project1/env/lib/python3.10/site-packages/airflow/example_dags/subdags/subdag.py took 0.016 seconds
[2024-09-09T21:36:46.007+0530] {processor.py:186} INFO - Started process (PID=134488) to work on /home/sst7260/airflow_projects/project1/env/lib/python3.10/site-packages/airflow/example_dags/subdags/subdag.py
[2024-09-09T21:36:46.008+0530] {processor.py:914} INFO - Processing file /home/sst7260/airflow_projects/project1/env/lib/python3.10/site-packages/airflow/example_dags/subdags/subdag.py for tasks to queue
[2024-09-09T21:36:46.009+0530] {logging_mixin.py:190} INFO - [2024-09-09T21:36:46.009+0530] {dagbag.py:587} INFO - Filling up the DagBag from /home/sst7260/airflow_projects/project1/env/lib/python3.10/site-packages/airflow/example_dags/subdags/subdag.py
[2024-09-09T21:36:46.011+0530] {processor.py:927} WARNING - No viable dags retrieved from /home/sst7260/airflow_projects/project1/env/lib/python3.10/site-packages/airflow/example_dags/subdags/subdag.py
[2024-09-09T21:36:46.018+0530] {processor.py:208} INFO - Processing /home/sst7260/airflow_projects/project1/env/lib/python3.10/site-packages/airflow/example_dags/subdags/subdag.py took 0.016 seconds
[2024-09-09T21:37:39.347+0530] {processor.py:186} INFO - Started process (PID=134551) to work on /home/sst7260/airflow_projects/project1/env/lib/python3.10/site-packages/airflow/example_dags/subdags/subdag.py
[2024-09-09T21:37:39.352+0530] {processor.py:914} INFO - Processing file /home/sst7260/airflow_projects/project1/env/lib/python3.10/site-packages/airflow/example_dags/subdags/subdag.py for tasks to queue
[2024-09-09T21:37:39.353+0530] {logging_mixin.py:190} INFO - [2024-09-09T21:37:39.352+0530] {dagbag.py:587} INFO - Filling up the DagBag from /home/sst7260/airflow_projects/project1/env/lib/python3.10/site-packages/airflow/example_dags/subdags/subdag.py
[2024-09-09T21:37:39.354+0530] {processor.py:927} WARNING - No viable dags retrieved from /home/sst7260/airflow_projects/project1/env/lib/python3.10/site-packages/airflow/example_dags/subdags/subdag.py
[2024-09-09T21:37:39.360+0530] {processor.py:208} INFO - Processing /home/sst7260/airflow_projects/project1/env/lib/python3.10/site-packages/airflow/example_dags/subdags/subdag.py took 0.018 seconds
[2024-09-09T21:38:34.208+0530] {processor.py:186} INFO - Started process (PID=134613) to work on /home/sst7260/airflow_projects/project1/env/lib/python3.10/site-packages/airflow/example_dags/subdags/subdag.py
[2024-09-09T21:38:34.209+0530] {processor.py:914} INFO - Processing file /home/sst7260/airflow_projects/project1/env/lib/python3.10/site-packages/airflow/example_dags/subdags/subdag.py for tasks to queue
[2024-09-09T21:38:34.210+0530] {logging_mixin.py:190} INFO - [2024-09-09T21:38:34.210+0530] {dagbag.py:587} INFO - Filling up the DagBag from /home/sst7260/airflow_projects/project1/env/lib/python3.10/site-packages/airflow/example_dags/subdags/subdag.py
[2024-09-09T21:38:34.211+0530] {processor.py:927} WARNING - No viable dags retrieved from /home/sst7260/airflow_projects/project1/env/lib/python3.10/site-packages/airflow/example_dags/subdags/subdag.py
[2024-09-09T21:38:34.218+0530] {processor.py:208} INFO - Processing /home/sst7260/airflow_projects/project1/env/lib/python3.10/site-packages/airflow/example_dags/subdags/subdag.py took 0.014 seconds
[2024-09-09T21:39:29.878+0530] {processor.py:186} INFO - Started process (PID=134676) to work on /home/sst7260/airflow_projects/project1/env/lib/python3.10/site-packages/airflow/example_dags/subdags/subdag.py
[2024-09-09T21:39:29.880+0530] {processor.py:914} INFO - Processing file /home/sst7260/airflow_projects/project1/env/lib/python3.10/site-packages/airflow/example_dags/subdags/subdag.py for tasks to queue
[2024-09-09T21:39:29.882+0530] {logging_mixin.py:190} INFO - [2024-09-09T21:39:29.882+0530] {dagbag.py:587} INFO - Filling up the DagBag from /home/sst7260/airflow_projects/project1/env/lib/python3.10/site-packages/airflow/example_dags/subdags/subdag.py
[2024-09-09T21:39:29.884+0530] {processor.py:927} WARNING - No viable dags retrieved from /home/sst7260/airflow_projects/project1/env/lib/python3.10/site-packages/airflow/example_dags/subdags/subdag.py
[2024-09-09T21:39:29.890+0530] {processor.py:208} INFO - Processing /home/sst7260/airflow_projects/project1/env/lib/python3.10/site-packages/airflow/example_dags/subdags/subdag.py took 0.016 seconds
[2024-09-09T21:40:22.177+0530] {processor.py:186} INFO - Started process (PID=134737) to work on /home/sst7260/airflow_projects/project1/env/lib/python3.10/site-packages/airflow/example_dags/subdags/subdag.py
[2024-09-09T21:40:22.179+0530] {processor.py:914} INFO - Processing file /home/sst7260/airflow_projects/project1/env/lib/python3.10/site-packages/airflow/example_dags/subdags/subdag.py for tasks to queue
[2024-09-09T21:40:22.180+0530] {logging_mixin.py:190} INFO - [2024-09-09T21:40:22.179+0530] {dagbag.py:587} INFO - Filling up the DagBag from /home/sst7260/airflow_projects/project1/env/lib/python3.10/site-packages/airflow/example_dags/subdags/subdag.py
[2024-09-09T21:40:22.181+0530] {processor.py:927} WARNING - No viable dags retrieved from /home/sst7260/airflow_projects/project1/env/lib/python3.10/site-packages/airflow/example_dags/subdags/subdag.py
[2024-09-09T21:40:22.188+0530] {processor.py:208} INFO - Processing /home/sst7260/airflow_projects/project1/env/lib/python3.10/site-packages/airflow/example_dags/subdags/subdag.py took 0.016 seconds
[2024-09-09T21:41:17.005+0530] {processor.py:186} INFO - Started process (PID=134833) to work on /home/sst7260/airflow_projects/project1/env/lib/python3.10/site-packages/airflow/example_dags/subdags/subdag.py
[2024-09-09T21:41:17.010+0530] {processor.py:914} INFO - Processing file /home/sst7260/airflow_projects/project1/env/lib/python3.10/site-packages/airflow/example_dags/subdags/subdag.py for tasks to queue
[2024-09-09T21:41:17.011+0530] {logging_mixin.py:190} INFO - [2024-09-09T21:41:17.011+0530] {dagbag.py:587} INFO - Filling up the DagBag from /home/sst7260/airflow_projects/project1/env/lib/python3.10/site-packages/airflow/example_dags/subdags/subdag.py
[2024-09-09T21:41:17.013+0530] {processor.py:927} WARNING - No viable dags retrieved from /home/sst7260/airflow_projects/project1/env/lib/python3.10/site-packages/airflow/example_dags/subdags/subdag.py
[2024-09-09T21:41:17.019+0530] {processor.py:208} INFO - Processing /home/sst7260/airflow_projects/project1/env/lib/python3.10/site-packages/airflow/example_dags/subdags/subdag.py took 0.018 seconds
[2024-09-09T21:42:08.857+0530] {processor.py:186} INFO - Started process (PID=134897) to work on /home/sst7260/airflow_projects/project1/env/lib/python3.10/site-packages/airflow/example_dags/subdags/subdag.py
[2024-09-09T21:42:08.859+0530] {processor.py:914} INFO - Processing file /home/sst7260/airflow_projects/project1/env/lib/python3.10/site-packages/airflow/example_dags/subdags/subdag.py for tasks to queue
[2024-09-09T21:42:08.860+0530] {logging_mixin.py:190} INFO - [2024-09-09T21:42:08.860+0530] {dagbag.py:587} INFO - Filling up the DagBag from /home/sst7260/airflow_projects/project1/env/lib/python3.10/site-packages/airflow/example_dags/subdags/subdag.py
[2024-09-09T21:42:08.862+0530] {processor.py:927} WARNING - No viable dags retrieved from /home/sst7260/airflow_projects/project1/env/lib/python3.10/site-packages/airflow/example_dags/subdags/subdag.py
[2024-09-09T21:42:08.869+0530] {processor.py:208} INFO - Processing /home/sst7260/airflow_projects/project1/env/lib/python3.10/site-packages/airflow/example_dags/subdags/subdag.py took 0.018 seconds
[2024-09-09T21:43:02.337+0530] {processor.py:186} INFO - Started process (PID=134958) to work on /home/sst7260/airflow_projects/project1/env/lib/python3.10/site-packages/airflow/example_dags/subdags/subdag.py
[2024-09-09T21:43:02.338+0530] {processor.py:914} INFO - Processing file /home/sst7260/airflow_projects/project1/env/lib/python3.10/site-packages/airflow/example_dags/subdags/subdag.py for tasks to queue
[2024-09-09T21:43:02.339+0530] {logging_mixin.py:190} INFO - [2024-09-09T21:43:02.339+0530] {dagbag.py:587} INFO - Filling up the DagBag from /home/sst7260/airflow_projects/project1/env/lib/python3.10/site-packages/airflow/example_dags/subdags/subdag.py
[2024-09-09T21:43:02.340+0530] {processor.py:927} WARNING - No viable dags retrieved from /home/sst7260/airflow_projects/project1/env/lib/python3.10/site-packages/airflow/example_dags/subdags/subdag.py
[2024-09-09T21:43:02.347+0530] {processor.py:208} INFO - Processing /home/sst7260/airflow_projects/project1/env/lib/python3.10/site-packages/airflow/example_dags/subdags/subdag.py took 0.015 seconds
[2024-09-09T21:43:53.864+0530] {processor.py:186} INFO - Started process (PID=135019) to work on /home/sst7260/airflow_projects/project1/env/lib/python3.10/site-packages/airflow/example_dags/subdags/subdag.py
[2024-09-09T21:43:53.873+0530] {processor.py:914} INFO - Processing file /home/sst7260/airflow_projects/project1/env/lib/python3.10/site-packages/airflow/example_dags/subdags/subdag.py for tasks to queue
[2024-09-09T21:43:53.875+0530] {logging_mixin.py:190} INFO - [2024-09-09T21:43:53.874+0530] {dagbag.py:587} INFO - Filling up the DagBag from /home/sst7260/airflow_projects/project1/env/lib/python3.10/site-packages/airflow/example_dags/subdags/subdag.py
[2024-09-09T21:43:53.877+0530] {processor.py:927} WARNING - No viable dags retrieved from /home/sst7260/airflow_projects/project1/env/lib/python3.10/site-packages/airflow/example_dags/subdags/subdag.py
[2024-09-09T21:43:53.884+0530] {processor.py:208} INFO - Processing /home/sst7260/airflow_projects/project1/env/lib/python3.10/site-packages/airflow/example_dags/subdags/subdag.py took 0.024 seconds
[2024-09-09T21:44:46.917+0530] {processor.py:186} INFO - Started process (PID=135080) to work on /home/sst7260/airflow_projects/project1/env/lib/python3.10/site-packages/airflow/example_dags/subdags/subdag.py
[2024-09-09T21:44:46.926+0530] {processor.py:914} INFO - Processing file /home/sst7260/airflow_projects/project1/env/lib/python3.10/site-packages/airflow/example_dags/subdags/subdag.py for tasks to queue
[2024-09-09T21:44:46.927+0530] {logging_mixin.py:190} INFO - [2024-09-09T21:44:46.927+0530] {dagbag.py:587} INFO - Filling up the DagBag from /home/sst7260/airflow_projects/project1/env/lib/python3.10/site-packages/airflow/example_dags/subdags/subdag.py
[2024-09-09T21:44:46.928+0530] {processor.py:927} WARNING - No viable dags retrieved from /home/sst7260/airflow_projects/project1/env/lib/python3.10/site-packages/airflow/example_dags/subdags/subdag.py
[2024-09-09T21:44:46.935+0530] {processor.py:208} INFO - Processing /home/sst7260/airflow_projects/project1/env/lib/python3.10/site-packages/airflow/example_dags/subdags/subdag.py took 0.023 seconds
[2024-09-09T21:45:40.501+0530] {processor.py:186} INFO - Started process (PID=135169) to work on /home/sst7260/airflow_projects/project1/env/lib/python3.10/site-packages/airflow/example_dags/subdags/subdag.py
[2024-09-09T21:45:40.503+0530] {processor.py:914} INFO - Processing file /home/sst7260/airflow_projects/project1/env/lib/python3.10/site-packages/airflow/example_dags/subdags/subdag.py for tasks to queue
[2024-09-09T21:45:40.504+0530] {logging_mixin.py:190} INFO - [2024-09-09T21:45:40.503+0530] {dagbag.py:587} INFO - Filling up the DagBag from /home/sst7260/airflow_projects/project1/env/lib/python3.10/site-packages/airflow/example_dags/subdags/subdag.py
[2024-09-09T21:45:40.505+0530] {processor.py:927} WARNING - No viable dags retrieved from /home/sst7260/airflow_projects/project1/env/lib/python3.10/site-packages/airflow/example_dags/subdags/subdag.py
[2024-09-09T21:45:40.513+0530] {processor.py:208} INFO - Processing /home/sst7260/airflow_projects/project1/env/lib/python3.10/site-packages/airflow/example_dags/subdags/subdag.py took 0.016 seconds
[2024-09-09T21:46:34.829+0530] {processor.py:186} INFO - Started process (PID=135233) to work on /home/sst7260/airflow_projects/project1/env/lib/python3.10/site-packages/airflow/example_dags/subdags/subdag.py
[2024-09-09T21:46:34.830+0530] {processor.py:914} INFO - Processing file /home/sst7260/airflow_projects/project1/env/lib/python3.10/site-packages/airflow/example_dags/subdags/subdag.py for tasks to queue
[2024-09-09T21:46:34.831+0530] {logging_mixin.py:190} INFO - [2024-09-09T21:46:34.831+0530] {dagbag.py:587} INFO - Filling up the DagBag from /home/sst7260/airflow_projects/project1/env/lib/python3.10/site-packages/airflow/example_dags/subdags/subdag.py
[2024-09-09T21:46:34.832+0530] {processor.py:927} WARNING - No viable dags retrieved from /home/sst7260/airflow_projects/project1/env/lib/python3.10/site-packages/airflow/example_dags/subdags/subdag.py
[2024-09-09T21:46:34.839+0530] {processor.py:208} INFO - Processing /home/sst7260/airflow_projects/project1/env/lib/python3.10/site-packages/airflow/example_dags/subdags/subdag.py took 0.015 seconds
[2024-09-09T21:47:30.243+0530] {processor.py:186} INFO - Started process (PID=135303) to work on /home/sst7260/airflow_projects/project1/env/lib/python3.10/site-packages/airflow/example_dags/subdags/subdag.py
[2024-09-09T21:47:30.247+0530] {processor.py:914} INFO - Processing file /home/sst7260/airflow_projects/project1/env/lib/python3.10/site-packages/airflow/example_dags/subdags/subdag.py for tasks to queue
[2024-09-09T21:47:30.248+0530] {logging_mixin.py:190} INFO - [2024-09-09T21:47:30.248+0530] {dagbag.py:587} INFO - Filling up the DagBag from /home/sst7260/airflow_projects/project1/env/lib/python3.10/site-packages/airflow/example_dags/subdags/subdag.py
[2024-09-09T21:47:30.250+0530] {processor.py:927} WARNING - No viable dags retrieved from /home/sst7260/airflow_projects/project1/env/lib/python3.10/site-packages/airflow/example_dags/subdags/subdag.py
[2024-09-09T21:47:30.256+0530] {processor.py:208} INFO - Processing /home/sst7260/airflow_projects/project1/env/lib/python3.10/site-packages/airflow/example_dags/subdags/subdag.py took 0.017 seconds
[2024-09-09T21:48:19.938+0530] {processor.py:186} INFO - Started process (PID=135363) to work on /home/sst7260/airflow_projects/project1/env/lib/python3.10/site-packages/airflow/example_dags/subdags/subdag.py
[2024-09-09T21:48:19.941+0530] {processor.py:914} INFO - Processing file /home/sst7260/airflow_projects/project1/env/lib/python3.10/site-packages/airflow/example_dags/subdags/subdag.py for tasks to queue
[2024-09-09T21:48:19.942+0530] {logging_mixin.py:190} INFO - [2024-09-09T21:48:19.942+0530] {dagbag.py:587} INFO - Filling up the DagBag from /home/sst7260/airflow_projects/project1/env/lib/python3.10/site-packages/airflow/example_dags/subdags/subdag.py
[2024-09-09T21:48:19.944+0530] {processor.py:927} WARNING - No viable dags retrieved from /home/sst7260/airflow_projects/project1/env/lib/python3.10/site-packages/airflow/example_dags/subdags/subdag.py
[2024-09-09T21:48:19.951+0530] {processor.py:208} INFO - Processing /home/sst7260/airflow_projects/project1/env/lib/python3.10/site-packages/airflow/example_dags/subdags/subdag.py took 0.017 seconds
[2024-09-09T21:49:13.885+0530] {processor.py:186} INFO - Started process (PID=135426) to work on /home/sst7260/airflow_projects/project1/env/lib/python3.10/site-packages/airflow/example_dags/subdags/subdag.py
[2024-09-09T21:49:13.890+0530] {processor.py:914} INFO - Processing file /home/sst7260/airflow_projects/project1/env/lib/python3.10/site-packages/airflow/example_dags/subdags/subdag.py for tasks to queue
[2024-09-09T21:49:13.891+0530] {logging_mixin.py:190} INFO - [2024-09-09T21:49:13.891+0530] {dagbag.py:587} INFO - Filling up the DagBag from /home/sst7260/airflow_projects/project1/env/lib/python3.10/site-packages/airflow/example_dags/subdags/subdag.py
[2024-09-09T21:49:13.892+0530] {processor.py:927} WARNING - No viable dags retrieved from /home/sst7260/airflow_projects/project1/env/lib/python3.10/site-packages/airflow/example_dags/subdags/subdag.py
[2024-09-09T21:49:13.899+0530] {processor.py:208} INFO - Processing /home/sst7260/airflow_projects/project1/env/lib/python3.10/site-packages/airflow/example_dags/subdags/subdag.py took 0.019 seconds
[2024-09-09T21:50:07.342+0530] {processor.py:186} INFO - Started process (PID=135488) to work on /home/sst7260/airflow_projects/project1/env/lib/python3.10/site-packages/airflow/example_dags/subdags/subdag.py
[2024-09-09T21:50:07.344+0530] {processor.py:914} INFO - Processing file /home/sst7260/airflow_projects/project1/env/lib/python3.10/site-packages/airflow/example_dags/subdags/subdag.py for tasks to queue
[2024-09-09T21:50:07.346+0530] {logging_mixin.py:190} INFO - [2024-09-09T21:50:07.345+0530] {dagbag.py:587} INFO - Filling up the DagBag from /home/sst7260/airflow_projects/project1/env/lib/python3.10/site-packages/airflow/example_dags/subdags/subdag.py
[2024-09-09T21:50:07.348+0530] {processor.py:927} WARNING - No viable dags retrieved from /home/sst7260/airflow_projects/project1/env/lib/python3.10/site-packages/airflow/example_dags/subdags/subdag.py
[2024-09-09T21:50:07.355+0530] {processor.py:208} INFO - Processing /home/sst7260/airflow_projects/project1/env/lib/python3.10/site-packages/airflow/example_dags/subdags/subdag.py took 0.019 seconds
[2024-09-09T21:51:03.247+0530] {processor.py:186} INFO - Started process (PID=135579) to work on /home/sst7260/airflow_projects/project1/env/lib/python3.10/site-packages/airflow/example_dags/subdags/subdag.py
[2024-09-09T21:51:03.250+0530] {processor.py:914} INFO - Processing file /home/sst7260/airflow_projects/project1/env/lib/python3.10/site-packages/airflow/example_dags/subdags/subdag.py for tasks to queue
[2024-09-09T21:51:03.251+0530] {logging_mixin.py:190} INFO - [2024-09-09T21:51:03.251+0530] {dagbag.py:587} INFO - Filling up the DagBag from /home/sst7260/airflow_projects/project1/env/lib/python3.10/site-packages/airflow/example_dags/subdags/subdag.py
[2024-09-09T21:51:03.252+0530] {processor.py:927} WARNING - No viable dags retrieved from /home/sst7260/airflow_projects/project1/env/lib/python3.10/site-packages/airflow/example_dags/subdags/subdag.py
[2024-09-09T21:51:03.259+0530] {processor.py:208} INFO - Processing /home/sst7260/airflow_projects/project1/env/lib/python3.10/site-packages/airflow/example_dags/subdags/subdag.py took 0.017 seconds
[2024-09-09T21:51:55.512+0530] {processor.py:186} INFO - Started process (PID=135640) to work on /home/sst7260/airflow_projects/project1/env/lib/python3.10/site-packages/airflow/example_dags/subdags/subdag.py
[2024-09-09T21:51:55.517+0530] {processor.py:914} INFO - Processing file /home/sst7260/airflow_projects/project1/env/lib/python3.10/site-packages/airflow/example_dags/subdags/subdag.py for tasks to queue
[2024-09-09T21:51:55.518+0530] {logging_mixin.py:190} INFO - [2024-09-09T21:51:55.518+0530] {dagbag.py:587} INFO - Filling up the DagBag from /home/sst7260/airflow_projects/project1/env/lib/python3.10/site-packages/airflow/example_dags/subdags/subdag.py
[2024-09-09T21:51:55.519+0530] {processor.py:927} WARNING - No viable dags retrieved from /home/sst7260/airflow_projects/project1/env/lib/python3.10/site-packages/airflow/example_dags/subdags/subdag.py
[2024-09-09T21:51:55.526+0530] {processor.py:208} INFO - Processing /home/sst7260/airflow_projects/project1/env/lib/python3.10/site-packages/airflow/example_dags/subdags/subdag.py took 0.019 seconds
