[2024-09-10T10:31:33.963+0530] {local_task_job_runner.py:123} INFO - ::group::Pre task execution logs
[2024-09-10T10:31:33.975+0530] {taskinstance.py:2612} INFO - Dependencies all met for dep_context=non-requeueable deps ti=<TaskInstance: aaq_v5.second_task manual__2024-09-10T05:01:27.589180+00:00 [queued]>
[2024-09-10T10:31:33.982+0530] {taskinstance.py:2612} INFO - Dependencies all met for dep_context=requeueable deps ti=<TaskInstance: aaq_v5.second_task manual__2024-09-10T05:01:27.589180+00:00 [queued]>
[2024-09-10T10:31:33.983+0530] {taskinstance.py:2865} INFO - Starting attempt 1 of 1
[2024-09-10T10:31:34.005+0530] {taskinstance.py:2888} INFO - Executing <Task(BashOperator): second_task> on 2024-09-10 05:01:27.589180+00:00
[2024-09-10T10:31:34.008+0530] {standard_task_runner.py:72} INFO - Started process 142433 to run task
[2024-09-10T10:31:34.012+0530] {standard_task_runner.py:104} INFO - Running: ['airflow', 'tasks', 'run', 'aaq_v5', 'second_task', 'manual__2024-09-10T05:01:27.589180+00:00', '--job-id', '24', '--raw', '--subdir', 'DAGS_FOLDER/aaq_dag.py', '--cfg-path', '/tmp/tmplfbyu4_a']
[2024-09-10T10:31:34.012+0530] {standard_task_runner.py:105} INFO - Job 24: Subtask second_task
[2024-09-10T10:31:34.067+0530] {task_command.py:467} INFO - Running <TaskInstance: aaq_v5.second_task manual__2024-09-10T05:01:27.589180+00:00 [running]> on host PG0392KD.springernature.com
[2024-09-10T10:31:34.174+0530] {taskinstance.py:3131} INFO - Exporting env vars: AIRFLOW_CTX_DAG_OWNER='law' AIRFLOW_CTX_DAG_ID='aaq_v5' AIRFLOW_CTX_TASK_ID='second_task' AIRFLOW_CTX_EXECUTION_DATE='2024-09-10T05:01:27.589180+00:00' AIRFLOW_CTX_TRY_NUMBER='1' AIRFLOW_CTX_DAG_RUN_ID='manual__2024-09-10T05:01:27.589180+00:00'
[2024-09-10T10:31:34.175+0530] {logging_mixin.py:190} INFO - Task instance is in running state
[2024-09-10T10:31:34.176+0530] {logging_mixin.py:190} INFO -  Previous state of the Task instance: queued
[2024-09-10T10:31:34.176+0530] {logging_mixin.py:190} INFO - Current task name:second_task state:running start_date:2024-09-10 05:01:33.975470+00:00
[2024-09-10T10:31:34.176+0530] {logging_mixin.py:190} INFO - Dag name:aaq_v5 and current dag run status:running
[2024-09-10T10:31:34.176+0530] {taskinstance.py:731} INFO - ::endgroup::
[2024-09-10T10:31:34.177+0530] {subprocess.py:63} INFO - Tmp dir root location: /tmp
[2024-09-10T10:31:34.179+0530] {subprocess.py:75} INFO - Running command: ['/usr/bin/bash', '-c', 'echo hey, second task running after task1']
[2024-09-10T10:31:34.187+0530] {subprocess.py:86} INFO - Output:
[2024-09-10T10:31:34.187+0530] {subprocess.py:93} INFO - hey, second task running after task1
[2024-09-10T10:31:34.188+0530] {subprocess.py:97} INFO - Command exited with return code 0
[2024-09-10T10:31:34.213+0530] {taskinstance.py:340} INFO - ::group::Post task execution logs
[2024-09-10T10:31:34.213+0530] {taskinstance.py:352} INFO - Marking task as SUCCESS. dag_id=aaq_v5, task_id=second_task, run_id=manual__2024-09-10T05:01:27.589180+00:00, execution_date=20240910T050127, start_date=20240910T050133, end_date=20240910T050134
[2024-09-10T10:31:34.232+0530] {logging_mixin.py:190} INFO - Task instance in success state
[2024-09-10T10:31:34.232+0530] {logging_mixin.py:190} INFO -  Previous state of the Task instance: running
[2024-09-10T10:31:34.233+0530] {logging_mixin.py:190} INFO - Dag name:aaq_v5 queued_at:2024-09-10 05:01:27.614413+00:00
[2024-09-10T10:31:34.233+0530] {logging_mixin.py:190} INFO - Task hostname:PG0392KD.springernature.com operator:BashOperator
[2024-09-10T10:31:34.267+0530] {local_task_job_runner.py:266} INFO - Task exited with return code 0
[2024-09-10T10:31:34.277+0530] {taskinstance.py:3900} INFO - 0 downstream tasks scheduled from follow-on schedule check
[2024-09-10T10:31:34.278+0530] {local_task_job_runner.py:245} INFO - ::endgroup::
