[2024-09-10T17:02:19.304+0530] {local_task_job_runner.py:123} INFO - ::group::Pre task execution logs
[2024-09-10T17:02:19.317+0530] {taskinstance.py:2612} INFO - Dependencies all met for dep_context=non-requeueable deps ti=<TaskInstance: apache_beam_etl_pipeline.check_working_directory manual__2024-09-10T11:23:22.649352+00:00 [queued]>
[2024-09-10T17:02:19.325+0530] {taskinstance.py:2612} INFO - Dependencies all met for dep_context=requeueable deps ti=<TaskInstance: apache_beam_etl_pipeline.check_working_directory manual__2024-09-10T11:23:22.649352+00:00 [queued]>
[2024-09-10T17:02:19.326+0530] {taskinstance.py:2865} INFO - Starting attempt 2 of 2
[2024-09-10T17:02:19.354+0530] {taskinstance.py:2888} INFO - Executing <Task(BashOperator): check_working_directory> on 2024-09-10 11:23:22.649352+00:00
[2024-09-10T17:02:19.359+0530] {standard_task_runner.py:72} INFO - Started process 208686 to run task
[2024-09-10T17:02:19.365+0530] {standard_task_runner.py:104} INFO - Running: ['airflow', 'tasks', 'run', 'apache_beam_etl_pipeline', 'check_working_directory', 'manual__2024-09-10T11:23:22.649352+00:00', '--job-id', '96', '--raw', '--subdir', 'DAGS_FOLDER/aaz.py', '--cfg-path', '/tmp/tmpune_qwyk']
[2024-09-10T17:02:19.366+0530] {standard_task_runner.py:105} INFO - Job 96: Subtask check_working_directory
[2024-09-10T17:02:19.446+0530] {task_command.py:467} INFO - Running <TaskInstance: apache_beam_etl_pipeline.check_working_directory manual__2024-09-10T11:23:22.649352+00:00 [running]> on host PG0392KD.springernature.com
[2024-09-10T17:02:19.680+0530] {taskinstance.py:3131} INFO - Exporting env vars: AIRFLOW_CTX_DAG_OWNER='airflow_SS' AIRFLOW_CTX_DAG_ID='apache_beam_etl_pipeline' AIRFLOW_CTX_TASK_ID='check_working_directory' AIRFLOW_CTX_EXECUTION_DATE='2024-09-10T11:23:22.649352+00:00' AIRFLOW_CTX_TRY_NUMBER='2' AIRFLOW_CTX_DAG_RUN_ID='manual__2024-09-10T11:23:22.649352+00:00'
[2024-09-10T17:02:19.681+0530] {logging_mixin.py:190} INFO - Task instance is in running state
[2024-09-10T17:02:19.682+0530] {logging_mixin.py:190} INFO -  Previous state of the Task instance: queued
[2024-09-10T17:02:19.682+0530] {logging_mixin.py:190} INFO - Current task name:check_working_directory state:running start_date:2024-09-10 11:32:19.317727+00:00
[2024-09-10T17:02:19.682+0530] {logging_mixin.py:190} INFO - Dag name:apache_beam_etl_pipeline and current dag run status:running
[2024-09-10T17:02:19.682+0530] {taskinstance.py:731} INFO - ::endgroup::
[2024-09-10T17:02:19.683+0530] {subprocess.py:63} INFO - Tmp dir root location: /tmp
[2024-09-10T17:02:19.685+0530] {subprocess.py:75} INFO - Running command: ['/usr/bin/bash', '-c', 'pwd']
[2024-09-10T17:02:19.695+0530] {subprocess.py:86} INFO - Output:
[2024-09-10T17:02:19.697+0530] {subprocess.py:93} INFO - /tmp/airflowtmp87zikdqz
[2024-09-10T17:02:19.697+0530] {subprocess.py:97} INFO - Command exited with return code 0
[2024-09-10T17:02:19.732+0530] {taskinstance.py:340} INFO - ::group::Post task execution logs
[2024-09-10T17:02:19.733+0530] {taskinstance.py:352} INFO - Marking task as SUCCESS. dag_id=apache_beam_etl_pipeline, task_id=check_working_directory, run_id=manual__2024-09-10T11:23:22.649352+00:00, execution_date=20240910T112322, start_date=20240910T113219, end_date=20240910T113219
[2024-09-10T17:02:19.759+0530] {logging_mixin.py:190} INFO - Task instance in success state
[2024-09-10T17:02:19.759+0530] {logging_mixin.py:190} INFO -  Previous state of the Task instance: running
[2024-09-10T17:02:19.760+0530] {logging_mixin.py:190} INFO - Dag name:apache_beam_etl_pipeline queued_at:2024-09-10 11:23:22.708522+00:00
[2024-09-10T17:02:19.760+0530] {logging_mixin.py:190} INFO - Task hostname:PG0392KD.springernature.com operator:BashOperator
[2024-09-10T17:02:19.780+0530] {local_task_job_runner.py:266} INFO - Task exited with return code 0
[2024-09-10T17:02:19.794+0530] {taskinstance.py:3900} INFO - 0 downstream tasks scheduled from follow-on schedule check
[2024-09-10T17:02:19.795+0530] {local_task_job_runner.py:245} INFO - ::endgroup::
[2024-09-10T17:02:20.152+0530] {local_task_job_runner.py:123} INFO - ::group::Pre task execution logs
[2024-09-10T17:02:20.170+0530] {taskinstance.py:2602} INFO - Dependencies not met for <TaskInstance: apache_beam_etl_pipeline.check_working_directory manual__2024-09-10T11:23:22.649352+00:00 [success]>, dependency 'Task Instance State' FAILED: Task is in the 'success' state.
[2024-09-10T17:02:20.171+0530] {local_task_job_runner.py:166} INFO - Task is not able to be run
