[2024-09-10T11:51:34.541+0530] {local_task_job_runner.py:123} INFO - ::group::Pre task execution logs
[2024-09-10T11:51:34.548+0530] {taskinstance.py:2612} INFO - Dependencies all met for dep_context=non-requeueable deps ti=<TaskInstance: apache_beam_etl_pipeline.check_working_directory manual__2024-09-10T06:21:24.825466+00:00 [queued]>
[2024-09-10T11:51:34.552+0530] {taskinstance.py:2612} INFO - Dependencies all met for dep_context=requeueable deps ti=<TaskInstance: apache_beam_etl_pipeline.check_working_directory manual__2024-09-10T06:21:24.825466+00:00 [queued]>
[2024-09-10T11:51:34.552+0530] {taskinstance.py:2865} INFO - Starting attempt 1 of 2
[2024-09-10T11:51:34.569+0530] {taskinstance.py:2888} INFO - Executing <Task(BashOperator): check_working_directory> on 2024-09-10 06:21:24.825466+00:00
[2024-09-10T11:51:34.571+0530] {standard_task_runner.py:72} INFO - Started process 150966 to run task
[2024-09-10T11:51:34.574+0530] {standard_task_runner.py:104} INFO - Running: ['airflow', 'tasks', 'run', 'apache_beam_etl_pipeline', 'check_working_directory', 'manual__2024-09-10T06:21:24.825466+00:00', '--job-id', '35', '--raw', '--subdir', 'DAGS_FOLDER/aaz.py', '--cfg-path', '/tmp/tmpdp48sf3c']
[2024-09-10T11:51:34.574+0530] {standard_task_runner.py:105} INFO - Job 35: Subtask check_working_directory
[2024-09-10T11:51:34.608+0530] {task_command.py:467} INFO - Running <TaskInstance: apache_beam_etl_pipeline.check_working_directory manual__2024-09-10T06:21:24.825466+00:00 [running]> on host PG0392KD.springernature.com
[2024-09-10T11:51:34.663+0530] {taskinstance.py:3131} INFO - Exporting env vars: AIRFLOW_CTX_DAG_OWNER='airflow_SS' AIRFLOW_CTX_DAG_ID='apache_beam_etl_pipeline' AIRFLOW_CTX_TASK_ID='check_working_directory' AIRFLOW_CTX_EXECUTION_DATE='2024-09-10T06:21:24.825466+00:00' AIRFLOW_CTX_TRY_NUMBER='1' AIRFLOW_CTX_DAG_RUN_ID='manual__2024-09-10T06:21:24.825466+00:00'
[2024-09-10T11:51:34.664+0530] {logging_mixin.py:190} INFO - Task instance is in running state
[2024-09-10T11:51:34.665+0530] {logging_mixin.py:190} INFO -  Previous state of the Task instance: queued
[2024-09-10T11:51:34.665+0530] {logging_mixin.py:190} INFO - Current task name:check_working_directory state:running start_date:2024-09-10 06:21:34.549316+00:00
[2024-09-10T11:51:34.665+0530] {logging_mixin.py:190} INFO - Dag name:apache_beam_etl_pipeline and current dag run status:running
[2024-09-10T11:51:34.665+0530] {taskinstance.py:731} INFO - ::endgroup::
[2024-09-10T11:51:34.666+0530] {subprocess.py:63} INFO - Tmp dir root location: /tmp
[2024-09-10T11:51:34.667+0530] {subprocess.py:75} INFO - Running command: ['/usr/bin/bash', '-c', 'pwd']
[2024-09-10T11:51:34.671+0530] {subprocess.py:86} INFO - Output:
[2024-09-10T11:51:34.671+0530] {subprocess.py:93} INFO - /tmp/airflowtmp10lrgkr0
[2024-09-10T11:51:34.671+0530] {subprocess.py:97} INFO - Command exited with return code 0
[2024-09-10T11:51:34.690+0530] {taskinstance.py:340} INFO - ::group::Post task execution logs
[2024-09-10T11:51:34.690+0530] {taskinstance.py:352} INFO - Marking task as SUCCESS. dag_id=apache_beam_etl_pipeline, task_id=check_working_directory, run_id=manual__2024-09-10T06:21:24.825466+00:00, execution_date=20240910T062124, start_date=20240910T062134, end_date=20240910T062134
[2024-09-10T11:51:34.706+0530] {logging_mixin.py:190} INFO - Task instance in success state
[2024-09-10T11:51:34.706+0530] {logging_mixin.py:190} INFO -  Previous state of the Task instance: running
[2024-09-10T11:51:34.706+0530] {logging_mixin.py:190} INFO - Dag name:apache_beam_etl_pipeline queued_at:2024-09-10 06:21:24.834579+00:00
[2024-09-10T11:51:34.706+0530] {logging_mixin.py:190} INFO - Task hostname:PG0392KD.springernature.com operator:BashOperator
[2024-09-10T11:51:34.749+0530] {local_task_job_runner.py:266} INFO - Task exited with return code 0
[2024-09-10T11:51:34.757+0530] {taskinstance.py:3900} INFO - 0 downstream tasks scheduled from follow-on schedule check
[2024-09-10T11:51:34.758+0530] {local_task_job_runner.py:245} INFO - ::endgroup::
