[2024-09-10T15:13:03.787+0530] {local_task_job_runner.py:123} INFO - ::group::Pre task execution logs
[2024-09-10T15:13:03.796+0530] {taskinstance.py:2612} INFO - Dependencies all met for dep_context=non-requeueable deps ti=<TaskInstance: beam_etl_dag_with_credentials.set_credentials manual__2024-09-10T09:43:00.310170+00:00 [queued]>
[2024-09-10T15:13:03.801+0530] {taskinstance.py:2612} INFO - Dependencies all met for dep_context=requeueable deps ti=<TaskInstance: beam_etl_dag_with_credentials.set_credentials manual__2024-09-10T09:43:00.310170+00:00 [queued]>
[2024-09-10T15:13:03.801+0530] {taskinstance.py:2865} INFO - Starting attempt 1 of 2
[2024-09-10T15:13:03.829+0530] {taskinstance.py:2888} INFO - Executing <Task(PythonOperator): set_credentials> on 2024-09-10 09:43:00.310170+00:00
[2024-09-10T15:13:03.834+0530] {standard_task_runner.py:72} INFO - Started process 186688 to run task
[2024-09-10T15:13:03.838+0530] {standard_task_runner.py:104} INFO - Running: ['airflow', 'tasks', 'run', 'beam_etl_dag_with_credentials', 'set_credentials', 'manual__2024-09-10T09:43:00.310170+00:00', '--job-id', '63', '--raw', '--subdir', 'DAGS_FOLDER/beam_etl_dag.py', '--cfg-path', '/tmp/tmp0_6y51jq']
[2024-09-10T15:13:03.839+0530] {standard_task_runner.py:105} INFO - Job 63: Subtask set_credentials
[2024-09-10T15:13:03.908+0530] {task_command.py:467} INFO - Running <TaskInstance: beam_etl_dag_with_credentials.set_credentials manual__2024-09-10T09:43:00.310170+00:00 [running]> on host PG0392KD.springernature.com
[2024-09-10T15:13:03.991+0530] {taskinstance.py:3131} INFO - Exporting env vars: AIRFLOW_CTX_DAG_OWNER='airflow' AIRFLOW_CTX_DAG_ID='beam_etl_dag_with_credentials' AIRFLOW_CTX_TASK_ID='set_credentials' AIRFLOW_CTX_EXECUTION_DATE='2024-09-10T09:43:00.310170+00:00' AIRFLOW_CTX_TRY_NUMBER='1' AIRFLOW_CTX_DAG_RUN_ID='manual__2024-09-10T09:43:00.310170+00:00'
[2024-09-10T15:13:04.000+0530] {logging_mixin.py:190} INFO - Task instance is in running state
[2024-09-10T15:13:04.001+0530] {logging_mixin.py:190} INFO -  Previous state of the Task instance: queued
[2024-09-10T15:13:04.001+0530] {logging_mixin.py:190} INFO - Current task name:set_credentials state:running start_date:2024-09-10 09:43:03.797118+00:00
[2024-09-10T15:13:04.001+0530] {logging_mixin.py:190} INFO - Dag name:beam_etl_dag_with_credentials and current dag run status:running
[2024-09-10T15:13:04.001+0530] {taskinstance.py:731} INFO - ::endgroup::
[2024-09-10T15:13:04.008+0530] {python.py:240} INFO - Done. Returned value was: None
[2024-09-10T15:13:04.016+0530] {taskinstance.py:340} INFO - ::group::Post task execution logs
[2024-09-10T15:13:04.016+0530] {taskinstance.py:352} INFO - Marking task as SUCCESS. dag_id=beam_etl_dag_with_credentials, task_id=set_credentials, run_id=manual__2024-09-10T09:43:00.310170+00:00, execution_date=20240910T094300, start_date=20240910T094303, end_date=20240910T094304
[2024-09-10T15:13:04.045+0530] {logging_mixin.py:190} INFO - Task instance in success state
[2024-09-10T15:13:04.045+0530] {logging_mixin.py:190} INFO -  Previous state of the Task instance: running
[2024-09-10T15:13:04.045+0530] {logging_mixin.py:190} INFO - Dag name:beam_etl_dag_with_credentials queued_at:2024-09-10 09:43:00.353896+00:00
[2024-09-10T15:13:04.045+0530] {logging_mixin.py:190} INFO - Task hostname:PG0392KD.springernature.com operator:PythonOperator
[2024-09-10T15:13:04.052+0530] {local_task_job_runner.py:266} INFO - Task exited with return code 0
[2024-09-10T15:13:04.068+0530] {taskinstance.py:3900} INFO - 1 downstream tasks scheduled from follow-on schedule check
[2024-09-10T15:13:04.096+0530] {local_task_job_runner.py:245} INFO - ::endgroup::
