[2024-09-09T20:46:11.402+0530] {local_task_job_runner.py:123} INFO - ::group::Pre task execution logs
[2024-09-09T20:46:11.411+0530] {taskinstance.py:2612} INFO - Dependencies all met for dep_context=non-requeueable deps ti=<TaskInstance: aaq_v5.first_task manual__2024-09-09T15:16:08.992823+00:00 [queued]>
[2024-09-09T20:46:11.414+0530] {taskinstance.py:2612} INFO - Dependencies all met for dep_context=requeueable deps ti=<TaskInstance: aaq_v5.first_task manual__2024-09-09T15:16:08.992823+00:00 [queued]>
[2024-09-09T20:46:11.415+0530] {taskinstance.py:2865} INFO - Starting attempt 1 of 1
[2024-09-09T20:46:11.429+0530] {taskinstance.py:2888} INFO - Executing <Task(BashOperator): first_task> on 2024-09-09 15:16:08.992823+00:00
[2024-09-09T20:46:11.432+0530] {standard_task_runner.py:72} INFO - Started process 128195 to run task
[2024-09-09T20:46:11.435+0530] {standard_task_runner.py:104} INFO - Running: ['airflow', 'tasks', 'run', 'aaq_v5', 'first_task', 'manual__2024-09-09T15:16:08.992823+00:00', '--job-id', '3', '--raw', '--subdir', 'DAGS_FOLDER/aaq_dag.py', '--cfg-path', '/tmp/tmpb8zjs0uu']
[2024-09-09T20:46:11.435+0530] {standard_task_runner.py:105} INFO - Job 3: Subtask first_task
[2024-09-09T20:46:11.474+0530] {task_command.py:467} INFO - Running <TaskInstance: aaq_v5.first_task manual__2024-09-09T15:16:08.992823+00:00 [running]> on host PG0392KD.springernature.com
[2024-09-09T20:46:11.524+0530] {taskinstance.py:3131} INFO - Exporting env vars: AIRFLOW_CTX_DAG_OWNER='law' AIRFLOW_CTX_DAG_ID='aaq_v5' AIRFLOW_CTX_TASK_ID='first_task' AIRFLOW_CTX_EXECUTION_DATE='2024-09-09T15:16:08.992823+00:00' AIRFLOW_CTX_TRY_NUMBER='1' AIRFLOW_CTX_DAG_RUN_ID='manual__2024-09-09T15:16:08.992823+00:00'
[2024-09-09T20:46:11.525+0530] {logging_mixin.py:190} INFO - Task instance is in running state
[2024-09-09T20:46:11.525+0530] {logging_mixin.py:190} INFO -  Previous state of the Task instance: queued
[2024-09-09T20:46:11.525+0530] {logging_mixin.py:190} INFO - Current task name:first_task state:running start_date:2024-09-09 15:16:11.411606+00:00
[2024-09-09T20:46:11.525+0530] {logging_mixin.py:190} INFO - Dag name:aaq_v5 and current dag run status:running
[2024-09-09T20:46:11.525+0530] {taskinstance.py:731} INFO - ::endgroup::
[2024-09-09T20:46:11.526+0530] {subprocess.py:63} INFO - Tmp dir root location: /tmp
[2024-09-09T20:46:11.526+0530] {subprocess.py:75} INFO - Running command: ['/usr/bin/bash', '-c', 'echo hello world, this is the first task!']
[2024-09-09T20:46:11.532+0530] {subprocess.py:86} INFO - Output:
[2024-09-09T20:46:11.532+0530] {subprocess.py:93} INFO - hello world, this is the first task!
[2024-09-09T20:46:11.532+0530] {subprocess.py:97} INFO - Command exited with return code 0
[2024-09-09T20:46:11.552+0530] {taskinstance.py:340} INFO - ::group::Post task execution logs
[2024-09-09T20:46:11.553+0530] {taskinstance.py:352} INFO - Marking task as SUCCESS. dag_id=aaq_v5, task_id=first_task, run_id=manual__2024-09-09T15:16:08.992823+00:00, execution_date=20240909T151608, start_date=20240909T151611, end_date=20240909T151611
[2024-09-09T20:46:11.567+0530] {logging_mixin.py:190} INFO - Task instance in success state
[2024-09-09T20:46:11.567+0530] {logging_mixin.py:190} INFO -  Previous state of the Task instance: running
[2024-09-09T20:46:11.567+0530] {logging_mixin.py:190} INFO - Dag name:aaq_v5 queued_at:2024-09-09 15:16:09.031154+00:00
[2024-09-09T20:46:11.567+0530] {logging_mixin.py:190} INFO - Task hostname:PG0392KD.springernature.com operator:BashOperator
[2024-09-09T20:46:11.608+0530] {local_task_job_runner.py:266} INFO - Task exited with return code 0
[2024-09-09T20:46:11.623+0530] {taskinstance.py:3900} INFO - 2 downstream tasks scheduled from follow-on schedule check
[2024-09-09T20:46:11.636+0530] {local_task_job_runner.py:245} INFO - ::endgroup::
