[2024-09-10T17:08:53.940+0530] {local_task_job_runner.py:123} INFO - ::group::Pre task execution logs
[2024-09-10T17:08:53.953+0530] {taskinstance.py:2612} INFO - Dependencies all met for dep_context=non-requeueable deps ti=<TaskInstance: apache_beam_etl_pipeline.check_working_directory manual__2024-09-10T11:34:51.502565+00:00 [queued]>
[2024-09-10T17:08:53.959+0530] {taskinstance.py:2612} INFO - Dependencies all met for dep_context=requeueable deps ti=<TaskInstance: apache_beam_etl_pipeline.check_working_directory manual__2024-09-10T11:34:51.502565+00:00 [queued]>
[2024-09-10T17:08:53.959+0530] {taskinstance.py:2865} INFO - Starting attempt 2 of 2
[2024-09-10T17:08:53.988+0530] {taskinstance.py:2888} INFO - Executing <Task(BashOperator): check_working_directory> on 2024-09-10 11:34:51.502565+00:00
[2024-09-10T17:08:53.991+0530] {standard_task_runner.py:72} INFO - Started process 211065 to run task
[2024-09-10T17:08:53.997+0530] {standard_task_runner.py:104} INFO - Running: ['airflow', 'tasks', 'run', 'apache_beam_etl_pipeline', 'check_working_directory', 'manual__2024-09-10T11:34:51.502565+00:00', '--job-id', '110', '--raw', '--subdir', 'DAGS_FOLDER/aaz.py', '--cfg-path', '/tmp/tmp0h07ju4p']
[2024-09-10T17:08:53.998+0530] {standard_task_runner.py:105} INFO - Job 110: Subtask check_working_directory
[2024-09-10T17:08:54.053+0530] {task_command.py:467} INFO - Running <TaskInstance: apache_beam_etl_pipeline.check_working_directory manual__2024-09-10T11:34:51.502565+00:00 [running]> on host PG0392KD.springernature.com
[2024-09-10T17:08:54.320+0530] {taskinstance.py:3131} INFO - Exporting env vars: AIRFLOW_CTX_DAG_OWNER='airflow_SS' AIRFLOW_CTX_DAG_ID='apache_beam_etl_pipeline' AIRFLOW_CTX_TASK_ID='check_working_directory' AIRFLOW_CTX_EXECUTION_DATE='2024-09-10T11:34:51.502565+00:00' AIRFLOW_CTX_TRY_NUMBER='2' AIRFLOW_CTX_DAG_RUN_ID='manual__2024-09-10T11:34:51.502565+00:00'
[2024-09-10T17:08:54.321+0530] {logging_mixin.py:190} INFO - Task instance is in running state
[2024-09-10T17:08:54.321+0530] {logging_mixin.py:190} INFO -  Previous state of the Task instance: queued
[2024-09-10T17:08:54.322+0530] {logging_mixin.py:190} INFO - Current task name:check_working_directory state:running start_date:2024-09-10 11:38:53.953637+00:00
[2024-09-10T17:08:54.322+0530] {logging_mixin.py:190} INFO - Dag name:apache_beam_etl_pipeline and current dag run status:running
[2024-09-10T17:08:54.322+0530] {taskinstance.py:731} INFO - ::endgroup::
[2024-09-10T17:08:54.323+0530] {subprocess.py:63} INFO - Tmp dir root location: /tmp
[2024-09-10T17:08:54.324+0530] {subprocess.py:75} INFO - Running command: ['/usr/bin/bash', '-c', 'pwd']
[2024-09-10T17:08:54.336+0530] {subprocess.py:86} INFO - Output:
[2024-09-10T17:08:54.337+0530] {subprocess.py:93} INFO - /tmp/airflowtmpk69t3wpr
[2024-09-10T17:08:54.338+0530] {subprocess.py:97} INFO - Command exited with return code 0
[2024-09-10T17:08:54.371+0530] {taskinstance.py:340} INFO - ::group::Post task execution logs
[2024-09-10T17:08:54.372+0530] {taskinstance.py:352} INFO - Marking task as SUCCESS. dag_id=apache_beam_etl_pipeline, task_id=check_working_directory, run_id=manual__2024-09-10T11:34:51.502565+00:00, execution_date=20240910T113451, start_date=20240910T113853, end_date=20240910T113854
[2024-09-10T17:08:54.400+0530] {logging_mixin.py:190} INFO - Task instance in success state
[2024-09-10T17:08:54.401+0530] {logging_mixin.py:190} INFO -  Previous state of the Task instance: running
[2024-09-10T17:08:54.401+0530] {logging_mixin.py:190} INFO - Dag name:apache_beam_etl_pipeline queued_at:2024-09-10 11:34:51.515655+00:00
[2024-09-10T17:08:54.401+0530] {logging_mixin.py:190} INFO - Task hostname:PG0392KD.springernature.com operator:BashOperator
[2024-09-10T17:08:54.410+0530] {local_task_job_runner.py:266} INFO - Task exited with return code 0
[2024-09-10T17:08:54.429+0530] {taskinstance.py:3900} INFO - 0 downstream tasks scheduled from follow-on schedule check
[2024-09-10T17:08:54.431+0530] {local_task_job_runner.py:245} INFO - ::endgroup::
[2024-09-10T17:09:25.113+0530] {local_task_job_runner.py:123} INFO - ::group::Pre task execution logs
[2024-09-10T17:09:25.139+0530] {taskinstance.py:2602} INFO - Dependencies not met for <TaskInstance: apache_beam_etl_pipeline.check_working_directory manual__2024-09-10T11:34:51.502565+00:00 [success]>, dependency 'Task Instance State' FAILED: Task is in the 'success' state.
[2024-09-10T17:09:25.140+0530] {local_task_job_runner.py:166} INFO - Task is not able to be run
