[2024-09-09T20:46:22.745+0530] {processor.py:186} INFO - Started process (PID=128355) to work on /home/sst7260/airflow_projects/project1/env/lib/python3.10/site-packages/airflow/example_dags/example_branch_operator_decorator.py
[2024-09-09T20:46:22.745+0530] {processor.py:914} INFO - Processing file /home/sst7260/airflow_projects/project1/env/lib/python3.10/site-packages/airflow/example_dags/example_branch_operator_decorator.py for tasks to queue
[2024-09-09T20:46:22.747+0530] {logging_mixin.py:190} INFO - [2024-09-09T20:46:22.747+0530] {dagbag.py:587} INFO - Filling up the DagBag from /home/sst7260/airflow_projects/project1/env/lib/python3.10/site-packages/airflow/example_dags/example_branch_operator_decorator.py
[2024-09-09T20:46:22.812+0530] {processor.py:927} WARNING - No viable dags retrieved from /home/sst7260/airflow_projects/project1/env/lib/python3.10/site-packages/airflow/example_dags/example_branch_operator_decorator.py
[2024-09-09T20:46:22.822+0530] {processor.py:208} INFO - Processing /home/sst7260/airflow_projects/project1/env/lib/python3.10/site-packages/airflow/example_dags/example_branch_operator_decorator.py took 0.082 seconds
[2024-09-09T20:47:32.038+0530] {processor.py:186} INFO - Started process (PID=128546) to work on /home/sst7260/airflow_projects/project1/env/lib/python3.10/site-packages/airflow/example_dags/example_branch_operator_decorator.py
[2024-09-09T20:47:32.041+0530] {processor.py:914} INFO - Processing file /home/sst7260/airflow_projects/project1/env/lib/python3.10/site-packages/airflow/example_dags/example_branch_operator_decorator.py for tasks to queue
[2024-09-09T20:47:32.042+0530] {logging_mixin.py:190} INFO - [2024-09-09T20:47:32.042+0530] {dagbag.py:587} INFO - Filling up the DagBag from /home/sst7260/airflow_projects/project1/env/lib/python3.10/site-packages/airflow/example_dags/example_branch_operator_decorator.py
[2024-09-09T20:47:32.092+0530] {processor.py:927} WARNING - No viable dags retrieved from /home/sst7260/airflow_projects/project1/env/lib/python3.10/site-packages/airflow/example_dags/example_branch_operator_decorator.py
[2024-09-09T20:47:32.100+0530] {processor.py:208} INFO - Processing /home/sst7260/airflow_projects/project1/env/lib/python3.10/site-packages/airflow/example_dags/example_branch_operator_decorator.py took 0.067 seconds
[2024-09-09T20:48:28.410+0530] {processor.py:186} INFO - Started process (PID=128618) to work on /home/sst7260/airflow_projects/project1/env/lib/python3.10/site-packages/airflow/example_dags/example_branch_operator_decorator.py
[2024-09-09T20:48:28.411+0530] {processor.py:914} INFO - Processing file /home/sst7260/airflow_projects/project1/env/lib/python3.10/site-packages/airflow/example_dags/example_branch_operator_decorator.py for tasks to queue
[2024-09-09T20:48:28.413+0530] {logging_mixin.py:190} INFO - [2024-09-09T20:48:28.412+0530] {dagbag.py:587} INFO - Filling up the DagBag from /home/sst7260/airflow_projects/project1/env/lib/python3.10/site-packages/airflow/example_dags/example_branch_operator_decorator.py
[2024-09-09T20:48:28.468+0530] {processor.py:927} WARNING - No viable dags retrieved from /home/sst7260/airflow_projects/project1/env/lib/python3.10/site-packages/airflow/example_dags/example_branch_operator_decorator.py
[2024-09-09T20:48:28.475+0530] {processor.py:208} INFO - Processing /home/sst7260/airflow_projects/project1/env/lib/python3.10/site-packages/airflow/example_dags/example_branch_operator_decorator.py took 0.070 seconds
[2024-09-09T20:49:22.960+0530] {processor.py:186} INFO - Started process (PID=128684) to work on /home/sst7260/airflow_projects/project1/env/lib/python3.10/site-packages/airflow/example_dags/example_branch_operator_decorator.py
[2024-09-09T20:49:22.961+0530] {processor.py:914} INFO - Processing file /home/sst7260/airflow_projects/project1/env/lib/python3.10/site-packages/airflow/example_dags/example_branch_operator_decorator.py for tasks to queue
[2024-09-09T20:49:22.962+0530] {logging_mixin.py:190} INFO - [2024-09-09T20:49:22.962+0530] {dagbag.py:587} INFO - Filling up the DagBag from /home/sst7260/airflow_projects/project1/env/lib/python3.10/site-packages/airflow/example_dags/example_branch_operator_decorator.py
[2024-09-09T20:49:23.050+0530] {processor.py:927} WARNING - No viable dags retrieved from /home/sst7260/airflow_projects/project1/env/lib/python3.10/site-packages/airflow/example_dags/example_branch_operator_decorator.py
[2024-09-09T20:49:23.061+0530] {processor.py:208} INFO - Processing /home/sst7260/airflow_projects/project1/env/lib/python3.10/site-packages/airflow/example_dags/example_branch_operator_decorator.py took 0.107 seconds
[2024-09-09T20:50:16.871+0530] {processor.py:186} INFO - Started process (PID=128748) to work on /home/sst7260/airflow_projects/project1/env/lib/python3.10/site-packages/airflow/example_dags/example_branch_operator_decorator.py
[2024-09-09T20:50:16.881+0530] {processor.py:914} INFO - Processing file /home/sst7260/airflow_projects/project1/env/lib/python3.10/site-packages/airflow/example_dags/example_branch_operator_decorator.py for tasks to queue
[2024-09-09T20:50:16.882+0530] {logging_mixin.py:190} INFO - [2024-09-09T20:50:16.882+0530] {dagbag.py:587} INFO - Filling up the DagBag from /home/sst7260/airflow_projects/project1/env/lib/python3.10/site-packages/airflow/example_dags/example_branch_operator_decorator.py
[2024-09-09T20:50:16.959+0530] {processor.py:927} WARNING - No viable dags retrieved from /home/sst7260/airflow_projects/project1/env/lib/python3.10/site-packages/airflow/example_dags/example_branch_operator_decorator.py
[2024-09-09T20:50:16.967+0530] {processor.py:208} INFO - Processing /home/sst7260/airflow_projects/project1/env/lib/python3.10/site-packages/airflow/example_dags/example_branch_operator_decorator.py took 0.102 seconds
[2024-09-09T20:51:09.770+0530] {processor.py:186} INFO - Started process (PID=128837) to work on /home/sst7260/airflow_projects/project1/env/lib/python3.10/site-packages/airflow/example_dags/example_branch_operator_decorator.py
[2024-09-09T20:51:09.771+0530] {processor.py:914} INFO - Processing file /home/sst7260/airflow_projects/project1/env/lib/python3.10/site-packages/airflow/example_dags/example_branch_operator_decorator.py for tasks to queue
[2024-09-09T20:51:09.773+0530] {logging_mixin.py:190} INFO - [2024-09-09T20:51:09.772+0530] {dagbag.py:587} INFO - Filling up the DagBag from /home/sst7260/airflow_projects/project1/env/lib/python3.10/site-packages/airflow/example_dags/example_branch_operator_decorator.py
[2024-09-09T20:51:09.854+0530] {processor.py:927} WARNING - No viable dags retrieved from /home/sst7260/airflow_projects/project1/env/lib/python3.10/site-packages/airflow/example_dags/example_branch_operator_decorator.py
[2024-09-09T20:51:09.861+0530] {processor.py:208} INFO - Processing /home/sst7260/airflow_projects/project1/env/lib/python3.10/site-packages/airflow/example_dags/example_branch_operator_decorator.py took 0.096 seconds
[2024-09-09T20:52:03.210+0530] {processor.py:186} INFO - Started process (PID=129084) to work on /home/sst7260/airflow_projects/project1/env/lib/python3.10/site-packages/airflow/example_dags/example_branch_operator_decorator.py
[2024-09-09T20:52:03.213+0530] {processor.py:914} INFO - Processing file /home/sst7260/airflow_projects/project1/env/lib/python3.10/site-packages/airflow/example_dags/example_branch_operator_decorator.py for tasks to queue
[2024-09-09T20:52:03.217+0530] {logging_mixin.py:190} INFO - [2024-09-09T20:52:03.217+0530] {dagbag.py:587} INFO - Filling up the DagBag from /home/sst7260/airflow_projects/project1/env/lib/python3.10/site-packages/airflow/example_dags/example_branch_operator_decorator.py
[2024-09-09T20:52:03.293+0530] {processor.py:927} WARNING - No viable dags retrieved from /home/sst7260/airflow_projects/project1/env/lib/python3.10/site-packages/airflow/example_dags/example_branch_operator_decorator.py
[2024-09-09T20:52:03.307+0530] {processor.py:208} INFO - Processing /home/sst7260/airflow_projects/project1/env/lib/python3.10/site-packages/airflow/example_dags/example_branch_operator_decorator.py took 0.103 seconds
[2024-09-09T20:53:02.702+0530] {processor.py:186} INFO - Started process (PID=129403) to work on /home/sst7260/airflow_projects/project1/env/lib/python3.10/site-packages/airflow/example_dags/example_branch_operator_decorator.py
[2024-09-09T20:53:02.704+0530] {processor.py:914} INFO - Processing file /home/sst7260/airflow_projects/project1/env/lib/python3.10/site-packages/airflow/example_dags/example_branch_operator_decorator.py for tasks to queue
[2024-09-09T20:53:02.706+0530] {logging_mixin.py:190} INFO - [2024-09-09T20:53:02.706+0530] {dagbag.py:587} INFO - Filling up the DagBag from /home/sst7260/airflow_projects/project1/env/lib/python3.10/site-packages/airflow/example_dags/example_branch_operator_decorator.py
[2024-09-09T20:53:02.752+0530] {processor.py:927} WARNING - No viable dags retrieved from /home/sst7260/airflow_projects/project1/env/lib/python3.10/site-packages/airflow/example_dags/example_branch_operator_decorator.py
[2024-09-09T20:53:02.761+0530] {processor.py:208} INFO - Processing /home/sst7260/airflow_projects/project1/env/lib/python3.10/site-packages/airflow/example_dags/example_branch_operator_decorator.py took 0.065 seconds
[2024-09-09T20:54:14.489+0530] {processor.py:186} INFO - Started process (PID=129853) to work on /home/sst7260/airflow_projects/project1/env/lib/python3.10/site-packages/airflow/example_dags/example_branch_operator_decorator.py
[2024-09-09T20:54:14.491+0530] {processor.py:914} INFO - Processing file /home/sst7260/airflow_projects/project1/env/lib/python3.10/site-packages/airflow/example_dags/example_branch_operator_decorator.py for tasks to queue
[2024-09-09T20:54:14.493+0530] {logging_mixin.py:190} INFO - [2024-09-09T20:54:14.493+0530] {dagbag.py:587} INFO - Filling up the DagBag from /home/sst7260/airflow_projects/project1/env/lib/python3.10/site-packages/airflow/example_dags/example_branch_operator_decorator.py
[2024-09-09T20:54:14.558+0530] {processor.py:927} WARNING - No viable dags retrieved from /home/sst7260/airflow_projects/project1/env/lib/python3.10/site-packages/airflow/example_dags/example_branch_operator_decorator.py
[2024-09-09T20:54:14.569+0530] {processor.py:208} INFO - Processing /home/sst7260/airflow_projects/project1/env/lib/python3.10/site-packages/airflow/example_dags/example_branch_operator_decorator.py took 0.087 seconds
[2024-09-09T20:55:16.798+0530] {processor.py:186} INFO - Started process (PID=130049) to work on /home/sst7260/airflow_projects/project1/env/lib/python3.10/site-packages/airflow/example_dags/example_branch_operator_decorator.py
[2024-09-09T20:55:16.800+0530] {processor.py:914} INFO - Processing file /home/sst7260/airflow_projects/project1/env/lib/python3.10/site-packages/airflow/example_dags/example_branch_operator_decorator.py for tasks to queue
[2024-09-09T20:55:16.803+0530] {logging_mixin.py:190} INFO - [2024-09-09T20:55:16.803+0530] {dagbag.py:587} INFO - Filling up the DagBag from /home/sst7260/airflow_projects/project1/env/lib/python3.10/site-packages/airflow/example_dags/example_branch_operator_decorator.py
[2024-09-09T20:55:16.878+0530] {processor.py:927} WARNING - No viable dags retrieved from /home/sst7260/airflow_projects/project1/env/lib/python3.10/site-packages/airflow/example_dags/example_branch_operator_decorator.py
[2024-09-09T20:55:16.886+0530] {processor.py:208} INFO - Processing /home/sst7260/airflow_projects/project1/env/lib/python3.10/site-packages/airflow/example_dags/example_branch_operator_decorator.py took 0.092 seconds
[2024-09-09T20:56:11.139+0530] {processor.py:186} INFO - Started process (PID=130204) to work on /home/sst7260/airflow_projects/project1/env/lib/python3.10/site-packages/airflow/example_dags/example_branch_operator_decorator.py
[2024-09-09T20:56:11.141+0530] {processor.py:914} INFO - Processing file /home/sst7260/airflow_projects/project1/env/lib/python3.10/site-packages/airflow/example_dags/example_branch_operator_decorator.py for tasks to queue
[2024-09-09T20:56:11.143+0530] {logging_mixin.py:190} INFO - [2024-09-09T20:56:11.143+0530] {dagbag.py:587} INFO - Filling up the DagBag from /home/sst7260/airflow_projects/project1/env/lib/python3.10/site-packages/airflow/example_dags/example_branch_operator_decorator.py
[2024-09-09T20:56:11.214+0530] {processor.py:927} WARNING - No viable dags retrieved from /home/sst7260/airflow_projects/project1/env/lib/python3.10/site-packages/airflow/example_dags/example_branch_operator_decorator.py
[2024-09-09T20:56:11.225+0530] {processor.py:208} INFO - Processing /home/sst7260/airflow_projects/project1/env/lib/python3.10/site-packages/airflow/example_dags/example_branch_operator_decorator.py took 0.092 seconds
[2024-09-09T20:57:04.953+0530] {processor.py:186} INFO - Started process (PID=130429) to work on /home/sst7260/airflow_projects/project1/env/lib/python3.10/site-packages/airflow/example_dags/example_branch_operator_decorator.py
[2024-09-09T20:57:04.958+0530] {processor.py:914} INFO - Processing file /home/sst7260/airflow_projects/project1/env/lib/python3.10/site-packages/airflow/example_dags/example_branch_operator_decorator.py for tasks to queue
[2024-09-09T20:57:04.959+0530] {logging_mixin.py:190} INFO - [2024-09-09T20:57:04.959+0530] {dagbag.py:587} INFO - Filling up the DagBag from /home/sst7260/airflow_projects/project1/env/lib/python3.10/site-packages/airflow/example_dags/example_branch_operator_decorator.py
[2024-09-09T20:57:05.037+0530] {processor.py:927} WARNING - No viable dags retrieved from /home/sst7260/airflow_projects/project1/env/lib/python3.10/site-packages/airflow/example_dags/example_branch_operator_decorator.py
[2024-09-09T20:57:05.044+0530] {processor.py:208} INFO - Processing /home/sst7260/airflow_projects/project1/env/lib/python3.10/site-packages/airflow/example_dags/example_branch_operator_decorator.py took 0.095 seconds
[2024-09-09T20:58:00.024+0530] {processor.py:186} INFO - Started process (PID=130494) to work on /home/sst7260/airflow_projects/project1/env/lib/python3.10/site-packages/airflow/example_dags/example_branch_operator_decorator.py
[2024-09-09T20:58:00.026+0530] {processor.py:914} INFO - Processing file /home/sst7260/airflow_projects/project1/env/lib/python3.10/site-packages/airflow/example_dags/example_branch_operator_decorator.py for tasks to queue
[2024-09-09T20:58:00.027+0530] {logging_mixin.py:190} INFO - [2024-09-09T20:58:00.027+0530] {dagbag.py:587} INFO - Filling up the DagBag from /home/sst7260/airflow_projects/project1/env/lib/python3.10/site-packages/airflow/example_dags/example_branch_operator_decorator.py
[2024-09-09T20:58:00.107+0530] {processor.py:927} WARNING - No viable dags retrieved from /home/sst7260/airflow_projects/project1/env/lib/python3.10/site-packages/airflow/example_dags/example_branch_operator_decorator.py
[2024-09-09T20:58:00.115+0530] {processor.py:208} INFO - Processing /home/sst7260/airflow_projects/project1/env/lib/python3.10/site-packages/airflow/example_dags/example_branch_operator_decorator.py took 0.095 seconds
[2024-09-09T20:58:54.083+0530] {processor.py:186} INFO - Started process (PID=130590) to work on /home/sst7260/airflow_projects/project1/env/lib/python3.10/site-packages/airflow/example_dags/example_branch_operator_decorator.py
[2024-09-09T20:58:54.085+0530] {processor.py:914} INFO - Processing file /home/sst7260/airflow_projects/project1/env/lib/python3.10/site-packages/airflow/example_dags/example_branch_operator_decorator.py for tasks to queue
[2024-09-09T20:58:54.086+0530] {logging_mixin.py:190} INFO - [2024-09-09T20:58:54.086+0530] {dagbag.py:587} INFO - Filling up the DagBag from /home/sst7260/airflow_projects/project1/env/lib/python3.10/site-packages/airflow/example_dags/example_branch_operator_decorator.py
[2024-09-09T20:58:54.160+0530] {processor.py:927} WARNING - No viable dags retrieved from /home/sst7260/airflow_projects/project1/env/lib/python3.10/site-packages/airflow/example_dags/example_branch_operator_decorator.py
[2024-09-09T20:58:54.169+0530] {processor.py:208} INFO - Processing /home/sst7260/airflow_projects/project1/env/lib/python3.10/site-packages/airflow/example_dags/example_branch_operator_decorator.py took 0.092 seconds
[2024-09-09T20:59:50.869+0530] {processor.py:186} INFO - Started process (PID=130810) to work on /home/sst7260/airflow_projects/project1/env/lib/python3.10/site-packages/airflow/example_dags/example_branch_operator_decorator.py
[2024-09-09T20:59:50.871+0530] {processor.py:914} INFO - Processing file /home/sst7260/airflow_projects/project1/env/lib/python3.10/site-packages/airflow/example_dags/example_branch_operator_decorator.py for tasks to queue
[2024-09-09T20:59:50.874+0530] {logging_mixin.py:190} INFO - [2024-09-09T20:59:50.874+0530] {dagbag.py:587} INFO - Filling up the DagBag from /home/sst7260/airflow_projects/project1/env/lib/python3.10/site-packages/airflow/example_dags/example_branch_operator_decorator.py
[2024-09-09T20:59:50.947+0530] {processor.py:927} WARNING - No viable dags retrieved from /home/sst7260/airflow_projects/project1/env/lib/python3.10/site-packages/airflow/example_dags/example_branch_operator_decorator.py
[2024-09-09T20:59:50.965+0530] {processor.py:208} INFO - Processing /home/sst7260/airflow_projects/project1/env/lib/python3.10/site-packages/airflow/example_dags/example_branch_operator_decorator.py took 0.105 seconds
[2024-09-09T21:00:52.113+0530] {processor.py:186} INFO - Started process (PID=131134) to work on /home/sst7260/airflow_projects/project1/env/lib/python3.10/site-packages/airflow/example_dags/example_branch_operator_decorator.py
[2024-09-09T21:00:52.115+0530] {processor.py:914} INFO - Processing file /home/sst7260/airflow_projects/project1/env/lib/python3.10/site-packages/airflow/example_dags/example_branch_operator_decorator.py for tasks to queue
[2024-09-09T21:00:52.116+0530] {logging_mixin.py:190} INFO - [2024-09-09T21:00:52.115+0530] {dagbag.py:587} INFO - Filling up the DagBag from /home/sst7260/airflow_projects/project1/env/lib/python3.10/site-packages/airflow/example_dags/example_branch_operator_decorator.py
[2024-09-09T21:00:52.188+0530] {processor.py:927} WARNING - No viable dags retrieved from /home/sst7260/airflow_projects/project1/env/lib/python3.10/site-packages/airflow/example_dags/example_branch_operator_decorator.py
[2024-09-09T21:00:52.195+0530] {processor.py:208} INFO - Processing /home/sst7260/airflow_projects/project1/env/lib/python3.10/site-packages/airflow/example_dags/example_branch_operator_decorator.py took 0.087 seconds
[2024-09-09T21:01:56.287+0530] {processor.py:186} INFO - Started process (PID=131280) to work on /home/sst7260/airflow_projects/project1/env/lib/python3.10/site-packages/airflow/example_dags/example_branch_operator_decorator.py
[2024-09-09T21:01:56.289+0530] {processor.py:914} INFO - Processing file /home/sst7260/airflow_projects/project1/env/lib/python3.10/site-packages/airflow/example_dags/example_branch_operator_decorator.py for tasks to queue
[2024-09-09T21:01:56.290+0530] {logging_mixin.py:190} INFO - [2024-09-09T21:01:56.289+0530] {dagbag.py:587} INFO - Filling up the DagBag from /home/sst7260/airflow_projects/project1/env/lib/python3.10/site-packages/airflow/example_dags/example_branch_operator_decorator.py
[2024-09-09T21:01:56.347+0530] {processor.py:927} WARNING - No viable dags retrieved from /home/sst7260/airflow_projects/project1/env/lib/python3.10/site-packages/airflow/example_dags/example_branch_operator_decorator.py
[2024-09-09T21:01:56.354+0530] {processor.py:208} INFO - Processing /home/sst7260/airflow_projects/project1/env/lib/python3.10/site-packages/airflow/example_dags/example_branch_operator_decorator.py took 0.071 seconds
[2024-09-09T21:02:49.457+0530] {processor.py:186} INFO - Started process (PID=131470) to work on /home/sst7260/airflow_projects/project1/env/lib/python3.10/site-packages/airflow/example_dags/example_branch_operator_decorator.py
[2024-09-09T21:02:49.458+0530] {processor.py:914} INFO - Processing file /home/sst7260/airflow_projects/project1/env/lib/python3.10/site-packages/airflow/example_dags/example_branch_operator_decorator.py for tasks to queue
[2024-09-09T21:02:49.459+0530] {logging_mixin.py:190} INFO - [2024-09-09T21:02:49.459+0530] {dagbag.py:587} INFO - Filling up the DagBag from /home/sst7260/airflow_projects/project1/env/lib/python3.10/site-packages/airflow/example_dags/example_branch_operator_decorator.py
[2024-09-09T21:02:49.516+0530] {processor.py:927} WARNING - No viable dags retrieved from /home/sst7260/airflow_projects/project1/env/lib/python3.10/site-packages/airflow/example_dags/example_branch_operator_decorator.py
[2024-09-09T21:02:49.524+0530] {processor.py:208} INFO - Processing /home/sst7260/airflow_projects/project1/env/lib/python3.10/site-packages/airflow/example_dags/example_branch_operator_decorator.py took 0.072 seconds
[2024-09-09T21:03:44.892+0530] {processor.py:186} INFO - Started process (PID=131532) to work on /home/sst7260/airflow_projects/project1/env/lib/python3.10/site-packages/airflow/example_dags/example_branch_operator_decorator.py
[2024-09-09T21:03:44.902+0530] {processor.py:914} INFO - Processing file /home/sst7260/airflow_projects/project1/env/lib/python3.10/site-packages/airflow/example_dags/example_branch_operator_decorator.py for tasks to queue
[2024-09-09T21:03:44.903+0530] {logging_mixin.py:190} INFO - [2024-09-09T21:03:44.903+0530] {dagbag.py:587} INFO - Filling up the DagBag from /home/sst7260/airflow_projects/project1/env/lib/python3.10/site-packages/airflow/example_dags/example_branch_operator_decorator.py
[2024-09-09T21:03:44.960+0530] {processor.py:927} WARNING - No viable dags retrieved from /home/sst7260/airflow_projects/project1/env/lib/python3.10/site-packages/airflow/example_dags/example_branch_operator_decorator.py
[2024-09-09T21:03:44.968+0530] {processor.py:208} INFO - Processing /home/sst7260/airflow_projects/project1/env/lib/python3.10/site-packages/airflow/example_dags/example_branch_operator_decorator.py took 0.081 seconds
[2024-09-09T21:04:41.135+0530] {processor.py:186} INFO - Started process (PID=131630) to work on /home/sst7260/airflow_projects/project1/env/lib/python3.10/site-packages/airflow/example_dags/example_branch_operator_decorator.py
[2024-09-09T21:04:41.137+0530] {processor.py:914} INFO - Processing file /home/sst7260/airflow_projects/project1/env/lib/python3.10/site-packages/airflow/example_dags/example_branch_operator_decorator.py for tasks to queue
[2024-09-09T21:04:41.138+0530] {logging_mixin.py:190} INFO - [2024-09-09T21:04:41.137+0530] {dagbag.py:587} INFO - Filling up the DagBag from /home/sst7260/airflow_projects/project1/env/lib/python3.10/site-packages/airflow/example_dags/example_branch_operator_decorator.py
[2024-09-09T21:04:41.213+0530] {processor.py:927} WARNING - No viable dags retrieved from /home/sst7260/airflow_projects/project1/env/lib/python3.10/site-packages/airflow/example_dags/example_branch_operator_decorator.py
[2024-09-09T21:04:41.223+0530] {processor.py:208} INFO - Processing /home/sst7260/airflow_projects/project1/env/lib/python3.10/site-packages/airflow/example_dags/example_branch_operator_decorator.py took 0.094 seconds
[2024-09-09T21:05:38.307+0530] {processor.py:186} INFO - Started process (PID=131857) to work on /home/sst7260/airflow_projects/project1/env/lib/python3.10/site-packages/airflow/example_dags/example_branch_operator_decorator.py
[2024-09-09T21:05:38.311+0530] {processor.py:914} INFO - Processing file /home/sst7260/airflow_projects/project1/env/lib/python3.10/site-packages/airflow/example_dags/example_branch_operator_decorator.py for tasks to queue
[2024-09-09T21:05:38.312+0530] {logging_mixin.py:190} INFO - [2024-09-09T21:05:38.311+0530] {dagbag.py:587} INFO - Filling up the DagBag from /home/sst7260/airflow_projects/project1/env/lib/python3.10/site-packages/airflow/example_dags/example_branch_operator_decorator.py
[2024-09-09T21:05:38.373+0530] {processor.py:927} WARNING - No viable dags retrieved from /home/sst7260/airflow_projects/project1/env/lib/python3.10/site-packages/airflow/example_dags/example_branch_operator_decorator.py
[2024-09-09T21:05:38.380+0530] {processor.py:208} INFO - Processing /home/sst7260/airflow_projects/project1/env/lib/python3.10/site-packages/airflow/example_dags/example_branch_operator_decorator.py took 0.077 seconds
[2024-09-09T21:06:33.122+0530] {processor.py:186} INFO - Started process (PID=131923) to work on /home/sst7260/airflow_projects/project1/env/lib/python3.10/site-packages/airflow/example_dags/example_branch_operator_decorator.py
[2024-09-09T21:06:33.124+0530] {processor.py:914} INFO - Processing file /home/sst7260/airflow_projects/project1/env/lib/python3.10/site-packages/airflow/example_dags/example_branch_operator_decorator.py for tasks to queue
[2024-09-09T21:06:33.125+0530] {logging_mixin.py:190} INFO - [2024-09-09T21:06:33.125+0530] {dagbag.py:587} INFO - Filling up the DagBag from /home/sst7260/airflow_projects/project1/env/lib/python3.10/site-packages/airflow/example_dags/example_branch_operator_decorator.py
[2024-09-09T21:06:33.193+0530] {processor.py:927} WARNING - No viable dags retrieved from /home/sst7260/airflow_projects/project1/env/lib/python3.10/site-packages/airflow/example_dags/example_branch_operator_decorator.py
[2024-09-09T21:06:33.201+0530] {processor.py:208} INFO - Processing /home/sst7260/airflow_projects/project1/env/lib/python3.10/site-packages/airflow/example_dags/example_branch_operator_decorator.py took 0.084 seconds
[2024-09-09T21:07:27.525+0530] {processor.py:186} INFO - Started process (PID=131988) to work on /home/sst7260/airflow_projects/project1/env/lib/python3.10/site-packages/airflow/example_dags/example_branch_operator_decorator.py
[2024-09-09T21:07:27.527+0530] {processor.py:914} INFO - Processing file /home/sst7260/airflow_projects/project1/env/lib/python3.10/site-packages/airflow/example_dags/example_branch_operator_decorator.py for tasks to queue
[2024-09-09T21:07:27.528+0530] {logging_mixin.py:190} INFO - [2024-09-09T21:07:27.527+0530] {dagbag.py:587} INFO - Filling up the DagBag from /home/sst7260/airflow_projects/project1/env/lib/python3.10/site-packages/airflow/example_dags/example_branch_operator_decorator.py
[2024-09-09T21:07:27.594+0530] {processor.py:927} WARNING - No viable dags retrieved from /home/sst7260/airflow_projects/project1/env/lib/python3.10/site-packages/airflow/example_dags/example_branch_operator_decorator.py
[2024-09-09T21:07:27.601+0530] {processor.py:208} INFO - Processing /home/sst7260/airflow_projects/project1/env/lib/python3.10/site-packages/airflow/example_dags/example_branch_operator_decorator.py took 0.080 seconds
[2024-09-09T21:08:20.407+0530] {processor.py:186} INFO - Started process (PID=132051) to work on /home/sst7260/airflow_projects/project1/env/lib/python3.10/site-packages/airflow/example_dags/example_branch_operator_decorator.py
[2024-09-09T21:08:20.416+0530] {processor.py:914} INFO - Processing file /home/sst7260/airflow_projects/project1/env/lib/python3.10/site-packages/airflow/example_dags/example_branch_operator_decorator.py for tasks to queue
[2024-09-09T21:08:20.417+0530] {logging_mixin.py:190} INFO - [2024-09-09T21:08:20.417+0530] {dagbag.py:587} INFO - Filling up the DagBag from /home/sst7260/airflow_projects/project1/env/lib/python3.10/site-packages/airflow/example_dags/example_branch_operator_decorator.py
[2024-09-09T21:08:20.473+0530] {processor.py:927} WARNING - No viable dags retrieved from /home/sst7260/airflow_projects/project1/env/lib/python3.10/site-packages/airflow/example_dags/example_branch_operator_decorator.py
[2024-09-09T21:08:20.480+0530] {processor.py:208} INFO - Processing /home/sst7260/airflow_projects/project1/env/lib/python3.10/site-packages/airflow/example_dags/example_branch_operator_decorator.py took 0.078 seconds
[2024-09-09T21:09:18.141+0530] {processor.py:186} INFO - Started process (PID=132116) to work on /home/sst7260/airflow_projects/project1/env/lib/python3.10/site-packages/airflow/example_dags/example_branch_operator_decorator.py
[2024-09-09T21:09:18.142+0530] {processor.py:914} INFO - Processing file /home/sst7260/airflow_projects/project1/env/lib/python3.10/site-packages/airflow/example_dags/example_branch_operator_decorator.py for tasks to queue
[2024-09-09T21:09:18.143+0530] {logging_mixin.py:190} INFO - [2024-09-09T21:09:18.143+0530] {dagbag.py:587} INFO - Filling up the DagBag from /home/sst7260/airflow_projects/project1/env/lib/python3.10/site-packages/airflow/example_dags/example_branch_operator_decorator.py
[2024-09-09T21:09:18.181+0530] {processor.py:927} WARNING - No viable dags retrieved from /home/sst7260/airflow_projects/project1/env/lib/python3.10/site-packages/airflow/example_dags/example_branch_operator_decorator.py
[2024-09-09T21:09:18.191+0530] {processor.py:208} INFO - Processing /home/sst7260/airflow_projects/project1/env/lib/python3.10/site-packages/airflow/example_dags/example_branch_operator_decorator.py took 0.054 seconds
[2024-09-09T21:10:11.478+0530] {processor.py:186} INFO - Started process (PID=132181) to work on /home/sst7260/airflow_projects/project1/env/lib/python3.10/site-packages/airflow/example_dags/example_branch_operator_decorator.py
[2024-09-09T21:10:11.480+0530] {processor.py:914} INFO - Processing file /home/sst7260/airflow_projects/project1/env/lib/python3.10/site-packages/airflow/example_dags/example_branch_operator_decorator.py for tasks to queue
[2024-09-09T21:10:11.481+0530] {logging_mixin.py:190} INFO - [2024-09-09T21:10:11.481+0530] {dagbag.py:587} INFO - Filling up the DagBag from /home/sst7260/airflow_projects/project1/env/lib/python3.10/site-packages/airflow/example_dags/example_branch_operator_decorator.py
[2024-09-09T21:10:11.531+0530] {processor.py:927} WARNING - No viable dags retrieved from /home/sst7260/airflow_projects/project1/env/lib/python3.10/site-packages/airflow/example_dags/example_branch_operator_decorator.py
[2024-09-09T21:10:11.538+0530] {processor.py:208} INFO - Processing /home/sst7260/airflow_projects/project1/env/lib/python3.10/site-packages/airflow/example_dags/example_branch_operator_decorator.py took 0.064 seconds
[2024-09-09T21:11:02.875+0530] {processor.py:186} INFO - Started process (PID=132276) to work on /home/sst7260/airflow_projects/project1/env/lib/python3.10/site-packages/airflow/example_dags/example_branch_operator_decorator.py
[2024-09-09T21:11:02.876+0530] {processor.py:914} INFO - Processing file /home/sst7260/airflow_projects/project1/env/lib/python3.10/site-packages/airflow/example_dags/example_branch_operator_decorator.py for tasks to queue
[2024-09-09T21:11:02.878+0530] {logging_mixin.py:190} INFO - [2024-09-09T21:11:02.877+0530] {dagbag.py:587} INFO - Filling up the DagBag from /home/sst7260/airflow_projects/project1/env/lib/python3.10/site-packages/airflow/example_dags/example_branch_operator_decorator.py
[2024-09-09T21:11:02.925+0530] {processor.py:927} WARNING - No viable dags retrieved from /home/sst7260/airflow_projects/project1/env/lib/python3.10/site-packages/airflow/example_dags/example_branch_operator_decorator.py
[2024-09-09T21:11:02.932+0530] {processor.py:208} INFO - Processing /home/sst7260/airflow_projects/project1/env/lib/python3.10/site-packages/airflow/example_dags/example_branch_operator_decorator.py took 0.065 seconds
[2024-09-09T21:11:56.603+0530] {processor.py:186} INFO - Started process (PID=132338) to work on /home/sst7260/airflow_projects/project1/env/lib/python3.10/site-packages/airflow/example_dags/example_branch_operator_decorator.py
[2024-09-09T21:11:56.605+0530] {processor.py:914} INFO - Processing file /home/sst7260/airflow_projects/project1/env/lib/python3.10/site-packages/airflow/example_dags/example_branch_operator_decorator.py for tasks to queue
[2024-09-09T21:11:56.606+0530] {logging_mixin.py:190} INFO - [2024-09-09T21:11:56.606+0530] {dagbag.py:587} INFO - Filling up the DagBag from /home/sst7260/airflow_projects/project1/env/lib/python3.10/site-packages/airflow/example_dags/example_branch_operator_decorator.py
[2024-09-09T21:11:56.680+0530] {processor.py:927} WARNING - No viable dags retrieved from /home/sst7260/airflow_projects/project1/env/lib/python3.10/site-packages/airflow/example_dags/example_branch_operator_decorator.py
[2024-09-09T21:11:56.690+0530] {processor.py:208} INFO - Processing /home/sst7260/airflow_projects/project1/env/lib/python3.10/site-packages/airflow/example_dags/example_branch_operator_decorator.py took 0.092 seconds
[2024-09-09T21:12:49.832+0530] {processor.py:186} INFO - Started process (PID=132401) to work on /home/sst7260/airflow_projects/project1/env/lib/python3.10/site-packages/airflow/example_dags/example_branch_operator_decorator.py
[2024-09-09T21:12:49.833+0530] {processor.py:914} INFO - Processing file /home/sst7260/airflow_projects/project1/env/lib/python3.10/site-packages/airflow/example_dags/example_branch_operator_decorator.py for tasks to queue
[2024-09-09T21:12:49.834+0530] {logging_mixin.py:190} INFO - [2024-09-09T21:12:49.834+0530] {dagbag.py:587} INFO - Filling up the DagBag from /home/sst7260/airflow_projects/project1/env/lib/python3.10/site-packages/airflow/example_dags/example_branch_operator_decorator.py
[2024-09-09T21:12:49.897+0530] {processor.py:927} WARNING - No viable dags retrieved from /home/sst7260/airflow_projects/project1/env/lib/python3.10/site-packages/airflow/example_dags/example_branch_operator_decorator.py
[2024-09-09T21:12:49.904+0530] {processor.py:208} INFO - Processing /home/sst7260/airflow_projects/project1/env/lib/python3.10/site-packages/airflow/example_dags/example_branch_operator_decorator.py took 0.076 seconds
[2024-09-09T21:13:46.030+0530] {processor.py:186} INFO - Started process (PID=132467) to work on /home/sst7260/airflow_projects/project1/env/lib/python3.10/site-packages/airflow/example_dags/example_branch_operator_decorator.py
[2024-09-09T21:13:46.040+0530] {processor.py:914} INFO - Processing file /home/sst7260/airflow_projects/project1/env/lib/python3.10/site-packages/airflow/example_dags/example_branch_operator_decorator.py for tasks to queue
[2024-09-09T21:13:46.042+0530] {logging_mixin.py:190} INFO - [2024-09-09T21:13:46.041+0530] {dagbag.py:587} INFO - Filling up the DagBag from /home/sst7260/airflow_projects/project1/env/lib/python3.10/site-packages/airflow/example_dags/example_branch_operator_decorator.py
[2024-09-09T21:13:46.113+0530] {processor.py:927} WARNING - No viable dags retrieved from /home/sst7260/airflow_projects/project1/env/lib/python3.10/site-packages/airflow/example_dags/example_branch_operator_decorator.py
[2024-09-09T21:13:46.119+0530] {processor.py:208} INFO - Processing /home/sst7260/airflow_projects/project1/env/lib/python3.10/site-packages/airflow/example_dags/example_branch_operator_decorator.py took 0.094 seconds
[2024-09-09T21:14:44.322+0530] {processor.py:186} INFO - Started process (PID=132532) to work on /home/sst7260/airflow_projects/project1/env/lib/python3.10/site-packages/airflow/example_dags/example_branch_operator_decorator.py
[2024-09-09T21:14:44.325+0530] {processor.py:914} INFO - Processing file /home/sst7260/airflow_projects/project1/env/lib/python3.10/site-packages/airflow/example_dags/example_branch_operator_decorator.py for tasks to queue
[2024-09-09T21:14:44.326+0530] {logging_mixin.py:190} INFO - [2024-09-09T21:14:44.326+0530] {dagbag.py:587} INFO - Filling up the DagBag from /home/sst7260/airflow_projects/project1/env/lib/python3.10/site-packages/airflow/example_dags/example_branch_operator_decorator.py
[2024-09-09T21:14:44.355+0530] {processor.py:927} WARNING - No viable dags retrieved from /home/sst7260/airflow_projects/project1/env/lib/python3.10/site-packages/airflow/example_dags/example_branch_operator_decorator.py
[2024-09-09T21:14:44.363+0530] {processor.py:208} INFO - Processing /home/sst7260/airflow_projects/project1/env/lib/python3.10/site-packages/airflow/example_dags/example_branch_operator_decorator.py took 0.049 seconds
[2024-09-09T21:15:42.205+0530] {processor.py:186} INFO - Started process (PID=132696) to work on /home/sst7260/airflow_projects/project1/env/lib/python3.10/site-packages/airflow/example_dags/example_branch_operator_decorator.py
[2024-09-09T21:15:42.215+0530] {processor.py:914} INFO - Processing file /home/sst7260/airflow_projects/project1/env/lib/python3.10/site-packages/airflow/example_dags/example_branch_operator_decorator.py for tasks to queue
[2024-09-09T21:15:42.216+0530] {logging_mixin.py:190} INFO - [2024-09-09T21:15:42.216+0530] {dagbag.py:587} INFO - Filling up the DagBag from /home/sst7260/airflow_projects/project1/env/lib/python3.10/site-packages/airflow/example_dags/example_branch_operator_decorator.py
[2024-09-09T21:15:42.277+0530] {processor.py:927} WARNING - No viable dags retrieved from /home/sst7260/airflow_projects/project1/env/lib/python3.10/site-packages/airflow/example_dags/example_branch_operator_decorator.py
[2024-09-09T21:15:42.285+0530] {processor.py:208} INFO - Processing /home/sst7260/airflow_projects/project1/env/lib/python3.10/site-packages/airflow/example_dags/example_branch_operator_decorator.py took 0.085 seconds
[2024-09-09T21:16:37.627+0530] {processor.py:186} INFO - Started process (PID=132763) to work on /home/sst7260/airflow_projects/project1/env/lib/python3.10/site-packages/airflow/example_dags/example_branch_operator_decorator.py
[2024-09-09T21:16:37.636+0530] {processor.py:914} INFO - Processing file /home/sst7260/airflow_projects/project1/env/lib/python3.10/site-packages/airflow/example_dags/example_branch_operator_decorator.py for tasks to queue
[2024-09-09T21:16:37.637+0530] {logging_mixin.py:190} INFO - [2024-09-09T21:16:37.637+0530] {dagbag.py:587} INFO - Filling up the DagBag from /home/sst7260/airflow_projects/project1/env/lib/python3.10/site-packages/airflow/example_dags/example_branch_operator_decorator.py
[2024-09-09T21:16:37.706+0530] {processor.py:927} WARNING - No viable dags retrieved from /home/sst7260/airflow_projects/project1/env/lib/python3.10/site-packages/airflow/example_dags/example_branch_operator_decorator.py
[2024-09-09T21:16:37.714+0530] {processor.py:208} INFO - Processing /home/sst7260/airflow_projects/project1/env/lib/python3.10/site-packages/airflow/example_dags/example_branch_operator_decorator.py took 0.091 seconds
[2024-09-09T21:17:32.535+0530] {processor.py:186} INFO - Started process (PID=132831) to work on /home/sst7260/airflow_projects/project1/env/lib/python3.10/site-packages/airflow/example_dags/example_branch_operator_decorator.py
[2024-09-09T21:17:32.545+0530] {processor.py:914} INFO - Processing file /home/sst7260/airflow_projects/project1/env/lib/python3.10/site-packages/airflow/example_dags/example_branch_operator_decorator.py for tasks to queue
[2024-09-09T21:17:32.546+0530] {logging_mixin.py:190} INFO - [2024-09-09T21:17:32.546+0530] {dagbag.py:587} INFO - Filling up the DagBag from /home/sst7260/airflow_projects/project1/env/lib/python3.10/site-packages/airflow/example_dags/example_branch_operator_decorator.py
[2024-09-09T21:17:32.616+0530] {processor.py:927} WARNING - No viable dags retrieved from /home/sst7260/airflow_projects/project1/env/lib/python3.10/site-packages/airflow/example_dags/example_branch_operator_decorator.py
[2024-09-09T21:17:32.623+0530] {processor.py:208} INFO - Processing /home/sst7260/airflow_projects/project1/env/lib/python3.10/site-packages/airflow/example_dags/example_branch_operator_decorator.py took 0.091 seconds
[2024-09-09T21:18:27.206+0530] {processor.py:186} INFO - Started process (PID=132894) to work on /home/sst7260/airflow_projects/project1/env/lib/python3.10/site-packages/airflow/example_dags/example_branch_operator_decorator.py
[2024-09-09T21:18:27.208+0530] {processor.py:914} INFO - Processing file /home/sst7260/airflow_projects/project1/env/lib/python3.10/site-packages/airflow/example_dags/example_branch_operator_decorator.py for tasks to queue
[2024-09-09T21:18:27.209+0530] {logging_mixin.py:190} INFO - [2024-09-09T21:18:27.208+0530] {dagbag.py:587} INFO - Filling up the DagBag from /home/sst7260/airflow_projects/project1/env/lib/python3.10/site-packages/airflow/example_dags/example_branch_operator_decorator.py
[2024-09-09T21:18:27.278+0530] {processor.py:927} WARNING - No viable dags retrieved from /home/sst7260/airflow_projects/project1/env/lib/python3.10/site-packages/airflow/example_dags/example_branch_operator_decorator.py
[2024-09-09T21:18:27.286+0530] {processor.py:208} INFO - Processing /home/sst7260/airflow_projects/project1/env/lib/python3.10/site-packages/airflow/example_dags/example_branch_operator_decorator.py took 0.083 seconds
[2024-09-09T21:19:25.072+0530] {processor.py:186} INFO - Started process (PID=132960) to work on /home/sst7260/airflow_projects/project1/env/lib/python3.10/site-packages/airflow/example_dags/example_branch_operator_decorator.py
[2024-09-09T21:19:25.075+0530] {processor.py:914} INFO - Processing file /home/sst7260/airflow_projects/project1/env/lib/python3.10/site-packages/airflow/example_dags/example_branch_operator_decorator.py for tasks to queue
[2024-09-09T21:19:25.076+0530] {logging_mixin.py:190} INFO - [2024-09-09T21:19:25.075+0530] {dagbag.py:587} INFO - Filling up the DagBag from /home/sst7260/airflow_projects/project1/env/lib/python3.10/site-packages/airflow/example_dags/example_branch_operator_decorator.py
[2024-09-09T21:19:25.158+0530] {processor.py:927} WARNING - No viable dags retrieved from /home/sst7260/airflow_projects/project1/env/lib/python3.10/site-packages/airflow/example_dags/example_branch_operator_decorator.py
[2024-09-09T21:19:25.165+0530] {processor.py:208} INFO - Processing /home/sst7260/airflow_projects/project1/env/lib/python3.10/site-packages/airflow/example_dags/example_branch_operator_decorator.py took 0.098 seconds
[2024-09-09T21:20:17.249+0530] {processor.py:186} INFO - Started process (PID=133021) to work on /home/sst7260/airflow_projects/project1/env/lib/python3.10/site-packages/airflow/example_dags/example_branch_operator_decorator.py
[2024-09-09T21:20:17.258+0530] {processor.py:914} INFO - Processing file /home/sst7260/airflow_projects/project1/env/lib/python3.10/site-packages/airflow/example_dags/example_branch_operator_decorator.py for tasks to queue
[2024-09-09T21:20:17.259+0530] {logging_mixin.py:190} INFO - [2024-09-09T21:20:17.259+0530] {dagbag.py:587} INFO - Filling up the DagBag from /home/sst7260/airflow_projects/project1/env/lib/python3.10/site-packages/airflow/example_dags/example_branch_operator_decorator.py
[2024-09-09T21:20:17.326+0530] {processor.py:927} WARNING - No viable dags retrieved from /home/sst7260/airflow_projects/project1/env/lib/python3.10/site-packages/airflow/example_dags/example_branch_operator_decorator.py
[2024-09-09T21:20:17.334+0530] {processor.py:208} INFO - Processing /home/sst7260/airflow_projects/project1/env/lib/python3.10/site-packages/airflow/example_dags/example_branch_operator_decorator.py took 0.089 seconds
[2024-09-09T21:21:14.513+0530] {processor.py:186} INFO - Started process (PID=133184) to work on /home/sst7260/airflow_projects/project1/env/lib/python3.10/site-packages/airflow/example_dags/example_branch_operator_decorator.py
[2024-09-09T21:21:14.515+0530] {processor.py:914} INFO - Processing file /home/sst7260/airflow_projects/project1/env/lib/python3.10/site-packages/airflow/example_dags/example_branch_operator_decorator.py for tasks to queue
[2024-09-09T21:21:14.516+0530] {logging_mixin.py:190} INFO - [2024-09-09T21:21:14.515+0530] {dagbag.py:587} INFO - Filling up the DagBag from /home/sst7260/airflow_projects/project1/env/lib/python3.10/site-packages/airflow/example_dags/example_branch_operator_decorator.py
[2024-09-09T21:21:14.587+0530] {processor.py:927} WARNING - No viable dags retrieved from /home/sst7260/airflow_projects/project1/env/lib/python3.10/site-packages/airflow/example_dags/example_branch_operator_decorator.py
[2024-09-09T21:21:14.594+0530] {processor.py:208} INFO - Processing /home/sst7260/airflow_projects/project1/env/lib/python3.10/site-packages/airflow/example_dags/example_branch_operator_decorator.py took 0.086 seconds
[2024-09-09T21:22:07.868+0530] {processor.py:186} INFO - Started process (PID=133249) to work on /home/sst7260/airflow_projects/project1/env/lib/python3.10/site-packages/airflow/example_dags/example_branch_operator_decorator.py
[2024-09-09T21:22:07.871+0530] {processor.py:914} INFO - Processing file /home/sst7260/airflow_projects/project1/env/lib/python3.10/site-packages/airflow/example_dags/example_branch_operator_decorator.py for tasks to queue
[2024-09-09T21:22:07.872+0530] {logging_mixin.py:190} INFO - [2024-09-09T21:22:07.872+0530] {dagbag.py:587} INFO - Filling up the DagBag from /home/sst7260/airflow_projects/project1/env/lib/python3.10/site-packages/airflow/example_dags/example_branch_operator_decorator.py
[2024-09-09T21:22:07.928+0530] {processor.py:927} WARNING - No viable dags retrieved from /home/sst7260/airflow_projects/project1/env/lib/python3.10/site-packages/airflow/example_dags/example_branch_operator_decorator.py
[2024-09-09T21:22:07.935+0530] {processor.py:208} INFO - Processing /home/sst7260/airflow_projects/project1/env/lib/python3.10/site-packages/airflow/example_dags/example_branch_operator_decorator.py took 0.071 seconds
[2024-09-09T21:23:00.427+0530] {processor.py:186} INFO - Started process (PID=133311) to work on /home/sst7260/airflow_projects/project1/env/lib/python3.10/site-packages/airflow/example_dags/example_branch_operator_decorator.py
[2024-09-09T21:23:00.431+0530] {processor.py:914} INFO - Processing file /home/sst7260/airflow_projects/project1/env/lib/python3.10/site-packages/airflow/example_dags/example_branch_operator_decorator.py for tasks to queue
[2024-09-09T21:23:00.432+0530] {logging_mixin.py:190} INFO - [2024-09-09T21:23:00.432+0530] {dagbag.py:587} INFO - Filling up the DagBag from /home/sst7260/airflow_projects/project1/env/lib/python3.10/site-packages/airflow/example_dags/example_branch_operator_decorator.py
[2024-09-09T21:23:00.502+0530] {processor.py:927} WARNING - No viable dags retrieved from /home/sst7260/airflow_projects/project1/env/lib/python3.10/site-packages/airflow/example_dags/example_branch_operator_decorator.py
[2024-09-09T21:23:00.509+0530] {processor.py:208} INFO - Processing /home/sst7260/airflow_projects/project1/env/lib/python3.10/site-packages/airflow/example_dags/example_branch_operator_decorator.py took 0.088 seconds
[2024-09-09T21:23:55.387+0530] {processor.py:186} INFO - Started process (PID=133375) to work on /home/sst7260/airflow_projects/project1/env/lib/python3.10/site-packages/airflow/example_dags/example_branch_operator_decorator.py
[2024-09-09T21:23:55.392+0530] {processor.py:914} INFO - Processing file /home/sst7260/airflow_projects/project1/env/lib/python3.10/site-packages/airflow/example_dags/example_branch_operator_decorator.py for tasks to queue
[2024-09-09T21:23:55.392+0530] {logging_mixin.py:190} INFO - [2024-09-09T21:23:55.392+0530] {dagbag.py:587} INFO - Filling up the DagBag from /home/sst7260/airflow_projects/project1/env/lib/python3.10/site-packages/airflow/example_dags/example_branch_operator_decorator.py
[2024-09-09T21:23:55.471+0530] {processor.py:927} WARNING - No viable dags retrieved from /home/sst7260/airflow_projects/project1/env/lib/python3.10/site-packages/airflow/example_dags/example_branch_operator_decorator.py
[2024-09-09T21:23:55.479+0530] {processor.py:208} INFO - Processing /home/sst7260/airflow_projects/project1/env/lib/python3.10/site-packages/airflow/example_dags/example_branch_operator_decorator.py took 0.096 seconds
[2024-09-09T21:24:53.737+0530] {processor.py:186} INFO - Started process (PID=133440) to work on /home/sst7260/airflow_projects/project1/env/lib/python3.10/site-packages/airflow/example_dags/example_branch_operator_decorator.py
[2024-09-09T21:24:53.739+0530] {processor.py:914} INFO - Processing file /home/sst7260/airflow_projects/project1/env/lib/python3.10/site-packages/airflow/example_dags/example_branch_operator_decorator.py for tasks to queue
[2024-09-09T21:24:53.740+0530] {logging_mixin.py:190} INFO - [2024-09-09T21:24:53.739+0530] {dagbag.py:587} INFO - Filling up the DagBag from /home/sst7260/airflow_projects/project1/env/lib/python3.10/site-packages/airflow/example_dags/example_branch_operator_decorator.py
[2024-09-09T21:24:53.786+0530] {processor.py:927} WARNING - No viable dags retrieved from /home/sst7260/airflow_projects/project1/env/lib/python3.10/site-packages/airflow/example_dags/example_branch_operator_decorator.py
[2024-09-09T21:24:53.794+0530] {processor.py:208} INFO - Processing /home/sst7260/airflow_projects/project1/env/lib/python3.10/site-packages/airflow/example_dags/example_branch_operator_decorator.py took 0.061 seconds
[2024-09-09T21:25:50.123+0530] {processor.py:186} INFO - Started process (PID=133602) to work on /home/sst7260/airflow_projects/project1/env/lib/python3.10/site-packages/airflow/example_dags/example_branch_operator_decorator.py
[2024-09-09T21:25:50.125+0530] {processor.py:914} INFO - Processing file /home/sst7260/airflow_projects/project1/env/lib/python3.10/site-packages/airflow/example_dags/example_branch_operator_decorator.py for tasks to queue
[2024-09-09T21:25:50.126+0530] {logging_mixin.py:190} INFO - [2024-09-09T21:25:50.126+0530] {dagbag.py:587} INFO - Filling up the DagBag from /home/sst7260/airflow_projects/project1/env/lib/python3.10/site-packages/airflow/example_dags/example_branch_operator_decorator.py
[2024-09-09T21:25:50.197+0530] {processor.py:927} WARNING - No viable dags retrieved from /home/sst7260/airflow_projects/project1/env/lib/python3.10/site-packages/airflow/example_dags/example_branch_operator_decorator.py
[2024-09-09T21:25:50.205+0530] {processor.py:208} INFO - Processing /home/sst7260/airflow_projects/project1/env/lib/python3.10/site-packages/airflow/example_dags/example_branch_operator_decorator.py took 0.086 seconds
[2024-09-09T21:26:46.812+0530] {processor.py:186} INFO - Started process (PID=133667) to work on /home/sst7260/airflow_projects/project1/env/lib/python3.10/site-packages/airflow/example_dags/example_branch_operator_decorator.py
[2024-09-09T21:26:46.813+0530] {processor.py:914} INFO - Processing file /home/sst7260/airflow_projects/project1/env/lib/python3.10/site-packages/airflow/example_dags/example_branch_operator_decorator.py for tasks to queue
[2024-09-09T21:26:46.814+0530] {logging_mixin.py:190} INFO - [2024-09-09T21:26:46.814+0530] {dagbag.py:587} INFO - Filling up the DagBag from /home/sst7260/airflow_projects/project1/env/lib/python3.10/site-packages/airflow/example_dags/example_branch_operator_decorator.py
[2024-09-09T21:26:46.873+0530] {processor.py:927} WARNING - No viable dags retrieved from /home/sst7260/airflow_projects/project1/env/lib/python3.10/site-packages/airflow/example_dags/example_branch_operator_decorator.py
[2024-09-09T21:26:46.880+0530] {processor.py:208} INFO - Processing /home/sst7260/airflow_projects/project1/env/lib/python3.10/site-packages/airflow/example_dags/example_branch_operator_decorator.py took 0.072 seconds
[2024-09-09T21:27:40.597+0530] {processor.py:186} INFO - Started process (PID=133792) to work on /home/sst7260/airflow_projects/project1/env/lib/python3.10/site-packages/airflow/example_dags/example_branch_operator_decorator.py
[2024-09-09T21:27:40.599+0530] {processor.py:914} INFO - Processing file /home/sst7260/airflow_projects/project1/env/lib/python3.10/site-packages/airflow/example_dags/example_branch_operator_decorator.py for tasks to queue
[2024-09-09T21:27:40.599+0530] {logging_mixin.py:190} INFO - [2024-09-09T21:27:40.599+0530] {dagbag.py:587} INFO - Filling up the DagBag from /home/sst7260/airflow_projects/project1/env/lib/python3.10/site-packages/airflow/example_dags/example_branch_operator_decorator.py
[2024-09-09T21:27:40.652+0530] {processor.py:927} WARNING - No viable dags retrieved from /home/sst7260/airflow_projects/project1/env/lib/python3.10/site-packages/airflow/example_dags/example_branch_operator_decorator.py
[2024-09-09T21:27:40.659+0530] {processor.py:208} INFO - Processing /home/sst7260/airflow_projects/project1/env/lib/python3.10/site-packages/airflow/example_dags/example_branch_operator_decorator.py took 0.067 seconds
[2024-09-09T21:28:36.005+0530] {processor.py:186} INFO - Started process (PID=133854) to work on /home/sst7260/airflow_projects/project1/env/lib/python3.10/site-packages/airflow/example_dags/example_branch_operator_decorator.py
[2024-09-09T21:28:36.007+0530] {processor.py:914} INFO - Processing file /home/sst7260/airflow_projects/project1/env/lib/python3.10/site-packages/airflow/example_dags/example_branch_operator_decorator.py for tasks to queue
[2024-09-09T21:28:36.008+0530] {logging_mixin.py:190} INFO - [2024-09-09T21:28:36.007+0530] {dagbag.py:587} INFO - Filling up the DagBag from /home/sst7260/airflow_projects/project1/env/lib/python3.10/site-packages/airflow/example_dags/example_branch_operator_decorator.py
[2024-09-09T21:28:36.055+0530] {processor.py:927} WARNING - No viable dags retrieved from /home/sst7260/airflow_projects/project1/env/lib/python3.10/site-packages/airflow/example_dags/example_branch_operator_decorator.py
[2024-09-09T21:28:36.063+0530] {processor.py:208} INFO - Processing /home/sst7260/airflow_projects/project1/env/lib/python3.10/site-packages/airflow/example_dags/example_branch_operator_decorator.py took 0.061 seconds
[2024-09-09T21:29:33.141+0530] {processor.py:186} INFO - Started process (PID=133920) to work on /home/sst7260/airflow_projects/project1/env/lib/python3.10/site-packages/airflow/example_dags/example_branch_operator_decorator.py
[2024-09-09T21:29:33.143+0530] {processor.py:914} INFO - Processing file /home/sst7260/airflow_projects/project1/env/lib/python3.10/site-packages/airflow/example_dags/example_branch_operator_decorator.py for tasks to queue
[2024-09-09T21:29:33.145+0530] {logging_mixin.py:190} INFO - [2024-09-09T21:29:33.144+0530] {dagbag.py:587} INFO - Filling up the DagBag from /home/sst7260/airflow_projects/project1/env/lib/python3.10/site-packages/airflow/example_dags/example_branch_operator_decorator.py
[2024-09-09T21:29:33.213+0530] {processor.py:927} WARNING - No viable dags retrieved from /home/sst7260/airflow_projects/project1/env/lib/python3.10/site-packages/airflow/example_dags/example_branch_operator_decorator.py
[2024-09-09T21:29:33.222+0530] {processor.py:208} INFO - Processing /home/sst7260/airflow_projects/project1/env/lib/python3.10/site-packages/airflow/example_dags/example_branch_operator_decorator.py took 0.085 seconds
[2024-09-09T21:30:26.055+0530] {processor.py:186} INFO - Started process (PID=133988) to work on /home/sst7260/airflow_projects/project1/env/lib/python3.10/site-packages/airflow/example_dags/example_branch_operator_decorator.py
[2024-09-09T21:30:26.056+0530] {processor.py:914} INFO - Processing file /home/sst7260/airflow_projects/project1/env/lib/python3.10/site-packages/airflow/example_dags/example_branch_operator_decorator.py for tasks to queue
[2024-09-09T21:30:26.058+0530] {logging_mixin.py:190} INFO - [2024-09-09T21:30:26.057+0530] {dagbag.py:587} INFO - Filling up the DagBag from /home/sst7260/airflow_projects/project1/env/lib/python3.10/site-packages/airflow/example_dags/example_branch_operator_decorator.py
[2024-09-09T21:30:26.121+0530] {processor.py:927} WARNING - No viable dags retrieved from /home/sst7260/airflow_projects/project1/env/lib/python3.10/site-packages/airflow/example_dags/example_branch_operator_decorator.py
[2024-09-09T21:30:26.128+0530] {processor.py:208} INFO - Processing /home/sst7260/airflow_projects/project1/env/lib/python3.10/site-packages/airflow/example_dags/example_branch_operator_decorator.py took 0.079 seconds
[2024-09-09T21:31:22.028+0530] {processor.py:186} INFO - Started process (PID=134081) to work on /home/sst7260/airflow_projects/project1/env/lib/python3.10/site-packages/airflow/example_dags/example_branch_operator_decorator.py
[2024-09-09T21:31:22.030+0530] {processor.py:914} INFO - Processing file /home/sst7260/airflow_projects/project1/env/lib/python3.10/site-packages/airflow/example_dags/example_branch_operator_decorator.py for tasks to queue
[2024-09-09T21:31:22.031+0530] {logging_mixin.py:190} INFO - [2024-09-09T21:31:22.031+0530] {dagbag.py:587} INFO - Filling up the DagBag from /home/sst7260/airflow_projects/project1/env/lib/python3.10/site-packages/airflow/example_dags/example_branch_operator_decorator.py
[2024-09-09T21:31:22.092+0530] {processor.py:927} WARNING - No viable dags retrieved from /home/sst7260/airflow_projects/project1/env/lib/python3.10/site-packages/airflow/example_dags/example_branch_operator_decorator.py
[2024-09-09T21:31:22.099+0530] {processor.py:208} INFO - Processing /home/sst7260/airflow_projects/project1/env/lib/python3.10/site-packages/airflow/example_dags/example_branch_operator_decorator.py took 0.076 seconds
[2024-09-09T21:32:15.412+0530] {processor.py:186} INFO - Started process (PID=134143) to work on /home/sst7260/airflow_projects/project1/env/lib/python3.10/site-packages/airflow/example_dags/example_branch_operator_decorator.py
[2024-09-09T21:32:15.414+0530] {processor.py:914} INFO - Processing file /home/sst7260/airflow_projects/project1/env/lib/python3.10/site-packages/airflow/example_dags/example_branch_operator_decorator.py for tasks to queue
[2024-09-09T21:32:15.416+0530] {logging_mixin.py:190} INFO - [2024-09-09T21:32:15.415+0530] {dagbag.py:587} INFO - Filling up the DagBag from /home/sst7260/airflow_projects/project1/env/lib/python3.10/site-packages/airflow/example_dags/example_branch_operator_decorator.py
[2024-09-09T21:32:15.484+0530] {processor.py:927} WARNING - No viable dags retrieved from /home/sst7260/airflow_projects/project1/env/lib/python3.10/site-packages/airflow/example_dags/example_branch_operator_decorator.py
[2024-09-09T21:32:15.491+0530] {processor.py:208} INFO - Processing /home/sst7260/airflow_projects/project1/env/lib/python3.10/site-packages/airflow/example_dags/example_branch_operator_decorator.py took 0.084 seconds
[2024-09-09T21:33:10.880+0530] {processor.py:186} INFO - Started process (PID=134207) to work on /home/sst7260/airflow_projects/project1/env/lib/python3.10/site-packages/airflow/example_dags/example_branch_operator_decorator.py
[2024-09-09T21:33:10.885+0530] {processor.py:914} INFO - Processing file /home/sst7260/airflow_projects/project1/env/lib/python3.10/site-packages/airflow/example_dags/example_branch_operator_decorator.py for tasks to queue
[2024-09-09T21:33:10.885+0530] {logging_mixin.py:190} INFO - [2024-09-09T21:33:10.885+0530] {dagbag.py:587} INFO - Filling up the DagBag from /home/sst7260/airflow_projects/project1/env/lib/python3.10/site-packages/airflow/example_dags/example_branch_operator_decorator.py
[2024-09-09T21:33:10.946+0530] {processor.py:927} WARNING - No viable dags retrieved from /home/sst7260/airflow_projects/project1/env/lib/python3.10/site-packages/airflow/example_dags/example_branch_operator_decorator.py
[2024-09-09T21:33:10.953+0530] {processor.py:208} INFO - Processing /home/sst7260/airflow_projects/project1/env/lib/python3.10/site-packages/airflow/example_dags/example_branch_operator_decorator.py took 0.077 seconds
[2024-09-09T21:34:06.398+0530] {processor.py:186} INFO - Started process (PID=134270) to work on /home/sst7260/airflow_projects/project1/env/lib/python3.10/site-packages/airflow/example_dags/example_branch_operator_decorator.py
[2024-09-09T21:34:06.401+0530] {processor.py:914} INFO - Processing file /home/sst7260/airflow_projects/project1/env/lib/python3.10/site-packages/airflow/example_dags/example_branch_operator_decorator.py for tasks to queue
[2024-09-09T21:34:06.402+0530] {logging_mixin.py:190} INFO - [2024-09-09T21:34:06.402+0530] {dagbag.py:587} INFO - Filling up the DagBag from /home/sst7260/airflow_projects/project1/env/lib/python3.10/site-packages/airflow/example_dags/example_branch_operator_decorator.py
[2024-09-09T21:34:06.468+0530] {processor.py:927} WARNING - No viable dags retrieved from /home/sst7260/airflow_projects/project1/env/lib/python3.10/site-packages/airflow/example_dags/example_branch_operator_decorator.py
[2024-09-09T21:34:06.475+0530] {processor.py:208} INFO - Processing /home/sst7260/airflow_projects/project1/env/lib/python3.10/site-packages/airflow/example_dags/example_branch_operator_decorator.py took 0.081 seconds
[2024-09-09T21:35:00.754+0530] {processor.py:186} INFO - Started process (PID=134333) to work on /home/sst7260/airflow_projects/project1/env/lib/python3.10/site-packages/airflow/example_dags/example_branch_operator_decorator.py
[2024-09-09T21:35:00.756+0530] {processor.py:914} INFO - Processing file /home/sst7260/airflow_projects/project1/env/lib/python3.10/site-packages/airflow/example_dags/example_branch_operator_decorator.py for tasks to queue
[2024-09-09T21:35:00.757+0530] {logging_mixin.py:190} INFO - [2024-09-09T21:35:00.756+0530] {dagbag.py:587} INFO - Filling up the DagBag from /home/sst7260/airflow_projects/project1/env/lib/python3.10/site-packages/airflow/example_dags/example_branch_operator_decorator.py
[2024-09-09T21:35:00.823+0530] {processor.py:927} WARNING - No viable dags retrieved from /home/sst7260/airflow_projects/project1/env/lib/python3.10/site-packages/airflow/example_dags/example_branch_operator_decorator.py
[2024-09-09T21:35:00.830+0530] {processor.py:208} INFO - Processing /home/sst7260/airflow_projects/project1/env/lib/python3.10/site-packages/airflow/example_dags/example_branch_operator_decorator.py took 0.081 seconds
[2024-09-09T21:35:55.664+0530] {processor.py:186} INFO - Started process (PID=134429) to work on /home/sst7260/airflow_projects/project1/env/lib/python3.10/site-packages/airflow/example_dags/example_branch_operator_decorator.py
[2024-09-09T21:35:55.666+0530] {processor.py:914} INFO - Processing file /home/sst7260/airflow_projects/project1/env/lib/python3.10/site-packages/airflow/example_dags/example_branch_operator_decorator.py for tasks to queue
[2024-09-09T21:35:55.666+0530] {logging_mixin.py:190} INFO - [2024-09-09T21:35:55.666+0530] {dagbag.py:587} INFO - Filling up the DagBag from /home/sst7260/airflow_projects/project1/env/lib/python3.10/site-packages/airflow/example_dags/example_branch_operator_decorator.py
[2024-09-09T21:35:55.746+0530] {processor.py:927} WARNING - No viable dags retrieved from /home/sst7260/airflow_projects/project1/env/lib/python3.10/site-packages/airflow/example_dags/example_branch_operator_decorator.py
[2024-09-09T21:35:55.753+0530] {processor.py:208} INFO - Processing /home/sst7260/airflow_projects/project1/env/lib/python3.10/site-packages/airflow/example_dags/example_branch_operator_decorator.py took 0.093 seconds
[2024-09-09T21:36:50.430+0530] {processor.py:186} INFO - Started process (PID=134493) to work on /home/sst7260/airflow_projects/project1/env/lib/python3.10/site-packages/airflow/example_dags/example_branch_operator_decorator.py
[2024-09-09T21:36:50.431+0530] {processor.py:914} INFO - Processing file /home/sst7260/airflow_projects/project1/env/lib/python3.10/site-packages/airflow/example_dags/example_branch_operator_decorator.py for tasks to queue
[2024-09-09T21:36:50.432+0530] {logging_mixin.py:190} INFO - [2024-09-09T21:36:50.432+0530] {dagbag.py:587} INFO - Filling up the DagBag from /home/sst7260/airflow_projects/project1/env/lib/python3.10/site-packages/airflow/example_dags/example_branch_operator_decorator.py
[2024-09-09T21:36:50.490+0530] {processor.py:927} WARNING - No viable dags retrieved from /home/sst7260/airflow_projects/project1/env/lib/python3.10/site-packages/airflow/example_dags/example_branch_operator_decorator.py
[2024-09-09T21:36:50.498+0530] {processor.py:208} INFO - Processing /home/sst7260/airflow_projects/project1/env/lib/python3.10/site-packages/airflow/example_dags/example_branch_operator_decorator.py took 0.072 seconds
[2024-09-09T21:37:44.508+0530] {processor.py:186} INFO - Started process (PID=134556) to work on /home/sst7260/airflow_projects/project1/env/lib/python3.10/site-packages/airflow/example_dags/example_branch_operator_decorator.py
[2024-09-09T21:37:44.510+0530] {processor.py:914} INFO - Processing file /home/sst7260/airflow_projects/project1/env/lib/python3.10/site-packages/airflow/example_dags/example_branch_operator_decorator.py for tasks to queue
[2024-09-09T21:37:44.511+0530] {logging_mixin.py:190} INFO - [2024-09-09T21:37:44.510+0530] {dagbag.py:587} INFO - Filling up the DagBag from /home/sst7260/airflow_projects/project1/env/lib/python3.10/site-packages/airflow/example_dags/example_branch_operator_decorator.py
[2024-09-09T21:37:44.575+0530] {processor.py:927} WARNING - No viable dags retrieved from /home/sst7260/airflow_projects/project1/env/lib/python3.10/site-packages/airflow/example_dags/example_branch_operator_decorator.py
[2024-09-09T21:37:44.582+0530] {processor.py:208} INFO - Processing /home/sst7260/airflow_projects/project1/env/lib/python3.10/site-packages/airflow/example_dags/example_branch_operator_decorator.py took 0.079 seconds
[2024-09-09T21:38:38.387+0530] {processor.py:186} INFO - Started process (PID=134618) to work on /home/sst7260/airflow_projects/project1/env/lib/python3.10/site-packages/airflow/example_dags/example_branch_operator_decorator.py
[2024-09-09T21:38:38.392+0530] {processor.py:914} INFO - Processing file /home/sst7260/airflow_projects/project1/env/lib/python3.10/site-packages/airflow/example_dags/example_branch_operator_decorator.py for tasks to queue
[2024-09-09T21:38:38.394+0530] {logging_mixin.py:190} INFO - [2024-09-09T21:38:38.393+0530] {dagbag.py:587} INFO - Filling up the DagBag from /home/sst7260/airflow_projects/project1/env/lib/python3.10/site-packages/airflow/example_dags/example_branch_operator_decorator.py
[2024-09-09T21:38:38.452+0530] {processor.py:927} WARNING - No viable dags retrieved from /home/sst7260/airflow_projects/project1/env/lib/python3.10/site-packages/airflow/example_dags/example_branch_operator_decorator.py
[2024-09-09T21:38:38.459+0530] {processor.py:208} INFO - Processing /home/sst7260/airflow_projects/project1/env/lib/python3.10/site-packages/airflow/example_dags/example_branch_operator_decorator.py took 0.076 seconds
[2024-09-09T21:39:33.901+0530] {processor.py:186} INFO - Started process (PID=134681) to work on /home/sst7260/airflow_projects/project1/env/lib/python3.10/site-packages/airflow/example_dags/example_branch_operator_decorator.py
[2024-09-09T21:39:33.904+0530] {processor.py:914} INFO - Processing file /home/sst7260/airflow_projects/project1/env/lib/python3.10/site-packages/airflow/example_dags/example_branch_operator_decorator.py for tasks to queue
[2024-09-09T21:39:33.905+0530] {logging_mixin.py:190} INFO - [2024-09-09T21:39:33.905+0530] {dagbag.py:587} INFO - Filling up the DagBag from /home/sst7260/airflow_projects/project1/env/lib/python3.10/site-packages/airflow/example_dags/example_branch_operator_decorator.py
[2024-09-09T21:39:33.974+0530] {processor.py:927} WARNING - No viable dags retrieved from /home/sst7260/airflow_projects/project1/env/lib/python3.10/site-packages/airflow/example_dags/example_branch_operator_decorator.py
[2024-09-09T21:39:33.980+0530] {processor.py:208} INFO - Processing /home/sst7260/airflow_projects/project1/env/lib/python3.10/site-packages/airflow/example_dags/example_branch_operator_decorator.py took 0.083 seconds
[2024-09-09T21:40:26.673+0530] {processor.py:186} INFO - Started process (PID=134742) to work on /home/sst7260/airflow_projects/project1/env/lib/python3.10/site-packages/airflow/example_dags/example_branch_operator_decorator.py
[2024-09-09T21:40:26.681+0530] {processor.py:914} INFO - Processing file /home/sst7260/airflow_projects/project1/env/lib/python3.10/site-packages/airflow/example_dags/example_branch_operator_decorator.py for tasks to queue
[2024-09-09T21:40:26.682+0530] {logging_mixin.py:190} INFO - [2024-09-09T21:40:26.682+0530] {dagbag.py:587} INFO - Filling up the DagBag from /home/sst7260/airflow_projects/project1/env/lib/python3.10/site-packages/airflow/example_dags/example_branch_operator_decorator.py
[2024-09-09T21:40:26.746+0530] {processor.py:927} WARNING - No viable dags retrieved from /home/sst7260/airflow_projects/project1/env/lib/python3.10/site-packages/airflow/example_dags/example_branch_operator_decorator.py
[2024-09-09T21:40:26.752+0530] {processor.py:208} INFO - Processing /home/sst7260/airflow_projects/project1/env/lib/python3.10/site-packages/airflow/example_dags/example_branch_operator_decorator.py took 0.083 seconds
[2024-09-09T21:41:22.163+0530] {processor.py:186} INFO - Started process (PID=134838) to work on /home/sst7260/airflow_projects/project1/env/lib/python3.10/site-packages/airflow/example_dags/example_branch_operator_decorator.py
[2024-09-09T21:41:22.172+0530] {processor.py:914} INFO - Processing file /home/sst7260/airflow_projects/project1/env/lib/python3.10/site-packages/airflow/example_dags/example_branch_operator_decorator.py for tasks to queue
[2024-09-09T21:41:22.173+0530] {logging_mixin.py:190} INFO - [2024-09-09T21:41:22.173+0530] {dagbag.py:587} INFO - Filling up the DagBag from /home/sst7260/airflow_projects/project1/env/lib/python3.10/site-packages/airflow/example_dags/example_branch_operator_decorator.py
[2024-09-09T21:41:22.261+0530] {processor.py:927} WARNING - No viable dags retrieved from /home/sst7260/airflow_projects/project1/env/lib/python3.10/site-packages/airflow/example_dags/example_branch_operator_decorator.py
[2024-09-09T21:41:22.268+0530] {processor.py:208} INFO - Processing /home/sst7260/airflow_projects/project1/env/lib/python3.10/site-packages/airflow/example_dags/example_branch_operator_decorator.py took 0.110 seconds
[2024-09-09T21:42:13.631+0530] {processor.py:186} INFO - Started process (PID=134902) to work on /home/sst7260/airflow_projects/project1/env/lib/python3.10/site-packages/airflow/example_dags/example_branch_operator_decorator.py
[2024-09-09T21:42:13.632+0530] {processor.py:914} INFO - Processing file /home/sst7260/airflow_projects/project1/env/lib/python3.10/site-packages/airflow/example_dags/example_branch_operator_decorator.py for tasks to queue
[2024-09-09T21:42:13.633+0530] {logging_mixin.py:190} INFO - [2024-09-09T21:42:13.633+0530] {dagbag.py:587} INFO - Filling up the DagBag from /home/sst7260/airflow_projects/project1/env/lib/python3.10/site-packages/airflow/example_dags/example_branch_operator_decorator.py
[2024-09-09T21:42:13.695+0530] {processor.py:927} WARNING - No viable dags retrieved from /home/sst7260/airflow_projects/project1/env/lib/python3.10/site-packages/airflow/example_dags/example_branch_operator_decorator.py
[2024-09-09T21:42:13.703+0530] {processor.py:208} INFO - Processing /home/sst7260/airflow_projects/project1/env/lib/python3.10/site-packages/airflow/example_dags/example_branch_operator_decorator.py took 0.077 seconds
[2024-09-09T21:43:06.595+0530] {processor.py:186} INFO - Started process (PID=134963) to work on /home/sst7260/airflow_projects/project1/env/lib/python3.10/site-packages/airflow/example_dags/example_branch_operator_decorator.py
[2024-09-09T21:43:06.604+0530] {processor.py:914} INFO - Processing file /home/sst7260/airflow_projects/project1/env/lib/python3.10/site-packages/airflow/example_dags/example_branch_operator_decorator.py for tasks to queue
[2024-09-09T21:43:06.606+0530] {logging_mixin.py:190} INFO - [2024-09-09T21:43:06.606+0530] {dagbag.py:587} INFO - Filling up the DagBag from /home/sst7260/airflow_projects/project1/env/lib/python3.10/site-packages/airflow/example_dags/example_branch_operator_decorator.py
[2024-09-09T21:43:06.664+0530] {processor.py:927} WARNING - No viable dags retrieved from /home/sst7260/airflow_projects/project1/env/lib/python3.10/site-packages/airflow/example_dags/example_branch_operator_decorator.py
[2024-09-09T21:43:06.672+0530] {processor.py:208} INFO - Processing /home/sst7260/airflow_projects/project1/env/lib/python3.10/site-packages/airflow/example_dags/example_branch_operator_decorator.py took 0.082 seconds
[2024-09-09T21:43:57.892+0530] {processor.py:186} INFO - Started process (PID=135024) to work on /home/sst7260/airflow_projects/project1/env/lib/python3.10/site-packages/airflow/example_dags/example_branch_operator_decorator.py
[2024-09-09T21:43:57.894+0530] {processor.py:914} INFO - Processing file /home/sst7260/airflow_projects/project1/env/lib/python3.10/site-packages/airflow/example_dags/example_branch_operator_decorator.py for tasks to queue
[2024-09-09T21:43:57.895+0530] {logging_mixin.py:190} INFO - [2024-09-09T21:43:57.894+0530] {dagbag.py:587} INFO - Filling up the DagBag from /home/sst7260/airflow_projects/project1/env/lib/python3.10/site-packages/airflow/example_dags/example_branch_operator_decorator.py
[2024-09-09T21:43:57.949+0530] {processor.py:927} WARNING - No viable dags retrieved from /home/sst7260/airflow_projects/project1/env/lib/python3.10/site-packages/airflow/example_dags/example_branch_operator_decorator.py
[2024-09-09T21:43:57.955+0530] {processor.py:208} INFO - Processing /home/sst7260/airflow_projects/project1/env/lib/python3.10/site-packages/airflow/example_dags/example_branch_operator_decorator.py took 0.068 seconds
[2024-09-09T21:44:51.644+0530] {processor.py:186} INFO - Started process (PID=135085) to work on /home/sst7260/airflow_projects/project1/env/lib/python3.10/site-packages/airflow/example_dags/example_branch_operator_decorator.py
[2024-09-09T21:44:51.645+0530] {processor.py:914} INFO - Processing file /home/sst7260/airflow_projects/project1/env/lib/python3.10/site-packages/airflow/example_dags/example_branch_operator_decorator.py for tasks to queue
[2024-09-09T21:44:51.646+0530] {logging_mixin.py:190} INFO - [2024-09-09T21:44:51.646+0530] {dagbag.py:587} INFO - Filling up the DagBag from /home/sst7260/airflow_projects/project1/env/lib/python3.10/site-packages/airflow/example_dags/example_branch_operator_decorator.py
[2024-09-09T21:44:51.698+0530] {processor.py:927} WARNING - No viable dags retrieved from /home/sst7260/airflow_projects/project1/env/lib/python3.10/site-packages/airflow/example_dags/example_branch_operator_decorator.py
[2024-09-09T21:44:51.705+0530] {processor.py:208} INFO - Processing /home/sst7260/airflow_projects/project1/env/lib/python3.10/site-packages/airflow/example_dags/example_branch_operator_decorator.py took 0.066 seconds
[2024-09-09T21:45:44.902+0530] {processor.py:186} INFO - Started process (PID=135174) to work on /home/sst7260/airflow_projects/project1/env/lib/python3.10/site-packages/airflow/example_dags/example_branch_operator_decorator.py
[2024-09-09T21:45:44.907+0530] {processor.py:914} INFO - Processing file /home/sst7260/airflow_projects/project1/env/lib/python3.10/site-packages/airflow/example_dags/example_branch_operator_decorator.py for tasks to queue
[2024-09-09T21:45:44.908+0530] {logging_mixin.py:190} INFO - [2024-09-09T21:45:44.907+0530] {dagbag.py:587} INFO - Filling up the DagBag from /home/sst7260/airflow_projects/project1/env/lib/python3.10/site-packages/airflow/example_dags/example_branch_operator_decorator.py
[2024-09-09T21:45:44.976+0530] {processor.py:927} WARNING - No viable dags retrieved from /home/sst7260/airflow_projects/project1/env/lib/python3.10/site-packages/airflow/example_dags/example_branch_operator_decorator.py
[2024-09-09T21:45:44.983+0530] {processor.py:208} INFO - Processing /home/sst7260/airflow_projects/project1/env/lib/python3.10/site-packages/airflow/example_dags/example_branch_operator_decorator.py took 0.085 seconds
[2024-09-09T21:46:39.500+0530] {processor.py:186} INFO - Started process (PID=135244) to work on /home/sst7260/airflow_projects/project1/env/lib/python3.10/site-packages/airflow/example_dags/example_branch_operator_decorator.py
[2024-09-09T21:46:39.502+0530] {processor.py:914} INFO - Processing file /home/sst7260/airflow_projects/project1/env/lib/python3.10/site-packages/airflow/example_dags/example_branch_operator_decorator.py for tasks to queue
[2024-09-09T21:46:39.503+0530] {logging_mixin.py:190} INFO - [2024-09-09T21:46:39.502+0530] {dagbag.py:587} INFO - Filling up the DagBag from /home/sst7260/airflow_projects/project1/env/lib/python3.10/site-packages/airflow/example_dags/example_branch_operator_decorator.py
[2024-09-09T21:46:39.576+0530] {processor.py:927} WARNING - No viable dags retrieved from /home/sst7260/airflow_projects/project1/env/lib/python3.10/site-packages/airflow/example_dags/example_branch_operator_decorator.py
[2024-09-09T21:46:39.583+0530] {processor.py:208} INFO - Processing /home/sst7260/airflow_projects/project1/env/lib/python3.10/site-packages/airflow/example_dags/example_branch_operator_decorator.py took 0.088 seconds
[2024-09-09T21:47:35.694+0530] {processor.py:186} INFO - Started process (PID=135308) to work on /home/sst7260/airflow_projects/project1/env/lib/python3.10/site-packages/airflow/example_dags/example_branch_operator_decorator.py
[2024-09-09T21:47:35.695+0530] {processor.py:914} INFO - Processing file /home/sst7260/airflow_projects/project1/env/lib/python3.10/site-packages/airflow/example_dags/example_branch_operator_decorator.py for tasks to queue
[2024-09-09T21:47:35.696+0530] {logging_mixin.py:190} INFO - [2024-09-09T21:47:35.696+0530] {dagbag.py:587} INFO - Filling up the DagBag from /home/sst7260/airflow_projects/project1/env/lib/python3.10/site-packages/airflow/example_dags/example_branch_operator_decorator.py
[2024-09-09T21:47:35.759+0530] {processor.py:927} WARNING - No viable dags retrieved from /home/sst7260/airflow_projects/project1/env/lib/python3.10/site-packages/airflow/example_dags/example_branch_operator_decorator.py
[2024-09-09T21:47:35.767+0530] {processor.py:208} INFO - Processing /home/sst7260/airflow_projects/project1/env/lib/python3.10/site-packages/airflow/example_dags/example_branch_operator_decorator.py took 0.078 seconds
[2024-09-09T21:48:25.095+0530] {processor.py:186} INFO - Started process (PID=135368) to work on /home/sst7260/airflow_projects/project1/env/lib/python3.10/site-packages/airflow/example_dags/example_branch_operator_decorator.py
[2024-09-09T21:48:25.096+0530] {processor.py:914} INFO - Processing file /home/sst7260/airflow_projects/project1/env/lib/python3.10/site-packages/airflow/example_dags/example_branch_operator_decorator.py for tasks to queue
[2024-09-09T21:48:25.097+0530] {logging_mixin.py:190} INFO - [2024-09-09T21:48:25.096+0530] {dagbag.py:587} INFO - Filling up the DagBag from /home/sst7260/airflow_projects/project1/env/lib/python3.10/site-packages/airflow/example_dags/example_branch_operator_decorator.py
[2024-09-09T21:48:25.168+0530] {processor.py:927} WARNING - No viable dags retrieved from /home/sst7260/airflow_projects/project1/env/lib/python3.10/site-packages/airflow/example_dags/example_branch_operator_decorator.py
[2024-09-09T21:48:25.175+0530] {processor.py:208} INFO - Processing /home/sst7260/airflow_projects/project1/env/lib/python3.10/site-packages/airflow/example_dags/example_branch_operator_decorator.py took 0.086 seconds
[2024-09-09T21:49:19.121+0530] {processor.py:186} INFO - Started process (PID=135431) to work on /home/sst7260/airflow_projects/project1/env/lib/python3.10/site-packages/airflow/example_dags/example_branch_operator_decorator.py
[2024-09-09T21:49:19.123+0530] {processor.py:914} INFO - Processing file /home/sst7260/airflow_projects/project1/env/lib/python3.10/site-packages/airflow/example_dags/example_branch_operator_decorator.py for tasks to queue
[2024-09-09T21:49:19.123+0530] {logging_mixin.py:190} INFO - [2024-09-09T21:49:19.123+0530] {dagbag.py:587} INFO - Filling up the DagBag from /home/sst7260/airflow_projects/project1/env/lib/python3.10/site-packages/airflow/example_dags/example_branch_operator_decorator.py
[2024-09-09T21:49:19.178+0530] {processor.py:927} WARNING - No viable dags retrieved from /home/sst7260/airflow_projects/project1/env/lib/python3.10/site-packages/airflow/example_dags/example_branch_operator_decorator.py
[2024-09-09T21:49:19.186+0530] {processor.py:208} INFO - Processing /home/sst7260/airflow_projects/project1/env/lib/python3.10/site-packages/airflow/example_dags/example_branch_operator_decorator.py took 0.069 seconds
[2024-09-09T21:50:12.443+0530] {processor.py:186} INFO - Started process (PID=135493) to work on /home/sst7260/airflow_projects/project1/env/lib/python3.10/site-packages/airflow/example_dags/example_branch_operator_decorator.py
[2024-09-09T21:50:12.445+0530] {processor.py:914} INFO - Processing file /home/sst7260/airflow_projects/project1/env/lib/python3.10/site-packages/airflow/example_dags/example_branch_operator_decorator.py for tasks to queue
[2024-09-09T21:50:12.446+0530] {logging_mixin.py:190} INFO - [2024-09-09T21:50:12.446+0530] {dagbag.py:587} INFO - Filling up the DagBag from /home/sst7260/airflow_projects/project1/env/lib/python3.10/site-packages/airflow/example_dags/example_branch_operator_decorator.py
[2024-09-09T21:50:12.522+0530] {processor.py:927} WARNING - No viable dags retrieved from /home/sst7260/airflow_projects/project1/env/lib/python3.10/site-packages/airflow/example_dags/example_branch_operator_decorator.py
[2024-09-09T21:50:12.531+0530] {processor.py:208} INFO - Processing /home/sst7260/airflow_projects/project1/env/lib/python3.10/site-packages/airflow/example_dags/example_branch_operator_decorator.py took 0.091 seconds
[2024-09-09T21:51:08.719+0530] {processor.py:186} INFO - Started process (PID=135584) to work on /home/sst7260/airflow_projects/project1/env/lib/python3.10/site-packages/airflow/example_dags/example_branch_operator_decorator.py
[2024-09-09T21:51:08.721+0530] {processor.py:914} INFO - Processing file /home/sst7260/airflow_projects/project1/env/lib/python3.10/site-packages/airflow/example_dags/example_branch_operator_decorator.py for tasks to queue
[2024-09-09T21:51:08.722+0530] {logging_mixin.py:190} INFO - [2024-09-09T21:51:08.722+0530] {dagbag.py:587} INFO - Filling up the DagBag from /home/sst7260/airflow_projects/project1/env/lib/python3.10/site-packages/airflow/example_dags/example_branch_operator_decorator.py
[2024-09-09T21:51:08.796+0530] {processor.py:927} WARNING - No viable dags retrieved from /home/sst7260/airflow_projects/project1/env/lib/python3.10/site-packages/airflow/example_dags/example_branch_operator_decorator.py
[2024-09-09T21:51:08.803+0530] {processor.py:208} INFO - Processing /home/sst7260/airflow_projects/project1/env/lib/python3.10/site-packages/airflow/example_dags/example_branch_operator_decorator.py took 0.088 seconds
[2024-09-09T21:52:00.497+0530] {processor.py:186} INFO - Started process (PID=135645) to work on /home/sst7260/airflow_projects/project1/env/lib/python3.10/site-packages/airflow/example_dags/example_branch_operator_decorator.py
[2024-09-09T21:52:00.499+0530] {processor.py:914} INFO - Processing file /home/sst7260/airflow_projects/project1/env/lib/python3.10/site-packages/airflow/example_dags/example_branch_operator_decorator.py for tasks to queue
[2024-09-09T21:52:00.501+0530] {logging_mixin.py:190} INFO - [2024-09-09T21:52:00.500+0530] {dagbag.py:587} INFO - Filling up the DagBag from /home/sst7260/airflow_projects/project1/env/lib/python3.10/site-packages/airflow/example_dags/example_branch_operator_decorator.py
[2024-09-09T21:52:00.570+0530] {processor.py:927} WARNING - No viable dags retrieved from /home/sst7260/airflow_projects/project1/env/lib/python3.10/site-packages/airflow/example_dags/example_branch_operator_decorator.py
[2024-09-09T21:52:00.584+0530] {processor.py:208} INFO - Processing /home/sst7260/airflow_projects/project1/env/lib/python3.10/site-packages/airflow/example_dags/example_branch_operator_decorator.py took 0.093 seconds
