[2024-09-09T20:46:46.678+0530] {processor.py:186} INFO - Started process (PID=128494) to work on /home/sst7260/airflow_projects/project1/env/lib/python3.10/site-packages/airflow/example_dags/example_python_decorator.py
[2024-09-09T20:46:46.679+0530] {processor.py:914} INFO - Processing file /home/sst7260/airflow_projects/project1/env/lib/python3.10/site-packages/airflow/example_dags/example_python_decorator.py for tasks to queue
[2024-09-09T20:46:46.680+0530] {logging_mixin.py:190} INFO - [2024-09-09T20:46:46.680+0530] {dagbag.py:587} INFO - Filling up the DagBag from /home/sst7260/airflow_projects/project1/env/lib/python3.10/site-packages/airflow/example_dags/example_python_decorator.py
[2024-09-09T20:46:46.757+0530] {logging_mixin.py:190} INFO - [2024-09-09T20:46:46.757+0530] {example_python_decorator.py:80} WARNING - The virtalenv_python example task requires virtualenv, please install it.
[2024-09-09T20:46:46.759+0530] {processor.py:925} INFO - DAG(s) 'example_python_decorator' retrieved from /home/sst7260/airflow_projects/project1/env/lib/python3.10/site-packages/airflow/example_dags/example_python_decorator.py
[2024-09-09T20:46:46.853+0530] {logging_mixin.py:190} INFO - [2024-09-09T20:46:46.853+0530] {override.py:1900} INFO - Created Permission View: can delete on DAG:example_python_decorator
[2024-09-09T20:46:46.872+0530] {logging_mixin.py:190} INFO - [2024-09-09T20:46:46.872+0530] {override.py:1900} INFO - Created Permission View: can read on DAG:example_python_decorator
[2024-09-09T20:46:46.888+0530] {logging_mixin.py:190} INFO - [2024-09-09T20:46:46.888+0530] {override.py:1900} INFO - Created Permission View: can edit on DAG:example_python_decorator
[2024-09-09T20:46:46.916+0530] {logging_mixin.py:190} INFO - [2024-09-09T20:46:46.915+0530] {override.py:1900} INFO - Created Permission View: can create on DAG Run:example_python_decorator
[2024-09-09T20:46:46.932+0530] {logging_mixin.py:190} INFO - [2024-09-09T20:46:46.931+0530] {override.py:1900} INFO - Created Permission View: menu access on DAG Run:example_python_decorator
[2024-09-09T20:46:46.946+0530] {logging_mixin.py:190} INFO - [2024-09-09T20:46:46.945+0530] {override.py:1900} INFO - Created Permission View: can read on DAG Run:example_python_decorator
[2024-09-09T20:46:46.963+0530] {logging_mixin.py:190} INFO - [2024-09-09T20:46:46.962+0530] {override.py:1900} INFO - Created Permission View: can delete on DAG Run:example_python_decorator
[2024-09-09T20:46:46.963+0530] {logging_mixin.py:190} INFO - [2024-09-09T20:46:46.963+0530] {dag.py:3229} INFO - Sync 1 DAGs
[2024-09-09T20:46:46.970+0530] {logging_mixin.py:190} INFO - [2024-09-09T20:46:46.970+0530] {dag.py:3252} INFO - Creating ORM DAG for example_python_decorator
[2024-09-09T20:46:46.970+0530] {logging_mixin.py:190} INFO - [2024-09-09T20:46:46.970+0530] {dag.py:4156} INFO - Setting next_dagrun for example_python_decorator to None, run_after=None
[2024-09-09T20:46:46.999+0530] {processor.py:208} INFO - Processing /home/sst7260/airflow_projects/project1/env/lib/python3.10/site-packages/airflow/example_dags/example_python_decorator.py took 0.326 seconds
[2024-09-09T20:47:49.674+0530] {processor.py:186} INFO - Started process (PID=128573) to work on /home/sst7260/airflow_projects/project1/env/lib/python3.10/site-packages/airflow/example_dags/example_python_decorator.py
[2024-09-09T20:47:49.675+0530] {processor.py:914} INFO - Processing file /home/sst7260/airflow_projects/project1/env/lib/python3.10/site-packages/airflow/example_dags/example_python_decorator.py for tasks to queue
[2024-09-09T20:47:49.677+0530] {logging_mixin.py:190} INFO - [2024-09-09T20:47:49.676+0530] {dagbag.py:587} INFO - Filling up the DagBag from /home/sst7260/airflow_projects/project1/env/lib/python3.10/site-packages/airflow/example_dags/example_python_decorator.py
[2024-09-09T20:47:49.717+0530] {logging_mixin.py:190} INFO - [2024-09-09T20:47:49.717+0530] {example_python_decorator.py:80} WARNING - The virtalenv_python example task requires virtualenv, please install it.
[2024-09-09T20:47:49.719+0530] {processor.py:925} INFO - DAG(s) 'example_python_decorator' retrieved from /home/sst7260/airflow_projects/project1/env/lib/python3.10/site-packages/airflow/example_dags/example_python_decorator.py
[2024-09-09T20:47:49.730+0530] {logging_mixin.py:190} INFO - [2024-09-09T20:47:49.730+0530] {dag.py:3229} INFO - Sync 1 DAGs
[2024-09-09T20:47:49.738+0530] {logging_mixin.py:190} INFO - [2024-09-09T20:47:49.738+0530] {dag.py:4156} INFO - Setting next_dagrun for example_python_decorator to None, run_after=None
[2024-09-09T20:47:49.766+0530] {processor.py:208} INFO - Processing /home/sst7260/airflow_projects/project1/env/lib/python3.10/site-packages/airflow/example_dags/example_python_decorator.py took 0.096 seconds
[2024-09-09T20:48:45.014+0530] {processor.py:186} INFO - Started process (PID=128637) to work on /home/sst7260/airflow_projects/project1/env/lib/python3.10/site-packages/airflow/example_dags/example_python_decorator.py
[2024-09-09T20:48:45.016+0530] {processor.py:914} INFO - Processing file /home/sst7260/airflow_projects/project1/env/lib/python3.10/site-packages/airflow/example_dags/example_python_decorator.py for tasks to queue
[2024-09-09T20:48:45.017+0530] {logging_mixin.py:190} INFO - [2024-09-09T20:48:45.017+0530] {dagbag.py:587} INFO - Filling up the DagBag from /home/sst7260/airflow_projects/project1/env/lib/python3.10/site-packages/airflow/example_dags/example_python_decorator.py
[2024-09-09T20:48:45.084+0530] {logging_mixin.py:190} INFO - [2024-09-09T20:48:45.084+0530] {example_python_decorator.py:80} WARNING - The virtalenv_python example task requires virtualenv, please install it.
[2024-09-09T20:48:45.086+0530] {processor.py:925} INFO - DAG(s) 'example_python_decorator' retrieved from /home/sst7260/airflow_projects/project1/env/lib/python3.10/site-packages/airflow/example_dags/example_python_decorator.py
[2024-09-09T20:48:45.096+0530] {logging_mixin.py:190} INFO - [2024-09-09T20:48:45.096+0530] {dag.py:3229} INFO - Sync 1 DAGs
[2024-09-09T20:48:45.104+0530] {logging_mixin.py:190} INFO - [2024-09-09T20:48:45.104+0530] {dag.py:4156} INFO - Setting next_dagrun for example_python_decorator to None, run_after=None
[2024-09-09T20:48:45.124+0530] {processor.py:208} INFO - Processing /home/sst7260/airflow_projects/project1/env/lib/python3.10/site-packages/airflow/example_dags/example_python_decorator.py took 0.117 seconds
[2024-09-09T20:50:02.548+0530] {processor.py:186} INFO - Started process (PID=128733) to work on /home/sst7260/airflow_projects/project1/env/lib/python3.10/site-packages/airflow/example_dags/example_python_decorator.py
[2024-09-09T20:50:02.553+0530] {processor.py:914} INFO - Processing file /home/sst7260/airflow_projects/project1/env/lib/python3.10/site-packages/airflow/example_dags/example_python_decorator.py for tasks to queue
[2024-09-09T20:50:02.554+0530] {logging_mixin.py:190} INFO - [2024-09-09T20:50:02.554+0530] {dagbag.py:587} INFO - Filling up the DagBag from /home/sst7260/airflow_projects/project1/env/lib/python3.10/site-packages/airflow/example_dags/example_python_decorator.py
[2024-09-09T20:50:02.623+0530] {logging_mixin.py:190} INFO - [2024-09-09T20:50:02.623+0530] {example_python_decorator.py:80} WARNING - The virtalenv_python example task requires virtualenv, please install it.
[2024-09-09T20:50:02.625+0530] {processor.py:925} INFO - DAG(s) 'example_python_decorator' retrieved from /home/sst7260/airflow_projects/project1/env/lib/python3.10/site-packages/airflow/example_dags/example_python_decorator.py
[2024-09-09T20:50:02.641+0530] {logging_mixin.py:190} INFO - [2024-09-09T20:50:02.640+0530] {dag.py:3229} INFO - Sync 1 DAGs
[2024-09-09T20:50:02.649+0530] {logging_mixin.py:190} INFO - [2024-09-09T20:50:02.648+0530] {dag.py:4156} INFO - Setting next_dagrun for example_python_decorator to None, run_after=None
[2024-09-09T20:50:02.669+0530] {processor.py:208} INFO - Processing /home/sst7260/airflow_projects/project1/env/lib/python3.10/site-packages/airflow/example_dags/example_python_decorator.py took 0.127 seconds
[2024-09-09T20:51:20.083+0530] {processor.py:186} INFO - Started process (PID=128848) to work on /home/sst7260/airflow_projects/project1/env/lib/python3.10/site-packages/airflow/example_dags/example_python_decorator.py
[2024-09-09T20:51:20.085+0530] {processor.py:914} INFO - Processing file /home/sst7260/airflow_projects/project1/env/lib/python3.10/site-packages/airflow/example_dags/example_python_decorator.py for tasks to queue
[2024-09-09T20:51:20.086+0530] {logging_mixin.py:190} INFO - [2024-09-09T20:51:20.086+0530] {dagbag.py:587} INFO - Filling up the DagBag from /home/sst7260/airflow_projects/project1/env/lib/python3.10/site-packages/airflow/example_dags/example_python_decorator.py
[2024-09-09T20:51:20.146+0530] {logging_mixin.py:190} INFO - [2024-09-09T20:51:20.146+0530] {example_python_decorator.py:80} WARNING - The virtalenv_python example task requires virtualenv, please install it.
[2024-09-09T20:51:20.148+0530] {processor.py:925} INFO - DAG(s) 'example_python_decorator' retrieved from /home/sst7260/airflow_projects/project1/env/lib/python3.10/site-packages/airflow/example_dags/example_python_decorator.py
[2024-09-09T20:51:20.158+0530] {logging_mixin.py:190} INFO - [2024-09-09T20:51:20.157+0530] {dag.py:3229} INFO - Sync 1 DAGs
[2024-09-09T20:51:20.165+0530] {logging_mixin.py:190} INFO - [2024-09-09T20:51:20.165+0530] {dag.py:4156} INFO - Setting next_dagrun for example_python_decorator to None, run_after=None
[2024-09-09T20:51:20.188+0530] {processor.py:208} INFO - Processing /home/sst7260/airflow_projects/project1/env/lib/python3.10/site-packages/airflow/example_dags/example_python_decorator.py took 0.109 seconds
[2024-09-09T20:52:18.647+0530] {processor.py:186} INFO - Started process (PID=129138) to work on /home/sst7260/airflow_projects/project1/env/lib/python3.10/site-packages/airflow/example_dags/example_python_decorator.py
[2024-09-09T20:52:18.654+0530] {processor.py:914} INFO - Processing file /home/sst7260/airflow_projects/project1/env/lib/python3.10/site-packages/airflow/example_dags/example_python_decorator.py for tasks to queue
[2024-09-09T20:52:18.657+0530] {logging_mixin.py:190} INFO - [2024-09-09T20:52:18.657+0530] {dagbag.py:587} INFO - Filling up the DagBag from /home/sst7260/airflow_projects/project1/env/lib/python3.10/site-packages/airflow/example_dags/example_python_decorator.py
[2024-09-09T20:52:18.735+0530] {logging_mixin.py:190} INFO - [2024-09-09T20:52:18.734+0530] {example_python_decorator.py:80} WARNING - The virtalenv_python example task requires virtualenv, please install it.
[2024-09-09T20:52:18.740+0530] {processor.py:925} INFO - DAG(s) 'example_python_decorator' retrieved from /home/sst7260/airflow_projects/project1/env/lib/python3.10/site-packages/airflow/example_dags/example_python_decorator.py
[2024-09-09T20:52:18.757+0530] {logging_mixin.py:190} INFO - [2024-09-09T20:52:18.757+0530] {dag.py:3229} INFO - Sync 1 DAGs
[2024-09-09T20:52:18.769+0530] {logging_mixin.py:190} INFO - [2024-09-09T20:52:18.768+0530] {dag.py:4156} INFO - Setting next_dagrun for example_python_decorator to None, run_after=None
[2024-09-09T20:52:18.804+0530] {processor.py:208} INFO - Processing /home/sst7260/airflow_projects/project1/env/lib/python3.10/site-packages/airflow/example_dags/example_python_decorator.py took 0.166 seconds
[2024-09-09T20:53:17.236+0530] {processor.py:186} INFO - Started process (PID=129426) to work on /home/sst7260/airflow_projects/project1/env/lib/python3.10/site-packages/airflow/example_dags/example_python_decorator.py
[2024-09-09T20:53:17.239+0530] {processor.py:914} INFO - Processing file /home/sst7260/airflow_projects/project1/env/lib/python3.10/site-packages/airflow/example_dags/example_python_decorator.py for tasks to queue
[2024-09-09T20:53:17.243+0530] {logging_mixin.py:190} INFO - [2024-09-09T20:53:17.242+0530] {dagbag.py:587} INFO - Filling up the DagBag from /home/sst7260/airflow_projects/project1/env/lib/python3.10/site-packages/airflow/example_dags/example_python_decorator.py
[2024-09-09T20:53:17.310+0530] {logging_mixin.py:190} INFO - [2024-09-09T20:53:17.310+0530] {example_python_decorator.py:80} WARNING - The virtalenv_python example task requires virtualenv, please install it.
[2024-09-09T20:53:17.313+0530] {processor.py:925} INFO - DAG(s) 'example_python_decorator' retrieved from /home/sst7260/airflow_projects/project1/env/lib/python3.10/site-packages/airflow/example_dags/example_python_decorator.py
[2024-09-09T20:53:17.328+0530] {logging_mixin.py:190} INFO - [2024-09-09T20:53:17.328+0530] {dag.py:3229} INFO - Sync 1 DAGs
[2024-09-09T20:53:17.341+0530] {logging_mixin.py:190} INFO - [2024-09-09T20:53:17.341+0530] {dag.py:4156} INFO - Setting next_dagrun for example_python_decorator to None, run_after=None
[2024-09-09T20:53:17.371+0530] {processor.py:208} INFO - Processing /home/sst7260/airflow_projects/project1/env/lib/python3.10/site-packages/airflow/example_dags/example_python_decorator.py took 0.143 seconds
[2024-09-09T20:54:30.169+0530] {processor.py:186} INFO - Started process (PID=129966) to work on /home/sst7260/airflow_projects/project1/env/lib/python3.10/site-packages/airflow/example_dags/example_python_decorator.py
[2024-09-09T20:54:30.171+0530] {processor.py:914} INFO - Processing file /home/sst7260/airflow_projects/project1/env/lib/python3.10/site-packages/airflow/example_dags/example_python_decorator.py for tasks to queue
[2024-09-09T20:54:30.173+0530] {logging_mixin.py:190} INFO - [2024-09-09T20:54:30.173+0530] {dagbag.py:587} INFO - Filling up the DagBag from /home/sst7260/airflow_projects/project1/env/lib/python3.10/site-packages/airflow/example_dags/example_python_decorator.py
[2024-09-09T20:54:30.205+0530] {logging_mixin.py:190} INFO - [2024-09-09T20:54:30.204+0530] {example_python_decorator.py:80} WARNING - The virtalenv_python example task requires virtualenv, please install it.
[2024-09-09T20:54:30.206+0530] {processor.py:925} INFO - DAG(s) 'example_python_decorator' retrieved from /home/sst7260/airflow_projects/project1/env/lib/python3.10/site-packages/airflow/example_dags/example_python_decorator.py
[2024-09-09T20:54:30.223+0530] {logging_mixin.py:190} INFO - [2024-09-09T20:54:30.222+0530] {dag.py:3229} INFO - Sync 1 DAGs
[2024-09-09T20:54:30.237+0530] {logging_mixin.py:190} INFO - [2024-09-09T20:54:30.236+0530] {dag.py:4156} INFO - Setting next_dagrun for example_python_decorator to None, run_after=None
[2024-09-09T20:54:30.265+0530] {processor.py:208} INFO - Processing /home/sst7260/airflow_projects/project1/env/lib/python3.10/site-packages/airflow/example_dags/example_python_decorator.py took 0.101 seconds
[2024-09-09T20:55:30.809+0530] {processor.py:186} INFO - Started process (PID=130072) to work on /home/sst7260/airflow_projects/project1/env/lib/python3.10/site-packages/airflow/example_dags/example_python_decorator.py
[2024-09-09T20:55:30.810+0530] {processor.py:914} INFO - Processing file /home/sst7260/airflow_projects/project1/env/lib/python3.10/site-packages/airflow/example_dags/example_python_decorator.py for tasks to queue
[2024-09-09T20:55:30.812+0530] {logging_mixin.py:190} INFO - [2024-09-09T20:55:30.812+0530] {dagbag.py:587} INFO - Filling up the DagBag from /home/sst7260/airflow_projects/project1/env/lib/python3.10/site-packages/airflow/example_dags/example_python_decorator.py
[2024-09-09T20:55:30.891+0530] {logging_mixin.py:190} INFO - [2024-09-09T20:55:30.890+0530] {example_python_decorator.py:80} WARNING - The virtalenv_python example task requires virtualenv, please install it.
[2024-09-09T20:55:30.893+0530] {processor.py:925} INFO - DAG(s) 'example_python_decorator' retrieved from /home/sst7260/airflow_projects/project1/env/lib/python3.10/site-packages/airflow/example_dags/example_python_decorator.py
[2024-09-09T20:55:30.909+0530] {logging_mixin.py:190} INFO - [2024-09-09T20:55:30.909+0530] {dag.py:3229} INFO - Sync 1 DAGs
[2024-09-09T20:55:30.918+0530] {logging_mixin.py:190} INFO - [2024-09-09T20:55:30.917+0530] {dag.py:4156} INFO - Setting next_dagrun for example_python_decorator to None, run_after=None
[2024-09-09T20:55:30.943+0530] {processor.py:208} INFO - Processing /home/sst7260/airflow_projects/project1/env/lib/python3.10/site-packages/airflow/example_dags/example_python_decorator.py took 0.139 seconds
[2024-09-09T20:56:51.537+0530] {processor.py:186} INFO - Started process (PID=130409) to work on /home/sst7260/airflow_projects/project1/env/lib/python3.10/site-packages/airflow/example_dags/example_python_decorator.py
[2024-09-09T20:56:51.539+0530] {processor.py:914} INFO - Processing file /home/sst7260/airflow_projects/project1/env/lib/python3.10/site-packages/airflow/example_dags/example_python_decorator.py for tasks to queue
[2024-09-09T20:56:51.540+0530] {logging_mixin.py:190} INFO - [2024-09-09T20:56:51.540+0530] {dagbag.py:587} INFO - Filling up the DagBag from /home/sst7260/airflow_projects/project1/env/lib/python3.10/site-packages/airflow/example_dags/example_python_decorator.py
[2024-09-09T20:56:51.609+0530] {logging_mixin.py:190} INFO - [2024-09-09T20:56:51.608+0530] {example_python_decorator.py:80} WARNING - The virtalenv_python example task requires virtualenv, please install it.
[2024-09-09T20:56:51.610+0530] {processor.py:925} INFO - DAG(s) 'example_python_decorator' retrieved from /home/sst7260/airflow_projects/project1/env/lib/python3.10/site-packages/airflow/example_dags/example_python_decorator.py
[2024-09-09T20:56:51.620+0530] {logging_mixin.py:190} INFO - [2024-09-09T20:56:51.620+0530] {dag.py:3229} INFO - Sync 1 DAGs
[2024-09-09T20:56:51.629+0530] {logging_mixin.py:190} INFO - [2024-09-09T20:56:51.629+0530] {dag.py:4156} INFO - Setting next_dagrun for example_python_decorator to None, run_after=None
[2024-09-09T20:56:51.653+0530] {processor.py:208} INFO - Processing /home/sst7260/airflow_projects/project1/env/lib/python3.10/site-packages/airflow/example_dags/example_python_decorator.py took 0.120 seconds
[2024-09-09T20:57:46.729+0530] {processor.py:186} INFO - Started process (PID=130480) to work on /home/sst7260/airflow_projects/project1/env/lib/python3.10/site-packages/airflow/example_dags/example_python_decorator.py
[2024-09-09T20:57:46.731+0530] {processor.py:914} INFO - Processing file /home/sst7260/airflow_projects/project1/env/lib/python3.10/site-packages/airflow/example_dags/example_python_decorator.py for tasks to queue
[2024-09-09T20:57:46.734+0530] {logging_mixin.py:190} INFO - [2024-09-09T20:57:46.734+0530] {dagbag.py:587} INFO - Filling up the DagBag from /home/sst7260/airflow_projects/project1/env/lib/python3.10/site-packages/airflow/example_dags/example_python_decorator.py
[2024-09-09T20:57:46.818+0530] {logging_mixin.py:190} INFO - [2024-09-09T20:57:46.818+0530] {example_python_decorator.py:80} WARNING - The virtalenv_python example task requires virtualenv, please install it.
[2024-09-09T20:57:46.821+0530] {processor.py:925} INFO - DAG(s) 'example_python_decorator' retrieved from /home/sst7260/airflow_projects/project1/env/lib/python3.10/site-packages/airflow/example_dags/example_python_decorator.py
[2024-09-09T20:57:46.833+0530] {logging_mixin.py:190} INFO - [2024-09-09T20:57:46.832+0530] {dag.py:3229} INFO - Sync 1 DAGs
[2024-09-09T20:57:46.843+0530] {logging_mixin.py:190} INFO - [2024-09-09T20:57:46.843+0530] {dag.py:4156} INFO - Setting next_dagrun for example_python_decorator to None, run_after=None
[2024-09-09T20:57:46.869+0530] {processor.py:208} INFO - Processing /home/sst7260/airflow_projects/project1/env/lib/python3.10/site-packages/airflow/example_dags/example_python_decorator.py took 0.144 seconds
[2024-09-09T20:59:08.470+0530] {processor.py:186} INFO - Started process (PID=130702) to work on /home/sst7260/airflow_projects/project1/env/lib/python3.10/site-packages/airflow/example_dags/example_python_decorator.py
[2024-09-09T20:59:08.473+0530] {processor.py:914} INFO - Processing file /home/sst7260/airflow_projects/project1/env/lib/python3.10/site-packages/airflow/example_dags/example_python_decorator.py for tasks to queue
[2024-09-09T20:59:08.475+0530] {logging_mixin.py:190} INFO - [2024-09-09T20:59:08.475+0530] {dagbag.py:587} INFO - Filling up the DagBag from /home/sst7260/airflow_projects/project1/env/lib/python3.10/site-packages/airflow/example_dags/example_python_decorator.py
[2024-09-09T20:59:08.539+0530] {logging_mixin.py:190} INFO - [2024-09-09T20:59:08.539+0530] {example_python_decorator.py:80} WARNING - The virtalenv_python example task requires virtualenv, please install it.
[2024-09-09T20:59:08.541+0530] {processor.py:925} INFO - DAG(s) 'example_python_decorator' retrieved from /home/sst7260/airflow_projects/project1/env/lib/python3.10/site-packages/airflow/example_dags/example_python_decorator.py
[2024-09-09T20:59:08.560+0530] {logging_mixin.py:190} INFO - [2024-09-09T20:59:08.560+0530] {dag.py:3229} INFO - Sync 1 DAGs
[2024-09-09T20:59:08.572+0530] {logging_mixin.py:190} INFO - [2024-09-09T20:59:08.572+0530] {dag.py:4156} INFO - Setting next_dagrun for example_python_decorator to None, run_after=None
[2024-09-09T20:59:08.604+0530] {processor.py:208} INFO - Processing /home/sst7260/airflow_projects/project1/env/lib/python3.10/site-packages/airflow/example_dags/example_python_decorator.py took 0.141 seconds
[2024-09-09T21:00:04.038+0530] {processor.py:186} INFO - Started process (PID=130853) to work on /home/sst7260/airflow_projects/project1/env/lib/python3.10/site-packages/airflow/example_dags/example_python_decorator.py
[2024-09-09T21:00:04.040+0530] {processor.py:914} INFO - Processing file /home/sst7260/airflow_projects/project1/env/lib/python3.10/site-packages/airflow/example_dags/example_python_decorator.py for tasks to queue
[2024-09-09T21:00:04.042+0530] {logging_mixin.py:190} INFO - [2024-09-09T21:00:04.041+0530] {dagbag.py:587} INFO - Filling up the DagBag from /home/sst7260/airflow_projects/project1/env/lib/python3.10/site-packages/airflow/example_dags/example_python_decorator.py
[2024-09-09T21:00:04.102+0530] {logging_mixin.py:190} INFO - [2024-09-09T21:00:04.102+0530] {example_python_decorator.py:80} WARNING - The virtalenv_python example task requires virtualenv, please install it.
[2024-09-09T21:00:04.105+0530] {processor.py:925} INFO - DAG(s) 'example_python_decorator' retrieved from /home/sst7260/airflow_projects/project1/env/lib/python3.10/site-packages/airflow/example_dags/example_python_decorator.py
[2024-09-09T21:00:04.116+0530] {logging_mixin.py:190} INFO - [2024-09-09T21:00:04.116+0530] {dag.py:3229} INFO - Sync 1 DAGs
[2024-09-09T21:00:04.126+0530] {logging_mixin.py:190} INFO - [2024-09-09T21:00:04.126+0530] {dag.py:4156} INFO - Setting next_dagrun for example_python_decorator to None, run_after=None
[2024-09-09T21:00:04.149+0530] {processor.py:208} INFO - Processing /home/sst7260/airflow_projects/project1/env/lib/python3.10/site-packages/airflow/example_dags/example_python_decorator.py took 0.116 seconds
[2024-09-09T21:01:07.566+0530] {processor.py:186} INFO - Started process (PID=131197) to work on /home/sst7260/airflow_projects/project1/env/lib/python3.10/site-packages/airflow/example_dags/example_python_decorator.py
[2024-09-09T21:01:07.568+0530] {processor.py:914} INFO - Processing file /home/sst7260/airflow_projects/project1/env/lib/python3.10/site-packages/airflow/example_dags/example_python_decorator.py for tasks to queue
[2024-09-09T21:01:07.569+0530] {logging_mixin.py:190} INFO - [2024-09-09T21:01:07.569+0530] {dagbag.py:587} INFO - Filling up the DagBag from /home/sst7260/airflow_projects/project1/env/lib/python3.10/site-packages/airflow/example_dags/example_python_decorator.py
[2024-09-09T21:01:07.623+0530] {logging_mixin.py:190} INFO - [2024-09-09T21:01:07.623+0530] {example_python_decorator.py:80} WARNING - The virtalenv_python example task requires virtualenv, please install it.
[2024-09-09T21:01:07.625+0530] {processor.py:925} INFO - DAG(s) 'example_python_decorator' retrieved from /home/sst7260/airflow_projects/project1/env/lib/python3.10/site-packages/airflow/example_dags/example_python_decorator.py
[2024-09-09T21:01:07.635+0530] {logging_mixin.py:190} INFO - [2024-09-09T21:01:07.635+0530] {dag.py:3229} INFO - Sync 1 DAGs
[2024-09-09T21:01:07.643+0530] {logging_mixin.py:190} INFO - [2024-09-09T21:01:07.643+0530] {dag.py:4156} INFO - Setting next_dagrun for example_python_decorator to None, run_after=None
[2024-09-09T21:01:07.671+0530] {processor.py:208} INFO - Processing /home/sst7260/airflow_projects/project1/env/lib/python3.10/site-packages/airflow/example_dags/example_python_decorator.py took 0.110 seconds
[2024-09-09T21:02:10.517+0530] {processor.py:186} INFO - Started process (PID=131298) to work on /home/sst7260/airflow_projects/project1/env/lib/python3.10/site-packages/airflow/example_dags/example_python_decorator.py
[2024-09-09T21:02:10.521+0530] {processor.py:914} INFO - Processing file /home/sst7260/airflow_projects/project1/env/lib/python3.10/site-packages/airflow/example_dags/example_python_decorator.py for tasks to queue
[2024-09-09T21:02:10.522+0530] {logging_mixin.py:190} INFO - [2024-09-09T21:02:10.522+0530] {dagbag.py:587} INFO - Filling up the DagBag from /home/sst7260/airflow_projects/project1/env/lib/python3.10/site-packages/airflow/example_dags/example_python_decorator.py
[2024-09-09T21:02:10.568+0530] {logging_mixin.py:190} INFO - [2024-09-09T21:02:10.568+0530] {example_python_decorator.py:80} WARNING - The virtalenv_python example task requires virtualenv, please install it.
[2024-09-09T21:02:10.569+0530] {processor.py:925} INFO - DAG(s) 'example_python_decorator' retrieved from /home/sst7260/airflow_projects/project1/env/lib/python3.10/site-packages/airflow/example_dags/example_python_decorator.py
[2024-09-09T21:02:10.581+0530] {logging_mixin.py:190} INFO - [2024-09-09T21:02:10.581+0530] {dag.py:3229} INFO - Sync 1 DAGs
[2024-09-09T21:02:10.590+0530] {logging_mixin.py:190} INFO - [2024-09-09T21:02:10.590+0530] {dag.py:4156} INFO - Setting next_dagrun for example_python_decorator to None, run_after=None
[2024-09-09T21:02:10.617+0530] {processor.py:208} INFO - Processing /home/sst7260/airflow_projects/project1/env/lib/python3.10/site-packages/airflow/example_dags/example_python_decorator.py took 0.106 seconds
[2024-09-09T21:03:32.381+0530] {processor.py:186} INFO - Started process (PID=131519) to work on /home/sst7260/airflow_projects/project1/env/lib/python3.10/site-packages/airflow/example_dags/example_python_decorator.py
[2024-09-09T21:03:32.383+0530] {processor.py:914} INFO - Processing file /home/sst7260/airflow_projects/project1/env/lib/python3.10/site-packages/airflow/example_dags/example_python_decorator.py for tasks to queue
[2024-09-09T21:03:32.385+0530] {logging_mixin.py:190} INFO - [2024-09-09T21:03:32.384+0530] {dagbag.py:587} INFO - Filling up the DagBag from /home/sst7260/airflow_projects/project1/env/lib/python3.10/site-packages/airflow/example_dags/example_python_decorator.py
[2024-09-09T21:03:32.443+0530] {logging_mixin.py:190} INFO - [2024-09-09T21:03:32.443+0530] {example_python_decorator.py:80} WARNING - The virtalenv_python example task requires virtualenv, please install it.
[2024-09-09T21:03:32.445+0530] {processor.py:925} INFO - DAG(s) 'example_python_decorator' retrieved from /home/sst7260/airflow_projects/project1/env/lib/python3.10/site-packages/airflow/example_dags/example_python_decorator.py
[2024-09-09T21:03:32.457+0530] {logging_mixin.py:190} INFO - [2024-09-09T21:03:32.457+0530] {dag.py:3229} INFO - Sync 1 DAGs
[2024-09-09T21:03:32.465+0530] {logging_mixin.py:190} INFO - [2024-09-09T21:03:32.465+0530] {dag.py:4156} INFO - Setting next_dagrun for example_python_decorator to None, run_after=None
[2024-09-09T21:03:32.486+0530] {processor.py:208} INFO - Processing /home/sst7260/airflow_projects/project1/env/lib/python3.10/site-packages/airflow/example_dags/example_python_decorator.py took 0.109 seconds
[2024-09-09T21:04:58.277+0530] {processor.py:186} INFO - Started process (PID=131685) to work on /home/sst7260/airflow_projects/project1/env/lib/python3.10/site-packages/airflow/example_dags/example_python_decorator.py
[2024-09-09T21:04:58.279+0530] {processor.py:914} INFO - Processing file /home/sst7260/airflow_projects/project1/env/lib/python3.10/site-packages/airflow/example_dags/example_python_decorator.py for tasks to queue
[2024-09-09T21:04:58.280+0530] {logging_mixin.py:190} INFO - [2024-09-09T21:04:58.280+0530] {dagbag.py:587} INFO - Filling up the DagBag from /home/sst7260/airflow_projects/project1/env/lib/python3.10/site-packages/airflow/example_dags/example_python_decorator.py
[2024-09-09T21:04:58.369+0530] {logging_mixin.py:190} INFO - [2024-09-09T21:04:58.368+0530] {example_python_decorator.py:80} WARNING - The virtalenv_python example task requires virtualenv, please install it.
[2024-09-09T21:04:58.372+0530] {processor.py:925} INFO - DAG(s) 'example_python_decorator' retrieved from /home/sst7260/airflow_projects/project1/env/lib/python3.10/site-packages/airflow/example_dags/example_python_decorator.py
[2024-09-09T21:04:58.387+0530] {logging_mixin.py:190} INFO - [2024-09-09T21:04:58.387+0530] {dag.py:3229} INFO - Sync 1 DAGs
[2024-09-09T21:04:58.396+0530] {logging_mixin.py:190} INFO - [2024-09-09T21:04:58.396+0530] {dag.py:4156} INFO - Setting next_dagrun for example_python_decorator to None, run_after=None
[2024-09-09T21:04:58.425+0530] {processor.py:208} INFO - Processing /home/sst7260/airflow_projects/project1/env/lib/python3.10/site-packages/airflow/example_dags/example_python_decorator.py took 0.153 seconds
[2024-09-09T21:05:54.288+0530] {processor.py:186} INFO - Started process (PID=131874) to work on /home/sst7260/airflow_projects/project1/env/lib/python3.10/site-packages/airflow/example_dags/example_python_decorator.py
[2024-09-09T21:05:54.290+0530] {processor.py:914} INFO - Processing file /home/sst7260/airflow_projects/project1/env/lib/python3.10/site-packages/airflow/example_dags/example_python_decorator.py for tasks to queue
[2024-09-09T21:05:54.291+0530] {logging_mixin.py:190} INFO - [2024-09-09T21:05:54.291+0530] {dagbag.py:587} INFO - Filling up the DagBag from /home/sst7260/airflow_projects/project1/env/lib/python3.10/site-packages/airflow/example_dags/example_python_decorator.py
[2024-09-09T21:05:54.359+0530] {logging_mixin.py:190} INFO - [2024-09-09T21:05:54.359+0530] {example_python_decorator.py:80} WARNING - The virtalenv_python example task requires virtualenv, please install it.
[2024-09-09T21:05:54.361+0530] {processor.py:925} INFO - DAG(s) 'example_python_decorator' retrieved from /home/sst7260/airflow_projects/project1/env/lib/python3.10/site-packages/airflow/example_dags/example_python_decorator.py
[2024-09-09T21:05:54.371+0530] {logging_mixin.py:190} INFO - [2024-09-09T21:05:54.371+0530] {dag.py:3229} INFO - Sync 1 DAGs
[2024-09-09T21:05:54.379+0530] {logging_mixin.py:190} INFO - [2024-09-09T21:05:54.379+0530] {dag.py:4156} INFO - Setting next_dagrun for example_python_decorator to None, run_after=None
[2024-09-09T21:05:54.403+0530] {processor.py:208} INFO - Processing /home/sst7260/airflow_projects/project1/env/lib/python3.10/site-packages/airflow/example_dags/example_python_decorator.py took 0.119 seconds
[2024-09-09T21:07:15.937+0530] {processor.py:186} INFO - Started process (PID=131976) to work on /home/sst7260/airflow_projects/project1/env/lib/python3.10/site-packages/airflow/example_dags/example_python_decorator.py
[2024-09-09T21:07:15.942+0530] {processor.py:914} INFO - Processing file /home/sst7260/airflow_projects/project1/env/lib/python3.10/site-packages/airflow/example_dags/example_python_decorator.py for tasks to queue
[2024-09-09T21:07:15.943+0530] {logging_mixin.py:190} INFO - [2024-09-09T21:07:15.943+0530] {dagbag.py:587} INFO - Filling up the DagBag from /home/sst7260/airflow_projects/project1/env/lib/python3.10/site-packages/airflow/example_dags/example_python_decorator.py
[2024-09-09T21:07:16.026+0530] {logging_mixin.py:190} INFO - [2024-09-09T21:07:16.025+0530] {example_python_decorator.py:80} WARNING - The virtalenv_python example task requires virtualenv, please install it.
[2024-09-09T21:07:16.029+0530] {processor.py:925} INFO - DAG(s) 'example_python_decorator' retrieved from /home/sst7260/airflow_projects/project1/env/lib/python3.10/site-packages/airflow/example_dags/example_python_decorator.py
[2024-09-09T21:07:16.039+0530] {logging_mixin.py:190} INFO - [2024-09-09T21:07:16.038+0530] {dag.py:3229} INFO - Sync 1 DAGs
[2024-09-09T21:07:16.047+0530] {logging_mixin.py:190} INFO - [2024-09-09T21:07:16.047+0530] {dag.py:4156} INFO - Setting next_dagrun for example_python_decorator to None, run_after=None
[2024-09-09T21:07:16.070+0530] {processor.py:208} INFO - Processing /home/sst7260/airflow_projects/project1/env/lib/python3.10/site-packages/airflow/example_dags/example_python_decorator.py took 0.137 seconds
[2024-09-09T21:08:37.593+0530] {processor.py:186} INFO - Started process (PID=132068) to work on /home/sst7260/airflow_projects/project1/env/lib/python3.10/site-packages/airflow/example_dags/example_python_decorator.py
[2024-09-09T21:08:37.603+0530] {processor.py:914} INFO - Processing file /home/sst7260/airflow_projects/project1/env/lib/python3.10/site-packages/airflow/example_dags/example_python_decorator.py for tasks to queue
[2024-09-09T21:08:37.604+0530] {logging_mixin.py:190} INFO - [2024-09-09T21:08:37.604+0530] {dagbag.py:587} INFO - Filling up the DagBag from /home/sst7260/airflow_projects/project1/env/lib/python3.10/site-packages/airflow/example_dags/example_python_decorator.py
[2024-09-09T21:08:37.663+0530] {logging_mixin.py:190} INFO - [2024-09-09T21:08:37.662+0530] {example_python_decorator.py:80} WARNING - The virtalenv_python example task requires virtualenv, please install it.
[2024-09-09T21:08:37.664+0530] {processor.py:925} INFO - DAG(s) 'example_python_decorator' retrieved from /home/sst7260/airflow_projects/project1/env/lib/python3.10/site-packages/airflow/example_dags/example_python_decorator.py
[2024-09-09T21:08:37.675+0530] {logging_mixin.py:190} INFO - [2024-09-09T21:08:37.674+0530] {dag.py:3229} INFO - Sync 1 DAGs
[2024-09-09T21:08:37.686+0530] {logging_mixin.py:190} INFO - [2024-09-09T21:08:37.686+0530] {dag.py:4156} INFO - Setting next_dagrun for example_python_decorator to None, run_after=None
[2024-09-09T21:08:37.709+0530] {processor.py:208} INFO - Processing /home/sst7260/airflow_projects/project1/env/lib/python3.10/site-packages/airflow/example_dags/example_python_decorator.py took 0.121 seconds
[2024-09-09T21:09:58.697+0530] {processor.py:186} INFO - Started process (PID=132167) to work on /home/sst7260/airflow_projects/project1/env/lib/python3.10/site-packages/airflow/example_dags/example_python_decorator.py
[2024-09-09T21:09:58.698+0530] {processor.py:914} INFO - Processing file /home/sst7260/airflow_projects/project1/env/lib/python3.10/site-packages/airflow/example_dags/example_python_decorator.py for tasks to queue
[2024-09-09T21:09:58.699+0530] {logging_mixin.py:190} INFO - [2024-09-09T21:09:58.699+0530] {dagbag.py:587} INFO - Filling up the DagBag from /home/sst7260/airflow_projects/project1/env/lib/python3.10/site-packages/airflow/example_dags/example_python_decorator.py
[2024-09-09T21:09:58.753+0530] {logging_mixin.py:190} INFO - [2024-09-09T21:09:58.753+0530] {example_python_decorator.py:80} WARNING - The virtalenv_python example task requires virtualenv, please install it.
[2024-09-09T21:09:58.755+0530] {processor.py:925} INFO - DAG(s) 'example_python_decorator' retrieved from /home/sst7260/airflow_projects/project1/env/lib/python3.10/site-packages/airflow/example_dags/example_python_decorator.py
[2024-09-09T21:09:58.767+0530] {logging_mixin.py:190} INFO - [2024-09-09T21:09:58.766+0530] {dag.py:3229} INFO - Sync 1 DAGs
[2024-09-09T21:09:58.774+0530] {logging_mixin.py:190} INFO - [2024-09-09T21:09:58.774+0530] {dag.py:4156} INFO - Setting next_dagrun for example_python_decorator to None, run_after=None
[2024-09-09T21:09:58.795+0530] {processor.py:208} INFO - Processing /home/sst7260/airflow_projects/project1/env/lib/python3.10/site-packages/airflow/example_dags/example_python_decorator.py took 0.103 seconds
[2024-09-09T21:11:16.721+0530] {processor.py:186} INFO - Started process (PID=132290) to work on /home/sst7260/airflow_projects/project1/env/lib/python3.10/site-packages/airflow/example_dags/example_python_decorator.py
[2024-09-09T21:11:16.722+0530] {processor.py:914} INFO - Processing file /home/sst7260/airflow_projects/project1/env/lib/python3.10/site-packages/airflow/example_dags/example_python_decorator.py for tasks to queue
[2024-09-09T21:11:16.723+0530] {logging_mixin.py:190} INFO - [2024-09-09T21:11:16.723+0530] {dagbag.py:587} INFO - Filling up the DagBag from /home/sst7260/airflow_projects/project1/env/lib/python3.10/site-packages/airflow/example_dags/example_python_decorator.py
[2024-09-09T21:11:16.780+0530] {logging_mixin.py:190} INFO - [2024-09-09T21:11:16.779+0530] {example_python_decorator.py:80} WARNING - The virtalenv_python example task requires virtualenv, please install it.
[2024-09-09T21:11:16.782+0530] {processor.py:925} INFO - DAG(s) 'example_python_decorator' retrieved from /home/sst7260/airflow_projects/project1/env/lib/python3.10/site-packages/airflow/example_dags/example_python_decorator.py
[2024-09-09T21:11:16.795+0530] {logging_mixin.py:190} INFO - [2024-09-09T21:11:16.794+0530] {dag.py:3229} INFO - Sync 1 DAGs
[2024-09-09T21:11:16.805+0530] {logging_mixin.py:190} INFO - [2024-09-09T21:11:16.804+0530] {dag.py:4156} INFO - Setting next_dagrun for example_python_decorator to None, run_after=None
[2024-09-09T21:11:16.830+0530] {processor.py:208} INFO - Processing /home/sst7260/airflow_projects/project1/env/lib/python3.10/site-packages/airflow/example_dags/example_python_decorator.py took 0.115 seconds
[2024-09-09T21:12:12.083+0530] {processor.py:186} INFO - Started process (PID=132357) to work on /home/sst7260/airflow_projects/project1/env/lib/python3.10/site-packages/airflow/example_dags/example_python_decorator.py
[2024-09-09T21:12:12.085+0530] {processor.py:914} INFO - Processing file /home/sst7260/airflow_projects/project1/env/lib/python3.10/site-packages/airflow/example_dags/example_python_decorator.py for tasks to queue
[2024-09-09T21:12:12.086+0530] {logging_mixin.py:190} INFO - [2024-09-09T21:12:12.086+0530] {dagbag.py:587} INFO - Filling up the DagBag from /home/sst7260/airflow_projects/project1/env/lib/python3.10/site-packages/airflow/example_dags/example_python_decorator.py
[2024-09-09T21:12:12.155+0530] {logging_mixin.py:190} INFO - [2024-09-09T21:12:12.155+0530] {example_python_decorator.py:80} WARNING - The virtalenv_python example task requires virtualenv, please install it.
[2024-09-09T21:12:12.156+0530] {processor.py:925} INFO - DAG(s) 'example_python_decorator' retrieved from /home/sst7260/airflow_projects/project1/env/lib/python3.10/site-packages/airflow/example_dags/example_python_decorator.py
[2024-09-09T21:12:12.168+0530] {logging_mixin.py:190} INFO - [2024-09-09T21:12:12.168+0530] {dag.py:3229} INFO - Sync 1 DAGs
[2024-09-09T21:12:12.175+0530] {logging_mixin.py:190} INFO - [2024-09-09T21:12:12.175+0530] {dag.py:4156} INFO - Setting next_dagrun for example_python_decorator to None, run_after=None
[2024-09-09T21:12:12.199+0530] {processor.py:208} INFO - Processing /home/sst7260/airflow_projects/project1/env/lib/python3.10/site-packages/airflow/example_dags/example_python_decorator.py took 0.120 seconds
[2024-09-09T21:13:33.432+0530] {processor.py:186} INFO - Started process (PID=132454) to work on /home/sst7260/airflow_projects/project1/env/lib/python3.10/site-packages/airflow/example_dags/example_python_decorator.py
[2024-09-09T21:13:33.433+0530] {processor.py:914} INFO - Processing file /home/sst7260/airflow_projects/project1/env/lib/python3.10/site-packages/airflow/example_dags/example_python_decorator.py for tasks to queue
[2024-09-09T21:13:33.434+0530] {logging_mixin.py:190} INFO - [2024-09-09T21:13:33.434+0530] {dagbag.py:587} INFO - Filling up the DagBag from /home/sst7260/airflow_projects/project1/env/lib/python3.10/site-packages/airflow/example_dags/example_python_decorator.py
[2024-09-09T21:13:33.504+0530] {logging_mixin.py:190} INFO - [2024-09-09T21:13:33.504+0530] {example_python_decorator.py:80} WARNING - The virtalenv_python example task requires virtualenv, please install it.
[2024-09-09T21:13:33.507+0530] {processor.py:925} INFO - DAG(s) 'example_python_decorator' retrieved from /home/sst7260/airflow_projects/project1/env/lib/python3.10/site-packages/airflow/example_dags/example_python_decorator.py
[2024-09-09T21:13:33.517+0530] {logging_mixin.py:190} INFO - [2024-09-09T21:13:33.517+0530] {dag.py:3229} INFO - Sync 1 DAGs
[2024-09-09T21:13:33.525+0530] {logging_mixin.py:190} INFO - [2024-09-09T21:13:33.524+0530] {dag.py:4156} INFO - Setting next_dagrun for example_python_decorator to None, run_after=None
[2024-09-09T21:13:33.546+0530] {processor.py:208} INFO - Processing /home/sst7260/airflow_projects/project1/env/lib/python3.10/site-packages/airflow/example_dags/example_python_decorator.py took 0.121 seconds
[2024-09-09T21:14:28.756+0530] {processor.py:186} INFO - Started process (PID=132517) to work on /home/sst7260/airflow_projects/project1/env/lib/python3.10/site-packages/airflow/example_dags/example_python_decorator.py
[2024-09-09T21:14:28.758+0530] {processor.py:914} INFO - Processing file /home/sst7260/airflow_projects/project1/env/lib/python3.10/site-packages/airflow/example_dags/example_python_decorator.py for tasks to queue
[2024-09-09T21:14:28.759+0530] {logging_mixin.py:190} INFO - [2024-09-09T21:14:28.758+0530] {dagbag.py:587} INFO - Filling up the DagBag from /home/sst7260/airflow_projects/project1/env/lib/python3.10/site-packages/airflow/example_dags/example_python_decorator.py
[2024-09-09T21:14:28.817+0530] {logging_mixin.py:190} INFO - [2024-09-09T21:14:28.817+0530] {example_python_decorator.py:80} WARNING - The virtalenv_python example task requires virtualenv, please install it.
[2024-09-09T21:14:28.819+0530] {processor.py:925} INFO - DAG(s) 'example_python_decorator' retrieved from /home/sst7260/airflow_projects/project1/env/lib/python3.10/site-packages/airflow/example_dags/example_python_decorator.py
[2024-09-09T21:14:28.830+0530] {logging_mixin.py:190} INFO - [2024-09-09T21:14:28.830+0530] {dag.py:3229} INFO - Sync 1 DAGs
[2024-09-09T21:14:28.838+0530] {logging_mixin.py:190} INFO - [2024-09-09T21:14:28.838+0530] {dag.py:4156} INFO - Setting next_dagrun for example_python_decorator to None, run_after=None
[2024-09-09T21:14:28.860+0530] {processor.py:208} INFO - Processing /home/sst7260/airflow_projects/project1/env/lib/python3.10/site-packages/airflow/example_dags/example_python_decorator.py took 0.109 seconds
[2024-09-09T21:15:27.796+0530] {processor.py:186} INFO - Started process (PID=132648) to work on /home/sst7260/airflow_projects/project1/env/lib/python3.10/site-packages/airflow/example_dags/example_python_decorator.py
[2024-09-09T21:15:27.801+0530] {processor.py:914} INFO - Processing file /home/sst7260/airflow_projects/project1/env/lib/python3.10/site-packages/airflow/example_dags/example_python_decorator.py for tasks to queue
[2024-09-09T21:15:27.801+0530] {logging_mixin.py:190} INFO - [2024-09-09T21:15:27.801+0530] {dagbag.py:587} INFO - Filling up the DagBag from /home/sst7260/airflow_projects/project1/env/lib/python3.10/site-packages/airflow/example_dags/example_python_decorator.py
[2024-09-09T21:15:27.867+0530] {logging_mixin.py:190} INFO - [2024-09-09T21:15:27.866+0530] {example_python_decorator.py:80} WARNING - The virtalenv_python example task requires virtualenv, please install it.
[2024-09-09T21:15:27.868+0530] {processor.py:925} INFO - DAG(s) 'example_python_decorator' retrieved from /home/sst7260/airflow_projects/project1/env/lib/python3.10/site-packages/airflow/example_dags/example_python_decorator.py
[2024-09-09T21:15:27.879+0530] {logging_mixin.py:190} INFO - [2024-09-09T21:15:27.879+0530] {dag.py:3229} INFO - Sync 1 DAGs
[2024-09-09T21:15:27.887+0530] {logging_mixin.py:190} INFO - [2024-09-09T21:15:27.887+0530] {dag.py:4156} INFO - Setting next_dagrun for example_python_decorator to None, run_after=None
[2024-09-09T21:15:27.919+0530] {processor.py:208} INFO - Processing /home/sst7260/airflow_projects/project1/env/lib/python3.10/site-packages/airflow/example_dags/example_python_decorator.py took 0.127 seconds
[2024-09-09T21:16:25.420+0530] {processor.py:186} INFO - Started process (PID=132742) to work on /home/sst7260/airflow_projects/project1/env/lib/python3.10/site-packages/airflow/example_dags/example_python_decorator.py
[2024-09-09T21:16:25.424+0530] {processor.py:914} INFO - Processing file /home/sst7260/airflow_projects/project1/env/lib/python3.10/site-packages/airflow/example_dags/example_python_decorator.py for tasks to queue
[2024-09-09T21:16:25.425+0530] {logging_mixin.py:190} INFO - [2024-09-09T21:16:25.424+0530] {dagbag.py:587} INFO - Filling up the DagBag from /home/sst7260/airflow_projects/project1/env/lib/python3.10/site-packages/airflow/example_dags/example_python_decorator.py
[2024-09-09T21:16:25.497+0530] {logging_mixin.py:190} INFO - [2024-09-09T21:16:25.497+0530] {example_python_decorator.py:80} WARNING - The virtalenv_python example task requires virtualenv, please install it.
[2024-09-09T21:16:25.499+0530] {processor.py:925} INFO - DAG(s) 'example_python_decorator' retrieved from /home/sst7260/airflow_projects/project1/env/lib/python3.10/site-packages/airflow/example_dags/example_python_decorator.py
[2024-09-09T21:16:25.509+0530] {logging_mixin.py:190} INFO - [2024-09-09T21:16:25.509+0530] {dag.py:3229} INFO - Sync 1 DAGs
[2024-09-09T21:16:25.518+0530] {logging_mixin.py:190} INFO - [2024-09-09T21:16:25.517+0530] {dag.py:4156} INFO - Setting next_dagrun for example_python_decorator to None, run_after=None
[2024-09-09T21:16:25.540+0530] {processor.py:208} INFO - Processing /home/sst7260/airflow_projects/project1/env/lib/python3.10/site-packages/airflow/example_dags/example_python_decorator.py took 0.125 seconds
[2024-09-09T21:17:46.918+0530] {processor.py:186} INFO - Started process (PID=132847) to work on /home/sst7260/airflow_projects/project1/env/lib/python3.10/site-packages/airflow/example_dags/example_python_decorator.py
[2024-09-09T21:17:46.919+0530] {processor.py:914} INFO - Processing file /home/sst7260/airflow_projects/project1/env/lib/python3.10/site-packages/airflow/example_dags/example_python_decorator.py for tasks to queue
[2024-09-09T21:17:46.920+0530] {logging_mixin.py:190} INFO - [2024-09-09T21:17:46.919+0530] {dagbag.py:587} INFO - Filling up the DagBag from /home/sst7260/airflow_projects/project1/env/lib/python3.10/site-packages/airflow/example_dags/example_python_decorator.py
[2024-09-09T21:17:46.977+0530] {logging_mixin.py:190} INFO - [2024-09-09T21:17:46.977+0530] {example_python_decorator.py:80} WARNING - The virtalenv_python example task requires virtualenv, please install it.
[2024-09-09T21:17:46.978+0530] {processor.py:925} INFO - DAG(s) 'example_python_decorator' retrieved from /home/sst7260/airflow_projects/project1/env/lib/python3.10/site-packages/airflow/example_dags/example_python_decorator.py
[2024-09-09T21:17:46.989+0530] {logging_mixin.py:190} INFO - [2024-09-09T21:17:46.989+0530] {dag.py:3229} INFO - Sync 1 DAGs
[2024-09-09T21:17:46.997+0530] {logging_mixin.py:190} INFO - [2024-09-09T21:17:46.997+0530] {dag.py:4156} INFO - Setting next_dagrun for example_python_decorator to None, run_after=None
[2024-09-09T21:17:47.025+0530] {processor.py:208} INFO - Processing /home/sst7260/airflow_projects/project1/env/lib/python3.10/site-packages/airflow/example_dags/example_python_decorator.py took 0.112 seconds
[2024-09-09T21:19:10.999+0530] {processor.py:186} INFO - Started process (PID=132946) to work on /home/sst7260/airflow_projects/project1/env/lib/python3.10/site-packages/airflow/example_dags/example_python_decorator.py
[2024-09-09T21:19:11.002+0530] {processor.py:914} INFO - Processing file /home/sst7260/airflow_projects/project1/env/lib/python3.10/site-packages/airflow/example_dags/example_python_decorator.py for tasks to queue
[2024-09-09T21:19:11.004+0530] {logging_mixin.py:190} INFO - [2024-09-09T21:19:11.003+0530] {dagbag.py:587} INFO - Filling up the DagBag from /home/sst7260/airflow_projects/project1/env/lib/python3.10/site-packages/airflow/example_dags/example_python_decorator.py
[2024-09-09T21:19:11.070+0530] {logging_mixin.py:190} INFO - [2024-09-09T21:19:11.070+0530] {example_python_decorator.py:80} WARNING - The virtalenv_python example task requires virtualenv, please install it.
[2024-09-09T21:19:11.072+0530] {processor.py:925} INFO - DAG(s) 'example_python_decorator' retrieved from /home/sst7260/airflow_projects/project1/env/lib/python3.10/site-packages/airflow/example_dags/example_python_decorator.py
[2024-09-09T21:19:11.083+0530] {logging_mixin.py:190} INFO - [2024-09-09T21:19:11.082+0530] {dag.py:3229} INFO - Sync 1 DAGs
[2024-09-09T21:19:11.090+0530] {logging_mixin.py:190} INFO - [2024-09-09T21:19:11.090+0530] {dag.py:4156} INFO - Setting next_dagrun for example_python_decorator to None, run_after=None
[2024-09-09T21:19:11.114+0530] {processor.py:208} INFO - Processing /home/sst7260/airflow_projects/project1/env/lib/python3.10/site-packages/airflow/example_dags/example_python_decorator.py took 0.120 seconds
[2024-09-09T21:20:33.033+0530] {processor.py:186} INFO - Started process (PID=133047) to work on /home/sst7260/airflow_projects/project1/env/lib/python3.10/site-packages/airflow/example_dags/example_python_decorator.py
[2024-09-09T21:20:33.036+0530] {processor.py:914} INFO - Processing file /home/sst7260/airflow_projects/project1/env/lib/python3.10/site-packages/airflow/example_dags/example_python_decorator.py for tasks to queue
[2024-09-09T21:20:33.037+0530] {logging_mixin.py:190} INFO - [2024-09-09T21:20:33.037+0530] {dagbag.py:587} INFO - Filling up the DagBag from /home/sst7260/airflow_projects/project1/env/lib/python3.10/site-packages/airflow/example_dags/example_python_decorator.py
[2024-09-09T21:20:33.112+0530] {logging_mixin.py:190} INFO - [2024-09-09T21:20:33.112+0530] {example_python_decorator.py:80} WARNING - The virtalenv_python example task requires virtualenv, please install it.
[2024-09-09T21:20:33.114+0530] {processor.py:925} INFO - DAG(s) 'example_python_decorator' retrieved from /home/sst7260/airflow_projects/project1/env/lib/python3.10/site-packages/airflow/example_dags/example_python_decorator.py
[2024-09-09T21:20:33.125+0530] {logging_mixin.py:190} INFO - [2024-09-09T21:20:33.125+0530] {dag.py:3229} INFO - Sync 1 DAGs
[2024-09-09T21:20:33.133+0530] {logging_mixin.py:190} INFO - [2024-09-09T21:20:33.132+0530] {dag.py:4156} INFO - Setting next_dagrun for example_python_decorator to None, run_after=None
[2024-09-09T21:20:33.155+0530] {processor.py:208} INFO - Processing /home/sst7260/airflow_projects/project1/env/lib/python3.10/site-packages/airflow/example_dags/example_python_decorator.py took 0.130 seconds
[2024-09-09T21:21:29.658+0530] {processor.py:186} INFO - Started process (PID=133200) to work on /home/sst7260/airflow_projects/project1/env/lib/python3.10/site-packages/airflow/example_dags/example_python_decorator.py
[2024-09-09T21:21:29.659+0530] {processor.py:914} INFO - Processing file /home/sst7260/airflow_projects/project1/env/lib/python3.10/site-packages/airflow/example_dags/example_python_decorator.py for tasks to queue
[2024-09-09T21:21:29.660+0530] {logging_mixin.py:190} INFO - [2024-09-09T21:21:29.660+0530] {dagbag.py:587} INFO - Filling up the DagBag from /home/sst7260/airflow_projects/project1/env/lib/python3.10/site-packages/airflow/example_dags/example_python_decorator.py
[2024-09-09T21:21:29.728+0530] {logging_mixin.py:190} INFO - [2024-09-09T21:21:29.727+0530] {example_python_decorator.py:80} WARNING - The virtalenv_python example task requires virtualenv, please install it.
[2024-09-09T21:21:29.729+0530] {processor.py:925} INFO - DAG(s) 'example_python_decorator' retrieved from /home/sst7260/airflow_projects/project1/env/lib/python3.10/site-packages/airflow/example_dags/example_python_decorator.py
[2024-09-09T21:21:29.741+0530] {logging_mixin.py:190} INFO - [2024-09-09T21:21:29.740+0530] {dag.py:3229} INFO - Sync 1 DAGs
[2024-09-09T21:21:29.748+0530] {logging_mixin.py:190} INFO - [2024-09-09T21:21:29.748+0530] {dag.py:4156} INFO - Setting next_dagrun for example_python_decorator to None, run_after=None
[2024-09-09T21:21:29.769+0530] {processor.py:208} INFO - Processing /home/sst7260/airflow_projects/project1/env/lib/python3.10/site-packages/airflow/example_dags/example_python_decorator.py took 0.116 seconds
[2024-09-09T21:22:47.395+0530] {processor.py:186} INFO - Started process (PID=133298) to work on /home/sst7260/airflow_projects/project1/env/lib/python3.10/site-packages/airflow/example_dags/example_python_decorator.py
[2024-09-09T21:22:47.404+0530] {processor.py:914} INFO - Processing file /home/sst7260/airflow_projects/project1/env/lib/python3.10/site-packages/airflow/example_dags/example_python_decorator.py for tasks to queue
[2024-09-09T21:22:47.405+0530] {logging_mixin.py:190} INFO - [2024-09-09T21:22:47.405+0530] {dagbag.py:587} INFO - Filling up the DagBag from /home/sst7260/airflow_projects/project1/env/lib/python3.10/site-packages/airflow/example_dags/example_python_decorator.py
[2024-09-09T21:22:47.474+0530] {logging_mixin.py:190} INFO - [2024-09-09T21:22:47.474+0530] {example_python_decorator.py:80} WARNING - The virtalenv_python example task requires virtualenv, please install it.
[2024-09-09T21:22:47.476+0530] {processor.py:925} INFO - DAG(s) 'example_python_decorator' retrieved from /home/sst7260/airflow_projects/project1/env/lib/python3.10/site-packages/airflow/example_dags/example_python_decorator.py
[2024-09-09T21:22:47.487+0530] {logging_mixin.py:190} INFO - [2024-09-09T21:22:47.487+0530] {dag.py:3229} INFO - Sync 1 DAGs
[2024-09-09T21:22:47.494+0530] {logging_mixin.py:190} INFO - [2024-09-09T21:22:47.494+0530] {dag.py:4156} INFO - Setting next_dagrun for example_python_decorator to None, run_after=None
[2024-09-09T21:22:47.522+0530] {processor.py:208} INFO - Processing /home/sst7260/airflow_projects/project1/env/lib/python3.10/site-packages/airflow/example_dags/example_python_decorator.py took 0.132 seconds
[2024-09-09T21:24:11.117+0530] {processor.py:186} INFO - Started process (PID=133391) to work on /home/sst7260/airflow_projects/project1/env/lib/python3.10/site-packages/airflow/example_dags/example_python_decorator.py
[2024-09-09T21:24:11.122+0530] {processor.py:914} INFO - Processing file /home/sst7260/airflow_projects/project1/env/lib/python3.10/site-packages/airflow/example_dags/example_python_decorator.py for tasks to queue
[2024-09-09T21:24:11.123+0530] {logging_mixin.py:190} INFO - [2024-09-09T21:24:11.123+0530] {dagbag.py:587} INFO - Filling up the DagBag from /home/sst7260/airflow_projects/project1/env/lib/python3.10/site-packages/airflow/example_dags/example_python_decorator.py
[2024-09-09T21:24:11.196+0530] {logging_mixin.py:190} INFO - [2024-09-09T21:24:11.195+0530] {example_python_decorator.py:80} WARNING - The virtalenv_python example task requires virtualenv, please install it.
[2024-09-09T21:24:11.198+0530] {processor.py:925} INFO - DAG(s) 'example_python_decorator' retrieved from /home/sst7260/airflow_projects/project1/env/lib/python3.10/site-packages/airflow/example_dags/example_python_decorator.py
[2024-09-09T21:24:11.210+0530] {logging_mixin.py:190} INFO - [2024-09-09T21:24:11.210+0530] {dag.py:3229} INFO - Sync 1 DAGs
[2024-09-09T21:24:11.220+0530] {logging_mixin.py:190} INFO - [2024-09-09T21:24:11.220+0530] {dag.py:4156} INFO - Setting next_dagrun for example_python_decorator to None, run_after=None
[2024-09-09T21:24:11.249+0530] {processor.py:208} INFO - Processing /home/sst7260/airflow_projects/project1/env/lib/python3.10/site-packages/airflow/example_dags/example_python_decorator.py took 0.137 seconds
[2024-09-09T21:25:09.197+0530] {processor.py:186} INFO - Started process (PID=133462) to work on /home/sst7260/airflow_projects/project1/env/lib/python3.10/site-packages/airflow/example_dags/example_python_decorator.py
[2024-09-09T21:25:09.202+0530] {processor.py:914} INFO - Processing file /home/sst7260/airflow_projects/project1/env/lib/python3.10/site-packages/airflow/example_dags/example_python_decorator.py for tasks to queue
[2024-09-09T21:25:09.203+0530] {logging_mixin.py:190} INFO - [2024-09-09T21:25:09.202+0530] {dagbag.py:587} INFO - Filling up the DagBag from /home/sst7260/airflow_projects/project1/env/lib/python3.10/site-packages/airflow/example_dags/example_python_decorator.py
[2024-09-09T21:25:09.269+0530] {logging_mixin.py:190} INFO - [2024-09-09T21:25:09.269+0530] {example_python_decorator.py:80} WARNING - The virtalenv_python example task requires virtualenv, please install it.
[2024-09-09T21:25:09.271+0530] {processor.py:925} INFO - DAG(s) 'example_python_decorator' retrieved from /home/sst7260/airflow_projects/project1/env/lib/python3.10/site-packages/airflow/example_dags/example_python_decorator.py
[2024-09-09T21:25:09.282+0530] {logging_mixin.py:190} INFO - [2024-09-09T21:25:09.281+0530] {dag.py:3229} INFO - Sync 1 DAGs
[2024-09-09T21:25:09.289+0530] {logging_mixin.py:190} INFO - [2024-09-09T21:25:09.289+0530] {dag.py:4156} INFO - Setting next_dagrun for example_python_decorator to None, run_after=None
[2024-09-09T21:25:09.314+0530] {processor.py:208} INFO - Processing /home/sst7260/airflow_projects/project1/env/lib/python3.10/site-packages/airflow/example_dags/example_python_decorator.py took 0.122 seconds
[2024-09-09T21:26:05.762+0530] {processor.py:186} INFO - Started process (PID=133618) to work on /home/sst7260/airflow_projects/project1/env/lib/python3.10/site-packages/airflow/example_dags/example_python_decorator.py
[2024-09-09T21:26:05.766+0530] {processor.py:914} INFO - Processing file /home/sst7260/airflow_projects/project1/env/lib/python3.10/site-packages/airflow/example_dags/example_python_decorator.py for tasks to queue
[2024-09-09T21:26:05.768+0530] {logging_mixin.py:190} INFO - [2024-09-09T21:26:05.767+0530] {dagbag.py:587} INFO - Filling up the DagBag from /home/sst7260/airflow_projects/project1/env/lib/python3.10/site-packages/airflow/example_dags/example_python_decorator.py
[2024-09-09T21:26:05.847+0530] {logging_mixin.py:190} INFO - [2024-09-09T21:26:05.847+0530] {example_python_decorator.py:80} WARNING - The virtalenv_python example task requires virtualenv, please install it.
[2024-09-09T21:26:05.849+0530] {processor.py:925} INFO - DAG(s) 'example_python_decorator' retrieved from /home/sst7260/airflow_projects/project1/env/lib/python3.10/site-packages/airflow/example_dags/example_python_decorator.py
[2024-09-09T21:26:05.860+0530] {logging_mixin.py:190} INFO - [2024-09-09T21:26:05.859+0530] {dag.py:3229} INFO - Sync 1 DAGs
[2024-09-09T21:26:05.867+0530] {logging_mixin.py:190} INFO - [2024-09-09T21:26:05.867+0530] {dag.py:4156} INFO - Setting next_dagrun for example_python_decorator to None, run_after=None
[2024-09-09T21:26:05.888+0530] {processor.py:208} INFO - Processing /home/sst7260/airflow_projects/project1/env/lib/python3.10/site-packages/airflow/example_dags/example_python_decorator.py took 0.131 seconds
[2024-09-09T21:27:02.283+0530] {processor.py:186} INFO - Started process (PID=133683) to work on /home/sst7260/airflow_projects/project1/env/lib/python3.10/site-packages/airflow/example_dags/example_python_decorator.py
[2024-09-09T21:27:02.285+0530] {processor.py:914} INFO - Processing file /home/sst7260/airflow_projects/project1/env/lib/python3.10/site-packages/airflow/example_dags/example_python_decorator.py for tasks to queue
[2024-09-09T21:27:02.286+0530] {logging_mixin.py:190} INFO - [2024-09-09T21:27:02.286+0530] {dagbag.py:587} INFO - Filling up the DagBag from /home/sst7260/airflow_projects/project1/env/lib/python3.10/site-packages/airflow/example_dags/example_python_decorator.py
[2024-09-09T21:27:02.350+0530] {logging_mixin.py:190} INFO - [2024-09-09T21:27:02.350+0530] {example_python_decorator.py:80} WARNING - The virtalenv_python example task requires virtualenv, please install it.
[2024-09-09T21:27:02.352+0530] {processor.py:925} INFO - DAG(s) 'example_python_decorator' retrieved from /home/sst7260/airflow_projects/project1/env/lib/python3.10/site-packages/airflow/example_dags/example_python_decorator.py
[2024-09-09T21:27:02.362+0530] {logging_mixin.py:190} INFO - [2024-09-09T21:27:02.362+0530] {dag.py:3229} INFO - Sync 1 DAGs
[2024-09-09T21:27:02.370+0530] {logging_mixin.py:190} INFO - [2024-09-09T21:27:02.370+0530] {dag.py:4156} INFO - Setting next_dagrun for example_python_decorator to None, run_after=None
[2024-09-09T21:27:02.394+0530] {processor.py:208} INFO - Processing /home/sst7260/airflow_projects/project1/env/lib/python3.10/site-packages/airflow/example_dags/example_python_decorator.py took 0.115 seconds
[2024-09-09T21:28:24.572+0530] {processor.py:186} INFO - Started process (PID=133842) to work on /home/sst7260/airflow_projects/project1/env/lib/python3.10/site-packages/airflow/example_dags/example_python_decorator.py
[2024-09-09T21:28:24.576+0530] {processor.py:914} INFO - Processing file /home/sst7260/airflow_projects/project1/env/lib/python3.10/site-packages/airflow/example_dags/example_python_decorator.py for tasks to queue
[2024-09-09T21:28:24.577+0530] {logging_mixin.py:190} INFO - [2024-09-09T21:28:24.577+0530] {dagbag.py:587} INFO - Filling up the DagBag from /home/sst7260/airflow_projects/project1/env/lib/python3.10/site-packages/airflow/example_dags/example_python_decorator.py
[2024-09-09T21:28:24.630+0530] {logging_mixin.py:190} INFO - [2024-09-09T21:28:24.630+0530] {example_python_decorator.py:80} WARNING - The virtalenv_python example task requires virtualenv, please install it.
[2024-09-09T21:28:24.632+0530] {processor.py:925} INFO - DAG(s) 'example_python_decorator' retrieved from /home/sst7260/airflow_projects/project1/env/lib/python3.10/site-packages/airflow/example_dags/example_python_decorator.py
[2024-09-09T21:28:24.656+0530] {logging_mixin.py:190} INFO - [2024-09-09T21:28:24.656+0530] {dag.py:3229} INFO - Sync 1 DAGs
[2024-09-09T21:28:24.666+0530] {logging_mixin.py:190} INFO - [2024-09-09T21:28:24.666+0530] {dag.py:4156} INFO - Setting next_dagrun for example_python_decorator to None, run_after=None
[2024-09-09T21:28:24.708+0530] {processor.py:208} INFO - Processing /home/sst7260/airflow_projects/project1/env/lib/python3.10/site-packages/airflow/example_dags/example_python_decorator.py took 0.141 seconds
[2024-09-09T21:29:22.446+0530] {processor.py:186} INFO - Started process (PID=133908) to work on /home/sst7260/airflow_projects/project1/env/lib/python3.10/site-packages/airflow/example_dags/example_python_decorator.py
[2024-09-09T21:29:22.451+0530] {processor.py:914} INFO - Processing file /home/sst7260/airflow_projects/project1/env/lib/python3.10/site-packages/airflow/example_dags/example_python_decorator.py for tasks to queue
[2024-09-09T21:29:22.452+0530] {logging_mixin.py:190} INFO - [2024-09-09T21:29:22.452+0530] {dagbag.py:587} INFO - Filling up the DagBag from /home/sst7260/airflow_projects/project1/env/lib/python3.10/site-packages/airflow/example_dags/example_python_decorator.py
[2024-09-09T21:29:22.531+0530] {logging_mixin.py:190} INFO - [2024-09-09T21:29:22.531+0530] {example_python_decorator.py:80} WARNING - The virtalenv_python example task requires virtualenv, please install it.
[2024-09-09T21:29:22.533+0530] {processor.py:925} INFO - DAG(s) 'example_python_decorator' retrieved from /home/sst7260/airflow_projects/project1/env/lib/python3.10/site-packages/airflow/example_dags/example_python_decorator.py
[2024-09-09T21:29:22.543+0530] {logging_mixin.py:190} INFO - [2024-09-09T21:29:22.543+0530] {dag.py:3229} INFO - Sync 1 DAGs
[2024-09-09T21:29:22.551+0530] {logging_mixin.py:190} INFO - [2024-09-09T21:29:22.551+0530] {dag.py:4156} INFO - Setting next_dagrun for example_python_decorator to None, run_after=None
[2024-09-09T21:29:22.578+0530] {processor.py:208} INFO - Processing /home/sst7260/airflow_projects/project1/env/lib/python3.10/site-packages/airflow/example_dags/example_python_decorator.py took 0.136 seconds
[2024-09-09T21:30:42.404+0530] {processor.py:186} INFO - Started process (PID=134032) to work on /home/sst7260/airflow_projects/project1/env/lib/python3.10/site-packages/airflow/example_dags/example_python_decorator.py
[2024-09-09T21:30:42.406+0530] {processor.py:914} INFO - Processing file /home/sst7260/airflow_projects/project1/env/lib/python3.10/site-packages/airflow/example_dags/example_python_decorator.py for tasks to queue
[2024-09-09T21:30:42.407+0530] {logging_mixin.py:190} INFO - [2024-09-09T21:30:42.407+0530] {dagbag.py:587} INFO - Filling up the DagBag from /home/sst7260/airflow_projects/project1/env/lib/python3.10/site-packages/airflow/example_dags/example_python_decorator.py
[2024-09-09T21:30:42.476+0530] {logging_mixin.py:190} INFO - [2024-09-09T21:30:42.476+0530] {example_python_decorator.py:80} WARNING - The virtalenv_python example task requires virtualenv, please install it.
[2024-09-09T21:30:42.478+0530] {processor.py:925} INFO - DAG(s) 'example_python_decorator' retrieved from /home/sst7260/airflow_projects/project1/env/lib/python3.10/site-packages/airflow/example_dags/example_python_decorator.py
[2024-09-09T21:30:42.488+0530] {logging_mixin.py:190} INFO - [2024-09-09T21:30:42.488+0530] {dag.py:3229} INFO - Sync 1 DAGs
[2024-09-09T21:30:42.496+0530] {logging_mixin.py:190} INFO - [2024-09-09T21:30:42.496+0530] {dag.py:4156} INFO - Setting next_dagrun for example_python_decorator to None, run_after=None
[2024-09-09T21:30:42.523+0530] {processor.py:208} INFO - Processing /home/sst7260/airflow_projects/project1/env/lib/python3.10/site-packages/airflow/example_dags/example_python_decorator.py took 0.123 seconds
[2024-09-09T21:32:04.250+0530] {processor.py:186} INFO - Started process (PID=134130) to work on /home/sst7260/airflow_projects/project1/env/lib/python3.10/site-packages/airflow/example_dags/example_python_decorator.py
[2024-09-09T21:32:04.252+0530] {processor.py:914} INFO - Processing file /home/sst7260/airflow_projects/project1/env/lib/python3.10/site-packages/airflow/example_dags/example_python_decorator.py for tasks to queue
[2024-09-09T21:32:04.255+0530] {logging_mixin.py:190} INFO - [2024-09-09T21:32:04.254+0530] {dagbag.py:587} INFO - Filling up the DagBag from /home/sst7260/airflow_projects/project1/env/lib/python3.10/site-packages/airflow/example_dags/example_python_decorator.py
[2024-09-09T21:32:04.280+0530] {logging_mixin.py:190} INFO - [2024-09-09T21:32:04.280+0530] {example_python_decorator.py:80} WARNING - The virtalenv_python example task requires virtualenv, please install it.
[2024-09-09T21:32:04.281+0530] {processor.py:925} INFO - DAG(s) 'example_python_decorator' retrieved from /home/sst7260/airflow_projects/project1/env/lib/python3.10/site-packages/airflow/example_dags/example_python_decorator.py
[2024-09-09T21:32:04.292+0530] {logging_mixin.py:190} INFO - [2024-09-09T21:32:04.292+0530] {dag.py:3229} INFO - Sync 1 DAGs
[2024-09-09T21:32:04.300+0530] {logging_mixin.py:190} INFO - [2024-09-09T21:32:04.300+0530] {dag.py:4156} INFO - Setting next_dagrun for example_python_decorator to None, run_after=None
[2024-09-09T21:32:04.321+0530] {processor.py:208} INFO - Processing /home/sst7260/airflow_projects/project1/env/lib/python3.10/site-packages/airflow/example_dags/example_python_decorator.py took 0.075 seconds
[2024-09-09T21:33:26.346+0530] {processor.py:186} INFO - Started process (PID=134223) to work on /home/sst7260/airflow_projects/project1/env/lib/python3.10/site-packages/airflow/example_dags/example_python_decorator.py
[2024-09-09T21:33:26.348+0530] {processor.py:914} INFO - Processing file /home/sst7260/airflow_projects/project1/env/lib/python3.10/site-packages/airflow/example_dags/example_python_decorator.py for tasks to queue
[2024-09-09T21:33:26.349+0530] {logging_mixin.py:190} INFO - [2024-09-09T21:33:26.349+0530] {dagbag.py:587} INFO - Filling up the DagBag from /home/sst7260/airflow_projects/project1/env/lib/python3.10/site-packages/airflow/example_dags/example_python_decorator.py
[2024-09-09T21:33:26.411+0530] {logging_mixin.py:190} INFO - [2024-09-09T21:33:26.410+0530] {example_python_decorator.py:80} WARNING - The virtalenv_python example task requires virtualenv, please install it.
[2024-09-09T21:33:26.413+0530] {processor.py:925} INFO - DAG(s) 'example_python_decorator' retrieved from /home/sst7260/airflow_projects/project1/env/lib/python3.10/site-packages/airflow/example_dags/example_python_decorator.py
[2024-09-09T21:33:26.424+0530] {logging_mixin.py:190} INFO - [2024-09-09T21:33:26.423+0530] {dag.py:3229} INFO - Sync 1 DAGs
[2024-09-09T21:33:26.432+0530] {logging_mixin.py:190} INFO - [2024-09-09T21:33:26.432+0530] {dag.py:4156} INFO - Setting next_dagrun for example_python_decorator to None, run_after=None
[2024-09-09T21:33:26.455+0530] {processor.py:208} INFO - Processing /home/sst7260/airflow_projects/project1/env/lib/python3.10/site-packages/airflow/example_dags/example_python_decorator.py took 0.113 seconds
[2024-09-09T21:34:47.518+0530] {processor.py:186} INFO - Started process (PID=134319) to work on /home/sst7260/airflow_projects/project1/env/lib/python3.10/site-packages/airflow/example_dags/example_python_decorator.py
[2024-09-09T21:34:47.520+0530] {processor.py:914} INFO - Processing file /home/sst7260/airflow_projects/project1/env/lib/python3.10/site-packages/airflow/example_dags/example_python_decorator.py for tasks to queue
[2024-09-09T21:34:47.521+0530] {logging_mixin.py:190} INFO - [2024-09-09T21:34:47.521+0530] {dagbag.py:587} INFO - Filling up the DagBag from /home/sst7260/airflow_projects/project1/env/lib/python3.10/site-packages/airflow/example_dags/example_python_decorator.py
[2024-09-09T21:34:47.575+0530] {logging_mixin.py:190} INFO - [2024-09-09T21:34:47.574+0530] {example_python_decorator.py:80} WARNING - The virtalenv_python example task requires virtualenv, please install it.
[2024-09-09T21:34:47.577+0530] {processor.py:925} INFO - DAG(s) 'example_python_decorator' retrieved from /home/sst7260/airflow_projects/project1/env/lib/python3.10/site-packages/airflow/example_dags/example_python_decorator.py
[2024-09-09T21:34:47.588+0530] {logging_mixin.py:190} INFO - [2024-09-09T21:34:47.587+0530] {dag.py:3229} INFO - Sync 1 DAGs
[2024-09-09T21:34:47.596+0530] {logging_mixin.py:190} INFO - [2024-09-09T21:34:47.595+0530] {dag.py:4156} INFO - Setting next_dagrun for example_python_decorator to None, run_after=None
[2024-09-09T21:34:47.617+0530] {processor.py:208} INFO - Processing /home/sst7260/airflow_projects/project1/env/lib/python3.10/site-packages/airflow/example_dags/example_python_decorator.py took 0.103 seconds
[2024-09-09T21:35:42.976+0530] {processor.py:186} INFO - Started process (PID=134410) to work on /home/sst7260/airflow_projects/project1/env/lib/python3.10/site-packages/airflow/example_dags/example_python_decorator.py
[2024-09-09T21:35:42.978+0530] {processor.py:914} INFO - Processing file /home/sst7260/airflow_projects/project1/env/lib/python3.10/site-packages/airflow/example_dags/example_python_decorator.py for tasks to queue
[2024-09-09T21:35:42.980+0530] {logging_mixin.py:190} INFO - [2024-09-09T21:35:42.980+0530] {dagbag.py:587} INFO - Filling up the DagBag from /home/sst7260/airflow_projects/project1/env/lib/python3.10/site-packages/airflow/example_dags/example_python_decorator.py
[2024-09-09T21:35:43.064+0530] {logging_mixin.py:190} INFO - [2024-09-09T21:35:43.064+0530] {example_python_decorator.py:80} WARNING - The virtalenv_python example task requires virtualenv, please install it.
[2024-09-09T21:35:43.066+0530] {processor.py:925} INFO - DAG(s) 'example_python_decorator' retrieved from /home/sst7260/airflow_projects/project1/env/lib/python3.10/site-packages/airflow/example_dags/example_python_decorator.py
[2024-09-09T21:35:43.077+0530] {logging_mixin.py:190} INFO - [2024-09-09T21:35:43.077+0530] {dag.py:3229} INFO - Sync 1 DAGs
[2024-09-09T21:35:43.085+0530] {logging_mixin.py:190} INFO - [2024-09-09T21:35:43.085+0530] {dag.py:4156} INFO - Setting next_dagrun for example_python_decorator to None, run_after=None
[2024-09-09T21:35:43.107+0530] {processor.py:208} INFO - Processing /home/sst7260/airflow_projects/project1/env/lib/python3.10/site-packages/airflow/example_dags/example_python_decorator.py took 0.136 seconds
[2024-09-09T21:37:05.574+0530] {processor.py:186} INFO - Started process (PID=134509) to work on /home/sst7260/airflow_projects/project1/env/lib/python3.10/site-packages/airflow/example_dags/example_python_decorator.py
[2024-09-09T21:37:05.576+0530] {processor.py:914} INFO - Processing file /home/sst7260/airflow_projects/project1/env/lib/python3.10/site-packages/airflow/example_dags/example_python_decorator.py for tasks to queue
[2024-09-09T21:37:05.576+0530] {logging_mixin.py:190} INFO - [2024-09-09T21:37:05.576+0530] {dagbag.py:587} INFO - Filling up the DagBag from /home/sst7260/airflow_projects/project1/env/lib/python3.10/site-packages/airflow/example_dags/example_python_decorator.py
[2024-09-09T21:37:05.632+0530] {logging_mixin.py:190} INFO - [2024-09-09T21:37:05.631+0530] {example_python_decorator.py:80} WARNING - The virtalenv_python example task requires virtualenv, please install it.
[2024-09-09T21:37:05.634+0530] {processor.py:925} INFO - DAG(s) 'example_python_decorator' retrieved from /home/sst7260/airflow_projects/project1/env/lib/python3.10/site-packages/airflow/example_dags/example_python_decorator.py
[2024-09-09T21:37:05.646+0530] {logging_mixin.py:190} INFO - [2024-09-09T21:37:05.645+0530] {dag.py:3229} INFO - Sync 1 DAGs
[2024-09-09T21:37:05.653+0530] {logging_mixin.py:190} INFO - [2024-09-09T21:37:05.653+0530] {dag.py:4156} INFO - Setting next_dagrun for example_python_decorator to None, run_after=None
[2024-09-09T21:37:05.675+0530] {processor.py:208} INFO - Processing /home/sst7260/airflow_projects/project1/env/lib/python3.10/site-packages/airflow/example_dags/example_python_decorator.py took 0.104 seconds
[2024-09-09T21:38:26.769+0530] {processor.py:186} INFO - Started process (PID=134605) to work on /home/sst7260/airflow_projects/project1/env/lib/python3.10/site-packages/airflow/example_dags/example_python_decorator.py
[2024-09-09T21:38:26.770+0530] {processor.py:914} INFO - Processing file /home/sst7260/airflow_projects/project1/env/lib/python3.10/site-packages/airflow/example_dags/example_python_decorator.py for tasks to queue
[2024-09-09T21:38:26.771+0530] {logging_mixin.py:190} INFO - [2024-09-09T21:38:26.771+0530] {dagbag.py:587} INFO - Filling up the DagBag from /home/sst7260/airflow_projects/project1/env/lib/python3.10/site-packages/airflow/example_dags/example_python_decorator.py
[2024-09-09T21:38:26.841+0530] {logging_mixin.py:190} INFO - [2024-09-09T21:38:26.840+0530] {example_python_decorator.py:80} WARNING - The virtalenv_python example task requires virtualenv, please install it.
[2024-09-09T21:38:26.843+0530] {processor.py:925} INFO - DAG(s) 'example_python_decorator' retrieved from /home/sst7260/airflow_projects/project1/env/lib/python3.10/site-packages/airflow/example_dags/example_python_decorator.py
[2024-09-09T21:38:26.853+0530] {logging_mixin.py:190} INFO - [2024-09-09T21:38:26.853+0530] {dag.py:3229} INFO - Sync 1 DAGs
[2024-09-09T21:38:26.861+0530] {logging_mixin.py:190} INFO - [2024-09-09T21:38:26.861+0530] {dag.py:4156} INFO - Setting next_dagrun for example_python_decorator to None, run_after=None
[2024-09-09T21:38:26.882+0530] {processor.py:208} INFO - Processing /home/sst7260/airflow_projects/project1/env/lib/python3.10/site-packages/airflow/example_dags/example_python_decorator.py took 0.119 seconds
[2024-09-09T21:39:48.202+0530] {processor.py:186} INFO - Started process (PID=134703) to work on /home/sst7260/airflow_projects/project1/env/lib/python3.10/site-packages/airflow/example_dags/example_python_decorator.py
[2024-09-09T21:39:48.206+0530] {processor.py:914} INFO - Processing file /home/sst7260/airflow_projects/project1/env/lib/python3.10/site-packages/airflow/example_dags/example_python_decorator.py for tasks to queue
[2024-09-09T21:39:48.207+0530] {logging_mixin.py:190} INFO - [2024-09-09T21:39:48.207+0530] {dagbag.py:587} INFO - Filling up the DagBag from /home/sst7260/airflow_projects/project1/env/lib/python3.10/site-packages/airflow/example_dags/example_python_decorator.py
[2024-09-09T21:39:48.281+0530] {logging_mixin.py:190} INFO - [2024-09-09T21:39:48.280+0530] {example_python_decorator.py:80} WARNING - The virtalenv_python example task requires virtualenv, please install it.
[2024-09-09T21:39:48.284+0530] {processor.py:925} INFO - DAG(s) 'example_python_decorator' retrieved from /home/sst7260/airflow_projects/project1/env/lib/python3.10/site-packages/airflow/example_dags/example_python_decorator.py
[2024-09-09T21:39:48.295+0530] {logging_mixin.py:190} INFO - [2024-09-09T21:39:48.295+0530] {dag.py:3229} INFO - Sync 1 DAGs
[2024-09-09T21:39:48.303+0530] {logging_mixin.py:190} INFO - [2024-09-09T21:39:48.303+0530] {dag.py:4156} INFO - Setting next_dagrun for example_python_decorator to None, run_after=None
[2024-09-09T21:39:48.327+0530] {processor.py:208} INFO - Processing /home/sst7260/airflow_projects/project1/env/lib/python3.10/site-packages/airflow/example_dags/example_python_decorator.py took 0.130 seconds
[2024-09-09T21:41:08.199+0530] {processor.py:186} INFO - Started process (PID=134819) to work on /home/sst7260/airflow_projects/project1/env/lib/python3.10/site-packages/airflow/example_dags/example_python_decorator.py
[2024-09-09T21:41:08.204+0530] {processor.py:914} INFO - Processing file /home/sst7260/airflow_projects/project1/env/lib/python3.10/site-packages/airflow/example_dags/example_python_decorator.py for tasks to queue
[2024-09-09T21:41:08.205+0530] {logging_mixin.py:190} INFO - [2024-09-09T21:41:08.204+0530] {dagbag.py:587} INFO - Filling up the DagBag from /home/sst7260/airflow_projects/project1/env/lib/python3.10/site-packages/airflow/example_dags/example_python_decorator.py
[2024-09-09T21:41:08.285+0530] {logging_mixin.py:190} INFO - [2024-09-09T21:41:08.285+0530] {example_python_decorator.py:80} WARNING - The virtalenv_python example task requires virtualenv, please install it.
[2024-09-09T21:41:08.287+0530] {processor.py:925} INFO - DAG(s) 'example_python_decorator' retrieved from /home/sst7260/airflow_projects/project1/env/lib/python3.10/site-packages/airflow/example_dags/example_python_decorator.py
[2024-09-09T21:41:08.297+0530] {logging_mixin.py:190} INFO - [2024-09-09T21:41:08.297+0530] {dag.py:3229} INFO - Sync 1 DAGs
[2024-09-09T21:41:08.305+0530] {logging_mixin.py:190} INFO - [2024-09-09T21:41:08.305+0530] {dag.py:4156} INFO - Setting next_dagrun for example_python_decorator to None, run_after=None
[2024-09-09T21:41:08.332+0530] {processor.py:208} INFO - Processing /home/sst7260/airflow_projects/project1/env/lib/python3.10/site-packages/airflow/example_dags/example_python_decorator.py took 0.137 seconds
[2024-09-09T21:42:27.408+0530] {processor.py:186} INFO - Started process (PID=134916) to work on /home/sst7260/airflow_projects/project1/env/lib/python3.10/site-packages/airflow/example_dags/example_python_decorator.py
[2024-09-09T21:42:27.409+0530] {processor.py:914} INFO - Processing file /home/sst7260/airflow_projects/project1/env/lib/python3.10/site-packages/airflow/example_dags/example_python_decorator.py for tasks to queue
[2024-09-09T21:42:27.411+0530] {logging_mixin.py:190} INFO - [2024-09-09T21:42:27.411+0530] {dagbag.py:587} INFO - Filling up the DagBag from /home/sst7260/airflow_projects/project1/env/lib/python3.10/site-packages/airflow/example_dags/example_python_decorator.py
[2024-09-09T21:42:27.487+0530] {logging_mixin.py:190} INFO - [2024-09-09T21:42:27.487+0530] {example_python_decorator.py:80} WARNING - The virtalenv_python example task requires virtualenv, please install it.
[2024-09-09T21:42:27.490+0530] {processor.py:925} INFO - DAG(s) 'example_python_decorator' retrieved from /home/sst7260/airflow_projects/project1/env/lib/python3.10/site-packages/airflow/example_dags/example_python_decorator.py
[2024-09-09T21:42:27.501+0530] {logging_mixin.py:190} INFO - [2024-09-09T21:42:27.501+0530] {dag.py:3229} INFO - Sync 1 DAGs
[2024-09-09T21:42:27.509+0530] {logging_mixin.py:190} INFO - [2024-09-09T21:42:27.509+0530] {dag.py:4156} INFO - Setting next_dagrun for example_python_decorator to None, run_after=None
[2024-09-09T21:42:27.532+0530] {processor.py:208} INFO - Processing /home/sst7260/airflow_projects/project1/env/lib/python3.10/site-packages/airflow/example_dags/example_python_decorator.py took 0.128 seconds
[2024-09-09T21:43:44.836+0530] {processor.py:186} INFO - Started process (PID=135010) to work on /home/sst7260/airflow_projects/project1/env/lib/python3.10/site-packages/airflow/example_dags/example_python_decorator.py
[2024-09-09T21:43:44.841+0530] {processor.py:914} INFO - Processing file /home/sst7260/airflow_projects/project1/env/lib/python3.10/site-packages/airflow/example_dags/example_python_decorator.py for tasks to queue
[2024-09-09T21:43:44.842+0530] {logging_mixin.py:190} INFO - [2024-09-09T21:43:44.842+0530] {dagbag.py:587} INFO - Filling up the DagBag from /home/sst7260/airflow_projects/project1/env/lib/python3.10/site-packages/airflow/example_dags/example_python_decorator.py
[2024-09-09T21:43:44.909+0530] {logging_mixin.py:190} INFO - [2024-09-09T21:43:44.908+0530] {example_python_decorator.py:80} WARNING - The virtalenv_python example task requires virtualenv, please install it.
[2024-09-09T21:43:44.910+0530] {processor.py:925} INFO - DAG(s) 'example_python_decorator' retrieved from /home/sst7260/airflow_projects/project1/env/lib/python3.10/site-packages/airflow/example_dags/example_python_decorator.py
[2024-09-09T21:43:44.921+0530] {logging_mixin.py:190} INFO - [2024-09-09T21:43:44.920+0530] {dag.py:3229} INFO - Sync 1 DAGs
[2024-09-09T21:43:44.928+0530] {logging_mixin.py:190} INFO - [2024-09-09T21:43:44.928+0530] {dag.py:4156} INFO - Setting next_dagrun for example_python_decorator to None, run_after=None
[2024-09-09T21:43:44.952+0530] {processor.py:208} INFO - Processing /home/sst7260/airflow_projects/project1/env/lib/python3.10/site-packages/airflow/example_dags/example_python_decorator.py took 0.121 seconds
[2024-09-09T21:45:05.972+0530] {processor.py:186} INFO - Started process (PID=135106) to work on /home/sst7260/airflow_projects/project1/env/lib/python3.10/site-packages/airflow/example_dags/example_python_decorator.py
[2024-09-09T21:45:05.976+0530] {processor.py:914} INFO - Processing file /home/sst7260/airflow_projects/project1/env/lib/python3.10/site-packages/airflow/example_dags/example_python_decorator.py for tasks to queue
[2024-09-09T21:45:05.977+0530] {logging_mixin.py:190} INFO - [2024-09-09T21:45:05.977+0530] {dagbag.py:587} INFO - Filling up the DagBag from /home/sst7260/airflow_projects/project1/env/lib/python3.10/site-packages/airflow/example_dags/example_python_decorator.py
[2024-09-09T21:45:06.071+0530] {logging_mixin.py:190} INFO - [2024-09-09T21:45:06.071+0530] {example_python_decorator.py:80} WARNING - The virtalenv_python example task requires virtualenv, please install it.
[2024-09-09T21:45:06.073+0530] {processor.py:925} INFO - DAG(s) 'example_python_decorator' retrieved from /home/sst7260/airflow_projects/project1/env/lib/python3.10/site-packages/airflow/example_dags/example_python_decorator.py
[2024-09-09T21:45:06.083+0530] {logging_mixin.py:190} INFO - [2024-09-09T21:45:06.083+0530] {dag.py:3229} INFO - Sync 1 DAGs
[2024-09-09T21:45:06.090+0530] {logging_mixin.py:190} INFO - [2024-09-09T21:45:06.090+0530] {dag.py:4156} INFO - Setting next_dagrun for example_python_decorator to None, run_after=None
[2024-09-09T21:45:06.114+0530] {processor.py:208} INFO - Processing /home/sst7260/airflow_projects/project1/env/lib/python3.10/site-packages/airflow/example_dags/example_python_decorator.py took 0.147 seconds
[2024-09-09T21:46:25.001+0530] {processor.py:186} INFO - Started process (PID=135224) to work on /home/sst7260/airflow_projects/project1/env/lib/python3.10/site-packages/airflow/example_dags/example_python_decorator.py
[2024-09-09T21:46:25.002+0530] {processor.py:914} INFO - Processing file /home/sst7260/airflow_projects/project1/env/lib/python3.10/site-packages/airflow/example_dags/example_python_decorator.py for tasks to queue
[2024-09-09T21:46:25.003+0530] {logging_mixin.py:190} INFO - [2024-09-09T21:46:25.003+0530] {dagbag.py:587} INFO - Filling up the DagBag from /home/sst7260/airflow_projects/project1/env/lib/python3.10/site-packages/airflow/example_dags/example_python_decorator.py
[2024-09-09T21:46:25.067+0530] {logging_mixin.py:190} INFO - [2024-09-09T21:46:25.067+0530] {example_python_decorator.py:80} WARNING - The virtalenv_python example task requires virtualenv, please install it.
[2024-09-09T21:46:25.069+0530] {processor.py:925} INFO - DAG(s) 'example_python_decorator' retrieved from /home/sst7260/airflow_projects/project1/env/lib/python3.10/site-packages/airflow/example_dags/example_python_decorator.py
[2024-09-09T21:46:25.082+0530] {logging_mixin.py:190} INFO - [2024-09-09T21:46:25.082+0530] {dag.py:3229} INFO - Sync 1 DAGs
[2024-09-09T21:46:25.090+0530] {logging_mixin.py:190} INFO - [2024-09-09T21:46:25.090+0530] {dag.py:4156} INFO - Setting next_dagrun for example_python_decorator to None, run_after=None
[2024-09-09T21:46:25.116+0530] {processor.py:208} INFO - Processing /home/sst7260/airflow_projects/project1/env/lib/python3.10/site-packages/airflow/example_dags/example_python_decorator.py took 0.120 seconds
[2024-09-09T21:47:21.860+0530] {processor.py:186} INFO - Started process (PID=135288) to work on /home/sst7260/airflow_projects/project1/env/lib/python3.10/site-packages/airflow/example_dags/example_python_decorator.py
[2024-09-09T21:47:21.862+0530] {processor.py:914} INFO - Processing file /home/sst7260/airflow_projects/project1/env/lib/python3.10/site-packages/airflow/example_dags/example_python_decorator.py for tasks to queue
[2024-09-09T21:47:21.863+0530] {logging_mixin.py:190} INFO - [2024-09-09T21:47:21.862+0530] {dagbag.py:587} INFO - Filling up the DagBag from /home/sst7260/airflow_projects/project1/env/lib/python3.10/site-packages/airflow/example_dags/example_python_decorator.py
[2024-09-09T21:47:21.942+0530] {logging_mixin.py:190} INFO - [2024-09-09T21:47:21.942+0530] {example_python_decorator.py:80} WARNING - The virtalenv_python example task requires virtualenv, please install it.
[2024-09-09T21:47:21.944+0530] {processor.py:925} INFO - DAG(s) 'example_python_decorator' retrieved from /home/sst7260/airflow_projects/project1/env/lib/python3.10/site-packages/airflow/example_dags/example_python_decorator.py
[2024-09-09T21:47:21.954+0530] {logging_mixin.py:190} INFO - [2024-09-09T21:47:21.954+0530] {dag.py:3229} INFO - Sync 1 DAGs
[2024-09-09T21:47:21.963+0530] {logging_mixin.py:190} INFO - [2024-09-09T21:47:21.963+0530] {dag.py:4156} INFO - Setting next_dagrun for example_python_decorator to None, run_after=None
[2024-09-09T21:47:21.986+0530] {processor.py:208} INFO - Processing /home/sst7260/airflow_projects/project1/env/lib/python3.10/site-packages/airflow/example_dags/example_python_decorator.py took 0.130 seconds
[2024-09-09T21:48:37.670+0530] {processor.py:186} INFO - Started process (PID=135381) to work on /home/sst7260/airflow_projects/project1/env/lib/python3.10/site-packages/airflow/example_dags/example_python_decorator.py
[2024-09-09T21:48:37.672+0530] {processor.py:914} INFO - Processing file /home/sst7260/airflow_projects/project1/env/lib/python3.10/site-packages/airflow/example_dags/example_python_decorator.py for tasks to queue
[2024-09-09T21:48:37.673+0530] {logging_mixin.py:190} INFO - [2024-09-09T21:48:37.673+0530] {dagbag.py:587} INFO - Filling up the DagBag from /home/sst7260/airflow_projects/project1/env/lib/python3.10/site-packages/airflow/example_dags/example_python_decorator.py
[2024-09-09T21:48:37.751+0530] {logging_mixin.py:190} INFO - [2024-09-09T21:48:37.750+0530] {example_python_decorator.py:80} WARNING - The virtalenv_python example task requires virtualenv, please install it.
[2024-09-09T21:48:37.752+0530] {processor.py:925} INFO - DAG(s) 'example_python_decorator' retrieved from /home/sst7260/airflow_projects/project1/env/lib/python3.10/site-packages/airflow/example_dags/example_python_decorator.py
[2024-09-09T21:48:37.762+0530] {logging_mixin.py:190} INFO - [2024-09-09T21:48:37.762+0530] {dag.py:3229} INFO - Sync 1 DAGs
[2024-09-09T21:48:37.770+0530] {logging_mixin.py:190} INFO - [2024-09-09T21:48:37.769+0530] {dag.py:4156} INFO - Setting next_dagrun for example_python_decorator to None, run_after=None
[2024-09-09T21:48:37.793+0530] {processor.py:208} INFO - Processing /home/sst7260/airflow_projects/project1/env/lib/python3.10/site-packages/airflow/example_dags/example_python_decorator.py took 0.127 seconds
[2024-09-09T21:49:56.932+0530] {processor.py:186} INFO - Started process (PID=135478) to work on /home/sst7260/airflow_projects/project1/env/lib/python3.10/site-packages/airflow/example_dags/example_python_decorator.py
[2024-09-09T21:49:56.934+0530] {processor.py:914} INFO - Processing file /home/sst7260/airflow_projects/project1/env/lib/python3.10/site-packages/airflow/example_dags/example_python_decorator.py for tasks to queue
[2024-09-09T21:49:56.935+0530] {logging_mixin.py:190} INFO - [2024-09-09T21:49:56.935+0530] {dagbag.py:587} INFO - Filling up the DagBag from /home/sst7260/airflow_projects/project1/env/lib/python3.10/site-packages/airflow/example_dags/example_python_decorator.py
[2024-09-09T21:49:57.024+0530] {logging_mixin.py:190} INFO - [2024-09-09T21:49:57.023+0530] {example_python_decorator.py:80} WARNING - The virtalenv_python example task requires virtualenv, please install it.
[2024-09-09T21:49:57.026+0530] {processor.py:925} INFO - DAG(s) 'example_python_decorator' retrieved from /home/sst7260/airflow_projects/project1/env/lib/python3.10/site-packages/airflow/example_dags/example_python_decorator.py
[2024-09-09T21:49:57.036+0530] {logging_mixin.py:190} INFO - [2024-09-09T21:49:57.036+0530] {dag.py:3229} INFO - Sync 1 DAGs
[2024-09-09T21:49:57.043+0530] {logging_mixin.py:190} INFO - [2024-09-09T21:49:57.043+0530] {dag.py:4156} INFO - Setting next_dagrun for example_python_decorator to None, run_after=None
[2024-09-09T21:49:57.067+0530] {processor.py:208} INFO - Processing /home/sst7260/airflow_projects/project1/env/lib/python3.10/site-packages/airflow/example_dags/example_python_decorator.py took 0.139 seconds
[2024-09-09T21:50:53.106+0530] {processor.py:186} INFO - Started process (PID=135568) to work on /home/sst7260/airflow_projects/project1/env/lib/python3.10/site-packages/airflow/example_dags/example_python_decorator.py
[2024-09-09T21:50:53.111+0530] {processor.py:914} INFO - Processing file /home/sst7260/airflow_projects/project1/env/lib/python3.10/site-packages/airflow/example_dags/example_python_decorator.py for tasks to queue
[2024-09-09T21:50:53.112+0530] {logging_mixin.py:190} INFO - [2024-09-09T21:50:53.112+0530] {dagbag.py:587} INFO - Filling up the DagBag from /home/sst7260/airflow_projects/project1/env/lib/python3.10/site-packages/airflow/example_dags/example_python_decorator.py
[2024-09-09T21:50:53.200+0530] {logging_mixin.py:190} INFO - [2024-09-09T21:50:53.200+0530] {example_python_decorator.py:80} WARNING - The virtalenv_python example task requires virtualenv, please install it.
[2024-09-09T21:50:53.202+0530] {processor.py:925} INFO - DAG(s) 'example_python_decorator' retrieved from /home/sst7260/airflow_projects/project1/env/lib/python3.10/site-packages/airflow/example_dags/example_python_decorator.py
[2024-09-09T21:50:53.212+0530] {logging_mixin.py:190} INFO - [2024-09-09T21:50:53.212+0530] {dag.py:3229} INFO - Sync 1 DAGs
[2024-09-09T21:50:53.219+0530] {logging_mixin.py:190} INFO - [2024-09-09T21:50:53.219+0530] {dag.py:4156} INFO - Setting next_dagrun for example_python_decorator to None, run_after=None
[2024-09-09T21:50:53.244+0530] {processor.py:208} INFO - Processing /home/sst7260/airflow_projects/project1/env/lib/python3.10/site-packages/airflow/example_dags/example_python_decorator.py took 0.142 seconds
[2024-09-09T21:52:11.939+0530] {processor.py:186} INFO - Started process (PID=135663) to work on /home/sst7260/airflow_projects/project1/env/lib/python3.10/site-packages/airflow/example_dags/example_python_decorator.py
[2024-09-09T21:52:11.941+0530] {processor.py:914} INFO - Processing file /home/sst7260/airflow_projects/project1/env/lib/python3.10/site-packages/airflow/example_dags/example_python_decorator.py for tasks to queue
[2024-09-09T21:52:11.942+0530] {logging_mixin.py:190} INFO - [2024-09-09T21:52:11.942+0530] {dagbag.py:587} INFO - Filling up the DagBag from /home/sst7260/airflow_projects/project1/env/lib/python3.10/site-packages/airflow/example_dags/example_python_decorator.py
[2024-09-09T21:52:12.001+0530] {logging_mixin.py:190} INFO - [2024-09-09T21:52:12.001+0530] {example_python_decorator.py:80} WARNING - The virtalenv_python example task requires virtualenv, please install it.
[2024-09-09T21:52:12.003+0530] {processor.py:925} INFO - DAG(s) 'example_python_decorator' retrieved from /home/sst7260/airflow_projects/project1/env/lib/python3.10/site-packages/airflow/example_dags/example_python_decorator.py
[2024-09-09T21:52:12.013+0530] {logging_mixin.py:190} INFO - [2024-09-09T21:52:12.013+0530] {dag.py:3229} INFO - Sync 1 DAGs
[2024-09-09T21:52:12.020+0530] {logging_mixin.py:190} INFO - [2024-09-09T21:52:12.020+0530] {dag.py:4156} INFO - Setting next_dagrun for example_python_decorator to None, run_after=None
[2024-09-09T21:52:12.044+0530] {processor.py:208} INFO - Processing /home/sst7260/airflow_projects/project1/env/lib/python3.10/site-packages/airflow/example_dags/example_python_decorator.py took 0.108 seconds
