[2024-09-09T20:46:47.996+0530] {processor.py:186} INFO - Started process (PID=128496) to work on /home/sst7260/airflow_projects/project1/env/lib/python3.10/site-packages/airflow/example_dags/example_branch_labels.py
[2024-09-09T20:46:47.997+0530] {processor.py:914} INFO - Processing file /home/sst7260/airflow_projects/project1/env/lib/python3.10/site-packages/airflow/example_dags/example_branch_labels.py for tasks to queue
[2024-09-09T20:46:47.998+0530] {logging_mixin.py:190} INFO - [2024-09-09T20:46:47.998+0530] {dagbag.py:587} INFO - Filling up the DagBag from /home/sst7260/airflow_projects/project1/env/lib/python3.10/site-packages/airflow/example_dags/example_branch_labels.py
[2024-09-09T20:46:48.004+0530] {processor.py:925} INFO - DAG(s) 'example_branch_labels' retrieved from /home/sst7260/airflow_projects/project1/env/lib/python3.10/site-packages/airflow/example_dags/example_branch_labels.py
[2024-09-09T20:46:48.086+0530] {logging_mixin.py:190} INFO - [2024-09-09T20:46:48.085+0530] {override.py:1900} INFO - Created Permission View: can delete on DAG:example_branch_labels
[2024-09-09T20:46:48.104+0530] {logging_mixin.py:190} INFO - [2024-09-09T20:46:48.103+0530] {override.py:1900} INFO - Created Permission View: can read on DAG:example_branch_labels
[2024-09-09T20:46:48.121+0530] {logging_mixin.py:190} INFO - [2024-09-09T20:46:48.120+0530] {override.py:1900} INFO - Created Permission View: can edit on DAG:example_branch_labels
[2024-09-09T20:46:48.151+0530] {logging_mixin.py:190} INFO - [2024-09-09T20:46:48.150+0530] {override.py:1900} INFO - Created Permission View: can create on DAG Run:example_branch_labels
[2024-09-09T20:46:48.175+0530] {logging_mixin.py:190} INFO - [2024-09-09T20:46:48.175+0530] {override.py:1900} INFO - Created Permission View: menu access on DAG Run:example_branch_labels
[2024-09-09T20:46:48.194+0530] {logging_mixin.py:190} INFO - [2024-09-09T20:46:48.193+0530] {override.py:1900} INFO - Created Permission View: can read on DAG Run:example_branch_labels
[2024-09-09T20:46:48.212+0530] {logging_mixin.py:190} INFO - [2024-09-09T20:46:48.212+0530] {override.py:1900} INFO - Created Permission View: can delete on DAG Run:example_branch_labels
[2024-09-09T20:46:48.213+0530] {logging_mixin.py:190} INFO - [2024-09-09T20:46:48.213+0530] {dag.py:3229} INFO - Sync 1 DAGs
[2024-09-09T20:46:48.221+0530] {logging_mixin.py:190} INFO - [2024-09-09T20:46:48.221+0530] {dag.py:3252} INFO - Creating ORM DAG for example_branch_labels
[2024-09-09T20:46:48.227+0530] {logging_mixin.py:190} INFO - [2024-09-09T20:46:48.227+0530] {dag.py:4156} INFO - Setting next_dagrun for example_branch_labels to 2024-09-08 00:00:00+00:00, run_after=2024-09-09 00:00:00+00:00
[2024-09-09T20:46:48.256+0530] {processor.py:208} INFO - Processing /home/sst7260/airflow_projects/project1/env/lib/python3.10/site-packages/airflow/example_dags/example_branch_labels.py took 0.266 seconds
[2024-09-09T20:47:51.172+0530] {processor.py:186} INFO - Started process (PID=128575) to work on /home/sst7260/airflow_projects/project1/env/lib/python3.10/site-packages/airflow/example_dags/example_branch_labels.py
[2024-09-09T20:47:51.174+0530] {processor.py:914} INFO - Processing file /home/sst7260/airflow_projects/project1/env/lib/python3.10/site-packages/airflow/example_dags/example_branch_labels.py for tasks to queue
[2024-09-09T20:47:51.175+0530] {logging_mixin.py:190} INFO - [2024-09-09T20:47:51.175+0530] {dagbag.py:587} INFO - Filling up the DagBag from /home/sst7260/airflow_projects/project1/env/lib/python3.10/site-packages/airflow/example_dags/example_branch_labels.py
[2024-09-09T20:47:51.184+0530] {processor.py:925} INFO - DAG(s) 'example_branch_labels' retrieved from /home/sst7260/airflow_projects/project1/env/lib/python3.10/site-packages/airflow/example_dags/example_branch_labels.py
[2024-09-09T20:47:51.197+0530] {logging_mixin.py:190} INFO - [2024-09-09T20:47:51.196+0530] {dag.py:3229} INFO - Sync 1 DAGs
[2024-09-09T20:47:51.209+0530] {logging_mixin.py:190} INFO - [2024-09-09T20:47:51.209+0530] {dag.py:4156} INFO - Setting next_dagrun for example_branch_labels to 2024-09-08 00:00:00+00:00, run_after=2024-09-09 00:00:00+00:00
[2024-09-09T20:47:51.231+0530] {processor.py:208} INFO - Processing /home/sst7260/airflow_projects/project1/env/lib/python3.10/site-packages/airflow/example_dags/example_branch_labels.py took 0.063 seconds
[2024-09-09T20:49:08.652+0530] {processor.py:186} INFO - Started process (PID=128663) to work on /home/sst7260/airflow_projects/project1/env/lib/python3.10/site-packages/airflow/example_dags/example_branch_labels.py
[2024-09-09T20:49:08.653+0530] {processor.py:914} INFO - Processing file /home/sst7260/airflow_projects/project1/env/lib/python3.10/site-packages/airflow/example_dags/example_branch_labels.py for tasks to queue
[2024-09-09T20:49:08.654+0530] {logging_mixin.py:190} INFO - [2024-09-09T20:49:08.654+0530] {dagbag.py:587} INFO - Filling up the DagBag from /home/sst7260/airflow_projects/project1/env/lib/python3.10/site-packages/airflow/example_dags/example_branch_labels.py
[2024-09-09T20:49:08.660+0530] {processor.py:925} INFO - DAG(s) 'example_branch_labels' retrieved from /home/sst7260/airflow_projects/project1/env/lib/python3.10/site-packages/airflow/example_dags/example_branch_labels.py
[2024-09-09T20:49:08.670+0530] {logging_mixin.py:190} INFO - [2024-09-09T20:49:08.670+0530] {dag.py:3229} INFO - Sync 1 DAGs
[2024-09-09T20:49:08.683+0530] {logging_mixin.py:190} INFO - [2024-09-09T20:49:08.683+0530] {dag.py:4156} INFO - Setting next_dagrun for example_branch_labels to 2024-09-08 00:00:00+00:00, run_after=2024-09-09 00:00:00+00:00
[2024-09-09T20:49:08.706+0530] {processor.py:208} INFO - Processing /home/sst7260/airflow_projects/project1/env/lib/python3.10/site-packages/airflow/example_dags/example_branch_labels.py took 0.059 seconds
[2024-09-09T20:50:04.276+0530] {processor.py:186} INFO - Started process (PID=128735) to work on /home/sst7260/airflow_projects/project1/env/lib/python3.10/site-packages/airflow/example_dags/example_branch_labels.py
[2024-09-09T20:50:04.277+0530] {processor.py:914} INFO - Processing file /home/sst7260/airflow_projects/project1/env/lib/python3.10/site-packages/airflow/example_dags/example_branch_labels.py for tasks to queue
[2024-09-09T20:50:04.279+0530] {logging_mixin.py:190} INFO - [2024-09-09T20:50:04.278+0530] {dagbag.py:587} INFO - Filling up the DagBag from /home/sst7260/airflow_projects/project1/env/lib/python3.10/site-packages/airflow/example_dags/example_branch_labels.py
[2024-09-09T20:50:04.285+0530] {processor.py:925} INFO - DAG(s) 'example_branch_labels' retrieved from /home/sst7260/airflow_projects/project1/env/lib/python3.10/site-packages/airflow/example_dags/example_branch_labels.py
[2024-09-09T20:50:04.296+0530] {logging_mixin.py:190} INFO - [2024-09-09T20:50:04.296+0530] {dag.py:3229} INFO - Sync 1 DAGs
[2024-09-09T20:50:04.310+0530] {logging_mixin.py:190} INFO - [2024-09-09T20:50:04.310+0530] {dag.py:4156} INFO - Setting next_dagrun for example_branch_labels to 2024-09-08 00:00:00+00:00, run_after=2024-09-09 00:00:00+00:00
[2024-09-09T20:50:04.331+0530] {processor.py:208} INFO - Processing /home/sst7260/airflow_projects/project1/env/lib/python3.10/site-packages/airflow/example_dags/example_branch_labels.py took 0.060 seconds
[2024-09-09T20:51:21.811+0530] {processor.py:186} INFO - Started process (PID=128850) to work on /home/sst7260/airflow_projects/project1/env/lib/python3.10/site-packages/airflow/example_dags/example_branch_labels.py
[2024-09-09T20:51:21.813+0530] {processor.py:914} INFO - Processing file /home/sst7260/airflow_projects/project1/env/lib/python3.10/site-packages/airflow/example_dags/example_branch_labels.py for tasks to queue
[2024-09-09T20:51:21.814+0530] {logging_mixin.py:190} INFO - [2024-09-09T20:51:21.814+0530] {dagbag.py:587} INFO - Filling up the DagBag from /home/sst7260/airflow_projects/project1/env/lib/python3.10/site-packages/airflow/example_dags/example_branch_labels.py
[2024-09-09T20:51:21.821+0530] {processor.py:925} INFO - DAG(s) 'example_branch_labels' retrieved from /home/sst7260/airflow_projects/project1/env/lib/python3.10/site-packages/airflow/example_dags/example_branch_labels.py
[2024-09-09T20:51:21.831+0530] {logging_mixin.py:190} INFO - [2024-09-09T20:51:21.831+0530] {dag.py:3229} INFO - Sync 1 DAGs
[2024-09-09T20:51:21.843+0530] {logging_mixin.py:190} INFO - [2024-09-09T20:51:21.843+0530] {dag.py:4156} INFO - Setting next_dagrun for example_branch_labels to 2024-09-08 00:00:00+00:00, run_after=2024-09-09 00:00:00+00:00
[2024-09-09T20:51:21.864+0530] {processor.py:208} INFO - Processing /home/sst7260/airflow_projects/project1/env/lib/python3.10/site-packages/airflow/example_dags/example_branch_labels.py took 0.057 seconds
[2024-09-09T20:52:47.225+0530] {processor.py:186} INFO - Started process (PID=129326) to work on /home/sst7260/airflow_projects/project1/env/lib/python3.10/site-packages/airflow/example_dags/example_branch_labels.py
[2024-09-09T20:52:47.227+0530] {processor.py:914} INFO - Processing file /home/sst7260/airflow_projects/project1/env/lib/python3.10/site-packages/airflow/example_dags/example_branch_labels.py for tasks to queue
[2024-09-09T20:52:47.229+0530] {logging_mixin.py:190} INFO - [2024-09-09T20:52:47.228+0530] {dagbag.py:587} INFO - Filling up the DagBag from /home/sst7260/airflow_projects/project1/env/lib/python3.10/site-packages/airflow/example_dags/example_branch_labels.py
[2024-09-09T20:52:47.236+0530] {processor.py:925} INFO - DAG(s) 'example_branch_labels' retrieved from /home/sst7260/airflow_projects/project1/env/lib/python3.10/site-packages/airflow/example_dags/example_branch_labels.py
[2024-09-09T20:52:47.246+0530] {logging_mixin.py:190} INFO - [2024-09-09T20:52:47.246+0530] {dag.py:3229} INFO - Sync 1 DAGs
[2024-09-09T20:52:47.260+0530] {logging_mixin.py:190} INFO - [2024-09-09T20:52:47.260+0530] {dag.py:4156} INFO - Setting next_dagrun for example_branch_labels to 2024-09-08 00:00:00+00:00, run_after=2024-09-09 00:00:00+00:00
[2024-09-09T20:52:47.284+0530] {processor.py:208} INFO - Processing /home/sst7260/airflow_projects/project1/env/lib/python3.10/site-packages/airflow/example_dags/example_branch_labels.py took 0.064 seconds
[2024-09-09T20:53:51.456+0530] {processor.py:186} INFO - Started process (PID=129678) to work on /home/sst7260/airflow_projects/project1/env/lib/python3.10/site-packages/airflow/example_dags/example_branch_labels.py
[2024-09-09T20:53:51.457+0530] {processor.py:914} INFO - Processing file /home/sst7260/airflow_projects/project1/env/lib/python3.10/site-packages/airflow/example_dags/example_branch_labels.py for tasks to queue
[2024-09-09T20:53:51.459+0530] {logging_mixin.py:190} INFO - [2024-09-09T20:53:51.459+0530] {dagbag.py:587} INFO - Filling up the DagBag from /home/sst7260/airflow_projects/project1/env/lib/python3.10/site-packages/airflow/example_dags/example_branch_labels.py
[2024-09-09T20:53:51.467+0530] {processor.py:925} INFO - DAG(s) 'example_branch_labels' retrieved from /home/sst7260/airflow_projects/project1/env/lib/python3.10/site-packages/airflow/example_dags/example_branch_labels.py
[2024-09-09T20:53:51.482+0530] {logging_mixin.py:190} INFO - [2024-09-09T20:53:51.481+0530] {dag.py:3229} INFO - Sync 1 DAGs
[2024-09-09T20:53:51.502+0530] {logging_mixin.py:190} INFO - [2024-09-09T20:53:51.502+0530] {dag.py:4156} INFO - Setting next_dagrun for example_branch_labels to 2024-09-08 00:00:00+00:00, run_after=2024-09-09 00:00:00+00:00
[2024-09-09T20:53:51.536+0530] {processor.py:208} INFO - Processing /home/sst7260/airflow_projects/project1/env/lib/python3.10/site-packages/airflow/example_dags/example_branch_labels.py took 0.085 seconds
[2024-09-09T20:55:04.108+0530] {processor.py:186} INFO - Started process (PID=130036) to work on /home/sst7260/airflow_projects/project1/env/lib/python3.10/site-packages/airflow/example_dags/example_branch_labels.py
[2024-09-09T20:55:04.110+0530] {processor.py:914} INFO - Processing file /home/sst7260/airflow_projects/project1/env/lib/python3.10/site-packages/airflow/example_dags/example_branch_labels.py for tasks to queue
[2024-09-09T20:55:04.111+0530] {logging_mixin.py:190} INFO - [2024-09-09T20:55:04.111+0530] {dagbag.py:587} INFO - Filling up the DagBag from /home/sst7260/airflow_projects/project1/env/lib/python3.10/site-packages/airflow/example_dags/example_branch_labels.py
[2024-09-09T20:55:04.119+0530] {processor.py:925} INFO - DAG(s) 'example_branch_labels' retrieved from /home/sst7260/airflow_projects/project1/env/lib/python3.10/site-packages/airflow/example_dags/example_branch_labels.py
[2024-09-09T20:55:04.130+0530] {logging_mixin.py:190} INFO - [2024-09-09T20:55:04.130+0530] {dag.py:3229} INFO - Sync 1 DAGs
[2024-09-09T20:55:04.143+0530] {logging_mixin.py:190} INFO - [2024-09-09T20:55:04.142+0530] {dag.py:4156} INFO - Setting next_dagrun for example_branch_labels to 2024-09-08 00:00:00+00:00, run_after=2024-09-09 00:00:00+00:00
[2024-09-09T20:55:04.169+0530] {processor.py:208} INFO - Processing /home/sst7260/airflow_projects/project1/env/lib/python3.10/site-packages/airflow/example_dags/example_branch_labels.py took 0.067 seconds
[2024-09-09T20:56:24.396+0530] {processor.py:186} INFO - Started process (PID=130316) to work on /home/sst7260/airflow_projects/project1/env/lib/python3.10/site-packages/airflow/example_dags/example_branch_labels.py
[2024-09-09T20:56:24.397+0530] {processor.py:914} INFO - Processing file /home/sst7260/airflow_projects/project1/env/lib/python3.10/site-packages/airflow/example_dags/example_branch_labels.py for tasks to queue
[2024-09-09T20:56:24.399+0530] {logging_mixin.py:190} INFO - [2024-09-09T20:56:24.399+0530] {dagbag.py:587} INFO - Filling up the DagBag from /home/sst7260/airflow_projects/project1/env/lib/python3.10/site-packages/airflow/example_dags/example_branch_labels.py
[2024-09-09T20:56:24.408+0530] {processor.py:925} INFO - DAG(s) 'example_branch_labels' retrieved from /home/sst7260/airflow_projects/project1/env/lib/python3.10/site-packages/airflow/example_dags/example_branch_labels.py
[2024-09-09T20:56:24.421+0530] {logging_mixin.py:190} INFO - [2024-09-09T20:56:24.421+0530] {dag.py:3229} INFO - Sync 1 DAGs
[2024-09-09T20:56:24.441+0530] {logging_mixin.py:190} INFO - [2024-09-09T20:56:24.441+0530] {dag.py:4156} INFO - Setting next_dagrun for example_branch_labels to 2024-09-08 00:00:00+00:00, run_after=2024-09-09 00:00:00+00:00
[2024-09-09T20:56:24.467+0530] {processor.py:208} INFO - Processing /home/sst7260/airflow_projects/project1/env/lib/python3.10/site-packages/airflow/example_dags/example_branch_labels.py took 0.075 seconds
[2024-09-09T20:57:22.110+0530] {processor.py:186} INFO - Started process (PID=130445) to work on /home/sst7260/airflow_projects/project1/env/lib/python3.10/site-packages/airflow/example_dags/example_branch_labels.py
[2024-09-09T20:57:22.119+0530] {processor.py:914} INFO - Processing file /home/sst7260/airflow_projects/project1/env/lib/python3.10/site-packages/airflow/example_dags/example_branch_labels.py for tasks to queue
[2024-09-09T20:57:22.121+0530] {logging_mixin.py:190} INFO - [2024-09-09T20:57:22.121+0530] {dagbag.py:587} INFO - Filling up the DagBag from /home/sst7260/airflow_projects/project1/env/lib/python3.10/site-packages/airflow/example_dags/example_branch_labels.py
[2024-09-09T20:57:22.128+0530] {processor.py:925} INFO - DAG(s) 'example_branch_labels' retrieved from /home/sst7260/airflow_projects/project1/env/lib/python3.10/site-packages/airflow/example_dags/example_branch_labels.py
[2024-09-09T20:57:22.138+0530] {logging_mixin.py:190} INFO - [2024-09-09T20:57:22.138+0530] {dag.py:3229} INFO - Sync 1 DAGs
[2024-09-09T20:57:22.151+0530] {logging_mixin.py:190} INFO - [2024-09-09T20:57:22.151+0530] {dag.py:4156} INFO - Setting next_dagrun for example_branch_labels to 2024-09-08 00:00:00+00:00, run_after=2024-09-09 00:00:00+00:00
[2024-09-09T20:57:22.173+0530] {processor.py:208} INFO - Processing /home/sst7260/airflow_projects/project1/env/lib/python3.10/site-packages/airflow/example_dags/example_branch_labels.py took 0.069 seconds
[2024-09-09T20:58:41.360+0530] {processor.py:186} INFO - Started process (PID=130545) to work on /home/sst7260/airflow_projects/project1/env/lib/python3.10/site-packages/airflow/example_dags/example_branch_labels.py
[2024-09-09T20:58:41.361+0530] {processor.py:914} INFO - Processing file /home/sst7260/airflow_projects/project1/env/lib/python3.10/site-packages/airflow/example_dags/example_branch_labels.py for tasks to queue
[2024-09-09T20:58:41.363+0530] {logging_mixin.py:190} INFO - [2024-09-09T20:58:41.362+0530] {dagbag.py:587} INFO - Filling up the DagBag from /home/sst7260/airflow_projects/project1/env/lib/python3.10/site-packages/airflow/example_dags/example_branch_labels.py
[2024-09-09T20:58:41.373+0530] {processor.py:925} INFO - DAG(s) 'example_branch_labels' retrieved from /home/sst7260/airflow_projects/project1/env/lib/python3.10/site-packages/airflow/example_dags/example_branch_labels.py
[2024-09-09T20:58:41.387+0530] {logging_mixin.py:190} INFO - [2024-09-09T20:58:41.386+0530] {dag.py:3229} INFO - Sync 1 DAGs
[2024-09-09T20:58:41.415+0530] {logging_mixin.py:190} INFO - [2024-09-09T20:58:41.413+0530] {dag.py:4156} INFO - Setting next_dagrun for example_branch_labels to 2024-09-08 00:00:00+00:00, run_after=2024-09-09 00:00:00+00:00
[2024-09-09T20:58:41.446+0530] {processor.py:208} INFO - Processing /home/sst7260/airflow_projects/project1/env/lib/python3.10/site-packages/airflow/example_dags/example_branch_labels.py took 0.091 seconds
[2024-09-09T21:00:05.283+0530] {processor.py:186} INFO - Started process (PID=130878) to work on /home/sst7260/airflow_projects/project1/env/lib/python3.10/site-packages/airflow/example_dags/example_branch_labels.py
[2024-09-09T21:00:05.285+0530] {processor.py:914} INFO - Processing file /home/sst7260/airflow_projects/project1/env/lib/python3.10/site-packages/airflow/example_dags/example_branch_labels.py for tasks to queue
[2024-09-09T21:00:05.288+0530] {logging_mixin.py:190} INFO - [2024-09-09T21:00:05.287+0530] {dagbag.py:587} INFO - Filling up the DagBag from /home/sst7260/airflow_projects/project1/env/lib/python3.10/site-packages/airflow/example_dags/example_branch_labels.py
[2024-09-09T21:00:05.296+0530] {processor.py:925} INFO - DAG(s) 'example_branch_labels' retrieved from /home/sst7260/airflow_projects/project1/env/lib/python3.10/site-packages/airflow/example_dags/example_branch_labels.py
[2024-09-09T21:00:05.312+0530] {logging_mixin.py:190} INFO - [2024-09-09T21:00:05.312+0530] {dag.py:3229} INFO - Sync 1 DAGs
[2024-09-09T21:00:05.330+0530] {logging_mixin.py:190} INFO - [2024-09-09T21:00:05.330+0530] {dag.py:4156} INFO - Setting next_dagrun for example_branch_labels to 2024-09-08 00:00:00+00:00, run_after=2024-09-09 00:00:00+00:00
[2024-09-09T21:00:05.360+0530] {processor.py:208} INFO - Processing /home/sst7260/airflow_projects/project1/env/lib/python3.10/site-packages/airflow/example_dags/example_branch_labels.py took 0.085 seconds
[2024-09-09T21:01:42.534+0530] {processor.py:186} INFO - Started process (PID=131265) to work on /home/sst7260/airflow_projects/project1/env/lib/python3.10/site-packages/airflow/example_dags/example_branch_labels.py
[2024-09-09T21:01:42.535+0530] {processor.py:914} INFO - Processing file /home/sst7260/airflow_projects/project1/env/lib/python3.10/site-packages/airflow/example_dags/example_branch_labels.py for tasks to queue
[2024-09-09T21:01:42.536+0530] {logging_mixin.py:190} INFO - [2024-09-09T21:01:42.536+0530] {dagbag.py:587} INFO - Filling up the DagBag from /home/sst7260/airflow_projects/project1/env/lib/python3.10/site-packages/airflow/example_dags/example_branch_labels.py
[2024-09-09T21:01:42.543+0530] {processor.py:925} INFO - DAG(s) 'example_branch_labels' retrieved from /home/sst7260/airflow_projects/project1/env/lib/python3.10/site-packages/airflow/example_dags/example_branch_labels.py
[2024-09-09T21:01:42.556+0530] {logging_mixin.py:190} INFO - [2024-09-09T21:01:42.555+0530] {dag.py:3229} INFO - Sync 1 DAGs
[2024-09-09T21:01:42.568+0530] {logging_mixin.py:190} INFO - [2024-09-09T21:01:42.568+0530] {dag.py:4156} INFO - Setting next_dagrun for example_branch_labels to 2024-09-08 00:00:00+00:00, run_after=2024-09-09 00:00:00+00:00
[2024-09-09T21:01:42.591+0530] {processor.py:208} INFO - Processing /home/sst7260/airflow_projects/project1/env/lib/python3.10/site-packages/airflow/example_dags/example_branch_labels.py took 0.062 seconds
[2024-09-09T21:03:03.763+0530] {processor.py:186} INFO - Started process (PID=131485) to work on /home/sst7260/airflow_projects/project1/env/lib/python3.10/site-packages/airflow/example_dags/example_branch_labels.py
[2024-09-09T21:03:03.764+0530] {processor.py:914} INFO - Processing file /home/sst7260/airflow_projects/project1/env/lib/python3.10/site-packages/airflow/example_dags/example_branch_labels.py for tasks to queue
[2024-09-09T21:03:03.765+0530] {logging_mixin.py:190} INFO - [2024-09-09T21:03:03.765+0530] {dagbag.py:587} INFO - Filling up the DagBag from /home/sst7260/airflow_projects/project1/env/lib/python3.10/site-packages/airflow/example_dags/example_branch_labels.py
[2024-09-09T21:03:03.775+0530] {processor.py:925} INFO - DAG(s) 'example_branch_labels' retrieved from /home/sst7260/airflow_projects/project1/env/lib/python3.10/site-packages/airflow/example_dags/example_branch_labels.py
[2024-09-09T21:03:03.790+0530] {logging_mixin.py:190} INFO - [2024-09-09T21:03:03.790+0530] {dag.py:3229} INFO - Sync 1 DAGs
[2024-09-09T21:03:03.810+0530] {logging_mixin.py:190} INFO - [2024-09-09T21:03:03.810+0530] {dag.py:4156} INFO - Setting next_dagrun for example_branch_labels to 2024-09-08 00:00:00+00:00, run_after=2024-09-09 00:00:00+00:00
[2024-09-09T21:03:03.832+0530] {processor.py:208} INFO - Processing /home/sst7260/airflow_projects/project1/env/lib/python3.10/site-packages/airflow/example_dags/example_branch_labels.py took 0.074 seconds
[2024-09-09T21:04:28.549+0530] {processor.py:186} INFO - Started process (PID=131584) to work on /home/sst7260/airflow_projects/project1/env/lib/python3.10/site-packages/airflow/example_dags/example_branch_labels.py
[2024-09-09T21:04:28.551+0530] {processor.py:914} INFO - Processing file /home/sst7260/airflow_projects/project1/env/lib/python3.10/site-packages/airflow/example_dags/example_branch_labels.py for tasks to queue
[2024-09-09T21:04:28.553+0530] {logging_mixin.py:190} INFO - [2024-09-09T21:04:28.552+0530] {dagbag.py:587} INFO - Filling up the DagBag from /home/sst7260/airflow_projects/project1/env/lib/python3.10/site-packages/airflow/example_dags/example_branch_labels.py
[2024-09-09T21:04:28.564+0530] {processor.py:925} INFO - DAG(s) 'example_branch_labels' retrieved from /home/sst7260/airflow_projects/project1/env/lib/python3.10/site-packages/airflow/example_dags/example_branch_labels.py
[2024-09-09T21:04:28.582+0530] {logging_mixin.py:190} INFO - [2024-09-09T21:04:28.581+0530] {dag.py:3229} INFO - Sync 1 DAGs
[2024-09-09T21:04:28.612+0530] {logging_mixin.py:190} INFO - [2024-09-09T21:04:28.612+0530] {dag.py:4156} INFO - Setting next_dagrun for example_branch_labels to 2024-09-08 00:00:00+00:00, run_after=2024-09-09 00:00:00+00:00
[2024-09-09T21:04:28.636+0530] {processor.py:208} INFO - Processing /home/sst7260/airflow_projects/project1/env/lib/python3.10/site-packages/airflow/example_dags/example_branch_labels.py took 0.093 seconds
[2024-09-09T21:05:27.290+0530] {processor.py:186} INFO - Started process (PID=131811) to work on /home/sst7260/airflow_projects/project1/env/lib/python3.10/site-packages/airflow/example_dags/example_branch_labels.py
[2024-09-09T21:05:27.292+0530] {processor.py:914} INFO - Processing file /home/sst7260/airflow_projects/project1/env/lib/python3.10/site-packages/airflow/example_dags/example_branch_labels.py for tasks to queue
[2024-09-09T21:05:27.293+0530] {logging_mixin.py:190} INFO - [2024-09-09T21:05:27.293+0530] {dagbag.py:587} INFO - Filling up the DagBag from /home/sst7260/airflow_projects/project1/env/lib/python3.10/site-packages/airflow/example_dags/example_branch_labels.py
[2024-09-09T21:05:27.301+0530] {processor.py:925} INFO - DAG(s) 'example_branch_labels' retrieved from /home/sst7260/airflow_projects/project1/env/lib/python3.10/site-packages/airflow/example_dags/example_branch_labels.py
[2024-09-09T21:05:27.312+0530] {logging_mixin.py:190} INFO - [2024-09-09T21:05:27.311+0530] {dag.py:3229} INFO - Sync 1 DAGs
[2024-09-09T21:05:27.324+0530] {logging_mixin.py:190} INFO - [2024-09-09T21:05:27.323+0530] {dag.py:4156} INFO - Setting next_dagrun for example_branch_labels to 2024-09-08 00:00:00+00:00, run_after=2024-09-09 00:00:00+00:00
[2024-09-09T21:05:27.346+0530] {processor.py:208} INFO - Processing /home/sst7260/airflow_projects/project1/env/lib/python3.10/site-packages/airflow/example_dags/example_branch_labels.py took 0.060 seconds
[2024-09-09T21:06:48.427+0530] {processor.py:186} INFO - Started process (PID=131939) to work on /home/sst7260/airflow_projects/project1/env/lib/python3.10/site-packages/airflow/example_dags/example_branch_labels.py
[2024-09-09T21:06:48.429+0530] {processor.py:914} INFO - Processing file /home/sst7260/airflow_projects/project1/env/lib/python3.10/site-packages/airflow/example_dags/example_branch_labels.py for tasks to queue
[2024-09-09T21:06:48.430+0530] {logging_mixin.py:190} INFO - [2024-09-09T21:06:48.430+0530] {dagbag.py:587} INFO - Filling up the DagBag from /home/sst7260/airflow_projects/project1/env/lib/python3.10/site-packages/airflow/example_dags/example_branch_labels.py
[2024-09-09T21:06:48.438+0530] {processor.py:925} INFO - DAG(s) 'example_branch_labels' retrieved from /home/sst7260/airflow_projects/project1/env/lib/python3.10/site-packages/airflow/example_dags/example_branch_labels.py
[2024-09-09T21:06:48.449+0530] {logging_mixin.py:190} INFO - [2024-09-09T21:06:48.448+0530] {dag.py:3229} INFO - Sync 1 DAGs
[2024-09-09T21:06:48.461+0530] {logging_mixin.py:190} INFO - [2024-09-09T21:06:48.461+0530] {dag.py:4156} INFO - Setting next_dagrun for example_branch_labels to 2024-09-08 00:00:00+00:00, run_after=2024-09-09 00:00:00+00:00
[2024-09-09T21:06:48.481+0530] {processor.py:208} INFO - Processing /home/sst7260/airflow_projects/project1/env/lib/python3.10/site-packages/airflow/example_dags/example_branch_labels.py took 0.059 seconds
[2024-09-09T21:08:07.075+0530] {processor.py:186} INFO - Started process (PID=132036) to work on /home/sst7260/airflow_projects/project1/env/lib/python3.10/site-packages/airflow/example_dags/example_branch_labels.py
[2024-09-09T21:08:07.085+0530] {processor.py:914} INFO - Processing file /home/sst7260/airflow_projects/project1/env/lib/python3.10/site-packages/airflow/example_dags/example_branch_labels.py for tasks to queue
[2024-09-09T21:08:07.086+0530] {logging_mixin.py:190} INFO - [2024-09-09T21:08:07.086+0530] {dagbag.py:587} INFO - Filling up the DagBag from /home/sst7260/airflow_projects/project1/env/lib/python3.10/site-packages/airflow/example_dags/example_branch_labels.py
[2024-09-09T21:08:07.092+0530] {processor.py:925} INFO - DAG(s) 'example_branch_labels' retrieved from /home/sst7260/airflow_projects/project1/env/lib/python3.10/site-packages/airflow/example_dags/example_branch_labels.py
[2024-09-09T21:08:07.102+0530] {logging_mixin.py:190} INFO - [2024-09-09T21:08:07.102+0530] {dag.py:3229} INFO - Sync 1 DAGs
[2024-09-09T21:08:07.115+0530] {logging_mixin.py:190} INFO - [2024-09-09T21:08:07.114+0530] {dag.py:4156} INFO - Setting next_dagrun for example_branch_labels to 2024-09-08 00:00:00+00:00, run_after=2024-09-09 00:00:00+00:00
[2024-09-09T21:08:07.137+0530] {processor.py:208} INFO - Processing /home/sst7260/airflow_projects/project1/env/lib/python3.10/site-packages/airflow/example_dags/example_branch_labels.py took 0.067 seconds
[2024-09-09T21:09:04.003+0530] {processor.py:186} INFO - Started process (PID=132102) to work on /home/sst7260/airflow_projects/project1/env/lib/python3.10/site-packages/airflow/example_dags/example_branch_labels.py
[2024-09-09T21:09:04.005+0530] {processor.py:914} INFO - Processing file /home/sst7260/airflow_projects/project1/env/lib/python3.10/site-packages/airflow/example_dags/example_branch_labels.py for tasks to queue
[2024-09-09T21:09:04.006+0530] {logging_mixin.py:190} INFO - [2024-09-09T21:09:04.005+0530] {dagbag.py:587} INFO - Filling up the DagBag from /home/sst7260/airflow_projects/project1/env/lib/python3.10/site-packages/airflow/example_dags/example_branch_labels.py
[2024-09-09T21:09:04.012+0530] {processor.py:925} INFO - DAG(s) 'example_branch_labels' retrieved from /home/sst7260/airflow_projects/project1/env/lib/python3.10/site-packages/airflow/example_dags/example_branch_labels.py
[2024-09-09T21:09:04.022+0530] {logging_mixin.py:190} INFO - [2024-09-09T21:09:04.022+0530] {dag.py:3229} INFO - Sync 1 DAGs
[2024-09-09T21:09:04.035+0530] {logging_mixin.py:190} INFO - [2024-09-09T21:09:04.034+0530] {dag.py:4156} INFO - Setting next_dagrun for example_branch_labels to 2024-09-08 00:00:00+00:00, run_after=2024-09-09 00:00:00+00:00
[2024-09-09T21:09:04.056+0530] {processor.py:208} INFO - Processing /home/sst7260/airflow_projects/project1/env/lib/python3.10/site-packages/airflow/example_dags/example_branch_labels.py took 0.058 seconds
[2024-09-09T21:10:01.066+0530] {processor.py:186} INFO - Started process (PID=132169) to work on /home/sst7260/airflow_projects/project1/env/lib/python3.10/site-packages/airflow/example_dags/example_branch_labels.py
[2024-09-09T21:10:01.067+0530] {processor.py:914} INFO - Processing file /home/sst7260/airflow_projects/project1/env/lib/python3.10/site-packages/airflow/example_dags/example_branch_labels.py for tasks to queue
[2024-09-09T21:10:01.068+0530] {logging_mixin.py:190} INFO - [2024-09-09T21:10:01.068+0530] {dagbag.py:587} INFO - Filling up the DagBag from /home/sst7260/airflow_projects/project1/env/lib/python3.10/site-packages/airflow/example_dags/example_branch_labels.py
[2024-09-09T21:10:01.077+0530] {processor.py:925} INFO - DAG(s) 'example_branch_labels' retrieved from /home/sst7260/airflow_projects/project1/env/lib/python3.10/site-packages/airflow/example_dags/example_branch_labels.py
[2024-09-09T21:10:01.089+0530] {logging_mixin.py:190} INFO - [2024-09-09T21:10:01.089+0530] {dag.py:3229} INFO - Sync 1 DAGs
[2024-09-09T21:10:01.105+0530] {logging_mixin.py:190} INFO - [2024-09-09T21:10:01.105+0530] {dag.py:4156} INFO - Setting next_dagrun for example_branch_labels to 2024-09-08 00:00:00+00:00, run_after=2024-09-09 00:00:00+00:00
[2024-09-09T21:10:01.128+0530] {processor.py:208} INFO - Processing /home/sst7260/airflow_projects/project1/env/lib/python3.10/site-packages/airflow/example_dags/example_branch_labels.py took 0.065 seconds
[2024-09-09T21:11:18.434+0530] {processor.py:186} INFO - Started process (PID=132292) to work on /home/sst7260/airflow_projects/project1/env/lib/python3.10/site-packages/airflow/example_dags/example_branch_labels.py
[2024-09-09T21:11:18.436+0530] {processor.py:914} INFO - Processing file /home/sst7260/airflow_projects/project1/env/lib/python3.10/site-packages/airflow/example_dags/example_branch_labels.py for tasks to queue
[2024-09-09T21:11:18.437+0530] {logging_mixin.py:190} INFO - [2024-09-09T21:11:18.437+0530] {dagbag.py:587} INFO - Filling up the DagBag from /home/sst7260/airflow_projects/project1/env/lib/python3.10/site-packages/airflow/example_dags/example_branch_labels.py
[2024-09-09T21:11:18.444+0530] {processor.py:925} INFO - DAG(s) 'example_branch_labels' retrieved from /home/sst7260/airflow_projects/project1/env/lib/python3.10/site-packages/airflow/example_dags/example_branch_labels.py
[2024-09-09T21:11:18.455+0530] {logging_mixin.py:190} INFO - [2024-09-09T21:11:18.455+0530] {dag.py:3229} INFO - Sync 1 DAGs
[2024-09-09T21:11:18.469+0530] {logging_mixin.py:190} INFO - [2024-09-09T21:11:18.469+0530] {dag.py:4156} INFO - Setting next_dagrun for example_branch_labels to 2024-09-08 00:00:00+00:00, run_after=2024-09-09 00:00:00+00:00
[2024-09-09T21:11:18.489+0530] {processor.py:208} INFO - Processing /home/sst7260/airflow_projects/project1/env/lib/python3.10/site-packages/airflow/example_dags/example_branch_labels.py took 0.059 seconds
[2024-09-09T21:12:38.287+0530] {processor.py:186} INFO - Started process (PID=132389) to work on /home/sst7260/airflow_projects/project1/env/lib/python3.10/site-packages/airflow/example_dags/example_branch_labels.py
[2024-09-09T21:12:38.289+0530] {processor.py:914} INFO - Processing file /home/sst7260/airflow_projects/project1/env/lib/python3.10/site-packages/airflow/example_dags/example_branch_labels.py for tasks to queue
[2024-09-09T21:12:38.290+0530] {logging_mixin.py:190} INFO - [2024-09-09T21:12:38.290+0530] {dagbag.py:587} INFO - Filling up the DagBag from /home/sst7260/airflow_projects/project1/env/lib/python3.10/site-packages/airflow/example_dags/example_branch_labels.py
[2024-09-09T21:12:38.297+0530] {processor.py:925} INFO - DAG(s) 'example_branch_labels' retrieved from /home/sst7260/airflow_projects/project1/env/lib/python3.10/site-packages/airflow/example_dags/example_branch_labels.py
[2024-09-09T21:12:38.307+0530] {logging_mixin.py:190} INFO - [2024-09-09T21:12:38.307+0530] {dag.py:3229} INFO - Sync 1 DAGs
[2024-09-09T21:12:38.320+0530] {logging_mixin.py:190} INFO - [2024-09-09T21:12:38.320+0530] {dag.py:4156} INFO - Setting next_dagrun for example_branch_labels to 2024-09-08 00:00:00+00:00, run_after=2024-09-09 00:00:00+00:00
[2024-09-09T21:12:38.341+0530] {processor.py:208} INFO - Processing /home/sst7260/airflow_projects/project1/env/lib/python3.10/site-packages/airflow/example_dags/example_branch_labels.py took 0.059 seconds
[2024-09-09T21:14:03.069+0530] {processor.py:186} INFO - Started process (PID=132484) to work on /home/sst7260/airflow_projects/project1/env/lib/python3.10/site-packages/airflow/example_dags/example_branch_labels.py
[2024-09-09T21:14:03.070+0530] {processor.py:914} INFO - Processing file /home/sst7260/airflow_projects/project1/env/lib/python3.10/site-packages/airflow/example_dags/example_branch_labels.py for tasks to queue
[2024-09-09T21:14:03.071+0530] {logging_mixin.py:190} INFO - [2024-09-09T21:14:03.070+0530] {dagbag.py:587} INFO - Filling up the DagBag from /home/sst7260/airflow_projects/project1/env/lib/python3.10/site-packages/airflow/example_dags/example_branch_labels.py
[2024-09-09T21:14:03.078+0530] {processor.py:925} INFO - DAG(s) 'example_branch_labels' retrieved from /home/sst7260/airflow_projects/project1/env/lib/python3.10/site-packages/airflow/example_dags/example_branch_labels.py
[2024-09-09T21:14:03.088+0530] {logging_mixin.py:190} INFO - [2024-09-09T21:14:03.088+0530] {dag.py:3229} INFO - Sync 1 DAGs
[2024-09-09T21:14:03.101+0530] {logging_mixin.py:190} INFO - [2024-09-09T21:14:03.101+0530] {dag.py:4156} INFO - Setting next_dagrun for example_branch_labels to 2024-09-08 00:00:00+00:00, run_after=2024-09-09 00:00:00+00:00
[2024-09-09T21:14:03.126+0530] {processor.py:208} INFO - Processing /home/sst7260/airflow_projects/project1/env/lib/python3.10/site-packages/airflow/example_dags/example_branch_labels.py took 0.062 seconds
[2024-09-09T21:15:01.553+0530] {processor.py:186} INFO - Started process (PID=132557) to work on /home/sst7260/airflow_projects/project1/env/lib/python3.10/site-packages/airflow/example_dags/example_branch_labels.py
[2024-09-09T21:15:01.556+0530] {processor.py:914} INFO - Processing file /home/sst7260/airflow_projects/project1/env/lib/python3.10/site-packages/airflow/example_dags/example_branch_labels.py for tasks to queue
[2024-09-09T21:15:01.557+0530] {logging_mixin.py:190} INFO - [2024-09-09T21:15:01.556+0530] {dagbag.py:587} INFO - Filling up the DagBag from /home/sst7260/airflow_projects/project1/env/lib/python3.10/site-packages/airflow/example_dags/example_branch_labels.py
[2024-09-09T21:15:01.563+0530] {processor.py:925} INFO - DAG(s) 'example_branch_labels' retrieved from /home/sst7260/airflow_projects/project1/env/lib/python3.10/site-packages/airflow/example_dags/example_branch_labels.py
[2024-09-09T21:15:01.573+0530] {logging_mixin.py:190} INFO - [2024-09-09T21:15:01.573+0530] {dag.py:3229} INFO - Sync 1 DAGs
[2024-09-09T21:15:01.585+0530] {logging_mixin.py:190} INFO - [2024-09-09T21:15:01.585+0530] {dag.py:4156} INFO - Setting next_dagrun for example_branch_labels to 2024-09-08 00:00:00+00:00, run_after=2024-09-09 00:00:00+00:00
[2024-09-09T21:15:01.610+0530] {processor.py:208} INFO - Processing /home/sst7260/airflow_projects/project1/env/lib/python3.10/site-packages/airflow/example_dags/example_branch_labels.py took 0.062 seconds
[2024-09-09T21:15:58.842+0530] {processor.py:186} INFO - Started process (PID=132713) to work on /home/sst7260/airflow_projects/project1/env/lib/python3.10/site-packages/airflow/example_dags/example_branch_labels.py
[2024-09-09T21:15:58.843+0530] {processor.py:914} INFO - Processing file /home/sst7260/airflow_projects/project1/env/lib/python3.10/site-packages/airflow/example_dags/example_branch_labels.py for tasks to queue
[2024-09-09T21:15:58.844+0530] {logging_mixin.py:190} INFO - [2024-09-09T21:15:58.844+0530] {dagbag.py:587} INFO - Filling up the DagBag from /home/sst7260/airflow_projects/project1/env/lib/python3.10/site-packages/airflow/example_dags/example_branch_labels.py
[2024-09-09T21:15:58.854+0530] {processor.py:925} INFO - DAG(s) 'example_branch_labels' retrieved from /home/sst7260/airflow_projects/project1/env/lib/python3.10/site-packages/airflow/example_dags/example_branch_labels.py
[2024-09-09T21:15:58.864+0530] {logging_mixin.py:190} INFO - [2024-09-09T21:15:58.864+0530] {dag.py:3229} INFO - Sync 1 DAGs
[2024-09-09T21:15:58.879+0530] {logging_mixin.py:190} INFO - [2024-09-09T21:15:58.879+0530] {dag.py:4156} INFO - Setting next_dagrun for example_branch_labels to 2024-09-08 00:00:00+00:00, run_after=2024-09-09 00:00:00+00:00
[2024-09-09T21:15:58.904+0530] {processor.py:208} INFO - Processing /home/sst7260/airflow_projects/project1/env/lib/python3.10/site-packages/airflow/example_dags/example_branch_labels.py took 0.066 seconds
[2024-09-09T21:17:21.114+0530] {processor.py:186} INFO - Started process (PID=132819) to work on /home/sst7260/airflow_projects/project1/env/lib/python3.10/site-packages/airflow/example_dags/example_branch_labels.py
[2024-09-09T21:17:21.115+0530] {processor.py:914} INFO - Processing file /home/sst7260/airflow_projects/project1/env/lib/python3.10/site-packages/airflow/example_dags/example_branch_labels.py for tasks to queue
[2024-09-09T21:17:21.116+0530] {logging_mixin.py:190} INFO - [2024-09-09T21:17:21.116+0530] {dagbag.py:587} INFO - Filling up the DagBag from /home/sst7260/airflow_projects/project1/env/lib/python3.10/site-packages/airflow/example_dags/example_branch_labels.py
[2024-09-09T21:17:21.123+0530] {processor.py:925} INFO - DAG(s) 'example_branch_labels' retrieved from /home/sst7260/airflow_projects/project1/env/lib/python3.10/site-packages/airflow/example_dags/example_branch_labels.py
[2024-09-09T21:17:21.135+0530] {logging_mixin.py:190} INFO - [2024-09-09T21:17:21.135+0530] {dag.py:3229} INFO - Sync 1 DAGs
[2024-09-09T21:17:21.150+0530] {logging_mixin.py:190} INFO - [2024-09-09T21:17:21.150+0530] {dag.py:4156} INFO - Setting next_dagrun for example_branch_labels to 2024-09-08 00:00:00+00:00, run_after=2024-09-09 00:00:00+00:00
[2024-09-09T21:17:21.169+0530] {processor.py:208} INFO - Processing /home/sst7260/airflow_projects/project1/env/lib/python3.10/site-packages/airflow/example_dags/example_branch_labels.py took 0.060 seconds
[2024-09-09T21:18:43.800+0530] {processor.py:186} INFO - Started process (PID=132913) to work on /home/sst7260/airflow_projects/project1/env/lib/python3.10/site-packages/airflow/example_dags/example_branch_labels.py
[2024-09-09T21:18:43.801+0530] {processor.py:914} INFO - Processing file /home/sst7260/airflow_projects/project1/env/lib/python3.10/site-packages/airflow/example_dags/example_branch_labels.py for tasks to queue
[2024-09-09T21:18:43.802+0530] {logging_mixin.py:190} INFO - [2024-09-09T21:18:43.802+0530] {dagbag.py:587} INFO - Filling up the DagBag from /home/sst7260/airflow_projects/project1/env/lib/python3.10/site-packages/airflow/example_dags/example_branch_labels.py
[2024-09-09T21:18:43.811+0530] {processor.py:925} INFO - DAG(s) 'example_branch_labels' retrieved from /home/sst7260/airflow_projects/project1/env/lib/python3.10/site-packages/airflow/example_dags/example_branch_labels.py
[2024-09-09T21:18:43.826+0530] {logging_mixin.py:190} INFO - [2024-09-09T21:18:43.826+0530] {dag.py:3229} INFO - Sync 1 DAGs
[2024-09-09T21:18:43.846+0530] {logging_mixin.py:190} INFO - [2024-09-09T21:18:43.846+0530] {dag.py:4156} INFO - Setting next_dagrun for example_branch_labels to 2024-09-08 00:00:00+00:00, run_after=2024-09-09 00:00:00+00:00
[2024-09-09T21:18:43.875+0530] {processor.py:208} INFO - Processing /home/sst7260/airflow_projects/project1/env/lib/python3.10/site-packages/airflow/example_dags/example_branch_labels.py took 0.080 seconds
[2024-09-09T21:20:05.972+0530] {processor.py:186} INFO - Started process (PID=133009) to work on /home/sst7260/airflow_projects/project1/env/lib/python3.10/site-packages/airflow/example_dags/example_branch_labels.py
[2024-09-09T21:20:05.974+0530] {processor.py:914} INFO - Processing file /home/sst7260/airflow_projects/project1/env/lib/python3.10/site-packages/airflow/example_dags/example_branch_labels.py for tasks to queue
[2024-09-09T21:20:05.975+0530] {logging_mixin.py:190} INFO - [2024-09-09T21:20:05.975+0530] {dagbag.py:587} INFO - Filling up the DagBag from /home/sst7260/airflow_projects/project1/env/lib/python3.10/site-packages/airflow/example_dags/example_branch_labels.py
[2024-09-09T21:20:05.981+0530] {processor.py:925} INFO - DAG(s) 'example_branch_labels' retrieved from /home/sst7260/airflow_projects/project1/env/lib/python3.10/site-packages/airflow/example_dags/example_branch_labels.py
[2024-09-09T21:20:05.992+0530] {logging_mixin.py:190} INFO - [2024-09-09T21:20:05.991+0530] {dag.py:3229} INFO - Sync 1 DAGs
[2024-09-09T21:20:06.004+0530] {logging_mixin.py:190} INFO - [2024-09-09T21:20:06.003+0530] {dag.py:4156} INFO - Setting next_dagrun for example_branch_labels to 2024-09-08 00:00:00+00:00, run_after=2024-09-09 00:00:00+00:00
[2024-09-09T21:20:06.031+0530] {processor.py:208} INFO - Processing /home/sst7260/airflow_projects/project1/env/lib/python3.10/site-packages/airflow/example_dags/example_branch_labels.py took 0.063 seconds
[2024-09-09T21:21:30.900+0530] {processor.py:186} INFO - Started process (PID=133201) to work on /home/sst7260/airflow_projects/project1/env/lib/python3.10/site-packages/airflow/example_dags/example_branch_labels.py
[2024-09-09T21:21:30.902+0530] {processor.py:914} INFO - Processing file /home/sst7260/airflow_projects/project1/env/lib/python3.10/site-packages/airflow/example_dags/example_branch_labels.py for tasks to queue
[2024-09-09T21:21:30.905+0530] {logging_mixin.py:190} INFO - [2024-09-09T21:21:30.905+0530] {dagbag.py:587} INFO - Filling up the DagBag from /home/sst7260/airflow_projects/project1/env/lib/python3.10/site-packages/airflow/example_dags/example_branch_labels.py
[2024-09-09T21:21:30.912+0530] {processor.py:925} INFO - DAG(s) 'example_branch_labels' retrieved from /home/sst7260/airflow_projects/project1/env/lib/python3.10/site-packages/airflow/example_dags/example_branch_labels.py
[2024-09-09T21:21:30.925+0530] {logging_mixin.py:190} INFO - [2024-09-09T21:21:30.925+0530] {dag.py:3229} INFO - Sync 1 DAGs
[2024-09-09T21:21:30.938+0530] {logging_mixin.py:190} INFO - [2024-09-09T21:21:30.937+0530] {dag.py:4156} INFO - Setting next_dagrun for example_branch_labels to 2024-09-08 00:00:00+00:00, run_after=2024-09-09 00:00:00+00:00
[2024-09-09T21:21:30.960+0530] {processor.py:208} INFO - Processing /home/sst7260/airflow_projects/project1/env/lib/python3.10/site-packages/airflow/example_dags/example_branch_labels.py took 0.067 seconds
[2024-09-09T21:22:47.994+0530] {processor.py:186} INFO - Started process (PID=133299) to work on /home/sst7260/airflow_projects/project1/env/lib/python3.10/site-packages/airflow/example_dags/example_branch_labels.py
[2024-09-09T21:22:47.995+0530] {processor.py:914} INFO - Processing file /home/sst7260/airflow_projects/project1/env/lib/python3.10/site-packages/airflow/example_dags/example_branch_labels.py for tasks to queue
[2024-09-09T21:22:47.996+0530] {logging_mixin.py:190} INFO - [2024-09-09T21:22:47.996+0530] {dagbag.py:587} INFO - Filling up the DagBag from /home/sst7260/airflow_projects/project1/env/lib/python3.10/site-packages/airflow/example_dags/example_branch_labels.py
[2024-09-09T21:22:48.002+0530] {processor.py:925} INFO - DAG(s) 'example_branch_labels' retrieved from /home/sst7260/airflow_projects/project1/env/lib/python3.10/site-packages/airflow/example_dags/example_branch_labels.py
[2024-09-09T21:22:48.013+0530] {logging_mixin.py:190} INFO - [2024-09-09T21:22:48.013+0530] {dag.py:3229} INFO - Sync 1 DAGs
[2024-09-09T21:22:48.025+0530] {logging_mixin.py:190} INFO - [2024-09-09T21:22:48.025+0530] {dag.py:4156} INFO - Setting next_dagrun for example_branch_labels to 2024-09-08 00:00:00+00:00, run_after=2024-09-09 00:00:00+00:00
[2024-09-09T21:22:48.046+0530] {processor.py:208} INFO - Processing /home/sst7260/airflow_projects/project1/env/lib/python3.10/site-packages/airflow/example_dags/example_branch_labels.py took 0.059 seconds
[2024-09-09T21:24:12.391+0530] {processor.py:186} INFO - Started process (PID=133392) to work on /home/sst7260/airflow_projects/project1/env/lib/python3.10/site-packages/airflow/example_dags/example_branch_labels.py
[2024-09-09T21:24:12.396+0530] {processor.py:914} INFO - Processing file /home/sst7260/airflow_projects/project1/env/lib/python3.10/site-packages/airflow/example_dags/example_branch_labels.py for tasks to queue
[2024-09-09T21:24:12.407+0530] {logging_mixin.py:190} INFO - [2024-09-09T21:24:12.406+0530] {dagbag.py:587} INFO - Filling up the DagBag from /home/sst7260/airflow_projects/project1/env/lib/python3.10/site-packages/airflow/example_dags/example_branch_labels.py
[2024-09-09T21:24:12.459+0530] {processor.py:925} INFO - DAG(s) 'example_branch_labels' retrieved from /home/sst7260/airflow_projects/project1/env/lib/python3.10/site-packages/airflow/example_dags/example_branch_labels.py
[2024-09-09T21:24:12.520+0530] {logging_mixin.py:190} INFO - [2024-09-09T21:24:12.520+0530] {dag.py:3229} INFO - Sync 1 DAGs
[2024-09-09T21:24:12.544+0530] {logging_mixin.py:190} INFO - [2024-09-09T21:24:12.543+0530] {dag.py:4156} INFO - Setting next_dagrun for example_branch_labels to 2024-09-08 00:00:00+00:00, run_after=2024-09-09 00:00:00+00:00
[2024-09-09T21:24:12.594+0530] {processor.py:208} INFO - Processing /home/sst7260/airflow_projects/project1/env/lib/python3.10/site-packages/airflow/example_dags/example_branch_labels.py took 0.209 seconds
[2024-09-09T21:25:09.682+0530] {processor.py:186} INFO - Started process (PID=133463) to work on /home/sst7260/airflow_projects/project1/env/lib/python3.10/site-packages/airflow/example_dags/example_branch_labels.py
[2024-09-09T21:25:09.687+0530] {processor.py:914} INFO - Processing file /home/sst7260/airflow_projects/project1/env/lib/python3.10/site-packages/airflow/example_dags/example_branch_labels.py for tasks to queue
[2024-09-09T21:25:09.688+0530] {logging_mixin.py:190} INFO - [2024-09-09T21:25:09.688+0530] {dagbag.py:587} INFO - Filling up the DagBag from /home/sst7260/airflow_projects/project1/env/lib/python3.10/site-packages/airflow/example_dags/example_branch_labels.py
[2024-09-09T21:25:09.695+0530] {processor.py:925} INFO - DAG(s) 'example_branch_labels' retrieved from /home/sst7260/airflow_projects/project1/env/lib/python3.10/site-packages/airflow/example_dags/example_branch_labels.py
[2024-09-09T21:25:09.705+0530] {logging_mixin.py:190} INFO - [2024-09-09T21:25:09.705+0530] {dag.py:3229} INFO - Sync 1 DAGs
[2024-09-09T21:25:09.717+0530] {logging_mixin.py:190} INFO - [2024-09-09T21:25:09.717+0530] {dag.py:4156} INFO - Setting next_dagrun for example_branch_labels to 2024-09-08 00:00:00+00:00, run_after=2024-09-09 00:00:00+00:00
[2024-09-09T21:25:09.738+0530] {processor.py:208} INFO - Processing /home/sst7260/airflow_projects/project1/env/lib/python3.10/site-packages/airflow/example_dags/example_branch_labels.py took 0.062 seconds
[2024-09-09T21:26:07.001+0530] {processor.py:186} INFO - Started process (PID=133619) to work on /home/sst7260/airflow_projects/project1/env/lib/python3.10/site-packages/airflow/example_dags/example_branch_labels.py
[2024-09-09T21:26:07.002+0530] {processor.py:914} INFO - Processing file /home/sst7260/airflow_projects/project1/env/lib/python3.10/site-packages/airflow/example_dags/example_branch_labels.py for tasks to queue
[2024-09-09T21:26:07.003+0530] {logging_mixin.py:190} INFO - [2024-09-09T21:26:07.003+0530] {dagbag.py:587} INFO - Filling up the DagBag from /home/sst7260/airflow_projects/project1/env/lib/python3.10/site-packages/airflow/example_dags/example_branch_labels.py
[2024-09-09T21:26:07.009+0530] {processor.py:925} INFO - DAG(s) 'example_branch_labels' retrieved from /home/sst7260/airflow_projects/project1/env/lib/python3.10/site-packages/airflow/example_dags/example_branch_labels.py
[2024-09-09T21:26:07.019+0530] {logging_mixin.py:190} INFO - [2024-09-09T21:26:07.019+0530] {dag.py:3229} INFO - Sync 1 DAGs
[2024-09-09T21:26:07.033+0530] {logging_mixin.py:190} INFO - [2024-09-09T21:26:07.033+0530] {dag.py:4156} INFO - Setting next_dagrun for example_branch_labels to 2024-09-08 00:00:00+00:00, run_after=2024-09-09 00:00:00+00:00
[2024-09-09T21:26:07.057+0530] {processor.py:208} INFO - Processing /home/sst7260/airflow_projects/project1/env/lib/python3.10/site-packages/airflow/example_dags/example_branch_labels.py took 0.061 seconds
[2024-09-09T21:27:03.520+0530] {processor.py:186} INFO - Started process (PID=133684) to work on /home/sst7260/airflow_projects/project1/env/lib/python3.10/site-packages/airflow/example_dags/example_branch_labels.py
[2024-09-09T21:27:03.529+0530] {processor.py:914} INFO - Processing file /home/sst7260/airflow_projects/project1/env/lib/python3.10/site-packages/airflow/example_dags/example_branch_labels.py for tasks to queue
[2024-09-09T21:27:03.530+0530] {logging_mixin.py:190} INFO - [2024-09-09T21:27:03.530+0530] {dagbag.py:587} INFO - Filling up the DagBag from /home/sst7260/airflow_projects/project1/env/lib/python3.10/site-packages/airflow/example_dags/example_branch_labels.py
[2024-09-09T21:27:03.537+0530] {processor.py:925} INFO - DAG(s) 'example_branch_labels' retrieved from /home/sst7260/airflow_projects/project1/env/lib/python3.10/site-packages/airflow/example_dags/example_branch_labels.py
[2024-09-09T21:27:03.547+0530] {logging_mixin.py:190} INFO - [2024-09-09T21:27:03.547+0530] {dag.py:3229} INFO - Sync 1 DAGs
[2024-09-09T21:27:03.559+0530] {logging_mixin.py:190} INFO - [2024-09-09T21:27:03.559+0530] {dag.py:4156} INFO - Setting next_dagrun for example_branch_labels to 2024-09-08 00:00:00+00:00, run_after=2024-09-09 00:00:00+00:00
[2024-09-09T21:27:03.582+0530] {processor.py:208} INFO - Processing /home/sst7260/airflow_projects/project1/env/lib/python3.10/site-packages/airflow/example_dags/example_branch_labels.py took 0.066 seconds
[2024-09-09T21:28:25.813+0530] {processor.py:186} INFO - Started process (PID=133843) to work on /home/sst7260/airflow_projects/project1/env/lib/python3.10/site-packages/airflow/example_dags/example_branch_labels.py
[2024-09-09T21:28:25.823+0530] {processor.py:914} INFO - Processing file /home/sst7260/airflow_projects/project1/env/lib/python3.10/site-packages/airflow/example_dags/example_branch_labels.py for tasks to queue
[2024-09-09T21:28:25.824+0530] {logging_mixin.py:190} INFO - [2024-09-09T21:28:25.824+0530] {dagbag.py:587} INFO - Filling up the DagBag from /home/sst7260/airflow_projects/project1/env/lib/python3.10/site-packages/airflow/example_dags/example_branch_labels.py
[2024-09-09T21:28:25.831+0530] {processor.py:925} INFO - DAG(s) 'example_branch_labels' retrieved from /home/sst7260/airflow_projects/project1/env/lib/python3.10/site-packages/airflow/example_dags/example_branch_labels.py
[2024-09-09T21:28:25.843+0530] {logging_mixin.py:190} INFO - [2024-09-09T21:28:25.843+0530] {dag.py:3229} INFO - Sync 1 DAGs
[2024-09-09T21:28:25.856+0530] {logging_mixin.py:190} INFO - [2024-09-09T21:28:25.855+0530] {dag.py:4156} INFO - Setting next_dagrun for example_branch_labels to 2024-09-08 00:00:00+00:00, run_after=2024-09-09 00:00:00+00:00
[2024-09-09T21:28:25.879+0530] {processor.py:208} INFO - Processing /home/sst7260/airflow_projects/project1/env/lib/python3.10/site-packages/airflow/example_dags/example_branch_labels.py took 0.070 seconds
[2024-09-09T21:29:49.279+0530] {processor.py:186} INFO - Started process (PID=133944) to work on /home/sst7260/airflow_projects/project1/env/lib/python3.10/site-packages/airflow/example_dags/example_branch_labels.py
[2024-09-09T21:29:49.280+0530] {processor.py:914} INFO - Processing file /home/sst7260/airflow_projects/project1/env/lib/python3.10/site-packages/airflow/example_dags/example_branch_labels.py for tasks to queue
[2024-09-09T21:29:49.281+0530] {logging_mixin.py:190} INFO - [2024-09-09T21:29:49.281+0530] {dagbag.py:587} INFO - Filling up the DagBag from /home/sst7260/airflow_projects/project1/env/lib/python3.10/site-packages/airflow/example_dags/example_branch_labels.py
[2024-09-09T21:29:49.288+0530] {processor.py:925} INFO - DAG(s) 'example_branch_labels' retrieved from /home/sst7260/airflow_projects/project1/env/lib/python3.10/site-packages/airflow/example_dags/example_branch_labels.py
[2024-09-09T21:29:49.298+0530] {logging_mixin.py:190} INFO - [2024-09-09T21:29:49.298+0530] {dag.py:3229} INFO - Sync 1 DAGs
[2024-09-09T21:29:49.310+0530] {logging_mixin.py:190} INFO - [2024-09-09T21:29:49.310+0530] {dag.py:4156} INFO - Setting next_dagrun for example_branch_labels to 2024-09-08 00:00:00+00:00, run_after=2024-09-09 00:00:00+00:00
[2024-09-09T21:29:49.337+0530] {processor.py:208} INFO - Processing /home/sst7260/airflow_projects/project1/env/lib/python3.10/site-packages/airflow/example_dags/example_branch_labels.py took 0.063 seconds
[2024-09-09T21:31:08.295+0530] {processor.py:186} INFO - Started process (PID=134062) to work on /home/sst7260/airflow_projects/project1/env/lib/python3.10/site-packages/airflow/example_dags/example_branch_labels.py
[2024-09-09T21:31:08.296+0530] {processor.py:914} INFO - Processing file /home/sst7260/airflow_projects/project1/env/lib/python3.10/site-packages/airflow/example_dags/example_branch_labels.py for tasks to queue
[2024-09-09T21:31:08.297+0530] {logging_mixin.py:190} INFO - [2024-09-09T21:31:08.297+0530] {dagbag.py:587} INFO - Filling up the DagBag from /home/sst7260/airflow_projects/project1/env/lib/python3.10/site-packages/airflow/example_dags/example_branch_labels.py
[2024-09-09T21:31:08.307+0530] {processor.py:925} INFO - DAG(s) 'example_branch_labels' retrieved from /home/sst7260/airflow_projects/project1/env/lib/python3.10/site-packages/airflow/example_dags/example_branch_labels.py
[2024-09-09T21:31:08.317+0530] {logging_mixin.py:190} INFO - [2024-09-09T21:31:08.317+0530] {dag.py:3229} INFO - Sync 1 DAGs
[2024-09-09T21:31:08.330+0530] {logging_mixin.py:190} INFO - [2024-09-09T21:31:08.330+0530] {dag.py:4156} INFO - Setting next_dagrun for example_branch_labels to 2024-09-08 00:00:00+00:00, run_after=2024-09-09 00:00:00+00:00
[2024-09-09T21:31:08.355+0530] {processor.py:208} INFO - Processing /home/sst7260/airflow_projects/project1/env/lib/python3.10/site-packages/airflow/example_dags/example_branch_labels.py took 0.064 seconds
[2024-09-09T21:32:30.602+0530] {processor.py:186} INFO - Started process (PID=134160) to work on /home/sst7260/airflow_projects/project1/env/lib/python3.10/site-packages/airflow/example_dags/example_branch_labels.py
[2024-09-09T21:32:30.604+0530] {processor.py:914} INFO - Processing file /home/sst7260/airflow_projects/project1/env/lib/python3.10/site-packages/airflow/example_dags/example_branch_labels.py for tasks to queue
[2024-09-09T21:32:30.605+0530] {logging_mixin.py:190} INFO - [2024-09-09T21:32:30.605+0530] {dagbag.py:587} INFO - Filling up the DagBag from /home/sst7260/airflow_projects/project1/env/lib/python3.10/site-packages/airflow/example_dags/example_branch_labels.py
[2024-09-09T21:32:30.612+0530] {processor.py:925} INFO - DAG(s) 'example_branch_labels' retrieved from /home/sst7260/airflow_projects/project1/env/lib/python3.10/site-packages/airflow/example_dags/example_branch_labels.py
[2024-09-09T21:32:30.622+0530] {logging_mixin.py:190} INFO - [2024-09-09T21:32:30.621+0530] {dag.py:3229} INFO - Sync 1 DAGs
[2024-09-09T21:32:30.634+0530] {logging_mixin.py:190} INFO - [2024-09-09T21:32:30.634+0530] {dag.py:4156} INFO - Setting next_dagrun for example_branch_labels to 2024-09-08 00:00:00+00:00, run_after=2024-09-09 00:00:00+00:00
[2024-09-09T21:32:30.659+0530] {processor.py:208} INFO - Processing /home/sst7260/airflow_projects/project1/env/lib/python3.10/site-packages/airflow/example_dags/example_branch_labels.py took 0.061 seconds
[2024-09-09T21:33:28.084+0530] {processor.py:186} INFO - Started process (PID=134225) to work on /home/sst7260/airflow_projects/project1/env/lib/python3.10/site-packages/airflow/example_dags/example_branch_labels.py
[2024-09-09T21:33:28.086+0530] {processor.py:914} INFO - Processing file /home/sst7260/airflow_projects/project1/env/lib/python3.10/site-packages/airflow/example_dags/example_branch_labels.py for tasks to queue
[2024-09-09T21:33:28.087+0530] {logging_mixin.py:190} INFO - [2024-09-09T21:33:28.087+0530] {dagbag.py:587} INFO - Filling up the DagBag from /home/sst7260/airflow_projects/project1/env/lib/python3.10/site-packages/airflow/example_dags/example_branch_labels.py
[2024-09-09T21:33:28.096+0530] {processor.py:925} INFO - DAG(s) 'example_branch_labels' retrieved from /home/sst7260/airflow_projects/project1/env/lib/python3.10/site-packages/airflow/example_dags/example_branch_labels.py
[2024-09-09T21:33:28.106+0530] {logging_mixin.py:190} INFO - [2024-09-09T21:33:28.105+0530] {dag.py:3229} INFO - Sync 1 DAGs
[2024-09-09T21:33:28.125+0530] {logging_mixin.py:190} INFO - [2024-09-09T21:33:28.125+0530] {dag.py:4156} INFO - Setting next_dagrun for example_branch_labels to 2024-09-08 00:00:00+00:00, run_after=2024-09-09 00:00:00+00:00
[2024-09-09T21:33:28.149+0530] {processor.py:208} INFO - Processing /home/sst7260/airflow_projects/project1/env/lib/python3.10/site-packages/airflow/example_dags/example_branch_labels.py took 0.069 seconds
[2024-09-09T21:34:49.272+0530] {processor.py:186} INFO - Started process (PID=134321) to work on /home/sst7260/airflow_projects/project1/env/lib/python3.10/site-packages/airflow/example_dags/example_branch_labels.py
[2024-09-09T21:34:49.273+0530] {processor.py:914} INFO - Processing file /home/sst7260/airflow_projects/project1/env/lib/python3.10/site-packages/airflow/example_dags/example_branch_labels.py for tasks to queue
[2024-09-09T21:34:49.274+0530] {logging_mixin.py:190} INFO - [2024-09-09T21:34:49.274+0530] {dagbag.py:587} INFO - Filling up the DagBag from /home/sst7260/airflow_projects/project1/env/lib/python3.10/site-packages/airflow/example_dags/example_branch_labels.py
[2024-09-09T21:34:49.281+0530] {processor.py:925} INFO - DAG(s) 'example_branch_labels' retrieved from /home/sst7260/airflow_projects/project1/env/lib/python3.10/site-packages/airflow/example_dags/example_branch_labels.py
[2024-09-09T21:34:49.291+0530] {logging_mixin.py:190} INFO - [2024-09-09T21:34:49.291+0530] {dag.py:3229} INFO - Sync 1 DAGs
[2024-09-09T21:34:49.303+0530] {logging_mixin.py:190} INFO - [2024-09-09T21:34:49.303+0530] {dag.py:4156} INFO - Setting next_dagrun for example_branch_labels to 2024-09-08 00:00:00+00:00, run_after=2024-09-09 00:00:00+00:00
[2024-09-09T21:34:49.325+0530] {processor.py:208} INFO - Processing /home/sst7260/airflow_projects/project1/env/lib/python3.10/site-packages/airflow/example_dags/example_branch_labels.py took 0.059 seconds
[2024-09-09T21:36:11.001+0530] {processor.py:186} INFO - Started process (PID=134445) to work on /home/sst7260/airflow_projects/project1/env/lib/python3.10/site-packages/airflow/example_dags/example_branch_labels.py
[2024-09-09T21:36:11.002+0530] {processor.py:914} INFO - Processing file /home/sst7260/airflow_projects/project1/env/lib/python3.10/site-packages/airflow/example_dags/example_branch_labels.py for tasks to queue
[2024-09-09T21:36:11.003+0530] {logging_mixin.py:190} INFO - [2024-09-09T21:36:11.003+0530] {dagbag.py:587} INFO - Filling up the DagBag from /home/sst7260/airflow_projects/project1/env/lib/python3.10/site-packages/airflow/example_dags/example_branch_labels.py
[2024-09-09T21:36:11.011+0530] {processor.py:925} INFO - DAG(s) 'example_branch_labels' retrieved from /home/sst7260/airflow_projects/project1/env/lib/python3.10/site-packages/airflow/example_dags/example_branch_labels.py
[2024-09-09T21:36:11.022+0530] {logging_mixin.py:190} INFO - [2024-09-09T21:36:11.022+0530] {dag.py:3229} INFO - Sync 1 DAGs
[2024-09-09T21:36:11.035+0530] {logging_mixin.py:190} INFO - [2024-09-09T21:36:11.035+0530] {dag.py:4156} INFO - Setting next_dagrun for example_branch_labels to 2024-09-08 00:00:00+00:00, run_after=2024-09-09 00:00:00+00:00
[2024-09-09T21:36:11.056+0530] {processor.py:208} INFO - Processing /home/sst7260/airflow_projects/project1/env/lib/python3.10/site-packages/airflow/example_dags/example_branch_labels.py took 0.061 seconds
[2024-09-09T21:37:33.251+0530] {processor.py:186} INFO - Started process (PID=134544) to work on /home/sst7260/airflow_projects/project1/env/lib/python3.10/site-packages/airflow/example_dags/example_branch_labels.py
[2024-09-09T21:37:33.255+0530] {processor.py:914} INFO - Processing file /home/sst7260/airflow_projects/project1/env/lib/python3.10/site-packages/airflow/example_dags/example_branch_labels.py for tasks to queue
[2024-09-09T21:37:33.256+0530] {logging_mixin.py:190} INFO - [2024-09-09T21:37:33.256+0530] {dagbag.py:587} INFO - Filling up the DagBag from /home/sst7260/airflow_projects/project1/env/lib/python3.10/site-packages/airflow/example_dags/example_branch_labels.py
[2024-09-09T21:37:33.262+0530] {processor.py:925} INFO - DAG(s) 'example_branch_labels' retrieved from /home/sst7260/airflow_projects/project1/env/lib/python3.10/site-packages/airflow/example_dags/example_branch_labels.py
[2024-09-09T21:37:33.272+0530] {logging_mixin.py:190} INFO - [2024-09-09T21:37:33.271+0530] {dag.py:3229} INFO - Sync 1 DAGs
[2024-09-09T21:37:33.284+0530] {logging_mixin.py:190} INFO - [2024-09-09T21:37:33.283+0530] {dag.py:4156} INFO - Setting next_dagrun for example_branch_labels to 2024-09-08 00:00:00+00:00, run_after=2024-09-09 00:00:00+00:00
[2024-09-09T21:37:33.305+0530] {processor.py:208} INFO - Processing /home/sst7260/airflow_projects/project1/env/lib/python3.10/site-packages/airflow/example_dags/example_branch_labels.py took 0.058 seconds
[2024-09-09T21:38:55.128+0530] {processor.py:186} INFO - Started process (PID=134638) to work on /home/sst7260/airflow_projects/project1/env/lib/python3.10/site-packages/airflow/example_dags/example_branch_labels.py
[2024-09-09T21:38:55.130+0530] {processor.py:914} INFO - Processing file /home/sst7260/airflow_projects/project1/env/lib/python3.10/site-packages/airflow/example_dags/example_branch_labels.py for tasks to queue
[2024-09-09T21:38:55.132+0530] {logging_mixin.py:190} INFO - [2024-09-09T21:38:55.131+0530] {dagbag.py:587} INFO - Filling up the DagBag from /home/sst7260/airflow_projects/project1/env/lib/python3.10/site-packages/airflow/example_dags/example_branch_labels.py
[2024-09-09T21:38:55.143+0530] {processor.py:925} INFO - DAG(s) 'example_branch_labels' retrieved from /home/sst7260/airflow_projects/project1/env/lib/python3.10/site-packages/airflow/example_dags/example_branch_labels.py
[2024-09-09T21:38:55.160+0530] {logging_mixin.py:190} INFO - [2024-09-09T21:38:55.160+0530] {dag.py:3229} INFO - Sync 1 DAGs
[2024-09-09T21:38:55.181+0530] {logging_mixin.py:190} INFO - [2024-09-09T21:38:55.181+0530] {dag.py:4156} INFO - Setting next_dagrun for example_branch_labels to 2024-09-08 00:00:00+00:00, run_after=2024-09-09 00:00:00+00:00
[2024-09-09T21:38:55.210+0530] {processor.py:208} INFO - Processing /home/sst7260/airflow_projects/project1/env/lib/python3.10/site-packages/airflow/example_dags/example_branch_labels.py took 0.089 seconds
[2024-09-09T21:40:15.233+0530] {processor.py:186} INFO - Started process (PID=134730) to work on /home/sst7260/airflow_projects/project1/env/lib/python3.10/site-packages/airflow/example_dags/example_branch_labels.py
[2024-09-09T21:40:15.237+0530] {processor.py:914} INFO - Processing file /home/sst7260/airflow_projects/project1/env/lib/python3.10/site-packages/airflow/example_dags/example_branch_labels.py for tasks to queue
[2024-09-09T21:40:15.238+0530] {logging_mixin.py:190} INFO - [2024-09-09T21:40:15.238+0530] {dagbag.py:587} INFO - Filling up the DagBag from /home/sst7260/airflow_projects/project1/env/lib/python3.10/site-packages/airflow/example_dags/example_branch_labels.py
[2024-09-09T21:40:15.245+0530] {processor.py:925} INFO - DAG(s) 'example_branch_labels' retrieved from /home/sst7260/airflow_projects/project1/env/lib/python3.10/site-packages/airflow/example_dags/example_branch_labels.py
[2024-09-09T21:40:15.259+0530] {logging_mixin.py:190} INFO - [2024-09-09T21:40:15.259+0530] {dag.py:3229} INFO - Sync 1 DAGs
[2024-09-09T21:40:15.274+0530] {logging_mixin.py:190} INFO - [2024-09-09T21:40:15.273+0530] {dag.py:4156} INFO - Setting next_dagrun for example_branch_labels to 2024-09-08 00:00:00+00:00, run_after=2024-09-09 00:00:00+00:00
[2024-09-09T21:40:15.295+0530] {processor.py:208} INFO - Processing /home/sst7260/airflow_projects/project1/env/lib/python3.10/site-packages/airflow/example_dags/example_branch_labels.py took 0.066 seconds
[2024-09-09T21:41:36.480+0530] {processor.py:186} INFO - Started process (PID=134854) to work on /home/sst7260/airflow_projects/project1/env/lib/python3.10/site-packages/airflow/example_dags/example_branch_labels.py
[2024-09-09T21:41:36.481+0530] {processor.py:914} INFO - Processing file /home/sst7260/airflow_projects/project1/env/lib/python3.10/site-packages/airflow/example_dags/example_branch_labels.py for tasks to queue
[2024-09-09T21:41:36.482+0530] {logging_mixin.py:190} INFO - [2024-09-09T21:41:36.482+0530] {dagbag.py:587} INFO - Filling up the DagBag from /home/sst7260/airflow_projects/project1/env/lib/python3.10/site-packages/airflow/example_dags/example_branch_labels.py
[2024-09-09T21:41:36.488+0530] {processor.py:925} INFO - DAG(s) 'example_branch_labels' retrieved from /home/sst7260/airflow_projects/project1/env/lib/python3.10/site-packages/airflow/example_dags/example_branch_labels.py
[2024-09-09T21:41:36.498+0530] {logging_mixin.py:190} INFO - [2024-09-09T21:41:36.498+0530] {dag.py:3229} INFO - Sync 1 DAGs
[2024-09-09T21:41:36.510+0530] {logging_mixin.py:190} INFO - [2024-09-09T21:41:36.509+0530] {dag.py:4156} INFO - Setting next_dagrun for example_branch_labels to 2024-09-08 00:00:00+00:00, run_after=2024-09-09 00:00:00+00:00
[2024-09-09T21:41:36.529+0530] {processor.py:208} INFO - Processing /home/sst7260/airflow_projects/project1/env/lib/python3.10/site-packages/airflow/example_dags/example_branch_labels.py took 0.055 seconds
[2024-09-09T21:42:54.175+0530] {processor.py:186} INFO - Started process (PID=134950) to work on /home/sst7260/airflow_projects/project1/env/lib/python3.10/site-packages/airflow/example_dags/example_branch_labels.py
[2024-09-09T21:42:54.178+0530] {processor.py:914} INFO - Processing file /home/sst7260/airflow_projects/project1/env/lib/python3.10/site-packages/airflow/example_dags/example_branch_labels.py for tasks to queue
[2024-09-09T21:42:54.179+0530] {logging_mixin.py:190} INFO - [2024-09-09T21:42:54.179+0530] {dagbag.py:587} INFO - Filling up the DagBag from /home/sst7260/airflow_projects/project1/env/lib/python3.10/site-packages/airflow/example_dags/example_branch_labels.py
[2024-09-09T21:42:54.185+0530] {processor.py:925} INFO - DAG(s) 'example_branch_labels' retrieved from /home/sst7260/airflow_projects/project1/env/lib/python3.10/site-packages/airflow/example_dags/example_branch_labels.py
[2024-09-09T21:42:54.195+0530] {logging_mixin.py:190} INFO - [2024-09-09T21:42:54.195+0530] {dag.py:3229} INFO - Sync 1 DAGs
[2024-09-09T21:42:54.207+0530] {logging_mixin.py:190} INFO - [2024-09-09T21:42:54.206+0530] {dag.py:4156} INFO - Setting next_dagrun for example_branch_labels to 2024-09-08 00:00:00+00:00, run_after=2024-09-09 00:00:00+00:00
[2024-09-09T21:42:54.226+0530] {processor.py:208} INFO - Processing /home/sst7260/airflow_projects/project1/env/lib/python3.10/site-packages/airflow/example_dags/example_branch_labels.py took 0.055 seconds
[2024-09-09T21:44:12.278+0530] {processor.py:186} INFO - Started process (PID=135038) to work on /home/sst7260/airflow_projects/project1/env/lib/python3.10/site-packages/airflow/example_dags/example_branch_labels.py
[2024-09-09T21:44:12.280+0530] {processor.py:914} INFO - Processing file /home/sst7260/airflow_projects/project1/env/lib/python3.10/site-packages/airflow/example_dags/example_branch_labels.py for tasks to queue
[2024-09-09T21:44:12.281+0530] {logging_mixin.py:190} INFO - [2024-09-09T21:44:12.280+0530] {dagbag.py:587} INFO - Filling up the DagBag from /home/sst7260/airflow_projects/project1/env/lib/python3.10/site-packages/airflow/example_dags/example_branch_labels.py
[2024-09-09T21:44:12.287+0530] {processor.py:925} INFO - DAG(s) 'example_branch_labels' retrieved from /home/sst7260/airflow_projects/project1/env/lib/python3.10/site-packages/airflow/example_dags/example_branch_labels.py
[2024-09-09T21:44:12.298+0530] {logging_mixin.py:190} INFO - [2024-09-09T21:44:12.298+0530] {dag.py:3229} INFO - Sync 1 DAGs
[2024-09-09T21:44:12.309+0530] {logging_mixin.py:190} INFO - [2024-09-09T21:44:12.309+0530] {dag.py:4156} INFO - Setting next_dagrun for example_branch_labels to 2024-09-08 00:00:00+00:00, run_after=2024-09-09 00:00:00+00:00
[2024-09-09T21:44:12.333+0530] {processor.py:208} INFO - Processing /home/sst7260/airflow_projects/project1/env/lib/python3.10/site-packages/airflow/example_dags/example_branch_labels.py took 0.059 seconds
[2024-09-09T21:45:33.437+0530] {processor.py:186} INFO - Started process (PID=135134) to work on /home/sst7260/airflow_projects/project1/env/lib/python3.10/site-packages/airflow/example_dags/example_branch_labels.py
[2024-09-09T21:45:33.439+0530] {processor.py:914} INFO - Processing file /home/sst7260/airflow_projects/project1/env/lib/python3.10/site-packages/airflow/example_dags/example_branch_labels.py for tasks to queue
[2024-09-09T21:45:33.439+0530] {logging_mixin.py:190} INFO - [2024-09-09T21:45:33.439+0530] {dagbag.py:587} INFO - Filling up the DagBag from /home/sst7260/airflow_projects/project1/env/lib/python3.10/site-packages/airflow/example_dags/example_branch_labels.py
[2024-09-09T21:45:33.446+0530] {processor.py:925} INFO - DAG(s) 'example_branch_labels' retrieved from /home/sst7260/airflow_projects/project1/env/lib/python3.10/site-packages/airflow/example_dags/example_branch_labels.py
[2024-09-09T21:45:33.456+0530] {logging_mixin.py:190} INFO - [2024-09-09T21:45:33.455+0530] {dag.py:3229} INFO - Sync 1 DAGs
[2024-09-09T21:45:33.471+0530] {logging_mixin.py:190} INFO - [2024-09-09T21:45:33.471+0530] {dag.py:4156} INFO - Setting next_dagrun for example_branch_labels to 2024-09-08 00:00:00+00:00, run_after=2024-09-09 00:00:00+00:00
[2024-09-09T21:45:33.492+0530] {processor.py:208} INFO - Processing /home/sst7260/airflow_projects/project1/env/lib/python3.10/site-packages/airflow/example_dags/example_branch_labels.py took 0.059 seconds
[2024-09-09T21:46:55.387+0530] {processor.py:186} INFO - Started process (PID=135259) to work on /home/sst7260/airflow_projects/project1/env/lib/python3.10/site-packages/airflow/example_dags/example_branch_labels.py
[2024-09-09T21:46:55.390+0530] {processor.py:914} INFO - Processing file /home/sst7260/airflow_projects/project1/env/lib/python3.10/site-packages/airflow/example_dags/example_branch_labels.py for tasks to queue
[2024-09-09T21:46:55.391+0530] {logging_mixin.py:190} INFO - [2024-09-09T21:46:55.391+0530] {dagbag.py:587} INFO - Filling up the DagBag from /home/sst7260/airflow_projects/project1/env/lib/python3.10/site-packages/airflow/example_dags/example_branch_labels.py
[2024-09-09T21:46:55.400+0530] {processor.py:925} INFO - DAG(s) 'example_branch_labels' retrieved from /home/sst7260/airflow_projects/project1/env/lib/python3.10/site-packages/airflow/example_dags/example_branch_labels.py
[2024-09-09T21:46:55.410+0530] {logging_mixin.py:190} INFO - [2024-09-09T21:46:55.409+0530] {dag.py:3229} INFO - Sync 1 DAGs
[2024-09-09T21:46:55.421+0530] {logging_mixin.py:190} INFO - [2024-09-09T21:46:55.421+0530] {dag.py:4156} INFO - Setting next_dagrun for example_branch_labels to 2024-09-08 00:00:00+00:00, run_after=2024-09-09 00:00:00+00:00
[2024-09-09T21:46:55.446+0530] {processor.py:208} INFO - Processing /home/sst7260/airflow_projects/project1/env/lib/python3.10/site-packages/airflow/example_dags/example_branch_labels.py took 0.064 seconds
[2024-09-09T21:48:13.462+0530] {processor.py:186} INFO - Started process (PID=135355) to work on /home/sst7260/airflow_projects/project1/env/lib/python3.10/site-packages/airflow/example_dags/example_branch_labels.py
[2024-09-09T21:48:13.463+0530] {processor.py:914} INFO - Processing file /home/sst7260/airflow_projects/project1/env/lib/python3.10/site-packages/airflow/example_dags/example_branch_labels.py for tasks to queue
[2024-09-09T21:48:13.464+0530] {logging_mixin.py:190} INFO - [2024-09-09T21:48:13.464+0530] {dagbag.py:587} INFO - Filling up the DagBag from /home/sst7260/airflow_projects/project1/env/lib/python3.10/site-packages/airflow/example_dags/example_branch_labels.py
[2024-09-09T21:48:13.470+0530] {processor.py:925} INFO - DAG(s) 'example_branch_labels' retrieved from /home/sst7260/airflow_projects/project1/env/lib/python3.10/site-packages/airflow/example_dags/example_branch_labels.py
[2024-09-09T21:48:13.480+0530] {logging_mixin.py:190} INFO - [2024-09-09T21:48:13.480+0530] {dag.py:3229} INFO - Sync 1 DAGs
[2024-09-09T21:48:13.495+0530] {logging_mixin.py:190} INFO - [2024-09-09T21:48:13.494+0530] {dag.py:4156} INFO - Setting next_dagrun for example_branch_labels to 2024-09-08 00:00:00+00:00, run_after=2024-09-09 00:00:00+00:00
[2024-09-09T21:48:13.516+0530] {processor.py:208} INFO - Processing /home/sst7260/airflow_projects/project1/env/lib/python3.10/site-packages/airflow/example_dags/example_branch_labels.py took 0.058 seconds
[2024-09-09T21:49:31.155+0530] {processor.py:186} INFO - Started process (PID=135445) to work on /home/sst7260/airflow_projects/project1/env/lib/python3.10/site-packages/airflow/example_dags/example_branch_labels.py
[2024-09-09T21:49:31.156+0530] {processor.py:914} INFO - Processing file /home/sst7260/airflow_projects/project1/env/lib/python3.10/site-packages/airflow/example_dags/example_branch_labels.py for tasks to queue
[2024-09-09T21:49:31.156+0530] {logging_mixin.py:190} INFO - [2024-09-09T21:49:31.156+0530] {dagbag.py:587} INFO - Filling up the DagBag from /home/sst7260/airflow_projects/project1/env/lib/python3.10/site-packages/airflow/example_dags/example_branch_labels.py
[2024-09-09T21:49:31.163+0530] {processor.py:925} INFO - DAG(s) 'example_branch_labels' retrieved from /home/sst7260/airflow_projects/project1/env/lib/python3.10/site-packages/airflow/example_dags/example_branch_labels.py
[2024-09-09T21:49:31.173+0530] {logging_mixin.py:190} INFO - [2024-09-09T21:49:31.172+0530] {dag.py:3229} INFO - Sync 1 DAGs
[2024-09-09T21:49:31.185+0530] {logging_mixin.py:190} INFO - [2024-09-09T21:49:31.185+0530] {dag.py:4156} INFO - Setting next_dagrun for example_branch_labels to 2024-09-08 00:00:00+00:00, run_after=2024-09-09 00:00:00+00:00
[2024-09-09T21:49:31.208+0530] {processor.py:208} INFO - Processing /home/sst7260/airflow_projects/project1/env/lib/python3.10/site-packages/airflow/example_dags/example_branch_labels.py took 0.058 seconds
[2024-09-09T21:50:54.894+0530] {processor.py:186} INFO - Started process (PID=135570) to work on /home/sst7260/airflow_projects/project1/env/lib/python3.10/site-packages/airflow/example_dags/example_branch_labels.py
[2024-09-09T21:50:54.895+0530] {processor.py:914} INFO - Processing file /home/sst7260/airflow_projects/project1/env/lib/python3.10/site-packages/airflow/example_dags/example_branch_labels.py for tasks to queue
[2024-09-09T21:50:54.896+0530] {logging_mixin.py:190} INFO - [2024-09-09T21:50:54.896+0530] {dagbag.py:587} INFO - Filling up the DagBag from /home/sst7260/airflow_projects/project1/env/lib/python3.10/site-packages/airflow/example_dags/example_branch_labels.py
[2024-09-09T21:50:54.903+0530] {processor.py:925} INFO - DAG(s) 'example_branch_labels' retrieved from /home/sst7260/airflow_projects/project1/env/lib/python3.10/site-packages/airflow/example_dags/example_branch_labels.py
[2024-09-09T21:50:54.913+0530] {logging_mixin.py:190} INFO - [2024-09-09T21:50:54.913+0530] {dag.py:3229} INFO - Sync 1 DAGs
[2024-09-09T21:50:54.925+0530] {logging_mixin.py:190} INFO - [2024-09-09T21:50:54.924+0530] {dag.py:4156} INFO - Setting next_dagrun for example_branch_labels to 2024-09-08 00:00:00+00:00, run_after=2024-09-09 00:00:00+00:00
[2024-09-09T21:50:54.950+0530] {processor.py:208} INFO - Processing /home/sst7260/airflow_projects/project1/env/lib/python3.10/site-packages/airflow/example_dags/example_branch_labels.py took 0.061 seconds
[2024-09-09T21:52:14.316+0530] {processor.py:186} INFO - Started process (PID=135665) to work on /home/sst7260/airflow_projects/project1/env/lib/python3.10/site-packages/airflow/example_dags/example_branch_labels.py
[2024-09-09T21:52:14.318+0530] {processor.py:914} INFO - Processing file /home/sst7260/airflow_projects/project1/env/lib/python3.10/site-packages/airflow/example_dags/example_branch_labels.py for tasks to queue
[2024-09-09T21:52:14.318+0530] {logging_mixin.py:190} INFO - [2024-09-09T21:52:14.318+0530] {dagbag.py:587} INFO - Filling up the DagBag from /home/sst7260/airflow_projects/project1/env/lib/python3.10/site-packages/airflow/example_dags/example_branch_labels.py
[2024-09-09T21:52:14.324+0530] {processor.py:925} INFO - DAG(s) 'example_branch_labels' retrieved from /home/sst7260/airflow_projects/project1/env/lib/python3.10/site-packages/airflow/example_dags/example_branch_labels.py
[2024-09-09T21:52:14.334+0530] {logging_mixin.py:190} INFO - [2024-09-09T21:52:14.334+0530] {dag.py:3229} INFO - Sync 1 DAGs
[2024-09-09T21:52:14.346+0530] {logging_mixin.py:190} INFO - [2024-09-09T21:52:14.346+0530] {dag.py:4156} INFO - Setting next_dagrun for example_branch_labels to 2024-09-08 00:00:00+00:00, run_after=2024-09-09 00:00:00+00:00
[2024-09-09T21:52:14.368+0530] {processor.py:208} INFO - Processing /home/sst7260/airflow_projects/project1/env/lib/python3.10/site-packages/airflow/example_dags/example_branch_labels.py took 0.056 seconds
