[2024-09-09T20:46:47.435+0530] {processor.py:186} INFO - Started process (PID=128495) to work on /home/sst7260/airflow_projects/project1/env/lib/python3.10/site-packages/airflow/example_dags/example_inlet_event_extra.py
[2024-09-09T20:46:47.436+0530] {processor.py:914} INFO - Processing file /home/sst7260/airflow_projects/project1/env/lib/python3.10/site-packages/airflow/example_dags/example_inlet_event_extra.py for tasks to queue
[2024-09-09T20:46:47.439+0530] {logging_mixin.py:190} INFO - [2024-09-09T20:46:47.438+0530] {dagbag.py:587} INFO - Filling up the DagBag from /home/sst7260/airflow_projects/project1/env/lib/python3.10/site-packages/airflow/example_dags/example_inlet_event_extra.py
[2024-09-09T20:46:47.452+0530] {processor.py:925} INFO - DAG(s) 'read_dataset_event', 'read_dataset_event_from_classic' retrieved from /home/sst7260/airflow_projects/project1/env/lib/python3.10/site-packages/airflow/example_dags/example_inlet_event_extra.py
[2024-09-09T20:46:47.540+0530] {logging_mixin.py:190} INFO - [2024-09-09T20:46:47.540+0530] {override.py:1900} INFO - Created Permission View: can delete on DAG:read_dataset_event
[2024-09-09T20:46:47.559+0530] {logging_mixin.py:190} INFO - [2024-09-09T20:46:47.559+0530] {override.py:1900} INFO - Created Permission View: can read on DAG:read_dataset_event
[2024-09-09T20:46:47.579+0530] {logging_mixin.py:190} INFO - [2024-09-09T20:46:47.579+0530] {override.py:1900} INFO - Created Permission View: can edit on DAG:read_dataset_event
[2024-09-09T20:46:47.611+0530] {logging_mixin.py:190} INFO - [2024-09-09T20:46:47.611+0530] {override.py:1900} INFO - Created Permission View: can create on DAG Run:read_dataset_event
[2024-09-09T20:46:47.628+0530] {logging_mixin.py:190} INFO - [2024-09-09T20:46:47.627+0530] {override.py:1900} INFO - Created Permission View: menu access on DAG Run:read_dataset_event
[2024-09-09T20:46:47.646+0530] {logging_mixin.py:190} INFO - [2024-09-09T20:46:47.646+0530] {override.py:1900} INFO - Created Permission View: can read on DAG Run:read_dataset_event
[2024-09-09T20:46:47.663+0530] {logging_mixin.py:190} INFO - [2024-09-09T20:46:47.662+0530] {override.py:1900} INFO - Created Permission View: can delete on DAG Run:read_dataset_event
[2024-09-09T20:46:47.695+0530] {logging_mixin.py:190} INFO - [2024-09-09T20:46:47.694+0530] {override.py:1900} INFO - Created Permission View: can delete on DAG:read_dataset_event_from_classic
[2024-09-09T20:46:47.711+0530] {logging_mixin.py:190} INFO - [2024-09-09T20:46:47.711+0530] {override.py:1900} INFO - Created Permission View: can read on DAG:read_dataset_event_from_classic
[2024-09-09T20:46:47.728+0530] {logging_mixin.py:190} INFO - [2024-09-09T20:46:47.728+0530] {override.py:1900} INFO - Created Permission View: can edit on DAG:read_dataset_event_from_classic
[2024-09-09T20:46:47.760+0530] {logging_mixin.py:190} INFO - [2024-09-09T20:46:47.759+0530] {override.py:1900} INFO - Created Permission View: can create on DAG Run:read_dataset_event_from_classic
[2024-09-09T20:46:47.777+0530] {logging_mixin.py:190} INFO - [2024-09-09T20:46:47.776+0530] {override.py:1900} INFO - Created Permission View: menu access on DAG Run:read_dataset_event_from_classic
[2024-09-09T20:46:47.794+0530] {logging_mixin.py:190} INFO - [2024-09-09T20:46:47.793+0530] {override.py:1900} INFO - Created Permission View: can read on DAG Run:read_dataset_event_from_classic
[2024-09-09T20:46:47.809+0530] {logging_mixin.py:190} INFO - [2024-09-09T20:46:47.808+0530] {override.py:1900} INFO - Created Permission View: can delete on DAG Run:read_dataset_event_from_classic
[2024-09-09T20:46:47.809+0530] {logging_mixin.py:190} INFO - [2024-09-09T20:46:47.809+0530] {dag.py:3229} INFO - Sync 2 DAGs
[2024-09-09T20:46:47.816+0530] {logging_mixin.py:190} INFO - [2024-09-09T20:46:47.816+0530] {dag.py:3252} INFO - Creating ORM DAG for read_dataset_event_from_classic
[2024-09-09T20:46:47.817+0530] {logging_mixin.py:190} INFO - [2024-09-09T20:46:47.817+0530] {dag.py:3252} INFO - Creating ORM DAG for read_dataset_event
[2024-09-09T20:46:47.822+0530] {logging_mixin.py:190} INFO - [2024-09-09T20:46:47.822+0530] {dag.py:4156} INFO - Setting next_dagrun for read_dataset_event to 2024-09-08 00:00:00+00:00, run_after=2024-09-09 00:00:00+00:00
[2024-09-09T20:46:47.823+0530] {logging_mixin.py:190} INFO - [2024-09-09T20:46:47.823+0530] {dag.py:4156} INFO - Setting next_dagrun for read_dataset_event_from_classic to 2024-09-08 00:00:00+00:00, run_after=2024-09-09 00:00:00+00:00
[2024-09-09T20:46:47.850+0530] {processor.py:208} INFO - Processing /home/sst7260/airflow_projects/project1/env/lib/python3.10/site-packages/airflow/example_dags/example_inlet_event_extra.py took 0.420 seconds
[2024-09-09T20:47:50.019+0530] {processor.py:186} INFO - Started process (PID=128574) to work on /home/sst7260/airflow_projects/project1/env/lib/python3.10/site-packages/airflow/example_dags/example_inlet_event_extra.py
[2024-09-09T20:47:50.020+0530] {processor.py:914} INFO - Processing file /home/sst7260/airflow_projects/project1/env/lib/python3.10/site-packages/airflow/example_dags/example_inlet_event_extra.py for tasks to queue
[2024-09-09T20:47:50.022+0530] {logging_mixin.py:190} INFO - [2024-09-09T20:47:50.021+0530] {dagbag.py:587} INFO - Filling up the DagBag from /home/sst7260/airflow_projects/project1/env/lib/python3.10/site-packages/airflow/example_dags/example_inlet_event_extra.py
[2024-09-09T20:47:50.029+0530] {processor.py:925} INFO - DAG(s) 'read_dataset_event', 'read_dataset_event_from_classic' retrieved from /home/sst7260/airflow_projects/project1/env/lib/python3.10/site-packages/airflow/example_dags/example_inlet_event_extra.py
[2024-09-09T20:47:50.042+0530] {logging_mixin.py:190} INFO - [2024-09-09T20:47:50.042+0530] {dag.py:3229} INFO - Sync 2 DAGs
[2024-09-09T20:47:50.055+0530] {logging_mixin.py:190} INFO - [2024-09-09T20:47:50.055+0530] {dag.py:4156} INFO - Setting next_dagrun for read_dataset_event to 2024-09-08 00:00:00+00:00, run_after=2024-09-09 00:00:00+00:00
[2024-09-09T20:47:50.058+0530] {logging_mixin.py:190} INFO - [2024-09-09T20:47:50.057+0530] {dag.py:4156} INFO - Setting next_dagrun for read_dataset_event_from_classic to 2024-09-08 00:00:00+00:00, run_after=2024-09-09 00:00:00+00:00
[2024-09-09T20:47:50.079+0530] {processor.py:208} INFO - Processing /home/sst7260/airflow_projects/project1/env/lib/python3.10/site-packages/airflow/example_dags/example_inlet_event_extra.py took 0.064 seconds
[2024-09-09T20:48:46.253+0530] {processor.py:186} INFO - Started process (PID=128638) to work on /home/sst7260/airflow_projects/project1/env/lib/python3.10/site-packages/airflow/example_dags/example_inlet_event_extra.py
[2024-09-09T20:48:46.263+0530] {processor.py:914} INFO - Processing file /home/sst7260/airflow_projects/project1/env/lib/python3.10/site-packages/airflow/example_dags/example_inlet_event_extra.py for tasks to queue
[2024-09-09T20:48:46.265+0530] {logging_mixin.py:190} INFO - [2024-09-09T20:48:46.265+0530] {dagbag.py:587} INFO - Filling up the DagBag from /home/sst7260/airflow_projects/project1/env/lib/python3.10/site-packages/airflow/example_dags/example_inlet_event_extra.py
[2024-09-09T20:48:46.274+0530] {processor.py:925} INFO - DAG(s) 'read_dataset_event', 'read_dataset_event_from_classic' retrieved from /home/sst7260/airflow_projects/project1/env/lib/python3.10/site-packages/airflow/example_dags/example_inlet_event_extra.py
[2024-09-09T20:48:46.286+0530] {logging_mixin.py:190} INFO - [2024-09-09T20:48:46.286+0530] {dag.py:3229} INFO - Sync 2 DAGs
[2024-09-09T20:48:46.298+0530] {logging_mixin.py:190} INFO - [2024-09-09T20:48:46.298+0530] {dag.py:4156} INFO - Setting next_dagrun for read_dataset_event to 2024-09-08 00:00:00+00:00, run_after=2024-09-09 00:00:00+00:00
[2024-09-09T20:48:46.300+0530] {logging_mixin.py:190} INFO - [2024-09-09T20:48:46.300+0530] {dag.py:4156} INFO - Setting next_dagrun for read_dataset_event_from_classic to 2024-09-08 00:00:00+00:00, run_after=2024-09-09 00:00:00+00:00
[2024-09-09T20:48:46.321+0530] {processor.py:208} INFO - Processing /home/sst7260/airflow_projects/project1/env/lib/python3.10/site-packages/airflow/example_dags/example_inlet_event_extra.py took 0.073 seconds
[2024-09-09T20:50:03.780+0530] {processor.py:186} INFO - Started process (PID=128734) to work on /home/sst7260/airflow_projects/project1/env/lib/python3.10/site-packages/airflow/example_dags/example_inlet_event_extra.py
[2024-09-09T20:50:03.782+0530] {processor.py:914} INFO - Processing file /home/sst7260/airflow_projects/project1/env/lib/python3.10/site-packages/airflow/example_dags/example_inlet_event_extra.py for tasks to queue
[2024-09-09T20:50:03.784+0530] {logging_mixin.py:190} INFO - [2024-09-09T20:50:03.784+0530] {dagbag.py:587} INFO - Filling up the DagBag from /home/sst7260/airflow_projects/project1/env/lib/python3.10/site-packages/airflow/example_dags/example_inlet_event_extra.py
[2024-09-09T20:50:03.795+0530] {processor.py:925} INFO - DAG(s) 'read_dataset_event_from_classic', 'read_dataset_event' retrieved from /home/sst7260/airflow_projects/project1/env/lib/python3.10/site-packages/airflow/example_dags/example_inlet_event_extra.py
[2024-09-09T20:50:03.805+0530] {logging_mixin.py:190} INFO - [2024-09-09T20:50:03.805+0530] {dag.py:3229} INFO - Sync 2 DAGs
[2024-09-09T20:50:03.818+0530] {logging_mixin.py:190} INFO - [2024-09-09T20:50:03.818+0530] {dag.py:4156} INFO - Setting next_dagrun for read_dataset_event to 2024-09-08 00:00:00+00:00, run_after=2024-09-09 00:00:00+00:00
[2024-09-09T20:50:03.820+0530] {logging_mixin.py:190} INFO - [2024-09-09T20:50:03.820+0530] {dag.py:4156} INFO - Setting next_dagrun for read_dataset_event_from_classic to 2024-09-08 00:00:00+00:00, run_after=2024-09-09 00:00:00+00:00
[2024-09-09T20:50:03.840+0530] {processor.py:208} INFO - Processing /home/sst7260/airflow_projects/project1/env/lib/python3.10/site-packages/airflow/example_dags/example_inlet_event_extra.py took 0.065 seconds
[2024-09-09T20:51:21.325+0530] {processor.py:186} INFO - Started process (PID=128849) to work on /home/sst7260/airflow_projects/project1/env/lib/python3.10/site-packages/airflow/example_dags/example_inlet_event_extra.py
[2024-09-09T20:51:21.327+0530] {processor.py:914} INFO - Processing file /home/sst7260/airflow_projects/project1/env/lib/python3.10/site-packages/airflow/example_dags/example_inlet_event_extra.py for tasks to queue
[2024-09-09T20:51:21.329+0530] {logging_mixin.py:190} INFO - [2024-09-09T20:51:21.328+0530] {dagbag.py:587} INFO - Filling up the DagBag from /home/sst7260/airflow_projects/project1/env/lib/python3.10/site-packages/airflow/example_dags/example_inlet_event_extra.py
[2024-09-09T20:51:21.336+0530] {processor.py:925} INFO - DAG(s) 'read_dataset_event', 'read_dataset_event_from_classic' retrieved from /home/sst7260/airflow_projects/project1/env/lib/python3.10/site-packages/airflow/example_dags/example_inlet_event_extra.py
[2024-09-09T20:51:21.349+0530] {logging_mixin.py:190} INFO - [2024-09-09T20:51:21.349+0530] {dag.py:3229} INFO - Sync 2 DAGs
[2024-09-09T20:51:21.361+0530] {logging_mixin.py:190} INFO - [2024-09-09T20:51:21.361+0530] {dag.py:4156} INFO - Setting next_dagrun for read_dataset_event to 2024-09-08 00:00:00+00:00, run_after=2024-09-09 00:00:00+00:00
[2024-09-09T20:51:21.363+0530] {logging_mixin.py:190} INFO - [2024-09-09T20:51:21.363+0530] {dag.py:4156} INFO - Setting next_dagrun for read_dataset_event_from_classic to 2024-09-08 00:00:00+00:00, run_after=2024-09-09 00:00:00+00:00
[2024-09-09T20:51:21.382+0530] {processor.py:208} INFO - Processing /home/sst7260/airflow_projects/project1/env/lib/python3.10/site-packages/airflow/example_dags/example_inlet_event_extra.py took 0.062 seconds
[2024-09-09T20:52:19.904+0530] {processor.py:186} INFO - Started process (PID=129139) to work on /home/sst7260/airflow_projects/project1/env/lib/python3.10/site-packages/airflow/example_dags/example_inlet_event_extra.py
[2024-09-09T20:52:19.906+0530] {processor.py:914} INFO - Processing file /home/sst7260/airflow_projects/project1/env/lib/python3.10/site-packages/airflow/example_dags/example_inlet_event_extra.py for tasks to queue
[2024-09-09T20:52:19.907+0530] {logging_mixin.py:190} INFO - [2024-09-09T20:52:19.907+0530] {dagbag.py:587} INFO - Filling up the DagBag from /home/sst7260/airflow_projects/project1/env/lib/python3.10/site-packages/airflow/example_dags/example_inlet_event_extra.py
[2024-09-09T20:52:19.917+0530] {processor.py:925} INFO - DAG(s) 'read_dataset_event', 'read_dataset_event_from_classic' retrieved from /home/sst7260/airflow_projects/project1/env/lib/python3.10/site-packages/airflow/example_dags/example_inlet_event_extra.py
[2024-09-09T20:52:19.929+0530] {logging_mixin.py:190} INFO - [2024-09-09T20:52:19.929+0530] {dag.py:3229} INFO - Sync 2 DAGs
[2024-09-09T20:52:19.945+0530] {logging_mixin.py:190} INFO - [2024-09-09T20:52:19.945+0530] {dag.py:4156} INFO - Setting next_dagrun for read_dataset_event to 2024-09-08 00:00:00+00:00, run_after=2024-09-09 00:00:00+00:00
[2024-09-09T20:52:19.948+0530] {logging_mixin.py:190} INFO - [2024-09-09T20:52:19.948+0530] {dag.py:4156} INFO - Setting next_dagrun for read_dataset_event_from_classic to 2024-09-08 00:00:00+00:00, run_after=2024-09-09 00:00:00+00:00
[2024-09-09T20:52:19.971+0530] {processor.py:208} INFO - Processing /home/sst7260/airflow_projects/project1/env/lib/python3.10/site-packages/airflow/example_dags/example_inlet_event_extra.py took 0.071 seconds
[2024-09-09T20:53:18.489+0530] {processor.py:186} INFO - Started process (PID=129427) to work on /home/sst7260/airflow_projects/project1/env/lib/python3.10/site-packages/airflow/example_dags/example_inlet_event_extra.py
[2024-09-09T20:53:18.499+0530] {processor.py:914} INFO - Processing file /home/sst7260/airflow_projects/project1/env/lib/python3.10/site-packages/airflow/example_dags/example_inlet_event_extra.py for tasks to queue
[2024-09-09T20:53:18.504+0530] {logging_mixin.py:190} INFO - [2024-09-09T20:53:18.504+0530] {dagbag.py:587} INFO - Filling up the DagBag from /home/sst7260/airflow_projects/project1/env/lib/python3.10/site-packages/airflow/example_dags/example_inlet_event_extra.py
[2024-09-09T20:53:18.525+0530] {processor.py:925} INFO - DAG(s) 'read_dataset_event', 'read_dataset_event_from_classic' retrieved from /home/sst7260/airflow_projects/project1/env/lib/python3.10/site-packages/airflow/example_dags/example_inlet_event_extra.py
[2024-09-09T20:53:18.546+0530] {logging_mixin.py:190} INFO - [2024-09-09T20:53:18.546+0530] {dag.py:3229} INFO - Sync 2 DAGs
[2024-09-09T20:53:18.569+0530] {logging_mixin.py:190} INFO - [2024-09-09T20:53:18.569+0530] {dag.py:4156} INFO - Setting next_dagrun for read_dataset_event to 2024-09-08 00:00:00+00:00, run_after=2024-09-09 00:00:00+00:00
[2024-09-09T20:53:18.574+0530] {logging_mixin.py:190} INFO - [2024-09-09T20:53:18.574+0530] {dag.py:4156} INFO - Setting next_dagrun for read_dataset_event_from_classic to 2024-09-08 00:00:00+00:00, run_after=2024-09-09 00:00:00+00:00
[2024-09-09T20:53:18.606+0530] {processor.py:208} INFO - Processing /home/sst7260/airflow_projects/project1/env/lib/python3.10/site-packages/airflow/example_dags/example_inlet_event_extra.py took 0.126 seconds
[2024-09-09T20:54:30.628+0530] {processor.py:186} INFO - Started process (PID=129967) to work on /home/sst7260/airflow_projects/project1/env/lib/python3.10/site-packages/airflow/example_dags/example_inlet_event_extra.py
[2024-09-09T20:54:30.631+0530] {processor.py:914} INFO - Processing file /home/sst7260/airflow_projects/project1/env/lib/python3.10/site-packages/airflow/example_dags/example_inlet_event_extra.py for tasks to queue
[2024-09-09T20:54:30.633+0530] {logging_mixin.py:190} INFO - [2024-09-09T20:54:30.632+0530] {dagbag.py:587} INFO - Filling up the DagBag from /home/sst7260/airflow_projects/project1/env/lib/python3.10/site-packages/airflow/example_dags/example_inlet_event_extra.py
[2024-09-09T20:54:30.641+0530] {processor.py:925} INFO - DAG(s) 'read_dataset_event_from_classic', 'read_dataset_event' retrieved from /home/sst7260/airflow_projects/project1/env/lib/python3.10/site-packages/airflow/example_dags/example_inlet_event_extra.py
[2024-09-09T20:54:30.652+0530] {logging_mixin.py:190} INFO - [2024-09-09T20:54:30.652+0530] {dag.py:3229} INFO - Sync 2 DAGs
[2024-09-09T20:54:30.665+0530] {logging_mixin.py:190} INFO - [2024-09-09T20:54:30.665+0530] {dag.py:4156} INFO - Setting next_dagrun for read_dataset_event to 2024-09-08 00:00:00+00:00, run_after=2024-09-09 00:00:00+00:00
[2024-09-09T20:54:30.668+0530] {logging_mixin.py:190} INFO - [2024-09-09T20:54:30.668+0530] {dag.py:4156} INFO - Setting next_dagrun for read_dataset_event_from_classic to 2024-09-08 00:00:00+00:00, run_after=2024-09-09 00:00:00+00:00
[2024-09-09T20:54:30.688+0530] {processor.py:208} INFO - Processing /home/sst7260/airflow_projects/project1/env/lib/python3.10/site-packages/airflow/example_dags/example_inlet_event_extra.py took 0.066 seconds
[2024-09-09T20:55:31.322+0530] {processor.py:186} INFO - Started process (PID=130073) to work on /home/sst7260/airflow_projects/project1/env/lib/python3.10/site-packages/airflow/example_dags/example_inlet_event_extra.py
[2024-09-09T20:55:31.332+0530] {processor.py:914} INFO - Processing file /home/sst7260/airflow_projects/project1/env/lib/python3.10/site-packages/airflow/example_dags/example_inlet_event_extra.py for tasks to queue
[2024-09-09T20:55:31.333+0530] {logging_mixin.py:190} INFO - [2024-09-09T20:55:31.333+0530] {dagbag.py:587} INFO - Filling up the DagBag from /home/sst7260/airflow_projects/project1/env/lib/python3.10/site-packages/airflow/example_dags/example_inlet_event_extra.py
[2024-09-09T20:55:31.342+0530] {processor.py:925} INFO - DAG(s) 'read_dataset_event', 'read_dataset_event_from_classic' retrieved from /home/sst7260/airflow_projects/project1/env/lib/python3.10/site-packages/airflow/example_dags/example_inlet_event_extra.py
[2024-09-09T20:55:31.353+0530] {logging_mixin.py:190} INFO - [2024-09-09T20:55:31.353+0530] {dag.py:3229} INFO - Sync 2 DAGs
[2024-09-09T20:55:31.366+0530] {logging_mixin.py:190} INFO - [2024-09-09T20:55:31.366+0530] {dag.py:4156} INFO - Setting next_dagrun for read_dataset_event to 2024-09-08 00:00:00+00:00, run_after=2024-09-09 00:00:00+00:00
[2024-09-09T20:55:31.369+0530] {logging_mixin.py:190} INFO - [2024-09-09T20:55:31.369+0530] {dag.py:4156} INFO - Setting next_dagrun for read_dataset_event_from_classic to 2024-09-08 00:00:00+00:00, run_after=2024-09-09 00:00:00+00:00
[2024-09-09T20:55:31.393+0530] {processor.py:208} INFO - Processing /home/sst7260/airflow_projects/project1/env/lib/python3.10/site-packages/airflow/example_dags/example_inlet_event_extra.py took 0.075 seconds
[2024-09-09T20:56:52.535+0530] {processor.py:186} INFO - Started process (PID=130410) to work on /home/sst7260/airflow_projects/project1/env/lib/python3.10/site-packages/airflow/example_dags/example_inlet_event_extra.py
[2024-09-09T20:56:52.536+0530] {processor.py:914} INFO - Processing file /home/sst7260/airflow_projects/project1/env/lib/python3.10/site-packages/airflow/example_dags/example_inlet_event_extra.py for tasks to queue
[2024-09-09T20:56:52.538+0530] {logging_mixin.py:190} INFO - [2024-09-09T20:56:52.537+0530] {dagbag.py:587} INFO - Filling up the DagBag from /home/sst7260/airflow_projects/project1/env/lib/python3.10/site-packages/airflow/example_dags/example_inlet_event_extra.py
[2024-09-09T20:56:52.547+0530] {processor.py:925} INFO - DAG(s) 'read_dataset_event', 'read_dataset_event_from_classic' retrieved from /home/sst7260/airflow_projects/project1/env/lib/python3.10/site-packages/airflow/example_dags/example_inlet_event_extra.py
[2024-09-09T20:56:52.558+0530] {logging_mixin.py:190} INFO - [2024-09-09T20:56:52.558+0530] {dag.py:3229} INFO - Sync 2 DAGs
[2024-09-09T20:56:52.570+0530] {logging_mixin.py:190} INFO - [2024-09-09T20:56:52.570+0530] {dag.py:4156} INFO - Setting next_dagrun for read_dataset_event to 2024-09-08 00:00:00+00:00, run_after=2024-09-09 00:00:00+00:00
[2024-09-09T20:56:52.573+0530] {logging_mixin.py:190} INFO - [2024-09-09T20:56:52.573+0530] {dag.py:4156} INFO - Setting next_dagrun for read_dataset_event_from_classic to 2024-09-08 00:00:00+00:00, run_after=2024-09-09 00:00:00+00:00
[2024-09-09T20:56:52.594+0530] {processor.py:208} INFO - Processing /home/sst7260/airflow_projects/project1/env/lib/python3.10/site-packages/airflow/example_dags/example_inlet_event_extra.py took 0.063 seconds
[2024-09-09T20:57:47.964+0530] {processor.py:186} INFO - Started process (PID=130481) to work on /home/sst7260/airflow_projects/project1/env/lib/python3.10/site-packages/airflow/example_dags/example_inlet_event_extra.py
[2024-09-09T20:57:47.969+0530] {processor.py:914} INFO - Processing file /home/sst7260/airflow_projects/project1/env/lib/python3.10/site-packages/airflow/example_dags/example_inlet_event_extra.py for tasks to queue
[2024-09-09T20:57:47.971+0530] {logging_mixin.py:190} INFO - [2024-09-09T20:57:47.971+0530] {dagbag.py:587} INFO - Filling up the DagBag from /home/sst7260/airflow_projects/project1/env/lib/python3.10/site-packages/airflow/example_dags/example_inlet_event_extra.py
[2024-09-09T20:57:47.981+0530] {processor.py:925} INFO - DAG(s) 'read_dataset_event', 'read_dataset_event_from_classic' retrieved from /home/sst7260/airflow_projects/project1/env/lib/python3.10/site-packages/airflow/example_dags/example_inlet_event_extra.py
[2024-09-09T20:57:47.993+0530] {logging_mixin.py:190} INFO - [2024-09-09T20:57:47.993+0530] {dag.py:3229} INFO - Sync 2 DAGs
[2024-09-09T20:57:48.008+0530] {logging_mixin.py:190} INFO - [2024-09-09T20:57:48.008+0530] {dag.py:4156} INFO - Setting next_dagrun for read_dataset_event to 2024-09-08 00:00:00+00:00, run_after=2024-09-09 00:00:00+00:00
[2024-09-09T20:57:48.013+0530] {logging_mixin.py:190} INFO - [2024-09-09T20:57:48.012+0530] {dag.py:4156} INFO - Setting next_dagrun for read_dataset_event_from_classic to 2024-09-08 00:00:00+00:00, run_after=2024-09-09 00:00:00+00:00
[2024-09-09T20:57:48.036+0530] {processor.py:208} INFO - Processing /home/sst7260/airflow_projects/project1/env/lib/python3.10/site-packages/airflow/example_dags/example_inlet_event_extra.py took 0.078 seconds
[2024-09-09T20:59:09.716+0530] {processor.py:186} INFO - Started process (PID=130703) to work on /home/sst7260/airflow_projects/project1/env/lib/python3.10/site-packages/airflow/example_dags/example_inlet_event_extra.py
[2024-09-09T20:59:09.717+0530] {processor.py:914} INFO - Processing file /home/sst7260/airflow_projects/project1/env/lib/python3.10/site-packages/airflow/example_dags/example_inlet_event_extra.py for tasks to queue
[2024-09-09T20:59:09.719+0530] {logging_mixin.py:190} INFO - [2024-09-09T20:59:09.719+0530] {dagbag.py:587} INFO - Filling up the DagBag from /home/sst7260/airflow_projects/project1/env/lib/python3.10/site-packages/airflow/example_dags/example_inlet_event_extra.py
[2024-09-09T20:59:09.741+0530] {processor.py:925} INFO - DAG(s) 'read_dataset_event_from_classic', 'read_dataset_event' retrieved from /home/sst7260/airflow_projects/project1/env/lib/python3.10/site-packages/airflow/example_dags/example_inlet_event_extra.py
[2024-09-09T20:59:09.772+0530] {logging_mixin.py:190} INFO - [2024-09-09T20:59:09.772+0530] {dag.py:3229} INFO - Sync 2 DAGs
[2024-09-09T20:59:09.792+0530] {logging_mixin.py:190} INFO - [2024-09-09T20:59:09.791+0530] {dag.py:4156} INFO - Setting next_dagrun for read_dataset_event to 2024-09-08 00:00:00+00:00, run_after=2024-09-09 00:00:00+00:00
[2024-09-09T20:59:09.798+0530] {logging_mixin.py:190} INFO - [2024-09-09T20:59:09.797+0530] {dag.py:4156} INFO - Setting next_dagrun for read_dataset_event_from_classic to 2024-09-08 00:00:00+00:00, run_after=2024-09-09 00:00:00+00:00
[2024-09-09T20:59:09.834+0530] {processor.py:208} INFO - Processing /home/sst7260/airflow_projects/project1/env/lib/python3.10/site-packages/airflow/example_dags/example_inlet_event_extra.py took 0.127 seconds
[2024-09-09T21:00:33.209+0530] {processor.py:186} INFO - Started process (PID=130972) to work on /home/sst7260/airflow_projects/project1/env/lib/python3.10/site-packages/airflow/example_dags/example_inlet_event_extra.py
[2024-09-09T21:00:33.211+0530] {processor.py:914} INFO - Processing file /home/sst7260/airflow_projects/project1/env/lib/python3.10/site-packages/airflow/example_dags/example_inlet_event_extra.py for tasks to queue
[2024-09-09T21:00:33.213+0530] {logging_mixin.py:190} INFO - [2024-09-09T21:00:33.212+0530] {dagbag.py:587} INFO - Filling up the DagBag from /home/sst7260/airflow_projects/project1/env/lib/python3.10/site-packages/airflow/example_dags/example_inlet_event_extra.py
[2024-09-09T21:00:33.236+0530] {processor.py:925} INFO - DAG(s) 'read_dataset_event_from_classic', 'read_dataset_event' retrieved from /home/sst7260/airflow_projects/project1/env/lib/python3.10/site-packages/airflow/example_dags/example_inlet_event_extra.py
[2024-09-09T21:00:33.260+0530] {logging_mixin.py:190} INFO - [2024-09-09T21:00:33.259+0530] {dag.py:3229} INFO - Sync 2 DAGs
[2024-09-09T21:00:33.285+0530] {logging_mixin.py:190} INFO - [2024-09-09T21:00:33.284+0530] {dag.py:4156} INFO - Setting next_dagrun for read_dataset_event to 2024-09-08 00:00:00+00:00, run_after=2024-09-09 00:00:00+00:00
[2024-09-09T21:00:33.290+0530] {logging_mixin.py:190} INFO - [2024-09-09T21:00:33.290+0530] {dag.py:4156} INFO - Setting next_dagrun for read_dataset_event_from_classic to 2024-09-08 00:00:00+00:00, run_after=2024-09-09 00:00:00+00:00
[2024-09-09T21:00:33.326+0530] {processor.py:208} INFO - Processing /home/sst7260/airflow_projects/project1/env/lib/python3.10/site-packages/airflow/example_dags/example_inlet_event_extra.py took 0.122 seconds
[2024-09-09T21:01:41.369+0530] {processor.py:186} INFO - Started process (PID=131264) to work on /home/sst7260/airflow_projects/project1/env/lib/python3.10/site-packages/airflow/example_dags/example_inlet_event_extra.py
[2024-09-09T21:01:41.371+0530] {processor.py:914} INFO - Processing file /home/sst7260/airflow_projects/project1/env/lib/python3.10/site-packages/airflow/example_dags/example_inlet_event_extra.py for tasks to queue
[2024-09-09T21:01:41.372+0530] {logging_mixin.py:190} INFO - [2024-09-09T21:01:41.372+0530] {dagbag.py:587} INFO - Filling up the DagBag from /home/sst7260/airflow_projects/project1/env/lib/python3.10/site-packages/airflow/example_dags/example_inlet_event_extra.py
[2024-09-09T21:01:41.380+0530] {processor.py:925} INFO - DAG(s) 'read_dataset_event_from_classic', 'read_dataset_event' retrieved from /home/sst7260/airflow_projects/project1/env/lib/python3.10/site-packages/airflow/example_dags/example_inlet_event_extra.py
[2024-09-09T21:01:41.391+0530] {logging_mixin.py:190} INFO - [2024-09-09T21:01:41.391+0530] {dag.py:3229} INFO - Sync 2 DAGs
[2024-09-09T21:01:41.403+0530] {logging_mixin.py:190} INFO - [2024-09-09T21:01:41.402+0530] {dag.py:4156} INFO - Setting next_dagrun for read_dataset_event to 2024-09-08 00:00:00+00:00, run_after=2024-09-09 00:00:00+00:00
[2024-09-09T21:01:41.406+0530] {logging_mixin.py:190} INFO - [2024-09-09T21:01:41.405+0530] {dag.py:4156} INFO - Setting next_dagrun for read_dataset_event_from_classic to 2024-09-08 00:00:00+00:00, run_after=2024-09-09 00:00:00+00:00
[2024-09-09T21:01:41.432+0530] {processor.py:208} INFO - Processing /home/sst7260/airflow_projects/project1/env/lib/python3.10/site-packages/airflow/example_dags/example_inlet_event_extra.py took 0.067 seconds
[2024-09-09T21:02:38.002+0530] {processor.py:186} INFO - Started process (PID=131426) to work on /home/sst7260/airflow_projects/project1/env/lib/python3.10/site-packages/airflow/example_dags/example_inlet_event_extra.py
[2024-09-09T21:02:38.005+0530] {processor.py:914} INFO - Processing file /home/sst7260/airflow_projects/project1/env/lib/python3.10/site-packages/airflow/example_dags/example_inlet_event_extra.py for tasks to queue
[2024-09-09T21:02:38.006+0530] {logging_mixin.py:190} INFO - [2024-09-09T21:02:38.006+0530] {dagbag.py:587} INFO - Filling up the DagBag from /home/sst7260/airflow_projects/project1/env/lib/python3.10/site-packages/airflow/example_dags/example_inlet_event_extra.py
[2024-09-09T21:02:38.014+0530] {processor.py:925} INFO - DAG(s) 'read_dataset_event_from_classic', 'read_dataset_event' retrieved from /home/sst7260/airflow_projects/project1/env/lib/python3.10/site-packages/airflow/example_dags/example_inlet_event_extra.py
[2024-09-09T21:02:38.025+0530] {logging_mixin.py:190} INFO - [2024-09-09T21:02:38.025+0530] {dag.py:3229} INFO - Sync 2 DAGs
[2024-09-09T21:02:38.039+0530] {logging_mixin.py:190} INFO - [2024-09-09T21:02:38.039+0530] {dag.py:4156} INFO - Setting next_dagrun for read_dataset_event to 2024-09-08 00:00:00+00:00, run_after=2024-09-09 00:00:00+00:00
[2024-09-09T21:02:38.042+0530] {logging_mixin.py:190} INFO - [2024-09-09T21:02:38.041+0530] {dag.py:4156} INFO - Setting next_dagrun for read_dataset_event_from_classic to 2024-09-08 00:00:00+00:00, run_after=2024-09-09 00:00:00+00:00
[2024-09-09T21:02:38.062+0530] {processor.py:208} INFO - Processing /home/sst7260/airflow_projects/project1/env/lib/python3.10/site-packages/airflow/example_dags/example_inlet_event_extra.py took 0.064 seconds
[2024-09-09T21:04:01.517+0530] {processor.py:186} INFO - Started process (PID=131557) to work on /home/sst7260/airflow_projects/project1/env/lib/python3.10/site-packages/airflow/example_dags/example_inlet_event_extra.py
[2024-09-09T21:04:01.518+0530] {processor.py:914} INFO - Processing file /home/sst7260/airflow_projects/project1/env/lib/python3.10/site-packages/airflow/example_dags/example_inlet_event_extra.py for tasks to queue
[2024-09-09T21:04:01.519+0530] {logging_mixin.py:190} INFO - [2024-09-09T21:04:01.519+0530] {dagbag.py:587} INFO - Filling up the DagBag from /home/sst7260/airflow_projects/project1/env/lib/python3.10/site-packages/airflow/example_dags/example_inlet_event_extra.py
[2024-09-09T21:04:01.530+0530] {processor.py:925} INFO - DAG(s) 'read_dataset_event_from_classic', 'read_dataset_event' retrieved from /home/sst7260/airflow_projects/project1/env/lib/python3.10/site-packages/airflow/example_dags/example_inlet_event_extra.py
[2024-09-09T21:04:01.541+0530] {logging_mixin.py:190} INFO - [2024-09-09T21:04:01.541+0530] {dag.py:3229} INFO - Sync 2 DAGs
[2024-09-09T21:04:01.557+0530] {logging_mixin.py:190} INFO - [2024-09-09T21:04:01.556+0530] {dag.py:4156} INFO - Setting next_dagrun for read_dataset_event to 2024-09-08 00:00:00+00:00, run_after=2024-09-09 00:00:00+00:00
[2024-09-09T21:04:01.560+0530] {logging_mixin.py:190} INFO - [2024-09-09T21:04:01.560+0530] {dag.py:4156} INFO - Setting next_dagrun for read_dataset_event_from_classic to 2024-09-08 00:00:00+00:00, run_after=2024-09-09 00:00:00+00:00
[2024-09-09T21:04:01.584+0530] {processor.py:208} INFO - Processing /home/sst7260/airflow_projects/project1/env/lib/python3.10/site-packages/airflow/example_dags/example_inlet_event_extra.py took 0.073 seconds
[2024-09-09T21:05:26.155+0530] {processor.py:186} INFO - Started process (PID=131810) to work on /home/sst7260/airflow_projects/project1/env/lib/python3.10/site-packages/airflow/example_dags/example_inlet_event_extra.py
[2024-09-09T21:05:26.156+0530] {processor.py:914} INFO - Processing file /home/sst7260/airflow_projects/project1/env/lib/python3.10/site-packages/airflow/example_dags/example_inlet_event_extra.py for tasks to queue
[2024-09-09T21:05:26.157+0530] {logging_mixin.py:190} INFO - [2024-09-09T21:05:26.157+0530] {dagbag.py:587} INFO - Filling up the DagBag from /home/sst7260/airflow_projects/project1/env/lib/python3.10/site-packages/airflow/example_dags/example_inlet_event_extra.py
[2024-09-09T21:05:26.167+0530] {processor.py:925} INFO - DAG(s) 'read_dataset_event', 'read_dataset_event_from_classic' retrieved from /home/sst7260/airflow_projects/project1/env/lib/python3.10/site-packages/airflow/example_dags/example_inlet_event_extra.py
[2024-09-09T21:05:26.177+0530] {logging_mixin.py:190} INFO - [2024-09-09T21:05:26.177+0530] {dag.py:3229} INFO - Sync 2 DAGs
[2024-09-09T21:05:26.190+0530] {logging_mixin.py:190} INFO - [2024-09-09T21:05:26.189+0530] {dag.py:4156} INFO - Setting next_dagrun for read_dataset_event to 2024-09-08 00:00:00+00:00, run_after=2024-09-09 00:00:00+00:00
[2024-09-09T21:05:26.192+0530] {logging_mixin.py:190} INFO - [2024-09-09T21:05:26.192+0530] {dag.py:4156} INFO - Setting next_dagrun for read_dataset_event_from_classic to 2024-09-08 00:00:00+00:00, run_after=2024-09-09 00:00:00+00:00
[2024-09-09T21:05:26.218+0530] {processor.py:208} INFO - Processing /home/sst7260/airflow_projects/project1/env/lib/python3.10/site-packages/airflow/example_dags/example_inlet_event_extra.py took 0.068 seconds
[2024-09-09T21:06:47.293+0530] {processor.py:186} INFO - Started process (PID=131938) to work on /home/sst7260/airflow_projects/project1/env/lib/python3.10/site-packages/airflow/example_dags/example_inlet_event_extra.py
[2024-09-09T21:06:47.295+0530] {processor.py:914} INFO - Processing file /home/sst7260/airflow_projects/project1/env/lib/python3.10/site-packages/airflow/example_dags/example_inlet_event_extra.py for tasks to queue
[2024-09-09T21:06:47.295+0530] {logging_mixin.py:190} INFO - [2024-09-09T21:06:47.295+0530] {dagbag.py:587} INFO - Filling up the DagBag from /home/sst7260/airflow_projects/project1/env/lib/python3.10/site-packages/airflow/example_dags/example_inlet_event_extra.py
[2024-09-09T21:06:47.304+0530] {processor.py:925} INFO - DAG(s) 'read_dataset_event', 'read_dataset_event_from_classic' retrieved from /home/sst7260/airflow_projects/project1/env/lib/python3.10/site-packages/airflow/example_dags/example_inlet_event_extra.py
[2024-09-09T21:06:47.315+0530] {logging_mixin.py:190} INFO - [2024-09-09T21:06:47.315+0530] {dag.py:3229} INFO - Sync 2 DAGs
[2024-09-09T21:06:47.328+0530] {logging_mixin.py:190} INFO - [2024-09-09T21:06:47.328+0530] {dag.py:4156} INFO - Setting next_dagrun for read_dataset_event to 2024-09-08 00:00:00+00:00, run_after=2024-09-09 00:00:00+00:00
[2024-09-09T21:06:47.330+0530] {logging_mixin.py:190} INFO - [2024-09-09T21:06:47.330+0530] {dag.py:4156} INFO - Setting next_dagrun for read_dataset_event_from_classic to 2024-09-08 00:00:00+00:00, run_after=2024-09-09 00:00:00+00:00
[2024-09-09T21:06:47.354+0530] {processor.py:208} INFO - Processing /home/sst7260/airflow_projects/project1/env/lib/python3.10/site-packages/airflow/example_dags/example_inlet_event_extra.py took 0.066 seconds
[2024-09-09T21:08:05.931+0530] {processor.py:186} INFO - Started process (PID=132035) to work on /home/sst7260/airflow_projects/project1/env/lib/python3.10/site-packages/airflow/example_dags/example_inlet_event_extra.py
[2024-09-09T21:08:05.935+0530] {processor.py:914} INFO - Processing file /home/sst7260/airflow_projects/project1/env/lib/python3.10/site-packages/airflow/example_dags/example_inlet_event_extra.py for tasks to queue
[2024-09-09T21:08:05.937+0530] {logging_mixin.py:190} INFO - [2024-09-09T21:08:05.936+0530] {dagbag.py:587} INFO - Filling up the DagBag from /home/sst7260/airflow_projects/project1/env/lib/python3.10/site-packages/airflow/example_dags/example_inlet_event_extra.py
[2024-09-09T21:08:05.945+0530] {processor.py:925} INFO - DAG(s) 'read_dataset_event_from_classic', 'read_dataset_event' retrieved from /home/sst7260/airflow_projects/project1/env/lib/python3.10/site-packages/airflow/example_dags/example_inlet_event_extra.py
[2024-09-09T21:08:05.956+0530] {logging_mixin.py:190} INFO - [2024-09-09T21:08:05.955+0530] {dag.py:3229} INFO - Sync 2 DAGs
[2024-09-09T21:08:05.968+0530] {logging_mixin.py:190} INFO - [2024-09-09T21:08:05.968+0530] {dag.py:4156} INFO - Setting next_dagrun for read_dataset_event to 2024-09-08 00:00:00+00:00, run_after=2024-09-09 00:00:00+00:00
[2024-09-09T21:08:05.971+0530] {logging_mixin.py:190} INFO - [2024-09-09T21:08:05.970+0530] {dag.py:4156} INFO - Setting next_dagrun for read_dataset_event_from_classic to 2024-09-08 00:00:00+00:00, run_after=2024-09-09 00:00:00+00:00
[2024-09-09T21:08:05.994+0530] {processor.py:208} INFO - Processing /home/sst7260/airflow_projects/project1/env/lib/python3.10/site-packages/airflow/example_dags/example_inlet_event_extra.py took 0.067 seconds
[2024-09-09T21:09:02.869+0530] {processor.py:186} INFO - Started process (PID=132101) to work on /home/sst7260/airflow_projects/project1/env/lib/python3.10/site-packages/airflow/example_dags/example_inlet_event_extra.py
[2024-09-09T21:09:02.878+0530] {processor.py:914} INFO - Processing file /home/sst7260/airflow_projects/project1/env/lib/python3.10/site-packages/airflow/example_dags/example_inlet_event_extra.py for tasks to queue
[2024-09-09T21:09:02.880+0530] {logging_mixin.py:190} INFO - [2024-09-09T21:09:02.879+0530] {dagbag.py:587} INFO - Filling up the DagBag from /home/sst7260/airflow_projects/project1/env/lib/python3.10/site-packages/airflow/example_dags/example_inlet_event_extra.py
[2024-09-09T21:09:02.890+0530] {processor.py:925} INFO - DAG(s) 'read_dataset_event_from_classic', 'read_dataset_event' retrieved from /home/sst7260/airflow_projects/project1/env/lib/python3.10/site-packages/airflow/example_dags/example_inlet_event_extra.py
[2024-09-09T21:09:02.903+0530] {logging_mixin.py:190} INFO - [2024-09-09T21:09:02.903+0530] {dag.py:3229} INFO - Sync 2 DAGs
[2024-09-09T21:09:02.916+0530] {logging_mixin.py:190} INFO - [2024-09-09T21:09:02.916+0530] {dag.py:4156} INFO - Setting next_dagrun for read_dataset_event to 2024-09-08 00:00:00+00:00, run_after=2024-09-09 00:00:00+00:00
[2024-09-09T21:09:02.919+0530] {logging_mixin.py:190} INFO - [2024-09-09T21:09:02.918+0530] {dag.py:4156} INFO - Setting next_dagrun for read_dataset_event_from_classic to 2024-09-08 00:00:00+00:00, run_after=2024-09-09 00:00:00+00:00
[2024-09-09T21:09:02.943+0530] {processor.py:208} INFO - Processing /home/sst7260/airflow_projects/project1/env/lib/python3.10/site-packages/airflow/example_dags/example_inlet_event_extra.py took 0.079 seconds
[2024-09-09T21:09:59.934+0530] {processor.py:186} INFO - Started process (PID=132168) to work on /home/sst7260/airflow_projects/project1/env/lib/python3.10/site-packages/airflow/example_dags/example_inlet_event_extra.py
[2024-09-09T21:09:59.936+0530] {processor.py:914} INFO - Processing file /home/sst7260/airflow_projects/project1/env/lib/python3.10/site-packages/airflow/example_dags/example_inlet_event_extra.py for tasks to queue
[2024-09-09T21:09:59.936+0530] {logging_mixin.py:190} INFO - [2024-09-09T21:09:59.936+0530] {dagbag.py:587} INFO - Filling up the DagBag from /home/sst7260/airflow_projects/project1/env/lib/python3.10/site-packages/airflow/example_dags/example_inlet_event_extra.py
[2024-09-09T21:09:59.944+0530] {processor.py:925} INFO - DAG(s) 'read_dataset_event_from_classic', 'read_dataset_event' retrieved from /home/sst7260/airflow_projects/project1/env/lib/python3.10/site-packages/airflow/example_dags/example_inlet_event_extra.py
[2024-09-09T21:09:59.955+0530] {logging_mixin.py:190} INFO - [2024-09-09T21:09:59.955+0530] {dag.py:3229} INFO - Sync 2 DAGs
[2024-09-09T21:09:59.969+0530] {logging_mixin.py:190} INFO - [2024-09-09T21:09:59.969+0530] {dag.py:4156} INFO - Setting next_dagrun for read_dataset_event to 2024-09-08 00:00:00+00:00, run_after=2024-09-09 00:00:00+00:00
[2024-09-09T21:09:59.971+0530] {logging_mixin.py:190} INFO - [2024-09-09T21:09:59.971+0530] {dag.py:4156} INFO - Setting next_dagrun for read_dataset_event_from_classic to 2024-09-08 00:00:00+00:00, run_after=2024-09-09 00:00:00+00:00
[2024-09-09T21:09:59.989+0530] {processor.py:208} INFO - Processing /home/sst7260/airflow_projects/project1/env/lib/python3.10/site-packages/airflow/example_dags/example_inlet_event_extra.py took 0.059 seconds
[2024-09-09T21:11:17.962+0530] {processor.py:186} INFO - Started process (PID=132291) to work on /home/sst7260/airflow_projects/project1/env/lib/python3.10/site-packages/airflow/example_dags/example_inlet_event_extra.py
[2024-09-09T21:11:17.963+0530] {processor.py:914} INFO - Processing file /home/sst7260/airflow_projects/project1/env/lib/python3.10/site-packages/airflow/example_dags/example_inlet_event_extra.py for tasks to queue
[2024-09-09T21:11:17.964+0530] {logging_mixin.py:190} INFO - [2024-09-09T21:11:17.963+0530] {dagbag.py:587} INFO - Filling up the DagBag from /home/sst7260/airflow_projects/project1/env/lib/python3.10/site-packages/airflow/example_dags/example_inlet_event_extra.py
[2024-09-09T21:11:17.980+0530] {processor.py:925} INFO - DAG(s) 'read_dataset_event_from_classic', 'read_dataset_event' retrieved from /home/sst7260/airflow_projects/project1/env/lib/python3.10/site-packages/airflow/example_dags/example_inlet_event_extra.py
[2024-09-09T21:11:17.997+0530] {logging_mixin.py:190} INFO - [2024-09-09T21:11:17.996+0530] {dag.py:3229} INFO - Sync 2 DAGs
[2024-09-09T21:11:18.013+0530] {logging_mixin.py:190} INFO - [2024-09-09T21:11:18.013+0530] {dag.py:4156} INFO - Setting next_dagrun for read_dataset_event to 2024-09-08 00:00:00+00:00, run_after=2024-09-09 00:00:00+00:00
[2024-09-09T21:11:18.017+0530] {logging_mixin.py:190} INFO - [2024-09-09T21:11:18.017+0530] {dag.py:4156} INFO - Setting next_dagrun for read_dataset_event_from_classic to 2024-09-08 00:00:00+00:00, run_after=2024-09-09 00:00:00+00:00
[2024-09-09T21:11:18.040+0530] {processor.py:208} INFO - Processing /home/sst7260/airflow_projects/project1/env/lib/python3.10/site-packages/airflow/example_dags/example_inlet_event_extra.py took 0.084 seconds
[2024-09-09T21:12:37.151+0530] {processor.py:186} INFO - Started process (PID=132388) to work on /home/sst7260/airflow_projects/project1/env/lib/python3.10/site-packages/airflow/example_dags/example_inlet_event_extra.py
[2024-09-09T21:12:37.161+0530] {processor.py:914} INFO - Processing file /home/sst7260/airflow_projects/project1/env/lib/python3.10/site-packages/airflow/example_dags/example_inlet_event_extra.py for tasks to queue
[2024-09-09T21:12:37.162+0530] {logging_mixin.py:190} INFO - [2024-09-09T21:12:37.161+0530] {dagbag.py:587} INFO - Filling up the DagBag from /home/sst7260/airflow_projects/project1/env/lib/python3.10/site-packages/airflow/example_dags/example_inlet_event_extra.py
[2024-09-09T21:12:37.169+0530] {processor.py:925} INFO - DAG(s) 'read_dataset_event', 'read_dataset_event_from_classic' retrieved from /home/sst7260/airflow_projects/project1/env/lib/python3.10/site-packages/airflow/example_dags/example_inlet_event_extra.py
[2024-09-09T21:12:37.180+0530] {logging_mixin.py:190} INFO - [2024-09-09T21:12:37.179+0530] {dag.py:3229} INFO - Sync 2 DAGs
[2024-09-09T21:12:37.192+0530] {logging_mixin.py:190} INFO - [2024-09-09T21:12:37.192+0530] {dag.py:4156} INFO - Setting next_dagrun for read_dataset_event to 2024-09-08 00:00:00+00:00, run_after=2024-09-09 00:00:00+00:00
[2024-09-09T21:12:37.194+0530] {logging_mixin.py:190} INFO - [2024-09-09T21:12:37.194+0530] {dag.py:4156} INFO - Setting next_dagrun for read_dataset_event_from_classic to 2024-09-08 00:00:00+00:00, run_after=2024-09-09 00:00:00+00:00
[2024-09-09T21:12:37.216+0530] {processor.py:208} INFO - Processing /home/sst7260/airflow_projects/project1/env/lib/python3.10/site-packages/airflow/example_dags/example_inlet_event_extra.py took 0.070 seconds
[2024-09-09T21:13:33.924+0530] {processor.py:186} INFO - Started process (PID=132455) to work on /home/sst7260/airflow_projects/project1/env/lib/python3.10/site-packages/airflow/example_dags/example_inlet_event_extra.py
[2024-09-09T21:13:33.926+0530] {processor.py:914} INFO - Processing file /home/sst7260/airflow_projects/project1/env/lib/python3.10/site-packages/airflow/example_dags/example_inlet_event_extra.py for tasks to queue
[2024-09-09T21:13:33.927+0530] {logging_mixin.py:190} INFO - [2024-09-09T21:13:33.927+0530] {dagbag.py:587} INFO - Filling up the DagBag from /home/sst7260/airflow_projects/project1/env/lib/python3.10/site-packages/airflow/example_dags/example_inlet_event_extra.py
[2024-09-09T21:13:33.935+0530] {processor.py:925} INFO - DAG(s) 'read_dataset_event', 'read_dataset_event_from_classic' retrieved from /home/sst7260/airflow_projects/project1/env/lib/python3.10/site-packages/airflow/example_dags/example_inlet_event_extra.py
[2024-09-09T21:13:33.946+0530] {logging_mixin.py:190} INFO - [2024-09-09T21:13:33.946+0530] {dag.py:3229} INFO - Sync 2 DAGs
[2024-09-09T21:13:33.959+0530] {logging_mixin.py:190} INFO - [2024-09-09T21:13:33.959+0530] {dag.py:4156} INFO - Setting next_dagrun for read_dataset_event to 2024-09-08 00:00:00+00:00, run_after=2024-09-09 00:00:00+00:00
[2024-09-09T21:13:33.962+0530] {logging_mixin.py:190} INFO - [2024-09-09T21:13:33.962+0530] {dag.py:4156} INFO - Setting next_dagrun for read_dataset_event_from_classic to 2024-09-08 00:00:00+00:00, run_after=2024-09-09 00:00:00+00:00
[2024-09-09T21:13:33.982+0530] {processor.py:208} INFO - Processing /home/sst7260/airflow_projects/project1/env/lib/python3.10/site-packages/airflow/example_dags/example_inlet_event_extra.py took 0.064 seconds
[2024-09-09T21:14:30.007+0530] {processor.py:186} INFO - Started process (PID=132518) to work on /home/sst7260/airflow_projects/project1/env/lib/python3.10/site-packages/airflow/example_dags/example_inlet_event_extra.py
[2024-09-09T21:14:30.008+0530] {processor.py:914} INFO - Processing file /home/sst7260/airflow_projects/project1/env/lib/python3.10/site-packages/airflow/example_dags/example_inlet_event_extra.py for tasks to queue
[2024-09-09T21:14:30.009+0530] {logging_mixin.py:190} INFO - [2024-09-09T21:14:30.009+0530] {dagbag.py:587} INFO - Filling up the DagBag from /home/sst7260/airflow_projects/project1/env/lib/python3.10/site-packages/airflow/example_dags/example_inlet_event_extra.py
[2024-09-09T21:14:30.017+0530] {processor.py:925} INFO - DAG(s) 'read_dataset_event_from_classic', 'read_dataset_event' retrieved from /home/sst7260/airflow_projects/project1/env/lib/python3.10/site-packages/airflow/example_dags/example_inlet_event_extra.py
[2024-09-09T21:14:30.030+0530] {logging_mixin.py:190} INFO - [2024-09-09T21:14:30.029+0530] {dag.py:3229} INFO - Sync 2 DAGs
[2024-09-09T21:14:30.044+0530] {logging_mixin.py:190} INFO - [2024-09-09T21:14:30.043+0530] {dag.py:4156} INFO - Setting next_dagrun for read_dataset_event to 2024-09-08 00:00:00+00:00, run_after=2024-09-09 00:00:00+00:00
[2024-09-09T21:14:30.046+0530] {logging_mixin.py:190} INFO - [2024-09-09T21:14:30.046+0530] {dag.py:4156} INFO - Setting next_dagrun for read_dataset_event_from_classic to 2024-09-08 00:00:00+00:00, run_after=2024-09-09 00:00:00+00:00
[2024-09-09T21:14:30.067+0530] {processor.py:208} INFO - Processing /home/sst7260/airflow_projects/project1/env/lib/python3.10/site-packages/airflow/example_dags/example_inlet_event_extra.py took 0.065 seconds
[2024-09-09T21:15:29.028+0530] {processor.py:186} INFO - Started process (PID=132649) to work on /home/sst7260/airflow_projects/project1/env/lib/python3.10/site-packages/airflow/example_dags/example_inlet_event_extra.py
[2024-09-09T21:15:29.029+0530] {processor.py:914} INFO - Processing file /home/sst7260/airflow_projects/project1/env/lib/python3.10/site-packages/airflow/example_dags/example_inlet_event_extra.py for tasks to queue
[2024-09-09T21:15:29.030+0530] {logging_mixin.py:190} INFO - [2024-09-09T21:15:29.030+0530] {dagbag.py:587} INFO - Filling up the DagBag from /home/sst7260/airflow_projects/project1/env/lib/python3.10/site-packages/airflow/example_dags/example_inlet_event_extra.py
[2024-09-09T21:15:29.039+0530] {processor.py:925} INFO - DAG(s) 'read_dataset_event', 'read_dataset_event_from_classic' retrieved from /home/sst7260/airflow_projects/project1/env/lib/python3.10/site-packages/airflow/example_dags/example_inlet_event_extra.py
[2024-09-09T21:15:29.052+0530] {logging_mixin.py:190} INFO - [2024-09-09T21:15:29.052+0530] {dag.py:3229} INFO - Sync 2 DAGs
[2024-09-09T21:15:29.065+0530] {logging_mixin.py:190} INFO - [2024-09-09T21:15:29.065+0530] {dag.py:4156} INFO - Setting next_dagrun for read_dataset_event to 2024-09-08 00:00:00+00:00, run_after=2024-09-09 00:00:00+00:00
[2024-09-09T21:15:29.068+0530] {logging_mixin.py:190} INFO - [2024-09-09T21:15:29.068+0530] {dag.py:4156} INFO - Setting next_dagrun for read_dataset_event_from_classic to 2024-09-08 00:00:00+00:00, run_after=2024-09-09 00:00:00+00:00
[2024-09-09T21:15:29.090+0530] {processor.py:208} INFO - Processing /home/sst7260/airflow_projects/project1/env/lib/python3.10/site-packages/airflow/example_dags/example_inlet_event_extra.py took 0.066 seconds
[2024-09-09T21:16:26.676+0530] {processor.py:186} INFO - Started process (PID=132745) to work on /home/sst7260/airflow_projects/project1/env/lib/python3.10/site-packages/airflow/example_dags/example_inlet_event_extra.py
[2024-09-09T21:16:26.678+0530] {processor.py:914} INFO - Processing file /home/sst7260/airflow_projects/project1/env/lib/python3.10/site-packages/airflow/example_dags/example_inlet_event_extra.py for tasks to queue
[2024-09-09T21:16:26.679+0530] {logging_mixin.py:190} INFO - [2024-09-09T21:16:26.679+0530] {dagbag.py:587} INFO - Filling up the DagBag from /home/sst7260/airflow_projects/project1/env/lib/python3.10/site-packages/airflow/example_dags/example_inlet_event_extra.py
[2024-09-09T21:16:26.689+0530] {processor.py:925} INFO - DAG(s) 'read_dataset_event_from_classic', 'read_dataset_event' retrieved from /home/sst7260/airflow_projects/project1/env/lib/python3.10/site-packages/airflow/example_dags/example_inlet_event_extra.py
[2024-09-09T21:16:26.701+0530] {logging_mixin.py:190} INFO - [2024-09-09T21:16:26.701+0530] {dag.py:3229} INFO - Sync 2 DAGs
[2024-09-09T21:16:26.714+0530] {logging_mixin.py:190} INFO - [2024-09-09T21:16:26.714+0530] {dag.py:4156} INFO - Setting next_dagrun for read_dataset_event to 2024-09-08 00:00:00+00:00, run_after=2024-09-09 00:00:00+00:00
[2024-09-09T21:16:26.717+0530] {logging_mixin.py:190} INFO - [2024-09-09T21:16:26.717+0530] {dag.py:4156} INFO - Setting next_dagrun for read_dataset_event_from_classic to 2024-09-08 00:00:00+00:00, run_after=2024-09-09 00:00:00+00:00
[2024-09-09T21:16:26.739+0530] {processor.py:208} INFO - Processing /home/sst7260/airflow_projects/project1/env/lib/python3.10/site-packages/airflow/example_dags/example_inlet_event_extra.py took 0.073 seconds
[2024-09-09T21:17:48.154+0530] {processor.py:186} INFO - Started process (PID=132848) to work on /home/sst7260/airflow_projects/project1/env/lib/python3.10/site-packages/airflow/example_dags/example_inlet_event_extra.py
[2024-09-09T21:17:48.157+0530] {processor.py:914} INFO - Processing file /home/sst7260/airflow_projects/project1/env/lib/python3.10/site-packages/airflow/example_dags/example_inlet_event_extra.py for tasks to queue
[2024-09-09T21:17:48.158+0530] {logging_mixin.py:190} INFO - [2024-09-09T21:17:48.158+0530] {dagbag.py:587} INFO - Filling up the DagBag from /home/sst7260/airflow_projects/project1/env/lib/python3.10/site-packages/airflow/example_dags/example_inlet_event_extra.py
[2024-09-09T21:17:48.165+0530] {processor.py:925} INFO - DAG(s) 'read_dataset_event_from_classic', 'read_dataset_event' retrieved from /home/sst7260/airflow_projects/project1/env/lib/python3.10/site-packages/airflow/example_dags/example_inlet_event_extra.py
[2024-09-09T21:17:48.178+0530] {logging_mixin.py:190} INFO - [2024-09-09T21:17:48.178+0530] {dag.py:3229} INFO - Sync 2 DAGs
[2024-09-09T21:17:48.191+0530] {logging_mixin.py:190} INFO - [2024-09-09T21:17:48.190+0530] {dag.py:4156} INFO - Setting next_dagrun for read_dataset_event to 2024-09-08 00:00:00+00:00, run_after=2024-09-09 00:00:00+00:00
[2024-09-09T21:17:48.193+0530] {logging_mixin.py:190} INFO - [2024-09-09T21:17:48.193+0530] {dag.py:4156} INFO - Setting next_dagrun for read_dataset_event_from_classic to 2024-09-08 00:00:00+00:00, run_after=2024-09-09 00:00:00+00:00
[2024-09-09T21:17:48.214+0530] {processor.py:208} INFO - Processing /home/sst7260/airflow_projects/project1/env/lib/python3.10/site-packages/airflow/example_dags/example_inlet_event_extra.py took 0.065 seconds
[2024-09-09T21:19:12.239+0530] {processor.py:186} INFO - Started process (PID=132947) to work on /home/sst7260/airflow_projects/project1/env/lib/python3.10/site-packages/airflow/example_dags/example_inlet_event_extra.py
[2024-09-09T21:19:12.241+0530] {processor.py:914} INFO - Processing file /home/sst7260/airflow_projects/project1/env/lib/python3.10/site-packages/airflow/example_dags/example_inlet_event_extra.py for tasks to queue
[2024-09-09T21:19:12.242+0530] {logging_mixin.py:190} INFO - [2024-09-09T21:19:12.242+0530] {dagbag.py:587} INFO - Filling up the DagBag from /home/sst7260/airflow_projects/project1/env/lib/python3.10/site-packages/airflow/example_dags/example_inlet_event_extra.py
[2024-09-09T21:19:12.250+0530] {processor.py:925} INFO - DAG(s) 'read_dataset_event_from_classic', 'read_dataset_event' retrieved from /home/sst7260/airflow_projects/project1/env/lib/python3.10/site-packages/airflow/example_dags/example_inlet_event_extra.py
[2024-09-09T21:19:12.260+0530] {logging_mixin.py:190} INFO - [2024-09-09T21:19:12.260+0530] {dag.py:3229} INFO - Sync 2 DAGs
[2024-09-09T21:19:12.273+0530] {logging_mixin.py:190} INFO - [2024-09-09T21:19:12.273+0530] {dag.py:4156} INFO - Setting next_dagrun for read_dataset_event to 2024-09-08 00:00:00+00:00, run_after=2024-09-09 00:00:00+00:00
[2024-09-09T21:19:12.276+0530] {logging_mixin.py:190} INFO - [2024-09-09T21:19:12.276+0530] {dag.py:4156} INFO - Setting next_dagrun for read_dataset_event_from_classic to 2024-09-08 00:00:00+00:00, run_after=2024-09-09 00:00:00+00:00
[2024-09-09T21:19:12.302+0530] {processor.py:208} INFO - Processing /home/sst7260/airflow_projects/project1/env/lib/python3.10/site-packages/airflow/example_dags/example_inlet_event_extra.py took 0.067 seconds
[2024-09-09T21:20:34.266+0530] {processor.py:186} INFO - Started process (PID=133071) to work on /home/sst7260/airflow_projects/project1/env/lib/python3.10/site-packages/airflow/example_dags/example_inlet_event_extra.py
[2024-09-09T21:20:34.268+0530] {processor.py:914} INFO - Processing file /home/sst7260/airflow_projects/project1/env/lib/python3.10/site-packages/airflow/example_dags/example_inlet_event_extra.py for tasks to queue
[2024-09-09T21:20:34.269+0530] {logging_mixin.py:190} INFO - [2024-09-09T21:20:34.269+0530] {dagbag.py:587} INFO - Filling up the DagBag from /home/sst7260/airflow_projects/project1/env/lib/python3.10/site-packages/airflow/example_dags/example_inlet_event_extra.py
[2024-09-09T21:20:34.277+0530] {processor.py:925} INFO - DAG(s) 'read_dataset_event', 'read_dataset_event_from_classic' retrieved from /home/sst7260/airflow_projects/project1/env/lib/python3.10/site-packages/airflow/example_dags/example_inlet_event_extra.py
[2024-09-09T21:20:34.287+0530] {logging_mixin.py:190} INFO - [2024-09-09T21:20:34.287+0530] {dag.py:3229} INFO - Sync 2 DAGs
[2024-09-09T21:20:34.300+0530] {logging_mixin.py:190} INFO - [2024-09-09T21:20:34.300+0530] {dag.py:4156} INFO - Setting next_dagrun for read_dataset_event to 2024-09-08 00:00:00+00:00, run_after=2024-09-09 00:00:00+00:00
[2024-09-09T21:20:34.302+0530] {logging_mixin.py:190} INFO - [2024-09-09T21:20:34.302+0530] {dag.py:4156} INFO - Setting next_dagrun for read_dataset_event_from_classic to 2024-09-08 00:00:00+00:00, run_after=2024-09-09 00:00:00+00:00
[2024-09-09T21:20:34.323+0530] {processor.py:208} INFO - Processing /home/sst7260/airflow_projects/project1/env/lib/python3.10/site-packages/airflow/example_dags/example_inlet_event_extra.py took 0.063 seconds
[2024-09-09T21:21:56.973+0530] {processor.py:186} INFO - Started process (PID=133235) to work on /home/sst7260/airflow_projects/project1/env/lib/python3.10/site-packages/airflow/example_dags/example_inlet_event_extra.py
[2024-09-09T21:21:56.975+0530] {processor.py:914} INFO - Processing file /home/sst7260/airflow_projects/project1/env/lib/python3.10/site-packages/airflow/example_dags/example_inlet_event_extra.py for tasks to queue
[2024-09-09T21:21:56.976+0530] {logging_mixin.py:190} INFO - [2024-09-09T21:21:56.975+0530] {dagbag.py:587} INFO - Filling up the DagBag from /home/sst7260/airflow_projects/project1/env/lib/python3.10/site-packages/airflow/example_dags/example_inlet_event_extra.py
[2024-09-09T21:21:56.985+0530] {processor.py:925} INFO - DAG(s) 'read_dataset_event_from_classic', 'read_dataset_event' retrieved from /home/sst7260/airflow_projects/project1/env/lib/python3.10/site-packages/airflow/example_dags/example_inlet_event_extra.py
[2024-09-09T21:21:56.995+0530] {logging_mixin.py:190} INFO - [2024-09-09T21:21:56.994+0530] {dag.py:3229} INFO - Sync 2 DAGs
[2024-09-09T21:21:57.007+0530] {logging_mixin.py:190} INFO - [2024-09-09T21:21:57.007+0530] {dag.py:4156} INFO - Setting next_dagrun for read_dataset_event to 2024-09-08 00:00:00+00:00, run_after=2024-09-09 00:00:00+00:00
[2024-09-09T21:21:57.009+0530] {logging_mixin.py:190} INFO - [2024-09-09T21:21:57.009+0530] {dag.py:4156} INFO - Setting next_dagrun for read_dataset_event_from_classic to 2024-09-08 00:00:00+00:00, run_after=2024-09-09 00:00:00+00:00
[2024-09-09T21:21:57.032+0530] {processor.py:208} INFO - Processing /home/sst7260/airflow_projects/project1/env/lib/python3.10/site-packages/airflow/example_dags/example_inlet_event_extra.py took 0.064 seconds
[2024-09-09T21:23:14.407+0530] {processor.py:186} INFO - Started process (PID=133328) to work on /home/sst7260/airflow_projects/project1/env/lib/python3.10/site-packages/airflow/example_dags/example_inlet_event_extra.py
[2024-09-09T21:23:14.411+0530] {processor.py:914} INFO - Processing file /home/sst7260/airflow_projects/project1/env/lib/python3.10/site-packages/airflow/example_dags/example_inlet_event_extra.py for tasks to queue
[2024-09-09T21:23:14.412+0530] {logging_mixin.py:190} INFO - [2024-09-09T21:23:14.412+0530] {dagbag.py:587} INFO - Filling up the DagBag from /home/sst7260/airflow_projects/project1/env/lib/python3.10/site-packages/airflow/example_dags/example_inlet_event_extra.py
[2024-09-09T21:23:14.421+0530] {processor.py:925} INFO - DAG(s) 'read_dataset_event_from_classic', 'read_dataset_event' retrieved from /home/sst7260/airflow_projects/project1/env/lib/python3.10/site-packages/airflow/example_dags/example_inlet_event_extra.py
[2024-09-09T21:23:14.432+0530] {logging_mixin.py:190} INFO - [2024-09-09T21:23:14.432+0530] {dag.py:3229} INFO - Sync 2 DAGs
[2024-09-09T21:23:14.445+0530] {logging_mixin.py:190} INFO - [2024-09-09T21:23:14.444+0530] {dag.py:4156} INFO - Setting next_dagrun for read_dataset_event to 2024-09-08 00:00:00+00:00, run_after=2024-09-09 00:00:00+00:00
[2024-09-09T21:23:14.447+0530] {logging_mixin.py:190} INFO - [2024-09-09T21:23:14.447+0530] {dag.py:4156} INFO - Setting next_dagrun for read_dataset_event_from_classic to 2024-09-08 00:00:00+00:00, run_after=2024-09-09 00:00:00+00:00
[2024-09-09T21:23:14.472+0530] {processor.py:208} INFO - Processing /home/sst7260/airflow_projects/project1/env/lib/python3.10/site-packages/airflow/example_dags/example_inlet_event_extra.py took 0.070 seconds
[2024-09-09T21:24:40.407+0530] {processor.py:186} INFO - Started process (PID=133427) to work on /home/sst7260/airflow_projects/project1/env/lib/python3.10/site-packages/airflow/example_dags/example_inlet_event_extra.py
[2024-09-09T21:24:40.408+0530] {processor.py:914} INFO - Processing file /home/sst7260/airflow_projects/project1/env/lib/python3.10/site-packages/airflow/example_dags/example_inlet_event_extra.py for tasks to queue
[2024-09-09T21:24:40.409+0530] {logging_mixin.py:190} INFO - [2024-09-09T21:24:40.409+0530] {dagbag.py:587} INFO - Filling up the DagBag from /home/sst7260/airflow_projects/project1/env/lib/python3.10/site-packages/airflow/example_dags/example_inlet_event_extra.py
[2024-09-09T21:24:40.417+0530] {processor.py:925} INFO - DAG(s) 'read_dataset_event_from_classic', 'read_dataset_event' retrieved from /home/sst7260/airflow_projects/project1/env/lib/python3.10/site-packages/airflow/example_dags/example_inlet_event_extra.py
[2024-09-09T21:24:40.428+0530] {logging_mixin.py:190} INFO - [2024-09-09T21:24:40.428+0530] {dag.py:3229} INFO - Sync 2 DAGs
[2024-09-09T21:24:40.442+0530] {logging_mixin.py:190} INFO - [2024-09-09T21:24:40.441+0530] {dag.py:4156} INFO - Setting next_dagrun for read_dataset_event to 2024-09-08 00:00:00+00:00, run_after=2024-09-09 00:00:00+00:00
[2024-09-09T21:24:40.444+0530] {logging_mixin.py:190} INFO - [2024-09-09T21:24:40.444+0530] {dag.py:4156} INFO - Setting next_dagrun for read_dataset_event_from_classic to 2024-09-08 00:00:00+00:00, run_after=2024-09-09 00:00:00+00:00
[2024-09-09T21:24:40.468+0530] {processor.py:208} INFO - Processing /home/sst7260/airflow_projects/project1/env/lib/python3.10/site-packages/airflow/example_dags/example_inlet_event_extra.py took 0.066 seconds
[2024-09-09T21:25:38.829+0530] {processor.py:186} INFO - Started process (PID=133583) to work on /home/sst7260/airflow_projects/project1/env/lib/python3.10/site-packages/airflow/example_dags/example_inlet_event_extra.py
[2024-09-09T21:25:38.834+0530] {processor.py:914} INFO - Processing file /home/sst7260/airflow_projects/project1/env/lib/python3.10/site-packages/airflow/example_dags/example_inlet_event_extra.py for tasks to queue
[2024-09-09T21:25:38.835+0530] {logging_mixin.py:190} INFO - [2024-09-09T21:25:38.835+0530] {dagbag.py:587} INFO - Filling up the DagBag from /home/sst7260/airflow_projects/project1/env/lib/python3.10/site-packages/airflow/example_dags/example_inlet_event_extra.py
[2024-09-09T21:25:38.844+0530] {processor.py:925} INFO - DAG(s) 'read_dataset_event_from_classic', 'read_dataset_event' retrieved from /home/sst7260/airflow_projects/project1/env/lib/python3.10/site-packages/airflow/example_dags/example_inlet_event_extra.py
[2024-09-09T21:25:38.854+0530] {logging_mixin.py:190} INFO - [2024-09-09T21:25:38.854+0530] {dag.py:3229} INFO - Sync 2 DAGs
[2024-09-09T21:25:38.866+0530] {logging_mixin.py:190} INFO - [2024-09-09T21:25:38.866+0530] {dag.py:4156} INFO - Setting next_dagrun for read_dataset_event to 2024-09-08 00:00:00+00:00, run_after=2024-09-09 00:00:00+00:00
[2024-09-09T21:25:38.869+0530] {logging_mixin.py:190} INFO - [2024-09-09T21:25:38.869+0530] {dag.py:4156} INFO - Setting next_dagrun for read_dataset_event_from_classic to 2024-09-08 00:00:00+00:00, run_after=2024-09-09 00:00:00+00:00
[2024-09-09T21:25:38.890+0530] {processor.py:208} INFO - Processing /home/sst7260/airflow_projects/project1/env/lib/python3.10/site-packages/airflow/example_dags/example_inlet_event_extra.py took 0.065 seconds
[2024-09-09T21:26:36.696+0530] {processor.py:186} INFO - Started process (PID=133656) to work on /home/sst7260/airflow_projects/project1/env/lib/python3.10/site-packages/airflow/example_dags/example_inlet_event_extra.py
[2024-09-09T21:26:36.699+0530] {processor.py:914} INFO - Processing file /home/sst7260/airflow_projects/project1/env/lib/python3.10/site-packages/airflow/example_dags/example_inlet_event_extra.py for tasks to queue
[2024-09-09T21:26:36.699+0530] {logging_mixin.py:190} INFO - [2024-09-09T21:26:36.699+0530] {dagbag.py:587} INFO - Filling up the DagBag from /home/sst7260/airflow_projects/project1/env/lib/python3.10/site-packages/airflow/example_dags/example_inlet_event_extra.py
[2024-09-09T21:26:36.707+0530] {processor.py:925} INFO - DAG(s) 'read_dataset_event_from_classic', 'read_dataset_event' retrieved from /home/sst7260/airflow_projects/project1/env/lib/python3.10/site-packages/airflow/example_dags/example_inlet_event_extra.py
[2024-09-09T21:26:36.719+0530] {logging_mixin.py:190} INFO - [2024-09-09T21:26:36.719+0530] {dag.py:3229} INFO - Sync 2 DAGs
[2024-09-09T21:26:36.735+0530] {logging_mixin.py:190} INFO - [2024-09-09T21:26:36.735+0530] {dag.py:4156} INFO - Setting next_dagrun for read_dataset_event to 2024-09-08 00:00:00+00:00, run_after=2024-09-09 00:00:00+00:00
[2024-09-09T21:26:36.738+0530] {logging_mixin.py:190} INFO - [2024-09-09T21:26:36.737+0530] {dag.py:4156} INFO - Setting next_dagrun for read_dataset_event_from_classic to 2024-09-08 00:00:00+00:00, run_after=2024-09-09 00:00:00+00:00
[2024-09-09T21:26:36.761+0530] {processor.py:208} INFO - Processing /home/sst7260/airflow_projects/project1/env/lib/python3.10/site-packages/airflow/example_dags/example_inlet_event_extra.py took 0.072 seconds
[2024-09-09T21:27:57.685+0530] {processor.py:186} INFO - Started process (PID=133810) to work on /home/sst7260/airflow_projects/project1/env/lib/python3.10/site-packages/airflow/example_dags/example_inlet_event_extra.py
[2024-09-09T21:27:57.687+0530] {processor.py:914} INFO - Processing file /home/sst7260/airflow_projects/project1/env/lib/python3.10/site-packages/airflow/example_dags/example_inlet_event_extra.py for tasks to queue
[2024-09-09T21:27:57.688+0530] {logging_mixin.py:190} INFO - [2024-09-09T21:27:57.688+0530] {dagbag.py:587} INFO - Filling up the DagBag from /home/sst7260/airflow_projects/project1/env/lib/python3.10/site-packages/airflow/example_dags/example_inlet_event_extra.py
[2024-09-09T21:27:57.697+0530] {processor.py:925} INFO - DAG(s) 'read_dataset_event', 'read_dataset_event_from_classic' retrieved from /home/sst7260/airflow_projects/project1/env/lib/python3.10/site-packages/airflow/example_dags/example_inlet_event_extra.py
[2024-09-09T21:27:57.712+0530] {logging_mixin.py:190} INFO - [2024-09-09T21:27:57.712+0530] {dag.py:3229} INFO - Sync 2 DAGs
[2024-09-09T21:27:57.725+0530] {logging_mixin.py:190} INFO - [2024-09-09T21:27:57.725+0530] {dag.py:4156} INFO - Setting next_dagrun for read_dataset_event to 2024-09-08 00:00:00+00:00, run_after=2024-09-09 00:00:00+00:00
[2024-09-09T21:27:57.728+0530] {logging_mixin.py:190} INFO - [2024-09-09T21:27:57.728+0530] {dag.py:4156} INFO - Setting next_dagrun for read_dataset_event_from_classic to 2024-09-08 00:00:00+00:00, run_after=2024-09-09 00:00:00+00:00
[2024-09-09T21:27:57.750+0530] {processor.py:208} INFO - Processing /home/sst7260/airflow_projects/project1/env/lib/python3.10/site-packages/airflow/example_dags/example_inlet_event_extra.py took 0.069 seconds
[2024-09-09T21:29:23.010+0530] {processor.py:186} INFO - Started process (PID=133909) to work on /home/sst7260/airflow_projects/project1/env/lib/python3.10/site-packages/airflow/example_dags/example_inlet_event_extra.py
[2024-09-09T21:29:23.011+0530] {processor.py:914} INFO - Processing file /home/sst7260/airflow_projects/project1/env/lib/python3.10/site-packages/airflow/example_dags/example_inlet_event_extra.py for tasks to queue
[2024-09-09T21:29:23.012+0530] {logging_mixin.py:190} INFO - [2024-09-09T21:29:23.012+0530] {dagbag.py:587} INFO - Filling up the DagBag from /home/sst7260/airflow_projects/project1/env/lib/python3.10/site-packages/airflow/example_dags/example_inlet_event_extra.py
[2024-09-09T21:29:23.020+0530] {processor.py:925} INFO - DAG(s) 'read_dataset_event', 'read_dataset_event_from_classic' retrieved from /home/sst7260/airflow_projects/project1/env/lib/python3.10/site-packages/airflow/example_dags/example_inlet_event_extra.py
[2024-09-09T21:29:23.031+0530] {logging_mixin.py:190} INFO - [2024-09-09T21:29:23.031+0530] {dag.py:3229} INFO - Sync 2 DAGs
[2024-09-09T21:29:23.044+0530] {logging_mixin.py:190} INFO - [2024-09-09T21:29:23.044+0530] {dag.py:4156} INFO - Setting next_dagrun for read_dataset_event to 2024-09-08 00:00:00+00:00, run_after=2024-09-09 00:00:00+00:00
[2024-09-09T21:29:23.046+0530] {logging_mixin.py:190} INFO - [2024-09-09T21:29:23.046+0530] {dag.py:4156} INFO - Setting next_dagrun for read_dataset_event_from_classic to 2024-09-08 00:00:00+00:00, run_after=2024-09-09 00:00:00+00:00
[2024-09-09T21:29:23.065+0530] {processor.py:208} INFO - Processing /home/sst7260/airflow_projects/project1/env/lib/python3.10/site-packages/airflow/example_dags/example_inlet_event_extra.py took 0.059 seconds
[2024-09-09T21:30:43.659+0530] {processor.py:186} INFO - Started process (PID=134033) to work on /home/sst7260/airflow_projects/project1/env/lib/python3.10/site-packages/airflow/example_dags/example_inlet_event_extra.py
[2024-09-09T21:30:43.660+0530] {processor.py:914} INFO - Processing file /home/sst7260/airflow_projects/project1/env/lib/python3.10/site-packages/airflow/example_dags/example_inlet_event_extra.py for tasks to queue
[2024-09-09T21:30:43.661+0530] {logging_mixin.py:190} INFO - [2024-09-09T21:30:43.661+0530] {dagbag.py:587} INFO - Filling up the DagBag from /home/sst7260/airflow_projects/project1/env/lib/python3.10/site-packages/airflow/example_dags/example_inlet_event_extra.py
[2024-09-09T21:30:43.670+0530] {processor.py:925} INFO - DAG(s) 'read_dataset_event_from_classic', 'read_dataset_event' retrieved from /home/sst7260/airflow_projects/project1/env/lib/python3.10/site-packages/airflow/example_dags/example_inlet_event_extra.py
[2024-09-09T21:30:43.681+0530] {logging_mixin.py:190} INFO - [2024-09-09T21:30:43.681+0530] {dag.py:3229} INFO - Sync 2 DAGs
[2024-09-09T21:30:43.696+0530] {logging_mixin.py:190} INFO - [2024-09-09T21:30:43.696+0530] {dag.py:4156} INFO - Setting next_dagrun for read_dataset_event to 2024-09-08 00:00:00+00:00, run_after=2024-09-09 00:00:00+00:00
[2024-09-09T21:30:43.699+0530] {logging_mixin.py:190} INFO - [2024-09-09T21:30:43.698+0530] {dag.py:4156} INFO - Setting next_dagrun for read_dataset_event_from_classic to 2024-09-08 00:00:00+00:00, run_after=2024-09-09 00:00:00+00:00
[2024-09-09T21:30:43.720+0530] {processor.py:208} INFO - Processing /home/sst7260/airflow_projects/project1/env/lib/python3.10/site-packages/airflow/example_dags/example_inlet_event_extra.py took 0.065 seconds
[2024-09-09T21:32:04.840+0530] {processor.py:186} INFO - Started process (PID=134131) to work on /home/sst7260/airflow_projects/project1/env/lib/python3.10/site-packages/airflow/example_dags/example_inlet_event_extra.py
[2024-09-09T21:32:04.842+0530] {processor.py:914} INFO - Processing file /home/sst7260/airflow_projects/project1/env/lib/python3.10/site-packages/airflow/example_dags/example_inlet_event_extra.py for tasks to queue
[2024-09-09T21:32:04.843+0530] {logging_mixin.py:190} INFO - [2024-09-09T21:32:04.842+0530] {dagbag.py:587} INFO - Filling up the DagBag from /home/sst7260/airflow_projects/project1/env/lib/python3.10/site-packages/airflow/example_dags/example_inlet_event_extra.py
[2024-09-09T21:32:04.852+0530] {processor.py:925} INFO - DAG(s) 'read_dataset_event_from_classic', 'read_dataset_event' retrieved from /home/sst7260/airflow_projects/project1/env/lib/python3.10/site-packages/airflow/example_dags/example_inlet_event_extra.py
[2024-09-09T21:32:04.862+0530] {logging_mixin.py:190} INFO - [2024-09-09T21:32:04.862+0530] {dag.py:3229} INFO - Sync 2 DAGs
[2024-09-09T21:32:04.876+0530] {logging_mixin.py:190} INFO - [2024-09-09T21:32:04.876+0530] {dag.py:4156} INFO - Setting next_dagrun for read_dataset_event to 2024-09-08 00:00:00+00:00, run_after=2024-09-09 00:00:00+00:00
[2024-09-09T21:32:04.879+0530] {logging_mixin.py:190} INFO - [2024-09-09T21:32:04.879+0530] {dag.py:4156} INFO - Setting next_dagrun for read_dataset_event_from_classic to 2024-09-08 00:00:00+00:00, run_after=2024-09-09 00:00:00+00:00
[2024-09-09T21:32:04.905+0530] {processor.py:208} INFO - Processing /home/sst7260/airflow_projects/project1/env/lib/python3.10/site-packages/airflow/example_dags/example_inlet_event_extra.py took 0.069 seconds
[2024-09-09T21:33:26.932+0530] {processor.py:186} INFO - Started process (PID=134224) to work on /home/sst7260/airflow_projects/project1/env/lib/python3.10/site-packages/airflow/example_dags/example_inlet_event_extra.py
[2024-09-09T21:33:26.934+0530] {processor.py:914} INFO - Processing file /home/sst7260/airflow_projects/project1/env/lib/python3.10/site-packages/airflow/example_dags/example_inlet_event_extra.py for tasks to queue
[2024-09-09T21:33:26.935+0530] {logging_mixin.py:190} INFO - [2024-09-09T21:33:26.935+0530] {dagbag.py:587} INFO - Filling up the DagBag from /home/sst7260/airflow_projects/project1/env/lib/python3.10/site-packages/airflow/example_dags/example_inlet_event_extra.py
[2024-09-09T21:33:26.947+0530] {processor.py:925} INFO - DAG(s) 'read_dataset_event_from_classic', 'read_dataset_event' retrieved from /home/sst7260/airflow_projects/project1/env/lib/python3.10/site-packages/airflow/example_dags/example_inlet_event_extra.py
[2024-09-09T21:33:26.959+0530] {logging_mixin.py:190} INFO - [2024-09-09T21:33:26.958+0530] {dag.py:3229} INFO - Sync 2 DAGs
[2024-09-09T21:33:26.973+0530] {logging_mixin.py:190} INFO - [2024-09-09T21:33:26.973+0530] {dag.py:4156} INFO - Setting next_dagrun for read_dataset_event to 2024-09-08 00:00:00+00:00, run_after=2024-09-09 00:00:00+00:00
[2024-09-09T21:33:26.976+0530] {logging_mixin.py:190} INFO - [2024-09-09T21:33:26.975+0530] {dag.py:4156} INFO - Setting next_dagrun for read_dataset_event_from_classic to 2024-09-08 00:00:00+00:00, run_after=2024-09-09 00:00:00+00:00
[2024-09-09T21:33:26.998+0530] {processor.py:208} INFO - Processing /home/sst7260/airflow_projects/project1/env/lib/python3.10/site-packages/airflow/example_dags/example_inlet_event_extra.py took 0.071 seconds
[2024-09-09T21:34:48.765+0530] {processor.py:186} INFO - Started process (PID=134320) to work on /home/sst7260/airflow_projects/project1/env/lib/python3.10/site-packages/airflow/example_dags/example_inlet_event_extra.py
[2024-09-09T21:34:48.766+0530] {processor.py:914} INFO - Processing file /home/sst7260/airflow_projects/project1/env/lib/python3.10/site-packages/airflow/example_dags/example_inlet_event_extra.py for tasks to queue
[2024-09-09T21:34:48.767+0530] {logging_mixin.py:190} INFO - [2024-09-09T21:34:48.767+0530] {dagbag.py:587} INFO - Filling up the DagBag from /home/sst7260/airflow_projects/project1/env/lib/python3.10/site-packages/airflow/example_dags/example_inlet_event_extra.py
[2024-09-09T21:34:48.775+0530] {processor.py:925} INFO - DAG(s) 'read_dataset_event', 'read_dataset_event_from_classic' retrieved from /home/sst7260/airflow_projects/project1/env/lib/python3.10/site-packages/airflow/example_dags/example_inlet_event_extra.py
[2024-09-09T21:34:48.786+0530] {logging_mixin.py:190} INFO - [2024-09-09T21:34:48.785+0530] {dag.py:3229} INFO - Sync 2 DAGs
[2024-09-09T21:34:48.798+0530] {logging_mixin.py:190} INFO - [2024-09-09T21:34:48.798+0530] {dag.py:4156} INFO - Setting next_dagrun for read_dataset_event to 2024-09-08 00:00:00+00:00, run_after=2024-09-09 00:00:00+00:00
[2024-09-09T21:34:48.800+0530] {logging_mixin.py:190} INFO - [2024-09-09T21:34:48.800+0530] {dag.py:4156} INFO - Setting next_dagrun for read_dataset_event_from_classic to 2024-09-08 00:00:00+00:00, run_after=2024-09-09 00:00:00+00:00
[2024-09-09T21:34:48.820+0530] {processor.py:208} INFO - Processing /home/sst7260/airflow_projects/project1/env/lib/python3.10/site-packages/airflow/example_dags/example_inlet_event_extra.py took 0.060 seconds
[2024-09-09T21:36:09.863+0530] {processor.py:186} INFO - Started process (PID=134444) to work on /home/sst7260/airflow_projects/project1/env/lib/python3.10/site-packages/airflow/example_dags/example_inlet_event_extra.py
[2024-09-09T21:36:09.865+0530] {processor.py:914} INFO - Processing file /home/sst7260/airflow_projects/project1/env/lib/python3.10/site-packages/airflow/example_dags/example_inlet_event_extra.py for tasks to queue
[2024-09-09T21:36:09.865+0530] {logging_mixin.py:190} INFO - [2024-09-09T21:36:09.865+0530] {dagbag.py:587} INFO - Filling up the DagBag from /home/sst7260/airflow_projects/project1/env/lib/python3.10/site-packages/airflow/example_dags/example_inlet_event_extra.py
[2024-09-09T21:36:09.873+0530] {processor.py:925} INFO - DAG(s) 'read_dataset_event', 'read_dataset_event_from_classic' retrieved from /home/sst7260/airflow_projects/project1/env/lib/python3.10/site-packages/airflow/example_dags/example_inlet_event_extra.py
[2024-09-09T21:36:09.884+0530] {logging_mixin.py:190} INFO - [2024-09-09T21:36:09.884+0530] {dag.py:3229} INFO - Sync 2 DAGs
[2024-09-09T21:36:09.896+0530] {logging_mixin.py:190} INFO - [2024-09-09T21:36:09.896+0530] {dag.py:4156} INFO - Setting next_dagrun for read_dataset_event to 2024-09-08 00:00:00+00:00, run_after=2024-09-09 00:00:00+00:00
[2024-09-09T21:36:09.899+0530] {logging_mixin.py:190} INFO - [2024-09-09T21:36:09.899+0530] {dag.py:4156} INFO - Setting next_dagrun for read_dataset_event_from_classic to 2024-09-08 00:00:00+00:00, run_after=2024-09-09 00:00:00+00:00
[2024-09-09T21:36:09.919+0530] {processor.py:208} INFO - Processing /home/sst7260/airflow_projects/project1/env/lib/python3.10/site-packages/airflow/example_dags/example_inlet_event_extra.py took 0.060 seconds
[2024-09-09T21:37:32.115+0530] {processor.py:186} INFO - Started process (PID=134543) to work on /home/sst7260/airflow_projects/project1/env/lib/python3.10/site-packages/airflow/example_dags/example_inlet_event_extra.py
[2024-09-09T21:37:32.117+0530] {processor.py:914} INFO - Processing file /home/sst7260/airflow_projects/project1/env/lib/python3.10/site-packages/airflow/example_dags/example_inlet_event_extra.py for tasks to queue
[2024-09-09T21:37:32.118+0530] {logging_mixin.py:190} INFO - [2024-09-09T21:37:32.117+0530] {dagbag.py:587} INFO - Filling up the DagBag from /home/sst7260/airflow_projects/project1/env/lib/python3.10/site-packages/airflow/example_dags/example_inlet_event_extra.py
[2024-09-09T21:37:32.126+0530] {processor.py:925} INFO - DAG(s) 'read_dataset_event_from_classic', 'read_dataset_event' retrieved from /home/sst7260/airflow_projects/project1/env/lib/python3.10/site-packages/airflow/example_dags/example_inlet_event_extra.py
[2024-09-09T21:37:32.140+0530] {logging_mixin.py:190} INFO - [2024-09-09T21:37:32.139+0530] {dag.py:3229} INFO - Sync 2 DAGs
[2024-09-09T21:37:32.152+0530] {logging_mixin.py:190} INFO - [2024-09-09T21:37:32.152+0530] {dag.py:4156} INFO - Setting next_dagrun for read_dataset_event to 2024-09-08 00:00:00+00:00, run_after=2024-09-09 00:00:00+00:00
[2024-09-09T21:37:32.155+0530] {logging_mixin.py:190} INFO - [2024-09-09T21:37:32.155+0530] {dag.py:4156} INFO - Setting next_dagrun for read_dataset_event_from_classic to 2024-09-08 00:00:00+00:00, run_after=2024-09-09 00:00:00+00:00
[2024-09-09T21:37:32.177+0530] {processor.py:208} INFO - Processing /home/sst7260/airflow_projects/project1/env/lib/python3.10/site-packages/airflow/example_dags/example_inlet_event_extra.py took 0.067 seconds
[2024-09-09T21:38:53.988+0530] {processor.py:186} INFO - Started process (PID=134634) to work on /home/sst7260/airflow_projects/project1/env/lib/python3.10/site-packages/airflow/example_dags/example_inlet_event_extra.py
[2024-09-09T21:38:53.994+0530] {processor.py:914} INFO - Processing file /home/sst7260/airflow_projects/project1/env/lib/python3.10/site-packages/airflow/example_dags/example_inlet_event_extra.py for tasks to queue
[2024-09-09T21:38:53.995+0530] {logging_mixin.py:190} INFO - [2024-09-09T21:38:53.995+0530] {dagbag.py:587} INFO - Filling up the DagBag from /home/sst7260/airflow_projects/project1/env/lib/python3.10/site-packages/airflow/example_dags/example_inlet_event_extra.py
[2024-09-09T21:38:54.004+0530] {processor.py:925} INFO - DAG(s) 'read_dataset_event_from_classic', 'read_dataset_event' retrieved from /home/sst7260/airflow_projects/project1/env/lib/python3.10/site-packages/airflow/example_dags/example_inlet_event_extra.py
[2024-09-09T21:38:54.014+0530] {logging_mixin.py:190} INFO - [2024-09-09T21:38:54.014+0530] {dag.py:3229} INFO - Sync 2 DAGs
[2024-09-09T21:38:54.027+0530] {logging_mixin.py:190} INFO - [2024-09-09T21:38:54.026+0530] {dag.py:4156} INFO - Setting next_dagrun for read_dataset_event to 2024-09-08 00:00:00+00:00, run_after=2024-09-09 00:00:00+00:00
[2024-09-09T21:38:54.029+0530] {logging_mixin.py:190} INFO - [2024-09-09T21:38:54.029+0530] {dag.py:4156} INFO - Setting next_dagrun for read_dataset_event_from_classic to 2024-09-08 00:00:00+00:00, run_after=2024-09-09 00:00:00+00:00
[2024-09-09T21:38:54.051+0530] {processor.py:208} INFO - Processing /home/sst7260/airflow_projects/project1/env/lib/python3.10/site-packages/airflow/example_dags/example_inlet_event_extra.py took 0.066 seconds
[2024-09-09T21:40:14.080+0530] {processor.py:186} INFO - Started process (PID=134729) to work on /home/sst7260/airflow_projects/project1/env/lib/python3.10/site-packages/airflow/example_dags/example_inlet_event_extra.py
[2024-09-09T21:40:14.084+0530] {processor.py:914} INFO - Processing file /home/sst7260/airflow_projects/project1/env/lib/python3.10/site-packages/airflow/example_dags/example_inlet_event_extra.py for tasks to queue
[2024-09-09T21:40:14.086+0530] {logging_mixin.py:190} INFO - [2024-09-09T21:40:14.085+0530] {dagbag.py:587} INFO - Filling up the DagBag from /home/sst7260/airflow_projects/project1/env/lib/python3.10/site-packages/airflow/example_dags/example_inlet_event_extra.py
[2024-09-09T21:40:14.095+0530] {processor.py:925} INFO - DAG(s) 'read_dataset_event_from_classic', 'read_dataset_event' retrieved from /home/sst7260/airflow_projects/project1/env/lib/python3.10/site-packages/airflow/example_dags/example_inlet_event_extra.py
[2024-09-09T21:40:14.105+0530] {logging_mixin.py:190} INFO - [2024-09-09T21:40:14.105+0530] {dag.py:3229} INFO - Sync 2 DAGs
[2024-09-09T21:40:14.117+0530] {logging_mixin.py:190} INFO - [2024-09-09T21:40:14.117+0530] {dag.py:4156} INFO - Setting next_dagrun for read_dataset_event to 2024-09-08 00:00:00+00:00, run_after=2024-09-09 00:00:00+00:00
[2024-09-09T21:40:14.119+0530] {logging_mixin.py:190} INFO - [2024-09-09T21:40:14.119+0530] {dag.py:4156} INFO - Setting next_dagrun for read_dataset_event_from_classic to 2024-09-08 00:00:00+00:00, run_after=2024-09-09 00:00:00+00:00
[2024-09-09T21:40:14.140+0530] {processor.py:208} INFO - Processing /home/sst7260/airflow_projects/project1/env/lib/python3.10/site-packages/airflow/example_dags/example_inlet_event_extra.py took 0.065 seconds
[2024-09-09T21:41:35.970+0530] {processor.py:186} INFO - Started process (PID=134853) to work on /home/sst7260/airflow_projects/project1/env/lib/python3.10/site-packages/airflow/example_dags/example_inlet_event_extra.py
[2024-09-09T21:41:35.980+0530] {processor.py:914} INFO - Processing file /home/sst7260/airflow_projects/project1/env/lib/python3.10/site-packages/airflow/example_dags/example_inlet_event_extra.py for tasks to queue
[2024-09-09T21:41:35.982+0530] {logging_mixin.py:190} INFO - [2024-09-09T21:41:35.981+0530] {dagbag.py:587} INFO - Filling up the DagBag from /home/sst7260/airflow_projects/project1/env/lib/python3.10/site-packages/airflow/example_dags/example_inlet_event_extra.py
[2024-09-09T21:41:35.992+0530] {processor.py:925} INFO - DAG(s) 'read_dataset_event_from_classic', 'read_dataset_event' retrieved from /home/sst7260/airflow_projects/project1/env/lib/python3.10/site-packages/airflow/example_dags/example_inlet_event_extra.py
[2024-09-09T21:41:36.002+0530] {logging_mixin.py:190} INFO - [2024-09-09T21:41:36.002+0530] {dag.py:3229} INFO - Sync 2 DAGs
[2024-09-09T21:41:36.014+0530] {logging_mixin.py:190} INFO - [2024-09-09T21:41:36.014+0530] {dag.py:4156} INFO - Setting next_dagrun for read_dataset_event to 2024-09-08 00:00:00+00:00, run_after=2024-09-09 00:00:00+00:00
[2024-09-09T21:41:36.016+0530] {logging_mixin.py:190} INFO - [2024-09-09T21:41:36.016+0530] {dag.py:4156} INFO - Setting next_dagrun for read_dataset_event_from_classic to 2024-09-08 00:00:00+00:00, run_after=2024-09-09 00:00:00+00:00
[2024-09-09T21:41:36.037+0530] {processor.py:208} INFO - Processing /home/sst7260/airflow_projects/project1/env/lib/python3.10/site-packages/airflow/example_dags/example_inlet_event_extra.py took 0.071 seconds
[2024-09-09T21:42:53.748+0530] {processor.py:186} INFO - Started process (PID=134949) to work on /home/sst7260/airflow_projects/project1/env/lib/python3.10/site-packages/airflow/example_dags/example_inlet_event_extra.py
[2024-09-09T21:42:53.750+0530] {processor.py:914} INFO - Processing file /home/sst7260/airflow_projects/project1/env/lib/python3.10/site-packages/airflow/example_dags/example_inlet_event_extra.py for tasks to queue
[2024-09-09T21:42:53.751+0530] {logging_mixin.py:190} INFO - [2024-09-09T21:42:53.751+0530] {dagbag.py:587} INFO - Filling up the DagBag from /home/sst7260/airflow_projects/project1/env/lib/python3.10/site-packages/airflow/example_dags/example_inlet_event_extra.py
[2024-09-09T21:42:53.760+0530] {processor.py:925} INFO - DAG(s) 'read_dataset_event', 'read_dataset_event_from_classic' retrieved from /home/sst7260/airflow_projects/project1/env/lib/python3.10/site-packages/airflow/example_dags/example_inlet_event_extra.py
[2024-09-09T21:42:53.770+0530] {logging_mixin.py:190} INFO - [2024-09-09T21:42:53.770+0530] {dag.py:3229} INFO - Sync 2 DAGs
[2024-09-09T21:42:53.783+0530] {logging_mixin.py:190} INFO - [2024-09-09T21:42:53.782+0530] {dag.py:4156} INFO - Setting next_dagrun for read_dataset_event to 2024-09-08 00:00:00+00:00, run_after=2024-09-09 00:00:00+00:00
[2024-09-09T21:42:53.785+0530] {logging_mixin.py:190} INFO - [2024-09-09T21:42:53.785+0530] {dag.py:4156} INFO - Setting next_dagrun for read_dataset_event_from_classic to 2024-09-08 00:00:00+00:00, run_after=2024-09-09 00:00:00+00:00
[2024-09-09T21:42:53.805+0530] {processor.py:208} INFO - Processing /home/sst7260/airflow_projects/project1/env/lib/python3.10/site-packages/airflow/example_dags/example_inlet_event_extra.py took 0.062 seconds
[2024-09-09T21:44:11.123+0530] {processor.py:186} INFO - Started process (PID=135037) to work on /home/sst7260/airflow_projects/project1/env/lib/python3.10/site-packages/airflow/example_dags/example_inlet_event_extra.py
[2024-09-09T21:44:11.126+0530] {processor.py:914} INFO - Processing file /home/sst7260/airflow_projects/project1/env/lib/python3.10/site-packages/airflow/example_dags/example_inlet_event_extra.py for tasks to queue
[2024-09-09T21:44:11.127+0530] {logging_mixin.py:190} INFO - [2024-09-09T21:44:11.127+0530] {dagbag.py:587} INFO - Filling up the DagBag from /home/sst7260/airflow_projects/project1/env/lib/python3.10/site-packages/airflow/example_dags/example_inlet_event_extra.py
[2024-09-09T21:44:11.136+0530] {processor.py:925} INFO - DAG(s) 'read_dataset_event', 'read_dataset_event_from_classic' retrieved from /home/sst7260/airflow_projects/project1/env/lib/python3.10/site-packages/airflow/example_dags/example_inlet_event_extra.py
[2024-09-09T21:44:11.147+0530] {logging_mixin.py:190} INFO - [2024-09-09T21:44:11.147+0530] {dag.py:3229} INFO - Sync 2 DAGs
[2024-09-09T21:44:11.160+0530] {logging_mixin.py:190} INFO - [2024-09-09T21:44:11.159+0530] {dag.py:4156} INFO - Setting next_dagrun for read_dataset_event to 2024-09-08 00:00:00+00:00, run_after=2024-09-09 00:00:00+00:00
[2024-09-09T21:44:11.162+0530] {logging_mixin.py:190} INFO - [2024-09-09T21:44:11.162+0530] {dag.py:4156} INFO - Setting next_dagrun for read_dataset_event_from_classic to 2024-09-08 00:00:00+00:00, run_after=2024-09-09 00:00:00+00:00
[2024-09-09T21:44:11.182+0530] {processor.py:208} INFO - Processing /home/sst7260/airflow_projects/project1/env/lib/python3.10/site-packages/airflow/example_dags/example_inlet_event_extra.py took 0.063 seconds
[2024-09-09T21:45:32.681+0530] {processor.py:186} INFO - Started process (PID=135133) to work on /home/sst7260/airflow_projects/project1/env/lib/python3.10/site-packages/airflow/example_dags/example_inlet_event_extra.py
[2024-09-09T21:45:32.682+0530] {processor.py:914} INFO - Processing file /home/sst7260/airflow_projects/project1/env/lib/python3.10/site-packages/airflow/example_dags/example_inlet_event_extra.py for tasks to queue
[2024-09-09T21:45:32.684+0530] {logging_mixin.py:190} INFO - [2024-09-09T21:45:32.683+0530] {dagbag.py:587} INFO - Filling up the DagBag from /home/sst7260/airflow_projects/project1/env/lib/python3.10/site-packages/airflow/example_dags/example_inlet_event_extra.py
[2024-09-09T21:45:32.694+0530] {processor.py:925} INFO - DAG(s) 'read_dataset_event', 'read_dataset_event_from_classic' retrieved from /home/sst7260/airflow_projects/project1/env/lib/python3.10/site-packages/airflow/example_dags/example_inlet_event_extra.py
[2024-09-09T21:45:32.705+0530] {logging_mixin.py:190} INFO - [2024-09-09T21:45:32.705+0530] {dag.py:3229} INFO - Sync 2 DAGs
[2024-09-09T21:45:32.717+0530] {logging_mixin.py:190} INFO - [2024-09-09T21:45:32.717+0530] {dag.py:4156} INFO - Setting next_dagrun for read_dataset_event to 2024-09-08 00:00:00+00:00, run_after=2024-09-09 00:00:00+00:00
[2024-09-09T21:45:32.720+0530] {logging_mixin.py:190} INFO - [2024-09-09T21:45:32.720+0530] {dag.py:4156} INFO - Setting next_dagrun for read_dataset_event_from_classic to 2024-09-08 00:00:00+00:00, run_after=2024-09-09 00:00:00+00:00
[2024-09-09T21:45:32.741+0530] {processor.py:208} INFO - Processing /home/sst7260/airflow_projects/project1/env/lib/python3.10/site-packages/airflow/example_dags/example_inlet_event_extra.py took 0.064 seconds
[2024-09-09T21:46:54.250+0530] {processor.py:186} INFO - Started process (PID=135258) to work on /home/sst7260/airflow_projects/project1/env/lib/python3.10/site-packages/airflow/example_dags/example_inlet_event_extra.py
[2024-09-09T21:46:54.251+0530] {processor.py:914} INFO - Processing file /home/sst7260/airflow_projects/project1/env/lib/python3.10/site-packages/airflow/example_dags/example_inlet_event_extra.py for tasks to queue
[2024-09-09T21:46:54.252+0530] {logging_mixin.py:190} INFO - [2024-09-09T21:46:54.251+0530] {dagbag.py:587} INFO - Filling up the DagBag from /home/sst7260/airflow_projects/project1/env/lib/python3.10/site-packages/airflow/example_dags/example_inlet_event_extra.py
[2024-09-09T21:46:54.259+0530] {processor.py:925} INFO - DAG(s) 'read_dataset_event', 'read_dataset_event_from_classic' retrieved from /home/sst7260/airflow_projects/project1/env/lib/python3.10/site-packages/airflow/example_dags/example_inlet_event_extra.py
[2024-09-09T21:46:54.269+0530] {logging_mixin.py:190} INFO - [2024-09-09T21:46:54.269+0530] {dag.py:3229} INFO - Sync 2 DAGs
[2024-09-09T21:46:54.283+0530] {logging_mixin.py:190} INFO - [2024-09-09T21:46:54.282+0530] {dag.py:4156} INFO - Setting next_dagrun for read_dataset_event to 2024-09-08 00:00:00+00:00, run_after=2024-09-09 00:00:00+00:00
[2024-09-09T21:46:54.285+0530] {logging_mixin.py:190} INFO - [2024-09-09T21:46:54.285+0530] {dag.py:4156} INFO - Setting next_dagrun for read_dataset_event_from_classic to 2024-09-08 00:00:00+00:00, run_after=2024-09-09 00:00:00+00:00
[2024-09-09T21:46:54.308+0530] {processor.py:208} INFO - Processing /home/sst7260/airflow_projects/project1/env/lib/python3.10/site-packages/airflow/example_dags/example_inlet_event_extra.py took 0.063 seconds
[2024-09-09T21:48:12.329+0530] {processor.py:186} INFO - Started process (PID=135354) to work on /home/sst7260/airflow_projects/project1/env/lib/python3.10/site-packages/airflow/example_dags/example_inlet_event_extra.py
[2024-09-09T21:48:12.333+0530] {processor.py:914} INFO - Processing file /home/sst7260/airflow_projects/project1/env/lib/python3.10/site-packages/airflow/example_dags/example_inlet_event_extra.py for tasks to queue
[2024-09-09T21:48:12.334+0530] {logging_mixin.py:190} INFO - [2024-09-09T21:48:12.333+0530] {dagbag.py:587} INFO - Filling up the DagBag from /home/sst7260/airflow_projects/project1/env/lib/python3.10/site-packages/airflow/example_dags/example_inlet_event_extra.py
[2024-09-09T21:48:12.343+0530] {processor.py:925} INFO - DAG(s) 'read_dataset_event', 'read_dataset_event_from_classic' retrieved from /home/sst7260/airflow_projects/project1/env/lib/python3.10/site-packages/airflow/example_dags/example_inlet_event_extra.py
[2024-09-09T21:48:12.354+0530] {logging_mixin.py:190} INFO - [2024-09-09T21:48:12.354+0530] {dag.py:3229} INFO - Sync 2 DAGs
[2024-09-09T21:48:12.367+0530] {logging_mixin.py:190} INFO - [2024-09-09T21:48:12.367+0530] {dag.py:4156} INFO - Setting next_dagrun for read_dataset_event to 2024-09-08 00:00:00+00:00, run_after=2024-09-09 00:00:00+00:00
[2024-09-09T21:48:12.369+0530] {logging_mixin.py:190} INFO - [2024-09-09T21:48:12.369+0530] {dag.py:4156} INFO - Setting next_dagrun for read_dataset_event_from_classic to 2024-09-08 00:00:00+00:00, run_after=2024-09-09 00:00:00+00:00
[2024-09-09T21:48:12.388+0530] {processor.py:208} INFO - Processing /home/sst7260/airflow_projects/project1/env/lib/python3.10/site-packages/airflow/example_dags/example_inlet_event_extra.py took 0.064 seconds
[2024-09-09T21:49:30.740+0530] {processor.py:186} INFO - Started process (PID=135444) to work on /home/sst7260/airflow_projects/project1/env/lib/python3.10/site-packages/airflow/example_dags/example_inlet_event_extra.py
[2024-09-09T21:49:30.742+0530] {processor.py:914} INFO - Processing file /home/sst7260/airflow_projects/project1/env/lib/python3.10/site-packages/airflow/example_dags/example_inlet_event_extra.py for tasks to queue
[2024-09-09T21:49:30.743+0530] {logging_mixin.py:190} INFO - [2024-09-09T21:49:30.743+0530] {dagbag.py:587} INFO - Filling up the DagBag from /home/sst7260/airflow_projects/project1/env/lib/python3.10/site-packages/airflow/example_dags/example_inlet_event_extra.py
[2024-09-09T21:49:30.750+0530] {processor.py:925} INFO - DAG(s) 'read_dataset_event', 'read_dataset_event_from_classic' retrieved from /home/sst7260/airflow_projects/project1/env/lib/python3.10/site-packages/airflow/example_dags/example_inlet_event_extra.py
[2024-09-09T21:49:30.761+0530] {logging_mixin.py:190} INFO - [2024-09-09T21:49:30.761+0530] {dag.py:3229} INFO - Sync 2 DAGs
[2024-09-09T21:49:30.773+0530] {logging_mixin.py:190} INFO - [2024-09-09T21:49:30.773+0530] {dag.py:4156} INFO - Setting next_dagrun for read_dataset_event to 2024-09-08 00:00:00+00:00, run_after=2024-09-09 00:00:00+00:00
[2024-09-09T21:49:30.777+0530] {logging_mixin.py:190} INFO - [2024-09-09T21:49:30.776+0530] {dag.py:4156} INFO - Setting next_dagrun for read_dataset_event_from_classic to 2024-09-08 00:00:00+00:00, run_after=2024-09-09 00:00:00+00:00
[2024-09-09T21:49:30.799+0530] {processor.py:208} INFO - Processing /home/sst7260/airflow_projects/project1/env/lib/python3.10/site-packages/airflow/example_dags/example_inlet_event_extra.py took 0.063 seconds
[2024-09-09T21:50:53.736+0530] {processor.py:186} INFO - Started process (PID=135569) to work on /home/sst7260/airflow_projects/project1/env/lib/python3.10/site-packages/airflow/example_dags/example_inlet_event_extra.py
[2024-09-09T21:50:53.745+0530] {processor.py:914} INFO - Processing file /home/sst7260/airflow_projects/project1/env/lib/python3.10/site-packages/airflow/example_dags/example_inlet_event_extra.py for tasks to queue
[2024-09-09T21:50:53.746+0530] {logging_mixin.py:190} INFO - [2024-09-09T21:50:53.746+0530] {dagbag.py:587} INFO - Filling up the DagBag from /home/sst7260/airflow_projects/project1/env/lib/python3.10/site-packages/airflow/example_dags/example_inlet_event_extra.py
[2024-09-09T21:50:53.755+0530] {processor.py:925} INFO - DAG(s) 'read_dataset_event', 'read_dataset_event_from_classic' retrieved from /home/sst7260/airflow_projects/project1/env/lib/python3.10/site-packages/airflow/example_dags/example_inlet_event_extra.py
[2024-09-09T21:50:53.765+0530] {logging_mixin.py:190} INFO - [2024-09-09T21:50:53.765+0530] {dag.py:3229} INFO - Sync 2 DAGs
[2024-09-09T21:50:53.777+0530] {logging_mixin.py:190} INFO - [2024-09-09T21:50:53.777+0530] {dag.py:4156} INFO - Setting next_dagrun for read_dataset_event to 2024-09-08 00:00:00+00:00, run_after=2024-09-09 00:00:00+00:00
[2024-09-09T21:50:53.780+0530] {logging_mixin.py:190} INFO - [2024-09-09T21:50:53.780+0530] {dag.py:4156} INFO - Setting next_dagrun for read_dataset_event_from_classic to 2024-09-08 00:00:00+00:00, run_after=2024-09-09 00:00:00+00:00
[2024-09-09T21:50:53.801+0530] {processor.py:208} INFO - Processing /home/sst7260/airflow_projects/project1/env/lib/python3.10/site-packages/airflow/example_dags/example_inlet_event_extra.py took 0.070 seconds
[2024-09-09T21:52:13.182+0530] {processor.py:186} INFO - Started process (PID=135664) to work on /home/sst7260/airflow_projects/project1/env/lib/python3.10/site-packages/airflow/example_dags/example_inlet_event_extra.py
[2024-09-09T21:52:13.184+0530] {processor.py:914} INFO - Processing file /home/sst7260/airflow_projects/project1/env/lib/python3.10/site-packages/airflow/example_dags/example_inlet_event_extra.py for tasks to queue
[2024-09-09T21:52:13.185+0530] {logging_mixin.py:190} INFO - [2024-09-09T21:52:13.185+0530] {dagbag.py:587} INFO - Filling up the DagBag from /home/sst7260/airflow_projects/project1/env/lib/python3.10/site-packages/airflow/example_dags/example_inlet_event_extra.py
[2024-09-09T21:52:13.192+0530] {processor.py:925} INFO - DAG(s) 'read_dataset_event_from_classic', 'read_dataset_event' retrieved from /home/sst7260/airflow_projects/project1/env/lib/python3.10/site-packages/airflow/example_dags/example_inlet_event_extra.py
[2024-09-09T21:52:13.203+0530] {logging_mixin.py:190} INFO - [2024-09-09T21:52:13.203+0530] {dag.py:3229} INFO - Sync 2 DAGs
[2024-09-09T21:52:13.216+0530] {logging_mixin.py:190} INFO - [2024-09-09T21:52:13.216+0530] {dag.py:4156} INFO - Setting next_dagrun for read_dataset_event to 2024-09-08 00:00:00+00:00, run_after=2024-09-09 00:00:00+00:00
[2024-09-09T21:52:13.219+0530] {logging_mixin.py:190} INFO - [2024-09-09T21:52:13.218+0530] {dag.py:4156} INFO - Setting next_dagrun for read_dataset_event_from_classic to 2024-09-08 00:00:00+00:00, run_after=2024-09-09 00:00:00+00:00
[2024-09-09T21:52:13.241+0530] {processor.py:208} INFO - Processing /home/sst7260/airflow_projects/project1/env/lib/python3.10/site-packages/airflow/example_dags/example_inlet_event_extra.py took 0.063 seconds
