[2024-09-09T20:46:45.336+0530] {processor.py:186} INFO - Started process (PID=128493) to work on /home/sst7260/airflow_projects/project1/env/lib/python3.10/site-packages/airflow/example_dags/example_branch_python_dop_operator_3.py
[2024-09-09T20:46:45.336+0530] {processor.py:914} INFO - Processing file /home/sst7260/airflow_projects/project1/env/lib/python3.10/site-packages/airflow/example_dags/example_branch_python_dop_operator_3.py for tasks to queue
[2024-09-09T20:46:45.338+0530] {logging_mixin.py:190} INFO - [2024-09-09T20:46:45.338+0530] {dagbag.py:587} INFO - Filling up the DagBag from /home/sst7260/airflow_projects/project1/env/lib/python3.10/site-packages/airflow/example_dags/example_branch_python_dop_operator_3.py
[2024-09-09T20:46:45.346+0530] {processor.py:925} INFO - DAG(s) 'example_branch_dop_operator_v3' retrieved from /home/sst7260/airflow_projects/project1/env/lib/python3.10/site-packages/airflow/example_dags/example_branch_python_dop_operator_3.py
[2024-09-09T20:46:45.426+0530] {logging_mixin.py:190} INFO - [2024-09-09T20:46:45.425+0530] {override.py:1900} INFO - Created Permission View: can delete on DAG:example_branch_dop_operator_v3
[2024-09-09T20:46:45.443+0530] {logging_mixin.py:190} INFO - [2024-09-09T20:46:45.443+0530] {override.py:1900} INFO - Created Permission View: can read on DAG:example_branch_dop_operator_v3
[2024-09-09T20:46:45.458+0530] {logging_mixin.py:190} INFO - [2024-09-09T20:46:45.457+0530] {override.py:1900} INFO - Created Permission View: can edit on DAG:example_branch_dop_operator_v3
[2024-09-09T20:46:45.487+0530] {logging_mixin.py:190} INFO - [2024-09-09T20:46:45.486+0530] {override.py:1900} INFO - Created Permission View: can create on DAG Run:example_branch_dop_operator_v3
[2024-09-09T20:46:45.502+0530] {logging_mixin.py:190} INFO - [2024-09-09T20:46:45.501+0530] {override.py:1900} INFO - Created Permission View: menu access on DAG Run:example_branch_dop_operator_v3
[2024-09-09T20:46:45.518+0530] {logging_mixin.py:190} INFO - [2024-09-09T20:46:45.518+0530] {override.py:1900} INFO - Created Permission View: can read on DAG Run:example_branch_dop_operator_v3
[2024-09-09T20:46:45.535+0530] {logging_mixin.py:190} INFO - [2024-09-09T20:46:45.534+0530] {override.py:1900} INFO - Created Permission View: can delete on DAG Run:example_branch_dop_operator_v3
[2024-09-09T20:46:45.535+0530] {logging_mixin.py:190} INFO - [2024-09-09T20:46:45.535+0530] {dag.py:3229} INFO - Sync 1 DAGs
[2024-09-09T20:46:45.542+0530] {logging_mixin.py:190} INFO - [2024-09-09T20:46:45.542+0530] {dag.py:3252} INFO - Creating ORM DAG for example_branch_dop_operator_v3
[2024-09-09T20:46:45.550+0530] {logging_mixin.py:190} INFO - [2024-09-09T20:46:45.549+0530] {dag.py:4156} INFO - Setting next_dagrun for example_branch_dop_operator_v3 to 2024-09-09 15:15:00+00:00, run_after=2024-09-09 15:16:00+00:00
[2024-09-09T20:46:45.573+0530] {processor.py:208} INFO - Processing /home/sst7260/airflow_projects/project1/env/lib/python3.10/site-packages/airflow/example_dags/example_branch_python_dop_operator_3.py took 0.241 seconds
[2024-09-09T20:47:48.542+0530] {processor.py:186} INFO - Started process (PID=128572) to work on /home/sst7260/airflow_projects/project1/env/lib/python3.10/site-packages/airflow/example_dags/example_branch_python_dop_operator_3.py
[2024-09-09T20:47:48.544+0530] {processor.py:914} INFO - Processing file /home/sst7260/airflow_projects/project1/env/lib/python3.10/site-packages/airflow/example_dags/example_branch_python_dop_operator_3.py for tasks to queue
[2024-09-09T20:47:48.546+0530] {logging_mixin.py:190} INFO - [2024-09-09T20:47:48.546+0530] {dagbag.py:587} INFO - Filling up the DagBag from /home/sst7260/airflow_projects/project1/env/lib/python3.10/site-packages/airflow/example_dags/example_branch_python_dop_operator_3.py
[2024-09-09T20:47:48.554+0530] {processor.py:925} INFO - DAG(s) 'example_branch_dop_operator_v3' retrieved from /home/sst7260/airflow_projects/project1/env/lib/python3.10/site-packages/airflow/example_dags/example_branch_python_dop_operator_3.py
[2024-09-09T20:47:48.565+0530] {logging_mixin.py:190} INFO - [2024-09-09T20:47:48.565+0530] {dag.py:3229} INFO - Sync 1 DAGs
[2024-09-09T20:47:48.578+0530] {logging_mixin.py:190} INFO - [2024-09-09T20:47:48.578+0530] {dag.py:4156} INFO - Setting next_dagrun for example_branch_dop_operator_v3 to 2024-09-09 15:16:00+00:00, run_after=2024-09-09 15:17:00+00:00
[2024-09-09T20:47:48.603+0530] {processor.py:208} INFO - Processing /home/sst7260/airflow_projects/project1/env/lib/python3.10/site-packages/airflow/example_dags/example_branch_python_dop_operator_3.py took 0.066 seconds
[2024-09-09T20:48:43.876+0530] {processor.py:186} INFO - Started process (PID=128636) to work on /home/sst7260/airflow_projects/project1/env/lib/python3.10/site-packages/airflow/example_dags/example_branch_python_dop_operator_3.py
[2024-09-09T20:48:43.885+0530] {processor.py:914} INFO - Processing file /home/sst7260/airflow_projects/project1/env/lib/python3.10/site-packages/airflow/example_dags/example_branch_python_dop_operator_3.py for tasks to queue
[2024-09-09T20:48:43.888+0530] {logging_mixin.py:190} INFO - [2024-09-09T20:48:43.887+0530] {dagbag.py:587} INFO - Filling up the DagBag from /home/sst7260/airflow_projects/project1/env/lib/python3.10/site-packages/airflow/example_dags/example_branch_python_dop_operator_3.py
[2024-09-09T20:48:43.895+0530] {processor.py:925} INFO - DAG(s) 'example_branch_dop_operator_v3' retrieved from /home/sst7260/airflow_projects/project1/env/lib/python3.10/site-packages/airflow/example_dags/example_branch_python_dop_operator_3.py
[2024-09-09T20:48:43.906+0530] {logging_mixin.py:190} INFO - [2024-09-09T20:48:43.906+0530] {dag.py:3229} INFO - Sync 1 DAGs
[2024-09-09T20:48:43.919+0530] {logging_mixin.py:190} INFO - [2024-09-09T20:48:43.919+0530] {dag.py:4156} INFO - Setting next_dagrun for example_branch_dop_operator_v3 to 2024-09-09 15:17:00+00:00, run_after=2024-09-09 15:18:00+00:00
[2024-09-09T20:48:43.943+0530] {processor.py:208} INFO - Processing /home/sst7260/airflow_projects/project1/env/lib/python3.10/site-packages/airflow/example_dags/example_branch_python_dop_operator_3.py took 0.072 seconds
[2024-09-09T20:50:01.412+0530] {processor.py:186} INFO - Started process (PID=128732) to work on /home/sst7260/airflow_projects/project1/env/lib/python3.10/site-packages/airflow/example_dags/example_branch_python_dop_operator_3.py
[2024-09-09T20:50:01.414+0530] {processor.py:914} INFO - Processing file /home/sst7260/airflow_projects/project1/env/lib/python3.10/site-packages/airflow/example_dags/example_branch_python_dop_operator_3.py for tasks to queue
[2024-09-09T20:50:01.415+0530] {logging_mixin.py:190} INFO - [2024-09-09T20:50:01.415+0530] {dagbag.py:587} INFO - Filling up the DagBag from /home/sst7260/airflow_projects/project1/env/lib/python3.10/site-packages/airflow/example_dags/example_branch_python_dop_operator_3.py
[2024-09-09T20:50:01.422+0530] {processor.py:925} INFO - DAG(s) 'example_branch_dop_operator_v3' retrieved from /home/sst7260/airflow_projects/project1/env/lib/python3.10/site-packages/airflow/example_dags/example_branch_python_dop_operator_3.py
[2024-09-09T20:50:01.431+0530] {logging_mixin.py:190} INFO - [2024-09-09T20:50:01.431+0530] {dag.py:3229} INFO - Sync 1 DAGs
[2024-09-09T20:50:01.447+0530] {logging_mixin.py:190} INFO - [2024-09-09T20:50:01.447+0530] {dag.py:4156} INFO - Setting next_dagrun for example_branch_dop_operator_v3 to 2024-09-09 15:19:00+00:00, run_after=2024-09-09 15:20:00+00:00
[2024-09-09T20:50:01.469+0530] {processor.py:208} INFO - Processing /home/sst7260/airflow_projects/project1/env/lib/python3.10/site-packages/airflow/example_dags/example_branch_python_dop_operator_3.py took 0.061 seconds
[2024-09-09T20:51:18.949+0530] {processor.py:186} INFO - Started process (PID=128847) to work on /home/sst7260/airflow_projects/project1/env/lib/python3.10/site-packages/airflow/example_dags/example_branch_python_dop_operator_3.py
[2024-09-09T20:51:18.951+0530] {processor.py:914} INFO - Processing file /home/sst7260/airflow_projects/project1/env/lib/python3.10/site-packages/airflow/example_dags/example_branch_python_dop_operator_3.py for tasks to queue
[2024-09-09T20:51:18.952+0530] {logging_mixin.py:190} INFO - [2024-09-09T20:51:18.952+0530] {dagbag.py:587} INFO - Filling up the DagBag from /home/sst7260/airflow_projects/project1/env/lib/python3.10/site-packages/airflow/example_dags/example_branch_python_dop_operator_3.py
[2024-09-09T20:51:18.959+0530] {processor.py:925} INFO - DAG(s) 'example_branch_dop_operator_v3' retrieved from /home/sst7260/airflow_projects/project1/env/lib/python3.10/site-packages/airflow/example_dags/example_branch_python_dop_operator_3.py
[2024-09-09T20:51:18.968+0530] {logging_mixin.py:190} INFO - [2024-09-09T20:51:18.968+0530] {dag.py:3229} INFO - Sync 1 DAGs
[2024-09-09T20:51:18.981+0530] {logging_mixin.py:190} INFO - [2024-09-09T20:51:18.981+0530] {dag.py:4156} INFO - Setting next_dagrun for example_branch_dop_operator_v3 to 2024-09-09 15:20:00+00:00, run_after=2024-09-09 15:21:00+00:00
[2024-09-09T20:51:19.003+0530] {processor.py:208} INFO - Processing /home/sst7260/airflow_projects/project1/env/lib/python3.10/site-packages/airflow/example_dags/example_branch_python_dop_operator_3.py took 0.057 seconds
[2024-09-09T20:52:18.153+0530] {processor.py:186} INFO - Started process (PID=129122) to work on /home/sst7260/airflow_projects/project1/env/lib/python3.10/site-packages/airflow/example_dags/example_branch_python_dop_operator_3.py
[2024-09-09T20:52:18.156+0530] {processor.py:914} INFO - Processing file /home/sst7260/airflow_projects/project1/env/lib/python3.10/site-packages/airflow/example_dags/example_branch_python_dop_operator_3.py for tasks to queue
[2024-09-09T20:52:18.159+0530] {logging_mixin.py:190} INFO - [2024-09-09T20:52:18.158+0530] {dagbag.py:587} INFO - Filling up the DagBag from /home/sst7260/airflow_projects/project1/env/lib/python3.10/site-packages/airflow/example_dags/example_branch_python_dop_operator_3.py
[2024-09-09T20:52:18.172+0530] {processor.py:925} INFO - DAG(s) 'example_branch_dop_operator_v3' retrieved from /home/sst7260/airflow_projects/project1/env/lib/python3.10/site-packages/airflow/example_dags/example_branch_python_dop_operator_3.py
[2024-09-09T20:52:18.188+0530] {logging_mixin.py:190} INFO - [2024-09-09T20:52:18.188+0530] {dag.py:3229} INFO - Sync 1 DAGs
[2024-09-09T20:52:18.205+0530] {logging_mixin.py:190} INFO - [2024-09-09T20:52:18.205+0530] {dag.py:4156} INFO - Setting next_dagrun for example_branch_dop_operator_v3 to 2024-09-09 15:21:00+00:00, run_after=2024-09-09 15:22:00+00:00
[2024-09-09T20:52:18.235+0530] {processor.py:208} INFO - Processing /home/sst7260/airflow_projects/project1/env/lib/python3.10/site-packages/airflow/example_dags/example_branch_python_dop_operator_3.py took 0.086 seconds
[2024-09-09T20:53:15.967+0530] {processor.py:186} INFO - Started process (PID=129425) to work on /home/sst7260/airflow_projects/project1/env/lib/python3.10/site-packages/airflow/example_dags/example_branch_python_dop_operator_3.py
[2024-09-09T20:53:15.969+0530] {processor.py:914} INFO - Processing file /home/sst7260/airflow_projects/project1/env/lib/python3.10/site-packages/airflow/example_dags/example_branch_python_dop_operator_3.py for tasks to queue
[2024-09-09T20:53:15.974+0530] {logging_mixin.py:190} INFO - [2024-09-09T20:53:15.973+0530] {dagbag.py:587} INFO - Filling up the DagBag from /home/sst7260/airflow_projects/project1/env/lib/python3.10/site-packages/airflow/example_dags/example_branch_python_dop_operator_3.py
[2024-09-09T20:53:15.994+0530] {processor.py:925} INFO - DAG(s) 'example_branch_dop_operator_v3' retrieved from /home/sst7260/airflow_projects/project1/env/lib/python3.10/site-packages/airflow/example_dags/example_branch_python_dop_operator_3.py
[2024-09-09T20:53:16.016+0530] {logging_mixin.py:190} INFO - [2024-09-09T20:53:16.015+0530] {dag.py:3229} INFO - Sync 1 DAGs
[2024-09-09T20:53:16.046+0530] {logging_mixin.py:190} INFO - [2024-09-09T20:53:16.046+0530] {dag.py:4156} INFO - Setting next_dagrun for example_branch_dop_operator_v3 to 2024-09-09 15:22:00+00:00, run_after=2024-09-09 15:23:00+00:00
[2024-09-09T20:53:16.081+0530] {processor.py:208} INFO - Processing /home/sst7260/airflow_projects/project1/env/lib/python3.10/site-packages/airflow/example_dags/example_branch_python_dop_operator_3.py took 0.123 seconds
[2024-09-09T20:54:29.032+0530] {processor.py:186} INFO - Started process (PID=129965) to work on /home/sst7260/airflow_projects/project1/env/lib/python3.10/site-packages/airflow/example_dags/example_branch_python_dop_operator_3.py
[2024-09-09T20:54:29.037+0530] {processor.py:914} INFO - Processing file /home/sst7260/airflow_projects/project1/env/lib/python3.10/site-packages/airflow/example_dags/example_branch_python_dop_operator_3.py for tasks to queue
[2024-09-09T20:54:29.038+0530] {logging_mixin.py:190} INFO - [2024-09-09T20:54:29.038+0530] {dagbag.py:587} INFO - Filling up the DagBag from /home/sst7260/airflow_projects/project1/env/lib/python3.10/site-packages/airflow/example_dags/example_branch_python_dop_operator_3.py
[2024-09-09T20:54:29.046+0530] {processor.py:925} INFO - DAG(s) 'example_branch_dop_operator_v3' retrieved from /home/sst7260/airflow_projects/project1/env/lib/python3.10/site-packages/airflow/example_dags/example_branch_python_dop_operator_3.py
[2024-09-09T20:54:29.060+0530] {logging_mixin.py:190} INFO - [2024-09-09T20:54:29.060+0530] {dag.py:3229} INFO - Sync 1 DAGs
[2024-09-09T20:54:29.076+0530] {logging_mixin.py:190} INFO - [2024-09-09T20:54:29.076+0530] {dag.py:4156} INFO - Setting next_dagrun for example_branch_dop_operator_v3 to 2024-09-09 15:23:00+00:00, run_after=2024-09-09 15:24:00+00:00
[2024-09-09T20:54:29.105+0530] {processor.py:208} INFO - Processing /home/sst7260/airflow_projects/project1/env/lib/python3.10/site-packages/airflow/example_dags/example_branch_python_dop_operator_3.py took 0.077 seconds
[2024-09-09T20:55:29.882+0530] {processor.py:186} INFO - Started process (PID=130071) to work on /home/sst7260/airflow_projects/project1/env/lib/python3.10/site-packages/airflow/example_dags/example_branch_python_dop_operator_3.py
[2024-09-09T20:55:29.890+0530] {processor.py:914} INFO - Processing file /home/sst7260/airflow_projects/project1/env/lib/python3.10/site-packages/airflow/example_dags/example_branch_python_dop_operator_3.py for tasks to queue
[2024-09-09T20:55:29.892+0530] {logging_mixin.py:190} INFO - [2024-09-09T20:55:29.892+0530] {dagbag.py:587} INFO - Filling up the DagBag from /home/sst7260/airflow_projects/project1/env/lib/python3.10/site-packages/airflow/example_dags/example_branch_python_dop_operator_3.py
[2024-09-09T20:55:29.900+0530] {processor.py:925} INFO - DAG(s) 'example_branch_dop_operator_v3' retrieved from /home/sst7260/airflow_projects/project1/env/lib/python3.10/site-packages/airflow/example_dags/example_branch_python_dop_operator_3.py
[2024-09-09T20:55:29.913+0530] {logging_mixin.py:190} INFO - [2024-09-09T20:55:29.913+0530] {dag.py:3229} INFO - Sync 1 DAGs
[2024-09-09T20:55:29.929+0530] {logging_mixin.py:190} INFO - [2024-09-09T20:55:29.928+0530] {dag.py:4156} INFO - Setting next_dagrun for example_branch_dop_operator_v3 to 2024-09-09 15:24:00+00:00, run_after=2024-09-09 15:25:00+00:00
[2024-09-09T20:55:29.951+0530] {processor.py:208} INFO - Processing /home/sst7260/airflow_projects/project1/env/lib/python3.10/site-packages/airflow/example_dags/example_branch_python_dop_operator_3.py took 0.074 seconds
[2024-09-09T20:56:50.959+0530] {processor.py:186} INFO - Started process (PID=130408) to work on /home/sst7260/airflow_projects/project1/env/lib/python3.10/site-packages/airflow/example_dags/example_branch_python_dop_operator_3.py
[2024-09-09T20:56:50.961+0530] {processor.py:914} INFO - Processing file /home/sst7260/airflow_projects/project1/env/lib/python3.10/site-packages/airflow/example_dags/example_branch_python_dop_operator_3.py for tasks to queue
[2024-09-09T20:56:50.962+0530] {logging_mixin.py:190} INFO - [2024-09-09T20:56:50.962+0530] {dagbag.py:587} INFO - Filling up the DagBag from /home/sst7260/airflow_projects/project1/env/lib/python3.10/site-packages/airflow/example_dags/example_branch_python_dop_operator_3.py
[2024-09-09T20:56:50.970+0530] {processor.py:925} INFO - DAG(s) 'example_branch_dop_operator_v3' retrieved from /home/sst7260/airflow_projects/project1/env/lib/python3.10/site-packages/airflow/example_dags/example_branch_python_dop_operator_3.py
[2024-09-09T20:56:50.980+0530] {logging_mixin.py:190} INFO - [2024-09-09T20:56:50.979+0530] {dag.py:3229} INFO - Sync 1 DAGs
[2024-09-09T20:56:50.996+0530] {logging_mixin.py:190} INFO - [2024-09-09T20:56:50.996+0530] {dag.py:4156} INFO - Setting next_dagrun for example_branch_dop_operator_v3 to 2024-09-09 15:25:00+00:00, run_after=2024-09-09 15:26:00+00:00
[2024-09-09T20:56:51.018+0530] {processor.py:208} INFO - Processing /home/sst7260/airflow_projects/project1/env/lib/python3.10/site-packages/airflow/example_dags/example_branch_python_dop_operator_3.py took 0.063 seconds
[2024-09-09T20:57:45.597+0530] {processor.py:186} INFO - Started process (PID=130473) to work on /home/sst7260/airflow_projects/project1/env/lib/python3.10/site-packages/airflow/example_dags/example_branch_python_dop_operator_3.py
[2024-09-09T20:57:45.601+0530] {processor.py:914} INFO - Processing file /home/sst7260/airflow_projects/project1/env/lib/python3.10/site-packages/airflow/example_dags/example_branch_python_dop_operator_3.py for tasks to queue
[2024-09-09T20:57:45.603+0530] {logging_mixin.py:190} INFO - [2024-09-09T20:57:45.603+0530] {dagbag.py:587} INFO - Filling up the DagBag from /home/sst7260/airflow_projects/project1/env/lib/python3.10/site-packages/airflow/example_dags/example_branch_python_dop_operator_3.py
[2024-09-09T20:57:45.609+0530] {processor.py:925} INFO - DAG(s) 'example_branch_dop_operator_v3' retrieved from /home/sst7260/airflow_projects/project1/env/lib/python3.10/site-packages/airflow/example_dags/example_branch_python_dop_operator_3.py
[2024-09-09T20:57:45.619+0530] {logging_mixin.py:190} INFO - [2024-09-09T20:57:45.619+0530] {dag.py:3229} INFO - Sync 1 DAGs
[2024-09-09T20:57:45.633+0530] {logging_mixin.py:190} INFO - [2024-09-09T20:57:45.633+0530] {dag.py:4156} INFO - Setting next_dagrun for example_branch_dop_operator_v3 to 2024-09-09 15:26:00+00:00, run_after=2024-09-09 15:27:00+00:00
[2024-09-09T20:57:45.656+0530] {processor.py:208} INFO - Processing /home/sst7260/airflow_projects/project1/env/lib/python3.10/site-packages/airflow/example_dags/example_branch_python_dop_operator_3.py took 0.063 seconds
[2024-09-09T20:59:07.348+0530] {processor.py:186} INFO - Started process (PID=130701) to work on /home/sst7260/airflow_projects/project1/env/lib/python3.10/site-packages/airflow/example_dags/example_branch_python_dop_operator_3.py
[2024-09-09T20:59:07.351+0530] {processor.py:914} INFO - Processing file /home/sst7260/airflow_projects/project1/env/lib/python3.10/site-packages/airflow/example_dags/example_branch_python_dop_operator_3.py for tasks to queue
[2024-09-09T20:59:07.353+0530] {logging_mixin.py:190} INFO - [2024-09-09T20:59:07.353+0530] {dagbag.py:587} INFO - Filling up the DagBag from /home/sst7260/airflow_projects/project1/env/lib/python3.10/site-packages/airflow/example_dags/example_branch_python_dop_operator_3.py
[2024-09-09T20:59:07.360+0530] {processor.py:925} INFO - DAG(s) 'example_branch_dop_operator_v3' retrieved from /home/sst7260/airflow_projects/project1/env/lib/python3.10/site-packages/airflow/example_dags/example_branch_python_dop_operator_3.py
[2024-09-09T20:59:07.376+0530] {logging_mixin.py:190} INFO - [2024-09-09T20:59:07.376+0530] {dag.py:3229} INFO - Sync 1 DAGs
[2024-09-09T20:59:07.395+0530] {logging_mixin.py:190} INFO - [2024-09-09T20:59:07.395+0530] {dag.py:4156} INFO - Setting next_dagrun for example_branch_dop_operator_v3 to 2024-09-09 15:28:00+00:00, run_after=2024-09-09 15:29:00+00:00
[2024-09-09T20:59:07.422+0530] {processor.py:208} INFO - Processing /home/sst7260/airflow_projects/project1/env/lib/python3.10/site-packages/airflow/example_dags/example_branch_python_dop_operator_3.py took 0.085 seconds
[2024-09-09T21:00:02.880+0530] {processor.py:186} INFO - Started process (PID=130852) to work on /home/sst7260/airflow_projects/project1/env/lib/python3.10/site-packages/airflow/example_dags/example_branch_python_dop_operator_3.py
[2024-09-09T21:00:02.881+0530] {processor.py:914} INFO - Processing file /home/sst7260/airflow_projects/project1/env/lib/python3.10/site-packages/airflow/example_dags/example_branch_python_dop_operator_3.py for tasks to queue
[2024-09-09T21:00:02.883+0530] {logging_mixin.py:190} INFO - [2024-09-09T21:00:02.882+0530] {dagbag.py:587} INFO - Filling up the DagBag from /home/sst7260/airflow_projects/project1/env/lib/python3.10/site-packages/airflow/example_dags/example_branch_python_dop_operator_3.py
[2024-09-09T21:00:02.893+0530] {processor.py:925} INFO - DAG(s) 'example_branch_dop_operator_v3' retrieved from /home/sst7260/airflow_projects/project1/env/lib/python3.10/site-packages/airflow/example_dags/example_branch_python_dop_operator_3.py
[2024-09-09T21:00:02.906+0530] {logging_mixin.py:190} INFO - [2024-09-09T21:00:02.906+0530] {dag.py:3229} INFO - Sync 1 DAGs
[2024-09-09T21:00:02.929+0530] {logging_mixin.py:190} INFO - [2024-09-09T21:00:02.929+0530] {dag.py:4156} INFO - Setting next_dagrun for example_branch_dop_operator_v3 to 2024-09-09 15:29:00+00:00, run_after=2024-09-09 15:30:00+00:00
[2024-09-09T21:00:02.954+0530] {processor.py:208} INFO - Processing /home/sst7260/airflow_projects/project1/env/lib/python3.10/site-packages/airflow/example_dags/example_branch_python_dop_operator_3.py took 0.079 seconds
[2024-09-09T21:01:06.436+0530] {processor.py:186} INFO - Started process (PID=131196) to work on /home/sst7260/airflow_projects/project1/env/lib/python3.10/site-packages/airflow/example_dags/example_branch_python_dop_operator_3.py
[2024-09-09T21:01:06.439+0530] {processor.py:914} INFO - Processing file /home/sst7260/airflow_projects/project1/env/lib/python3.10/site-packages/airflow/example_dags/example_branch_python_dop_operator_3.py for tasks to queue
[2024-09-09T21:01:06.440+0530] {logging_mixin.py:190} INFO - [2024-09-09T21:01:06.440+0530] {dagbag.py:587} INFO - Filling up the DagBag from /home/sst7260/airflow_projects/project1/env/lib/python3.10/site-packages/airflow/example_dags/example_branch_python_dop_operator_3.py
[2024-09-09T21:01:06.446+0530] {processor.py:925} INFO - DAG(s) 'example_branch_dop_operator_v3' retrieved from /home/sst7260/airflow_projects/project1/env/lib/python3.10/site-packages/airflow/example_dags/example_branch_python_dop_operator_3.py
[2024-09-09T21:01:06.460+0530] {logging_mixin.py:190} INFO - [2024-09-09T21:01:06.460+0530] {dag.py:3229} INFO - Sync 1 DAGs
[2024-09-09T21:01:06.479+0530] {logging_mixin.py:190} INFO - [2024-09-09T21:01:06.479+0530] {dag.py:4156} INFO - Setting next_dagrun for example_branch_dop_operator_v3 to 2024-09-09 15:30:00+00:00, run_after=2024-09-09 15:31:00+00:00
[2024-09-09T21:01:06.499+0530] {processor.py:208} INFO - Processing /home/sst7260/airflow_projects/project1/env/lib/python3.10/site-packages/airflow/example_dags/example_branch_python_dop_operator_3.py took 0.068 seconds
[2024-09-09T21:02:09.379+0530] {processor.py:186} INFO - Started process (PID=131297) to work on /home/sst7260/airflow_projects/project1/env/lib/python3.10/site-packages/airflow/example_dags/example_branch_python_dop_operator_3.py
[2024-09-09T21:02:09.380+0530] {processor.py:914} INFO - Processing file /home/sst7260/airflow_projects/project1/env/lib/python3.10/site-packages/airflow/example_dags/example_branch_python_dop_operator_3.py for tasks to queue
[2024-09-09T21:02:09.381+0530] {logging_mixin.py:190} INFO - [2024-09-09T21:02:09.381+0530] {dagbag.py:587} INFO - Filling up the DagBag from /home/sst7260/airflow_projects/project1/env/lib/python3.10/site-packages/airflow/example_dags/example_branch_python_dop_operator_3.py
[2024-09-09T21:02:09.389+0530] {processor.py:925} INFO - DAG(s) 'example_branch_dop_operator_v3' retrieved from /home/sst7260/airflow_projects/project1/env/lib/python3.10/site-packages/airflow/example_dags/example_branch_python_dop_operator_3.py
[2024-09-09T21:02:09.399+0530] {logging_mixin.py:190} INFO - [2024-09-09T21:02:09.399+0530] {dag.py:3229} INFO - Sync 1 DAGs
[2024-09-09T21:02:09.415+0530] {logging_mixin.py:190} INFO - [2024-09-09T21:02:09.415+0530] {dag.py:4156} INFO - Setting next_dagrun for example_branch_dop_operator_v3 to 2024-09-09 15:31:00+00:00, run_after=2024-09-09 15:32:00+00:00
[2024-09-09T21:02:09.440+0530] {processor.py:208} INFO - Processing /home/sst7260/airflow_projects/project1/env/lib/python3.10/site-packages/airflow/example_dags/example_branch_python_dop_operator_3.py took 0.064 seconds
[2024-09-09T21:03:31.566+0530] {processor.py:186} INFO - Started process (PID=131518) to work on /home/sst7260/airflow_projects/project1/env/lib/python3.10/site-packages/airflow/example_dags/example_branch_python_dop_operator_3.py
[2024-09-09T21:03:31.570+0530] {processor.py:914} INFO - Processing file /home/sst7260/airflow_projects/project1/env/lib/python3.10/site-packages/airflow/example_dags/example_branch_python_dop_operator_3.py for tasks to queue
[2024-09-09T21:03:31.572+0530] {logging_mixin.py:190} INFO - [2024-09-09T21:03:31.572+0530] {dagbag.py:587} INFO - Filling up the DagBag from /home/sst7260/airflow_projects/project1/env/lib/python3.10/site-packages/airflow/example_dags/example_branch_python_dop_operator_3.py
[2024-09-09T21:03:31.581+0530] {processor.py:925} INFO - DAG(s) 'example_branch_dop_operator_v3' retrieved from /home/sst7260/airflow_projects/project1/env/lib/python3.10/site-packages/airflow/example_dags/example_branch_python_dop_operator_3.py
[2024-09-09T21:03:31.592+0530] {logging_mixin.py:190} INFO - [2024-09-09T21:03:31.592+0530] {dag.py:3229} INFO - Sync 1 DAGs
[2024-09-09T21:03:31.608+0530] {logging_mixin.py:190} INFO - [2024-09-09T21:03:31.608+0530] {dag.py:4156} INFO - Setting next_dagrun for example_branch_dop_operator_v3 to 2024-09-09 15:32:00+00:00, run_after=2024-09-09 15:33:00+00:00
[2024-09-09T21:03:31.630+0530] {processor.py:208} INFO - Processing /home/sst7260/airflow_projects/project1/env/lib/python3.10/site-packages/airflow/example_dags/example_branch_python_dop_operator_3.py took 0.069 seconds
[2024-09-09T21:04:27.326+0530] {processor.py:186} INFO - Started process (PID=131583) to work on /home/sst7260/airflow_projects/project1/env/lib/python3.10/site-packages/airflow/example_dags/example_branch_python_dop_operator_3.py
[2024-09-09T21:04:27.328+0530] {processor.py:914} INFO - Processing file /home/sst7260/airflow_projects/project1/env/lib/python3.10/site-packages/airflow/example_dags/example_branch_python_dop_operator_3.py for tasks to queue
[2024-09-09T21:04:27.331+0530] {logging_mixin.py:190} INFO - [2024-09-09T21:04:27.330+0530] {dagbag.py:587} INFO - Filling up the DagBag from /home/sst7260/airflow_projects/project1/env/lib/python3.10/site-packages/airflow/example_dags/example_branch_python_dop_operator_3.py
[2024-09-09T21:04:27.350+0530] {processor.py:925} INFO - DAG(s) 'example_branch_dop_operator_v3' retrieved from /home/sst7260/airflow_projects/project1/env/lib/python3.10/site-packages/airflow/example_dags/example_branch_python_dop_operator_3.py
[2024-09-09T21:04:27.371+0530] {logging_mixin.py:190} INFO - [2024-09-09T21:04:27.371+0530] {dag.py:3229} INFO - Sync 1 DAGs
[2024-09-09T21:04:27.396+0530] {logging_mixin.py:190} INFO - [2024-09-09T21:04:27.396+0530] {dag.py:4156} INFO - Setting next_dagrun for example_branch_dop_operator_v3 to 2024-09-09 15:33:00+00:00, run_after=2024-09-09 15:34:00+00:00
[2024-09-09T21:04:27.424+0530] {processor.py:208} INFO - Processing /home/sst7260/airflow_projects/project1/env/lib/python3.10/site-packages/airflow/example_dags/example_branch_python_dop_operator_3.py took 0.111 seconds
[2024-09-09T21:05:25.017+0530] {processor.py:186} INFO - Started process (PID=131809) to work on /home/sst7260/airflow_projects/project1/env/lib/python3.10/site-packages/airflow/example_dags/example_branch_python_dop_operator_3.py
[2024-09-09T21:05:25.019+0530] {processor.py:914} INFO - Processing file /home/sst7260/airflow_projects/project1/env/lib/python3.10/site-packages/airflow/example_dags/example_branch_python_dop_operator_3.py for tasks to queue
[2024-09-09T21:05:25.020+0530] {logging_mixin.py:190} INFO - [2024-09-09T21:05:25.019+0530] {dagbag.py:587} INFO - Filling up the DagBag from /home/sst7260/airflow_projects/project1/env/lib/python3.10/site-packages/airflow/example_dags/example_branch_python_dop_operator_3.py
[2024-09-09T21:05:25.027+0530] {processor.py:925} INFO - DAG(s) 'example_branch_dop_operator_v3' retrieved from /home/sst7260/airflow_projects/project1/env/lib/python3.10/site-packages/airflow/example_dags/example_branch_python_dop_operator_3.py
[2024-09-09T21:05:25.038+0530] {logging_mixin.py:190} INFO - [2024-09-09T21:05:25.038+0530] {dag.py:3229} INFO - Sync 1 DAGs
[2024-09-09T21:05:25.054+0530] {logging_mixin.py:190} INFO - [2024-09-09T21:05:25.054+0530] {dag.py:4156} INFO - Setting next_dagrun for example_branch_dop_operator_v3 to 2024-09-09 15:34:00+00:00, run_after=2024-09-09 15:35:00+00:00
[2024-09-09T21:05:25.075+0530] {processor.py:208} INFO - Processing /home/sst7260/airflow_projects/project1/env/lib/python3.10/site-packages/airflow/example_dags/example_branch_python_dop_operator_3.py took 0.061 seconds
[2024-09-09T21:06:20.554+0530] {processor.py:186} INFO - Started process (PID=131902) to work on /home/sst7260/airflow_projects/project1/env/lib/python3.10/site-packages/airflow/example_dags/example_branch_python_dop_operator_3.py
[2024-09-09T21:06:20.556+0530] {processor.py:914} INFO - Processing file /home/sst7260/airflow_projects/project1/env/lib/python3.10/site-packages/airflow/example_dags/example_branch_python_dop_operator_3.py for tasks to queue
[2024-09-09T21:06:20.557+0530] {logging_mixin.py:190} INFO - [2024-09-09T21:06:20.556+0530] {dagbag.py:587} INFO - Filling up the DagBag from /home/sst7260/airflow_projects/project1/env/lib/python3.10/site-packages/airflow/example_dags/example_branch_python_dop_operator_3.py
[2024-09-09T21:06:20.564+0530] {processor.py:925} INFO - DAG(s) 'example_branch_dop_operator_v3' retrieved from /home/sst7260/airflow_projects/project1/env/lib/python3.10/site-packages/airflow/example_dags/example_branch_python_dop_operator_3.py
[2024-09-09T21:06:20.575+0530] {logging_mixin.py:190} INFO - [2024-09-09T21:06:20.575+0530] {dag.py:3229} INFO - Sync 1 DAGs
[2024-09-09T21:06:20.589+0530] {logging_mixin.py:190} INFO - [2024-09-09T21:06:20.589+0530] {dag.py:4156} INFO - Setting next_dagrun for example_branch_dop_operator_v3 to 2024-09-09 15:35:00+00:00, run_after=2024-09-09 15:36:00+00:00
[2024-09-09T21:06:20.616+0530] {processor.py:208} INFO - Processing /home/sst7260/airflow_projects/project1/env/lib/python3.10/site-packages/airflow/example_dags/example_branch_python_dop_operator_3.py took 0.067 seconds
[2024-09-09T21:07:41.250+0530] {processor.py:186} INFO - Started process (PID=132003) to work on /home/sst7260/airflow_projects/project1/env/lib/python3.10/site-packages/airflow/example_dags/example_branch_python_dop_operator_3.py
[2024-09-09T21:07:41.255+0530] {processor.py:914} INFO - Processing file /home/sst7260/airflow_projects/project1/env/lib/python3.10/site-packages/airflow/example_dags/example_branch_python_dop_operator_3.py for tasks to queue
[2024-09-09T21:07:41.256+0530] {logging_mixin.py:190} INFO - [2024-09-09T21:07:41.255+0530] {dagbag.py:587} INFO - Filling up the DagBag from /home/sst7260/airflow_projects/project1/env/lib/python3.10/site-packages/airflow/example_dags/example_branch_python_dop_operator_3.py
[2024-09-09T21:07:41.264+0530] {processor.py:925} INFO - DAG(s) 'example_branch_dop_operator_v3' retrieved from /home/sst7260/airflow_projects/project1/env/lib/python3.10/site-packages/airflow/example_dags/example_branch_python_dop_operator_3.py
[2024-09-09T21:07:41.274+0530] {logging_mixin.py:190} INFO - [2024-09-09T21:07:41.274+0530] {dag.py:3229} INFO - Sync 1 DAGs
[2024-09-09T21:07:41.288+0530] {logging_mixin.py:190} INFO - [2024-09-09T21:07:41.288+0530] {dag.py:4156} INFO - Setting next_dagrun for example_branch_dop_operator_v3 to 2024-09-09 15:36:00+00:00, run_after=2024-09-09 15:37:00+00:00
[2024-09-09T21:07:41.310+0530] {processor.py:208} INFO - Processing /home/sst7260/airflow_projects/project1/env/lib/python3.10/site-packages/airflow/example_dags/example_branch_python_dop_operator_3.py took 0.065 seconds
[2024-09-09T21:09:01.723+0530] {processor.py:186} INFO - Started process (PID=132100) to work on /home/sst7260/airflow_projects/project1/env/lib/python3.10/site-packages/airflow/example_dags/example_branch_python_dop_operator_3.py
[2024-09-09T21:09:01.724+0530] {processor.py:914} INFO - Processing file /home/sst7260/airflow_projects/project1/env/lib/python3.10/site-packages/airflow/example_dags/example_branch_python_dop_operator_3.py for tasks to queue
[2024-09-09T21:09:01.725+0530] {logging_mixin.py:190} INFO - [2024-09-09T21:09:01.725+0530] {dagbag.py:587} INFO - Filling up the DagBag from /home/sst7260/airflow_projects/project1/env/lib/python3.10/site-packages/airflow/example_dags/example_branch_python_dop_operator_3.py
[2024-09-09T21:09:01.733+0530] {processor.py:925} INFO - DAG(s) 'example_branch_dop_operator_v3' retrieved from /home/sst7260/airflow_projects/project1/env/lib/python3.10/site-packages/airflow/example_dags/example_branch_python_dop_operator_3.py
[2024-09-09T21:09:01.745+0530] {logging_mixin.py:190} INFO - [2024-09-09T21:09:01.745+0530] {dag.py:3229} INFO - Sync 1 DAGs
[2024-09-09T21:09:01.762+0530] {logging_mixin.py:190} INFO - [2024-09-09T21:09:01.762+0530] {dag.py:4156} INFO - Setting next_dagrun for example_branch_dop_operator_v3 to 2024-09-09 15:38:00+00:00, run_after=2024-09-09 15:39:00+00:00
[2024-09-09T21:09:01.783+0530] {processor.py:208} INFO - Processing /home/sst7260/airflow_projects/project1/env/lib/python3.10/site-packages/airflow/example_dags/example_branch_python_dop_operator_3.py took 0.065 seconds
[2024-09-09T21:09:57.563+0530] {processor.py:186} INFO - Started process (PID=132166) to work on /home/sst7260/airflow_projects/project1/env/lib/python3.10/site-packages/airflow/example_dags/example_branch_python_dop_operator_3.py
[2024-09-09T21:09:57.568+0530] {processor.py:914} INFO - Processing file /home/sst7260/airflow_projects/project1/env/lib/python3.10/site-packages/airflow/example_dags/example_branch_python_dop_operator_3.py for tasks to queue
[2024-09-09T21:09:57.569+0530] {logging_mixin.py:190} INFO - [2024-09-09T21:09:57.569+0530] {dagbag.py:587} INFO - Filling up the DagBag from /home/sst7260/airflow_projects/project1/env/lib/python3.10/site-packages/airflow/example_dags/example_branch_python_dop_operator_3.py
[2024-09-09T21:09:57.576+0530] {processor.py:925} INFO - DAG(s) 'example_branch_dop_operator_v3' retrieved from /home/sst7260/airflow_projects/project1/env/lib/python3.10/site-packages/airflow/example_dags/example_branch_python_dop_operator_3.py
[2024-09-09T21:09:57.586+0530] {logging_mixin.py:190} INFO - [2024-09-09T21:09:57.586+0530] {dag.py:3229} INFO - Sync 1 DAGs
[2024-09-09T21:09:57.602+0530] {logging_mixin.py:190} INFO - [2024-09-09T21:09:57.601+0530] {dag.py:4156} INFO - Setting next_dagrun for example_branch_dop_operator_v3 to 2024-09-09 15:38:00+00:00, run_after=2024-09-09 15:39:00+00:00
[2024-09-09T21:09:57.624+0530] {processor.py:208} INFO - Processing /home/sst7260/airflow_projects/project1/env/lib/python3.10/site-packages/airflow/example_dags/example_branch_python_dop_operator_3.py took 0.065 seconds
[2024-09-09T21:11:15.574+0530] {processor.py:186} INFO - Started process (PID=132289) to work on /home/sst7260/airflow_projects/project1/env/lib/python3.10/site-packages/airflow/example_dags/example_branch_python_dop_operator_3.py
[2024-09-09T21:11:15.576+0530] {processor.py:914} INFO - Processing file /home/sst7260/airflow_projects/project1/env/lib/python3.10/site-packages/airflow/example_dags/example_branch_python_dop_operator_3.py for tasks to queue
[2024-09-09T21:11:15.577+0530] {logging_mixin.py:190} INFO - [2024-09-09T21:11:15.577+0530] {dagbag.py:587} INFO - Filling up the DagBag from /home/sst7260/airflow_projects/project1/env/lib/python3.10/site-packages/airflow/example_dags/example_branch_python_dop_operator_3.py
[2024-09-09T21:11:15.591+0530] {processor.py:925} INFO - DAG(s) 'example_branch_dop_operator_v3' retrieved from /home/sst7260/airflow_projects/project1/env/lib/python3.10/site-packages/airflow/example_dags/example_branch_python_dop_operator_3.py
[2024-09-09T21:11:15.606+0530] {logging_mixin.py:190} INFO - [2024-09-09T21:11:15.606+0530] {dag.py:3229} INFO - Sync 1 DAGs
[2024-09-09T21:11:15.624+0530] {logging_mixin.py:190} INFO - [2024-09-09T21:11:15.624+0530] {dag.py:4156} INFO - Setting next_dagrun for example_branch_dop_operator_v3 to 2024-09-09 15:40:00+00:00, run_after=2024-09-09 15:41:00+00:00
[2024-09-09T21:11:15.651+0530] {processor.py:208} INFO - Processing /home/sst7260/airflow_projects/project1/env/lib/python3.10/site-packages/airflow/example_dags/example_branch_python_dop_operator_3.py took 0.083 seconds
[2024-09-09T21:12:10.943+0530] {processor.py:186} INFO - Started process (PID=132356) to work on /home/sst7260/airflow_projects/project1/env/lib/python3.10/site-packages/airflow/example_dags/example_branch_python_dop_operator_3.py
[2024-09-09T21:12:10.945+0530] {processor.py:914} INFO - Processing file /home/sst7260/airflow_projects/project1/env/lib/python3.10/site-packages/airflow/example_dags/example_branch_python_dop_operator_3.py for tasks to queue
[2024-09-09T21:12:10.946+0530] {logging_mixin.py:190} INFO - [2024-09-09T21:12:10.946+0530] {dagbag.py:587} INFO - Filling up the DagBag from /home/sst7260/airflow_projects/project1/env/lib/python3.10/site-packages/airflow/example_dags/example_branch_python_dop_operator_3.py
[2024-09-09T21:12:10.952+0530] {processor.py:925} INFO - DAG(s) 'example_branch_dop_operator_v3' retrieved from /home/sst7260/airflow_projects/project1/env/lib/python3.10/site-packages/airflow/example_dags/example_branch_python_dop_operator_3.py
[2024-09-09T21:12:10.962+0530] {logging_mixin.py:190} INFO - [2024-09-09T21:12:10.962+0530] {dag.py:3229} INFO - Sync 1 DAGs
[2024-09-09T21:12:10.977+0530] {logging_mixin.py:190} INFO - [2024-09-09T21:12:10.976+0530] {dag.py:4156} INFO - Setting next_dagrun for example_branch_dop_operator_v3 to 2024-09-09 15:41:00+00:00, run_after=2024-09-09 15:42:00+00:00
[2024-09-09T21:12:11.004+0530] {processor.py:208} INFO - Processing /home/sst7260/airflow_projects/project1/env/lib/python3.10/site-packages/airflow/example_dags/example_branch_python_dop_operator_3.py took 0.066 seconds
[2024-09-09T21:13:32.276+0530] {processor.py:186} INFO - Started process (PID=132453) to work on /home/sst7260/airflow_projects/project1/env/lib/python3.10/site-packages/airflow/example_dags/example_branch_python_dop_operator_3.py
[2024-09-09T21:13:32.277+0530] {processor.py:914} INFO - Processing file /home/sst7260/airflow_projects/project1/env/lib/python3.10/site-packages/airflow/example_dags/example_branch_python_dop_operator_3.py for tasks to queue
[2024-09-09T21:13:32.278+0530] {logging_mixin.py:190} INFO - [2024-09-09T21:13:32.277+0530] {dagbag.py:587} INFO - Filling up the DagBag from /home/sst7260/airflow_projects/project1/env/lib/python3.10/site-packages/airflow/example_dags/example_branch_python_dop_operator_3.py
[2024-09-09T21:13:32.284+0530] {processor.py:925} INFO - DAG(s) 'example_branch_dop_operator_v3' retrieved from /home/sst7260/airflow_projects/project1/env/lib/python3.10/site-packages/airflow/example_dags/example_branch_python_dop_operator_3.py
[2024-09-09T21:13:32.295+0530] {logging_mixin.py:190} INFO - [2024-09-09T21:13:32.295+0530] {dag.py:3229} INFO - Sync 1 DAGs
[2024-09-09T21:13:32.309+0530] {logging_mixin.py:190} INFO - [2024-09-09T21:13:32.309+0530] {dag.py:4156} INFO - Setting next_dagrun for example_branch_dop_operator_v3 to 2024-09-09 15:42:00+00:00, run_after=2024-09-09 15:43:00+00:00
[2024-09-09T21:13:32.330+0530] {processor.py:208} INFO - Processing /home/sst7260/airflow_projects/project1/env/lib/python3.10/site-packages/airflow/example_dags/example_branch_python_dop_operator_3.py took 0.059 seconds
[2024-09-09T21:14:28.174+0530] {processor.py:186} INFO - Started process (PID=132516) to work on /home/sst7260/airflow_projects/project1/env/lib/python3.10/site-packages/airflow/example_dags/example_branch_python_dop_operator_3.py
[2024-09-09T21:14:28.177+0530] {processor.py:914} INFO - Processing file /home/sst7260/airflow_projects/project1/env/lib/python3.10/site-packages/airflow/example_dags/example_branch_python_dop_operator_3.py for tasks to queue
[2024-09-09T21:14:28.178+0530] {logging_mixin.py:190} INFO - [2024-09-09T21:14:28.178+0530] {dagbag.py:587} INFO - Filling up the DagBag from /home/sst7260/airflow_projects/project1/env/lib/python3.10/site-packages/airflow/example_dags/example_branch_python_dop_operator_3.py
[2024-09-09T21:14:28.187+0530] {processor.py:925} INFO - DAG(s) 'example_branch_dop_operator_v3' retrieved from /home/sst7260/airflow_projects/project1/env/lib/python3.10/site-packages/airflow/example_dags/example_branch_python_dop_operator_3.py
[2024-09-09T21:14:28.196+0530] {logging_mixin.py:190} INFO - [2024-09-09T21:14:28.196+0530] {dag.py:3229} INFO - Sync 1 DAGs
[2024-09-09T21:14:28.210+0530] {logging_mixin.py:190} INFO - [2024-09-09T21:14:28.210+0530] {dag.py:4156} INFO - Setting next_dagrun for example_branch_dop_operator_v3 to 2024-09-09 15:43:00+00:00, run_after=2024-09-09 15:44:00+00:00
[2024-09-09T21:14:28.234+0530] {processor.py:208} INFO - Processing /home/sst7260/airflow_projects/project1/env/lib/python3.10/site-packages/airflow/example_dags/example_branch_python_dop_operator_3.py took 0.063 seconds
[2024-09-09T21:15:26.655+0530] {processor.py:186} INFO - Started process (PID=132647) to work on /home/sst7260/airflow_projects/project1/env/lib/python3.10/site-packages/airflow/example_dags/example_branch_python_dop_operator_3.py
[2024-09-09T21:15:26.657+0530] {processor.py:914} INFO - Processing file /home/sst7260/airflow_projects/project1/env/lib/python3.10/site-packages/airflow/example_dags/example_branch_python_dop_operator_3.py for tasks to queue
[2024-09-09T21:15:26.658+0530] {logging_mixin.py:190} INFO - [2024-09-09T21:15:26.657+0530] {dagbag.py:587} INFO - Filling up the DagBag from /home/sst7260/airflow_projects/project1/env/lib/python3.10/site-packages/airflow/example_dags/example_branch_python_dop_operator_3.py
[2024-09-09T21:15:26.666+0530] {processor.py:925} INFO - DAG(s) 'example_branch_dop_operator_v3' retrieved from /home/sst7260/airflow_projects/project1/env/lib/python3.10/site-packages/airflow/example_dags/example_branch_python_dop_operator_3.py
[2024-09-09T21:15:26.675+0530] {logging_mixin.py:190} INFO - [2024-09-09T21:15:26.675+0530] {dag.py:3229} INFO - Sync 1 DAGs
[2024-09-09T21:15:26.692+0530] {logging_mixin.py:190} INFO - [2024-09-09T21:15:26.692+0530] {dag.py:4156} INFO - Setting next_dagrun for example_branch_dop_operator_v3 to 2024-09-09 15:44:00+00:00, run_after=2024-09-09 15:45:00+00:00
[2024-09-09T21:15:26.718+0530] {processor.py:208} INFO - Processing /home/sst7260/airflow_projects/project1/env/lib/python3.10/site-packages/airflow/example_dags/example_branch_python_dop_operator_3.py took 0.067 seconds
[2024-09-09T21:16:24.274+0530] {processor.py:186} INFO - Started process (PID=132741) to work on /home/sst7260/airflow_projects/project1/env/lib/python3.10/site-packages/airflow/example_dags/example_branch_python_dop_operator_3.py
[2024-09-09T21:16:24.276+0530] {processor.py:914} INFO - Processing file /home/sst7260/airflow_projects/project1/env/lib/python3.10/site-packages/airflow/example_dags/example_branch_python_dop_operator_3.py for tasks to queue
[2024-09-09T21:16:24.277+0530] {logging_mixin.py:190} INFO - [2024-09-09T21:16:24.277+0530] {dagbag.py:587} INFO - Filling up the DagBag from /home/sst7260/airflow_projects/project1/env/lib/python3.10/site-packages/airflow/example_dags/example_branch_python_dop_operator_3.py
[2024-09-09T21:16:24.284+0530] {processor.py:925} INFO - DAG(s) 'example_branch_dop_operator_v3' retrieved from /home/sst7260/airflow_projects/project1/env/lib/python3.10/site-packages/airflow/example_dags/example_branch_python_dop_operator_3.py
[2024-09-09T21:16:24.297+0530] {logging_mixin.py:190} INFO - [2024-09-09T21:16:24.297+0530] {dag.py:3229} INFO - Sync 1 DAGs
[2024-09-09T21:16:24.312+0530] {logging_mixin.py:190} INFO - [2024-09-09T21:16:24.312+0530] {dag.py:4156} INFO - Setting next_dagrun for example_branch_dop_operator_v3 to 2024-09-09 15:45:00+00:00, run_after=2024-09-09 15:46:00+00:00
[2024-09-09T21:16:24.336+0530] {processor.py:208} INFO - Processing /home/sst7260/airflow_projects/project1/env/lib/python3.10/site-packages/airflow/example_dags/example_branch_python_dop_operator_3.py took 0.066 seconds
[2024-09-09T21:17:19.978+0530] {processor.py:186} INFO - Started process (PID=132818) to work on /home/sst7260/airflow_projects/project1/env/lib/python3.10/site-packages/airflow/example_dags/example_branch_python_dop_operator_3.py
[2024-09-09T21:17:19.979+0530] {processor.py:914} INFO - Processing file /home/sst7260/airflow_projects/project1/env/lib/python3.10/site-packages/airflow/example_dags/example_branch_python_dop_operator_3.py for tasks to queue
[2024-09-09T21:17:19.980+0530] {logging_mixin.py:190} INFO - [2024-09-09T21:17:19.980+0530] {dagbag.py:587} INFO - Filling up the DagBag from /home/sst7260/airflow_projects/project1/env/lib/python3.10/site-packages/airflow/example_dags/example_branch_python_dop_operator_3.py
[2024-09-09T21:17:19.989+0530] {processor.py:925} INFO - DAG(s) 'example_branch_dop_operator_v3' retrieved from /home/sst7260/airflow_projects/project1/env/lib/python3.10/site-packages/airflow/example_dags/example_branch_python_dop_operator_3.py
[2024-09-09T21:17:19.998+0530] {logging_mixin.py:190} INFO - [2024-09-09T21:17:19.998+0530] {dag.py:3229} INFO - Sync 1 DAGs
[2024-09-09T21:17:20.013+0530] {logging_mixin.py:190} INFO - [2024-09-09T21:17:20.013+0530] {dag.py:4156} INFO - Setting next_dagrun for example_branch_dop_operator_v3 to 2024-09-09 15:46:00+00:00, run_after=2024-09-09 15:47:00+00:00
[2024-09-09T21:17:20.038+0530] {processor.py:208} INFO - Processing /home/sst7260/airflow_projects/project1/env/lib/python3.10/site-packages/airflow/example_dags/example_branch_python_dop_operator_3.py took 0.064 seconds
[2024-09-09T21:18:42.661+0530] {processor.py:186} INFO - Started process (PID=132912) to work on /home/sst7260/airflow_projects/project1/env/lib/python3.10/site-packages/airflow/example_dags/example_branch_python_dop_operator_3.py
[2024-09-09T21:18:42.662+0530] {processor.py:914} INFO - Processing file /home/sst7260/airflow_projects/project1/env/lib/python3.10/site-packages/airflow/example_dags/example_branch_python_dop_operator_3.py for tasks to queue
[2024-09-09T21:18:42.663+0530] {logging_mixin.py:190} INFO - [2024-09-09T21:18:42.663+0530] {dagbag.py:587} INFO - Filling up the DagBag from /home/sst7260/airflow_projects/project1/env/lib/python3.10/site-packages/airflow/example_dags/example_branch_python_dop_operator_3.py
[2024-09-09T21:18:42.671+0530] {processor.py:925} INFO - DAG(s) 'example_branch_dop_operator_v3' retrieved from /home/sst7260/airflow_projects/project1/env/lib/python3.10/site-packages/airflow/example_dags/example_branch_python_dop_operator_3.py
[2024-09-09T21:18:42.680+0530] {logging_mixin.py:190} INFO - [2024-09-09T21:18:42.680+0530] {dag.py:3229} INFO - Sync 1 DAGs
[2024-09-09T21:18:42.699+0530] {logging_mixin.py:190} INFO - [2024-09-09T21:18:42.698+0530] {dag.py:4156} INFO - Setting next_dagrun for example_branch_dop_operator_v3 to 2024-09-09 15:47:00+00:00, run_after=2024-09-09 15:48:00+00:00
[2024-09-09T21:18:42.723+0530] {processor.py:208} INFO - Processing /home/sst7260/airflow_projects/project1/env/lib/python3.10/site-packages/airflow/example_dags/example_branch_python_dop_operator_3.py took 0.066 seconds
[2024-09-09T21:19:38.255+0530] {processor.py:186} INFO - Started process (PID=132982) to work on /home/sst7260/airflow_projects/project1/env/lib/python3.10/site-packages/airflow/example_dags/example_branch_python_dop_operator_3.py
[2024-09-09T21:19:38.256+0530] {processor.py:914} INFO - Processing file /home/sst7260/airflow_projects/project1/env/lib/python3.10/site-packages/airflow/example_dags/example_branch_python_dop_operator_3.py for tasks to queue
[2024-09-09T21:19:38.257+0530] {logging_mixin.py:190} INFO - [2024-09-09T21:19:38.257+0530] {dagbag.py:587} INFO - Filling up the DagBag from /home/sst7260/airflow_projects/project1/env/lib/python3.10/site-packages/airflow/example_dags/example_branch_python_dop_operator_3.py
[2024-09-09T21:19:38.264+0530] {processor.py:925} INFO - DAG(s) 'example_branch_dop_operator_v3' retrieved from /home/sst7260/airflow_projects/project1/env/lib/python3.10/site-packages/airflow/example_dags/example_branch_python_dop_operator_3.py
[2024-09-09T21:19:38.273+0530] {logging_mixin.py:190} INFO - [2024-09-09T21:19:38.273+0530] {dag.py:3229} INFO - Sync 1 DAGs
[2024-09-09T21:19:38.288+0530] {logging_mixin.py:190} INFO - [2024-09-09T21:19:38.287+0530] {dag.py:4156} INFO - Setting next_dagrun for example_branch_dop_operator_v3 to 2024-09-09 15:48:00+00:00, run_after=2024-09-09 15:49:00+00:00
[2024-09-09T21:19:38.312+0530] {processor.py:208} INFO - Processing /home/sst7260/airflow_projects/project1/env/lib/python3.10/site-packages/airflow/example_dags/example_branch_python_dop_operator_3.py took 0.062 seconds
[2024-09-09T21:21:00.875+0530] {processor.py:186} INFO - Started process (PID=133165) to work on /home/sst7260/airflow_projects/project1/env/lib/python3.10/site-packages/airflow/example_dags/example_branch_python_dop_operator_3.py
[2024-09-09T21:21:00.877+0530] {processor.py:914} INFO - Processing file /home/sst7260/airflow_projects/project1/env/lib/python3.10/site-packages/airflow/example_dags/example_branch_python_dop_operator_3.py for tasks to queue
[2024-09-09T21:21:00.878+0530] {logging_mixin.py:190} INFO - [2024-09-09T21:21:00.878+0530] {dagbag.py:587} INFO - Filling up the DagBag from /home/sst7260/airflow_projects/project1/env/lib/python3.10/site-packages/airflow/example_dags/example_branch_python_dop_operator_3.py
[2024-09-09T21:21:00.891+0530] {processor.py:925} INFO - DAG(s) 'example_branch_dop_operator_v3' retrieved from /home/sst7260/airflow_projects/project1/env/lib/python3.10/site-packages/airflow/example_dags/example_branch_python_dop_operator_3.py
[2024-09-09T21:21:00.908+0530] {logging_mixin.py:190} INFO - [2024-09-09T21:21:00.908+0530] {dag.py:3229} INFO - Sync 1 DAGs
[2024-09-09T21:21:00.925+0530] {logging_mixin.py:190} INFO - [2024-09-09T21:21:00.925+0530] {dag.py:4156} INFO - Setting next_dagrun for example_branch_dop_operator_v3 to 2024-09-09 15:50:00+00:00, run_after=2024-09-09 15:51:00+00:00
[2024-09-09T21:21:00.948+0530] {processor.py:208} INFO - Processing /home/sst7260/airflow_projects/project1/env/lib/python3.10/site-packages/airflow/example_dags/example_branch_python_dop_operator_3.py took 0.080 seconds
[2024-09-09T21:21:55.839+0530] {processor.py:186} INFO - Started process (PID=133234) to work on /home/sst7260/airflow_projects/project1/env/lib/python3.10/site-packages/airflow/example_dags/example_branch_python_dop_operator_3.py
[2024-09-09T21:21:55.840+0530] {processor.py:914} INFO - Processing file /home/sst7260/airflow_projects/project1/env/lib/python3.10/site-packages/airflow/example_dags/example_branch_python_dop_operator_3.py for tasks to queue
[2024-09-09T21:21:55.841+0530] {logging_mixin.py:190} INFO - [2024-09-09T21:21:55.841+0530] {dagbag.py:587} INFO - Filling up the DagBag from /home/sst7260/airflow_projects/project1/env/lib/python3.10/site-packages/airflow/example_dags/example_branch_python_dop_operator_3.py
[2024-09-09T21:21:55.848+0530] {processor.py:925} INFO - DAG(s) 'example_branch_dop_operator_v3' retrieved from /home/sst7260/airflow_projects/project1/env/lib/python3.10/site-packages/airflow/example_dags/example_branch_python_dop_operator_3.py
[2024-09-09T21:21:55.857+0530] {logging_mixin.py:190} INFO - [2024-09-09T21:21:55.857+0530] {dag.py:3229} INFO - Sync 1 DAGs
[2024-09-09T21:21:55.873+0530] {logging_mixin.py:190} INFO - [2024-09-09T21:21:55.873+0530] {dag.py:4156} INFO - Setting next_dagrun for example_branch_dop_operator_v3 to 2024-09-09 15:50:00+00:00, run_after=2024-09-09 15:51:00+00:00
[2024-09-09T21:21:55.897+0530] {processor.py:208} INFO - Processing /home/sst7260/airflow_projects/project1/env/lib/python3.10/site-packages/airflow/example_dags/example_branch_python_dop_operator_3.py took 0.062 seconds
[2024-09-09T21:23:13.270+0530] {processor.py:186} INFO - Started process (PID=133327) to work on /home/sst7260/airflow_projects/project1/env/lib/python3.10/site-packages/airflow/example_dags/example_branch_python_dop_operator_3.py
[2024-09-09T21:23:13.273+0530] {processor.py:914} INFO - Processing file /home/sst7260/airflow_projects/project1/env/lib/python3.10/site-packages/airflow/example_dags/example_branch_python_dop_operator_3.py for tasks to queue
[2024-09-09T21:23:13.273+0530] {logging_mixin.py:190} INFO - [2024-09-09T21:23:13.273+0530] {dagbag.py:587} INFO - Filling up the DagBag from /home/sst7260/airflow_projects/project1/env/lib/python3.10/site-packages/airflow/example_dags/example_branch_python_dop_operator_3.py
[2024-09-09T21:23:13.281+0530] {processor.py:925} INFO - DAG(s) 'example_branch_dop_operator_v3' retrieved from /home/sst7260/airflow_projects/project1/env/lib/python3.10/site-packages/airflow/example_dags/example_branch_python_dop_operator_3.py
[2024-09-09T21:23:13.290+0530] {logging_mixin.py:190} INFO - [2024-09-09T21:23:13.290+0530] {dag.py:3229} INFO - Sync 1 DAGs
[2024-09-09T21:23:13.304+0530] {logging_mixin.py:190} INFO - [2024-09-09T21:23:13.304+0530] {dag.py:4156} INFO - Setting next_dagrun for example_branch_dop_operator_v3 to 2024-09-09 15:52:00+00:00, run_after=2024-09-09 15:53:00+00:00
[2024-09-09T21:23:13.328+0530] {processor.py:208} INFO - Processing /home/sst7260/airflow_projects/project1/env/lib/python3.10/site-packages/airflow/example_dags/example_branch_python_dop_operator_3.py took 0.062 seconds
[2024-09-09T21:24:09.987+0530] {processor.py:186} INFO - Started process (PID=133390) to work on /home/sst7260/airflow_projects/project1/env/lib/python3.10/site-packages/airflow/example_dags/example_branch_python_dop_operator_3.py
[2024-09-09T21:24:09.988+0530] {processor.py:914} INFO - Processing file /home/sst7260/airflow_projects/project1/env/lib/python3.10/site-packages/airflow/example_dags/example_branch_python_dop_operator_3.py for tasks to queue
[2024-09-09T21:24:09.989+0530] {logging_mixin.py:190} INFO - [2024-09-09T21:24:09.989+0530] {dagbag.py:587} INFO - Filling up the DagBag from /home/sst7260/airflow_projects/project1/env/lib/python3.10/site-packages/airflow/example_dags/example_branch_python_dop_operator_3.py
[2024-09-09T21:24:09.998+0530] {processor.py:925} INFO - DAG(s) 'example_branch_dop_operator_v3' retrieved from /home/sst7260/airflow_projects/project1/env/lib/python3.10/site-packages/airflow/example_dags/example_branch_python_dop_operator_3.py
[2024-09-09T21:24:10.007+0530] {logging_mixin.py:190} INFO - [2024-09-09T21:24:10.007+0530] {dag.py:3229} INFO - Sync 1 DAGs
[2024-09-09T21:24:10.021+0530] {logging_mixin.py:190} INFO - [2024-09-09T21:24:10.021+0530] {dag.py:4156} INFO - Setting next_dagrun for example_branch_dop_operator_v3 to 2024-09-09 15:53:00+00:00, run_after=2024-09-09 15:54:00+00:00
[2024-09-09T21:24:10.046+0530] {processor.py:208} INFO - Processing /home/sst7260/airflow_projects/project1/env/lib/python3.10/site-packages/airflow/example_dags/example_branch_python_dop_operator_3.py took 0.063 seconds
[2024-09-09T21:25:08.045+0530] {processor.py:186} INFO - Started process (PID=133461) to work on /home/sst7260/airflow_projects/project1/env/lib/python3.10/site-packages/airflow/example_dags/example_branch_python_dop_operator_3.py
[2024-09-09T21:25:08.046+0530] {processor.py:914} INFO - Processing file /home/sst7260/airflow_projects/project1/env/lib/python3.10/site-packages/airflow/example_dags/example_branch_python_dop_operator_3.py for tasks to queue
[2024-09-09T21:25:08.047+0530] {logging_mixin.py:190} INFO - [2024-09-09T21:25:08.047+0530] {dagbag.py:587} INFO - Filling up the DagBag from /home/sst7260/airflow_projects/project1/env/lib/python3.10/site-packages/airflow/example_dags/example_branch_python_dop_operator_3.py
[2024-09-09T21:25:08.054+0530] {processor.py:925} INFO - DAG(s) 'example_branch_dop_operator_v3' retrieved from /home/sst7260/airflow_projects/project1/env/lib/python3.10/site-packages/airflow/example_dags/example_branch_python_dop_operator_3.py
[2024-09-09T21:25:08.064+0530] {logging_mixin.py:190} INFO - [2024-09-09T21:25:08.064+0530] {dag.py:3229} INFO - Sync 1 DAGs
[2024-09-09T21:25:08.079+0530] {logging_mixin.py:190} INFO - [2024-09-09T21:25:08.079+0530] {dag.py:4156} INFO - Setting next_dagrun for example_branch_dop_operator_v3 to 2024-09-09 15:54:00+00:00, run_after=2024-09-09 15:55:00+00:00
[2024-09-09T21:25:08.104+0530] {processor.py:208} INFO - Processing /home/sst7260/airflow_projects/project1/env/lib/python3.10/site-packages/airflow/example_dags/example_branch_python_dop_operator_3.py took 0.066 seconds
[2024-09-09T21:26:04.606+0530] {processor.py:186} INFO - Started process (PID=133617) to work on /home/sst7260/airflow_projects/project1/env/lib/python3.10/site-packages/airflow/example_dags/example_branch_python_dop_operator_3.py
[2024-09-09T21:26:04.615+0530] {processor.py:914} INFO - Processing file /home/sst7260/airflow_projects/project1/env/lib/python3.10/site-packages/airflow/example_dags/example_branch_python_dop_operator_3.py for tasks to queue
[2024-09-09T21:26:04.616+0530] {logging_mixin.py:190} INFO - [2024-09-09T21:26:04.616+0530] {dagbag.py:587} INFO - Filling up the DagBag from /home/sst7260/airflow_projects/project1/env/lib/python3.10/site-packages/airflow/example_dags/example_branch_python_dop_operator_3.py
[2024-09-09T21:26:04.625+0530] {processor.py:925} INFO - DAG(s) 'example_branch_dop_operator_v3' retrieved from /home/sst7260/airflow_projects/project1/env/lib/python3.10/site-packages/airflow/example_dags/example_branch_python_dop_operator_3.py
[2024-09-09T21:26:04.634+0530] {logging_mixin.py:190} INFO - [2024-09-09T21:26:04.634+0530] {dag.py:3229} INFO - Sync 1 DAGs
[2024-09-09T21:26:04.648+0530] {logging_mixin.py:190} INFO - [2024-09-09T21:26:04.648+0530] {dag.py:4156} INFO - Setting next_dagrun for example_branch_dop_operator_v3 to 2024-09-09 15:55:00+00:00, run_after=2024-09-09 15:56:00+00:00
[2024-09-09T21:26:04.675+0530] {processor.py:208} INFO - Processing /home/sst7260/airflow_projects/project1/env/lib/python3.10/site-packages/airflow/example_dags/example_branch_python_dop_operator_3.py took 0.074 seconds
[2024-09-09T21:27:01.130+0530] {processor.py:186} INFO - Started process (PID=133682) to work on /home/sst7260/airflow_projects/project1/env/lib/python3.10/site-packages/airflow/example_dags/example_branch_python_dop_operator_3.py
[2024-09-09T21:27:01.139+0530] {processor.py:914} INFO - Processing file /home/sst7260/airflow_projects/project1/env/lib/python3.10/site-packages/airflow/example_dags/example_branch_python_dop_operator_3.py for tasks to queue
[2024-09-09T21:27:01.141+0530] {logging_mixin.py:190} INFO - [2024-09-09T21:27:01.140+0530] {dagbag.py:587} INFO - Filling up the DagBag from /home/sst7260/airflow_projects/project1/env/lib/python3.10/site-packages/airflow/example_dags/example_branch_python_dop_operator_3.py
[2024-09-09T21:27:01.150+0530] {processor.py:925} INFO - DAG(s) 'example_branch_dop_operator_v3' retrieved from /home/sst7260/airflow_projects/project1/env/lib/python3.10/site-packages/airflow/example_dags/example_branch_python_dop_operator_3.py
[2024-09-09T21:27:01.161+0530] {logging_mixin.py:190} INFO - [2024-09-09T21:27:01.160+0530] {dag.py:3229} INFO - Sync 1 DAGs
[2024-09-09T21:27:01.175+0530] {logging_mixin.py:190} INFO - [2024-09-09T21:27:01.175+0530] {dag.py:4156} INFO - Setting next_dagrun for example_branch_dop_operator_v3 to 2024-09-09 15:56:00+00:00, run_after=2024-09-09 15:57:00+00:00
[2024-09-09T21:27:01.198+0530] {processor.py:208} INFO - Processing /home/sst7260/airflow_projects/project1/env/lib/python3.10/site-packages/airflow/example_dags/example_branch_python_dop_operator_3.py took 0.074 seconds
[2024-09-09T21:27:57.093+0530] {processor.py:186} INFO - Started process (PID=133809) to work on /home/sst7260/airflow_projects/project1/env/lib/python3.10/site-packages/airflow/example_dags/example_branch_python_dop_operator_3.py
[2024-09-09T21:27:57.095+0530] {processor.py:914} INFO - Processing file /home/sst7260/airflow_projects/project1/env/lib/python3.10/site-packages/airflow/example_dags/example_branch_python_dop_operator_3.py for tasks to queue
[2024-09-09T21:27:57.097+0530] {logging_mixin.py:190} INFO - [2024-09-09T21:27:57.096+0530] {dagbag.py:587} INFO - Filling up the DagBag from /home/sst7260/airflow_projects/project1/env/lib/python3.10/site-packages/airflow/example_dags/example_branch_python_dop_operator_3.py
[2024-09-09T21:27:57.104+0530] {processor.py:925} INFO - DAG(s) 'example_branch_dop_operator_v3' retrieved from /home/sst7260/airflow_projects/project1/env/lib/python3.10/site-packages/airflow/example_dags/example_branch_python_dop_operator_3.py
[2024-09-09T21:27:57.113+0530] {logging_mixin.py:190} INFO - [2024-09-09T21:27:57.113+0530] {dag.py:3229} INFO - Sync 1 DAGs
[2024-09-09T21:27:57.128+0530] {logging_mixin.py:190} INFO - [2024-09-09T21:27:57.128+0530] {dag.py:4156} INFO - Setting next_dagrun for example_branch_dop_operator_v3 to 2024-09-09 15:56:00+00:00, run_after=2024-09-09 15:57:00+00:00
[2024-09-09T21:27:57.150+0530] {processor.py:208} INFO - Processing /home/sst7260/airflow_projects/project1/env/lib/python3.10/site-packages/airflow/example_dags/example_branch_python_dop_operator_3.py took 0.060 seconds
[2024-09-09T21:29:21.310+0530] {processor.py:186} INFO - Started process (PID=133907) to work on /home/sst7260/airflow_projects/project1/env/lib/python3.10/site-packages/airflow/example_dags/example_branch_python_dop_operator_3.py
[2024-09-09T21:29:21.319+0530] {processor.py:914} INFO - Processing file /home/sst7260/airflow_projects/project1/env/lib/python3.10/site-packages/airflow/example_dags/example_branch_python_dop_operator_3.py for tasks to queue
[2024-09-09T21:29:21.320+0530] {logging_mixin.py:190} INFO - [2024-09-09T21:29:21.320+0530] {dagbag.py:587} INFO - Filling up the DagBag from /home/sst7260/airflow_projects/project1/env/lib/python3.10/site-packages/airflow/example_dags/example_branch_python_dop_operator_3.py
[2024-09-09T21:29:21.328+0530] {processor.py:925} INFO - DAG(s) 'example_branch_dop_operator_v3' retrieved from /home/sst7260/airflow_projects/project1/env/lib/python3.10/site-packages/airflow/example_dags/example_branch_python_dop_operator_3.py
[2024-09-09T21:29:21.339+0530] {logging_mixin.py:190} INFO - [2024-09-09T21:29:21.339+0530] {dag.py:3229} INFO - Sync 1 DAGs
[2024-09-09T21:29:21.354+0530] {logging_mixin.py:190} INFO - [2024-09-09T21:29:21.354+0530] {dag.py:4156} INFO - Setting next_dagrun for example_branch_dop_operator_v3 to 2024-09-09 15:58:00+00:00, run_after=2024-09-09 15:59:00+00:00
[2024-09-09T21:29:21.377+0530] {processor.py:208} INFO - Processing /home/sst7260/airflow_projects/project1/env/lib/python3.10/site-packages/airflow/example_dags/example_branch_python_dop_operator_3.py took 0.071 seconds
[2024-09-09T21:30:41.808+0530] {processor.py:186} INFO - Started process (PID=134031) to work on /home/sst7260/airflow_projects/project1/env/lib/python3.10/site-packages/airflow/example_dags/example_branch_python_dop_operator_3.py
[2024-09-09T21:30:41.813+0530] {processor.py:914} INFO - Processing file /home/sst7260/airflow_projects/project1/env/lib/python3.10/site-packages/airflow/example_dags/example_branch_python_dop_operator_3.py for tasks to queue
[2024-09-09T21:30:41.814+0530] {logging_mixin.py:190} INFO - [2024-09-09T21:30:41.814+0530] {dagbag.py:587} INFO - Filling up the DagBag from /home/sst7260/airflow_projects/project1/env/lib/python3.10/site-packages/airflow/example_dags/example_branch_python_dop_operator_3.py
[2024-09-09T21:30:41.822+0530] {processor.py:925} INFO - DAG(s) 'example_branch_dop_operator_v3' retrieved from /home/sst7260/airflow_projects/project1/env/lib/python3.10/site-packages/airflow/example_dags/example_branch_python_dop_operator_3.py
[2024-09-09T21:30:41.833+0530] {logging_mixin.py:190} INFO - [2024-09-09T21:30:41.832+0530] {dag.py:3229} INFO - Sync 1 DAGs
[2024-09-09T21:30:41.853+0530] {logging_mixin.py:190} INFO - [2024-09-09T21:30:41.853+0530] {dag.py:4156} INFO - Setting next_dagrun for example_branch_dop_operator_v3 to 2024-09-09 15:59:00+00:00, run_after=2024-09-09 16:00:00+00:00
[2024-09-09T21:30:41.877+0530] {processor.py:208} INFO - Processing /home/sst7260/airflow_projects/project1/env/lib/python3.10/site-packages/airflow/example_dags/example_branch_python_dop_operator_3.py took 0.074 seconds
[2024-09-09T21:32:03.110+0530] {processor.py:186} INFO - Started process (PID=134129) to work on /home/sst7260/airflow_projects/project1/env/lib/python3.10/site-packages/airflow/example_dags/example_branch_python_dop_operator_3.py
[2024-09-09T21:32:03.111+0530] {processor.py:914} INFO - Processing file /home/sst7260/airflow_projects/project1/env/lib/python3.10/site-packages/airflow/example_dags/example_branch_python_dop_operator_3.py for tasks to queue
[2024-09-09T21:32:03.112+0530] {logging_mixin.py:190} INFO - [2024-09-09T21:32:03.112+0530] {dagbag.py:587} INFO - Filling up the DagBag from /home/sst7260/airflow_projects/project1/env/lib/python3.10/site-packages/airflow/example_dags/example_branch_python_dop_operator_3.py
[2024-09-09T21:32:03.121+0530] {processor.py:925} INFO - DAG(s) 'example_branch_dop_operator_v3' retrieved from /home/sst7260/airflow_projects/project1/env/lib/python3.10/site-packages/airflow/example_dags/example_branch_python_dop_operator_3.py
[2024-09-09T21:32:03.131+0530] {logging_mixin.py:190} INFO - [2024-09-09T21:32:03.131+0530] {dag.py:3229} INFO - Sync 1 DAGs
[2024-09-09T21:32:03.148+0530] {logging_mixin.py:190} INFO - [2024-09-09T21:32:03.148+0530] {dag.py:4156} INFO - Setting next_dagrun for example_branch_dop_operator_v3 to 2024-09-09 16:01:00+00:00, run_after=2024-09-09 16:02:00+00:00
[2024-09-09T21:32:03.179+0530] {processor.py:208} INFO - Processing /home/sst7260/airflow_projects/project1/env/lib/python3.10/site-packages/airflow/example_dags/example_branch_python_dop_operator_3.py took 0.073 seconds
[2024-09-09T21:33:25.212+0530] {processor.py:186} INFO - Started process (PID=134222) to work on /home/sst7260/airflow_projects/project1/env/lib/python3.10/site-packages/airflow/example_dags/example_branch_python_dop_operator_3.py
[2024-09-09T21:33:25.215+0530] {processor.py:914} INFO - Processing file /home/sst7260/airflow_projects/project1/env/lib/python3.10/site-packages/airflow/example_dags/example_branch_python_dop_operator_3.py for tasks to queue
[2024-09-09T21:33:25.216+0530] {logging_mixin.py:190} INFO - [2024-09-09T21:33:25.215+0530] {dagbag.py:587} INFO - Filling up the DagBag from /home/sst7260/airflow_projects/project1/env/lib/python3.10/site-packages/airflow/example_dags/example_branch_python_dop_operator_3.py
[2024-09-09T21:33:25.222+0530] {processor.py:925} INFO - DAG(s) 'example_branch_dop_operator_v3' retrieved from /home/sst7260/airflow_projects/project1/env/lib/python3.10/site-packages/airflow/example_dags/example_branch_python_dop_operator_3.py
[2024-09-09T21:33:25.232+0530] {logging_mixin.py:190} INFO - [2024-09-09T21:33:25.232+0530] {dag.py:3229} INFO - Sync 1 DAGs
[2024-09-09T21:33:25.248+0530] {logging_mixin.py:190} INFO - [2024-09-09T21:33:25.248+0530] {dag.py:4156} INFO - Setting next_dagrun for example_branch_dop_operator_v3 to 2024-09-09 16:02:00+00:00, run_after=2024-09-09 16:03:00+00:00
[2024-09-09T21:33:25.269+0530] {processor.py:208} INFO - Processing /home/sst7260/airflow_projects/project1/env/lib/python3.10/site-packages/airflow/example_dags/example_branch_python_dop_operator_3.py took 0.062 seconds
[2024-09-09T21:34:46.412+0530] {processor.py:186} INFO - Started process (PID=134318) to work on /home/sst7260/airflow_projects/project1/env/lib/python3.10/site-packages/airflow/example_dags/example_branch_python_dop_operator_3.py
[2024-09-09T21:34:46.413+0530] {processor.py:914} INFO - Processing file /home/sst7260/airflow_projects/project1/env/lib/python3.10/site-packages/airflow/example_dags/example_branch_python_dop_operator_3.py for tasks to queue
[2024-09-09T21:34:46.415+0530] {logging_mixin.py:190} INFO - [2024-09-09T21:34:46.414+0530] {dagbag.py:587} INFO - Filling up the DagBag from /home/sst7260/airflow_projects/project1/env/lib/python3.10/site-packages/airflow/example_dags/example_branch_python_dop_operator_3.py
[2024-09-09T21:34:46.421+0530] {processor.py:925} INFO - DAG(s) 'example_branch_dop_operator_v3' retrieved from /home/sst7260/airflow_projects/project1/env/lib/python3.10/site-packages/airflow/example_dags/example_branch_python_dop_operator_3.py
[2024-09-09T21:34:46.431+0530] {logging_mixin.py:190} INFO - [2024-09-09T21:34:46.431+0530] {dag.py:3229} INFO - Sync 1 DAGs
[2024-09-09T21:34:46.450+0530] {logging_mixin.py:190} INFO - [2024-09-09T21:34:46.450+0530] {dag.py:4156} INFO - Setting next_dagrun for example_branch_dop_operator_v3 to 2024-09-09 16:03:00+00:00, run_after=2024-09-09 16:04:00+00:00
[2024-09-09T21:34:46.471+0530] {processor.py:208} INFO - Processing /home/sst7260/airflow_projects/project1/env/lib/python3.10/site-packages/airflow/example_dags/example_branch_python_dop_operator_3.py took 0.068 seconds
[2024-09-09T21:35:41.841+0530] {processor.py:186} INFO - Started process (PID=134409) to work on /home/sst7260/airflow_projects/project1/env/lib/python3.10/site-packages/airflow/example_dags/example_branch_python_dop_operator_3.py
[2024-09-09T21:35:41.842+0530] {processor.py:914} INFO - Processing file /home/sst7260/airflow_projects/project1/env/lib/python3.10/site-packages/airflow/example_dags/example_branch_python_dop_operator_3.py for tasks to queue
[2024-09-09T21:35:41.843+0530] {logging_mixin.py:190} INFO - [2024-09-09T21:35:41.843+0530] {dagbag.py:587} INFO - Filling up the DagBag from /home/sst7260/airflow_projects/project1/env/lib/python3.10/site-packages/airflow/example_dags/example_branch_python_dop_operator_3.py
[2024-09-09T21:35:41.852+0530] {processor.py:925} INFO - DAG(s) 'example_branch_dop_operator_v3' retrieved from /home/sst7260/airflow_projects/project1/env/lib/python3.10/site-packages/airflow/example_dags/example_branch_python_dop_operator_3.py
[2024-09-09T21:35:41.863+0530] {logging_mixin.py:190} INFO - [2024-09-09T21:35:41.863+0530] {dag.py:3229} INFO - Sync 1 DAGs
[2024-09-09T21:35:41.877+0530] {logging_mixin.py:190} INFO - [2024-09-09T21:35:41.877+0530] {dag.py:4156} INFO - Setting next_dagrun for example_branch_dop_operator_v3 to 2024-09-09 16:04:00+00:00, run_after=2024-09-09 16:05:00+00:00
[2024-09-09T21:35:41.900+0530] {processor.py:208} INFO - Processing /home/sst7260/airflow_projects/project1/env/lib/python3.10/site-packages/airflow/example_dags/example_branch_python_dop_operator_3.py took 0.063 seconds
[2024-09-09T21:37:04.432+0530] {processor.py:186} INFO - Started process (PID=134508) to work on /home/sst7260/airflow_projects/project1/env/lib/python3.10/site-packages/airflow/example_dags/example_branch_python_dop_operator_3.py
[2024-09-09T21:37:04.434+0530] {processor.py:914} INFO - Processing file /home/sst7260/airflow_projects/project1/env/lib/python3.10/site-packages/airflow/example_dags/example_branch_python_dop_operator_3.py for tasks to queue
[2024-09-09T21:37:04.435+0530] {logging_mixin.py:190} INFO - [2024-09-09T21:37:04.434+0530] {dagbag.py:587} INFO - Filling up the DagBag from /home/sst7260/airflow_projects/project1/env/lib/python3.10/site-packages/airflow/example_dags/example_branch_python_dop_operator_3.py
[2024-09-09T21:37:04.441+0530] {processor.py:925} INFO - DAG(s) 'example_branch_dop_operator_v3' retrieved from /home/sst7260/airflow_projects/project1/env/lib/python3.10/site-packages/airflow/example_dags/example_branch_python_dop_operator_3.py
[2024-09-09T21:37:04.451+0530] {logging_mixin.py:190} INFO - [2024-09-09T21:37:04.450+0530] {dag.py:3229} INFO - Sync 1 DAGs
[2024-09-09T21:37:04.464+0530] {logging_mixin.py:190} INFO - [2024-09-09T21:37:04.464+0530] {dag.py:4156} INFO - Setting next_dagrun for example_branch_dop_operator_v3 to 2024-09-09 16:06:00+00:00, run_after=2024-09-09 16:07:00+00:00
[2024-09-09T21:37:04.484+0530] {processor.py:208} INFO - Processing /home/sst7260/airflow_projects/project1/env/lib/python3.10/site-packages/airflow/example_dags/example_branch_python_dop_operator_3.py took 0.055 seconds
[2024-09-09T21:38:25.613+0530] {processor.py:186} INFO - Started process (PID=134604) to work on /home/sst7260/airflow_projects/project1/env/lib/python3.10/site-packages/airflow/example_dags/example_branch_python_dop_operator_3.py
[2024-09-09T21:38:25.614+0530] {processor.py:914} INFO - Processing file /home/sst7260/airflow_projects/project1/env/lib/python3.10/site-packages/airflow/example_dags/example_branch_python_dop_operator_3.py for tasks to queue
[2024-09-09T21:38:25.616+0530] {logging_mixin.py:190} INFO - [2024-09-09T21:38:25.615+0530] {dagbag.py:587} INFO - Filling up the DagBag from /home/sst7260/airflow_projects/project1/env/lib/python3.10/site-packages/airflow/example_dags/example_branch_python_dop_operator_3.py
[2024-09-09T21:38:25.623+0530] {processor.py:925} INFO - DAG(s) 'example_branch_dop_operator_v3' retrieved from /home/sst7260/airflow_projects/project1/env/lib/python3.10/site-packages/airflow/example_dags/example_branch_python_dop_operator_3.py
[2024-09-09T21:38:25.632+0530] {logging_mixin.py:190} INFO - [2024-09-09T21:38:25.632+0530] {dag.py:3229} INFO - Sync 1 DAGs
[2024-09-09T21:38:25.646+0530] {logging_mixin.py:190} INFO - [2024-09-09T21:38:25.646+0530] {dag.py:4156} INFO - Setting next_dagrun for example_branch_dop_operator_v3 to 2024-09-09 16:07:00+00:00, run_after=2024-09-09 16:08:00+00:00
[2024-09-09T21:38:25.670+0530] {processor.py:208} INFO - Processing /home/sst7260/airflow_projects/project1/env/lib/python3.10/site-packages/airflow/example_dags/example_branch_python_dop_operator_3.py took 0.063 seconds
[2024-09-09T21:39:22.114+0530] {processor.py:186} INFO - Started process (PID=134668) to work on /home/sst7260/airflow_projects/project1/env/lib/python3.10/site-packages/airflow/example_dags/example_branch_python_dop_operator_3.py
[2024-09-09T21:39:22.117+0530] {processor.py:914} INFO - Processing file /home/sst7260/airflow_projects/project1/env/lib/python3.10/site-packages/airflow/example_dags/example_branch_python_dop_operator_3.py for tasks to queue
[2024-09-09T21:39:22.118+0530] {logging_mixin.py:190} INFO - [2024-09-09T21:39:22.118+0530] {dagbag.py:587} INFO - Filling up the DagBag from /home/sst7260/airflow_projects/project1/env/lib/python3.10/site-packages/airflow/example_dags/example_branch_python_dop_operator_3.py
[2024-09-09T21:39:22.126+0530] {processor.py:925} INFO - DAG(s) 'example_branch_dop_operator_v3' retrieved from /home/sst7260/airflow_projects/project1/env/lib/python3.10/site-packages/airflow/example_dags/example_branch_python_dop_operator_3.py
[2024-09-09T21:39:22.137+0530] {logging_mixin.py:190} INFO - [2024-09-09T21:39:22.136+0530] {dag.py:3229} INFO - Sync 1 DAGs
[2024-09-09T21:39:22.151+0530] {logging_mixin.py:190} INFO - [2024-09-09T21:39:22.150+0530] {dag.py:4156} INFO - Setting next_dagrun for example_branch_dop_operator_v3 to 2024-09-09 16:08:00+00:00, run_after=2024-09-09 16:09:00+00:00
[2024-09-09T21:39:22.180+0530] {processor.py:208} INFO - Processing /home/sst7260/airflow_projects/project1/env/lib/python3.10/site-packages/airflow/example_dags/example_branch_python_dop_operator_3.py took 0.070 seconds
[2024-09-09T21:40:42.098+0530] {processor.py:186} INFO - Started process (PID=134791) to work on /home/sst7260/airflow_projects/project1/env/lib/python3.10/site-packages/airflow/example_dags/example_branch_python_dop_operator_3.py
[2024-09-09T21:40:42.107+0530] {processor.py:914} INFO - Processing file /home/sst7260/airflow_projects/project1/env/lib/python3.10/site-packages/airflow/example_dags/example_branch_python_dop_operator_3.py for tasks to queue
[2024-09-09T21:40:42.109+0530] {logging_mixin.py:190} INFO - [2024-09-09T21:40:42.108+0530] {dagbag.py:587} INFO - Filling up the DagBag from /home/sst7260/airflow_projects/project1/env/lib/python3.10/site-packages/airflow/example_dags/example_branch_python_dop_operator_3.py
[2024-09-09T21:40:42.119+0530] {processor.py:925} INFO - DAG(s) 'example_branch_dop_operator_v3' retrieved from /home/sst7260/airflow_projects/project1/env/lib/python3.10/site-packages/airflow/example_dags/example_branch_python_dop_operator_3.py
[2024-09-09T21:40:42.128+0530] {logging_mixin.py:190} INFO - [2024-09-09T21:40:42.128+0530] {dag.py:3229} INFO - Sync 1 DAGs
[2024-09-09T21:40:42.143+0530] {logging_mixin.py:190} INFO - [2024-09-09T21:40:42.142+0530] {dag.py:4156} INFO - Setting next_dagrun for example_branch_dop_operator_v3 to 2024-09-09 16:09:00+00:00, run_after=2024-09-09 16:10:00+00:00
[2024-09-09T21:40:42.167+0530] {processor.py:208} INFO - Processing /home/sst7260/airflow_projects/project1/env/lib/python3.10/site-packages/airflow/example_dags/example_branch_python_dop_operator_3.py took 0.073 seconds
[2024-09-09T21:42:02.170+0530] {processor.py:186} INFO - Started process (PID=134889) to work on /home/sst7260/airflow_projects/project1/env/lib/python3.10/site-packages/airflow/example_dags/example_branch_python_dop_operator_3.py
[2024-09-09T21:42:02.172+0530] {processor.py:914} INFO - Processing file /home/sst7260/airflow_projects/project1/env/lib/python3.10/site-packages/airflow/example_dags/example_branch_python_dop_operator_3.py for tasks to queue
[2024-09-09T21:42:02.173+0530] {logging_mixin.py:190} INFO - [2024-09-09T21:42:02.173+0530] {dagbag.py:587} INFO - Filling up the DagBag from /home/sst7260/airflow_projects/project1/env/lib/python3.10/site-packages/airflow/example_dags/example_branch_python_dop_operator_3.py
[2024-09-09T21:42:02.182+0530] {processor.py:925} INFO - DAG(s) 'example_branch_dop_operator_v3' retrieved from /home/sst7260/airflow_projects/project1/env/lib/python3.10/site-packages/airflow/example_dags/example_branch_python_dop_operator_3.py
[2024-09-09T21:42:02.191+0530] {logging_mixin.py:190} INFO - [2024-09-09T21:42:02.191+0530] {dag.py:3229} INFO - Sync 1 DAGs
[2024-09-09T21:42:02.206+0530] {logging_mixin.py:190} INFO - [2024-09-09T21:42:02.206+0530] {dag.py:4156} INFO - Setting next_dagrun for example_branch_dop_operator_v3 to 2024-09-09 16:11:00+00:00, run_after=2024-09-09 16:12:00+00:00
[2024-09-09T21:42:02.228+0530] {processor.py:208} INFO - Processing /home/sst7260/airflow_projects/project1/env/lib/python3.10/site-packages/airflow/example_dags/example_branch_python_dop_operator_3.py took 0.063 seconds
[2024-09-09T21:43:19.538+0530] {processor.py:186} INFO - Started process (PID=134977) to work on /home/sst7260/airflow_projects/project1/env/lib/python3.10/site-packages/airflow/example_dags/example_branch_python_dop_operator_3.py
[2024-09-09T21:43:19.542+0530] {processor.py:914} INFO - Processing file /home/sst7260/airflow_projects/project1/env/lib/python3.10/site-packages/airflow/example_dags/example_branch_python_dop_operator_3.py for tasks to queue
[2024-09-09T21:43:19.544+0530] {logging_mixin.py:190} INFO - [2024-09-09T21:43:19.543+0530] {dagbag.py:587} INFO - Filling up the DagBag from /home/sst7260/airflow_projects/project1/env/lib/python3.10/site-packages/airflow/example_dags/example_branch_python_dop_operator_3.py
[2024-09-09T21:43:19.550+0530] {processor.py:925} INFO - DAG(s) 'example_branch_dop_operator_v3' retrieved from /home/sst7260/airflow_projects/project1/env/lib/python3.10/site-packages/airflow/example_dags/example_branch_python_dop_operator_3.py
[2024-09-09T21:43:19.560+0530] {logging_mixin.py:190} INFO - [2024-09-09T21:43:19.560+0530] {dag.py:3229} INFO - Sync 1 DAGs
[2024-09-09T21:43:19.573+0530] {logging_mixin.py:190} INFO - [2024-09-09T21:43:19.573+0530] {dag.py:4156} INFO - Setting next_dagrun for example_branch_dop_operator_v3 to 2024-09-09 16:12:00+00:00, run_after=2024-09-09 16:13:00+00:00
[2024-09-09T21:43:19.596+0530] {processor.py:208} INFO - Processing /home/sst7260/airflow_projects/project1/env/lib/python3.10/site-packages/airflow/example_dags/example_branch_python_dop_operator_3.py took 0.063 seconds
[2024-09-09T21:44:39.063+0530] {processor.py:186} INFO - Started process (PID=135071) to work on /home/sst7260/airflow_projects/project1/env/lib/python3.10/site-packages/airflow/example_dags/example_branch_python_dop_operator_3.py
[2024-09-09T21:44:39.065+0530] {processor.py:914} INFO - Processing file /home/sst7260/airflow_projects/project1/env/lib/python3.10/site-packages/airflow/example_dags/example_branch_python_dop_operator_3.py for tasks to queue
[2024-09-09T21:44:39.066+0530] {logging_mixin.py:190} INFO - [2024-09-09T21:44:39.065+0530] {dagbag.py:587} INFO - Filling up the DagBag from /home/sst7260/airflow_projects/project1/env/lib/python3.10/site-packages/airflow/example_dags/example_branch_python_dop_operator_3.py
[2024-09-09T21:44:39.072+0530] {processor.py:925} INFO - DAG(s) 'example_branch_dop_operator_v3' retrieved from /home/sst7260/airflow_projects/project1/env/lib/python3.10/site-packages/airflow/example_dags/example_branch_python_dop_operator_3.py
[2024-09-09T21:44:39.081+0530] {logging_mixin.py:190} INFO - [2024-09-09T21:44:39.081+0530] {dag.py:3229} INFO - Sync 1 DAGs
[2024-09-09T21:44:39.096+0530] {logging_mixin.py:190} INFO - [2024-09-09T21:44:39.095+0530] {dag.py:4156} INFO - Setting next_dagrun for example_branch_dop_operator_v3 to 2024-09-09 16:13:00+00:00, run_after=2024-09-09 16:14:00+00:00
[2024-09-09T21:44:39.117+0530] {processor.py:208} INFO - Processing /home/sst7260/airflow_projects/project1/env/lib/python3.10/site-packages/airflow/example_dags/example_branch_python_dop_operator_3.py took 0.058 seconds
[2024-09-09T21:45:59.223+0530] {processor.py:186} INFO - Started process (PID=135195) to work on /home/sst7260/airflow_projects/project1/env/lib/python3.10/site-packages/airflow/example_dags/example_branch_python_dop_operator_3.py
[2024-09-09T21:45:59.226+0530] {processor.py:914} INFO - Processing file /home/sst7260/airflow_projects/project1/env/lib/python3.10/site-packages/airflow/example_dags/example_branch_python_dop_operator_3.py for tasks to queue
[2024-09-09T21:45:59.227+0530] {logging_mixin.py:190} INFO - [2024-09-09T21:45:59.226+0530] {dagbag.py:587} INFO - Filling up the DagBag from /home/sst7260/airflow_projects/project1/env/lib/python3.10/site-packages/airflow/example_dags/example_branch_python_dop_operator_3.py
[2024-09-09T21:45:59.236+0530] {processor.py:925} INFO - DAG(s) 'example_branch_dop_operator_v3' retrieved from /home/sst7260/airflow_projects/project1/env/lib/python3.10/site-packages/airflow/example_dags/example_branch_python_dop_operator_3.py
[2024-09-09T21:45:59.247+0530] {logging_mixin.py:190} INFO - [2024-09-09T21:45:59.246+0530] {dag.py:3229} INFO - Sync 1 DAGs
[2024-09-09T21:45:59.260+0530] {logging_mixin.py:190} INFO - [2024-09-09T21:45:59.260+0530] {dag.py:4156} INFO - Setting next_dagrun for example_branch_dop_operator_v3 to 2024-09-09 16:14:00+00:00, run_after=2024-09-09 16:15:00+00:00
[2024-09-09T21:45:59.281+0530] {processor.py:208} INFO - Processing /home/sst7260/airflow_projects/project1/env/lib/python3.10/site-packages/airflow/example_dags/example_branch_python_dop_operator_3.py took 0.062 seconds
[2024-09-09T21:47:21.238+0530] {processor.py:186} INFO - Started process (PID=135287) to work on /home/sst7260/airflow_projects/project1/env/lib/python3.10/site-packages/airflow/example_dags/example_branch_python_dop_operator_3.py
[2024-09-09T21:47:21.240+0530] {processor.py:914} INFO - Processing file /home/sst7260/airflow_projects/project1/env/lib/python3.10/site-packages/airflow/example_dags/example_branch_python_dop_operator_3.py for tasks to queue
[2024-09-09T21:47:21.241+0530] {logging_mixin.py:190} INFO - [2024-09-09T21:47:21.241+0530] {dagbag.py:587} INFO - Filling up the DagBag from /home/sst7260/airflow_projects/project1/env/lib/python3.10/site-packages/airflow/example_dags/example_branch_python_dop_operator_3.py
[2024-09-09T21:47:21.248+0530] {processor.py:925} INFO - DAG(s) 'example_branch_dop_operator_v3' retrieved from /home/sst7260/airflow_projects/project1/env/lib/python3.10/site-packages/airflow/example_dags/example_branch_python_dop_operator_3.py
[2024-09-09T21:47:21.257+0530] {logging_mixin.py:190} INFO - [2024-09-09T21:47:21.257+0530] {dag.py:3229} INFO - Sync 1 DAGs
[2024-09-09T21:47:21.270+0530] {logging_mixin.py:190} INFO - [2024-09-09T21:47:21.270+0530] {dag.py:4156} INFO - Setting next_dagrun for example_branch_dop_operator_v3 to 2024-09-09 16:16:00+00:00, run_after=2024-09-09 16:17:00+00:00
[2024-09-09T21:47:21.293+0530] {processor.py:208} INFO - Processing /home/sst7260/airflow_projects/project1/env/lib/python3.10/site-packages/airflow/example_dags/example_branch_python_dop_operator_3.py took 0.059 seconds
[2024-09-09T21:48:36.532+0530] {processor.py:186} INFO - Started process (PID=135380) to work on /home/sst7260/airflow_projects/project1/env/lib/python3.10/site-packages/airflow/example_dags/example_branch_python_dop_operator_3.py
[2024-09-09T21:48:36.534+0530] {processor.py:914} INFO - Processing file /home/sst7260/airflow_projects/project1/env/lib/python3.10/site-packages/airflow/example_dags/example_branch_python_dop_operator_3.py for tasks to queue
[2024-09-09T21:48:36.535+0530] {logging_mixin.py:190} INFO - [2024-09-09T21:48:36.535+0530] {dagbag.py:587} INFO - Filling up the DagBag from /home/sst7260/airflow_projects/project1/env/lib/python3.10/site-packages/airflow/example_dags/example_branch_python_dop_operator_3.py
[2024-09-09T21:48:36.543+0530] {processor.py:925} INFO - DAG(s) 'example_branch_dop_operator_v3' retrieved from /home/sst7260/airflow_projects/project1/env/lib/python3.10/site-packages/airflow/example_dags/example_branch_python_dop_operator_3.py
[2024-09-09T21:48:36.553+0530] {logging_mixin.py:190} INFO - [2024-09-09T21:48:36.552+0530] {dag.py:3229} INFO - Sync 1 DAGs
[2024-09-09T21:48:36.569+0530] {logging_mixin.py:190} INFO - [2024-09-09T21:48:36.569+0530] {dag.py:4156} INFO - Setting next_dagrun for example_branch_dop_operator_v3 to 2024-09-09 16:17:00+00:00, run_after=2024-09-09 16:18:00+00:00
[2024-09-09T21:48:36.597+0530] {processor.py:208} INFO - Processing /home/sst7260/airflow_projects/project1/env/lib/python3.10/site-packages/airflow/example_dags/example_branch_python_dop_operator_3.py took 0.069 seconds
[2024-09-09T21:49:56.343+0530] {processor.py:186} INFO - Started process (PID=135477) to work on /home/sst7260/airflow_projects/project1/env/lib/python3.10/site-packages/airflow/example_dags/example_branch_python_dop_operator_3.py
[2024-09-09T21:49:56.345+0530] {processor.py:914} INFO - Processing file /home/sst7260/airflow_projects/project1/env/lib/python3.10/site-packages/airflow/example_dags/example_branch_python_dop_operator_3.py for tasks to queue
[2024-09-09T21:49:56.346+0530] {logging_mixin.py:190} INFO - [2024-09-09T21:49:56.346+0530] {dagbag.py:587} INFO - Filling up the DagBag from /home/sst7260/airflow_projects/project1/env/lib/python3.10/site-packages/airflow/example_dags/example_branch_python_dop_operator_3.py
[2024-09-09T21:49:56.353+0530] {processor.py:925} INFO - DAG(s) 'example_branch_dop_operator_v3' retrieved from /home/sst7260/airflow_projects/project1/env/lib/python3.10/site-packages/airflow/example_dags/example_branch_python_dop_operator_3.py
[2024-09-09T21:49:56.362+0530] {logging_mixin.py:190} INFO - [2024-09-09T21:49:56.362+0530] {dag.py:3229} INFO - Sync 1 DAGs
[2024-09-09T21:49:56.376+0530] {logging_mixin.py:190} INFO - [2024-09-09T21:49:56.376+0530] {dag.py:4156} INFO - Setting next_dagrun for example_branch_dop_operator_v3 to 2024-09-09 16:18:00+00:00, run_after=2024-09-09 16:19:00+00:00
[2024-09-09T21:49:56.398+0530] {processor.py:208} INFO - Processing /home/sst7260/airflow_projects/project1/env/lib/python3.10/site-packages/airflow/example_dags/example_branch_python_dop_operator_3.py took 0.059 seconds
[2024-09-09T21:50:51.965+0530] {processor.py:186} INFO - Started process (PID=135567) to work on /home/sst7260/airflow_projects/project1/env/lib/python3.10/site-packages/airflow/example_dags/example_branch_python_dop_operator_3.py
[2024-09-09T21:50:51.969+0530] {processor.py:914} INFO - Processing file /home/sst7260/airflow_projects/project1/env/lib/python3.10/site-packages/airflow/example_dags/example_branch_python_dop_operator_3.py for tasks to queue
[2024-09-09T21:50:51.971+0530] {logging_mixin.py:190} INFO - [2024-09-09T21:50:51.970+0530] {dagbag.py:587} INFO - Filling up the DagBag from /home/sst7260/airflow_projects/project1/env/lib/python3.10/site-packages/airflow/example_dags/example_branch_python_dop_operator_3.py
[2024-09-09T21:50:51.978+0530] {processor.py:925} INFO - DAG(s) 'example_branch_dop_operator_v3' retrieved from /home/sst7260/airflow_projects/project1/env/lib/python3.10/site-packages/airflow/example_dags/example_branch_python_dop_operator_3.py
[2024-09-09T21:50:51.987+0530] {logging_mixin.py:190} INFO - [2024-09-09T21:50:51.987+0530] {dag.py:3229} INFO - Sync 1 DAGs
[2024-09-09T21:50:52.001+0530] {logging_mixin.py:190} INFO - [2024-09-09T21:50:52.000+0530] {dag.py:4156} INFO - Setting next_dagrun for example_branch_dop_operator_v3 to 2024-09-09 16:19:00+00:00, run_after=2024-09-09 16:20:00+00:00
[2024-09-09T21:50:52.022+0530] {processor.py:208} INFO - Processing /home/sst7260/airflow_projects/project1/env/lib/python3.10/site-packages/airflow/example_dags/example_branch_python_dop_operator_3.py took 0.062 seconds
[2024-09-09T21:52:10.979+0530] {processor.py:186} INFO - Started process (PID=135662) to work on /home/sst7260/airflow_projects/project1/env/lib/python3.10/site-packages/airflow/example_dags/example_branch_python_dop_operator_3.py
[2024-09-09T21:52:10.987+0530] {processor.py:914} INFO - Processing file /home/sst7260/airflow_projects/project1/env/lib/python3.10/site-packages/airflow/example_dags/example_branch_python_dop_operator_3.py for tasks to queue
[2024-09-09T21:52:10.989+0530] {logging_mixin.py:190} INFO - [2024-09-09T21:52:10.988+0530] {dagbag.py:587} INFO - Filling up the DagBag from /home/sst7260/airflow_projects/project1/env/lib/python3.10/site-packages/airflow/example_dags/example_branch_python_dop_operator_3.py
[2024-09-09T21:52:10.996+0530] {processor.py:925} INFO - DAG(s) 'example_branch_dop_operator_v3' retrieved from /home/sst7260/airflow_projects/project1/env/lib/python3.10/site-packages/airflow/example_dags/example_branch_python_dop_operator_3.py
[2024-09-09T21:52:11.006+0530] {logging_mixin.py:190} INFO - [2024-09-09T21:52:11.005+0530] {dag.py:3229} INFO - Sync 1 DAGs
[2024-09-09T21:52:11.021+0530] {logging_mixin.py:190} INFO - [2024-09-09T21:52:11.021+0530] {dag.py:4156} INFO - Setting next_dagrun for example_branch_dop_operator_v3 to 2024-09-09 16:21:00+00:00, run_after=2024-09-09 16:22:00+00:00
[2024-09-09T21:52:11.043+0530] {processor.py:208} INFO - Processing /home/sst7260/airflow_projects/project1/env/lib/python3.10/site-packages/airflow/example_dags/example_branch_python_dop_operator_3.py took 0.069 seconds
