[2024-09-09T20:46:33.469+0530] {processor.py:186} INFO - Started process (PID=128468) to work on /home/sst7260/airflow_projects/project1/env/lib/python3.10/site-packages/airflow/example_dags/example_branch_operator.py
[2024-09-09T20:46:33.470+0530] {processor.py:914} INFO - Processing file /home/sst7260/airflow_projects/project1/env/lib/python3.10/site-packages/airflow/example_dags/example_branch_operator.py for tasks to queue
[2024-09-09T20:46:33.473+0530] {logging_mixin.py:190} INFO - [2024-09-09T20:46:33.473+0530] {dagbag.py:587} INFO - Filling up the DagBag from /home/sst7260/airflow_projects/project1/env/lib/python3.10/site-packages/airflow/example_dags/example_branch_operator.py
[2024-09-09T20:46:33.542+0530] {processor.py:927} WARNING - No viable dags retrieved from /home/sst7260/airflow_projects/project1/env/lib/python3.10/site-packages/airflow/example_dags/example_branch_operator.py
[2024-09-09T20:46:33.563+0530] {processor.py:208} INFO - Processing /home/sst7260/airflow_projects/project1/env/lib/python3.10/site-packages/airflow/example_dags/example_branch_operator.py took 0.100 seconds
[2024-09-09T20:47:39.542+0530] {processor.py:186} INFO - Started process (PID=128560) to work on /home/sst7260/airflow_projects/project1/env/lib/python3.10/site-packages/airflow/example_dags/example_branch_operator.py
[2024-09-09T20:47:39.543+0530] {processor.py:914} INFO - Processing file /home/sst7260/airflow_projects/project1/env/lib/python3.10/site-packages/airflow/example_dags/example_branch_operator.py for tasks to queue
[2024-09-09T20:47:39.544+0530] {logging_mixin.py:190} INFO - [2024-09-09T20:47:39.544+0530] {dagbag.py:587} INFO - Filling up the DagBag from /home/sst7260/airflow_projects/project1/env/lib/python3.10/site-packages/airflow/example_dags/example_branch_operator.py
[2024-09-09T20:47:39.604+0530] {processor.py:927} WARNING - No viable dags retrieved from /home/sst7260/airflow_projects/project1/env/lib/python3.10/site-packages/airflow/example_dags/example_branch_operator.py
[2024-09-09T20:47:39.612+0530] {processor.py:208} INFO - Processing /home/sst7260/airflow_projects/project1/env/lib/python3.10/site-packages/airflow/example_dags/example_branch_operator.py took 0.075 seconds
[2024-09-09T20:48:34.954+0530] {processor.py:186} INFO - Started process (PID=128626) to work on /home/sst7260/airflow_projects/project1/env/lib/python3.10/site-packages/airflow/example_dags/example_branch_operator.py
[2024-09-09T20:48:34.955+0530] {processor.py:914} INFO - Processing file /home/sst7260/airflow_projects/project1/env/lib/python3.10/site-packages/airflow/example_dags/example_branch_operator.py for tasks to queue
[2024-09-09T20:48:34.957+0530] {logging_mixin.py:190} INFO - [2024-09-09T20:48:34.956+0530] {dagbag.py:587} INFO - Filling up the DagBag from /home/sst7260/airflow_projects/project1/env/lib/python3.10/site-packages/airflow/example_dags/example_branch_operator.py
[2024-09-09T20:48:35.015+0530] {processor.py:927} WARNING - No viable dags retrieved from /home/sst7260/airflow_projects/project1/env/lib/python3.10/site-packages/airflow/example_dags/example_branch_operator.py
[2024-09-09T20:48:35.023+0530] {processor.py:208} INFO - Processing /home/sst7260/airflow_projects/project1/env/lib/python3.10/site-packages/airflow/example_dags/example_branch_operator.py took 0.073 seconds
[2024-09-09T20:49:30.677+0530] {processor.py:186} INFO - Started process (PID=128692) to work on /home/sst7260/airflow_projects/project1/env/lib/python3.10/site-packages/airflow/example_dags/example_branch_operator.py
[2024-09-09T20:49:30.679+0530] {processor.py:914} INFO - Processing file /home/sst7260/airflow_projects/project1/env/lib/python3.10/site-packages/airflow/example_dags/example_branch_operator.py for tasks to queue
[2024-09-09T20:49:30.680+0530] {logging_mixin.py:190} INFO - [2024-09-09T20:49:30.680+0530] {dagbag.py:587} INFO - Filling up the DagBag from /home/sst7260/airflow_projects/project1/env/lib/python3.10/site-packages/airflow/example_dags/example_branch_operator.py
[2024-09-09T20:49:30.758+0530] {processor.py:927} WARNING - No viable dags retrieved from /home/sst7260/airflow_projects/project1/env/lib/python3.10/site-packages/airflow/example_dags/example_branch_operator.py
[2024-09-09T20:49:30.767+0530] {processor.py:208} INFO - Processing /home/sst7260/airflow_projects/project1/env/lib/python3.10/site-packages/airflow/example_dags/example_branch_operator.py took 0.094 seconds
[2024-09-09T20:50:24.890+0530] {processor.py:186} INFO - Started process (PID=128756) to work on /home/sst7260/airflow_projects/project1/env/lib/python3.10/site-packages/airflow/example_dags/example_branch_operator.py
[2024-09-09T20:50:24.898+0530] {processor.py:914} INFO - Processing file /home/sst7260/airflow_projects/project1/env/lib/python3.10/site-packages/airflow/example_dags/example_branch_operator.py for tasks to queue
[2024-09-09T20:50:24.900+0530] {logging_mixin.py:190} INFO - [2024-09-09T20:50:24.900+0530] {dagbag.py:587} INFO - Filling up the DagBag from /home/sst7260/airflow_projects/project1/env/lib/python3.10/site-packages/airflow/example_dags/example_branch_operator.py
[2024-09-09T20:50:24.922+0530] {processor.py:927} WARNING - No viable dags retrieved from /home/sst7260/airflow_projects/project1/env/lib/python3.10/site-packages/airflow/example_dags/example_branch_operator.py
[2024-09-09T20:50:24.935+0530] {processor.py:208} INFO - Processing /home/sst7260/airflow_projects/project1/env/lib/python3.10/site-packages/airflow/example_dags/example_branch_operator.py took 0.051 seconds
[2024-09-09T20:51:16.660+0530] {processor.py:186} INFO - Started process (PID=128845) to work on /home/sst7260/airflow_projects/project1/env/lib/python3.10/site-packages/airflow/example_dags/example_branch_operator.py
[2024-09-09T20:51:16.670+0530] {processor.py:914} INFO - Processing file /home/sst7260/airflow_projects/project1/env/lib/python3.10/site-packages/airflow/example_dags/example_branch_operator.py for tasks to queue
[2024-09-09T20:51:16.671+0530] {logging_mixin.py:190} INFO - [2024-09-09T20:51:16.671+0530] {dagbag.py:587} INFO - Filling up the DagBag from /home/sst7260/airflow_projects/project1/env/lib/python3.10/site-packages/airflow/example_dags/example_branch_operator.py
[2024-09-09T20:51:16.729+0530] {processor.py:927} WARNING - No viable dags retrieved from /home/sst7260/airflow_projects/project1/env/lib/python3.10/site-packages/airflow/example_dags/example_branch_operator.py
[2024-09-09T20:51:16.744+0530] {processor.py:208} INFO - Processing /home/sst7260/airflow_projects/project1/env/lib/python3.10/site-packages/airflow/example_dags/example_branch_operator.py took 0.088 seconds
[2024-09-09T20:52:11.889+0530] {processor.py:186} INFO - Started process (PID=129092) to work on /home/sst7260/airflow_projects/project1/env/lib/python3.10/site-packages/airflow/example_dags/example_branch_operator.py
[2024-09-09T20:52:11.895+0530] {processor.py:914} INFO - Processing file /home/sst7260/airflow_projects/project1/env/lib/python3.10/site-packages/airflow/example_dags/example_branch_operator.py for tasks to queue
[2024-09-09T20:52:11.897+0530] {logging_mixin.py:190} INFO - [2024-09-09T20:52:11.897+0530] {dagbag.py:587} INFO - Filling up the DagBag from /home/sst7260/airflow_projects/project1/env/lib/python3.10/site-packages/airflow/example_dags/example_branch_operator.py
[2024-09-09T20:52:11.986+0530] {processor.py:927} WARNING - No viable dags retrieved from /home/sst7260/airflow_projects/project1/env/lib/python3.10/site-packages/airflow/example_dags/example_branch_operator.py
[2024-09-09T20:52:11.994+0530] {processor.py:208} INFO - Processing /home/sst7260/airflow_projects/project1/env/lib/python3.10/site-packages/airflow/example_dags/example_branch_operator.py took 0.109 seconds
[2024-09-09T20:53:10.563+0530] {processor.py:186} INFO - Started process (PID=129419) to work on /home/sst7260/airflow_projects/project1/env/lib/python3.10/site-packages/airflow/example_dags/example_branch_operator.py
[2024-09-09T20:53:10.565+0530] {processor.py:914} INFO - Processing file /home/sst7260/airflow_projects/project1/env/lib/python3.10/site-packages/airflow/example_dags/example_branch_operator.py for tasks to queue
[2024-09-09T20:53:10.566+0530] {logging_mixin.py:190} INFO - [2024-09-09T20:53:10.566+0530] {dagbag.py:587} INFO - Filling up the DagBag from /home/sst7260/airflow_projects/project1/env/lib/python3.10/site-packages/airflow/example_dags/example_branch_operator.py
[2024-09-09T20:53:10.619+0530] {processor.py:927} WARNING - No viable dags retrieved from /home/sst7260/airflow_projects/project1/env/lib/python3.10/site-packages/airflow/example_dags/example_branch_operator.py
[2024-09-09T20:53:10.629+0530] {processor.py:208} INFO - Processing /home/sst7260/airflow_projects/project1/env/lib/python3.10/site-packages/airflow/example_dags/example_branch_operator.py took 0.071 seconds
[2024-09-09T20:54:22.522+0530] {processor.py:186} INFO - Started process (PID=129926) to work on /home/sst7260/airflow_projects/project1/env/lib/python3.10/site-packages/airflow/example_dags/example_branch_operator.py
[2024-09-09T20:54:22.525+0530] {processor.py:914} INFO - Processing file /home/sst7260/airflow_projects/project1/env/lib/python3.10/site-packages/airflow/example_dags/example_branch_operator.py for tasks to queue
[2024-09-09T20:54:22.526+0530] {logging_mixin.py:190} INFO - [2024-09-09T20:54:22.526+0530] {dagbag.py:587} INFO - Filling up the DagBag from /home/sst7260/airflow_projects/project1/env/lib/python3.10/site-packages/airflow/example_dags/example_branch_operator.py
[2024-09-09T20:54:22.598+0530] {processor.py:927} WARNING - No viable dags retrieved from /home/sst7260/airflow_projects/project1/env/lib/python3.10/site-packages/airflow/example_dags/example_branch_operator.py
[2024-09-09T20:54:22.607+0530] {processor.py:208} INFO - Processing /home/sst7260/airflow_projects/project1/env/lib/python3.10/site-packages/airflow/example_dags/example_branch_operator.py took 0.090 seconds
[2024-09-09T20:55:24.729+0530] {processor.py:186} INFO - Started process (PID=130059) to work on /home/sst7260/airflow_projects/project1/env/lib/python3.10/site-packages/airflow/example_dags/example_branch_operator.py
[2024-09-09T20:55:24.731+0530] {processor.py:914} INFO - Processing file /home/sst7260/airflow_projects/project1/env/lib/python3.10/site-packages/airflow/example_dags/example_branch_operator.py for tasks to queue
[2024-09-09T20:55:24.732+0530] {logging_mixin.py:190} INFO - [2024-09-09T20:55:24.732+0530] {dagbag.py:587} INFO - Filling up the DagBag from /home/sst7260/airflow_projects/project1/env/lib/python3.10/site-packages/airflow/example_dags/example_branch_operator.py
[2024-09-09T20:55:24.809+0530] {processor.py:927} WARNING - No viable dags retrieved from /home/sst7260/airflow_projects/project1/env/lib/python3.10/site-packages/airflow/example_dags/example_branch_operator.py
[2024-09-09T20:55:24.819+0530] {processor.py:208} INFO - Processing /home/sst7260/airflow_projects/project1/env/lib/python3.10/site-packages/airflow/example_dags/example_branch_operator.py took 0.094 seconds
[2024-09-09T20:56:18.897+0530] {processor.py:186} INFO - Started process (PID=130265) to work on /home/sst7260/airflow_projects/project1/env/lib/python3.10/site-packages/airflow/example_dags/example_branch_operator.py
[2024-09-09T20:56:18.899+0530] {processor.py:914} INFO - Processing file /home/sst7260/airflow_projects/project1/env/lib/python3.10/site-packages/airflow/example_dags/example_branch_operator.py for tasks to queue
[2024-09-09T20:56:18.901+0530] {logging_mixin.py:190} INFO - [2024-09-09T20:56:18.901+0530] {dagbag.py:587} INFO - Filling up the DagBag from /home/sst7260/airflow_projects/project1/env/lib/python3.10/site-packages/airflow/example_dags/example_branch_operator.py
[2024-09-09T20:56:18.971+0530] {processor.py:927} WARNING - No viable dags retrieved from /home/sst7260/airflow_projects/project1/env/lib/python3.10/site-packages/airflow/example_dags/example_branch_operator.py
[2024-09-09T20:56:18.982+0530] {processor.py:208} INFO - Processing /home/sst7260/airflow_projects/project1/env/lib/python3.10/site-packages/airflow/example_dags/example_branch_operator.py took 0.096 seconds
[2024-09-09T20:57:12.815+0530] {processor.py:186} INFO - Started process (PID=130437) to work on /home/sst7260/airflow_projects/project1/env/lib/python3.10/site-packages/airflow/example_dags/example_branch_operator.py
[2024-09-09T20:57:12.819+0530] {processor.py:914} INFO - Processing file /home/sst7260/airflow_projects/project1/env/lib/python3.10/site-packages/airflow/example_dags/example_branch_operator.py for tasks to queue
[2024-09-09T20:57:12.821+0530] {logging_mixin.py:190} INFO - [2024-09-09T20:57:12.821+0530] {dagbag.py:587} INFO - Filling up the DagBag from /home/sst7260/airflow_projects/project1/env/lib/python3.10/site-packages/airflow/example_dags/example_branch_operator.py
[2024-09-09T20:57:12.903+0530] {processor.py:927} WARNING - No viable dags retrieved from /home/sst7260/airflow_projects/project1/env/lib/python3.10/site-packages/airflow/example_dags/example_branch_operator.py
[2024-09-09T20:57:12.914+0530] {processor.py:208} INFO - Processing /home/sst7260/airflow_projects/project1/env/lib/python3.10/site-packages/airflow/example_dags/example_branch_operator.py took 0.106 seconds
[2024-09-09T20:58:07.450+0530] {processor.py:186} INFO - Started process (PID=130502) to work on /home/sst7260/airflow_projects/project1/env/lib/python3.10/site-packages/airflow/example_dags/example_branch_operator.py
[2024-09-09T20:58:07.459+0530] {processor.py:914} INFO - Processing file /home/sst7260/airflow_projects/project1/env/lib/python3.10/site-packages/airflow/example_dags/example_branch_operator.py for tasks to queue
[2024-09-09T20:58:07.460+0530] {logging_mixin.py:190} INFO - [2024-09-09T20:58:07.460+0530] {dagbag.py:587} INFO - Filling up the DagBag from /home/sst7260/airflow_projects/project1/env/lib/python3.10/site-packages/airflow/example_dags/example_branch_operator.py
[2024-09-09T20:58:07.531+0530] {processor.py:927} WARNING - No viable dags retrieved from /home/sst7260/airflow_projects/project1/env/lib/python3.10/site-packages/airflow/example_dags/example_branch_operator.py
[2024-09-09T20:58:07.538+0530] {processor.py:208} INFO - Processing /home/sst7260/airflow_projects/project1/env/lib/python3.10/site-packages/airflow/example_dags/example_branch_operator.py took 0.093 seconds
[2024-09-09T20:59:02.181+0530] {processor.py:186} INFO - Started process (PID=130661) to work on /home/sst7260/airflow_projects/project1/env/lib/python3.10/site-packages/airflow/example_dags/example_branch_operator.py
[2024-09-09T20:59:02.182+0530] {processor.py:914} INFO - Processing file /home/sst7260/airflow_projects/project1/env/lib/python3.10/site-packages/airflow/example_dags/example_branch_operator.py for tasks to queue
[2024-09-09T20:59:02.184+0530] {logging_mixin.py:190} INFO - [2024-09-09T20:59:02.184+0530] {dagbag.py:587} INFO - Filling up the DagBag from /home/sst7260/airflow_projects/project1/env/lib/python3.10/site-packages/airflow/example_dags/example_branch_operator.py
[2024-09-09T20:59:02.253+0530] {processor.py:927} WARNING - No viable dags retrieved from /home/sst7260/airflow_projects/project1/env/lib/python3.10/site-packages/airflow/example_dags/example_branch_operator.py
[2024-09-09T20:59:02.261+0530] {processor.py:208} INFO - Processing /home/sst7260/airflow_projects/project1/env/lib/python3.10/site-packages/airflow/example_dags/example_branch_operator.py took 0.086 seconds
[2024-09-09T20:59:57.730+0530] {processor.py:186} INFO - Started process (PID=130831) to work on /home/sst7260/airflow_projects/project1/env/lib/python3.10/site-packages/airflow/example_dags/example_branch_operator.py
[2024-09-09T20:59:57.731+0530] {processor.py:914} INFO - Processing file /home/sst7260/airflow_projects/project1/env/lib/python3.10/site-packages/airflow/example_dags/example_branch_operator.py for tasks to queue
[2024-09-09T20:59:57.733+0530] {logging_mixin.py:190} INFO - [2024-09-09T20:59:57.732+0530] {dagbag.py:587} INFO - Filling up the DagBag from /home/sst7260/airflow_projects/project1/env/lib/python3.10/site-packages/airflow/example_dags/example_branch_operator.py
[2024-09-09T20:59:57.758+0530] {processor.py:927} WARNING - No viable dags retrieved from /home/sst7260/airflow_projects/project1/env/lib/python3.10/site-packages/airflow/example_dags/example_branch_operator.py
[2024-09-09T20:59:57.765+0530] {processor.py:208} INFO - Processing /home/sst7260/airflow_projects/project1/env/lib/python3.10/site-packages/airflow/example_dags/example_branch_operator.py took 0.040 seconds
[2024-09-09T21:00:59.808+0530] {processor.py:186} INFO - Started process (PID=131175) to work on /home/sst7260/airflow_projects/project1/env/lib/python3.10/site-packages/airflow/example_dags/example_branch_operator.py
[2024-09-09T21:00:59.809+0530] {processor.py:914} INFO - Processing file /home/sst7260/airflow_projects/project1/env/lib/python3.10/site-packages/airflow/example_dags/example_branch_operator.py for tasks to queue
[2024-09-09T21:00:59.810+0530] {logging_mixin.py:190} INFO - [2024-09-09T21:00:59.810+0530] {dagbag.py:587} INFO - Filling up the DagBag from /home/sst7260/airflow_projects/project1/env/lib/python3.10/site-packages/airflow/example_dags/example_branch_operator.py
[2024-09-09T21:00:59.864+0530] {processor.py:927} WARNING - No viable dags retrieved from /home/sst7260/airflow_projects/project1/env/lib/python3.10/site-packages/airflow/example_dags/example_branch_operator.py
[2024-09-09T21:00:59.871+0530] {processor.py:208} INFO - Processing /home/sst7260/airflow_projects/project1/env/lib/python3.10/site-packages/airflow/example_dags/example_branch_operator.py took 0.069 seconds
[2024-09-09T21:02:01.939+0530] {processor.py:186} INFO - Started process (PID=131290) to work on /home/sst7260/airflow_projects/project1/env/lib/python3.10/site-packages/airflow/example_dags/example_branch_operator.py
[2024-09-09T21:02:01.939+0530] {processor.py:914} INFO - Processing file /home/sst7260/airflow_projects/project1/env/lib/python3.10/site-packages/airflow/example_dags/example_branch_operator.py for tasks to queue
[2024-09-09T21:02:01.941+0530] {logging_mixin.py:190} INFO - [2024-09-09T21:02:01.940+0530] {dagbag.py:587} INFO - Filling up the DagBag from /home/sst7260/airflow_projects/project1/env/lib/python3.10/site-packages/airflow/example_dags/example_branch_operator.py
[2024-09-09T21:02:01.960+0530] {processor.py:927} WARNING - No viable dags retrieved from /home/sst7260/airflow_projects/project1/env/lib/python3.10/site-packages/airflow/example_dags/example_branch_operator.py
[2024-09-09T21:02:01.967+0530] {processor.py:208} INFO - Processing /home/sst7260/airflow_projects/project1/env/lib/python3.10/site-packages/airflow/example_dags/example_branch_operator.py took 0.034 seconds
[2024-09-09T21:02:58.019+0530] {processor.py:186} INFO - Started process (PID=131478) to work on /home/sst7260/airflow_projects/project1/env/lib/python3.10/site-packages/airflow/example_dags/example_branch_operator.py
[2024-09-09T21:02:58.020+0530] {processor.py:914} INFO - Processing file /home/sst7260/airflow_projects/project1/env/lib/python3.10/site-packages/airflow/example_dags/example_branch_operator.py for tasks to queue
[2024-09-09T21:02:58.021+0530] {logging_mixin.py:190} INFO - [2024-09-09T21:02:58.021+0530] {dagbag.py:587} INFO - Filling up the DagBag from /home/sst7260/airflow_projects/project1/env/lib/python3.10/site-packages/airflow/example_dags/example_branch_operator.py
[2024-09-09T21:02:58.073+0530] {processor.py:927} WARNING - No viable dags retrieved from /home/sst7260/airflow_projects/project1/env/lib/python3.10/site-packages/airflow/example_dags/example_branch_operator.py
[2024-09-09T21:02:58.081+0530] {processor.py:208} INFO - Processing /home/sst7260/airflow_projects/project1/env/lib/python3.10/site-packages/airflow/example_dags/example_branch_operator.py took 0.066 seconds
[2024-09-09T21:03:52.769+0530] {processor.py:186} INFO - Started process (PID=131540) to work on /home/sst7260/airflow_projects/project1/env/lib/python3.10/site-packages/airflow/example_dags/example_branch_operator.py
[2024-09-09T21:03:52.772+0530] {processor.py:914} INFO - Processing file /home/sst7260/airflow_projects/project1/env/lib/python3.10/site-packages/airflow/example_dags/example_branch_operator.py for tasks to queue
[2024-09-09T21:03:52.773+0530] {logging_mixin.py:190} INFO - [2024-09-09T21:03:52.773+0530] {dagbag.py:587} INFO - Filling up the DagBag from /home/sst7260/airflow_projects/project1/env/lib/python3.10/site-packages/airflow/example_dags/example_branch_operator.py
[2024-09-09T21:03:52.830+0530] {processor.py:927} WARNING - No viable dags retrieved from /home/sst7260/airflow_projects/project1/env/lib/python3.10/site-packages/airflow/example_dags/example_branch_operator.py
[2024-09-09T21:03:52.839+0530] {processor.py:208} INFO - Processing /home/sst7260/airflow_projects/project1/env/lib/python3.10/site-packages/airflow/example_dags/example_branch_operator.py took 0.081 seconds
[2024-09-09T21:04:48.523+0530] {processor.py:186} INFO - Started process (PID=131674) to work on /home/sst7260/airflow_projects/project1/env/lib/python3.10/site-packages/airflow/example_dags/example_branch_operator.py
[2024-09-09T21:04:48.524+0530] {processor.py:914} INFO - Processing file /home/sst7260/airflow_projects/project1/env/lib/python3.10/site-packages/airflow/example_dags/example_branch_operator.py for tasks to queue
[2024-09-09T21:04:48.526+0530] {logging_mixin.py:190} INFO - [2024-09-09T21:04:48.526+0530] {dagbag.py:587} INFO - Filling up the DagBag from /home/sst7260/airflow_projects/project1/env/lib/python3.10/site-packages/airflow/example_dags/example_branch_operator.py
[2024-09-09T21:04:48.593+0530] {processor.py:927} WARNING - No viable dags retrieved from /home/sst7260/airflow_projects/project1/env/lib/python3.10/site-packages/airflow/example_dags/example_branch_operator.py
[2024-09-09T21:04:48.605+0530] {processor.py:208} INFO - Processing /home/sst7260/airflow_projects/project1/env/lib/python3.10/site-packages/airflow/example_dags/example_branch_operator.py took 0.088 seconds
[2024-09-09T21:05:46.425+0530] {processor.py:186} INFO - Started process (PID=131865) to work on /home/sst7260/airflow_projects/project1/env/lib/python3.10/site-packages/airflow/example_dags/example_branch_operator.py
[2024-09-09T21:05:46.433+0530] {processor.py:914} INFO - Processing file /home/sst7260/airflow_projects/project1/env/lib/python3.10/site-packages/airflow/example_dags/example_branch_operator.py for tasks to queue
[2024-09-09T21:05:46.435+0530] {logging_mixin.py:190} INFO - [2024-09-09T21:05:46.435+0530] {dagbag.py:587} INFO - Filling up the DagBag from /home/sst7260/airflow_projects/project1/env/lib/python3.10/site-packages/airflow/example_dags/example_branch_operator.py
[2024-09-09T21:05:46.498+0530] {processor.py:927} WARNING - No viable dags retrieved from /home/sst7260/airflow_projects/project1/env/lib/python3.10/site-packages/airflow/example_dags/example_branch_operator.py
[2024-09-09T21:05:46.506+0530] {processor.py:208} INFO - Processing /home/sst7260/airflow_projects/project1/env/lib/python3.10/site-packages/airflow/example_dags/example_branch_operator.py took 0.086 seconds
[2024-09-09T21:06:40.001+0530] {processor.py:186} INFO - Started process (PID=131931) to work on /home/sst7260/airflow_projects/project1/env/lib/python3.10/site-packages/airflow/example_dags/example_branch_operator.py
[2024-09-09T21:06:40.002+0530] {processor.py:914} INFO - Processing file /home/sst7260/airflow_projects/project1/env/lib/python3.10/site-packages/airflow/example_dags/example_branch_operator.py for tasks to queue
[2024-09-09T21:06:40.003+0530] {logging_mixin.py:190} INFO - [2024-09-09T21:06:40.003+0530] {dagbag.py:587} INFO - Filling up the DagBag from /home/sst7260/airflow_projects/project1/env/lib/python3.10/site-packages/airflow/example_dags/example_branch_operator.py
[2024-09-09T21:06:40.078+0530] {processor.py:927} WARNING - No viable dags retrieved from /home/sst7260/airflow_projects/project1/env/lib/python3.10/site-packages/airflow/example_dags/example_branch_operator.py
[2024-09-09T21:06:40.085+0530] {processor.py:208} INFO - Processing /home/sst7260/airflow_projects/project1/env/lib/python3.10/site-packages/airflow/example_dags/example_branch_operator.py took 0.089 seconds
[2024-09-09T21:07:34.295+0530] {processor.py:186} INFO - Started process (PID=131996) to work on /home/sst7260/airflow_projects/project1/env/lib/python3.10/site-packages/airflow/example_dags/example_branch_operator.py
[2024-09-09T21:07:34.297+0530] {processor.py:914} INFO - Processing file /home/sst7260/airflow_projects/project1/env/lib/python3.10/site-packages/airflow/example_dags/example_branch_operator.py for tasks to queue
[2024-09-09T21:07:34.298+0530] {logging_mixin.py:190} INFO - [2024-09-09T21:07:34.298+0530] {dagbag.py:587} INFO - Filling up the DagBag from /home/sst7260/airflow_projects/project1/env/lib/python3.10/site-packages/airflow/example_dags/example_branch_operator.py
[2024-09-09T21:07:34.382+0530] {processor.py:927} WARNING - No viable dags retrieved from /home/sst7260/airflow_projects/project1/env/lib/python3.10/site-packages/airflow/example_dags/example_branch_operator.py
[2024-09-09T21:07:34.389+0530] {processor.py:208} INFO - Processing /home/sst7260/airflow_projects/project1/env/lib/python3.10/site-packages/airflow/example_dags/example_branch_operator.py took 0.098 seconds
[2024-09-09T21:08:28.533+0530] {processor.py:186} INFO - Started process (PID=132059) to work on /home/sst7260/airflow_projects/project1/env/lib/python3.10/site-packages/airflow/example_dags/example_branch_operator.py
[2024-09-09T21:08:28.535+0530] {processor.py:914} INFO - Processing file /home/sst7260/airflow_projects/project1/env/lib/python3.10/site-packages/airflow/example_dags/example_branch_operator.py for tasks to queue
[2024-09-09T21:08:28.536+0530] {logging_mixin.py:190} INFO - [2024-09-09T21:08:28.536+0530] {dagbag.py:587} INFO - Filling up the DagBag from /home/sst7260/airflow_projects/project1/env/lib/python3.10/site-packages/airflow/example_dags/example_branch_operator.py
[2024-09-09T21:08:28.607+0530] {processor.py:927} WARNING - No viable dags retrieved from /home/sst7260/airflow_projects/project1/env/lib/python3.10/site-packages/airflow/example_dags/example_branch_operator.py
[2024-09-09T21:08:28.614+0530] {processor.py:208} INFO - Processing /home/sst7260/airflow_projects/project1/env/lib/python3.10/site-packages/airflow/example_dags/example_branch_operator.py took 0.085 seconds
[2024-09-09T21:09:25.318+0530] {processor.py:186} INFO - Started process (PID=132126) to work on /home/sst7260/airflow_projects/project1/env/lib/python3.10/site-packages/airflow/example_dags/example_branch_operator.py
[2024-09-09T21:09:25.319+0530] {processor.py:914} INFO - Processing file /home/sst7260/airflow_projects/project1/env/lib/python3.10/site-packages/airflow/example_dags/example_branch_operator.py for tasks to queue
[2024-09-09T21:09:25.321+0530] {logging_mixin.py:190} INFO - [2024-09-09T21:09:25.320+0530] {dagbag.py:587} INFO - Filling up the DagBag from /home/sst7260/airflow_projects/project1/env/lib/python3.10/site-packages/airflow/example_dags/example_branch_operator.py
[2024-09-09T21:09:25.347+0530] {processor.py:927} WARNING - No viable dags retrieved from /home/sst7260/airflow_projects/project1/env/lib/python3.10/site-packages/airflow/example_dags/example_branch_operator.py
[2024-09-09T21:09:25.358+0530] {processor.py:208} INFO - Processing /home/sst7260/airflow_projects/project1/env/lib/python3.10/site-packages/airflow/example_dags/example_branch_operator.py took 0.046 seconds
[2024-09-09T21:10:20.065+0530] {processor.py:186} INFO - Started process (PID=132195) to work on /home/sst7260/airflow_projects/project1/env/lib/python3.10/site-packages/airflow/example_dags/example_branch_operator.py
[2024-09-09T21:10:20.070+0530] {processor.py:914} INFO - Processing file /home/sst7260/airflow_projects/project1/env/lib/python3.10/site-packages/airflow/example_dags/example_branch_operator.py for tasks to queue
[2024-09-09T21:10:20.072+0530] {logging_mixin.py:190} INFO - [2024-09-09T21:10:20.072+0530] {dagbag.py:587} INFO - Filling up the DagBag from /home/sst7260/airflow_projects/project1/env/lib/python3.10/site-packages/airflow/example_dags/example_branch_operator.py
[2024-09-09T21:10:20.098+0530] {processor.py:927} WARNING - No viable dags retrieved from /home/sst7260/airflow_projects/project1/env/lib/python3.10/site-packages/airflow/example_dags/example_branch_operator.py
[2024-09-09T21:10:20.105+0530] {processor.py:208} INFO - Processing /home/sst7260/airflow_projects/project1/env/lib/python3.10/site-packages/airflow/example_dags/example_branch_operator.py took 0.046 seconds
[2024-09-09T21:11:10.760+0530] {processor.py:186} INFO - Started process (PID=132284) to work on /home/sst7260/airflow_projects/project1/env/lib/python3.10/site-packages/airflow/example_dags/example_branch_operator.py
[2024-09-09T21:11:10.762+0530] {processor.py:914} INFO - Processing file /home/sst7260/airflow_projects/project1/env/lib/python3.10/site-packages/airflow/example_dags/example_branch_operator.py for tasks to queue
[2024-09-09T21:11:10.764+0530] {logging_mixin.py:190} INFO - [2024-09-09T21:11:10.763+0530] {dagbag.py:587} INFO - Filling up the DagBag from /home/sst7260/airflow_projects/project1/env/lib/python3.10/site-packages/airflow/example_dags/example_branch_operator.py
[2024-09-09T21:11:10.785+0530] {processor.py:927} WARNING - No viable dags retrieved from /home/sst7260/airflow_projects/project1/env/lib/python3.10/site-packages/airflow/example_dags/example_branch_operator.py
[2024-09-09T21:11:10.795+0530] {processor.py:208} INFO - Processing /home/sst7260/airflow_projects/project1/env/lib/python3.10/site-packages/airflow/example_dags/example_branch_operator.py took 0.040 seconds
[2024-09-09T21:12:04.034+0530] {processor.py:186} INFO - Started process (PID=132348) to work on /home/sst7260/airflow_projects/project1/env/lib/python3.10/site-packages/airflow/example_dags/example_branch_operator.py
[2024-09-09T21:12:04.036+0530] {processor.py:914} INFO - Processing file /home/sst7260/airflow_projects/project1/env/lib/python3.10/site-packages/airflow/example_dags/example_branch_operator.py for tasks to queue
[2024-09-09T21:12:04.037+0530] {logging_mixin.py:190} INFO - [2024-09-09T21:12:04.037+0530] {dagbag.py:587} INFO - Filling up the DagBag from /home/sst7260/airflow_projects/project1/env/lib/python3.10/site-packages/airflow/example_dags/example_branch_operator.py
[2024-09-09T21:12:04.061+0530] {processor.py:927} WARNING - No viable dags retrieved from /home/sst7260/airflow_projects/project1/env/lib/python3.10/site-packages/airflow/example_dags/example_branch_operator.py
[2024-09-09T21:12:04.068+0530] {processor.py:208} INFO - Processing /home/sst7260/airflow_projects/project1/env/lib/python3.10/site-packages/airflow/example_dags/example_branch_operator.py took 0.038 seconds
[2024-09-09T21:12:57.279+0530] {processor.py:186} INFO - Started process (PID=132409) to work on /home/sst7260/airflow_projects/project1/env/lib/python3.10/site-packages/airflow/example_dags/example_branch_operator.py
[2024-09-09T21:12:57.281+0530] {processor.py:914} INFO - Processing file /home/sst7260/airflow_projects/project1/env/lib/python3.10/site-packages/airflow/example_dags/example_branch_operator.py for tasks to queue
[2024-09-09T21:12:57.282+0530] {logging_mixin.py:190} INFO - [2024-09-09T21:12:57.282+0530] {dagbag.py:587} INFO - Filling up the DagBag from /home/sst7260/airflow_projects/project1/env/lib/python3.10/site-packages/airflow/example_dags/example_branch_operator.py
[2024-09-09T21:12:57.348+0530] {processor.py:927} WARNING - No viable dags retrieved from /home/sst7260/airflow_projects/project1/env/lib/python3.10/site-packages/airflow/example_dags/example_branch_operator.py
[2024-09-09T21:12:57.356+0530] {processor.py:208} INFO - Processing /home/sst7260/airflow_projects/project1/env/lib/python3.10/site-packages/airflow/example_dags/example_branch_operator.py took 0.082 seconds
[2024-09-09T21:13:54.004+0530] {processor.py:186} INFO - Started process (PID=132475) to work on /home/sst7260/airflow_projects/project1/env/lib/python3.10/site-packages/airflow/example_dags/example_branch_operator.py
[2024-09-09T21:13:54.005+0530] {processor.py:914} INFO - Processing file /home/sst7260/airflow_projects/project1/env/lib/python3.10/site-packages/airflow/example_dags/example_branch_operator.py for tasks to queue
[2024-09-09T21:13:54.006+0530] {logging_mixin.py:190} INFO - [2024-09-09T21:13:54.006+0530] {dagbag.py:587} INFO - Filling up the DagBag from /home/sst7260/airflow_projects/project1/env/lib/python3.10/site-packages/airflow/example_dags/example_branch_operator.py
[2024-09-09T21:13:54.080+0530] {processor.py:927} WARNING - No viable dags retrieved from /home/sst7260/airflow_projects/project1/env/lib/python3.10/site-packages/airflow/example_dags/example_branch_operator.py
[2024-09-09T21:13:54.089+0530] {processor.py:208} INFO - Processing /home/sst7260/airflow_projects/project1/env/lib/python3.10/site-packages/airflow/example_dags/example_branch_operator.py took 0.090 seconds
[2024-09-09T21:14:52.556+0530] {processor.py:186} INFO - Started process (PID=132540) to work on /home/sst7260/airflow_projects/project1/env/lib/python3.10/site-packages/airflow/example_dags/example_branch_operator.py
[2024-09-09T21:14:52.558+0530] {processor.py:914} INFO - Processing file /home/sst7260/airflow_projects/project1/env/lib/python3.10/site-packages/airflow/example_dags/example_branch_operator.py for tasks to queue
[2024-09-09T21:14:52.559+0530] {logging_mixin.py:190} INFO - [2024-09-09T21:14:52.559+0530] {dagbag.py:587} INFO - Filling up the DagBag from /home/sst7260/airflow_projects/project1/env/lib/python3.10/site-packages/airflow/example_dags/example_branch_operator.py
[2024-09-09T21:14:52.616+0530] {processor.py:927} WARNING - No viable dags retrieved from /home/sst7260/airflow_projects/project1/env/lib/python3.10/site-packages/airflow/example_dags/example_branch_operator.py
[2024-09-09T21:14:52.627+0530] {processor.py:208} INFO - Processing /home/sst7260/airflow_projects/project1/env/lib/python3.10/site-packages/airflow/example_dags/example_branch_operator.py took 0.075 seconds
[2024-09-09T21:15:50.799+0530] {processor.py:186} INFO - Started process (PID=132704) to work on /home/sst7260/airflow_projects/project1/env/lib/python3.10/site-packages/airflow/example_dags/example_branch_operator.py
[2024-09-09T21:15:50.808+0530] {processor.py:914} INFO - Processing file /home/sst7260/airflow_projects/project1/env/lib/python3.10/site-packages/airflow/example_dags/example_branch_operator.py for tasks to queue
[2024-09-09T21:15:50.810+0530] {logging_mixin.py:190} INFO - [2024-09-09T21:15:50.809+0530] {dagbag.py:587} INFO - Filling up the DagBag from /home/sst7260/airflow_projects/project1/env/lib/python3.10/site-packages/airflow/example_dags/example_branch_operator.py
[2024-09-09T21:15:50.848+0530] {processor.py:927} WARNING - No viable dags retrieved from /home/sst7260/airflow_projects/project1/env/lib/python3.10/site-packages/airflow/example_dags/example_branch_operator.py
[2024-09-09T21:15:50.856+0530] {processor.py:208} INFO - Processing /home/sst7260/airflow_projects/project1/env/lib/python3.10/site-packages/airflow/example_dags/example_branch_operator.py took 0.062 seconds
[2024-09-09T21:16:44.168+0530] {processor.py:186} INFO - Started process (PID=132771) to work on /home/sst7260/airflow_projects/project1/env/lib/python3.10/site-packages/airflow/example_dags/example_branch_operator.py
[2024-09-09T21:16:44.172+0530] {processor.py:914} INFO - Processing file /home/sst7260/airflow_projects/project1/env/lib/python3.10/site-packages/airflow/example_dags/example_branch_operator.py for tasks to queue
[2024-09-09T21:16:44.173+0530] {logging_mixin.py:190} INFO - [2024-09-09T21:16:44.172+0530] {dagbag.py:587} INFO - Filling up the DagBag from /home/sst7260/airflow_projects/project1/env/lib/python3.10/site-packages/airflow/example_dags/example_branch_operator.py
[2024-09-09T21:16:44.235+0530] {processor.py:927} WARNING - No viable dags retrieved from /home/sst7260/airflow_projects/project1/env/lib/python3.10/site-packages/airflow/example_dags/example_branch_operator.py
[2024-09-09T21:16:44.241+0530] {processor.py:208} INFO - Processing /home/sst7260/airflow_projects/project1/env/lib/python3.10/site-packages/airflow/example_dags/example_branch_operator.py took 0.079 seconds
[2024-09-09T21:17:39.476+0530] {processor.py:186} INFO - Started process (PID=132839) to work on /home/sst7260/airflow_projects/project1/env/lib/python3.10/site-packages/airflow/example_dags/example_branch_operator.py
[2024-09-09T21:17:39.479+0530] {processor.py:914} INFO - Processing file /home/sst7260/airflow_projects/project1/env/lib/python3.10/site-packages/airflow/example_dags/example_branch_operator.py for tasks to queue
[2024-09-09T21:17:39.480+0530] {logging_mixin.py:190} INFO - [2024-09-09T21:17:39.480+0530] {dagbag.py:587} INFO - Filling up the DagBag from /home/sst7260/airflow_projects/project1/env/lib/python3.10/site-packages/airflow/example_dags/example_branch_operator.py
[2024-09-09T21:17:39.527+0530] {processor.py:927} WARNING - No viable dags retrieved from /home/sst7260/airflow_projects/project1/env/lib/python3.10/site-packages/airflow/example_dags/example_branch_operator.py
[2024-09-09T21:17:39.534+0530] {processor.py:208} INFO - Processing /home/sst7260/airflow_projects/project1/env/lib/python3.10/site-packages/airflow/example_dags/example_branch_operator.py took 0.062 seconds
[2024-09-09T21:18:34.782+0530] {processor.py:186} INFO - Started process (PID=132902) to work on /home/sst7260/airflow_projects/project1/env/lib/python3.10/site-packages/airflow/example_dags/example_branch_operator.py
[2024-09-09T21:18:34.786+0530] {processor.py:914} INFO - Processing file /home/sst7260/airflow_projects/project1/env/lib/python3.10/site-packages/airflow/example_dags/example_branch_operator.py for tasks to queue
[2024-09-09T21:18:34.787+0530] {logging_mixin.py:190} INFO - [2024-09-09T21:18:34.787+0530] {dagbag.py:587} INFO - Filling up the DagBag from /home/sst7260/airflow_projects/project1/env/lib/python3.10/site-packages/airflow/example_dags/example_branch_operator.py
[2024-09-09T21:18:34.860+0530] {processor.py:927} WARNING - No viable dags retrieved from /home/sst7260/airflow_projects/project1/env/lib/python3.10/site-packages/airflow/example_dags/example_branch_operator.py
[2024-09-09T21:18:34.868+0530] {processor.py:208} INFO - Processing /home/sst7260/airflow_projects/project1/env/lib/python3.10/site-packages/airflow/example_dags/example_branch_operator.py took 0.091 seconds
[2024-09-09T21:19:32.509+0530] {processor.py:186} INFO - Started process (PID=132968) to work on /home/sst7260/airflow_projects/project1/env/lib/python3.10/site-packages/airflow/example_dags/example_branch_operator.py
[2024-09-09T21:19:32.511+0530] {processor.py:914} INFO - Processing file /home/sst7260/airflow_projects/project1/env/lib/python3.10/site-packages/airflow/example_dags/example_branch_operator.py for tasks to queue
[2024-09-09T21:19:32.512+0530] {logging_mixin.py:190} INFO - [2024-09-09T21:19:32.512+0530] {dagbag.py:587} INFO - Filling up the DagBag from /home/sst7260/airflow_projects/project1/env/lib/python3.10/site-packages/airflow/example_dags/example_branch_operator.py
[2024-09-09T21:19:32.582+0530] {processor.py:927} WARNING - No viable dags retrieved from /home/sst7260/airflow_projects/project1/env/lib/python3.10/site-packages/airflow/example_dags/example_branch_operator.py
[2024-09-09T21:19:32.594+0530] {processor.py:208} INFO - Processing /home/sst7260/airflow_projects/project1/env/lib/python3.10/site-packages/airflow/example_dags/example_branch_operator.py took 0.092 seconds
[2024-09-09T21:20:25.729+0530] {processor.py:186} INFO - Started process (PID=133035) to work on /home/sst7260/airflow_projects/project1/env/lib/python3.10/site-packages/airflow/example_dags/example_branch_operator.py
[2024-09-09T21:20:25.733+0530] {processor.py:914} INFO - Processing file /home/sst7260/airflow_projects/project1/env/lib/python3.10/site-packages/airflow/example_dags/example_branch_operator.py for tasks to queue
[2024-09-09T21:20:25.734+0530] {logging_mixin.py:190} INFO - [2024-09-09T21:20:25.734+0530] {dagbag.py:587} INFO - Filling up the DagBag from /home/sst7260/airflow_projects/project1/env/lib/python3.10/site-packages/airflow/example_dags/example_branch_operator.py
[2024-09-09T21:20:25.765+0530] {processor.py:927} WARNING - No viable dags retrieved from /home/sst7260/airflow_projects/project1/env/lib/python3.10/site-packages/airflow/example_dags/example_branch_operator.py
[2024-09-09T21:20:25.775+0530] {processor.py:208} INFO - Processing /home/sst7260/airflow_projects/project1/env/lib/python3.10/site-packages/airflow/example_dags/example_branch_operator.py took 0.050 seconds
[2024-09-09T21:21:22.628+0530] {processor.py:186} INFO - Started process (PID=133192) to work on /home/sst7260/airflow_projects/project1/env/lib/python3.10/site-packages/airflow/example_dags/example_branch_operator.py
[2024-09-09T21:21:22.629+0530] {processor.py:914} INFO - Processing file /home/sst7260/airflow_projects/project1/env/lib/python3.10/site-packages/airflow/example_dags/example_branch_operator.py for tasks to queue
[2024-09-09T21:21:22.630+0530] {logging_mixin.py:190} INFO - [2024-09-09T21:21:22.630+0530] {dagbag.py:587} INFO - Filling up the DagBag from /home/sst7260/airflow_projects/project1/env/lib/python3.10/site-packages/airflow/example_dags/example_branch_operator.py
[2024-09-09T21:21:22.666+0530] {processor.py:927} WARNING - No viable dags retrieved from /home/sst7260/airflow_projects/project1/env/lib/python3.10/site-packages/airflow/example_dags/example_branch_operator.py
[2024-09-09T21:21:22.673+0530] {processor.py:208} INFO - Processing /home/sst7260/airflow_projects/project1/env/lib/python3.10/site-packages/airflow/example_dags/example_branch_operator.py took 0.050 seconds
[2024-09-09T21:22:15.307+0530] {processor.py:186} INFO - Started process (PID=133257) to work on /home/sst7260/airflow_projects/project1/env/lib/python3.10/site-packages/airflow/example_dags/example_branch_operator.py
[2024-09-09T21:22:15.309+0530] {processor.py:914} INFO - Processing file /home/sst7260/airflow_projects/project1/env/lib/python3.10/site-packages/airflow/example_dags/example_branch_operator.py for tasks to queue
[2024-09-09T21:22:15.310+0530] {logging_mixin.py:190} INFO - [2024-09-09T21:22:15.309+0530] {dagbag.py:587} INFO - Filling up the DagBag from /home/sst7260/airflow_projects/project1/env/lib/python3.10/site-packages/airflow/example_dags/example_branch_operator.py
[2024-09-09T21:22:15.382+0530] {processor.py:927} WARNING - No viable dags retrieved from /home/sst7260/airflow_projects/project1/env/lib/python3.10/site-packages/airflow/example_dags/example_branch_operator.py
[2024-09-09T21:22:15.389+0530] {processor.py:208} INFO - Processing /home/sst7260/airflow_projects/project1/env/lib/python3.10/site-packages/airflow/example_dags/example_branch_operator.py took 0.086 seconds
[2024-09-09T21:23:08.272+0530] {processor.py:186} INFO - Started process (PID=133321) to work on /home/sst7260/airflow_projects/project1/env/lib/python3.10/site-packages/airflow/example_dags/example_branch_operator.py
[2024-09-09T21:23:08.274+0530] {processor.py:914} INFO - Processing file /home/sst7260/airflow_projects/project1/env/lib/python3.10/site-packages/airflow/example_dags/example_branch_operator.py for tasks to queue
[2024-09-09T21:23:08.275+0530] {logging_mixin.py:190} INFO - [2024-09-09T21:23:08.275+0530] {dagbag.py:587} INFO - Filling up the DagBag from /home/sst7260/airflow_projects/project1/env/lib/python3.10/site-packages/airflow/example_dags/example_branch_operator.py
[2024-09-09T21:23:08.349+0530] {processor.py:927} WARNING - No viable dags retrieved from /home/sst7260/airflow_projects/project1/env/lib/python3.10/site-packages/airflow/example_dags/example_branch_operator.py
[2024-09-09T21:23:08.358+0530] {processor.py:208} INFO - Processing /home/sst7260/airflow_projects/project1/env/lib/python3.10/site-packages/airflow/example_dags/example_branch_operator.py took 0.090 seconds
[2024-09-09T21:24:03.273+0530] {processor.py:186} INFO - Started process (PID=133383) to work on /home/sst7260/airflow_projects/project1/env/lib/python3.10/site-packages/airflow/example_dags/example_branch_operator.py
[2024-09-09T21:24:03.274+0530] {processor.py:914} INFO - Processing file /home/sst7260/airflow_projects/project1/env/lib/python3.10/site-packages/airflow/example_dags/example_branch_operator.py for tasks to queue
[2024-09-09T21:24:03.275+0530] {logging_mixin.py:190} INFO - [2024-09-09T21:24:03.275+0530] {dagbag.py:587} INFO - Filling up the DagBag from /home/sst7260/airflow_projects/project1/env/lib/python3.10/site-packages/airflow/example_dags/example_branch_operator.py
[2024-09-09T21:24:03.340+0530] {processor.py:927} WARNING - No viable dags retrieved from /home/sst7260/airflow_projects/project1/env/lib/python3.10/site-packages/airflow/example_dags/example_branch_operator.py
[2024-09-09T21:24:03.348+0530] {processor.py:208} INFO - Processing /home/sst7260/airflow_projects/project1/env/lib/python3.10/site-packages/airflow/example_dags/example_branch_operator.py took 0.080 seconds
[2024-09-09T21:25:00.676+0530] {processor.py:186} INFO - Started process (PID=133454) to work on /home/sst7260/airflow_projects/project1/env/lib/python3.10/site-packages/airflow/example_dags/example_branch_operator.py
[2024-09-09T21:25:00.677+0530] {processor.py:914} INFO - Processing file /home/sst7260/airflow_projects/project1/env/lib/python3.10/site-packages/airflow/example_dags/example_branch_operator.py for tasks to queue
[2024-09-09T21:25:00.678+0530] {logging_mixin.py:190} INFO - [2024-09-09T21:25:00.678+0530] {dagbag.py:587} INFO - Filling up the DagBag from /home/sst7260/airflow_projects/project1/env/lib/python3.10/site-packages/airflow/example_dags/example_branch_operator.py
[2024-09-09T21:25:00.745+0530] {processor.py:927} WARNING - No viable dags retrieved from /home/sst7260/airflow_projects/project1/env/lib/python3.10/site-packages/airflow/example_dags/example_branch_operator.py
[2024-09-09T21:25:00.754+0530] {processor.py:208} INFO - Processing /home/sst7260/airflow_projects/project1/env/lib/python3.10/site-packages/airflow/example_dags/example_branch_operator.py took 0.083 seconds
[2024-09-09T21:25:58.850+0530] {processor.py:186} INFO - Started process (PID=133610) to work on /home/sst7260/airflow_projects/project1/env/lib/python3.10/site-packages/airflow/example_dags/example_branch_operator.py
[2024-09-09T21:25:58.851+0530] {processor.py:914} INFO - Processing file /home/sst7260/airflow_projects/project1/env/lib/python3.10/site-packages/airflow/example_dags/example_branch_operator.py for tasks to queue
[2024-09-09T21:25:58.853+0530] {logging_mixin.py:190} INFO - [2024-09-09T21:25:58.852+0530] {dagbag.py:587} INFO - Filling up the DagBag from /home/sst7260/airflow_projects/project1/env/lib/python3.10/site-packages/airflow/example_dags/example_branch_operator.py
[2024-09-09T21:25:58.906+0530] {processor.py:927} WARNING - No viable dags retrieved from /home/sst7260/airflow_projects/project1/env/lib/python3.10/site-packages/airflow/example_dags/example_branch_operator.py
[2024-09-09T21:25:58.921+0530] {processor.py:208} INFO - Processing /home/sst7260/airflow_projects/project1/env/lib/python3.10/site-packages/airflow/example_dags/example_branch_operator.py took 0.075 seconds
[2024-09-09T21:26:54.463+0530] {processor.py:186} INFO - Started process (PID=133675) to work on /home/sst7260/airflow_projects/project1/env/lib/python3.10/site-packages/airflow/example_dags/example_branch_operator.py
[2024-09-09T21:26:54.464+0530] {processor.py:914} INFO - Processing file /home/sst7260/airflow_projects/project1/env/lib/python3.10/site-packages/airflow/example_dags/example_branch_operator.py for tasks to queue
[2024-09-09T21:26:54.465+0530] {logging_mixin.py:190} INFO - [2024-09-09T21:26:54.465+0530] {dagbag.py:587} INFO - Filling up the DagBag from /home/sst7260/airflow_projects/project1/env/lib/python3.10/site-packages/airflow/example_dags/example_branch_operator.py
[2024-09-09T21:26:54.509+0530] {processor.py:927} WARNING - No viable dags retrieved from /home/sst7260/airflow_projects/project1/env/lib/python3.10/site-packages/airflow/example_dags/example_branch_operator.py
[2024-09-09T21:26:54.518+0530] {processor.py:208} INFO - Processing /home/sst7260/airflow_projects/project1/env/lib/python3.10/site-packages/airflow/example_dags/example_branch_operator.py took 0.059 seconds
[2024-09-09T21:27:47.378+0530] {processor.py:186} INFO - Started process (PID=133800) to work on /home/sst7260/airflow_projects/project1/env/lib/python3.10/site-packages/airflow/example_dags/example_branch_operator.py
[2024-09-09T21:27:47.381+0530] {processor.py:914} INFO - Processing file /home/sst7260/airflow_projects/project1/env/lib/python3.10/site-packages/airflow/example_dags/example_branch_operator.py for tasks to queue
[2024-09-09T21:27:47.383+0530] {logging_mixin.py:190} INFO - [2024-09-09T21:27:47.382+0530] {dagbag.py:587} INFO - Filling up the DagBag from /home/sst7260/airflow_projects/project1/env/lib/python3.10/site-packages/airflow/example_dags/example_branch_operator.py
[2024-09-09T21:27:47.431+0530] {processor.py:927} WARNING - No viable dags retrieved from /home/sst7260/airflow_projects/project1/env/lib/python3.10/site-packages/airflow/example_dags/example_branch_operator.py
[2024-09-09T21:27:47.439+0530] {processor.py:208} INFO - Processing /home/sst7260/airflow_projects/project1/env/lib/python3.10/site-packages/airflow/example_dags/example_branch_operator.py took 0.065 seconds
[2024-09-09T21:28:43.705+0530] {processor.py:186} INFO - Started process (PID=133862) to work on /home/sst7260/airflow_projects/project1/env/lib/python3.10/site-packages/airflow/example_dags/example_branch_operator.py
[2024-09-09T21:28:43.708+0530] {processor.py:914} INFO - Processing file /home/sst7260/airflow_projects/project1/env/lib/python3.10/site-packages/airflow/example_dags/example_branch_operator.py for tasks to queue
[2024-09-09T21:28:43.710+0530] {logging_mixin.py:190} INFO - [2024-09-09T21:28:43.710+0530] {dagbag.py:587} INFO - Filling up the DagBag from /home/sst7260/airflow_projects/project1/env/lib/python3.10/site-packages/airflow/example_dags/example_branch_operator.py
[2024-09-09T21:28:43.778+0530] {processor.py:927} WARNING - No viable dags retrieved from /home/sst7260/airflow_projects/project1/env/lib/python3.10/site-packages/airflow/example_dags/example_branch_operator.py
[2024-09-09T21:28:43.786+0530] {processor.py:208} INFO - Processing /home/sst7260/airflow_projects/project1/env/lib/python3.10/site-packages/airflow/example_dags/example_branch_operator.py took 0.086 seconds
[2024-09-09T21:29:40.516+0530] {processor.py:186} INFO - Started process (PID=133934) to work on /home/sst7260/airflow_projects/project1/env/lib/python3.10/site-packages/airflow/example_dags/example_branch_operator.py
[2024-09-09T21:29:40.517+0530] {processor.py:914} INFO - Processing file /home/sst7260/airflow_projects/project1/env/lib/python3.10/site-packages/airflow/example_dags/example_branch_operator.py for tasks to queue
[2024-09-09T21:29:40.518+0530] {logging_mixin.py:190} INFO - [2024-09-09T21:29:40.517+0530] {dagbag.py:587} INFO - Filling up the DagBag from /home/sst7260/airflow_projects/project1/env/lib/python3.10/site-packages/airflow/example_dags/example_branch_operator.py
[2024-09-09T21:29:40.583+0530] {processor.py:927} WARNING - No viable dags retrieved from /home/sst7260/airflow_projects/project1/env/lib/python3.10/site-packages/airflow/example_dags/example_branch_operator.py
[2024-09-09T21:29:40.591+0530] {processor.py:208} INFO - Processing /home/sst7260/airflow_projects/project1/env/lib/python3.10/site-packages/airflow/example_dags/example_branch_operator.py took 0.080 seconds
[2024-09-09T21:30:33.564+0530] {processor.py:186} INFO - Started process (PID=134010) to work on /home/sst7260/airflow_projects/project1/env/lib/python3.10/site-packages/airflow/example_dags/example_branch_operator.py
[2024-09-09T21:30:33.569+0530] {processor.py:914} INFO - Processing file /home/sst7260/airflow_projects/project1/env/lib/python3.10/site-packages/airflow/example_dags/example_branch_operator.py for tasks to queue
[2024-09-09T21:30:33.570+0530] {logging_mixin.py:190} INFO - [2024-09-09T21:30:33.570+0530] {dagbag.py:587} INFO - Filling up the DagBag from /home/sst7260/airflow_projects/project1/env/lib/python3.10/site-packages/airflow/example_dags/example_branch_operator.py
[2024-09-09T21:30:33.588+0530] {processor.py:927} WARNING - No viable dags retrieved from /home/sst7260/airflow_projects/project1/env/lib/python3.10/site-packages/airflow/example_dags/example_branch_operator.py
[2024-09-09T21:30:33.599+0530] {processor.py:208} INFO - Processing /home/sst7260/airflow_projects/project1/env/lib/python3.10/site-packages/airflow/example_dags/example_branch_operator.py took 0.044 seconds
[2024-09-09T21:31:30.062+0530] {processor.py:186} INFO - Started process (PID=134089) to work on /home/sst7260/airflow_projects/project1/env/lib/python3.10/site-packages/airflow/example_dags/example_branch_operator.py
[2024-09-09T21:31:30.063+0530] {processor.py:914} INFO - Processing file /home/sst7260/airflow_projects/project1/env/lib/python3.10/site-packages/airflow/example_dags/example_branch_operator.py for tasks to queue
[2024-09-09T21:31:30.064+0530] {logging_mixin.py:190} INFO - [2024-09-09T21:31:30.064+0530] {dagbag.py:587} INFO - Filling up the DagBag from /home/sst7260/airflow_projects/project1/env/lib/python3.10/site-packages/airflow/example_dags/example_branch_operator.py
[2024-09-09T21:31:30.120+0530] {processor.py:927} WARNING - No viable dags retrieved from /home/sst7260/airflow_projects/project1/env/lib/python3.10/site-packages/airflow/example_dags/example_branch_operator.py
[2024-09-09T21:31:30.128+0530] {processor.py:208} INFO - Processing /home/sst7260/airflow_projects/project1/env/lib/python3.10/site-packages/airflow/example_dags/example_branch_operator.py took 0.070 seconds
[2024-09-09T21:32:23.729+0530] {processor.py:186} INFO - Started process (PID=134153) to work on /home/sst7260/airflow_projects/project1/env/lib/python3.10/site-packages/airflow/example_dags/example_branch_operator.py
[2024-09-09T21:32:23.731+0530] {processor.py:914} INFO - Processing file /home/sst7260/airflow_projects/project1/env/lib/python3.10/site-packages/airflow/example_dags/example_branch_operator.py for tasks to queue
[2024-09-09T21:32:23.732+0530] {logging_mixin.py:190} INFO - [2024-09-09T21:32:23.732+0530] {dagbag.py:587} INFO - Filling up the DagBag from /home/sst7260/airflow_projects/project1/env/lib/python3.10/site-packages/airflow/example_dags/example_branch_operator.py
[2024-09-09T21:32:23.799+0530] {processor.py:927} WARNING - No viable dags retrieved from /home/sst7260/airflow_projects/project1/env/lib/python3.10/site-packages/airflow/example_dags/example_branch_operator.py
[2024-09-09T21:32:23.806+0530] {processor.py:208} INFO - Processing /home/sst7260/airflow_projects/project1/env/lib/python3.10/site-packages/airflow/example_dags/example_branch_operator.py took 0.082 seconds
[2024-09-09T21:33:17.776+0530] {processor.py:186} INFO - Started process (PID=134215) to work on /home/sst7260/airflow_projects/project1/env/lib/python3.10/site-packages/airflow/example_dags/example_branch_operator.py
[2024-09-09T21:33:17.778+0530] {processor.py:914} INFO - Processing file /home/sst7260/airflow_projects/project1/env/lib/python3.10/site-packages/airflow/example_dags/example_branch_operator.py for tasks to queue
[2024-09-09T21:33:17.779+0530] {logging_mixin.py:190} INFO - [2024-09-09T21:33:17.779+0530] {dagbag.py:587} INFO - Filling up the DagBag from /home/sst7260/airflow_projects/project1/env/lib/python3.10/site-packages/airflow/example_dags/example_branch_operator.py
[2024-09-09T21:33:17.847+0530] {processor.py:927} WARNING - No viable dags retrieved from /home/sst7260/airflow_projects/project1/env/lib/python3.10/site-packages/airflow/example_dags/example_branch_operator.py
[2024-09-09T21:33:17.855+0530] {processor.py:208} INFO - Processing /home/sst7260/airflow_projects/project1/env/lib/python3.10/site-packages/airflow/example_dags/example_branch_operator.py took 0.083 seconds
[2024-09-09T21:34:14.409+0530] {processor.py:186} INFO - Started process (PID=134278) to work on /home/sst7260/airflow_projects/project1/env/lib/python3.10/site-packages/airflow/example_dags/example_branch_operator.py
[2024-09-09T21:34:14.419+0530] {processor.py:914} INFO - Processing file /home/sst7260/airflow_projects/project1/env/lib/python3.10/site-packages/airflow/example_dags/example_branch_operator.py for tasks to queue
[2024-09-09T21:34:14.419+0530] {logging_mixin.py:190} INFO - [2024-09-09T21:34:14.419+0530] {dagbag.py:587} INFO - Filling up the DagBag from /home/sst7260/airflow_projects/project1/env/lib/python3.10/site-packages/airflow/example_dags/example_branch_operator.py
[2024-09-09T21:34:14.476+0530] {processor.py:927} WARNING - No viable dags retrieved from /home/sst7260/airflow_projects/project1/env/lib/python3.10/site-packages/airflow/example_dags/example_branch_operator.py
[2024-09-09T21:34:14.483+0530] {processor.py:208} INFO - Processing /home/sst7260/airflow_projects/project1/env/lib/python3.10/site-packages/airflow/example_dags/example_branch_operator.py took 0.078 seconds
[2024-09-09T21:35:09.044+0530] {processor.py:186} INFO - Started process (PID=134347) to work on /home/sst7260/airflow_projects/project1/env/lib/python3.10/site-packages/airflow/example_dags/example_branch_operator.py
[2024-09-09T21:35:09.046+0530] {processor.py:914} INFO - Processing file /home/sst7260/airflow_projects/project1/env/lib/python3.10/site-packages/airflow/example_dags/example_branch_operator.py for tasks to queue
[2024-09-09T21:35:09.047+0530] {logging_mixin.py:190} INFO - [2024-09-09T21:35:09.046+0530] {dagbag.py:587} INFO - Filling up the DagBag from /home/sst7260/airflow_projects/project1/env/lib/python3.10/site-packages/airflow/example_dags/example_branch_operator.py
[2024-09-09T21:35:09.099+0530] {processor.py:927} WARNING - No viable dags retrieved from /home/sst7260/airflow_projects/project1/env/lib/python3.10/site-packages/airflow/example_dags/example_branch_operator.py
[2024-09-09T21:35:09.107+0530] {processor.py:208} INFO - Processing /home/sst7260/airflow_projects/project1/env/lib/python3.10/site-packages/airflow/example_dags/example_branch_operator.py took 0.068 seconds
[2024-09-09T21:36:02.454+0530] {processor.py:186} INFO - Started process (PID=134437) to work on /home/sst7260/airflow_projects/project1/env/lib/python3.10/site-packages/airflow/example_dags/example_branch_operator.py
[2024-09-09T21:36:02.457+0530] {processor.py:914} INFO - Processing file /home/sst7260/airflow_projects/project1/env/lib/python3.10/site-packages/airflow/example_dags/example_branch_operator.py for tasks to queue
[2024-09-09T21:36:02.458+0530] {logging_mixin.py:190} INFO - [2024-09-09T21:36:02.458+0530] {dagbag.py:587} INFO - Filling up the DagBag from /home/sst7260/airflow_projects/project1/env/lib/python3.10/site-packages/airflow/example_dags/example_branch_operator.py
[2024-09-09T21:36:02.533+0530] {processor.py:927} WARNING - No viable dags retrieved from /home/sst7260/airflow_projects/project1/env/lib/python3.10/site-packages/airflow/example_dags/example_branch_operator.py
[2024-09-09T21:36:02.540+0530] {processor.py:208} INFO - Processing /home/sst7260/airflow_projects/project1/env/lib/python3.10/site-packages/airflow/example_dags/example_branch_operator.py took 0.090 seconds
[2024-09-09T21:36:58.029+0530] {processor.py:186} INFO - Started process (PID=134501) to work on /home/sst7260/airflow_projects/project1/env/lib/python3.10/site-packages/airflow/example_dags/example_branch_operator.py
[2024-09-09T21:36:58.030+0530] {processor.py:914} INFO - Processing file /home/sst7260/airflow_projects/project1/env/lib/python3.10/site-packages/airflow/example_dags/example_branch_operator.py for tasks to queue
[2024-09-09T21:36:58.031+0530] {logging_mixin.py:190} INFO - [2024-09-09T21:36:58.031+0530] {dagbag.py:587} INFO - Filling up the DagBag from /home/sst7260/airflow_projects/project1/env/lib/python3.10/site-packages/airflow/example_dags/example_branch_operator.py
[2024-09-09T21:36:58.123+0530] {processor.py:927} WARNING - No viable dags retrieved from /home/sst7260/airflow_projects/project1/env/lib/python3.10/site-packages/airflow/example_dags/example_branch_operator.py
[2024-09-09T21:36:58.131+0530] {processor.py:208} INFO - Processing /home/sst7260/airflow_projects/project1/env/lib/python3.10/site-packages/airflow/example_dags/example_branch_operator.py took 0.107 seconds
[2024-09-09T21:37:52.381+0530] {processor.py:186} INFO - Started process (PID=134564) to work on /home/sst7260/airflow_projects/project1/env/lib/python3.10/site-packages/airflow/example_dags/example_branch_operator.py
[2024-09-09T21:37:52.382+0530] {processor.py:914} INFO - Processing file /home/sst7260/airflow_projects/project1/env/lib/python3.10/site-packages/airflow/example_dags/example_branch_operator.py for tasks to queue
[2024-09-09T21:37:52.383+0530] {logging_mixin.py:190} INFO - [2024-09-09T21:37:52.383+0530] {dagbag.py:587} INFO - Filling up the DagBag from /home/sst7260/airflow_projects/project1/env/lib/python3.10/site-packages/airflow/example_dags/example_branch_operator.py
[2024-09-09T21:37:52.430+0530] {processor.py:927} WARNING - No viable dags retrieved from /home/sst7260/airflow_projects/project1/env/lib/python3.10/site-packages/airflow/example_dags/example_branch_operator.py
[2024-09-09T21:37:52.438+0530] {processor.py:208} INFO - Processing /home/sst7260/airflow_projects/project1/env/lib/python3.10/site-packages/airflow/example_dags/example_branch_operator.py took 0.062 seconds
[2024-09-09T21:38:46.245+0530] {processor.py:186} INFO - Started process (PID=134626) to work on /home/sst7260/airflow_projects/project1/env/lib/python3.10/site-packages/airflow/example_dags/example_branch_operator.py
[2024-09-09T21:38:46.255+0530] {processor.py:914} INFO - Processing file /home/sst7260/airflow_projects/project1/env/lib/python3.10/site-packages/airflow/example_dags/example_branch_operator.py for tasks to queue
[2024-09-09T21:38:46.256+0530] {logging_mixin.py:190} INFO - [2024-09-09T21:38:46.256+0530] {dagbag.py:587} INFO - Filling up the DagBag from /home/sst7260/airflow_projects/project1/env/lib/python3.10/site-packages/airflow/example_dags/example_branch_operator.py
[2024-09-09T21:38:46.341+0530] {processor.py:927} WARNING - No viable dags retrieved from /home/sst7260/airflow_projects/project1/env/lib/python3.10/site-packages/airflow/example_dags/example_branch_operator.py
[2024-09-09T21:38:46.348+0530] {processor.py:208} INFO - Processing /home/sst7260/airflow_projects/project1/env/lib/python3.10/site-packages/airflow/example_dags/example_branch_operator.py took 0.108 seconds
[2024-09-09T21:39:40.797+0530] {processor.py:186} INFO - Started process (PID=134689) to work on /home/sst7260/airflow_projects/project1/env/lib/python3.10/site-packages/airflow/example_dags/example_branch_operator.py
[2024-09-09T21:39:40.798+0530] {processor.py:914} INFO - Processing file /home/sst7260/airflow_projects/project1/env/lib/python3.10/site-packages/airflow/example_dags/example_branch_operator.py for tasks to queue
[2024-09-09T21:39:40.799+0530] {logging_mixin.py:190} INFO - [2024-09-09T21:39:40.799+0530] {dagbag.py:587} INFO - Filling up the DagBag from /home/sst7260/airflow_projects/project1/env/lib/python3.10/site-packages/airflow/example_dags/example_branch_operator.py
[2024-09-09T21:39:40.862+0530] {processor.py:927} WARNING - No viable dags retrieved from /home/sst7260/airflow_projects/project1/env/lib/python3.10/site-packages/airflow/example_dags/example_branch_operator.py
[2024-09-09T21:39:40.869+0530] {processor.py:208} INFO - Processing /home/sst7260/airflow_projects/project1/env/lib/python3.10/site-packages/airflow/example_dags/example_branch_operator.py took 0.077 seconds
[2024-09-09T21:40:33.671+0530] {processor.py:186} INFO - Started process (PID=134761) to work on /home/sst7260/airflow_projects/project1/env/lib/python3.10/site-packages/airflow/example_dags/example_branch_operator.py
[2024-09-09T21:40:33.673+0530] {processor.py:914} INFO - Processing file /home/sst7260/airflow_projects/project1/env/lib/python3.10/site-packages/airflow/example_dags/example_branch_operator.py for tasks to queue
[2024-09-09T21:40:33.675+0530] {logging_mixin.py:190} INFO - [2024-09-09T21:40:33.674+0530] {dagbag.py:587} INFO - Filling up the DagBag from /home/sst7260/airflow_projects/project1/env/lib/python3.10/site-packages/airflow/example_dags/example_branch_operator.py
[2024-09-09T21:40:33.705+0530] {processor.py:927} WARNING - No viable dags retrieved from /home/sst7260/airflow_projects/project1/env/lib/python3.10/site-packages/airflow/example_dags/example_branch_operator.py
[2024-09-09T21:40:33.715+0530] {processor.py:208} INFO - Processing /home/sst7260/airflow_projects/project1/env/lib/python3.10/site-packages/airflow/example_dags/example_branch_operator.py took 0.049 seconds
[2024-09-09T21:41:29.595+0530] {processor.py:186} INFO - Started process (PID=134846) to work on /home/sst7260/airflow_projects/project1/env/lib/python3.10/site-packages/airflow/example_dags/example_branch_operator.py
[2024-09-09T21:41:29.596+0530] {processor.py:914} INFO - Processing file /home/sst7260/airflow_projects/project1/env/lib/python3.10/site-packages/airflow/example_dags/example_branch_operator.py for tasks to queue
[2024-09-09T21:41:29.598+0530] {logging_mixin.py:190} INFO - [2024-09-09T21:41:29.598+0530] {dagbag.py:587} INFO - Filling up the DagBag from /home/sst7260/airflow_projects/project1/env/lib/python3.10/site-packages/airflow/example_dags/example_branch_operator.py
[2024-09-09T21:41:29.610+0530] {processor.py:927} WARNING - No viable dags retrieved from /home/sst7260/airflow_projects/project1/env/lib/python3.10/site-packages/airflow/example_dags/example_branch_operator.py
[2024-09-09T21:41:29.617+0530] {processor.py:208} INFO - Processing /home/sst7260/airflow_projects/project1/env/lib/python3.10/site-packages/airflow/example_dags/example_branch_operator.py took 0.027 seconds
[2024-09-09T21:42:22.200+0530] {processor.py:186} INFO - Started process (PID=134910) to work on /home/sst7260/airflow_projects/project1/env/lib/python3.10/site-packages/airflow/example_dags/example_branch_operator.py
[2024-09-09T21:42:22.205+0530] {processor.py:914} INFO - Processing file /home/sst7260/airflow_projects/project1/env/lib/python3.10/site-packages/airflow/example_dags/example_branch_operator.py for tasks to queue
[2024-09-09T21:42:22.206+0530] {logging_mixin.py:190} INFO - [2024-09-09T21:42:22.205+0530] {dagbag.py:587} INFO - Filling up the DagBag from /home/sst7260/airflow_projects/project1/env/lib/python3.10/site-packages/airflow/example_dags/example_branch_operator.py
[2024-09-09T21:42:22.269+0530] {processor.py:927} WARNING - No viable dags retrieved from /home/sst7260/airflow_projects/project1/env/lib/python3.10/site-packages/airflow/example_dags/example_branch_operator.py
[2024-09-09T21:42:22.276+0530] {processor.py:208} INFO - Processing /home/sst7260/airflow_projects/project1/env/lib/python3.10/site-packages/airflow/example_dags/example_branch_operator.py took 0.081 seconds
[2024-09-09T21:43:14.070+0530] {processor.py:186} INFO - Started process (PID=134971) to work on /home/sst7260/airflow_projects/project1/env/lib/python3.10/site-packages/airflow/example_dags/example_branch_operator.py
[2024-09-09T21:43:14.071+0530] {processor.py:914} INFO - Processing file /home/sst7260/airflow_projects/project1/env/lib/python3.10/site-packages/airflow/example_dags/example_branch_operator.py for tasks to queue
[2024-09-09T21:43:14.072+0530] {logging_mixin.py:190} INFO - [2024-09-09T21:43:14.072+0530] {dagbag.py:587} INFO - Filling up the DagBag from /home/sst7260/airflow_projects/project1/env/lib/python3.10/site-packages/airflow/example_dags/example_branch_operator.py
[2024-09-09T21:43:14.131+0530] {processor.py:927} WARNING - No viable dags retrieved from /home/sst7260/airflow_projects/project1/env/lib/python3.10/site-packages/airflow/example_dags/example_branch_operator.py
[2024-09-09T21:43:14.140+0530] {processor.py:208} INFO - Processing /home/sst7260/airflow_projects/project1/env/lib/python3.10/site-packages/airflow/example_dags/example_branch_operator.py took 0.074 seconds
[2024-09-09T21:44:05.907+0530] {processor.py:186} INFO - Started process (PID=135032) to work on /home/sst7260/airflow_projects/project1/env/lib/python3.10/site-packages/airflow/example_dags/example_branch_operator.py
[2024-09-09T21:44:05.916+0530] {processor.py:914} INFO - Processing file /home/sst7260/airflow_projects/project1/env/lib/python3.10/site-packages/airflow/example_dags/example_branch_operator.py for tasks to queue
[2024-09-09T21:44:05.917+0530] {logging_mixin.py:190} INFO - [2024-09-09T21:44:05.917+0530] {dagbag.py:587} INFO - Filling up the DagBag from /home/sst7260/airflow_projects/project1/env/lib/python3.10/site-packages/airflow/example_dags/example_branch_operator.py
[2024-09-09T21:44:05.992+0530] {processor.py:927} WARNING - No viable dags retrieved from /home/sst7260/airflow_projects/project1/env/lib/python3.10/site-packages/airflow/example_dags/example_branch_operator.py
[2024-09-09T21:44:06.001+0530] {processor.py:208} INFO - Processing /home/sst7260/airflow_projects/project1/env/lib/python3.10/site-packages/airflow/example_dags/example_branch_operator.py took 0.098 seconds
[2024-09-09T21:44:58.546+0530] {processor.py:186} INFO - Started process (PID=135093) to work on /home/sst7260/airflow_projects/project1/env/lib/python3.10/site-packages/airflow/example_dags/example_branch_operator.py
[2024-09-09T21:44:58.548+0530] {processor.py:914} INFO - Processing file /home/sst7260/airflow_projects/project1/env/lib/python3.10/site-packages/airflow/example_dags/example_branch_operator.py for tasks to queue
[2024-09-09T21:44:58.549+0530] {logging_mixin.py:190} INFO - [2024-09-09T21:44:58.549+0530] {dagbag.py:587} INFO - Filling up the DagBag from /home/sst7260/airflow_projects/project1/env/lib/python3.10/site-packages/airflow/example_dags/example_branch_operator.py
[2024-09-09T21:44:58.615+0530] {processor.py:927} WARNING - No viable dags retrieved from /home/sst7260/airflow_projects/project1/env/lib/python3.10/site-packages/airflow/example_dags/example_branch_operator.py
[2024-09-09T21:44:58.622+0530] {processor.py:208} INFO - Processing /home/sst7260/airflow_projects/project1/env/lib/python3.10/site-packages/airflow/example_dags/example_branch_operator.py took 0.081 seconds
[2024-09-09T21:45:53.476+0530] {processor.py:186} INFO - Started process (PID=135188) to work on /home/sst7260/airflow_projects/project1/env/lib/python3.10/site-packages/airflow/example_dags/example_branch_operator.py
[2024-09-09T21:45:53.478+0530] {processor.py:914} INFO - Processing file /home/sst7260/airflow_projects/project1/env/lib/python3.10/site-packages/airflow/example_dags/example_branch_operator.py for tasks to queue
[2024-09-09T21:45:53.479+0530] {logging_mixin.py:190} INFO - [2024-09-09T21:45:53.478+0530] {dagbag.py:587} INFO - Filling up the DagBag from /home/sst7260/airflow_projects/project1/env/lib/python3.10/site-packages/airflow/example_dags/example_branch_operator.py
[2024-09-09T21:45:53.550+0530] {processor.py:927} WARNING - No viable dags retrieved from /home/sst7260/airflow_projects/project1/env/lib/python3.10/site-packages/airflow/example_dags/example_branch_operator.py
[2024-09-09T21:45:53.557+0530] {processor.py:208} INFO - Processing /home/sst7260/airflow_projects/project1/env/lib/python3.10/site-packages/airflow/example_dags/example_branch_operator.py took 0.086 seconds
[2024-09-09T21:46:47.411+0530] {processor.py:186} INFO - Started process (PID=135252) to work on /home/sst7260/airflow_projects/project1/env/lib/python3.10/site-packages/airflow/example_dags/example_branch_operator.py
[2024-09-09T21:46:47.415+0530] {processor.py:914} INFO - Processing file /home/sst7260/airflow_projects/project1/env/lib/python3.10/site-packages/airflow/example_dags/example_branch_operator.py for tasks to queue
[2024-09-09T21:46:47.416+0530] {logging_mixin.py:190} INFO - [2024-09-09T21:46:47.416+0530] {dagbag.py:587} INFO - Filling up the DagBag from /home/sst7260/airflow_projects/project1/env/lib/python3.10/site-packages/airflow/example_dags/example_branch_operator.py
[2024-09-09T21:46:47.497+0530] {processor.py:927} WARNING - No viable dags retrieved from /home/sst7260/airflow_projects/project1/env/lib/python3.10/site-packages/airflow/example_dags/example_branch_operator.py
[2024-09-09T21:46:47.503+0530] {processor.py:208} INFO - Processing /home/sst7260/airflow_projects/project1/env/lib/python3.10/site-packages/airflow/example_dags/example_branch_operator.py took 0.097 seconds
[2024-09-09T21:47:42.062+0530] {processor.py:186} INFO - Started process (PID=135316) to work on /home/sst7260/airflow_projects/project1/env/lib/python3.10/site-packages/airflow/example_dags/example_branch_operator.py
[2024-09-09T21:47:42.064+0530] {processor.py:914} INFO - Processing file /home/sst7260/airflow_projects/project1/env/lib/python3.10/site-packages/airflow/example_dags/example_branch_operator.py for tasks to queue
[2024-09-09T21:47:42.064+0530] {logging_mixin.py:190} INFO - [2024-09-09T21:47:42.064+0530] {dagbag.py:587} INFO - Filling up the DagBag from /home/sst7260/airflow_projects/project1/env/lib/python3.10/site-packages/airflow/example_dags/example_branch_operator.py
[2024-09-09T21:47:42.140+0530] {processor.py:927} WARNING - No viable dags retrieved from /home/sst7260/airflow_projects/project1/env/lib/python3.10/site-packages/airflow/example_dags/example_branch_operator.py
[2024-09-09T21:47:42.150+0530] {processor.py:208} INFO - Processing /home/sst7260/airflow_projects/project1/env/lib/python3.10/site-packages/airflow/example_dags/example_branch_operator.py took 0.094 seconds
[2024-09-09T21:48:32.526+0530] {processor.py:186} INFO - Started process (PID=135376) to work on /home/sst7260/airflow_projects/project1/env/lib/python3.10/site-packages/airflow/example_dags/example_branch_operator.py
[2024-09-09T21:48:32.528+0530] {processor.py:914} INFO - Processing file /home/sst7260/airflow_projects/project1/env/lib/python3.10/site-packages/airflow/example_dags/example_branch_operator.py for tasks to queue
[2024-09-09T21:48:32.529+0530] {logging_mixin.py:190} INFO - [2024-09-09T21:48:32.529+0530] {dagbag.py:587} INFO - Filling up the DagBag from /home/sst7260/airflow_projects/project1/env/lib/python3.10/site-packages/airflow/example_dags/example_branch_operator.py
[2024-09-09T21:48:32.598+0530] {processor.py:927} WARNING - No viable dags retrieved from /home/sst7260/airflow_projects/project1/env/lib/python3.10/site-packages/airflow/example_dags/example_branch_operator.py
[2024-09-09T21:48:32.606+0530] {processor.py:208} INFO - Processing /home/sst7260/airflow_projects/project1/env/lib/python3.10/site-packages/airflow/example_dags/example_branch_operator.py took 0.084 seconds
[2024-09-09T21:49:26.001+0530] {processor.py:186} INFO - Started process (PID=135439) to work on /home/sst7260/airflow_projects/project1/env/lib/python3.10/site-packages/airflow/example_dags/example_branch_operator.py
[2024-09-09T21:49:26.003+0530] {processor.py:914} INFO - Processing file /home/sst7260/airflow_projects/project1/env/lib/python3.10/site-packages/airflow/example_dags/example_branch_operator.py for tasks to queue
[2024-09-09T21:49:26.004+0530] {logging_mixin.py:190} INFO - [2024-09-09T21:49:26.003+0530] {dagbag.py:587} INFO - Filling up the DagBag from /home/sst7260/airflow_projects/project1/env/lib/python3.10/site-packages/airflow/example_dags/example_branch_operator.py
[2024-09-09T21:49:26.072+0530] {processor.py:927} WARNING - No viable dags retrieved from /home/sst7260/airflow_projects/project1/env/lib/python3.10/site-packages/airflow/example_dags/example_branch_operator.py
[2024-09-09T21:49:26.078+0530] {processor.py:208} INFO - Processing /home/sst7260/airflow_projects/project1/env/lib/python3.10/site-packages/airflow/example_dags/example_branch_operator.py took 0.083 seconds
[2024-09-09T21:50:20.307+0530] {processor.py:186} INFO - Started process (PID=135501) to work on /home/sst7260/airflow_projects/project1/env/lib/python3.10/site-packages/airflow/example_dags/example_branch_operator.py
[2024-09-09T21:50:20.312+0530] {processor.py:914} INFO - Processing file /home/sst7260/airflow_projects/project1/env/lib/python3.10/site-packages/airflow/example_dags/example_branch_operator.py for tasks to queue
[2024-09-09T21:50:20.313+0530] {logging_mixin.py:190} INFO - [2024-09-09T21:50:20.313+0530] {dagbag.py:587} INFO - Filling up the DagBag from /home/sst7260/airflow_projects/project1/env/lib/python3.10/site-packages/airflow/example_dags/example_branch_operator.py
[2024-09-09T21:50:20.398+0530] {processor.py:927} WARNING - No viable dags retrieved from /home/sst7260/airflow_projects/project1/env/lib/python3.10/site-packages/airflow/example_dags/example_branch_operator.py
[2024-09-09T21:50:20.406+0530] {processor.py:208} INFO - Processing /home/sst7260/airflow_projects/project1/env/lib/python3.10/site-packages/airflow/example_dags/example_branch_operator.py took 0.103 seconds
[2024-09-09T21:51:15.512+0530] {processor.py:186} INFO - Started process (PID=135598) to work on /home/sst7260/airflow_projects/project1/env/lib/python3.10/site-packages/airflow/example_dags/example_branch_operator.py
[2024-09-09T21:51:15.522+0530] {processor.py:914} INFO - Processing file /home/sst7260/airflow_projects/project1/env/lib/python3.10/site-packages/airflow/example_dags/example_branch_operator.py for tasks to queue
[2024-09-09T21:51:15.523+0530] {logging_mixin.py:190} INFO - [2024-09-09T21:51:15.523+0530] {dagbag.py:587} INFO - Filling up the DagBag from /home/sst7260/airflow_projects/project1/env/lib/python3.10/site-packages/airflow/example_dags/example_branch_operator.py
[2024-09-09T21:51:15.606+0530] {processor.py:927} WARNING - No viable dags retrieved from /home/sst7260/airflow_projects/project1/env/lib/python3.10/site-packages/airflow/example_dags/example_branch_operator.py
[2024-09-09T21:51:15.613+0530] {processor.py:208} INFO - Processing /home/sst7260/airflow_projects/project1/env/lib/python3.10/site-packages/airflow/example_dags/example_branch_operator.py took 0.105 seconds
[2024-09-09T21:52:08.126+0530] {processor.py:186} INFO - Started process (PID=135659) to work on /home/sst7260/airflow_projects/project1/env/lib/python3.10/site-packages/airflow/example_dags/example_branch_operator.py
[2024-09-09T21:52:08.128+0530] {processor.py:914} INFO - Processing file /home/sst7260/airflow_projects/project1/env/lib/python3.10/site-packages/airflow/example_dags/example_branch_operator.py for tasks to queue
[2024-09-09T21:52:08.129+0530] {logging_mixin.py:190} INFO - [2024-09-09T21:52:08.128+0530] {dagbag.py:587} INFO - Filling up the DagBag from /home/sst7260/airflow_projects/project1/env/lib/python3.10/site-packages/airflow/example_dags/example_branch_operator.py
[2024-09-09T21:52:08.186+0530] {processor.py:927} WARNING - No viable dags retrieved from /home/sst7260/airflow_projects/project1/env/lib/python3.10/site-packages/airflow/example_dags/example_branch_operator.py
[2024-09-09T21:52:08.192+0530] {processor.py:208} INFO - Processing /home/sst7260/airflow_projects/project1/env/lib/python3.10/site-packages/airflow/example_dags/example_branch_operator.py took 0.070 seconds
