[2024-09-09T20:46:42.646+0530] {processor.py:186} INFO - Started process (PID=128491) to work on /home/sst7260/airflow_projects/project1/env/lib/python3.10/site-packages/airflow/example_dags/example_params_trigger_ui.py
[2024-09-09T20:46:42.647+0530] {processor.py:914} INFO - Processing file /home/sst7260/airflow_projects/project1/env/lib/python3.10/site-packages/airflow/example_dags/example_params_trigger_ui.py for tasks to queue
[2024-09-09T20:46:42.649+0530] {logging_mixin.py:190} INFO - [2024-09-09T20:46:42.648+0530] {dagbag.py:587} INFO - Filling up the DagBag from /home/sst7260/airflow_projects/project1/env/lib/python3.10/site-packages/airflow/example_dags/example_params_trigger_ui.py
[2024-09-09T20:46:42.656+0530] {processor.py:925} INFO - DAG(s) 'example_params_trigger_ui' retrieved from /home/sst7260/airflow_projects/project1/env/lib/python3.10/site-packages/airflow/example_dags/example_params_trigger_ui.py
[2024-09-09T20:46:42.756+0530] {logging_mixin.py:190} INFO - [2024-09-09T20:46:42.755+0530] {override.py:1900} INFO - Created Permission View: can delete on DAG:example_params_trigger_ui
[2024-09-09T20:46:42.773+0530] {logging_mixin.py:190} INFO - [2024-09-09T20:46:42.773+0530] {override.py:1900} INFO - Created Permission View: can read on DAG:example_params_trigger_ui
[2024-09-09T20:46:42.788+0530] {logging_mixin.py:190} INFO - [2024-09-09T20:46:42.788+0530] {override.py:1900} INFO - Created Permission View: can edit on DAG:example_params_trigger_ui
[2024-09-09T20:46:42.817+0530] {logging_mixin.py:190} INFO - [2024-09-09T20:46:42.816+0530] {override.py:1900} INFO - Created Permission View: can create on DAG Run:example_params_trigger_ui
[2024-09-09T20:46:42.835+0530] {logging_mixin.py:190} INFO - [2024-09-09T20:46:42.834+0530] {override.py:1900} INFO - Created Permission View: menu access on DAG Run:example_params_trigger_ui
[2024-09-09T20:46:42.850+0530] {logging_mixin.py:190} INFO - [2024-09-09T20:46:42.850+0530] {override.py:1900} INFO - Created Permission View: can read on DAG Run:example_params_trigger_ui
[2024-09-09T20:46:42.866+0530] {logging_mixin.py:190} INFO - [2024-09-09T20:46:42.866+0530] {override.py:1900} INFO - Created Permission View: can delete on DAG Run:example_params_trigger_ui
[2024-09-09T20:46:42.867+0530] {logging_mixin.py:190} INFO - [2024-09-09T20:46:42.867+0530] {dag.py:3229} INFO - Sync 1 DAGs
[2024-09-09T20:46:42.876+0530] {logging_mixin.py:190} INFO - [2024-09-09T20:46:42.875+0530] {dag.py:3252} INFO - Creating ORM DAG for example_params_trigger_ui
[2024-09-09T20:46:42.876+0530] {logging_mixin.py:190} INFO - [2024-09-09T20:46:42.876+0530] {dag.py:4156} INFO - Setting next_dagrun for example_params_trigger_ui to None, run_after=None
[2024-09-09T20:46:42.901+0530] {processor.py:208} INFO - Processing /home/sst7260/airflow_projects/project1/env/lib/python3.10/site-packages/airflow/example_dags/example_params_trigger_ui.py took 0.259 seconds
[2024-09-09T20:47:47.154+0530] {processor.py:186} INFO - Started process (PID=128568) to work on /home/sst7260/airflow_projects/project1/env/lib/python3.10/site-packages/airflow/example_dags/example_params_trigger_ui.py
[2024-09-09T20:47:47.157+0530] {processor.py:914} INFO - Processing file /home/sst7260/airflow_projects/project1/env/lib/python3.10/site-packages/airflow/example_dags/example_params_trigger_ui.py for tasks to queue
[2024-09-09T20:47:47.159+0530] {logging_mixin.py:190} INFO - [2024-09-09T20:47:47.159+0530] {dagbag.py:587} INFO - Filling up the DagBag from /home/sst7260/airflow_projects/project1/env/lib/python3.10/site-packages/airflow/example_dags/example_params_trigger_ui.py
[2024-09-09T20:47:47.168+0530] {processor.py:925} INFO - DAG(s) 'example_params_trigger_ui' retrieved from /home/sst7260/airflow_projects/project1/env/lib/python3.10/site-packages/airflow/example_dags/example_params_trigger_ui.py
[2024-09-09T20:47:47.191+0530] {logging_mixin.py:190} INFO - [2024-09-09T20:47:47.191+0530] {dag.py:3229} INFO - Sync 1 DAGs
[2024-09-09T20:47:47.198+0530] {logging_mixin.py:190} INFO - [2024-09-09T20:47:47.198+0530] {dag.py:4156} INFO - Setting next_dagrun for example_params_trigger_ui to None, run_after=None
[2024-09-09T20:47:47.223+0530] {processor.py:208} INFO - Processing /home/sst7260/airflow_projects/project1/env/lib/python3.10/site-packages/airflow/example_dags/example_params_trigger_ui.py took 0.074 seconds
[2024-09-09T20:48:41.594+0530] {processor.py:186} INFO - Started process (PID=128634) to work on /home/sst7260/airflow_projects/project1/env/lib/python3.10/site-packages/airflow/example_dags/example_params_trigger_ui.py
[2024-09-09T20:48:41.599+0530] {processor.py:914} INFO - Processing file /home/sst7260/airflow_projects/project1/env/lib/python3.10/site-packages/airflow/example_dags/example_params_trigger_ui.py for tasks to queue
[2024-09-09T20:48:41.601+0530] {logging_mixin.py:190} INFO - [2024-09-09T20:48:41.600+0530] {dagbag.py:587} INFO - Filling up the DagBag from /home/sst7260/airflow_projects/project1/env/lib/python3.10/site-packages/airflow/example_dags/example_params_trigger_ui.py
[2024-09-09T20:48:41.608+0530] {processor.py:925} INFO - DAG(s) 'example_params_trigger_ui' retrieved from /home/sst7260/airflow_projects/project1/env/lib/python3.10/site-packages/airflow/example_dags/example_params_trigger_ui.py
[2024-09-09T20:48:41.640+0530] {logging_mixin.py:190} INFO - [2024-09-09T20:48:41.640+0530] {dag.py:3229} INFO - Sync 1 DAGs
[2024-09-09T20:48:41.647+0530] {logging_mixin.py:190} INFO - [2024-09-09T20:48:41.647+0530] {dag.py:4156} INFO - Setting next_dagrun for example_params_trigger_ui to None, run_after=None
[2024-09-09T20:48:41.670+0530] {processor.py:208} INFO - Processing /home/sst7260/airflow_projects/project1/env/lib/python3.10/site-packages/airflow/example_dags/example_params_trigger_ui.py took 0.083 seconds
[2024-09-09T20:49:38.523+0530] {processor.py:186} INFO - Started process (PID=128700) to work on /home/sst7260/airflow_projects/project1/env/lib/python3.10/site-packages/airflow/example_dags/example_params_trigger_ui.py
[2024-09-09T20:49:38.524+0530] {processor.py:914} INFO - Processing file /home/sst7260/airflow_projects/project1/env/lib/python3.10/site-packages/airflow/example_dags/example_params_trigger_ui.py for tasks to queue
[2024-09-09T20:49:38.526+0530] {logging_mixin.py:190} INFO - [2024-09-09T20:49:38.526+0530] {dagbag.py:587} INFO - Filling up the DagBag from /home/sst7260/airflow_projects/project1/env/lib/python3.10/site-packages/airflow/example_dags/example_params_trigger_ui.py
[2024-09-09T20:49:38.536+0530] {processor.py:925} INFO - DAG(s) 'example_params_trigger_ui' retrieved from /home/sst7260/airflow_projects/project1/env/lib/python3.10/site-packages/airflow/example_dags/example_params_trigger_ui.py
[2024-09-09T20:49:38.562+0530] {logging_mixin.py:190} INFO - [2024-09-09T20:49:38.562+0530] {dag.py:3229} INFO - Sync 1 DAGs
[2024-09-09T20:49:38.569+0530] {logging_mixin.py:190} INFO - [2024-09-09T20:49:38.569+0530] {dag.py:4156} INFO - Setting next_dagrun for example_params_trigger_ui to None, run_after=None
[2024-09-09T20:49:38.592+0530] {processor.py:208} INFO - Processing /home/sst7260/airflow_projects/project1/env/lib/python3.10/site-packages/airflow/example_dags/example_params_trigger_ui.py took 0.074 seconds
[2024-09-09T20:50:55.599+0530] {processor.py:186} INFO - Started process (PID=128821) to work on /home/sst7260/airflow_projects/project1/env/lib/python3.10/site-packages/airflow/example_dags/example_params_trigger_ui.py
[2024-09-09T20:50:55.600+0530] {processor.py:914} INFO - Processing file /home/sst7260/airflow_projects/project1/env/lib/python3.10/site-packages/airflow/example_dags/example_params_trigger_ui.py for tasks to queue
[2024-09-09T20:50:55.602+0530] {logging_mixin.py:190} INFO - [2024-09-09T20:50:55.602+0530] {dagbag.py:587} INFO - Filling up the DagBag from /home/sst7260/airflow_projects/project1/env/lib/python3.10/site-packages/airflow/example_dags/example_params_trigger_ui.py
[2024-09-09T20:50:55.614+0530] {processor.py:925} INFO - DAG(s) 'example_params_trigger_ui' retrieved from /home/sst7260/airflow_projects/project1/env/lib/python3.10/site-packages/airflow/example_dags/example_params_trigger_ui.py
[2024-09-09T20:50:55.652+0530] {logging_mixin.py:190} INFO - [2024-09-09T20:50:55.652+0530] {dag.py:3229} INFO - Sync 1 DAGs
[2024-09-09T20:50:55.661+0530] {logging_mixin.py:190} INFO - [2024-09-09T20:50:55.661+0530] {dag.py:4156} INFO - Setting next_dagrun for example_params_trigger_ui to None, run_after=None
[2024-09-09T20:50:55.685+0530] {processor.py:208} INFO - Processing /home/sst7260/airflow_projects/project1/env/lib/python3.10/site-packages/airflow/example_dags/example_params_trigger_ui.py took 0.091 seconds
[2024-09-09T20:52:15.879+0530] {processor.py:186} INFO - Started process (PID=129096) to work on /home/sst7260/airflow_projects/project1/env/lib/python3.10/site-packages/airflow/example_dags/example_params_trigger_ui.py
[2024-09-09T20:52:15.881+0530] {processor.py:914} INFO - Processing file /home/sst7260/airflow_projects/project1/env/lib/python3.10/site-packages/airflow/example_dags/example_params_trigger_ui.py for tasks to queue
[2024-09-09T20:52:15.884+0530] {logging_mixin.py:190} INFO - [2024-09-09T20:52:15.884+0530] {dagbag.py:587} INFO - Filling up the DagBag from /home/sst7260/airflow_projects/project1/env/lib/python3.10/site-packages/airflow/example_dags/example_params_trigger_ui.py
[2024-09-09T20:52:15.895+0530] {processor.py:925} INFO - DAG(s) 'example_params_trigger_ui' retrieved from /home/sst7260/airflow_projects/project1/env/lib/python3.10/site-packages/airflow/example_dags/example_params_trigger_ui.py
[2024-09-09T20:52:15.929+0530] {logging_mixin.py:190} INFO - [2024-09-09T20:52:15.929+0530] {dag.py:3229} INFO - Sync 1 DAGs
[2024-09-09T20:52:15.941+0530] {logging_mixin.py:190} INFO - [2024-09-09T20:52:15.940+0530] {dag.py:4156} INFO - Setting next_dagrun for example_params_trigger_ui to None, run_after=None
[2024-09-09T20:52:15.965+0530] {processor.py:208} INFO - Processing /home/sst7260/airflow_projects/project1/env/lib/python3.10/site-packages/airflow/example_dags/example_params_trigger_ui.py took 0.090 seconds
[2024-09-09T20:53:14.363+0530] {processor.py:186} INFO - Started process (PID=129423) to work on /home/sst7260/airflow_projects/project1/env/lib/python3.10/site-packages/airflow/example_dags/example_params_trigger_ui.py
[2024-09-09T20:53:14.368+0530] {processor.py:914} INFO - Processing file /home/sst7260/airflow_projects/project1/env/lib/python3.10/site-packages/airflow/example_dags/example_params_trigger_ui.py for tasks to queue
[2024-09-09T20:53:14.371+0530] {logging_mixin.py:190} INFO - [2024-09-09T20:53:14.370+0530] {dagbag.py:587} INFO - Filling up the DagBag from /home/sst7260/airflow_projects/project1/env/lib/python3.10/site-packages/airflow/example_dags/example_params_trigger_ui.py
[2024-09-09T20:53:14.393+0530] {processor.py:925} INFO - DAG(s) 'example_params_trigger_ui' retrieved from /home/sst7260/airflow_projects/project1/env/lib/python3.10/site-packages/airflow/example_dags/example_params_trigger_ui.py
[2024-09-09T20:53:14.444+0530] {logging_mixin.py:190} INFO - [2024-09-09T20:53:14.443+0530] {dag.py:3229} INFO - Sync 1 DAGs
[2024-09-09T20:53:14.458+0530] {logging_mixin.py:190} INFO - [2024-09-09T20:53:14.458+0530] {dag.py:4156} INFO - Setting next_dagrun for example_params_trigger_ui to None, run_after=None
[2024-09-09T20:53:14.484+0530] {processor.py:208} INFO - Processing /home/sst7260/airflow_projects/project1/env/lib/python3.10/site-packages/airflow/example_dags/example_params_trigger_ui.py took 0.130 seconds
[2024-09-09T20:54:26.522+0530] {processor.py:186} INFO - Started process (PID=129930) to work on /home/sst7260/airflow_projects/project1/env/lib/python3.10/site-packages/airflow/example_dags/example_params_trigger_ui.py
[2024-09-09T20:54:26.524+0530] {processor.py:914} INFO - Processing file /home/sst7260/airflow_projects/project1/env/lib/python3.10/site-packages/airflow/example_dags/example_params_trigger_ui.py for tasks to queue
[2024-09-09T20:54:26.526+0530] {logging_mixin.py:190} INFO - [2024-09-09T20:54:26.526+0530] {dagbag.py:587} INFO - Filling up the DagBag from /home/sst7260/airflow_projects/project1/env/lib/python3.10/site-packages/airflow/example_dags/example_params_trigger_ui.py
[2024-09-09T20:54:26.541+0530] {processor.py:925} INFO - DAG(s) 'example_params_trigger_ui' retrieved from /home/sst7260/airflow_projects/project1/env/lib/python3.10/site-packages/airflow/example_dags/example_params_trigger_ui.py
[2024-09-09T20:54:26.589+0530] {logging_mixin.py:190} INFO - [2024-09-09T20:54:26.588+0530] {dag.py:3229} INFO - Sync 1 DAGs
[2024-09-09T20:54:26.605+0530] {logging_mixin.py:190} INFO - [2024-09-09T20:54:26.605+0530] {dag.py:4156} INFO - Setting next_dagrun for example_params_trigger_ui to None, run_after=None
[2024-09-09T20:54:26.636+0530] {processor.py:208} INFO - Processing /home/sst7260/airflow_projects/project1/env/lib/python3.10/site-packages/airflow/example_dags/example_params_trigger_ui.py took 0.117 seconds
[2024-09-09T20:55:28.447+0530] {processor.py:186} INFO - Started process (PID=130069) to work on /home/sst7260/airflow_projects/project1/env/lib/python3.10/site-packages/airflow/example_dags/example_params_trigger_ui.py
[2024-09-09T20:55:28.451+0530] {processor.py:914} INFO - Processing file /home/sst7260/airflow_projects/project1/env/lib/python3.10/site-packages/airflow/example_dags/example_params_trigger_ui.py for tasks to queue
[2024-09-09T20:55:28.453+0530] {logging_mixin.py:190} INFO - [2024-09-09T20:55:28.452+0530] {dagbag.py:587} INFO - Filling up the DagBag from /home/sst7260/airflow_projects/project1/env/lib/python3.10/site-packages/airflow/example_dags/example_params_trigger_ui.py
[2024-09-09T20:55:28.461+0530] {processor.py:925} INFO - DAG(s) 'example_params_trigger_ui' retrieved from /home/sst7260/airflow_projects/project1/env/lib/python3.10/site-packages/airflow/example_dags/example_params_trigger_ui.py
[2024-09-09T20:55:28.493+0530] {logging_mixin.py:190} INFO - [2024-09-09T20:55:28.493+0530] {dag.py:3229} INFO - Sync 1 DAGs
[2024-09-09T20:55:28.503+0530] {logging_mixin.py:190} INFO - [2024-09-09T20:55:28.503+0530] {dag.py:4156} INFO - Setting next_dagrun for example_params_trigger_ui to None, run_after=None
[2024-09-09T20:55:28.529+0530] {processor.py:208} INFO - Processing /home/sst7260/airflow_projects/project1/env/lib/python3.10/site-packages/airflow/example_dags/example_params_trigger_ui.py took 0.087 seconds
[2024-09-09T20:56:22.013+0530] {processor.py:186} INFO - Started process (PID=130284) to work on /home/sst7260/airflow_projects/project1/env/lib/python3.10/site-packages/airflow/example_dags/example_params_trigger_ui.py
[2024-09-09T20:56:22.015+0530] {processor.py:914} INFO - Processing file /home/sst7260/airflow_projects/project1/env/lib/python3.10/site-packages/airflow/example_dags/example_params_trigger_ui.py for tasks to queue
[2024-09-09T20:56:22.020+0530] {logging_mixin.py:190} INFO - [2024-09-09T20:56:22.019+0530] {dagbag.py:587} INFO - Filling up the DagBag from /home/sst7260/airflow_projects/project1/env/lib/python3.10/site-packages/airflow/example_dags/example_params_trigger_ui.py
[2024-09-09T20:56:22.031+0530] {processor.py:925} INFO - DAG(s) 'example_params_trigger_ui' retrieved from /home/sst7260/airflow_projects/project1/env/lib/python3.10/site-packages/airflow/example_dags/example_params_trigger_ui.py
[2024-09-09T20:56:22.073+0530] {logging_mixin.py:190} INFO - [2024-09-09T20:56:22.072+0530] {dag.py:3229} INFO - Sync 1 DAGs
[2024-09-09T20:56:22.087+0530] {logging_mixin.py:190} INFO - [2024-09-09T20:56:22.087+0530] {dag.py:4156} INFO - Setting next_dagrun for example_params_trigger_ui to None, run_after=None
[2024-09-09T20:56:22.140+0530] {processor.py:208} INFO - Processing /home/sst7260/airflow_projects/project1/env/lib/python3.10/site-packages/airflow/example_dags/example_params_trigger_ui.py took 0.131 seconds
[2024-09-09T20:57:19.835+0530] {processor.py:186} INFO - Started process (PID=130443) to work on /home/sst7260/airflow_projects/project1/env/lib/python3.10/site-packages/airflow/example_dags/example_params_trigger_ui.py
[2024-09-09T20:57:19.836+0530] {processor.py:914} INFO - Processing file /home/sst7260/airflow_projects/project1/env/lib/python3.10/site-packages/airflow/example_dags/example_params_trigger_ui.py for tasks to queue
[2024-09-09T20:57:19.838+0530] {logging_mixin.py:190} INFO - [2024-09-09T20:57:19.837+0530] {dagbag.py:587} INFO - Filling up the DagBag from /home/sst7260/airflow_projects/project1/env/lib/python3.10/site-packages/airflow/example_dags/example_params_trigger_ui.py
[2024-09-09T20:57:19.845+0530] {processor.py:925} INFO - DAG(s) 'example_params_trigger_ui' retrieved from /home/sst7260/airflow_projects/project1/env/lib/python3.10/site-packages/airflow/example_dags/example_params_trigger_ui.py
[2024-09-09T20:57:19.868+0530] {logging_mixin.py:190} INFO - [2024-09-09T20:57:19.868+0530] {dag.py:3229} INFO - Sync 1 DAGs
[2024-09-09T20:57:19.875+0530] {logging_mixin.py:190} INFO - [2024-09-09T20:57:19.875+0530] {dag.py:4156} INFO - Setting next_dagrun for example_params_trigger_ui to None, run_after=None
[2024-09-09T20:57:19.896+0530] {processor.py:208} INFO - Processing /home/sst7260/airflow_projects/project1/env/lib/python3.10/site-packages/airflow/example_dags/example_params_trigger_ui.py took 0.065 seconds
[2024-09-09T20:58:39.647+0530] {processor.py:186} INFO - Started process (PID=130541) to work on /home/sst7260/airflow_projects/project1/env/lib/python3.10/site-packages/airflow/example_dags/example_params_trigger_ui.py
[2024-09-09T20:58:39.649+0530] {processor.py:914} INFO - Processing file /home/sst7260/airflow_projects/project1/env/lib/python3.10/site-packages/airflow/example_dags/example_params_trigger_ui.py for tasks to queue
[2024-09-09T20:58:39.651+0530] {logging_mixin.py:190} INFO - [2024-09-09T20:58:39.651+0530] {dagbag.py:587} INFO - Filling up the DagBag from /home/sst7260/airflow_projects/project1/env/lib/python3.10/site-packages/airflow/example_dags/example_params_trigger_ui.py
[2024-09-09T20:58:39.667+0530] {processor.py:925} INFO - DAG(s) 'example_params_trigger_ui' retrieved from /home/sst7260/airflow_projects/project1/env/lib/python3.10/site-packages/airflow/example_dags/example_params_trigger_ui.py
[2024-09-09T20:58:39.710+0530] {logging_mixin.py:190} INFO - [2024-09-09T20:58:39.710+0530] {dag.py:3229} INFO - Sync 1 DAGs
[2024-09-09T20:58:39.721+0530] {logging_mixin.py:190} INFO - [2024-09-09T20:58:39.720+0530] {dag.py:4156} INFO - Setting next_dagrun for example_params_trigger_ui to None, run_after=None
[2024-09-09T20:58:39.758+0530] {processor.py:208} INFO - Processing /home/sst7260/airflow_projects/project1/env/lib/python3.10/site-packages/airflow/example_dags/example_params_trigger_ui.py took 0.120 seconds
[2024-09-09T20:59:36.202+0530] {processor.py:186} INFO - Started process (PID=130770) to work on /home/sst7260/airflow_projects/project1/env/lib/python3.10/site-packages/airflow/example_dags/example_params_trigger_ui.py
[2024-09-09T20:59:36.203+0530] {processor.py:914} INFO - Processing file /home/sst7260/airflow_projects/project1/env/lib/python3.10/site-packages/airflow/example_dags/example_params_trigger_ui.py for tasks to queue
[2024-09-09T20:59:36.204+0530] {logging_mixin.py:190} INFO - [2024-09-09T20:59:36.204+0530] {dagbag.py:587} INFO - Filling up the DagBag from /home/sst7260/airflow_projects/project1/env/lib/python3.10/site-packages/airflow/example_dags/example_params_trigger_ui.py
[2024-09-09T20:59:36.214+0530] {processor.py:925} INFO - DAG(s) 'example_params_trigger_ui' retrieved from /home/sst7260/airflow_projects/project1/env/lib/python3.10/site-packages/airflow/example_dags/example_params_trigger_ui.py
[2024-09-09T20:59:36.252+0530] {logging_mixin.py:190} INFO - [2024-09-09T20:59:36.252+0530] {dag.py:3229} INFO - Sync 1 DAGs
[2024-09-09T20:59:36.263+0530] {logging_mixin.py:190} INFO - [2024-09-09T20:59:36.263+0530] {dag.py:4156} INFO - Setting next_dagrun for example_params_trigger_ui to None, run_after=None
[2024-09-09T20:59:36.286+0530] {processor.py:208} INFO - Processing /home/sst7260/airflow_projects/project1/env/lib/python3.10/site-packages/airflow/example_dags/example_params_trigger_ui.py took 0.088 seconds
[2024-09-09T21:00:32.414+0530] {processor.py:186} INFO - Started process (PID=130963) to work on /home/sst7260/airflow_projects/project1/env/lib/python3.10/site-packages/airflow/example_dags/example_params_trigger_ui.py
[2024-09-09T21:00:32.415+0530] {processor.py:914} INFO - Processing file /home/sst7260/airflow_projects/project1/env/lib/python3.10/site-packages/airflow/example_dags/example_params_trigger_ui.py for tasks to queue
[2024-09-09T21:00:32.417+0530] {logging_mixin.py:190} INFO - [2024-09-09T21:00:32.416+0530] {dagbag.py:587} INFO - Filling up the DagBag from /home/sst7260/airflow_projects/project1/env/lib/python3.10/site-packages/airflow/example_dags/example_params_trigger_ui.py
[2024-09-09T21:00:32.427+0530] {processor.py:925} INFO - DAG(s) 'example_params_trigger_ui' retrieved from /home/sst7260/airflow_projects/project1/env/lib/python3.10/site-packages/airflow/example_dags/example_params_trigger_ui.py
[2024-09-09T21:00:32.459+0530] {logging_mixin.py:190} INFO - [2024-09-09T21:00:32.459+0530] {dag.py:3229} INFO - Sync 1 DAGs
[2024-09-09T21:00:32.469+0530] {logging_mixin.py:190} INFO - [2024-09-09T21:00:32.469+0530] {dag.py:4156} INFO - Setting next_dagrun for example_params_trigger_ui to None, run_after=None
[2024-09-09T21:00:32.505+0530] {processor.py:208} INFO - Processing /home/sst7260/airflow_projects/project1/env/lib/python3.10/site-packages/airflow/example_dags/example_params_trigger_ui.py took 0.098 seconds
[2024-09-09T21:01:40.354+0530] {processor.py:186} INFO - Started process (PID=131260) to work on /home/sst7260/airflow_projects/project1/env/lib/python3.10/site-packages/airflow/example_dags/example_params_trigger_ui.py
[2024-09-09T21:01:40.356+0530] {processor.py:914} INFO - Processing file /home/sst7260/airflow_projects/project1/env/lib/python3.10/site-packages/airflow/example_dags/example_params_trigger_ui.py for tasks to queue
[2024-09-09T21:01:40.358+0530] {logging_mixin.py:190} INFO - [2024-09-09T21:01:40.357+0530] {dagbag.py:587} INFO - Filling up the DagBag from /home/sst7260/airflow_projects/project1/env/lib/python3.10/site-packages/airflow/example_dags/example_params_trigger_ui.py
[2024-09-09T21:01:40.369+0530] {processor.py:925} INFO - DAG(s) 'example_params_trigger_ui' retrieved from /home/sst7260/airflow_projects/project1/env/lib/python3.10/site-packages/airflow/example_dags/example_params_trigger_ui.py
[2024-09-09T21:01:40.406+0530] {logging_mixin.py:190} INFO - [2024-09-09T21:01:40.406+0530] {dag.py:3229} INFO - Sync 1 DAGs
[2024-09-09T21:01:40.414+0530] {logging_mixin.py:190} INFO - [2024-09-09T21:01:40.414+0530] {dag.py:4156} INFO - Setting next_dagrun for example_params_trigger_ui to None, run_after=None
[2024-09-09T21:01:40.434+0530] {processor.py:208} INFO - Processing /home/sst7260/airflow_projects/project1/env/lib/python3.10/site-packages/airflow/example_dags/example_params_trigger_ui.py took 0.087 seconds
[2024-09-09T21:02:37.126+0530] {processor.py:186} INFO - Started process (PID=131425) to work on /home/sst7260/airflow_projects/project1/env/lib/python3.10/site-packages/airflow/example_dags/example_params_trigger_ui.py
[2024-09-09T21:02:37.127+0530] {processor.py:914} INFO - Processing file /home/sst7260/airflow_projects/project1/env/lib/python3.10/site-packages/airflow/example_dags/example_params_trigger_ui.py for tasks to queue
[2024-09-09T21:02:37.128+0530] {logging_mixin.py:190} INFO - [2024-09-09T21:02:37.128+0530] {dagbag.py:587} INFO - Filling up the DagBag from /home/sst7260/airflow_projects/project1/env/lib/python3.10/site-packages/airflow/example_dags/example_params_trigger_ui.py
[2024-09-09T21:02:37.138+0530] {processor.py:925} INFO - DAG(s) 'example_params_trigger_ui' retrieved from /home/sst7260/airflow_projects/project1/env/lib/python3.10/site-packages/airflow/example_dags/example_params_trigger_ui.py
[2024-09-09T21:02:37.183+0530] {logging_mixin.py:190} INFO - [2024-09-09T21:02:37.183+0530] {dag.py:3229} INFO - Sync 1 DAGs
[2024-09-09T21:02:37.192+0530] {logging_mixin.py:190} INFO - [2024-09-09T21:02:37.192+0530] {dag.py:4156} INFO - Setting next_dagrun for example_params_trigger_ui to None, run_after=None
[2024-09-09T21:02:37.214+0530] {processor.py:208} INFO - Processing /home/sst7260/airflow_projects/project1/env/lib/python3.10/site-packages/airflow/example_dags/example_params_trigger_ui.py took 0.094 seconds
[2024-09-09T21:03:59.766+0530] {processor.py:186} INFO - Started process (PID=131549) to work on /home/sst7260/airflow_projects/project1/env/lib/python3.10/site-packages/airflow/example_dags/example_params_trigger_ui.py
[2024-09-09T21:03:59.768+0530] {processor.py:914} INFO - Processing file /home/sst7260/airflow_projects/project1/env/lib/python3.10/site-packages/airflow/example_dags/example_params_trigger_ui.py for tasks to queue
[2024-09-09T21:03:59.769+0530] {logging_mixin.py:190} INFO - [2024-09-09T21:03:59.769+0530] {dagbag.py:587} INFO - Filling up the DagBag from /home/sst7260/airflow_projects/project1/env/lib/python3.10/site-packages/airflow/example_dags/example_params_trigger_ui.py
[2024-09-09T21:03:59.777+0530] {processor.py:925} INFO - DAG(s) 'example_params_trigger_ui' retrieved from /home/sst7260/airflow_projects/project1/env/lib/python3.10/site-packages/airflow/example_dags/example_params_trigger_ui.py
[2024-09-09T21:03:59.804+0530] {logging_mixin.py:190} INFO - [2024-09-09T21:03:59.804+0530] {dag.py:3229} INFO - Sync 1 DAGs
[2024-09-09T21:03:59.811+0530] {logging_mixin.py:190} INFO - [2024-09-09T21:03:59.811+0530] {dag.py:4156} INFO - Setting next_dagrun for example_params_trigger_ui to None, run_after=None
[2024-09-09T21:03:59.841+0530] {processor.py:208} INFO - Processing /home/sst7260/airflow_projects/project1/env/lib/python3.10/site-packages/airflow/example_dags/example_params_trigger_ui.py took 0.079 seconds
[2024-09-09T21:04:56.029+0530] {processor.py:186} INFO - Started process (PID=131681) to work on /home/sst7260/airflow_projects/project1/env/lib/python3.10/site-packages/airflow/example_dags/example_params_trigger_ui.py
[2024-09-09T21:04:56.032+0530] {processor.py:914} INFO - Processing file /home/sst7260/airflow_projects/project1/env/lib/python3.10/site-packages/airflow/example_dags/example_params_trigger_ui.py for tasks to queue
[2024-09-09T21:04:56.033+0530] {logging_mixin.py:190} INFO - [2024-09-09T21:04:56.032+0530] {dagbag.py:587} INFO - Filling up the DagBag from /home/sst7260/airflow_projects/project1/env/lib/python3.10/site-packages/airflow/example_dags/example_params_trigger_ui.py
[2024-09-09T21:04:56.043+0530] {processor.py:925} INFO - DAG(s) 'example_params_trigger_ui' retrieved from /home/sst7260/airflow_projects/project1/env/lib/python3.10/site-packages/airflow/example_dags/example_params_trigger_ui.py
[2024-09-09T21:04:56.075+0530] {logging_mixin.py:190} INFO - [2024-09-09T21:04:56.075+0530] {dag.py:3229} INFO - Sync 1 DAGs
[2024-09-09T21:04:56.083+0530] {logging_mixin.py:190} INFO - [2024-09-09T21:04:56.083+0530] {dag.py:4156} INFO - Setting next_dagrun for example_params_trigger_ui to None, run_after=None
[2024-09-09T21:04:56.115+0530] {processor.py:208} INFO - Processing /home/sst7260/airflow_projects/project1/env/lib/python3.10/site-packages/airflow/example_dags/example_params_trigger_ui.py took 0.093 seconds
[2024-09-09T21:05:53.378+0530] {processor.py:186} INFO - Started process (PID=131872) to work on /home/sst7260/airflow_projects/project1/env/lib/python3.10/site-packages/airflow/example_dags/example_params_trigger_ui.py
[2024-09-09T21:05:53.380+0530] {processor.py:914} INFO - Processing file /home/sst7260/airflow_projects/project1/env/lib/python3.10/site-packages/airflow/example_dags/example_params_trigger_ui.py for tasks to queue
[2024-09-09T21:05:53.380+0530] {logging_mixin.py:190} INFO - [2024-09-09T21:05:53.380+0530] {dagbag.py:587} INFO - Filling up the DagBag from /home/sst7260/airflow_projects/project1/env/lib/python3.10/site-packages/airflow/example_dags/example_params_trigger_ui.py
[2024-09-09T21:05:53.388+0530] {processor.py:925} INFO - DAG(s) 'example_params_trigger_ui' retrieved from /home/sst7260/airflow_projects/project1/env/lib/python3.10/site-packages/airflow/example_dags/example_params_trigger_ui.py
[2024-09-09T21:05:53.415+0530] {logging_mixin.py:190} INFO - [2024-09-09T21:05:53.414+0530] {dag.py:3229} INFO - Sync 1 DAGs
[2024-09-09T21:05:53.422+0530] {logging_mixin.py:190} INFO - [2024-09-09T21:05:53.422+0530] {dag.py:4156} INFO - Setting next_dagrun for example_params_trigger_ui to None, run_after=None
[2024-09-09T21:05:53.446+0530] {processor.py:208} INFO - Processing /home/sst7260/airflow_projects/project1/env/lib/python3.10/site-packages/airflow/example_dags/example_params_trigger_ui.py took 0.073 seconds
[2024-09-09T21:07:14.212+0530] {processor.py:186} INFO - Started process (PID=131974) to work on /home/sst7260/airflow_projects/project1/env/lib/python3.10/site-packages/airflow/example_dags/example_params_trigger_ui.py
[2024-09-09T21:07:14.213+0530] {processor.py:914} INFO - Processing file /home/sst7260/airflow_projects/project1/env/lib/python3.10/site-packages/airflow/example_dags/example_params_trigger_ui.py for tasks to queue
[2024-09-09T21:07:14.215+0530] {logging_mixin.py:190} INFO - [2024-09-09T21:07:14.214+0530] {dagbag.py:587} INFO - Filling up the DagBag from /home/sst7260/airflow_projects/project1/env/lib/python3.10/site-packages/airflow/example_dags/example_params_trigger_ui.py
[2024-09-09T21:07:14.223+0530] {processor.py:925} INFO - DAG(s) 'example_params_trigger_ui' retrieved from /home/sst7260/airflow_projects/project1/env/lib/python3.10/site-packages/airflow/example_dags/example_params_trigger_ui.py
[2024-09-09T21:07:14.248+0530] {logging_mixin.py:190} INFO - [2024-09-09T21:07:14.248+0530] {dag.py:3229} INFO - Sync 1 DAGs
[2024-09-09T21:07:14.256+0530] {logging_mixin.py:190} INFO - [2024-09-09T21:07:14.256+0530] {dag.py:4156} INFO - Setting next_dagrun for example_params_trigger_ui to None, run_after=None
[2024-09-09T21:07:14.278+0530] {processor.py:208} INFO - Processing /home/sst7260/airflow_projects/project1/env/lib/python3.10/site-packages/airflow/example_dags/example_params_trigger_ui.py took 0.071 seconds
[2024-09-09T21:08:35.554+0530] {processor.py:186} INFO - Started process (PID=132066) to work on /home/sst7260/airflow_projects/project1/env/lib/python3.10/site-packages/airflow/example_dags/example_params_trigger_ui.py
[2024-09-09T21:08:35.562+0530] {processor.py:914} INFO - Processing file /home/sst7260/airflow_projects/project1/env/lib/python3.10/site-packages/airflow/example_dags/example_params_trigger_ui.py for tasks to queue
[2024-09-09T21:08:35.564+0530] {logging_mixin.py:190} INFO - [2024-09-09T21:08:35.564+0530] {dagbag.py:587} INFO - Filling up the DagBag from /home/sst7260/airflow_projects/project1/env/lib/python3.10/site-packages/airflow/example_dags/example_params_trigger_ui.py
[2024-09-09T21:08:35.573+0530] {processor.py:925} INFO - DAG(s) 'example_params_trigger_ui' retrieved from /home/sst7260/airflow_projects/project1/env/lib/python3.10/site-packages/airflow/example_dags/example_params_trigger_ui.py
[2024-09-09T21:08:35.598+0530] {logging_mixin.py:190} INFO - [2024-09-09T21:08:35.598+0530] {dag.py:3229} INFO - Sync 1 DAGs
[2024-09-09T21:08:35.605+0530] {logging_mixin.py:190} INFO - [2024-09-09T21:08:35.605+0530] {dag.py:4156} INFO - Setting next_dagrun for example_params_trigger_ui to None, run_after=None
[2024-09-09T21:08:35.627+0530] {processor.py:208} INFO - Processing /home/sst7260/airflow_projects/project1/env/lib/python3.10/site-packages/airflow/example_dags/example_params_trigger_ui.py took 0.078 seconds
[2024-09-09T21:09:32.758+0530] {processor.py:186} INFO - Started process (PID=132139) to work on /home/sst7260/airflow_projects/project1/env/lib/python3.10/site-packages/airflow/example_dags/example_params_trigger_ui.py
[2024-09-09T21:09:32.760+0530] {processor.py:914} INFO - Processing file /home/sst7260/airflow_projects/project1/env/lib/python3.10/site-packages/airflow/example_dags/example_params_trigger_ui.py for tasks to queue
[2024-09-09T21:09:32.761+0530] {logging_mixin.py:190} INFO - [2024-09-09T21:09:32.761+0530] {dagbag.py:587} INFO - Filling up the DagBag from /home/sst7260/airflow_projects/project1/env/lib/python3.10/site-packages/airflow/example_dags/example_params_trigger_ui.py
[2024-09-09T21:09:32.769+0530] {processor.py:925} INFO - DAG(s) 'example_params_trigger_ui' retrieved from /home/sst7260/airflow_projects/project1/env/lib/python3.10/site-packages/airflow/example_dags/example_params_trigger_ui.py
[2024-09-09T21:09:32.794+0530] {logging_mixin.py:190} INFO - [2024-09-09T21:09:32.794+0530] {dag.py:3229} INFO - Sync 1 DAGs
[2024-09-09T21:09:32.803+0530] {logging_mixin.py:190} INFO - [2024-09-09T21:09:32.803+0530] {dag.py:4156} INFO - Setting next_dagrun for example_params_trigger_ui to None, run_after=None
[2024-09-09T21:09:32.824+0530] {processor.py:208} INFO - Processing /home/sst7260/airflow_projects/project1/env/lib/python3.10/site-packages/airflow/example_dags/example_params_trigger_ui.py took 0.071 seconds
[2024-09-09T21:10:50.474+0530] {processor.py:186} INFO - Started process (PID=132257) to work on /home/sst7260/airflow_projects/project1/env/lib/python3.10/site-packages/airflow/example_dags/example_params_trigger_ui.py
[2024-09-09T21:10:50.475+0530] {processor.py:914} INFO - Processing file /home/sst7260/airflow_projects/project1/env/lib/python3.10/site-packages/airflow/example_dags/example_params_trigger_ui.py for tasks to queue
[2024-09-09T21:10:50.476+0530] {logging_mixin.py:190} INFO - [2024-09-09T21:10:50.476+0530] {dagbag.py:587} INFO - Filling up the DagBag from /home/sst7260/airflow_projects/project1/env/lib/python3.10/site-packages/airflow/example_dags/example_params_trigger_ui.py
[2024-09-09T21:10:50.487+0530] {processor.py:925} INFO - DAG(s) 'example_params_trigger_ui' retrieved from /home/sst7260/airflow_projects/project1/env/lib/python3.10/site-packages/airflow/example_dags/example_params_trigger_ui.py
[2024-09-09T21:10:50.527+0530] {logging_mixin.py:190} INFO - [2024-09-09T21:10:50.526+0530] {dag.py:3229} INFO - Sync 1 DAGs
[2024-09-09T21:10:50.542+0530] {logging_mixin.py:190} INFO - [2024-09-09T21:10:50.541+0530] {dag.py:4156} INFO - Setting next_dagrun for example_params_trigger_ui to None, run_after=None
[2024-09-09T21:10:50.565+0530] {processor.py:208} INFO - Processing /home/sst7260/airflow_projects/project1/env/lib/python3.10/site-packages/airflow/example_dags/example_params_trigger_ui.py took 0.096 seconds
[2024-09-09T21:12:09.285+0530] {processor.py:186} INFO - Started process (PID=132354) to work on /home/sst7260/airflow_projects/project1/env/lib/python3.10/site-packages/airflow/example_dags/example_params_trigger_ui.py
[2024-09-09T21:12:09.287+0530] {processor.py:914} INFO - Processing file /home/sst7260/airflow_projects/project1/env/lib/python3.10/site-packages/airflow/example_dags/example_params_trigger_ui.py for tasks to queue
[2024-09-09T21:12:09.288+0530] {logging_mixin.py:190} INFO - [2024-09-09T21:12:09.288+0530] {dagbag.py:587} INFO - Filling up the DagBag from /home/sst7260/airflow_projects/project1/env/lib/python3.10/site-packages/airflow/example_dags/example_params_trigger_ui.py
[2024-09-09T21:12:09.296+0530] {processor.py:925} INFO - DAG(s) 'example_params_trigger_ui' retrieved from /home/sst7260/airflow_projects/project1/env/lib/python3.10/site-packages/airflow/example_dags/example_params_trigger_ui.py
[2024-09-09T21:12:09.319+0530] {logging_mixin.py:190} INFO - [2024-09-09T21:12:09.319+0530] {dag.py:3229} INFO - Sync 1 DAGs
[2024-09-09T21:12:09.327+0530] {logging_mixin.py:190} INFO - [2024-09-09T21:12:09.327+0530] {dag.py:4156} INFO - Setting next_dagrun for example_params_trigger_ui to None, run_after=None
[2024-09-09T21:12:09.361+0530] {processor.py:208} INFO - Processing /home/sst7260/airflow_projects/project1/env/lib/python3.10/site-packages/airflow/example_dags/example_params_trigger_ui.py took 0.081 seconds
[2024-09-09T21:13:04.702+0530] {processor.py:186} INFO - Started process (PID=132417) to work on /home/sst7260/airflow_projects/project1/env/lib/python3.10/site-packages/airflow/example_dags/example_params_trigger_ui.py
[2024-09-09T21:13:04.704+0530] {processor.py:914} INFO - Processing file /home/sst7260/airflow_projects/project1/env/lib/python3.10/site-packages/airflow/example_dags/example_params_trigger_ui.py for tasks to queue
[2024-09-09T21:13:04.705+0530] {logging_mixin.py:190} INFO - [2024-09-09T21:13:04.705+0530] {dagbag.py:587} INFO - Filling up the DagBag from /home/sst7260/airflow_projects/project1/env/lib/python3.10/site-packages/airflow/example_dags/example_params_trigger_ui.py
[2024-09-09T21:13:04.712+0530] {processor.py:925} INFO - DAG(s) 'example_params_trigger_ui' retrieved from /home/sst7260/airflow_projects/project1/env/lib/python3.10/site-packages/airflow/example_dags/example_params_trigger_ui.py
[2024-09-09T21:13:04.737+0530] {logging_mixin.py:190} INFO - [2024-09-09T21:13:04.737+0530] {dag.py:3229} INFO - Sync 1 DAGs
[2024-09-09T21:13:04.745+0530] {logging_mixin.py:190} INFO - [2024-09-09T21:13:04.744+0530] {dag.py:4156} INFO - Setting next_dagrun for example_params_trigger_ui to None, run_after=None
[2024-09-09T21:13:04.769+0530] {processor.py:208} INFO - Processing /home/sst7260/airflow_projects/project1/env/lib/python3.10/site-packages/airflow/example_dags/example_params_trigger_ui.py took 0.070 seconds
[2024-09-09T21:14:01.930+0530] {processor.py:186} INFO - Started process (PID=132483) to work on /home/sst7260/airflow_projects/project1/env/lib/python3.10/site-packages/airflow/example_dags/example_params_trigger_ui.py
[2024-09-09T21:14:01.932+0530] {processor.py:914} INFO - Processing file /home/sst7260/airflow_projects/project1/env/lib/python3.10/site-packages/airflow/example_dags/example_params_trigger_ui.py for tasks to queue
[2024-09-09T21:14:01.933+0530] {logging_mixin.py:190} INFO - [2024-09-09T21:14:01.933+0530] {dagbag.py:587} INFO - Filling up the DagBag from /home/sst7260/airflow_projects/project1/env/lib/python3.10/site-packages/airflow/example_dags/example_params_trigger_ui.py
[2024-09-09T21:14:01.941+0530] {processor.py:925} INFO - DAG(s) 'example_params_trigger_ui' retrieved from /home/sst7260/airflow_projects/project1/env/lib/python3.10/site-packages/airflow/example_dags/example_params_trigger_ui.py
[2024-09-09T21:14:01.965+0530] {logging_mixin.py:190} INFO - [2024-09-09T21:14:01.965+0530] {dag.py:3229} INFO - Sync 1 DAGs
[2024-09-09T21:14:01.973+0530] {logging_mixin.py:190} INFO - [2024-09-09T21:14:01.973+0530] {dag.py:4156} INFO - Setting next_dagrun for example_params_trigger_ui to None, run_after=None
[2024-09-09T21:14:01.995+0530] {processor.py:208} INFO - Processing /home/sst7260/airflow_projects/project1/env/lib/python3.10/site-packages/airflow/example_dags/example_params_trigger_ui.py took 0.070 seconds
[2024-09-09T21:15:00.867+0530] {processor.py:186} INFO - Started process (PID=132556) to work on /home/sst7260/airflow_projects/project1/env/lib/python3.10/site-packages/airflow/example_dags/example_params_trigger_ui.py
[2024-09-09T21:15:00.870+0530] {processor.py:914} INFO - Processing file /home/sst7260/airflow_projects/project1/env/lib/python3.10/site-packages/airflow/example_dags/example_params_trigger_ui.py for tasks to queue
[2024-09-09T21:15:00.871+0530] {logging_mixin.py:190} INFO - [2024-09-09T21:15:00.871+0530] {dagbag.py:587} INFO - Filling up the DagBag from /home/sst7260/airflow_projects/project1/env/lib/python3.10/site-packages/airflow/example_dags/example_params_trigger_ui.py
[2024-09-09T21:15:00.879+0530] {processor.py:925} INFO - DAG(s) 'example_params_trigger_ui' retrieved from /home/sst7260/airflow_projects/project1/env/lib/python3.10/site-packages/airflow/example_dags/example_params_trigger_ui.py
[2024-09-09T21:15:00.903+0530] {logging_mixin.py:190} INFO - [2024-09-09T21:15:00.903+0530] {dag.py:3229} INFO - Sync 1 DAGs
[2024-09-09T21:15:00.910+0530] {logging_mixin.py:190} INFO - [2024-09-09T21:15:00.910+0530] {dag.py:4156} INFO - Setting next_dagrun for example_params_trigger_ui to None, run_after=None
[2024-09-09T21:15:00.933+0530] {processor.py:208} INFO - Processing /home/sst7260/airflow_projects/project1/env/lib/python3.10/site-packages/airflow/example_dags/example_params_trigger_ui.py took 0.071 seconds
[2024-09-09T21:15:57.710+0530] {processor.py:186} INFO - Started process (PID=132712) to work on /home/sst7260/airflow_projects/project1/env/lib/python3.10/site-packages/airflow/example_dags/example_params_trigger_ui.py
[2024-09-09T21:15:57.712+0530] {processor.py:914} INFO - Processing file /home/sst7260/airflow_projects/project1/env/lib/python3.10/site-packages/airflow/example_dags/example_params_trigger_ui.py for tasks to queue
[2024-09-09T21:15:57.712+0530] {logging_mixin.py:190} INFO - [2024-09-09T21:15:57.712+0530] {dagbag.py:587} INFO - Filling up the DagBag from /home/sst7260/airflow_projects/project1/env/lib/python3.10/site-packages/airflow/example_dags/example_params_trigger_ui.py
[2024-09-09T21:15:57.720+0530] {processor.py:925} INFO - DAG(s) 'example_params_trigger_ui' retrieved from /home/sst7260/airflow_projects/project1/env/lib/python3.10/site-packages/airflow/example_dags/example_params_trigger_ui.py
[2024-09-09T21:15:57.746+0530] {logging_mixin.py:190} INFO - [2024-09-09T21:15:57.746+0530] {dag.py:3229} INFO - Sync 1 DAGs
[2024-09-09T21:15:57.753+0530] {logging_mixin.py:190} INFO - [2024-09-09T21:15:57.753+0530] {dag.py:4156} INFO - Setting next_dagrun for example_params_trigger_ui to None, run_after=None
[2024-09-09T21:15:57.779+0530] {processor.py:208} INFO - Processing /home/sst7260/airflow_projects/project1/env/lib/python3.10/site-packages/airflow/example_dags/example_params_trigger_ui.py took 0.075 seconds
[2024-09-09T21:17:18.241+0530] {processor.py:186} INFO - Started process (PID=132816) to work on /home/sst7260/airflow_projects/project1/env/lib/python3.10/site-packages/airflow/example_dags/example_params_trigger_ui.py
[2024-09-09T21:17:18.243+0530] {processor.py:914} INFO - Processing file /home/sst7260/airflow_projects/project1/env/lib/python3.10/site-packages/airflow/example_dags/example_params_trigger_ui.py for tasks to queue
[2024-09-09T21:17:18.244+0530] {logging_mixin.py:190} INFO - [2024-09-09T21:17:18.243+0530] {dagbag.py:587} INFO - Filling up the DagBag from /home/sst7260/airflow_projects/project1/env/lib/python3.10/site-packages/airflow/example_dags/example_params_trigger_ui.py
[2024-09-09T21:17:18.250+0530] {processor.py:925} INFO - DAG(s) 'example_params_trigger_ui' retrieved from /home/sst7260/airflow_projects/project1/env/lib/python3.10/site-packages/airflow/example_dags/example_params_trigger_ui.py
[2024-09-09T21:17:18.275+0530] {logging_mixin.py:190} INFO - [2024-09-09T21:17:18.275+0530] {dag.py:3229} INFO - Sync 1 DAGs
[2024-09-09T21:17:18.284+0530] {logging_mixin.py:190} INFO - [2024-09-09T21:17:18.284+0530] {dag.py:4156} INFO - Setting next_dagrun for example_params_trigger_ui to None, run_after=None
[2024-09-09T21:17:18.309+0530] {processor.py:208} INFO - Processing /home/sst7260/airflow_projects/project1/env/lib/python3.10/site-packages/airflow/example_dags/example_params_trigger_ui.py took 0.073 seconds
[2024-09-09T21:18:12.938+0530] {processor.py:186} INFO - Started process (PID=132879) to work on /home/sst7260/airflow_projects/project1/env/lib/python3.10/site-packages/airflow/example_dags/example_params_trigger_ui.py
[2024-09-09T21:18:12.940+0530] {processor.py:914} INFO - Processing file /home/sst7260/airflow_projects/project1/env/lib/python3.10/site-packages/airflow/example_dags/example_params_trigger_ui.py for tasks to queue
[2024-09-09T21:18:12.941+0530] {logging_mixin.py:190} INFO - [2024-09-09T21:18:12.940+0530] {dagbag.py:587} INFO - Filling up the DagBag from /home/sst7260/airflow_projects/project1/env/lib/python3.10/site-packages/airflow/example_dags/example_params_trigger_ui.py
[2024-09-09T21:18:12.948+0530] {processor.py:925} INFO - DAG(s) 'example_params_trigger_ui' retrieved from /home/sst7260/airflow_projects/project1/env/lib/python3.10/site-packages/airflow/example_dags/example_params_trigger_ui.py
[2024-09-09T21:18:12.972+0530] {logging_mixin.py:190} INFO - [2024-09-09T21:18:12.972+0530] {dag.py:3229} INFO - Sync 1 DAGs
[2024-09-09T21:18:12.980+0530] {logging_mixin.py:190} INFO - [2024-09-09T21:18:12.980+0530] {dag.py:4156} INFO - Setting next_dagrun for example_params_trigger_ui to None, run_after=None
[2024-09-09T21:18:13.002+0530] {processor.py:208} INFO - Processing /home/sst7260/airflow_projects/project1/env/lib/python3.10/site-packages/airflow/example_dags/example_params_trigger_ui.py took 0.068 seconds
[2024-09-09T21:19:09.610+0530] {processor.py:186} INFO - Started process (PID=132944) to work on /home/sst7260/airflow_projects/project1/env/lib/python3.10/site-packages/airflow/example_dags/example_params_trigger_ui.py
[2024-09-09T21:19:09.611+0530] {processor.py:914} INFO - Processing file /home/sst7260/airflow_projects/project1/env/lib/python3.10/site-packages/airflow/example_dags/example_params_trigger_ui.py for tasks to queue
[2024-09-09T21:19:09.613+0530] {logging_mixin.py:190} INFO - [2024-09-09T21:19:09.613+0530] {dagbag.py:587} INFO - Filling up the DagBag from /home/sst7260/airflow_projects/project1/env/lib/python3.10/site-packages/airflow/example_dags/example_params_trigger_ui.py
[2024-09-09T21:19:09.623+0530] {processor.py:925} INFO - DAG(s) 'example_params_trigger_ui' retrieved from /home/sst7260/airflow_projects/project1/env/lib/python3.10/site-packages/airflow/example_dags/example_params_trigger_ui.py
[2024-09-09T21:19:09.649+0530] {logging_mixin.py:190} INFO - [2024-09-09T21:19:09.649+0530] {dag.py:3229} INFO - Sync 1 DAGs
[2024-09-09T21:19:09.657+0530] {logging_mixin.py:190} INFO - [2024-09-09T21:19:09.657+0530] {dag.py:4156} INFO - Setting next_dagrun for example_params_trigger_ui to None, run_after=None
[2024-09-09T21:19:09.678+0530] {processor.py:208} INFO - Processing /home/sst7260/airflow_projects/project1/env/lib/python3.10/site-packages/airflow/example_dags/example_params_trigger_ui.py took 0.074 seconds
[2024-09-09T21:20:05.109+0530] {processor.py:186} INFO - Started process (PID=133008) to work on /home/sst7260/airflow_projects/project1/env/lib/python3.10/site-packages/airflow/example_dags/example_params_trigger_ui.py
[2024-09-09T21:20:05.111+0530] {processor.py:914} INFO - Processing file /home/sst7260/airflow_projects/project1/env/lib/python3.10/site-packages/airflow/example_dags/example_params_trigger_ui.py for tasks to queue
[2024-09-09T21:20:05.112+0530] {logging_mixin.py:190} INFO - [2024-09-09T21:20:05.112+0530] {dagbag.py:587} INFO - Filling up the DagBag from /home/sst7260/airflow_projects/project1/env/lib/python3.10/site-packages/airflow/example_dags/example_params_trigger_ui.py
[2024-09-09T21:20:05.121+0530] {processor.py:925} INFO - DAG(s) 'example_params_trigger_ui' retrieved from /home/sst7260/airflow_projects/project1/env/lib/python3.10/site-packages/airflow/example_dags/example_params_trigger_ui.py
[2024-09-09T21:20:05.145+0530] {logging_mixin.py:190} INFO - [2024-09-09T21:20:05.145+0530] {dag.py:3229} INFO - Sync 1 DAGs
[2024-09-09T21:20:05.153+0530] {logging_mixin.py:190} INFO - [2024-09-09T21:20:05.152+0530] {dag.py:4156} INFO - Setting next_dagrun for example_params_trigger_ui to None, run_after=None
[2024-09-09T21:20:05.175+0530] {processor.py:208} INFO - Processing /home/sst7260/airflow_projects/project1/env/lib/python3.10/site-packages/airflow/example_dags/example_params_trigger_ui.py took 0.070 seconds
[2024-09-09T21:21:00.498+0530] {processor.py:186} INFO - Started process (PID=133164) to work on /home/sst7260/airflow_projects/project1/env/lib/python3.10/site-packages/airflow/example_dags/example_params_trigger_ui.py
[2024-09-09T21:21:00.500+0530] {processor.py:914} INFO - Processing file /home/sst7260/airflow_projects/project1/env/lib/python3.10/site-packages/airflow/example_dags/example_params_trigger_ui.py for tasks to queue
[2024-09-09T21:21:00.501+0530] {logging_mixin.py:190} INFO - [2024-09-09T21:21:00.501+0530] {dagbag.py:587} INFO - Filling up the DagBag from /home/sst7260/airflow_projects/project1/env/lib/python3.10/site-packages/airflow/example_dags/example_params_trigger_ui.py
[2024-09-09T21:21:00.509+0530] {processor.py:925} INFO - DAG(s) 'example_params_trigger_ui' retrieved from /home/sst7260/airflow_projects/project1/env/lib/python3.10/site-packages/airflow/example_dags/example_params_trigger_ui.py
[2024-09-09T21:21:00.539+0530] {logging_mixin.py:190} INFO - [2024-09-09T21:21:00.539+0530] {dag.py:3229} INFO - Sync 1 DAGs
[2024-09-09T21:21:00.551+0530] {logging_mixin.py:190} INFO - [2024-09-09T21:21:00.551+0530] {dag.py:4156} INFO - Setting next_dagrun for example_params_trigger_ui to None, run_after=None
[2024-09-09T21:21:00.577+0530] {processor.py:208} INFO - Processing /home/sst7260/airflow_projects/project1/env/lib/python3.10/site-packages/airflow/example_dags/example_params_trigger_ui.py took 0.084 seconds
[2024-09-09T21:21:54.703+0530] {processor.py:186} INFO - Started process (PID=133233) to work on /home/sst7260/airflow_projects/project1/env/lib/python3.10/site-packages/airflow/example_dags/example_params_trigger_ui.py
[2024-09-09T21:21:54.712+0530] {processor.py:914} INFO - Processing file /home/sst7260/airflow_projects/project1/env/lib/python3.10/site-packages/airflow/example_dags/example_params_trigger_ui.py for tasks to queue
[2024-09-09T21:21:54.713+0530] {logging_mixin.py:190} INFO - [2024-09-09T21:21:54.713+0530] {dagbag.py:587} INFO - Filling up the DagBag from /home/sst7260/airflow_projects/project1/env/lib/python3.10/site-packages/airflow/example_dags/example_params_trigger_ui.py
[2024-09-09T21:21:54.723+0530] {processor.py:925} INFO - DAG(s) 'example_params_trigger_ui' retrieved from /home/sst7260/airflow_projects/project1/env/lib/python3.10/site-packages/airflow/example_dags/example_params_trigger_ui.py
[2024-09-09T21:21:54.746+0530] {logging_mixin.py:190} INFO - [2024-09-09T21:21:54.746+0530] {dag.py:3229} INFO - Sync 1 DAGs
[2024-09-09T21:21:54.756+0530] {logging_mixin.py:190} INFO - [2024-09-09T21:21:54.756+0530] {dag.py:4156} INFO - Setting next_dagrun for example_params_trigger_ui to None, run_after=None
[2024-09-09T21:21:54.781+0530] {processor.py:208} INFO - Processing /home/sst7260/airflow_projects/project1/env/lib/python3.10/site-packages/airflow/example_dags/example_params_trigger_ui.py took 0.083 seconds
[2024-09-09T21:23:13.019+0530] {processor.py:186} INFO - Started process (PID=133326) to work on /home/sst7260/airflow_projects/project1/env/lib/python3.10/site-packages/airflow/example_dags/example_params_trigger_ui.py
[2024-09-09T21:23:13.021+0530] {processor.py:914} INFO - Processing file /home/sst7260/airflow_projects/project1/env/lib/python3.10/site-packages/airflow/example_dags/example_params_trigger_ui.py for tasks to queue
[2024-09-09T21:23:13.022+0530] {logging_mixin.py:190} INFO - [2024-09-09T21:23:13.022+0530] {dagbag.py:587} INFO - Filling up the DagBag from /home/sst7260/airflow_projects/project1/env/lib/python3.10/site-packages/airflow/example_dags/example_params_trigger_ui.py
[2024-09-09T21:23:13.029+0530] {processor.py:925} INFO - DAG(s) 'example_params_trigger_ui' retrieved from /home/sst7260/airflow_projects/project1/env/lib/python3.10/site-packages/airflow/example_dags/example_params_trigger_ui.py
[2024-09-09T21:23:13.053+0530] {logging_mixin.py:190} INFO - [2024-09-09T21:23:13.053+0530] {dag.py:3229} INFO - Sync 1 DAGs
[2024-09-09T21:23:13.061+0530] {logging_mixin.py:190} INFO - [2024-09-09T21:23:13.061+0530] {dag.py:4156} INFO - Setting next_dagrun for example_params_trigger_ui to None, run_after=None
[2024-09-09T21:23:13.083+0530] {processor.py:208} INFO - Processing /home/sst7260/airflow_projects/project1/env/lib/python3.10/site-packages/airflow/example_dags/example_params_trigger_ui.py took 0.068 seconds
[2024-09-09T21:24:08.429+0530] {processor.py:186} INFO - Started process (PID=133388) to work on /home/sst7260/airflow_projects/project1/env/lib/python3.10/site-packages/airflow/example_dags/example_params_trigger_ui.py
[2024-09-09T21:24:08.431+0530] {processor.py:914} INFO - Processing file /home/sst7260/airflow_projects/project1/env/lib/python3.10/site-packages/airflow/example_dags/example_params_trigger_ui.py for tasks to queue
[2024-09-09T21:24:08.432+0530] {logging_mixin.py:190} INFO - [2024-09-09T21:24:08.432+0530] {dagbag.py:587} INFO - Filling up the DagBag from /home/sst7260/airflow_projects/project1/env/lib/python3.10/site-packages/airflow/example_dags/example_params_trigger_ui.py
[2024-09-09T21:24:08.440+0530] {processor.py:925} INFO - DAG(s) 'example_params_trigger_ui' retrieved from /home/sst7260/airflow_projects/project1/env/lib/python3.10/site-packages/airflow/example_dags/example_params_trigger_ui.py
[2024-09-09T21:24:08.464+0530] {logging_mixin.py:190} INFO - [2024-09-09T21:24:08.464+0530] {dag.py:3229} INFO - Sync 1 DAGs
[2024-09-09T21:24:08.472+0530] {logging_mixin.py:190} INFO - [2024-09-09T21:24:08.472+0530] {dag.py:4156} INFO - Setting next_dagrun for example_params_trigger_ui to None, run_after=None
[2024-09-09T21:24:08.491+0530] {processor.py:208} INFO - Processing /home/sst7260/airflow_projects/project1/env/lib/python3.10/site-packages/airflow/example_dags/example_params_trigger_ui.py took 0.068 seconds
[2024-09-09T21:25:06.312+0530] {processor.py:186} INFO - Started process (PID=133459) to work on /home/sst7260/airflow_projects/project1/env/lib/python3.10/site-packages/airflow/example_dags/example_params_trigger_ui.py
[2024-09-09T21:25:06.313+0530] {processor.py:914} INFO - Processing file /home/sst7260/airflow_projects/project1/env/lib/python3.10/site-packages/airflow/example_dags/example_params_trigger_ui.py for tasks to queue
[2024-09-09T21:25:06.315+0530] {logging_mixin.py:190} INFO - [2024-09-09T21:25:06.314+0530] {dagbag.py:587} INFO - Filling up the DagBag from /home/sst7260/airflow_projects/project1/env/lib/python3.10/site-packages/airflow/example_dags/example_params_trigger_ui.py
[2024-09-09T21:25:06.322+0530] {processor.py:925} INFO - DAG(s) 'example_params_trigger_ui' retrieved from /home/sst7260/airflow_projects/project1/env/lib/python3.10/site-packages/airflow/example_dags/example_params_trigger_ui.py
[2024-09-09T21:25:06.346+0530] {logging_mixin.py:190} INFO - [2024-09-09T21:25:06.345+0530] {dag.py:3229} INFO - Sync 1 DAGs
[2024-09-09T21:25:06.353+0530] {logging_mixin.py:190} INFO - [2024-09-09T21:25:06.353+0530] {dag.py:4156} INFO - Setting next_dagrun for example_params_trigger_ui to None, run_after=None
[2024-09-09T21:25:06.378+0530] {processor.py:208} INFO - Processing /home/sst7260/airflow_projects/project1/env/lib/python3.10/site-packages/airflow/example_dags/example_params_trigger_ui.py took 0.071 seconds
[2024-09-09T21:26:02.535+0530] {processor.py:186} INFO - Started process (PID=133615) to work on /home/sst7260/airflow_projects/project1/env/lib/python3.10/site-packages/airflow/example_dags/example_params_trigger_ui.py
[2024-09-09T21:26:02.536+0530] {processor.py:914} INFO - Processing file /home/sst7260/airflow_projects/project1/env/lib/python3.10/site-packages/airflow/example_dags/example_params_trigger_ui.py for tasks to queue
[2024-09-09T21:26:02.537+0530] {logging_mixin.py:190} INFO - [2024-09-09T21:26:02.537+0530] {dagbag.py:587} INFO - Filling up the DagBag from /home/sst7260/airflow_projects/project1/env/lib/python3.10/site-packages/airflow/example_dags/example_params_trigger_ui.py
[2024-09-09T21:26:02.545+0530] {processor.py:925} INFO - DAG(s) 'example_params_trigger_ui' retrieved from /home/sst7260/airflow_projects/project1/env/lib/python3.10/site-packages/airflow/example_dags/example_params_trigger_ui.py
[2024-09-09T21:26:02.569+0530] {logging_mixin.py:190} INFO - [2024-09-09T21:26:02.569+0530] {dag.py:3229} INFO - Sync 1 DAGs
[2024-09-09T21:26:02.578+0530] {logging_mixin.py:190} INFO - [2024-09-09T21:26:02.578+0530] {dag.py:4156} INFO - Setting next_dagrun for example_params_trigger_ui to None, run_after=None
[2024-09-09T21:26:02.601+0530] {processor.py:208} INFO - Processing /home/sst7260/airflow_projects/project1/env/lib/python3.10/site-packages/airflow/example_dags/example_params_trigger_ui.py took 0.072 seconds
[2024-09-09T21:26:59.408+0530] {processor.py:186} INFO - Started process (PID=133680) to work on /home/sst7260/airflow_projects/project1/env/lib/python3.10/site-packages/airflow/example_dags/example_params_trigger_ui.py
[2024-09-09T21:26:59.410+0530] {processor.py:914} INFO - Processing file /home/sst7260/airflow_projects/project1/env/lib/python3.10/site-packages/airflow/example_dags/example_params_trigger_ui.py for tasks to queue
[2024-09-09T21:26:59.411+0530] {logging_mixin.py:190} INFO - [2024-09-09T21:26:59.410+0530] {dagbag.py:587} INFO - Filling up the DagBag from /home/sst7260/airflow_projects/project1/env/lib/python3.10/site-packages/airflow/example_dags/example_params_trigger_ui.py
[2024-09-09T21:26:59.418+0530] {processor.py:925} INFO - DAG(s) 'example_params_trigger_ui' retrieved from /home/sst7260/airflow_projects/project1/env/lib/python3.10/site-packages/airflow/example_dags/example_params_trigger_ui.py
[2024-09-09T21:26:59.441+0530] {logging_mixin.py:190} INFO - [2024-09-09T21:26:59.441+0530] {dag.py:3229} INFO - Sync 1 DAGs
[2024-09-09T21:26:59.450+0530] {logging_mixin.py:190} INFO - [2024-09-09T21:26:59.450+0530] {dag.py:4156} INFO - Setting next_dagrun for example_params_trigger_ui to None, run_after=None
[2024-09-09T21:26:59.470+0530] {processor.py:208} INFO - Processing /home/sst7260/airflow_projects/project1/env/lib/python3.10/site-packages/airflow/example_dags/example_params_trigger_ui.py took 0.065 seconds
[2024-09-09T21:27:54.822+0530] {processor.py:186} INFO - Started process (PID=133807) to work on /home/sst7260/airflow_projects/project1/env/lib/python3.10/site-packages/airflow/example_dags/example_params_trigger_ui.py
[2024-09-09T21:27:54.823+0530] {processor.py:914} INFO - Processing file /home/sst7260/airflow_projects/project1/env/lib/python3.10/site-packages/airflow/example_dags/example_params_trigger_ui.py for tasks to queue
[2024-09-09T21:27:54.824+0530] {logging_mixin.py:190} INFO - [2024-09-09T21:27:54.824+0530] {dagbag.py:587} INFO - Filling up the DagBag from /home/sst7260/airflow_projects/project1/env/lib/python3.10/site-packages/airflow/example_dags/example_params_trigger_ui.py
[2024-09-09T21:27:54.834+0530] {processor.py:925} INFO - DAG(s) 'example_params_trigger_ui' retrieved from /home/sst7260/airflow_projects/project1/env/lib/python3.10/site-packages/airflow/example_dags/example_params_trigger_ui.py
[2024-09-09T21:27:54.860+0530] {logging_mixin.py:190} INFO - [2024-09-09T21:27:54.859+0530] {dag.py:3229} INFO - Sync 1 DAGs
[2024-09-09T21:27:54.868+0530] {logging_mixin.py:190} INFO - [2024-09-09T21:27:54.868+0530] {dag.py:4156} INFO - Setting next_dagrun for example_params_trigger_ui to None, run_after=None
[2024-09-09T21:27:54.886+0530] {processor.py:208} INFO - Processing /home/sst7260/airflow_projects/project1/env/lib/python3.10/site-packages/airflow/example_dags/example_params_trigger_ui.py took 0.069 seconds
[2024-09-09T21:28:51.471+0530] {processor.py:186} INFO - Started process (PID=133872) to work on /home/sst7260/airflow_projects/project1/env/lib/python3.10/site-packages/airflow/example_dags/example_params_trigger_ui.py
[2024-09-09T21:28:51.481+0530] {processor.py:914} INFO - Processing file /home/sst7260/airflow_projects/project1/env/lib/python3.10/site-packages/airflow/example_dags/example_params_trigger_ui.py for tasks to queue
[2024-09-09T21:28:51.483+0530] {logging_mixin.py:190} INFO - [2024-09-09T21:28:51.482+0530] {dagbag.py:587} INFO - Filling up the DagBag from /home/sst7260/airflow_projects/project1/env/lib/python3.10/site-packages/airflow/example_dags/example_params_trigger_ui.py
[2024-09-09T21:28:51.492+0530] {processor.py:925} INFO - DAG(s) 'example_params_trigger_ui' retrieved from /home/sst7260/airflow_projects/project1/env/lib/python3.10/site-packages/airflow/example_dags/example_params_trigger_ui.py
[2024-09-09T21:28:51.516+0530] {logging_mixin.py:190} INFO - [2024-09-09T21:28:51.516+0530] {dag.py:3229} INFO - Sync 1 DAGs
[2024-09-09T21:28:51.525+0530] {logging_mixin.py:190} INFO - [2024-09-09T21:28:51.525+0530] {dag.py:4156} INFO - Setting next_dagrun for example_params_trigger_ui to None, run_after=None
[2024-09-09T21:28:51.551+0530] {processor.py:208} INFO - Processing /home/sst7260/airflow_projects/project1/env/lib/python3.10/site-packages/airflow/example_dags/example_params_trigger_ui.py took 0.084 seconds
[2024-09-09T21:29:47.005+0530] {processor.py:186} INFO - Started process (PID=133942) to work on /home/sst7260/airflow_projects/project1/env/lib/python3.10/site-packages/airflow/example_dags/example_params_trigger_ui.py
[2024-09-09T21:29:47.008+0530] {processor.py:914} INFO - Processing file /home/sst7260/airflow_projects/project1/env/lib/python3.10/site-packages/airflow/example_dags/example_params_trigger_ui.py for tasks to queue
[2024-09-09T21:29:47.011+0530] {logging_mixin.py:190} INFO - [2024-09-09T21:29:47.010+0530] {dagbag.py:587} INFO - Filling up the DagBag from /home/sst7260/airflow_projects/project1/env/lib/python3.10/site-packages/airflow/example_dags/example_params_trigger_ui.py
[2024-09-09T21:29:47.019+0530] {processor.py:925} INFO - DAG(s) 'example_params_trigger_ui' retrieved from /home/sst7260/airflow_projects/project1/env/lib/python3.10/site-packages/airflow/example_dags/example_params_trigger_ui.py
[2024-09-09T21:29:47.045+0530] {logging_mixin.py:190} INFO - [2024-09-09T21:29:47.045+0530] {dag.py:3229} INFO - Sync 1 DAGs
[2024-09-09T21:29:47.053+0530] {logging_mixin.py:190} INFO - [2024-09-09T21:29:47.053+0530] {dag.py:4156} INFO - Setting next_dagrun for example_params_trigger_ui to None, run_after=None
[2024-09-09T21:29:47.072+0530] {processor.py:208} INFO - Processing /home/sst7260/airflow_projects/project1/env/lib/python3.10/site-packages/airflow/example_dags/example_params_trigger_ui.py took 0.071 seconds
[2024-09-09T21:31:06.723+0530] {processor.py:186} INFO - Started process (PID=134060) to work on /home/sst7260/airflow_projects/project1/env/lib/python3.10/site-packages/airflow/example_dags/example_params_trigger_ui.py
[2024-09-09T21:31:06.724+0530] {processor.py:914} INFO - Processing file /home/sst7260/airflow_projects/project1/env/lib/python3.10/site-packages/airflow/example_dags/example_params_trigger_ui.py for tasks to queue
[2024-09-09T21:31:06.726+0530] {logging_mixin.py:190} INFO - [2024-09-09T21:31:06.725+0530] {dagbag.py:587} INFO - Filling up the DagBag from /home/sst7260/airflow_projects/project1/env/lib/python3.10/site-packages/airflow/example_dags/example_params_trigger_ui.py
[2024-09-09T21:31:06.734+0530] {processor.py:925} INFO - DAG(s) 'example_params_trigger_ui' retrieved from /home/sst7260/airflow_projects/project1/env/lib/python3.10/site-packages/airflow/example_dags/example_params_trigger_ui.py
[2024-09-09T21:31:06.759+0530] {logging_mixin.py:190} INFO - [2024-09-09T21:31:06.759+0530] {dag.py:3229} INFO - Sync 1 DAGs
[2024-09-09T21:31:06.767+0530] {logging_mixin.py:190} INFO - [2024-09-09T21:31:06.766+0530] {dag.py:4156} INFO - Setting next_dagrun for example_params_trigger_ui to None, run_after=None
[2024-09-09T21:31:06.797+0530] {processor.py:208} INFO - Processing /home/sst7260/airflow_projects/project1/env/lib/python3.10/site-packages/airflow/example_dags/example_params_trigger_ui.py took 0.079 seconds
[2024-09-09T21:32:01.980+0530] {processor.py:186} INFO - Started process (PID=134128) to work on /home/sst7260/airflow_projects/project1/env/lib/python3.10/site-packages/airflow/example_dags/example_params_trigger_ui.py
[2024-09-09T21:32:01.982+0530] {processor.py:914} INFO - Processing file /home/sst7260/airflow_projects/project1/env/lib/python3.10/site-packages/airflow/example_dags/example_params_trigger_ui.py for tasks to queue
[2024-09-09T21:32:01.983+0530] {logging_mixin.py:190} INFO - [2024-09-09T21:32:01.983+0530] {dagbag.py:587} INFO - Filling up the DagBag from /home/sst7260/airflow_projects/project1/env/lib/python3.10/site-packages/airflow/example_dags/example_params_trigger_ui.py
[2024-09-09T21:32:01.990+0530] {processor.py:925} INFO - DAG(s) 'example_params_trigger_ui' retrieved from /home/sst7260/airflow_projects/project1/env/lib/python3.10/site-packages/airflow/example_dags/example_params_trigger_ui.py
[2024-09-09T21:32:02.014+0530] {logging_mixin.py:190} INFO - [2024-09-09T21:32:02.014+0530] {dag.py:3229} INFO - Sync 1 DAGs
[2024-09-09T21:32:02.021+0530] {logging_mixin.py:190} INFO - [2024-09-09T21:32:02.021+0530] {dag.py:4156} INFO - Setting next_dagrun for example_params_trigger_ui to None, run_after=None
[2024-09-09T21:32:02.043+0530] {processor.py:208} INFO - Processing /home/sst7260/airflow_projects/project1/env/lib/python3.10/site-packages/airflow/example_dags/example_params_trigger_ui.py took 0.067 seconds
[2024-09-09T21:32:59.451+0530] {processor.py:186} INFO - Started process (PID=134194) to work on /home/sst7260/airflow_projects/project1/env/lib/python3.10/site-packages/airflow/example_dags/example_params_trigger_ui.py
[2024-09-09T21:32:59.453+0530] {processor.py:914} INFO - Processing file /home/sst7260/airflow_projects/project1/env/lib/python3.10/site-packages/airflow/example_dags/example_params_trigger_ui.py for tasks to queue
[2024-09-09T21:32:59.453+0530] {logging_mixin.py:190} INFO - [2024-09-09T21:32:59.453+0530] {dagbag.py:587} INFO - Filling up the DagBag from /home/sst7260/airflow_projects/project1/env/lib/python3.10/site-packages/airflow/example_dags/example_params_trigger_ui.py
[2024-09-09T21:32:59.460+0530] {processor.py:925} INFO - DAG(s) 'example_params_trigger_ui' retrieved from /home/sst7260/airflow_projects/project1/env/lib/python3.10/site-packages/airflow/example_dags/example_params_trigger_ui.py
[2024-09-09T21:32:59.484+0530] {logging_mixin.py:190} INFO - [2024-09-09T21:32:59.484+0530] {dag.py:3229} INFO - Sync 1 DAGs
[2024-09-09T21:32:59.491+0530] {logging_mixin.py:190} INFO - [2024-09-09T21:32:59.491+0530] {dag.py:4156} INFO - Setting next_dagrun for example_params_trigger_ui to None, run_after=None
[2024-09-09T21:32:59.513+0530] {processor.py:208} INFO - Processing /home/sst7260/airflow_projects/project1/env/lib/python3.10/site-packages/airflow/example_dags/example_params_trigger_ui.py took 0.067 seconds
[2024-09-09T21:34:19.255+0530] {processor.py:186} INFO - Started process (PID=134290) to work on /home/sst7260/airflow_projects/project1/env/lib/python3.10/site-packages/airflow/example_dags/example_params_trigger_ui.py
[2024-09-09T21:34:19.257+0530] {processor.py:914} INFO - Processing file /home/sst7260/airflow_projects/project1/env/lib/python3.10/site-packages/airflow/example_dags/example_params_trigger_ui.py for tasks to queue
[2024-09-09T21:34:19.258+0530] {logging_mixin.py:190} INFO - [2024-09-09T21:34:19.257+0530] {dagbag.py:587} INFO - Filling up the DagBag from /home/sst7260/airflow_projects/project1/env/lib/python3.10/site-packages/airflow/example_dags/example_params_trigger_ui.py
[2024-09-09T21:34:19.265+0530] {processor.py:925} INFO - DAG(s) 'example_params_trigger_ui' retrieved from /home/sst7260/airflow_projects/project1/env/lib/python3.10/site-packages/airflow/example_dags/example_params_trigger_ui.py
[2024-09-09T21:34:19.288+0530] {logging_mixin.py:190} INFO - [2024-09-09T21:34:19.288+0530] {dag.py:3229} INFO - Sync 1 DAGs
[2024-09-09T21:34:19.296+0530] {logging_mixin.py:190} INFO - [2024-09-09T21:34:19.296+0530] {dag.py:4156} INFO - Setting next_dagrun for example_params_trigger_ui to None, run_after=None
[2024-09-09T21:34:19.321+0530] {processor.py:208} INFO - Processing /home/sst7260/airflow_projects/project1/env/lib/python3.10/site-packages/airflow/example_dags/example_params_trigger_ui.py took 0.069 seconds
[2024-09-09T21:35:16.150+0530] {processor.py:186} INFO - Started process (PID=134354) to work on /home/sst7260/airflow_projects/project1/env/lib/python3.10/site-packages/airflow/example_dags/example_params_trigger_ui.py
[2024-09-09T21:35:16.151+0530] {processor.py:914} INFO - Processing file /home/sst7260/airflow_projects/project1/env/lib/python3.10/site-packages/airflow/example_dags/example_params_trigger_ui.py for tasks to queue
[2024-09-09T21:35:16.152+0530] {logging_mixin.py:190} INFO - [2024-09-09T21:35:16.152+0530] {dagbag.py:587} INFO - Filling up the DagBag from /home/sst7260/airflow_projects/project1/env/lib/python3.10/site-packages/airflow/example_dags/example_params_trigger_ui.py
[2024-09-09T21:35:16.160+0530] {processor.py:925} INFO - DAG(s) 'example_params_trigger_ui' retrieved from /home/sst7260/airflow_projects/project1/env/lib/python3.10/site-packages/airflow/example_dags/example_params_trigger_ui.py
[2024-09-09T21:35:16.183+0530] {logging_mixin.py:190} INFO - [2024-09-09T21:35:16.183+0530] {dag.py:3229} INFO - Sync 1 DAGs
[2024-09-09T21:35:16.191+0530] {logging_mixin.py:190} INFO - [2024-09-09T21:35:16.191+0530] {dag.py:4156} INFO - Setting next_dagrun for example_params_trigger_ui to None, run_after=None
[2024-09-09T21:35:16.212+0530] {processor.py:208} INFO - Processing /home/sst7260/airflow_projects/project1/env/lib/python3.10/site-packages/airflow/example_dags/example_params_trigger_ui.py took 0.066 seconds
[2024-09-09T21:36:36.722+0530] {processor.py:186} INFO - Started process (PID=134477) to work on /home/sst7260/airflow_projects/project1/env/lib/python3.10/site-packages/airflow/example_dags/example_params_trigger_ui.py
[2024-09-09T21:36:36.724+0530] {processor.py:914} INFO - Processing file /home/sst7260/airflow_projects/project1/env/lib/python3.10/site-packages/airflow/example_dags/example_params_trigger_ui.py for tasks to queue
[2024-09-09T21:36:36.725+0530] {logging_mixin.py:190} INFO - [2024-09-09T21:36:36.725+0530] {dagbag.py:587} INFO - Filling up the DagBag from /home/sst7260/airflow_projects/project1/env/lib/python3.10/site-packages/airflow/example_dags/example_params_trigger_ui.py
[2024-09-09T21:36:36.733+0530] {processor.py:925} INFO - DAG(s) 'example_params_trigger_ui' retrieved from /home/sst7260/airflow_projects/project1/env/lib/python3.10/site-packages/airflow/example_dags/example_params_trigger_ui.py
[2024-09-09T21:36:36.774+0530] {logging_mixin.py:190} INFO - [2024-09-09T21:36:36.773+0530] {dag.py:3229} INFO - Sync 1 DAGs
[2024-09-09T21:36:36.782+0530] {logging_mixin.py:190} INFO - [2024-09-09T21:36:36.782+0530] {dag.py:4156} INFO - Setting next_dagrun for example_params_trigger_ui to None, run_after=None
[2024-09-09T21:36:36.805+0530] {processor.py:208} INFO - Processing /home/sst7260/airflow_projects/project1/env/lib/python3.10/site-packages/airflow/example_dags/example_params_trigger_ui.py took 0.087 seconds
[2024-09-09T21:37:30.980+0530] {processor.py:186} INFO - Started process (PID=134542) to work on /home/sst7260/airflow_projects/project1/env/lib/python3.10/site-packages/airflow/example_dags/example_params_trigger_ui.py
[2024-09-09T21:37:30.985+0530] {processor.py:914} INFO - Processing file /home/sst7260/airflow_projects/project1/env/lib/python3.10/site-packages/airflow/example_dags/example_params_trigger_ui.py for tasks to queue
[2024-09-09T21:37:30.986+0530] {logging_mixin.py:190} INFO - [2024-09-09T21:37:30.986+0530] {dagbag.py:587} INFO - Filling up the DagBag from /home/sst7260/airflow_projects/project1/env/lib/python3.10/site-packages/airflow/example_dags/example_params_trigger_ui.py
[2024-09-09T21:37:30.993+0530] {processor.py:925} INFO - DAG(s) 'example_params_trigger_ui' retrieved from /home/sst7260/airflow_projects/project1/env/lib/python3.10/site-packages/airflow/example_dags/example_params_trigger_ui.py
[2024-09-09T21:37:31.017+0530] {logging_mixin.py:190} INFO - [2024-09-09T21:37:31.016+0530] {dag.py:3229} INFO - Sync 1 DAGs
[2024-09-09T21:37:31.024+0530] {logging_mixin.py:190} INFO - [2024-09-09T21:37:31.023+0530] {dag.py:4156} INFO - Setting next_dagrun for example_params_trigger_ui to None, run_after=None
[2024-09-09T21:37:31.048+0530] {processor.py:208} INFO - Processing /home/sst7260/airflow_projects/project1/env/lib/python3.10/site-packages/airflow/example_dags/example_params_trigger_ui.py took 0.072 seconds
[2024-09-09T21:38:52.852+0530] {processor.py:186} INFO - Started process (PID=134633) to work on /home/sst7260/airflow_projects/project1/env/lib/python3.10/site-packages/airflow/example_dags/example_params_trigger_ui.py
[2024-09-09T21:38:52.857+0530] {processor.py:914} INFO - Processing file /home/sst7260/airflow_projects/project1/env/lib/python3.10/site-packages/airflow/example_dags/example_params_trigger_ui.py for tasks to queue
[2024-09-09T21:38:52.858+0530] {logging_mixin.py:190} INFO - [2024-09-09T21:38:52.858+0530] {dagbag.py:587} INFO - Filling up the DagBag from /home/sst7260/airflow_projects/project1/env/lib/python3.10/site-packages/airflow/example_dags/example_params_trigger_ui.py
[2024-09-09T21:38:52.866+0530] {processor.py:925} INFO - DAG(s) 'example_params_trigger_ui' retrieved from /home/sst7260/airflow_projects/project1/env/lib/python3.10/site-packages/airflow/example_dags/example_params_trigger_ui.py
[2024-09-09T21:38:52.890+0530] {logging_mixin.py:190} INFO - [2024-09-09T21:38:52.890+0530] {dag.py:3229} INFO - Sync 1 DAGs
[2024-09-09T21:38:52.899+0530] {logging_mixin.py:190} INFO - [2024-09-09T21:38:52.899+0530] {dag.py:4156} INFO - Setting next_dagrun for example_params_trigger_ui to None, run_after=None
[2024-09-09T21:38:52.923+0530] {processor.py:208} INFO - Processing /home/sst7260/airflow_projects/project1/env/lib/python3.10/site-packages/airflow/example_dags/example_params_trigger_ui.py took 0.075 seconds
[2024-09-09T21:39:47.609+0530] {processor.py:186} INFO - Started process (PID=134702) to work on /home/sst7260/airflow_projects/project1/env/lib/python3.10/site-packages/airflow/example_dags/example_params_trigger_ui.py
[2024-09-09T21:39:47.610+0530] {processor.py:914} INFO - Processing file /home/sst7260/airflow_projects/project1/env/lib/python3.10/site-packages/airflow/example_dags/example_params_trigger_ui.py for tasks to queue
[2024-09-09T21:39:47.611+0530] {logging_mixin.py:190} INFO - [2024-09-09T21:39:47.611+0530] {dagbag.py:587} INFO - Filling up the DagBag from /home/sst7260/airflow_projects/project1/env/lib/python3.10/site-packages/airflow/example_dags/example_params_trigger_ui.py
[2024-09-09T21:39:47.620+0530] {processor.py:925} INFO - DAG(s) 'example_params_trigger_ui' retrieved from /home/sst7260/airflow_projects/project1/env/lib/python3.10/site-packages/airflow/example_dags/example_params_trigger_ui.py
[2024-09-09T21:39:47.645+0530] {logging_mixin.py:190} INFO - [2024-09-09T21:39:47.645+0530] {dag.py:3229} INFO - Sync 1 DAGs
[2024-09-09T21:39:47.653+0530] {logging_mixin.py:190} INFO - [2024-09-09T21:39:47.653+0530] {dag.py:4156} INFO - Setting next_dagrun for example_params_trigger_ui to None, run_after=None
[2024-09-09T21:39:47.678+0530] {processor.py:208} INFO - Processing /home/sst7260/airflow_projects/project1/env/lib/python3.10/site-packages/airflow/example_dags/example_params_trigger_ui.py took 0.074 seconds
[2024-09-09T21:41:07.882+0530] {processor.py:186} INFO - Started process (PID=134818) to work on /home/sst7260/airflow_projects/project1/env/lib/python3.10/site-packages/airflow/example_dags/example_params_trigger_ui.py
[2024-09-09T21:41:07.892+0530] {processor.py:914} INFO - Processing file /home/sst7260/airflow_projects/project1/env/lib/python3.10/site-packages/airflow/example_dags/example_params_trigger_ui.py for tasks to queue
[2024-09-09T21:41:07.893+0530] {logging_mixin.py:190} INFO - [2024-09-09T21:41:07.892+0530] {dagbag.py:587} INFO - Filling up the DagBag from /home/sst7260/airflow_projects/project1/env/lib/python3.10/site-packages/airflow/example_dags/example_params_trigger_ui.py
[2024-09-09T21:41:07.901+0530] {processor.py:925} INFO - DAG(s) 'example_params_trigger_ui' retrieved from /home/sst7260/airflow_projects/project1/env/lib/python3.10/site-packages/airflow/example_dags/example_params_trigger_ui.py
[2024-09-09T21:41:07.935+0530] {logging_mixin.py:190} INFO - [2024-09-09T21:41:07.934+0530] {dag.py:3229} INFO - Sync 1 DAGs
[2024-09-09T21:41:07.942+0530] {logging_mixin.py:190} INFO - [2024-09-09T21:41:07.942+0530] {dag.py:4156} INFO - Setting next_dagrun for example_params_trigger_ui to None, run_after=None
[2024-09-09T21:41:07.967+0530] {processor.py:208} INFO - Processing /home/sst7260/airflow_projects/project1/env/lib/python3.10/site-packages/airflow/example_dags/example_params_trigger_ui.py took 0.088 seconds
[2024-09-09T21:42:26.273+0530] {processor.py:186} INFO - Started process (PID=134915) to work on /home/sst7260/airflow_projects/project1/env/lib/python3.10/site-packages/airflow/example_dags/example_params_trigger_ui.py
[2024-09-09T21:42:26.274+0530] {processor.py:914} INFO - Processing file /home/sst7260/airflow_projects/project1/env/lib/python3.10/site-packages/airflow/example_dags/example_params_trigger_ui.py for tasks to queue
[2024-09-09T21:42:26.275+0530] {logging_mixin.py:190} INFO - [2024-09-09T21:42:26.275+0530] {dagbag.py:587} INFO - Filling up the DagBag from /home/sst7260/airflow_projects/project1/env/lib/python3.10/site-packages/airflow/example_dags/example_params_trigger_ui.py
[2024-09-09T21:42:26.282+0530] {processor.py:925} INFO - DAG(s) 'example_params_trigger_ui' retrieved from /home/sst7260/airflow_projects/project1/env/lib/python3.10/site-packages/airflow/example_dags/example_params_trigger_ui.py
[2024-09-09T21:42:26.306+0530] {logging_mixin.py:190} INFO - [2024-09-09T21:42:26.306+0530] {dag.py:3229} INFO - Sync 1 DAGs
[2024-09-09T21:42:26.313+0530] {logging_mixin.py:190} INFO - [2024-09-09T21:42:26.313+0530] {dag.py:4156} INFO - Setting next_dagrun for example_params_trigger_ui to None, run_after=None
[2024-09-09T21:42:26.335+0530] {processor.py:208} INFO - Processing /home/sst7260/airflow_projects/project1/env/lib/python3.10/site-packages/airflow/example_dags/example_params_trigger_ui.py took 0.067 seconds
[2024-09-09T21:43:44.584+0530] {processor.py:186} INFO - Started process (PID=135009) to work on /home/sst7260/airflow_projects/project1/env/lib/python3.10/site-packages/airflow/example_dags/example_params_trigger_ui.py
[2024-09-09T21:43:44.594+0530] {processor.py:914} INFO - Processing file /home/sst7260/airflow_projects/project1/env/lib/python3.10/site-packages/airflow/example_dags/example_params_trigger_ui.py for tasks to queue
[2024-09-09T21:43:44.595+0530] {logging_mixin.py:190} INFO - [2024-09-09T21:43:44.594+0530] {dagbag.py:587} INFO - Filling up the DagBag from /home/sst7260/airflow_projects/project1/env/lib/python3.10/site-packages/airflow/example_dags/example_params_trigger_ui.py
[2024-09-09T21:43:44.603+0530] {processor.py:925} INFO - DAG(s) 'example_params_trigger_ui' retrieved from /home/sst7260/airflow_projects/project1/env/lib/python3.10/site-packages/airflow/example_dags/example_params_trigger_ui.py
[2024-09-09T21:43:44.627+0530] {logging_mixin.py:190} INFO - [2024-09-09T21:43:44.627+0530] {dag.py:3229} INFO - Sync 1 DAGs
[2024-09-09T21:43:44.635+0530] {logging_mixin.py:190} INFO - [2024-09-09T21:43:44.635+0530] {dag.py:4156} INFO - Setting next_dagrun for example_params_trigger_ui to None, run_after=None
[2024-09-09T21:43:44.656+0530] {processor.py:208} INFO - Processing /home/sst7260/airflow_projects/project1/env/lib/python3.10/site-packages/airflow/example_dags/example_params_trigger_ui.py took 0.077 seconds
[2024-09-09T21:45:04.830+0530] {processor.py:186} INFO - Started process (PID=135099) to work on /home/sst7260/airflow_projects/project1/env/lib/python3.10/site-packages/airflow/example_dags/example_params_trigger_ui.py
[2024-09-09T21:45:04.832+0530] {processor.py:914} INFO - Processing file /home/sst7260/airflow_projects/project1/env/lib/python3.10/site-packages/airflow/example_dags/example_params_trigger_ui.py for tasks to queue
[2024-09-09T21:45:04.833+0530] {logging_mixin.py:190} INFO - [2024-09-09T21:45:04.832+0530] {dagbag.py:587} INFO - Filling up the DagBag from /home/sst7260/airflow_projects/project1/env/lib/python3.10/site-packages/airflow/example_dags/example_params_trigger_ui.py
[2024-09-09T21:45:04.840+0530] {processor.py:925} INFO - DAG(s) 'example_params_trigger_ui' retrieved from /home/sst7260/airflow_projects/project1/env/lib/python3.10/site-packages/airflow/example_dags/example_params_trigger_ui.py
[2024-09-09T21:45:04.863+0530] {logging_mixin.py:190} INFO - [2024-09-09T21:45:04.863+0530] {dag.py:3229} INFO - Sync 1 DAGs
[2024-09-09T21:45:04.871+0530] {logging_mixin.py:190} INFO - [2024-09-09T21:45:04.870+0530] {dag.py:4156} INFO - Setting next_dagrun for example_params_trigger_ui to None, run_after=None
[2024-09-09T21:45:04.891+0530] {processor.py:208} INFO - Processing /home/sst7260/airflow_projects/project1/env/lib/python3.10/site-packages/airflow/example_dags/example_params_trigger_ui.py took 0.065 seconds
[2024-09-09T21:46:24.410+0530] {processor.py:186} INFO - Started process (PID=135223) to work on /home/sst7260/airflow_projects/project1/env/lib/python3.10/site-packages/airflow/example_dags/example_params_trigger_ui.py
[2024-09-09T21:46:24.412+0530] {processor.py:914} INFO - Processing file /home/sst7260/airflow_projects/project1/env/lib/python3.10/site-packages/airflow/example_dags/example_params_trigger_ui.py for tasks to queue
[2024-09-09T21:46:24.413+0530] {logging_mixin.py:190} INFO - [2024-09-09T21:46:24.412+0530] {dagbag.py:587} INFO - Filling up the DagBag from /home/sst7260/airflow_projects/project1/env/lib/python3.10/site-packages/airflow/example_dags/example_params_trigger_ui.py
[2024-09-09T21:46:24.420+0530] {processor.py:925} INFO - DAG(s) 'example_params_trigger_ui' retrieved from /home/sst7260/airflow_projects/project1/env/lib/python3.10/site-packages/airflow/example_dags/example_params_trigger_ui.py
[2024-09-09T21:46:24.445+0530] {logging_mixin.py:190} INFO - [2024-09-09T21:46:24.445+0530] {dag.py:3229} INFO - Sync 1 DAGs
[2024-09-09T21:46:24.453+0530] {logging_mixin.py:190} INFO - [2024-09-09T21:46:24.452+0530] {dag.py:4156} INFO - Setting next_dagrun for example_params_trigger_ui to None, run_after=None
[2024-09-09T21:46:24.476+0530] {processor.py:208} INFO - Processing /home/sst7260/airflow_projects/project1/env/lib/python3.10/site-packages/airflow/example_dags/example_params_trigger_ui.py took 0.070 seconds
[2024-09-09T21:47:18.968+0530] {processor.py:186} INFO - Started process (PID=135285) to work on /home/sst7260/airflow_projects/project1/env/lib/python3.10/site-packages/airflow/example_dags/example_params_trigger_ui.py
[2024-09-09T21:47:18.970+0530] {processor.py:914} INFO - Processing file /home/sst7260/airflow_projects/project1/env/lib/python3.10/site-packages/airflow/example_dags/example_params_trigger_ui.py for tasks to queue
[2024-09-09T21:47:18.970+0530] {logging_mixin.py:190} INFO - [2024-09-09T21:47:18.970+0530] {dagbag.py:587} INFO - Filling up the DagBag from /home/sst7260/airflow_projects/project1/env/lib/python3.10/site-packages/airflow/example_dags/example_params_trigger_ui.py
[2024-09-09T21:47:18.978+0530] {processor.py:925} INFO - DAG(s) 'example_params_trigger_ui' retrieved from /home/sst7260/airflow_projects/project1/env/lib/python3.10/site-packages/airflow/example_dags/example_params_trigger_ui.py
[2024-09-09T21:47:19.003+0530] {logging_mixin.py:190} INFO - [2024-09-09T21:47:19.002+0530] {dag.py:3229} INFO - Sync 1 DAGs
[2024-09-09T21:47:19.010+0530] {logging_mixin.py:190} INFO - [2024-09-09T21:47:19.010+0530] {dag.py:4156} INFO - Setting next_dagrun for example_params_trigger_ui to None, run_after=None
[2024-09-09T21:47:19.031+0530] {processor.py:208} INFO - Processing /home/sst7260/airflow_projects/project1/env/lib/python3.10/site-packages/airflow/example_dags/example_params_trigger_ui.py took 0.067 seconds
[2024-09-09T21:48:34.244+0530] {processor.py:186} INFO - Started process (PID=135378) to work on /home/sst7260/airflow_projects/project1/env/lib/python3.10/site-packages/airflow/example_dags/example_params_trigger_ui.py
[2024-09-09T21:48:34.247+0530] {processor.py:914} INFO - Processing file /home/sst7260/airflow_projects/project1/env/lib/python3.10/site-packages/airflow/example_dags/example_params_trigger_ui.py for tasks to queue
[2024-09-09T21:48:34.247+0530] {logging_mixin.py:190} INFO - [2024-09-09T21:48:34.247+0530] {dagbag.py:587} INFO - Filling up the DagBag from /home/sst7260/airflow_projects/project1/env/lib/python3.10/site-packages/airflow/example_dags/example_params_trigger_ui.py
[2024-09-09T21:48:34.254+0530] {processor.py:925} INFO - DAG(s) 'example_params_trigger_ui' retrieved from /home/sst7260/airflow_projects/project1/env/lib/python3.10/site-packages/airflow/example_dags/example_params_trigger_ui.py
[2024-09-09T21:48:34.278+0530] {logging_mixin.py:190} INFO - [2024-09-09T21:48:34.278+0530] {dag.py:3229} INFO - Sync 1 DAGs
[2024-09-09T21:48:34.285+0530] {logging_mixin.py:190} INFO - [2024-09-09T21:48:34.285+0530] {dag.py:4156} INFO - Setting next_dagrun for example_params_trigger_ui to None, run_after=None
[2024-09-09T21:48:34.307+0530] {processor.py:208} INFO - Processing /home/sst7260/airflow_projects/project1/env/lib/python3.10/site-packages/airflow/example_dags/example_params_trigger_ui.py took 0.067 seconds
[2024-09-09T21:49:29.607+0530] {processor.py:186} INFO - Started process (PID=135443) to work on /home/sst7260/airflow_projects/project1/env/lib/python3.10/site-packages/airflow/example_dags/example_params_trigger_ui.py
[2024-09-09T21:49:29.616+0530] {processor.py:914} INFO - Processing file /home/sst7260/airflow_projects/project1/env/lib/python3.10/site-packages/airflow/example_dags/example_params_trigger_ui.py for tasks to queue
[2024-09-09T21:49:29.617+0530] {logging_mixin.py:190} INFO - [2024-09-09T21:49:29.617+0530] {dagbag.py:587} INFO - Filling up the DagBag from /home/sst7260/airflow_projects/project1/env/lib/python3.10/site-packages/airflow/example_dags/example_params_trigger_ui.py
[2024-09-09T21:49:29.626+0530] {processor.py:925} INFO - DAG(s) 'example_params_trigger_ui' retrieved from /home/sst7260/airflow_projects/project1/env/lib/python3.10/site-packages/airflow/example_dags/example_params_trigger_ui.py
[2024-09-09T21:49:29.649+0530] {logging_mixin.py:190} INFO - [2024-09-09T21:49:29.649+0530] {dag.py:3229} INFO - Sync 1 DAGs
[2024-09-09T21:49:29.657+0530] {logging_mixin.py:190} INFO - [2024-09-09T21:49:29.657+0530] {dag.py:4156} INFO - Setting next_dagrun for example_params_trigger_ui to None, run_after=None
[2024-09-09T21:49:29.680+0530] {processor.py:208} INFO - Processing /home/sst7260/airflow_projects/project1/env/lib/python3.10/site-packages/airflow/example_dags/example_params_trigger_ui.py took 0.078 seconds
[2024-09-09T21:50:49.736+0530] {processor.py:186} INFO - Started process (PID=135565) to work on /home/sst7260/airflow_projects/project1/env/lib/python3.10/site-packages/airflow/example_dags/example_params_trigger_ui.py
[2024-09-09T21:50:49.741+0530] {processor.py:914} INFO - Processing file /home/sst7260/airflow_projects/project1/env/lib/python3.10/site-packages/airflow/example_dags/example_params_trigger_ui.py for tasks to queue
[2024-09-09T21:50:49.742+0530] {logging_mixin.py:190} INFO - [2024-09-09T21:50:49.741+0530] {dagbag.py:587} INFO - Filling up the DagBag from /home/sst7260/airflow_projects/project1/env/lib/python3.10/site-packages/airflow/example_dags/example_params_trigger_ui.py
[2024-09-09T21:50:49.750+0530] {processor.py:925} INFO - DAG(s) 'example_params_trigger_ui' retrieved from /home/sst7260/airflow_projects/project1/env/lib/python3.10/site-packages/airflow/example_dags/example_params_trigger_ui.py
[2024-09-09T21:50:49.776+0530] {logging_mixin.py:190} INFO - [2024-09-09T21:50:49.776+0530] {dag.py:3229} INFO - Sync 1 DAGs
[2024-09-09T21:50:49.784+0530] {logging_mixin.py:190} INFO - [2024-09-09T21:50:49.784+0530] {dag.py:4156} INFO - Setting next_dagrun for example_params_trigger_ui to None, run_after=None
[2024-09-09T21:50:49.803+0530] {processor.py:208} INFO - Processing /home/sst7260/airflow_projects/project1/env/lib/python3.10/site-packages/airflow/example_dags/example_params_trigger_ui.py took 0.073 seconds
[2024-09-09T21:51:45.205+0530] {processor.py:186} INFO - Started process (PID=135629) to work on /home/sst7260/airflow_projects/project1/env/lib/python3.10/site-packages/airflow/example_dags/example_params_trigger_ui.py
[2024-09-09T21:51:45.210+0530] {processor.py:914} INFO - Processing file /home/sst7260/airflow_projects/project1/env/lib/python3.10/site-packages/airflow/example_dags/example_params_trigger_ui.py for tasks to queue
[2024-09-09T21:51:45.212+0530] {logging_mixin.py:190} INFO - [2024-09-09T21:51:45.211+0530] {dagbag.py:587} INFO - Filling up the DagBag from /home/sst7260/airflow_projects/project1/env/lib/python3.10/site-packages/airflow/example_dags/example_params_trigger_ui.py
[2024-09-09T21:51:45.221+0530] {processor.py:925} INFO - DAG(s) 'example_params_trigger_ui' retrieved from /home/sst7260/airflow_projects/project1/env/lib/python3.10/site-packages/airflow/example_dags/example_params_trigger_ui.py
[2024-09-09T21:51:45.245+0530] {logging_mixin.py:190} INFO - [2024-09-09T21:51:45.245+0530] {dag.py:3229} INFO - Sync 1 DAGs
[2024-09-09T21:51:45.253+0530] {logging_mixin.py:190} INFO - [2024-09-09T21:51:45.252+0530] {dag.py:4156} INFO - Setting next_dagrun for example_params_trigger_ui to None, run_after=None
[2024-09-09T21:51:45.277+0530] {processor.py:208} INFO - Processing /home/sst7260/airflow_projects/project1/env/lib/python3.10/site-packages/airflow/example_dags/example_params_trigger_ui.py took 0.075 seconds
