[2024-09-09T20:46:50.991+0530] {processor.py:186} INFO - Started process (PID=128504) to work on /home/sst7260/airflow_projects/project1/env/lib/python3.10/site-packages/airflow/example_dags/example_dag_decorator.py
[2024-09-09T20:46:50.992+0530] {processor.py:914} INFO - Processing file /home/sst7260/airflow_projects/project1/env/lib/python3.10/site-packages/airflow/example_dags/example_dag_decorator.py for tasks to queue
[2024-09-09T20:46:50.994+0530] {logging_mixin.py:190} INFO - [2024-09-09T20:46:50.994+0530] {dagbag.py:587} INFO - Filling up the DagBag from /home/sst7260/airflow_projects/project1/env/lib/python3.10/site-packages/airflow/example_dags/example_dag_decorator.py
[2024-09-09T20:46:51.002+0530] {processor.py:925} INFO - DAG(s) 'example_dag_decorator' retrieved from /home/sst7260/airflow_projects/project1/env/lib/python3.10/site-packages/airflow/example_dags/example_dag_decorator.py
[2024-09-09T20:46:51.089+0530] {logging_mixin.py:190} INFO - [2024-09-09T20:46:51.089+0530] {override.py:1900} INFO - Created Permission View: can delete on DAG:example_dag_decorator
[2024-09-09T20:46:51.103+0530] {logging_mixin.py:190} INFO - [2024-09-09T20:46:51.103+0530] {override.py:1900} INFO - Created Permission View: can read on DAG:example_dag_decorator
[2024-09-09T20:46:51.118+0530] {logging_mixin.py:190} INFO - [2024-09-09T20:46:51.117+0530] {override.py:1900} INFO - Created Permission View: can edit on DAG:example_dag_decorator
[2024-09-09T20:46:51.137+0530] {logging_mixin.py:190} INFO - [2024-09-09T20:46:51.137+0530] {override.py:1900} INFO - Created Permission View: can create on DAG Run:example_dag_decorator
[2024-09-09T20:46:51.149+0530] {logging_mixin.py:190} INFO - [2024-09-09T20:46:51.148+0530] {override.py:1900} INFO - Created Permission View: menu access on DAG Run:example_dag_decorator
[2024-09-09T20:46:51.162+0530] {logging_mixin.py:190} INFO - [2024-09-09T20:46:51.161+0530] {override.py:1900} INFO - Created Permission View: can read on DAG Run:example_dag_decorator
[2024-09-09T20:46:51.175+0530] {logging_mixin.py:190} INFO - [2024-09-09T20:46:51.174+0530] {override.py:1900} INFO - Created Permission View: can delete on DAG Run:example_dag_decorator
[2024-09-09T20:46:51.175+0530] {logging_mixin.py:190} INFO - [2024-09-09T20:46:51.175+0530] {dag.py:3229} INFO - Sync 1 DAGs
[2024-09-09T20:46:51.184+0530] {logging_mixin.py:190} INFO - [2024-09-09T20:46:51.184+0530] {dag.py:3252} INFO - Creating ORM DAG for example_dag_decorator
[2024-09-09T20:46:51.185+0530] {logging_mixin.py:190} INFO - [2024-09-09T20:46:51.185+0530] {dag.py:4156} INFO - Setting next_dagrun for example_dag_decorator to None, run_after=None
[2024-09-09T20:46:51.205+0530] {processor.py:208} INFO - Processing /home/sst7260/airflow_projects/project1/env/lib/python3.10/site-packages/airflow/example_dags/example_dag_decorator.py took 0.219 seconds
[2024-09-09T20:47:53.445+0530] {processor.py:186} INFO - Started process (PID=128577) to work on /home/sst7260/airflow_projects/project1/env/lib/python3.10/site-packages/airflow/example_dags/example_dag_decorator.py
[2024-09-09T20:47:53.447+0530] {processor.py:914} INFO - Processing file /home/sst7260/airflow_projects/project1/env/lib/python3.10/site-packages/airflow/example_dags/example_dag_decorator.py for tasks to queue
[2024-09-09T20:47:53.449+0530] {logging_mixin.py:190} INFO - [2024-09-09T20:47:53.449+0530] {dagbag.py:587} INFO - Filling up the DagBag from /home/sst7260/airflow_projects/project1/env/lib/python3.10/site-packages/airflow/example_dags/example_dag_decorator.py
[2024-09-09T20:47:53.457+0530] {processor.py:925} INFO - DAG(s) 'example_dag_decorator' retrieved from /home/sst7260/airflow_projects/project1/env/lib/python3.10/site-packages/airflow/example_dags/example_dag_decorator.py
[2024-09-09T20:47:53.517+0530] {logging_mixin.py:190} INFO - [2024-09-09T20:47:53.517+0530] {dag.py:3229} INFO - Sync 1 DAGs
[2024-09-09T20:47:53.524+0530] {logging_mixin.py:190} INFO - [2024-09-09T20:47:53.524+0530] {dag.py:4156} INFO - Setting next_dagrun for example_dag_decorator to None, run_after=None
[2024-09-09T20:47:53.550+0530] {processor.py:208} INFO - Processing /home/sst7260/airflow_projects/project1/env/lib/python3.10/site-packages/airflow/example_dags/example_dag_decorator.py took 0.109 seconds
[2024-09-09T20:49:10.804+0530] {processor.py:186} INFO - Started process (PID=128671) to work on /home/sst7260/airflow_projects/project1/env/lib/python3.10/site-packages/airflow/example_dags/example_dag_decorator.py
[2024-09-09T20:49:10.814+0530] {processor.py:914} INFO - Processing file /home/sst7260/airflow_projects/project1/env/lib/python3.10/site-packages/airflow/example_dags/example_dag_decorator.py for tasks to queue
[2024-09-09T20:49:10.816+0530] {logging_mixin.py:190} INFO - [2024-09-09T20:49:10.815+0530] {dagbag.py:587} INFO - Filling up the DagBag from /home/sst7260/airflow_projects/project1/env/lib/python3.10/site-packages/airflow/example_dags/example_dag_decorator.py
[2024-09-09T20:49:10.823+0530] {processor.py:925} INFO - DAG(s) 'example_dag_decorator' retrieved from /home/sst7260/airflow_projects/project1/env/lib/python3.10/site-packages/airflow/example_dags/example_dag_decorator.py
[2024-09-09T20:49:10.877+0530] {logging_mixin.py:190} INFO - [2024-09-09T20:49:10.876+0530] {dag.py:3229} INFO - Sync 1 DAGs
[2024-09-09T20:49:10.882+0530] {logging_mixin.py:190} INFO - [2024-09-09T20:49:10.882+0530] {dag.py:4156} INFO - Setting next_dagrun for example_dag_decorator to None, run_after=None
[2024-09-09T20:49:10.909+0530] {processor.py:208} INFO - Processing /home/sst7260/airflow_projects/project1/env/lib/python3.10/site-packages/airflow/example_dags/example_dag_decorator.py took 0.109 seconds
[2024-09-09T20:50:30.548+0530] {processor.py:186} INFO - Started process (PID=128762) to work on /home/sst7260/airflow_projects/project1/env/lib/python3.10/site-packages/airflow/example_dags/example_dag_decorator.py
[2024-09-09T20:50:30.550+0530] {processor.py:914} INFO - Processing file /home/sst7260/airflow_projects/project1/env/lib/python3.10/site-packages/airflow/example_dags/example_dag_decorator.py for tasks to queue
[2024-09-09T20:50:30.552+0530] {logging_mixin.py:190} INFO - [2024-09-09T20:50:30.551+0530] {dagbag.py:587} INFO - Filling up the DagBag from /home/sst7260/airflow_projects/project1/env/lib/python3.10/site-packages/airflow/example_dags/example_dag_decorator.py
[2024-09-09T20:50:30.561+0530] {processor.py:925} INFO - DAG(s) 'example_dag_decorator' retrieved from /home/sst7260/airflow_projects/project1/env/lib/python3.10/site-packages/airflow/example_dags/example_dag_decorator.py
[2024-09-09T20:50:30.627+0530] {logging_mixin.py:190} INFO - [2024-09-09T20:50:30.627+0530] {dag.py:3229} INFO - Sync 1 DAGs
[2024-09-09T20:50:30.635+0530] {logging_mixin.py:190} INFO - [2024-09-09T20:50:30.635+0530] {dag.py:4156} INFO - Setting next_dagrun for example_dag_decorator to None, run_after=None
[2024-09-09T20:50:30.656+0530] {processor.py:208} INFO - Processing /home/sst7260/airflow_projects/project1/env/lib/python3.10/site-packages/airflow/example_dags/example_dag_decorator.py took 0.113 seconds
[2024-09-09T20:51:50.130+0530] {processor.py:186} INFO - Started process (PID=128977) to work on /home/sst7260/airflow_projects/project1/env/lib/python3.10/site-packages/airflow/example_dags/example_dag_decorator.py
[2024-09-09T20:51:50.132+0530] {processor.py:914} INFO - Processing file /home/sst7260/airflow_projects/project1/env/lib/python3.10/site-packages/airflow/example_dags/example_dag_decorator.py for tasks to queue
[2024-09-09T20:51:50.134+0530] {logging_mixin.py:190} INFO - [2024-09-09T20:51:50.133+0530] {dagbag.py:587} INFO - Filling up the DagBag from /home/sst7260/airflow_projects/project1/env/lib/python3.10/site-packages/airflow/example_dags/example_dag_decorator.py
[2024-09-09T20:51:50.153+0530] {processor.py:925} INFO - DAG(s) 'example_dag_decorator' retrieved from /home/sst7260/airflow_projects/project1/env/lib/python3.10/site-packages/airflow/example_dags/example_dag_decorator.py
[2024-09-09T20:51:50.339+0530] {logging_mixin.py:190} INFO - [2024-09-09T20:51:50.339+0530] {dag.py:3229} INFO - Sync 1 DAGs
[2024-09-09T20:51:50.351+0530] {logging_mixin.py:190} INFO - [2024-09-09T20:51:50.351+0530] {dag.py:4156} INFO - Setting next_dagrun for example_dag_decorator to None, run_after=None
[2024-09-09T20:51:50.378+0530] {processor.py:208} INFO - Processing /home/sst7260/airflow_projects/project1/env/lib/python3.10/site-packages/airflow/example_dags/example_dag_decorator.py took 0.254 seconds
[2024-09-09T20:52:49.635+0530] {processor.py:186} INFO - Started process (PID=129358) to work on /home/sst7260/airflow_projects/project1/env/lib/python3.10/site-packages/airflow/example_dags/example_dag_decorator.py
[2024-09-09T20:52:49.638+0530] {processor.py:914} INFO - Processing file /home/sst7260/airflow_projects/project1/env/lib/python3.10/site-packages/airflow/example_dags/example_dag_decorator.py for tasks to queue
[2024-09-09T20:52:49.641+0530] {logging_mixin.py:190} INFO - [2024-09-09T20:52:49.640+0530] {dagbag.py:587} INFO - Filling up the DagBag from /home/sst7260/airflow_projects/project1/env/lib/python3.10/site-packages/airflow/example_dags/example_dag_decorator.py
[2024-09-09T20:52:49.662+0530] {processor.py:925} INFO - DAG(s) 'example_dag_decorator' retrieved from /home/sst7260/airflow_projects/project1/env/lib/python3.10/site-packages/airflow/example_dags/example_dag_decorator.py
[2024-09-09T20:52:49.766+0530] {logging_mixin.py:190} INFO - [2024-09-09T20:52:49.765+0530] {dag.py:3229} INFO - Sync 1 DAGs
[2024-09-09T20:52:49.775+0530] {logging_mixin.py:190} INFO - [2024-09-09T20:52:49.775+0530] {dag.py:4156} INFO - Setting next_dagrun for example_dag_decorator to None, run_after=None
[2024-09-09T20:52:49.799+0530] {processor.py:208} INFO - Processing /home/sst7260/airflow_projects/project1/env/lib/python3.10/site-packages/airflow/example_dags/example_dag_decorator.py took 0.180 seconds
[2024-09-09T20:54:31.768+0530] {processor.py:186} INFO - Started process (PID=129968) to work on /home/sst7260/airflow_projects/project1/env/lib/python3.10/site-packages/airflow/example_dags/example_dag_decorator.py
[2024-09-09T20:54:31.770+0530] {processor.py:914} INFO - Processing file /home/sst7260/airflow_projects/project1/env/lib/python3.10/site-packages/airflow/example_dags/example_dag_decorator.py for tasks to queue
[2024-09-09T20:54:31.771+0530] {logging_mixin.py:190} INFO - [2024-09-09T20:54:31.771+0530] {dagbag.py:587} INFO - Filling up the DagBag from /home/sst7260/airflow_projects/project1/env/lib/python3.10/site-packages/airflow/example_dags/example_dag_decorator.py
[2024-09-09T20:54:31.779+0530] {processor.py:925} INFO - DAG(s) 'example_dag_decorator' retrieved from /home/sst7260/airflow_projects/project1/env/lib/python3.10/site-packages/airflow/example_dags/example_dag_decorator.py
[2024-09-09T20:54:31.834+0530] {logging_mixin.py:190} INFO - [2024-09-09T20:54:31.834+0530] {dag.py:3229} INFO - Sync 1 DAGs
[2024-09-09T20:54:31.841+0530] {logging_mixin.py:190} INFO - [2024-09-09T20:54:31.841+0530] {dag.py:4156} INFO - Setting next_dagrun for example_dag_decorator to None, run_after=None
[2024-09-09T20:54:31.862+0530] {processor.py:208} INFO - Processing /home/sst7260/airflow_projects/project1/env/lib/python3.10/site-packages/airflow/example_dags/example_dag_decorator.py took 0.100 seconds
[2024-09-09T20:55:32.454+0530] {processor.py:186} INFO - Started process (PID=130088) to work on /home/sst7260/airflow_projects/project1/env/lib/python3.10/site-packages/airflow/example_dags/example_dag_decorator.py
[2024-09-09T20:55:32.456+0530] {processor.py:914} INFO - Processing file /home/sst7260/airflow_projects/project1/env/lib/python3.10/site-packages/airflow/example_dags/example_dag_decorator.py for tasks to queue
[2024-09-09T20:55:32.458+0530] {logging_mixin.py:190} INFO - [2024-09-09T20:55:32.457+0530] {dagbag.py:587} INFO - Filling up the DagBag from /home/sst7260/airflow_projects/project1/env/lib/python3.10/site-packages/airflow/example_dags/example_dag_decorator.py
[2024-09-09T20:55:32.465+0530] {processor.py:925} INFO - DAG(s) 'example_dag_decorator' retrieved from /home/sst7260/airflow_projects/project1/env/lib/python3.10/site-packages/airflow/example_dags/example_dag_decorator.py
[2024-09-09T20:55:32.523+0530] {logging_mixin.py:190} INFO - [2024-09-09T20:55:32.523+0530] {dag.py:3229} INFO - Sync 1 DAGs
[2024-09-09T20:55:32.533+0530] {logging_mixin.py:190} INFO - [2024-09-09T20:55:32.533+0530] {dag.py:4156} INFO - Setting next_dagrun for example_dag_decorator to None, run_after=None
[2024-09-09T20:55:32.559+0530] {processor.py:208} INFO - Processing /home/sst7260/airflow_projects/project1/env/lib/python3.10/site-packages/airflow/example_dags/example_dag_decorator.py took 0.108 seconds
[2024-09-09T20:56:53.677+0530] {processor.py:186} INFO - Started process (PID=130411) to work on /home/sst7260/airflow_projects/project1/env/lib/python3.10/site-packages/airflow/example_dags/example_dag_decorator.py
[2024-09-09T20:56:53.680+0530] {processor.py:914} INFO - Processing file /home/sst7260/airflow_projects/project1/env/lib/python3.10/site-packages/airflow/example_dags/example_dag_decorator.py for tasks to queue
[2024-09-09T20:56:53.681+0530] {logging_mixin.py:190} INFO - [2024-09-09T20:56:53.681+0530] {dagbag.py:587} INFO - Filling up the DagBag from /home/sst7260/airflow_projects/project1/env/lib/python3.10/site-packages/airflow/example_dags/example_dag_decorator.py
[2024-09-09T20:56:53.689+0530] {processor.py:925} INFO - DAG(s) 'example_dag_decorator' retrieved from /home/sst7260/airflow_projects/project1/env/lib/python3.10/site-packages/airflow/example_dags/example_dag_decorator.py
[2024-09-09T20:56:53.744+0530] {logging_mixin.py:190} INFO - [2024-09-09T20:56:53.744+0530] {dag.py:3229} INFO - Sync 1 DAGs
[2024-09-09T20:56:53.751+0530] {logging_mixin.py:190} INFO - [2024-09-09T20:56:53.751+0530] {dag.py:4156} INFO - Setting next_dagrun for example_dag_decorator to None, run_after=None
[2024-09-09T20:56:53.777+0530] {processor.py:208} INFO - Processing /home/sst7260/airflow_projects/project1/env/lib/python3.10/site-packages/airflow/example_dags/example_dag_decorator.py took 0.104 seconds
[2024-09-09T20:58:13.737+0530] {processor.py:186} INFO - Started process (PID=130508) to work on /home/sst7260/airflow_projects/project1/env/lib/python3.10/site-packages/airflow/example_dags/example_dag_decorator.py
[2024-09-09T20:58:13.746+0530] {processor.py:914} INFO - Processing file /home/sst7260/airflow_projects/project1/env/lib/python3.10/site-packages/airflow/example_dags/example_dag_decorator.py for tasks to queue
[2024-09-09T20:58:13.748+0530] {logging_mixin.py:190} INFO - [2024-09-09T20:58:13.748+0530] {dagbag.py:587} INFO - Filling up the DagBag from /home/sst7260/airflow_projects/project1/env/lib/python3.10/site-packages/airflow/example_dags/example_dag_decorator.py
[2024-09-09T20:58:13.756+0530] {processor.py:925} INFO - DAG(s) 'example_dag_decorator' retrieved from /home/sst7260/airflow_projects/project1/env/lib/python3.10/site-packages/airflow/example_dags/example_dag_decorator.py
[2024-09-09T20:58:13.816+0530] {logging_mixin.py:190} INFO - [2024-09-09T20:58:13.816+0530] {dag.py:3229} INFO - Sync 1 DAGs
[2024-09-09T20:58:13.822+0530] {logging_mixin.py:190} INFO - [2024-09-09T20:58:13.822+0530] {dag.py:4156} INFO - Setting next_dagrun for example_dag_decorator to None, run_after=None
[2024-09-09T20:58:13.846+0530] {processor.py:208} INFO - Processing /home/sst7260/airflow_projects/project1/env/lib/python3.10/site-packages/airflow/example_dags/example_dag_decorator.py took 0.114 seconds
[2024-09-09T20:59:38.390+0530] {processor.py:186} INFO - Started process (PID=130772) to work on /home/sst7260/airflow_projects/project1/env/lib/python3.10/site-packages/airflow/example_dags/example_dag_decorator.py
[2024-09-09T20:59:38.393+0530] {processor.py:914} INFO - Processing file /home/sst7260/airflow_projects/project1/env/lib/python3.10/site-packages/airflow/example_dags/example_dag_decorator.py for tasks to queue
[2024-09-09T20:59:38.395+0530] {logging_mixin.py:190} INFO - [2024-09-09T20:59:38.395+0530] {dagbag.py:587} INFO - Filling up the DagBag from /home/sst7260/airflow_projects/project1/env/lib/python3.10/site-packages/airflow/example_dags/example_dag_decorator.py
[2024-09-09T20:59:38.404+0530] {processor.py:925} INFO - DAG(s) 'example_dag_decorator' retrieved from /home/sst7260/airflow_projects/project1/env/lib/python3.10/site-packages/airflow/example_dags/example_dag_decorator.py
[2024-09-09T20:59:38.475+0530] {logging_mixin.py:190} INFO - [2024-09-09T20:59:38.474+0530] {dag.py:3229} INFO - Sync 1 DAGs
[2024-09-09T20:59:38.482+0530] {logging_mixin.py:190} INFO - [2024-09-09T20:59:38.481+0530] {dag.py:4156} INFO - Setting next_dagrun for example_dag_decorator to None, run_after=None
[2024-09-09T20:59:38.510+0530] {processor.py:208} INFO - Processing /home/sst7260/airflow_projects/project1/env/lib/python3.10/site-packages/airflow/example_dags/example_dag_decorator.py took 0.126 seconds
[2024-09-09T21:01:08.802+0530] {processor.py:186} INFO - Started process (PID=131210) to work on /home/sst7260/airflow_projects/project1/env/lib/python3.10/site-packages/airflow/example_dags/example_dag_decorator.py
[2024-09-09T21:01:08.803+0530] {processor.py:914} INFO - Processing file /home/sst7260/airflow_projects/project1/env/lib/python3.10/site-packages/airflow/example_dags/example_dag_decorator.py for tasks to queue
[2024-09-09T21:01:08.805+0530] {logging_mixin.py:190} INFO - [2024-09-09T21:01:08.804+0530] {dagbag.py:587} INFO - Filling up the DagBag from /home/sst7260/airflow_projects/project1/env/lib/python3.10/site-packages/airflow/example_dags/example_dag_decorator.py
[2024-09-09T21:01:08.815+0530] {processor.py:925} INFO - DAG(s) 'example_dag_decorator' retrieved from /home/sst7260/airflow_projects/project1/env/lib/python3.10/site-packages/airflow/example_dags/example_dag_decorator.py
[2024-09-09T21:01:08.885+0530] {logging_mixin.py:190} INFO - [2024-09-09T21:01:08.885+0530] {dag.py:3229} INFO - Sync 1 DAGs
[2024-09-09T21:01:08.892+0530] {logging_mixin.py:190} INFO - [2024-09-09T21:01:08.892+0530] {dag.py:4156} INFO - Setting next_dagrun for example_dag_decorator to None, run_after=None
[2024-09-09T21:01:08.917+0530] {processor.py:208} INFO - Processing /home/sst7260/airflow_projects/project1/env/lib/python3.10/site-packages/airflow/example_dags/example_dag_decorator.py took 0.119 seconds
[2024-09-09T21:02:10.767+0530] {processor.py:186} INFO - Started process (PID=131299) to work on /home/sst7260/airflow_projects/project1/env/lib/python3.10/site-packages/airflow/example_dags/example_dag_decorator.py
[2024-09-09T21:02:10.771+0530] {processor.py:914} INFO - Processing file /home/sst7260/airflow_projects/project1/env/lib/python3.10/site-packages/airflow/example_dags/example_dag_decorator.py for tasks to queue
[2024-09-09T21:02:10.772+0530] {logging_mixin.py:190} INFO - [2024-09-09T21:02:10.772+0530] {dagbag.py:587} INFO - Filling up the DagBag from /home/sst7260/airflow_projects/project1/env/lib/python3.10/site-packages/airflow/example_dags/example_dag_decorator.py
[2024-09-09T21:02:10.779+0530] {processor.py:925} INFO - DAG(s) 'example_dag_decorator' retrieved from /home/sst7260/airflow_projects/project1/env/lib/python3.10/site-packages/airflow/example_dags/example_dag_decorator.py
[2024-09-09T21:02:10.856+0530] {logging_mixin.py:190} INFO - [2024-09-09T21:02:10.856+0530] {dag.py:3229} INFO - Sync 1 DAGs
[2024-09-09T21:02:10.864+0530] {logging_mixin.py:190} INFO - [2024-09-09T21:02:10.864+0530] {dag.py:4156} INFO - Setting next_dagrun for example_dag_decorator to None, run_after=None
[2024-09-09T21:02:10.892+0530] {processor.py:208} INFO - Processing /home/sst7260/airflow_projects/project1/env/lib/python3.10/site-packages/airflow/example_dags/example_dag_decorator.py took 0.130 seconds
[2024-09-09T21:03:33.110+0530] {processor.py:186} INFO - Started process (PID=131520) to work on /home/sst7260/airflow_projects/project1/env/lib/python3.10/site-packages/airflow/example_dags/example_dag_decorator.py
[2024-09-09T21:03:33.112+0530] {processor.py:914} INFO - Processing file /home/sst7260/airflow_projects/project1/env/lib/python3.10/site-packages/airflow/example_dags/example_dag_decorator.py for tasks to queue
[2024-09-09T21:03:33.114+0530] {logging_mixin.py:190} INFO - [2024-09-09T21:03:33.113+0530] {dagbag.py:587} INFO - Filling up the DagBag from /home/sst7260/airflow_projects/project1/env/lib/python3.10/site-packages/airflow/example_dags/example_dag_decorator.py
[2024-09-09T21:03:33.124+0530] {processor.py:925} INFO - DAG(s) 'example_dag_decorator' retrieved from /home/sst7260/airflow_projects/project1/env/lib/python3.10/site-packages/airflow/example_dags/example_dag_decorator.py
[2024-09-09T21:03:33.179+0530] {logging_mixin.py:190} INFO - [2024-09-09T21:03:33.179+0530] {dag.py:3229} INFO - Sync 1 DAGs
[2024-09-09T21:03:33.186+0530] {logging_mixin.py:190} INFO - [2024-09-09T21:03:33.186+0530] {dag.py:4156} INFO - Setting next_dagrun for example_dag_decorator to None, run_after=None
[2024-09-09T21:03:33.207+0530] {processor.py:208} INFO - Processing /home/sst7260/airflow_projects/project1/env/lib/python3.10/site-packages/airflow/example_dags/example_dag_decorator.py took 0.102 seconds
[2024-09-09T21:04:59.512+0530] {processor.py:186} INFO - Started process (PID=131686) to work on /home/sst7260/airflow_projects/project1/env/lib/python3.10/site-packages/airflow/example_dags/example_dag_decorator.py
[2024-09-09T21:04:59.514+0530] {processor.py:914} INFO - Processing file /home/sst7260/airflow_projects/project1/env/lib/python3.10/site-packages/airflow/example_dags/example_dag_decorator.py for tasks to queue
[2024-09-09T21:04:59.515+0530] {logging_mixin.py:190} INFO - [2024-09-09T21:04:59.514+0530] {dagbag.py:587} INFO - Filling up the DagBag from /home/sst7260/airflow_projects/project1/env/lib/python3.10/site-packages/airflow/example_dags/example_dag_decorator.py
[2024-09-09T21:04:59.524+0530] {processor.py:925} INFO - DAG(s) 'example_dag_decorator' retrieved from /home/sst7260/airflow_projects/project1/env/lib/python3.10/site-packages/airflow/example_dags/example_dag_decorator.py
[2024-09-09T21:04:59.591+0530] {logging_mixin.py:190} INFO - [2024-09-09T21:04:59.590+0530] {dag.py:3229} INFO - Sync 1 DAGs
[2024-09-09T21:04:59.603+0530] {logging_mixin.py:190} INFO - [2024-09-09T21:04:59.603+0530] {dag.py:4156} INFO - Setting next_dagrun for example_dag_decorator to None, run_after=None
[2024-09-09T21:04:59.630+0530] {processor.py:208} INFO - Processing /home/sst7260/airflow_projects/project1/env/lib/python3.10/site-packages/airflow/example_dags/example_dag_decorator.py took 0.122 seconds
[2024-09-09T21:06:21.686+0530] {processor.py:186} INFO - Started process (PID=131909) to work on /home/sst7260/airflow_projects/project1/env/lib/python3.10/site-packages/airflow/example_dags/example_dag_decorator.py
[2024-09-09T21:06:21.695+0530] {processor.py:914} INFO - Processing file /home/sst7260/airflow_projects/project1/env/lib/python3.10/site-packages/airflow/example_dags/example_dag_decorator.py for tasks to queue
[2024-09-09T21:06:21.697+0530] {logging_mixin.py:190} INFO - [2024-09-09T21:06:21.696+0530] {dagbag.py:587} INFO - Filling up the DagBag from /home/sst7260/airflow_projects/project1/env/lib/python3.10/site-packages/airflow/example_dags/example_dag_decorator.py
[2024-09-09T21:06:21.706+0530] {processor.py:925} INFO - DAG(s) 'example_dag_decorator' retrieved from /home/sst7260/airflow_projects/project1/env/lib/python3.10/site-packages/airflow/example_dags/example_dag_decorator.py
[2024-09-09T21:06:21.762+0530] {logging_mixin.py:190} INFO - [2024-09-09T21:06:21.762+0530] {dag.py:3229} INFO - Sync 1 DAGs
[2024-09-09T21:06:21.768+0530] {logging_mixin.py:190} INFO - [2024-09-09T21:06:21.768+0530] {dag.py:4156} INFO - Setting next_dagrun for example_dag_decorator to None, run_after=None
[2024-09-09T21:06:21.795+0530] {processor.py:208} INFO - Processing /home/sst7260/airflow_projects/project1/env/lib/python3.10/site-packages/airflow/example_dags/example_dag_decorator.py took 0.114 seconds
[2024-09-09T21:07:41.838+0530] {processor.py:186} INFO - Started process (PID=132004) to work on /home/sst7260/airflow_projects/project1/env/lib/python3.10/site-packages/airflow/example_dags/example_dag_decorator.py
[2024-09-09T21:07:41.840+0530] {processor.py:914} INFO - Processing file /home/sst7260/airflow_projects/project1/env/lib/python3.10/site-packages/airflow/example_dags/example_dag_decorator.py for tasks to queue
[2024-09-09T21:07:41.842+0530] {logging_mixin.py:190} INFO - [2024-09-09T21:07:41.842+0530] {dagbag.py:587} INFO - Filling up the DagBag from /home/sst7260/airflow_projects/project1/env/lib/python3.10/site-packages/airflow/example_dags/example_dag_decorator.py
[2024-09-09T21:07:41.851+0530] {processor.py:925} INFO - DAG(s) 'example_dag_decorator' retrieved from /home/sst7260/airflow_projects/project1/env/lib/python3.10/site-packages/airflow/example_dags/example_dag_decorator.py
[2024-09-09T21:07:41.912+0530] {logging_mixin.py:190} INFO - [2024-09-09T21:07:41.912+0530] {dag.py:3229} INFO - Sync 1 DAGs
[2024-09-09T21:07:41.920+0530] {logging_mixin.py:190} INFO - [2024-09-09T21:07:41.920+0530] {dag.py:4156} INFO - Setting next_dagrun for example_dag_decorator to None, run_after=None
[2024-09-09T21:07:41.944+0530] {processor.py:208} INFO - Processing /home/sst7260/airflow_projects/project1/env/lib/python3.10/site-packages/airflow/example_dags/example_dag_decorator.py took 0.111 seconds
[2024-09-09T21:09:05.740+0530] {processor.py:186} INFO - Started process (PID=132104) to work on /home/sst7260/airflow_projects/project1/env/lib/python3.10/site-packages/airflow/example_dags/example_dag_decorator.py
[2024-09-09T21:09:05.749+0530] {processor.py:914} INFO - Processing file /home/sst7260/airflow_projects/project1/env/lib/python3.10/site-packages/airflow/example_dags/example_dag_decorator.py for tasks to queue
[2024-09-09T21:09:05.750+0530] {logging_mixin.py:190} INFO - [2024-09-09T21:09:05.750+0530] {dagbag.py:587} INFO - Filling up the DagBag from /home/sst7260/airflow_projects/project1/env/lib/python3.10/site-packages/airflow/example_dags/example_dag_decorator.py
[2024-09-09T21:09:05.759+0530] {processor.py:925} INFO - DAG(s) 'example_dag_decorator' retrieved from /home/sst7260/airflow_projects/project1/env/lib/python3.10/site-packages/airflow/example_dags/example_dag_decorator.py
[2024-09-09T21:09:05.813+0530] {logging_mixin.py:190} INFO - [2024-09-09T21:09:05.813+0530] {dag.py:3229} INFO - Sync 1 DAGs
[2024-09-09T21:09:05.819+0530] {logging_mixin.py:190} INFO - [2024-09-09T21:09:05.819+0530] {dag.py:4156} INFO - Setting next_dagrun for example_dag_decorator to None, run_after=None
[2024-09-09T21:09:05.844+0530] {processor.py:208} INFO - Processing /home/sst7260/airflow_projects/project1/env/lib/python3.10/site-packages/airflow/example_dags/example_dag_decorator.py took 0.109 seconds
[2024-09-09T21:10:26.332+0530] {processor.py:186} INFO - Started process (PID=132202) to work on /home/sst7260/airflow_projects/project1/env/lib/python3.10/site-packages/airflow/example_dags/example_dag_decorator.py
[2024-09-09T21:10:26.334+0530] {processor.py:914} INFO - Processing file /home/sst7260/airflow_projects/project1/env/lib/python3.10/site-packages/airflow/example_dags/example_dag_decorator.py for tasks to queue
[2024-09-09T21:10:26.335+0530] {logging_mixin.py:190} INFO - [2024-09-09T21:10:26.335+0530] {dagbag.py:587} INFO - Filling up the DagBag from /home/sst7260/airflow_projects/project1/env/lib/python3.10/site-packages/airflow/example_dags/example_dag_decorator.py
[2024-09-09T21:10:26.346+0530] {processor.py:925} INFO - DAG(s) 'example_dag_decorator' retrieved from /home/sst7260/airflow_projects/project1/env/lib/python3.10/site-packages/airflow/example_dags/example_dag_decorator.py
[2024-09-09T21:10:26.404+0530] {logging_mixin.py:190} INFO - [2024-09-09T21:10:26.403+0530] {dag.py:3229} INFO - Sync 1 DAGs
[2024-09-09T21:10:26.410+0530] {logging_mixin.py:190} INFO - [2024-09-09T21:10:26.409+0530] {dag.py:4156} INFO - Setting next_dagrun for example_dag_decorator to None, run_after=None
[2024-09-09T21:10:26.431+0530] {processor.py:208} INFO - Processing /home/sst7260/airflow_projects/project1/env/lib/python3.10/site-packages/airflow/example_dags/example_dag_decorator.py took 0.103 seconds
[2024-09-09T21:11:46.301+0530] {processor.py:186} INFO - Started process (PID=132320) to work on /home/sst7260/airflow_projects/project1/env/lib/python3.10/site-packages/airflow/example_dags/example_dag_decorator.py
[2024-09-09T21:11:46.302+0530] {processor.py:914} INFO - Processing file /home/sst7260/airflow_projects/project1/env/lib/python3.10/site-packages/airflow/example_dags/example_dag_decorator.py for tasks to queue
[2024-09-09T21:11:46.303+0530] {logging_mixin.py:190} INFO - [2024-09-09T21:11:46.303+0530] {dagbag.py:587} INFO - Filling up the DagBag from /home/sst7260/airflow_projects/project1/env/lib/python3.10/site-packages/airflow/example_dags/example_dag_decorator.py
[2024-09-09T21:11:46.312+0530] {processor.py:925} INFO - DAG(s) 'example_dag_decorator' retrieved from /home/sst7260/airflow_projects/project1/env/lib/python3.10/site-packages/airflow/example_dags/example_dag_decorator.py
[2024-09-09T21:11:46.391+0530] {logging_mixin.py:190} INFO - [2024-09-09T21:11:46.391+0530] {dag.py:3229} INFO - Sync 1 DAGs
[2024-09-09T21:11:46.401+0530] {logging_mixin.py:190} INFO - [2024-09-09T21:11:46.401+0530] {dag.py:4156} INFO - Setting next_dagrun for example_dag_decorator to None, run_after=None
[2024-09-09T21:11:46.431+0530] {processor.py:208} INFO - Processing /home/sst7260/airflow_projects/project1/env/lib/python3.10/site-packages/airflow/example_dags/example_dag_decorator.py took 0.135 seconds
[2024-09-09T21:13:06.431+0530] {processor.py:186} INFO - Started process (PID=132419) to work on /home/sst7260/airflow_projects/project1/env/lib/python3.10/site-packages/airflow/example_dags/example_dag_decorator.py
[2024-09-09T21:13:06.436+0530] {processor.py:914} INFO - Processing file /home/sst7260/airflow_projects/project1/env/lib/python3.10/site-packages/airflow/example_dags/example_dag_decorator.py for tasks to queue
[2024-09-09T21:13:06.437+0530] {logging_mixin.py:190} INFO - [2024-09-09T21:13:06.437+0530] {dagbag.py:587} INFO - Filling up the DagBag from /home/sst7260/airflow_projects/project1/env/lib/python3.10/site-packages/airflow/example_dags/example_dag_decorator.py
[2024-09-09T21:13:06.445+0530] {processor.py:925} INFO - DAG(s) 'example_dag_decorator' retrieved from /home/sst7260/airflow_projects/project1/env/lib/python3.10/site-packages/airflow/example_dags/example_dag_decorator.py
[2024-09-09T21:13:06.500+0530] {logging_mixin.py:190} INFO - [2024-09-09T21:13:06.499+0530] {dag.py:3229} INFO - Sync 1 DAGs
[2024-09-09T21:13:06.506+0530] {logging_mixin.py:190} INFO - [2024-09-09T21:13:06.506+0530] {dag.py:4156} INFO - Setting next_dagrun for example_dag_decorator to None, run_after=None
[2024-09-09T21:13:06.534+0530] {processor.py:208} INFO - Processing /home/sst7260/airflow_projects/project1/env/lib/python3.10/site-packages/airflow/example_dags/example_dag_decorator.py took 0.108 seconds
[2024-09-09T21:14:32.281+0530] {processor.py:186} INFO - Started process (PID=132520) to work on /home/sst7260/airflow_projects/project1/env/lib/python3.10/site-packages/airflow/example_dags/example_dag_decorator.py
[2024-09-09T21:14:32.289+0530] {processor.py:914} INFO - Processing file /home/sst7260/airflow_projects/project1/env/lib/python3.10/site-packages/airflow/example_dags/example_dag_decorator.py for tasks to queue
[2024-09-09T21:14:32.291+0530] {logging_mixin.py:190} INFO - [2024-09-09T21:14:32.291+0530] {dagbag.py:587} INFO - Filling up the DagBag from /home/sst7260/airflow_projects/project1/env/lib/python3.10/site-packages/airflow/example_dags/example_dag_decorator.py
[2024-09-09T21:14:32.299+0530] {processor.py:925} INFO - DAG(s) 'example_dag_decorator' retrieved from /home/sst7260/airflow_projects/project1/env/lib/python3.10/site-packages/airflow/example_dags/example_dag_decorator.py
[2024-09-09T21:14:32.355+0530] {logging_mixin.py:190} INFO - [2024-09-09T21:14:32.355+0530] {dag.py:3229} INFO - Sync 1 DAGs
[2024-09-09T21:14:32.361+0530] {logging_mixin.py:190} INFO - [2024-09-09T21:14:32.361+0530] {dag.py:4156} INFO - Setting next_dagrun for example_dag_decorator to None, run_after=None
[2024-09-09T21:14:32.387+0530] {processor.py:208} INFO - Processing /home/sst7260/airflow_projects/project1/env/lib/python3.10/site-packages/airflow/example_dags/example_dag_decorator.py took 0.111 seconds
[2024-09-09T21:15:30.653+0530] {processor.py:186} INFO - Started process (PID=132651) to work on /home/sst7260/airflow_projects/project1/env/lib/python3.10/site-packages/airflow/example_dags/example_dag_decorator.py
[2024-09-09T21:15:30.662+0530] {processor.py:914} INFO - Processing file /home/sst7260/airflow_projects/project1/env/lib/python3.10/site-packages/airflow/example_dags/example_dag_decorator.py for tasks to queue
[2024-09-09T21:15:30.664+0530] {logging_mixin.py:190} INFO - [2024-09-09T21:15:30.664+0530] {dagbag.py:587} INFO - Filling up the DagBag from /home/sst7260/airflow_projects/project1/env/lib/python3.10/site-packages/airflow/example_dags/example_dag_decorator.py
[2024-09-09T21:15:30.675+0530] {processor.py:925} INFO - DAG(s) 'example_dag_decorator' retrieved from /home/sst7260/airflow_projects/project1/env/lib/python3.10/site-packages/airflow/example_dags/example_dag_decorator.py
[2024-09-09T21:15:30.745+0530] {logging_mixin.py:190} INFO - [2024-09-09T21:15:30.745+0530] {dag.py:3229} INFO - Sync 1 DAGs
[2024-09-09T21:15:30.751+0530] {logging_mixin.py:190} INFO - [2024-09-09T21:15:30.751+0530] {dag.py:4156} INFO - Setting next_dagrun for example_dag_decorator to None, run_after=None
[2024-09-09T21:15:30.777+0530] {processor.py:208} INFO - Processing /home/sst7260/airflow_projects/project1/env/lib/python3.10/site-packages/airflow/example_dags/example_dag_decorator.py took 0.128 seconds
[2024-09-09T21:16:53.140+0530] {processor.py:186} INFO - Started process (PID=132782) to work on /home/sst7260/airflow_projects/project1/env/lib/python3.10/site-packages/airflow/example_dags/example_dag_decorator.py
[2024-09-09T21:16:53.141+0530] {processor.py:914} INFO - Processing file /home/sst7260/airflow_projects/project1/env/lib/python3.10/site-packages/airflow/example_dags/example_dag_decorator.py for tasks to queue
[2024-09-09T21:16:53.142+0530] {logging_mixin.py:190} INFO - [2024-09-09T21:16:53.142+0530] {dagbag.py:587} INFO - Filling up the DagBag from /home/sst7260/airflow_projects/project1/env/lib/python3.10/site-packages/airflow/example_dags/example_dag_decorator.py
[2024-09-09T21:16:53.150+0530] {processor.py:925} INFO - DAG(s) 'example_dag_decorator' retrieved from /home/sst7260/airflow_projects/project1/env/lib/python3.10/site-packages/airflow/example_dags/example_dag_decorator.py
[2024-09-09T21:16:53.205+0530] {logging_mixin.py:190} INFO - [2024-09-09T21:16:53.205+0530] {dag.py:3229} INFO - Sync 1 DAGs
[2024-09-09T21:16:53.211+0530] {logging_mixin.py:190} INFO - [2024-09-09T21:16:53.211+0530] {dag.py:4156} INFO - Setting next_dagrun for example_dag_decorator to None, run_after=None
[2024-09-09T21:16:53.236+0530] {processor.py:208} INFO - Processing /home/sst7260/airflow_projects/project1/env/lib/python3.10/site-packages/airflow/example_dags/example_dag_decorator.py took 0.101 seconds
[2024-09-09T21:18:15.643+0530] {processor.py:186} INFO - Started process (PID=132882) to work on /home/sst7260/airflow_projects/project1/env/lib/python3.10/site-packages/airflow/example_dags/example_dag_decorator.py
[2024-09-09T21:18:15.645+0530] {processor.py:914} INFO - Processing file /home/sst7260/airflow_projects/project1/env/lib/python3.10/site-packages/airflow/example_dags/example_dag_decorator.py for tasks to queue
[2024-09-09T21:18:15.646+0530] {logging_mixin.py:190} INFO - [2024-09-09T21:18:15.646+0530] {dagbag.py:587} INFO - Filling up the DagBag from /home/sst7260/airflow_projects/project1/env/lib/python3.10/site-packages/airflow/example_dags/example_dag_decorator.py
[2024-09-09T21:18:15.654+0530] {processor.py:925} INFO - DAG(s) 'example_dag_decorator' retrieved from /home/sst7260/airflow_projects/project1/env/lib/python3.10/site-packages/airflow/example_dags/example_dag_decorator.py
[2024-09-09T21:18:15.713+0530] {logging_mixin.py:190} INFO - [2024-09-09T21:18:15.713+0530] {dag.py:3229} INFO - Sync 1 DAGs
[2024-09-09T21:18:15.719+0530] {logging_mixin.py:190} INFO - [2024-09-09T21:18:15.719+0530] {dag.py:4156} INFO - Setting next_dagrun for example_dag_decorator to None, run_after=None
[2024-09-09T21:18:15.739+0530] {processor.py:208} INFO - Processing /home/sst7260/airflow_projects/project1/env/lib/python3.10/site-packages/airflow/example_dags/example_dag_decorator.py took 0.101 seconds
[2024-09-09T21:19:39.415+0530] {processor.py:186} INFO - Started process (PID=132983) to work on /home/sst7260/airflow_projects/project1/env/lib/python3.10/site-packages/airflow/example_dags/example_dag_decorator.py
[2024-09-09T21:19:39.416+0530] {processor.py:914} INFO - Processing file /home/sst7260/airflow_projects/project1/env/lib/python3.10/site-packages/airflow/example_dags/example_dag_decorator.py for tasks to queue
[2024-09-09T21:19:39.417+0530] {logging_mixin.py:190} INFO - [2024-09-09T21:19:39.416+0530] {dagbag.py:587} INFO - Filling up the DagBag from /home/sst7260/airflow_projects/project1/env/lib/python3.10/site-packages/airflow/example_dags/example_dag_decorator.py
[2024-09-09T21:19:39.425+0530] {processor.py:925} INFO - DAG(s) 'example_dag_decorator' retrieved from /home/sst7260/airflow_projects/project1/env/lib/python3.10/site-packages/airflow/example_dags/example_dag_decorator.py
[2024-09-09T21:19:39.481+0530] {logging_mixin.py:190} INFO - [2024-09-09T21:19:39.480+0530] {dag.py:3229} INFO - Sync 1 DAGs
[2024-09-09T21:19:39.487+0530] {logging_mixin.py:190} INFO - [2024-09-09T21:19:39.487+0530] {dag.py:4156} INFO - Setting next_dagrun for example_dag_decorator to None, run_after=None
[2024-09-09T21:19:39.510+0530] {processor.py:208} INFO - Processing /home/sst7260/airflow_projects/project1/env/lib/python3.10/site-packages/airflow/example_dags/example_dag_decorator.py took 0.100 seconds
[2024-09-09T21:21:02.025+0530] {processor.py:186} INFO - Started process (PID=133166) to work on /home/sst7260/airflow_projects/project1/env/lib/python3.10/site-packages/airflow/example_dags/example_dag_decorator.py
[2024-09-09T21:21:02.026+0530] {processor.py:914} INFO - Processing file /home/sst7260/airflow_projects/project1/env/lib/python3.10/site-packages/airflow/example_dags/example_dag_decorator.py for tasks to queue
[2024-09-09T21:21:02.027+0530] {logging_mixin.py:190} INFO - [2024-09-09T21:21:02.027+0530] {dagbag.py:587} INFO - Filling up the DagBag from /home/sst7260/airflow_projects/project1/env/lib/python3.10/site-packages/airflow/example_dags/example_dag_decorator.py
[2024-09-09T21:21:02.036+0530] {processor.py:925} INFO - DAG(s) 'example_dag_decorator' retrieved from /home/sst7260/airflow_projects/project1/env/lib/python3.10/site-packages/airflow/example_dags/example_dag_decorator.py
[2024-09-09T21:21:02.091+0530] {logging_mixin.py:190} INFO - [2024-09-09T21:21:02.091+0530] {dag.py:3229} INFO - Sync 1 DAGs
[2024-09-09T21:21:02.097+0530] {logging_mixin.py:190} INFO - [2024-09-09T21:21:02.097+0530] {dag.py:4156} INFO - Setting next_dagrun for example_dag_decorator to None, run_after=None
[2024-09-09T21:21:02.123+0530] {processor.py:208} INFO - Processing /home/sst7260/airflow_projects/project1/env/lib/python3.10/site-packages/airflow/example_dags/example_dag_decorator.py took 0.104 seconds
[2024-09-09T21:22:22.742+0530] {processor.py:186} INFO - Started process (PID=133264) to work on /home/sst7260/airflow_projects/project1/env/lib/python3.10/site-packages/airflow/example_dags/example_dag_decorator.py
[2024-09-09T21:22:22.744+0530] {processor.py:914} INFO - Processing file /home/sst7260/airflow_projects/project1/env/lib/python3.10/site-packages/airflow/example_dags/example_dag_decorator.py for tasks to queue
[2024-09-09T21:22:22.745+0530] {logging_mixin.py:190} INFO - [2024-09-09T21:22:22.745+0530] {dagbag.py:587} INFO - Filling up the DagBag from /home/sst7260/airflow_projects/project1/env/lib/python3.10/site-packages/airflow/example_dags/example_dag_decorator.py
[2024-09-09T21:22:22.754+0530] {processor.py:925} INFO - DAG(s) 'example_dag_decorator' retrieved from /home/sst7260/airflow_projects/project1/env/lib/python3.10/site-packages/airflow/example_dags/example_dag_decorator.py
[2024-09-09T21:22:22.808+0530] {logging_mixin.py:190} INFO - [2024-09-09T21:22:22.808+0530] {dag.py:3229} INFO - Sync 1 DAGs
[2024-09-09T21:22:22.815+0530] {logging_mixin.py:190} INFO - [2024-09-09T21:22:22.815+0530] {dag.py:4156} INFO - Setting next_dagrun for example_dag_decorator to None, run_after=None
[2024-09-09T21:22:22.839+0530] {processor.py:208} INFO - Processing /home/sst7260/airflow_projects/project1/env/lib/python3.10/site-packages/airflow/example_dags/example_dag_decorator.py took 0.101 seconds
[2024-09-09T21:23:42.804+0530] {processor.py:186} INFO - Started process (PID=133363) to work on /home/sst7260/airflow_projects/project1/env/lib/python3.10/site-packages/airflow/example_dags/example_dag_decorator.py
[2024-09-09T21:23:42.808+0530] {processor.py:914} INFO - Processing file /home/sst7260/airflow_projects/project1/env/lib/python3.10/site-packages/airflow/example_dags/example_dag_decorator.py for tasks to queue
[2024-09-09T21:23:42.809+0530] {logging_mixin.py:190} INFO - [2024-09-09T21:23:42.809+0530] {dagbag.py:587} INFO - Filling up the DagBag from /home/sst7260/airflow_projects/project1/env/lib/python3.10/site-packages/airflow/example_dags/example_dag_decorator.py
[2024-09-09T21:23:42.820+0530] {processor.py:925} INFO - DAG(s) 'example_dag_decorator' retrieved from /home/sst7260/airflow_projects/project1/env/lib/python3.10/site-packages/airflow/example_dags/example_dag_decorator.py
[2024-09-09T21:23:42.876+0530] {logging_mixin.py:190} INFO - [2024-09-09T21:23:42.876+0530] {dag.py:3229} INFO - Sync 1 DAGs
[2024-09-09T21:23:42.884+0530] {logging_mixin.py:190} INFO - [2024-09-09T21:23:42.884+0530] {dag.py:4156} INFO - Setting next_dagrun for example_dag_decorator to None, run_after=None
[2024-09-09T21:23:42.909+0530] {processor.py:208} INFO - Processing /home/sst7260/airflow_projects/project1/env/lib/python3.10/site-packages/airflow/example_dags/example_dag_decorator.py took 0.111 seconds
[2024-09-09T21:24:42.173+0530] {processor.py:186} INFO - Started process (PID=133429) to work on /home/sst7260/airflow_projects/project1/env/lib/python3.10/site-packages/airflow/example_dags/example_dag_decorator.py
[2024-09-09T21:24:42.177+0530] {processor.py:914} INFO - Processing file /home/sst7260/airflow_projects/project1/env/lib/python3.10/site-packages/airflow/example_dags/example_dag_decorator.py for tasks to queue
[2024-09-09T21:24:42.178+0530] {logging_mixin.py:190} INFO - [2024-09-09T21:24:42.178+0530] {dagbag.py:587} INFO - Filling up the DagBag from /home/sst7260/airflow_projects/project1/env/lib/python3.10/site-packages/airflow/example_dags/example_dag_decorator.py
[2024-09-09T21:24:42.188+0530] {processor.py:925} INFO - DAG(s) 'example_dag_decorator' retrieved from /home/sst7260/airflow_projects/project1/env/lib/python3.10/site-packages/airflow/example_dags/example_dag_decorator.py
[2024-09-09T21:24:42.247+0530] {logging_mixin.py:190} INFO - [2024-09-09T21:24:42.246+0530] {dag.py:3229} INFO - Sync 1 DAGs
[2024-09-09T21:24:42.253+0530] {logging_mixin.py:190} INFO - [2024-09-09T21:24:42.253+0530] {dag.py:4156} INFO - Setting next_dagrun for example_dag_decorator to None, run_after=None
[2024-09-09T21:24:42.279+0530] {processor.py:208} INFO - Processing /home/sst7260/airflow_projects/project1/env/lib/python3.10/site-packages/airflow/example_dags/example_dag_decorator.py took 0.111 seconds
[2024-09-09T21:26:09.272+0530] {processor.py:186} INFO - Started process (PID=133621) to work on /home/sst7260/airflow_projects/project1/env/lib/python3.10/site-packages/airflow/example_dags/example_dag_decorator.py
[2024-09-09T21:26:09.276+0530] {processor.py:914} INFO - Processing file /home/sst7260/airflow_projects/project1/env/lib/python3.10/site-packages/airflow/example_dags/example_dag_decorator.py for tasks to queue
[2024-09-09T21:26:09.277+0530] {logging_mixin.py:190} INFO - [2024-09-09T21:26:09.277+0530] {dagbag.py:587} INFO - Filling up the DagBag from /home/sst7260/airflow_projects/project1/env/lib/python3.10/site-packages/airflow/example_dags/example_dag_decorator.py
[2024-09-09T21:26:09.286+0530] {processor.py:925} INFO - DAG(s) 'example_dag_decorator' retrieved from /home/sst7260/airflow_projects/project1/env/lib/python3.10/site-packages/airflow/example_dags/example_dag_decorator.py
[2024-09-09T21:26:09.341+0530] {logging_mixin.py:190} INFO - [2024-09-09T21:26:09.341+0530] {dag.py:3229} INFO - Sync 1 DAGs
[2024-09-09T21:26:09.348+0530] {logging_mixin.py:190} INFO - [2024-09-09T21:26:09.348+0530] {dag.py:4156} INFO - Setting next_dagrun for example_dag_decorator to None, run_after=None
[2024-09-09T21:26:09.374+0530] {processor.py:208} INFO - Processing /home/sst7260/airflow_projects/project1/env/lib/python3.10/site-packages/airflow/example_dags/example_dag_decorator.py took 0.106 seconds
[2024-09-09T21:27:30.716+0530] {processor.py:186} INFO - Started process (PID=133721) to work on /home/sst7260/airflow_projects/project1/env/lib/python3.10/site-packages/airflow/example_dags/example_dag_decorator.py
[2024-09-09T21:27:30.721+0530] {processor.py:914} INFO - Processing file /home/sst7260/airflow_projects/project1/env/lib/python3.10/site-packages/airflow/example_dags/example_dag_decorator.py for tasks to queue
[2024-09-09T21:27:30.722+0530] {logging_mixin.py:190} INFO - [2024-09-09T21:27:30.722+0530] {dagbag.py:587} INFO - Filling up the DagBag from /home/sst7260/airflow_projects/project1/env/lib/python3.10/site-packages/airflow/example_dags/example_dag_decorator.py
[2024-09-09T21:27:30.731+0530] {processor.py:925} INFO - DAG(s) 'example_dag_decorator' retrieved from /home/sst7260/airflow_projects/project1/env/lib/python3.10/site-packages/airflow/example_dags/example_dag_decorator.py
[2024-09-09T21:27:30.792+0530] {logging_mixin.py:190} INFO - [2024-09-09T21:27:30.792+0530] {dag.py:3229} INFO - Sync 1 DAGs
[2024-09-09T21:27:30.798+0530] {logging_mixin.py:190} INFO - [2024-09-09T21:27:30.798+0530] {dag.py:4156} INFO - Setting next_dagrun for example_dag_decorator to None, run_after=None
[2024-09-09T21:27:30.822+0530] {processor.py:208} INFO - Processing /home/sst7260/airflow_projects/project1/env/lib/python3.10/site-packages/airflow/example_dags/example_dag_decorator.py took 0.109 seconds
[2024-09-09T21:28:54.334+0530] {processor.py:186} INFO - Started process (PID=133881) to work on /home/sst7260/airflow_projects/project1/env/lib/python3.10/site-packages/airflow/example_dags/example_dag_decorator.py
[2024-09-09T21:28:54.335+0530] {processor.py:914} INFO - Processing file /home/sst7260/airflow_projects/project1/env/lib/python3.10/site-packages/airflow/example_dags/example_dag_decorator.py for tasks to queue
[2024-09-09T21:28:54.336+0530] {logging_mixin.py:190} INFO - [2024-09-09T21:28:54.336+0530] {dagbag.py:587} INFO - Filling up the DagBag from /home/sst7260/airflow_projects/project1/env/lib/python3.10/site-packages/airflow/example_dags/example_dag_decorator.py
[2024-09-09T21:28:54.345+0530] {processor.py:925} INFO - DAG(s) 'example_dag_decorator' retrieved from /home/sst7260/airflow_projects/project1/env/lib/python3.10/site-packages/airflow/example_dags/example_dag_decorator.py
[2024-09-09T21:28:54.401+0530] {logging_mixin.py:190} INFO - [2024-09-09T21:28:54.401+0530] {dag.py:3229} INFO - Sync 1 DAGs
[2024-09-09T21:28:54.407+0530] {logging_mixin.py:190} INFO - [2024-09-09T21:28:54.407+0530] {dag.py:4156} INFO - Setting next_dagrun for example_dag_decorator to None, run_after=None
[2024-09-09T21:28:54.431+0530] {processor.py:208} INFO - Processing /home/sst7260/airflow_projects/project1/env/lib/python3.10/site-packages/airflow/example_dags/example_dag_decorator.py took 0.102 seconds
[2024-09-09T21:30:15.923+0530] {processor.py:186} INFO - Started process (PID=133971) to work on /home/sst7260/airflow_projects/project1/env/lib/python3.10/site-packages/airflow/example_dags/example_dag_decorator.py
[2024-09-09T21:30:15.932+0530] {processor.py:914} INFO - Processing file /home/sst7260/airflow_projects/project1/env/lib/python3.10/site-packages/airflow/example_dags/example_dag_decorator.py for tasks to queue
[2024-09-09T21:30:15.933+0530] {logging_mixin.py:190} INFO - [2024-09-09T21:30:15.933+0530] {dagbag.py:587} INFO - Filling up the DagBag from /home/sst7260/airflow_projects/project1/env/lib/python3.10/site-packages/airflow/example_dags/example_dag_decorator.py
[2024-09-09T21:30:15.941+0530] {processor.py:925} INFO - DAG(s) 'example_dag_decorator' retrieved from /home/sst7260/airflow_projects/project1/env/lib/python3.10/site-packages/airflow/example_dags/example_dag_decorator.py
[2024-09-09T21:30:16.001+0530] {logging_mixin.py:190} INFO - [2024-09-09T21:30:16.001+0530] {dag.py:3229} INFO - Sync 1 DAGs
[2024-09-09T21:30:16.009+0530] {logging_mixin.py:190} INFO - [2024-09-09T21:30:16.009+0530] {dag.py:4156} INFO - Setting next_dagrun for example_dag_decorator to None, run_after=None
[2024-09-09T21:30:16.036+0530] {processor.py:208} INFO - Processing /home/sst7260/airflow_projects/project1/env/lib/python3.10/site-packages/airflow/example_dags/example_dag_decorator.py took 0.119 seconds
[2024-09-09T21:31:36.396+0530] {processor.py:186} INFO - Started process (PID=134096) to work on /home/sst7260/airflow_projects/project1/env/lib/python3.10/site-packages/airflow/example_dags/example_dag_decorator.py
[2024-09-09T21:31:36.398+0530] {processor.py:914} INFO - Processing file /home/sst7260/airflow_projects/project1/env/lib/python3.10/site-packages/airflow/example_dags/example_dag_decorator.py for tasks to queue
[2024-09-09T21:31:36.398+0530] {logging_mixin.py:190} INFO - [2024-09-09T21:31:36.398+0530] {dagbag.py:587} INFO - Filling up the DagBag from /home/sst7260/airflow_projects/project1/env/lib/python3.10/site-packages/airflow/example_dags/example_dag_decorator.py
[2024-09-09T21:31:36.406+0530] {processor.py:925} INFO - DAG(s) 'example_dag_decorator' retrieved from /home/sst7260/airflow_projects/project1/env/lib/python3.10/site-packages/airflow/example_dags/example_dag_decorator.py
[2024-09-09T21:31:36.463+0530] {logging_mixin.py:190} INFO - [2024-09-09T21:31:36.463+0530] {dag.py:3229} INFO - Sync 1 DAGs
[2024-09-09T21:31:36.469+0530] {logging_mixin.py:190} INFO - [2024-09-09T21:31:36.469+0530] {dag.py:4156} INFO - Setting next_dagrun for example_dag_decorator to None, run_after=None
[2024-09-09T21:31:36.493+0530] {processor.py:208} INFO - Processing /home/sst7260/airflow_projects/project1/env/lib/python3.10/site-packages/airflow/example_dags/example_dag_decorator.py took 0.102 seconds
[2024-09-09T21:33:00.584+0530] {processor.py:186} INFO - Started process (PID=134195) to work on /home/sst7260/airflow_projects/project1/env/lib/python3.10/site-packages/airflow/example_dags/example_dag_decorator.py
[2024-09-09T21:33:00.585+0530] {processor.py:914} INFO - Processing file /home/sst7260/airflow_projects/project1/env/lib/python3.10/site-packages/airflow/example_dags/example_dag_decorator.py for tasks to queue
[2024-09-09T21:33:00.586+0530] {logging_mixin.py:190} INFO - [2024-09-09T21:33:00.585+0530] {dagbag.py:587} INFO - Filling up the DagBag from /home/sst7260/airflow_projects/project1/env/lib/python3.10/site-packages/airflow/example_dags/example_dag_decorator.py
[2024-09-09T21:33:00.595+0530] {processor.py:925} INFO - DAG(s) 'example_dag_decorator' retrieved from /home/sst7260/airflow_projects/project1/env/lib/python3.10/site-packages/airflow/example_dags/example_dag_decorator.py
[2024-09-09T21:33:00.655+0530] {logging_mixin.py:190} INFO - [2024-09-09T21:33:00.655+0530] {dag.py:3229} INFO - Sync 1 DAGs
[2024-09-09T21:33:00.661+0530] {logging_mixin.py:190} INFO - [2024-09-09T21:33:00.661+0530] {dag.py:4156} INFO - Setting next_dagrun for example_dag_decorator to None, run_after=None
[2024-09-09T21:33:00.684+0530] {processor.py:208} INFO - Processing /home/sst7260/airflow_projects/project1/env/lib/python3.10/site-packages/airflow/example_dags/example_dag_decorator.py took 0.105 seconds
[2024-09-09T21:34:21.530+0530] {processor.py:186} INFO - Started process (PID=134292) to work on /home/sst7260/airflow_projects/project1/env/lib/python3.10/site-packages/airflow/example_dags/example_dag_decorator.py
[2024-09-09T21:34:21.532+0530] {processor.py:914} INFO - Processing file /home/sst7260/airflow_projects/project1/env/lib/python3.10/site-packages/airflow/example_dags/example_dag_decorator.py for tasks to queue
[2024-09-09T21:34:21.536+0530] {logging_mixin.py:190} INFO - [2024-09-09T21:34:21.534+0530] {dagbag.py:587} INFO - Filling up the DagBag from /home/sst7260/airflow_projects/project1/env/lib/python3.10/site-packages/airflow/example_dags/example_dag_decorator.py
[2024-09-09T21:34:21.545+0530] {processor.py:925} INFO - DAG(s) 'example_dag_decorator' retrieved from /home/sst7260/airflow_projects/project1/env/lib/python3.10/site-packages/airflow/example_dags/example_dag_decorator.py
[2024-09-09T21:34:21.600+0530] {logging_mixin.py:190} INFO - [2024-09-09T21:34:21.600+0530] {dag.py:3229} INFO - Sync 1 DAGs
[2024-09-09T21:34:21.606+0530] {logging_mixin.py:190} INFO - [2024-09-09T21:34:21.606+0530] {dag.py:4156} INFO - Setting next_dagrun for example_dag_decorator to None, run_after=None
[2024-09-09T21:34:21.631+0530] {processor.py:208} INFO - Processing /home/sst7260/airflow_projects/project1/env/lib/python3.10/site-packages/airflow/example_dags/example_dag_decorator.py took 0.104 seconds
[2024-09-09T21:35:44.212+0530] {processor.py:186} INFO - Started process (PID=134411) to work on /home/sst7260/airflow_projects/project1/env/lib/python3.10/site-packages/airflow/example_dags/example_dag_decorator.py
[2024-09-09T21:35:44.213+0530] {processor.py:914} INFO - Processing file /home/sst7260/airflow_projects/project1/env/lib/python3.10/site-packages/airflow/example_dags/example_dag_decorator.py for tasks to queue
[2024-09-09T21:35:44.215+0530] {logging_mixin.py:190} INFO - [2024-09-09T21:35:44.215+0530] {dagbag.py:587} INFO - Filling up the DagBag from /home/sst7260/airflow_projects/project1/env/lib/python3.10/site-packages/airflow/example_dags/example_dag_decorator.py
[2024-09-09T21:35:44.224+0530] {processor.py:925} INFO - DAG(s) 'example_dag_decorator' retrieved from /home/sst7260/airflow_projects/project1/env/lib/python3.10/site-packages/airflow/example_dags/example_dag_decorator.py
[2024-09-09T21:35:44.283+0530] {logging_mixin.py:190} INFO - [2024-09-09T21:35:44.283+0530] {dag.py:3229} INFO - Sync 1 DAGs
[2024-09-09T21:35:44.290+0530] {logging_mixin.py:190} INFO - [2024-09-09T21:35:44.290+0530] {dag.py:4156} INFO - Setting next_dagrun for example_dag_decorator to None, run_after=None
[2024-09-09T21:35:44.316+0530] {processor.py:208} INFO - Processing /home/sst7260/airflow_projects/project1/env/lib/python3.10/site-packages/airflow/example_dags/example_dag_decorator.py took 0.114 seconds
[2024-09-09T21:37:05.865+0530] {processor.py:186} INFO - Started process (PID=134510) to work on /home/sst7260/airflow_projects/project1/env/lib/python3.10/site-packages/airflow/example_dags/example_dag_decorator.py
[2024-09-09T21:37:05.866+0530] {processor.py:914} INFO - Processing file /home/sst7260/airflow_projects/project1/env/lib/python3.10/site-packages/airflow/example_dags/example_dag_decorator.py for tasks to queue
[2024-09-09T21:37:05.867+0530] {logging_mixin.py:190} INFO - [2024-09-09T21:37:05.867+0530] {dagbag.py:587} INFO - Filling up the DagBag from /home/sst7260/airflow_projects/project1/env/lib/python3.10/site-packages/airflow/example_dags/example_dag_decorator.py
[2024-09-09T21:37:05.875+0530] {processor.py:925} INFO - DAG(s) 'example_dag_decorator' retrieved from /home/sst7260/airflow_projects/project1/env/lib/python3.10/site-packages/airflow/example_dags/example_dag_decorator.py
[2024-09-09T21:37:05.934+0530] {logging_mixin.py:190} INFO - [2024-09-09T21:37:05.933+0530] {dag.py:3229} INFO - Sync 1 DAGs
[2024-09-09T21:37:05.940+0530] {logging_mixin.py:190} INFO - [2024-09-09T21:37:05.940+0530] {dag.py:4156} INFO - Setting next_dagrun for example_dag_decorator to None, run_after=None
[2024-09-09T21:37:05.962+0530] {processor.py:208} INFO - Processing /home/sst7260/airflow_projects/project1/env/lib/python3.10/site-packages/airflow/example_dags/example_dag_decorator.py took 0.103 seconds
[2024-09-09T21:38:28.006+0530] {processor.py:186} INFO - Started process (PID=134606) to work on /home/sst7260/airflow_projects/project1/env/lib/python3.10/site-packages/airflow/example_dags/example_dag_decorator.py
[2024-09-09T21:38:28.008+0530] {processor.py:914} INFO - Processing file /home/sst7260/airflow_projects/project1/env/lib/python3.10/site-packages/airflow/example_dags/example_dag_decorator.py for tasks to queue
[2024-09-09T21:38:28.009+0530] {logging_mixin.py:190} INFO - [2024-09-09T21:38:28.009+0530] {dagbag.py:587} INFO - Filling up the DagBag from /home/sst7260/airflow_projects/project1/env/lib/python3.10/site-packages/airflow/example_dags/example_dag_decorator.py
[2024-09-09T21:38:28.019+0530] {processor.py:925} INFO - DAG(s) 'example_dag_decorator' retrieved from /home/sst7260/airflow_projects/project1/env/lib/python3.10/site-packages/airflow/example_dags/example_dag_decorator.py
[2024-09-09T21:38:28.072+0530] {logging_mixin.py:190} INFO - [2024-09-09T21:38:28.072+0530] {dag.py:3229} INFO - Sync 1 DAGs
[2024-09-09T21:38:28.078+0530] {logging_mixin.py:190} INFO - [2024-09-09T21:38:28.078+0530] {dag.py:4156} INFO - Setting next_dagrun for example_dag_decorator to None, run_after=None
[2024-09-09T21:38:28.102+0530] {processor.py:208} INFO - Processing /home/sst7260/airflow_projects/project1/env/lib/python3.10/site-packages/airflow/example_dags/example_dag_decorator.py took 0.101 seconds
[2024-09-09T21:39:49.456+0530] {processor.py:186} INFO - Started process (PID=134704) to work on /home/sst7260/airflow_projects/project1/env/lib/python3.10/site-packages/airflow/example_dags/example_dag_decorator.py
[2024-09-09T21:39:49.457+0530] {processor.py:914} INFO - Processing file /home/sst7260/airflow_projects/project1/env/lib/python3.10/site-packages/airflow/example_dags/example_dag_decorator.py for tasks to queue
[2024-09-09T21:39:49.458+0530] {logging_mixin.py:190} INFO - [2024-09-09T21:39:49.458+0530] {dagbag.py:587} INFO - Filling up the DagBag from /home/sst7260/airflow_projects/project1/env/lib/python3.10/site-packages/airflow/example_dags/example_dag_decorator.py
[2024-09-09T21:39:49.467+0530] {processor.py:925} INFO - DAG(s) 'example_dag_decorator' retrieved from /home/sst7260/airflow_projects/project1/env/lib/python3.10/site-packages/airflow/example_dags/example_dag_decorator.py
[2024-09-09T21:39:49.521+0530] {logging_mixin.py:190} INFO - [2024-09-09T21:39:49.521+0530] {dag.py:3229} INFO - Sync 1 DAGs
[2024-09-09T21:39:49.528+0530] {logging_mixin.py:190} INFO - [2024-09-09T21:39:49.528+0530] {dag.py:4156} INFO - Setting next_dagrun for example_dag_decorator to None, run_after=None
[2024-09-09T21:39:49.556+0530] {processor.py:208} INFO - Processing /home/sst7260/airflow_projects/project1/env/lib/python3.10/site-packages/airflow/example_dags/example_dag_decorator.py took 0.105 seconds
[2024-09-09T21:41:09.442+0530] {processor.py:186} INFO - Started process (PID=134820) to work on /home/sst7260/airflow_projects/project1/env/lib/python3.10/site-packages/airflow/example_dags/example_dag_decorator.py
[2024-09-09T21:41:09.446+0530] {processor.py:914} INFO - Processing file /home/sst7260/airflow_projects/project1/env/lib/python3.10/site-packages/airflow/example_dags/example_dag_decorator.py for tasks to queue
[2024-09-09T21:41:09.448+0530] {logging_mixin.py:190} INFO - [2024-09-09T21:41:09.447+0530] {dagbag.py:587} INFO - Filling up the DagBag from /home/sst7260/airflow_projects/project1/env/lib/python3.10/site-packages/airflow/example_dags/example_dag_decorator.py
[2024-09-09T21:41:09.455+0530] {processor.py:925} INFO - DAG(s) 'example_dag_decorator' retrieved from /home/sst7260/airflow_projects/project1/env/lib/python3.10/site-packages/airflow/example_dags/example_dag_decorator.py
[2024-09-09T21:41:09.512+0530] {logging_mixin.py:190} INFO - [2024-09-09T21:41:09.512+0530] {dag.py:3229} INFO - Sync 1 DAGs
[2024-09-09T21:41:09.519+0530] {logging_mixin.py:190} INFO - [2024-09-09T21:41:09.519+0530] {dag.py:4156} INFO - Setting next_dagrun for example_dag_decorator to None, run_after=None
[2024-09-09T21:41:09.542+0530] {processor.py:208} INFO - Processing /home/sst7260/airflow_projects/project1/env/lib/python3.10/site-packages/airflow/example_dags/example_dag_decorator.py took 0.104 seconds
[2024-09-09T21:42:27.943+0530] {processor.py:186} INFO - Started process (PID=134917) to work on /home/sst7260/airflow_projects/project1/env/lib/python3.10/site-packages/airflow/example_dags/example_dag_decorator.py
[2024-09-09T21:42:27.944+0530] {processor.py:914} INFO - Processing file /home/sst7260/airflow_projects/project1/env/lib/python3.10/site-packages/airflow/example_dags/example_dag_decorator.py for tasks to queue
[2024-09-09T21:42:27.945+0530] {logging_mixin.py:190} INFO - [2024-09-09T21:42:27.945+0530] {dagbag.py:587} INFO - Filling up the DagBag from /home/sst7260/airflow_projects/project1/env/lib/python3.10/site-packages/airflow/example_dags/example_dag_decorator.py
[2024-09-09T21:42:27.954+0530] {processor.py:925} INFO - DAG(s) 'example_dag_decorator' retrieved from /home/sst7260/airflow_projects/project1/env/lib/python3.10/site-packages/airflow/example_dags/example_dag_decorator.py
[2024-09-09T21:42:28.010+0530] {logging_mixin.py:190} INFO - [2024-09-09T21:42:28.010+0530] {dag.py:3229} INFO - Sync 1 DAGs
[2024-09-09T21:42:28.017+0530] {logging_mixin.py:190} INFO - [2024-09-09T21:42:28.017+0530] {dag.py:4156} INFO - Setting next_dagrun for example_dag_decorator to None, run_after=None
[2024-09-09T21:42:28.043+0530] {processor.py:208} INFO - Processing /home/sst7260/airflow_projects/project1/env/lib/python3.10/site-packages/airflow/example_dags/example_dag_decorator.py took 0.104 seconds
[2024-09-09T21:43:45.172+0530] {processor.py:186} INFO - Started process (PID=135011) to work on /home/sst7260/airflow_projects/project1/env/lib/python3.10/site-packages/airflow/example_dags/example_dag_decorator.py
[2024-09-09T21:43:45.175+0530] {processor.py:914} INFO - Processing file /home/sst7260/airflow_projects/project1/env/lib/python3.10/site-packages/airflow/example_dags/example_dag_decorator.py for tasks to queue
[2024-09-09T21:43:45.176+0530] {logging_mixin.py:190} INFO - [2024-09-09T21:43:45.175+0530] {dagbag.py:587} INFO - Filling up the DagBag from /home/sst7260/airflow_projects/project1/env/lib/python3.10/site-packages/airflow/example_dags/example_dag_decorator.py
[2024-09-09T21:43:45.184+0530] {processor.py:925} INFO - DAG(s) 'example_dag_decorator' retrieved from /home/sst7260/airflow_projects/project1/env/lib/python3.10/site-packages/airflow/example_dags/example_dag_decorator.py
[2024-09-09T21:43:45.238+0530] {logging_mixin.py:190} INFO - [2024-09-09T21:43:45.237+0530] {dag.py:3229} INFO - Sync 1 DAGs
[2024-09-09T21:43:45.244+0530] {logging_mixin.py:190} INFO - [2024-09-09T21:43:45.244+0530] {dag.py:4156} INFO - Setting next_dagrun for example_dag_decorator to None, run_after=None
[2024-09-09T21:43:45.271+0530] {processor.py:208} INFO - Processing /home/sst7260/airflow_projects/project1/env/lib/python3.10/site-packages/airflow/example_dags/example_dag_decorator.py took 0.103 seconds
[2024-09-09T21:45:07.213+0530] {processor.py:186} INFO - Started process (PID=135107) to work on /home/sst7260/airflow_projects/project1/env/lib/python3.10/site-packages/airflow/example_dags/example_dag_decorator.py
[2024-09-09T21:45:07.223+0530] {processor.py:914} INFO - Processing file /home/sst7260/airflow_projects/project1/env/lib/python3.10/site-packages/airflow/example_dags/example_dag_decorator.py for tasks to queue
[2024-09-09T21:45:07.224+0530] {logging_mixin.py:190} INFO - [2024-09-09T21:45:07.223+0530] {dagbag.py:587} INFO - Filling up the DagBag from /home/sst7260/airflow_projects/project1/env/lib/python3.10/site-packages/airflow/example_dags/example_dag_decorator.py
[2024-09-09T21:45:07.232+0530] {processor.py:925} INFO - DAG(s) 'example_dag_decorator' retrieved from /home/sst7260/airflow_projects/project1/env/lib/python3.10/site-packages/airflow/example_dags/example_dag_decorator.py
[2024-09-09T21:45:07.290+0530] {logging_mixin.py:190} INFO - [2024-09-09T21:45:07.289+0530] {dag.py:3229} INFO - Sync 1 DAGs
[2024-09-09T21:45:07.296+0530] {logging_mixin.py:190} INFO - [2024-09-09T21:45:07.296+0530] {dag.py:4156} INFO - Setting next_dagrun for example_dag_decorator to None, run_after=None
[2024-09-09T21:45:07.321+0530] {processor.py:208} INFO - Processing /home/sst7260/airflow_projects/project1/env/lib/python3.10/site-packages/airflow/example_dags/example_dag_decorator.py took 0.113 seconds
[2024-09-09T21:46:26.242+0530] {processor.py:186} INFO - Started process (PID=135225) to work on /home/sst7260/airflow_projects/project1/env/lib/python3.10/site-packages/airflow/example_dags/example_dag_decorator.py
[2024-09-09T21:46:26.244+0530] {processor.py:914} INFO - Processing file /home/sst7260/airflow_projects/project1/env/lib/python3.10/site-packages/airflow/example_dags/example_dag_decorator.py for tasks to queue
[2024-09-09T21:46:26.245+0530] {logging_mixin.py:190} INFO - [2024-09-09T21:46:26.245+0530] {dagbag.py:587} INFO - Filling up the DagBag from /home/sst7260/airflow_projects/project1/env/lib/python3.10/site-packages/airflow/example_dags/example_dag_decorator.py
[2024-09-09T21:46:26.253+0530] {processor.py:925} INFO - DAG(s) 'example_dag_decorator' retrieved from /home/sst7260/airflow_projects/project1/env/lib/python3.10/site-packages/airflow/example_dags/example_dag_decorator.py
[2024-09-09T21:46:26.308+0530] {logging_mixin.py:190} INFO - [2024-09-09T21:46:26.308+0530] {dag.py:3229} INFO - Sync 1 DAGs
[2024-09-09T21:46:26.314+0530] {logging_mixin.py:190} INFO - [2024-09-09T21:46:26.314+0530] {dag.py:4156} INFO - Setting next_dagrun for example_dag_decorator to None, run_after=None
[2024-09-09T21:46:26.338+0530] {processor.py:208} INFO - Processing /home/sst7260/airflow_projects/project1/env/lib/python3.10/site-packages/airflow/example_dags/example_dag_decorator.py took 0.100 seconds
[2024-09-09T21:47:47.760+0530] {processor.py:186} INFO - Started process (PID=135322) to work on /home/sst7260/airflow_projects/project1/env/lib/python3.10/site-packages/airflow/example_dags/example_dag_decorator.py
[2024-09-09T21:47:47.770+0530] {processor.py:914} INFO - Processing file /home/sst7260/airflow_projects/project1/env/lib/python3.10/site-packages/airflow/example_dags/example_dag_decorator.py for tasks to queue
[2024-09-09T21:47:47.773+0530] {logging_mixin.py:190} INFO - [2024-09-09T21:47:47.772+0530] {dagbag.py:587} INFO - Filling up the DagBag from /home/sst7260/airflow_projects/project1/env/lib/python3.10/site-packages/airflow/example_dags/example_dag_decorator.py
[2024-09-09T21:47:47.784+0530] {processor.py:925} INFO - DAG(s) 'example_dag_decorator' retrieved from /home/sst7260/airflow_projects/project1/env/lib/python3.10/site-packages/airflow/example_dags/example_dag_decorator.py
[2024-09-09T21:47:47.838+0530] {logging_mixin.py:190} INFO - [2024-09-09T21:47:47.837+0530] {dag.py:3229} INFO - Sync 1 DAGs
[2024-09-09T21:47:47.844+0530] {logging_mixin.py:190} INFO - [2024-09-09T21:47:47.844+0530] {dag.py:4156} INFO - Setting next_dagrun for example_dag_decorator to None, run_after=None
[2024-09-09T21:47:47.869+0530] {processor.py:208} INFO - Processing /home/sst7260/airflow_projects/project1/env/lib/python3.10/site-packages/airflow/example_dags/example_dag_decorator.py took 0.114 seconds
[2024-09-09T21:49:04.690+0530] {processor.py:186} INFO - Started process (PID=135417) to work on /home/sst7260/airflow_projects/project1/env/lib/python3.10/site-packages/airflow/example_dags/example_dag_decorator.py
[2024-09-09T21:49:04.691+0530] {processor.py:914} INFO - Processing file /home/sst7260/airflow_projects/project1/env/lib/python3.10/site-packages/airflow/example_dags/example_dag_decorator.py for tasks to queue
[2024-09-09T21:49:04.692+0530] {logging_mixin.py:190} INFO - [2024-09-09T21:49:04.692+0530] {dagbag.py:587} INFO - Filling up the DagBag from /home/sst7260/airflow_projects/project1/env/lib/python3.10/site-packages/airflow/example_dags/example_dag_decorator.py
[2024-09-09T21:49:04.700+0530] {processor.py:925} INFO - DAG(s) 'example_dag_decorator' retrieved from /home/sst7260/airflow_projects/project1/env/lib/python3.10/site-packages/airflow/example_dags/example_dag_decorator.py
[2024-09-09T21:49:04.756+0530] {logging_mixin.py:190} INFO - [2024-09-09T21:49:04.756+0530] {dag.py:3229} INFO - Sync 1 DAGs
[2024-09-09T21:49:04.762+0530] {logging_mixin.py:190} INFO - [2024-09-09T21:49:04.762+0530] {dag.py:4156} INFO - Setting next_dagrun for example_dag_decorator to None, run_after=None
[2024-09-09T21:49:04.786+0530] {processor.py:208} INFO - Processing /home/sst7260/airflow_projects/project1/env/lib/python3.10/site-packages/airflow/example_dags/example_dag_decorator.py took 0.100 seconds
[2024-09-09T21:50:27.259+0530] {processor.py:186} INFO - Started process (PID=135507) to work on /home/sst7260/airflow_projects/project1/env/lib/python3.10/site-packages/airflow/example_dags/example_dag_decorator.py
[2024-09-09T21:50:27.261+0530] {processor.py:914} INFO - Processing file /home/sst7260/airflow_projects/project1/env/lib/python3.10/site-packages/airflow/example_dags/example_dag_decorator.py for tasks to queue
[2024-09-09T21:50:27.262+0530] {logging_mixin.py:190} INFO - [2024-09-09T21:50:27.262+0530] {dagbag.py:587} INFO - Filling up the DagBag from /home/sst7260/airflow_projects/project1/env/lib/python3.10/site-packages/airflow/example_dags/example_dag_decorator.py
[2024-09-09T21:50:27.269+0530] {processor.py:925} INFO - DAG(s) 'example_dag_decorator' retrieved from /home/sst7260/airflow_projects/project1/env/lib/python3.10/site-packages/airflow/example_dags/example_dag_decorator.py
[2024-09-09T21:50:27.324+0530] {logging_mixin.py:190} INFO - [2024-09-09T21:50:27.324+0530] {dag.py:3229} INFO - Sync 1 DAGs
[2024-09-09T21:50:27.522+0530] {logging_mixin.py:190} INFO - [2024-09-09T21:50:27.522+0530] {dag.py:4156} INFO - Setting next_dagrun for example_dag_decorator to None, run_after=None
[2024-09-09T21:50:27.548+0530] {processor.py:208} INFO - Processing /home/sst7260/airflow_projects/project1/env/lib/python3.10/site-packages/airflow/example_dags/example_dag_decorator.py took 0.293 seconds
[2024-09-09T21:51:47.491+0530] {processor.py:186} INFO - Started process (PID=135631) to work on /home/sst7260/airflow_projects/project1/env/lib/python3.10/site-packages/airflow/example_dags/example_dag_decorator.py
[2024-09-09T21:51:47.493+0530] {processor.py:914} INFO - Processing file /home/sst7260/airflow_projects/project1/env/lib/python3.10/site-packages/airflow/example_dags/example_dag_decorator.py for tasks to queue
[2024-09-09T21:51:47.494+0530] {logging_mixin.py:190} INFO - [2024-09-09T21:51:47.494+0530] {dagbag.py:587} INFO - Filling up the DagBag from /home/sst7260/airflow_projects/project1/env/lib/python3.10/site-packages/airflow/example_dags/example_dag_decorator.py
[2024-09-09T21:51:47.503+0530] {processor.py:925} INFO - DAG(s) 'example_dag_decorator' retrieved from /home/sst7260/airflow_projects/project1/env/lib/python3.10/site-packages/airflow/example_dags/example_dag_decorator.py
[2024-09-09T21:51:47.557+0530] {logging_mixin.py:190} INFO - [2024-09-09T21:51:47.557+0530] {dag.py:3229} INFO - Sync 1 DAGs
[2024-09-09T21:51:47.625+0530] {logging_mixin.py:190} INFO - [2024-09-09T21:51:47.625+0530] {dag.py:4156} INFO - Setting next_dagrun for example_dag_decorator to None, run_after=None
[2024-09-09T21:51:47.647+0530] {processor.py:208} INFO - Processing /home/sst7260/airflow_projects/project1/env/lib/python3.10/site-packages/airflow/example_dags/example_dag_decorator.py took 0.160 seconds
