[2024-09-10T11:47:12.865+0530] {local_task_job_runner.py:123} INFO - ::group::Pre task execution logs
[2024-09-10T11:47:12.873+0530] {taskinstance.py:2612} INFO - Dependencies all met for dep_context=non-requeueable deps ti=<TaskInstance: apache_beam_etl_pipeline.check_working_directory scheduled__2024-09-09T00:00:00+00:00 [queued]>
[2024-09-10T11:47:12.878+0530] {taskinstance.py:2612} INFO - Dependencies all met for dep_context=requeueable deps ti=<TaskInstance: apache_beam_etl_pipeline.check_working_directory scheduled__2024-09-09T00:00:00+00:00 [queued]>
[2024-09-10T11:47:12.878+0530] {taskinstance.py:2865} INFO - Starting attempt 1 of 2
[2024-09-10T11:47:12.897+0530] {taskinstance.py:2888} INFO - Executing <Task(BashOperator): check_working_directory> on 2024-09-09 00:00:00+00:00
[2024-09-10T11:47:12.900+0530] {standard_task_runner.py:72} INFO - Started process 149536 to run task
[2024-09-10T11:47:12.903+0530] {standard_task_runner.py:104} INFO - Running: ['airflow', 'tasks', 'run', 'apache_beam_etl_pipeline', 'check_working_directory', 'scheduled__2024-09-09T00:00:00+00:00', '--job-id', '31', '--raw', '--subdir', 'DAGS_FOLDER/aaz.py', '--cfg-path', '/tmp/tmp9ff1yccq']
[2024-09-10T11:47:12.903+0530] {standard_task_runner.py:105} INFO - Job 31: Subtask check_working_directory
[2024-09-10T11:47:12.947+0530] {task_command.py:467} INFO - Running <TaskInstance: apache_beam_etl_pipeline.check_working_directory scheduled__2024-09-09T00:00:00+00:00 [running]> on host PG0392KD.springernature.com
[2024-09-10T11:47:13.015+0530] {taskinstance.py:3131} INFO - Exporting env vars: AIRFLOW_CTX_DAG_OWNER='airflow_SS' AIRFLOW_CTX_DAG_ID='apache_beam_etl_pipeline' AIRFLOW_CTX_TASK_ID='check_working_directory' AIRFLOW_CTX_EXECUTION_DATE='2024-09-09T00:00:00+00:00' AIRFLOW_CTX_TRY_NUMBER='1' AIRFLOW_CTX_DAG_RUN_ID='scheduled__2024-09-09T00:00:00+00:00'
[2024-09-10T11:47:13.016+0530] {logging_mixin.py:190} INFO - Task instance is in running state
[2024-09-10T11:47:13.016+0530] {logging_mixin.py:190} INFO -  Previous state of the Task instance: queued
[2024-09-10T11:47:13.016+0530] {logging_mixin.py:190} INFO - Current task name:check_working_directory state:running start_date:2024-09-10 06:17:12.874104+00:00
[2024-09-10T11:47:13.016+0530] {logging_mixin.py:190} INFO - Dag name:apache_beam_etl_pipeline and current dag run status:running
[2024-09-10T11:47:13.016+0530] {taskinstance.py:731} INFO - ::endgroup::
[2024-09-10T11:47:13.017+0530] {subprocess.py:63} INFO - Tmp dir root location: /tmp
[2024-09-10T11:47:13.017+0530] {subprocess.py:75} INFO - Running command: ['/usr/bin/bash', '-c', 'pwd']
[2024-09-10T11:47:13.022+0530] {subprocess.py:86} INFO - Output:
[2024-09-10T11:47:13.023+0530] {subprocess.py:93} INFO - /tmp/airflowtmpyzd0lhjb
[2024-09-10T11:47:13.023+0530] {subprocess.py:97} INFO - Command exited with return code 0
[2024-09-10T11:47:13.045+0530] {taskinstance.py:340} INFO - ::group::Post task execution logs
[2024-09-10T11:47:13.046+0530] {taskinstance.py:352} INFO - Marking task as SUCCESS. dag_id=apache_beam_etl_pipeline, task_id=check_working_directory, run_id=scheduled__2024-09-09T00:00:00+00:00, execution_date=20240909T000000, start_date=20240910T061712, end_date=20240910T061713
[2024-09-10T11:47:13.063+0530] {logging_mixin.py:190} INFO - Task instance in success state
[2024-09-10T11:47:13.064+0530] {logging_mixin.py:190} INFO -  Previous state of the Task instance: running
[2024-09-10T11:47:13.064+0530] {logging_mixin.py:190} INFO - Dag name:apache_beam_etl_pipeline queued_at:2024-09-10 06:17:00.353327+00:00
[2024-09-10T11:47:13.064+0530] {logging_mixin.py:190} INFO - Task hostname:PG0392KD.springernature.com operator:BashOperator
[2024-09-10T11:47:13.078+0530] {local_task_job_runner.py:266} INFO - Task exited with return code 0
[2024-09-10T11:47:13.088+0530] {taskinstance.py:3900} INFO - 0 downstream tasks scheduled from follow-on schedule check
[2024-09-10T11:47:13.088+0530] {local_task_job_runner.py:245} INFO - ::endgroup::
