[2024-09-09T20:53:29.820+0530] {local_task_job_runner.py:123} INFO - ::group::Pre task execution logs
[2024-09-09T20:53:29.829+0530] {taskinstance.py:2612} INFO - Dependencies all met for dep_context=non-requeueable deps ti=<TaskInstance: aaq_v5.second_task manual__2024-09-09T15:23:22.730990+00:00 [queued]>
[2024-09-09T20:53:29.832+0530] {taskinstance.py:2612} INFO - Dependencies all met for dep_context=requeueable deps ti=<TaskInstance: aaq_v5.second_task manual__2024-09-09T15:23:22.730990+00:00 [queued]>
[2024-09-09T20:53:29.832+0530] {taskinstance.py:2865} INFO - Starting attempt 1 of 1
[2024-09-09T20:53:29.852+0530] {taskinstance.py:2888} INFO - Executing <Task(BashOperator): second_task> on 2024-09-09 15:23:22.730990+00:00
[2024-09-09T20:53:29.854+0530] {standard_task_runner.py:72} INFO - Started process 129539 to run task
[2024-09-09T20:53:29.860+0530] {standard_task_runner.py:104} INFO - Running: ['airflow', 'tasks', 'run', 'aaq_v5', 'second_task', 'manual__2024-09-09T15:23:22.730990+00:00', '--job-id', '9', '--raw', '--subdir', 'DAGS_FOLDER/aaq_dag.py', '--cfg-path', '/tmp/tmplzhtg2fc']
[2024-09-09T20:53:29.860+0530] {standard_task_runner.py:105} INFO - Job 9: Subtask second_task
[2024-09-09T20:53:29.898+0530] {task_command.py:467} INFO - Running <TaskInstance: aaq_v5.second_task manual__2024-09-09T15:23:22.730990+00:00 [running]> on host PG0392KD.springernature.com
[2024-09-09T20:53:29.982+0530] {taskinstance.py:3131} INFO - Exporting env vars: AIRFLOW_CTX_DAG_OWNER='law' AIRFLOW_CTX_DAG_ID='aaq_v5' AIRFLOW_CTX_TASK_ID='second_task' AIRFLOW_CTX_EXECUTION_DATE='2024-09-09T15:23:22.730990+00:00' AIRFLOW_CTX_TRY_NUMBER='1' AIRFLOW_CTX_DAG_RUN_ID='manual__2024-09-09T15:23:22.730990+00:00'
[2024-09-09T20:53:29.983+0530] {logging_mixin.py:190} INFO - Task instance is in running state
[2024-09-09T20:53:29.983+0530] {logging_mixin.py:190} INFO -  Previous state of the Task instance: queued
[2024-09-09T20:53:29.983+0530] {logging_mixin.py:190} INFO - Current task name:second_task state:running start_date:2024-09-09 15:23:29.829595+00:00
[2024-09-09T20:53:29.983+0530] {logging_mixin.py:190} INFO - Dag name:aaq_v5 and current dag run status:running
[2024-09-09T20:53:29.983+0530] {taskinstance.py:731} INFO - ::endgroup::
[2024-09-09T20:53:29.984+0530] {subprocess.py:63} INFO - Tmp dir root location: /tmp
[2024-09-09T20:53:29.985+0530] {subprocess.py:75} INFO - Running command: ['/usr/bin/bash', '-c', 'echo hey, second task running after task1']
[2024-09-09T20:53:29.993+0530] {subprocess.py:86} INFO - Output:
[2024-09-09T20:53:29.993+0530] {subprocess.py:93} INFO - hey, second task running after task1
[2024-09-09T20:53:29.994+0530] {subprocess.py:97} INFO - Command exited with return code 0
[2024-09-09T20:53:30.016+0530] {taskinstance.py:340} INFO - ::group::Post task execution logs
[2024-09-09T20:53:30.017+0530] {taskinstance.py:352} INFO - Marking task as SUCCESS. dag_id=aaq_v5, task_id=second_task, run_id=manual__2024-09-09T15:23:22.730990+00:00, execution_date=20240909T152322, start_date=20240909T152329, end_date=20240909T152330
[2024-09-09T20:53:30.030+0530] {logging_mixin.py:190} INFO - Task instance in success state
[2024-09-09T20:53:30.031+0530] {logging_mixin.py:190} INFO -  Previous state of the Task instance: running
[2024-09-09T20:53:30.031+0530] {logging_mixin.py:190} INFO - Dag name:aaq_v5 queued_at:2024-09-09 15:23:22.749960+00:00
[2024-09-09T20:53:30.031+0530] {logging_mixin.py:190} INFO - Task hostname:PG0392KD.springernature.com operator:BashOperator
[2024-09-09T20:53:30.034+0530] {local_task_job_runner.py:266} INFO - Task exited with return code 0
[2024-09-09T20:53:30.043+0530] {taskinstance.py:3900} INFO - 0 downstream tasks scheduled from follow-on schedule check
[2024-09-09T20:53:30.044+0530] {local_task_job_runner.py:245} INFO - ::endgroup::
