[2024-09-10T09:31:57.421+0530] {local_task_job_runner.py:123} INFO - ::group::Pre task execution logs
[2024-09-10T09:31:57.429+0530] {taskinstance.py:2612} INFO - Dependencies all met for dep_context=non-requeueable deps ti=<TaskInstance: ababa5.second_task scheduled__2024-09-09T00:00:00+00:00 [queued]>
[2024-09-10T09:31:57.433+0530] {taskinstance.py:2612} INFO - Dependencies all met for dep_context=requeueable deps ti=<TaskInstance: ababa5.second_task scheduled__2024-09-09T00:00:00+00:00 [queued]>
[2024-09-10T09:31:57.433+0530] {taskinstance.py:2865} INFO - Starting attempt 1 of 1
[2024-09-10T09:31:57.448+0530] {taskinstance.py:2888} INFO - Executing <Task(BashOperator): second_task> on 2024-09-09 00:00:00+00:00
[2024-09-10T09:31:57.450+0530] {standard_task_runner.py:72} INFO - Started process 135918 to run task
[2024-09-10T09:31:57.453+0530] {standard_task_runner.py:104} INFO - Running: ['airflow', 'tasks', 'run', 'ababa5', 'second_task', 'scheduled__2024-09-09T00:00:00+00:00', '--job-id', '21', '--raw', '--subdir', 'DAGS_FOLDER/ababa5.py', '--cfg-path', '/tmp/tmplpry8uef']
[2024-09-10T09:31:57.453+0530] {standard_task_runner.py:105} INFO - Job 21: Subtask second_task
[2024-09-10T09:31:57.485+0530] {task_command.py:467} INFO - Running <TaskInstance: ababa5.second_task scheduled__2024-09-09T00:00:00+00:00 [running]> on host PG0392KD.springernature.com
[2024-09-10T09:31:57.558+0530] {taskinstance.py:3131} INFO - Exporting env vars: AIRFLOW_CTX_DAG_OWNER='qwert' AIRFLOW_CTX_DAG_ID='ababa5' AIRFLOW_CTX_TASK_ID='second_task' AIRFLOW_CTX_EXECUTION_DATE='2024-09-09T00:00:00+00:00' AIRFLOW_CTX_TRY_NUMBER='1' AIRFLOW_CTX_DAG_RUN_ID='scheduled__2024-09-09T00:00:00+00:00'
[2024-09-10T09:31:57.559+0530] {logging_mixin.py:190} INFO - Task instance is in running state
[2024-09-10T09:31:57.559+0530] {logging_mixin.py:190} INFO -  Previous state of the Task instance: queued
[2024-09-10T09:31:57.560+0530] {logging_mixin.py:190} INFO - Current task name:second_task state:running start_date:2024-09-10 04:01:57.429676+00:00
[2024-09-10T09:31:57.560+0530] {logging_mixin.py:190} INFO - Dag name:ababa5 and current dag run status:running
[2024-09-10T09:31:57.560+0530] {taskinstance.py:731} INFO - ::endgroup::
[2024-09-10T09:31:57.560+0530] {subprocess.py:63} INFO - Tmp dir root location: /tmp
[2024-09-10T09:31:57.561+0530] {subprocess.py:75} INFO - Running command: ['/usr/bin/bash', '-c', 'echo hey, second task running after task1']
[2024-09-10T09:31:57.567+0530] {subprocess.py:86} INFO - Output:
[2024-09-10T09:31:57.567+0530] {subprocess.py:93} INFO - hey, second task running after task1
[2024-09-10T09:31:57.568+0530] {subprocess.py:97} INFO - Command exited with return code 0
[2024-09-10T09:31:57.586+0530] {taskinstance.py:340} INFO - ::group::Post task execution logs
[2024-09-10T09:31:57.587+0530] {taskinstance.py:352} INFO - Marking task as SUCCESS. dag_id=ababa5, task_id=second_task, run_id=scheduled__2024-09-09T00:00:00+00:00, execution_date=20240909T000000, start_date=20240910T040157, end_date=20240910T040157
[2024-09-10T09:31:57.598+0530] {logging_mixin.py:190} INFO - Task instance in success state
[2024-09-10T09:31:57.598+0530] {logging_mixin.py:190} INFO -  Previous state of the Task instance: running
[2024-09-10T09:31:57.598+0530] {logging_mixin.py:190} INFO - Dag name:ababa5 queued_at:2024-09-10 01:48:10.533141+00:00
[2024-09-10T09:31:57.599+0530] {logging_mixin.py:190} INFO - Task hostname:PG0392KD.springernature.com operator:BashOperator
[2024-09-10T09:31:57.625+0530] {local_task_job_runner.py:266} INFO - Task exited with return code 0
[2024-09-10T09:31:57.637+0530] {taskinstance.py:3900} INFO - 0 downstream tasks scheduled from follow-on schedule check
[2024-09-10T09:31:57.638+0530] {local_task_job_runner.py:245} INFO - ::endgroup::
