[2024-09-10T09:31:55.143+0530] {local_task_job_runner.py:123} INFO - ::group::Pre task execution logs
[2024-09-10T09:31:55.160+0530] {taskinstance.py:2612} INFO - Dependencies all met for dep_context=non-requeueable deps ti=<TaskInstance: aaq_v5.third_task scheduled__2024-09-09T00:00:00+00:00 [queued]>
[2024-09-10T09:31:55.168+0530] {taskinstance.py:2612} INFO - Dependencies all met for dep_context=requeueable deps ti=<TaskInstance: aaq_v5.third_task scheduled__2024-09-09T00:00:00+00:00 [queued]>
[2024-09-10T09:31:55.169+0530] {taskinstance.py:2865} INFO - Starting attempt 1 of 1
[2024-09-10T09:31:55.201+0530] {taskinstance.py:2888} INFO - Executing <Task(BashOperator): third_task> on 2024-09-09 00:00:00+00:00
[2024-09-10T09:31:55.204+0530] {standard_task_runner.py:72} INFO - Started process 135898 to run task
[2024-09-10T09:31:55.208+0530] {standard_task_runner.py:104} INFO - Running: ['airflow', 'tasks', 'run', 'aaq_v5', 'third_task', 'scheduled__2024-09-09T00:00:00+00:00', '--job-id', '20', '--raw', '--subdir', 'DAGS_FOLDER/aaq_dag.py', '--cfg-path', '/tmp/tmpn5r1w3sq']
[2024-09-10T09:31:55.209+0530] {standard_task_runner.py:105} INFO - Job 20: Subtask third_task
[2024-09-10T09:31:55.257+0530] {task_command.py:467} INFO - Running <TaskInstance: aaq_v5.third_task scheduled__2024-09-09T00:00:00+00:00 [running]> on host PG0392KD.springernature.com
[2024-09-10T09:31:55.355+0530] {taskinstance.py:3131} INFO - Exporting env vars: AIRFLOW_CTX_DAG_OWNER='law' AIRFLOW_CTX_DAG_ID='aaq_v5' AIRFLOW_CTX_TASK_ID='third_task' AIRFLOW_CTX_EXECUTION_DATE='2024-09-09T00:00:00+00:00' AIRFLOW_CTX_TRY_NUMBER='1' AIRFLOW_CTX_DAG_RUN_ID='scheduled__2024-09-09T00:00:00+00:00'
[2024-09-10T09:31:55.362+0530] {logging_mixin.py:190} INFO - Task instance is in running state
[2024-09-10T09:31:55.362+0530] {logging_mixin.py:190} INFO -  Previous state of the Task instance: queued
[2024-09-10T09:31:55.363+0530] {logging_mixin.py:190} INFO - Current task name:third_task state:running start_date:2024-09-10 04:01:55.161260+00:00
[2024-09-10T09:31:55.364+0530] {logging_mixin.py:190} INFO - Dag name:aaq_v5 and current dag run status:running
[2024-09-10T09:31:55.364+0530] {taskinstance.py:731} INFO - ::endgroup::
[2024-09-10T09:31:55.369+0530] {subprocess.py:63} INFO - Tmp dir root location: /tmp
[2024-09-10T09:31:55.371+0530] {subprocess.py:75} INFO - Running command: ['/usr/bin/bash', '-c', 'echo hey, third task running after task1 at the same time as task2']
[2024-09-10T09:31:55.378+0530] {subprocess.py:86} INFO - Output:
[2024-09-10T09:31:55.379+0530] {subprocess.py:93} INFO - hey, third task running after task1 at the same time as task2
[2024-09-10T09:31:55.380+0530] {subprocess.py:97} INFO - Command exited with return code 0
[2024-09-10T09:31:55.413+0530] {taskinstance.py:340} INFO - ::group::Post task execution logs
[2024-09-10T09:31:55.414+0530] {taskinstance.py:352} INFO - Marking task as SUCCESS. dag_id=aaq_v5, task_id=third_task, run_id=scheduled__2024-09-09T00:00:00+00:00, execution_date=20240909T000000, start_date=20240910T040155, end_date=20240910T040155
[2024-09-10T09:31:55.436+0530] {logging_mixin.py:190} INFO - Task instance in success state
[2024-09-10T09:31:55.436+0530] {logging_mixin.py:190} INFO -  Previous state of the Task instance: running
[2024-09-10T09:31:55.437+0530] {logging_mixin.py:190} INFO - Dag name:aaq_v5 queued_at:2024-09-10 01:48:10.492720+00:00
[2024-09-10T09:31:55.437+0530] {logging_mixin.py:190} INFO - Task hostname:PG0392KD.springernature.com operator:BashOperator
[2024-09-10T09:31:55.462+0530] {local_task_job_runner.py:266} INFO - Task exited with return code 0
[2024-09-10T09:31:55.473+0530] {taskinstance.py:3900} INFO - 0 downstream tasks scheduled from follow-on schedule check
[2024-09-10T09:31:55.474+0530] {local_task_job_runner.py:245} INFO - ::endgroup::
