[2024-09-09T21:00:31.067+0530] {processor.py:186} INFO - Started process (PID=130956) to work on /home/sst7260/airflow_projects/project1/dags/ababa5.py
[2024-09-09T21:00:31.068+0530] {processor.py:914} INFO - Processing file /home/sst7260/airflow_projects/project1/dags/ababa5.py for tasks to queue
[2024-09-09T21:00:31.069+0530] {logging_mixin.py:190} INFO - [2024-09-09T21:00:31.069+0530] {dagbag.py:587} INFO - Filling up the DagBag from /home/sst7260/airflow_projects/project1/dags/ababa5.py
[2024-09-09T21:00:31.077+0530] {processor.py:925} INFO - DAG(s) 'ababa5' retrieved from /home/sst7260/airflow_projects/project1/dags/ababa5.py
[2024-09-09T21:00:31.163+0530] {logging_mixin.py:190} INFO - [2024-09-09T21:00:31.163+0530] {override.py:1900} INFO - Created Permission View: can delete on DAG:ababa5
[2024-09-09T21:00:31.180+0530] {logging_mixin.py:190} INFO - [2024-09-09T21:00:31.180+0530] {override.py:1900} INFO - Created Permission View: can read on DAG:ababa5
[2024-09-09T21:00:31.210+0530] {logging_mixin.py:190} INFO - [2024-09-09T21:00:31.209+0530] {override.py:1900} INFO - Created Permission View: can edit on DAG:ababa5
[2024-09-09T21:00:31.242+0530] {logging_mixin.py:190} INFO - [2024-09-09T21:00:31.242+0530] {override.py:1900} INFO - Created Permission View: can create on DAG Run:ababa5
[2024-09-09T21:00:31.259+0530] {logging_mixin.py:190} INFO - [2024-09-09T21:00:31.259+0530] {override.py:1900} INFO - Created Permission View: menu access on DAG Run:ababa5
[2024-09-09T21:00:31.280+0530] {logging_mixin.py:190} INFO - [2024-09-09T21:00:31.279+0530] {override.py:1900} INFO - Created Permission View: can read on DAG Run:ababa5
[2024-09-09T21:00:31.298+0530] {logging_mixin.py:190} INFO - [2024-09-09T21:00:31.297+0530] {override.py:1900} INFO - Created Permission View: can delete on DAG Run:ababa5
[2024-09-09T21:00:31.299+0530] {logging_mixin.py:190} INFO - [2024-09-09T21:00:31.299+0530] {dag.py:3229} INFO - Sync 1 DAGs
[2024-09-09T21:00:31.307+0530] {logging_mixin.py:190} INFO - [2024-09-09T21:00:31.307+0530] {dag.py:3252} INFO - Creating ORM DAG for ababa5
[2024-09-09T21:00:31.314+0530] {logging_mixin.py:190} INFO - [2024-09-09T21:00:31.314+0530] {dag.py:4156} INFO - Setting next_dagrun for ababa5 to 2024-09-08 00:00:00+00:00, run_after=2024-09-09 00:00:00+00:00
[2024-09-09T21:00:31.339+0530] {processor.py:208} INFO - Processing /home/sst7260/airflow_projects/project1/dags/ababa5.py took 0.276 seconds
[2024-09-09T21:01:09.948+0530] {processor.py:186} INFO - Started process (PID=131214) to work on /home/sst7260/airflow_projects/project1/dags/ababa5.py
[2024-09-09T21:01:09.950+0530] {processor.py:914} INFO - Processing file /home/sst7260/airflow_projects/project1/dags/ababa5.py for tasks to queue
[2024-09-09T21:01:09.952+0530] {logging_mixin.py:190} INFO - [2024-09-09T21:01:09.951+0530] {dagbag.py:587} INFO - Filling up the DagBag from /home/sst7260/airflow_projects/project1/dags/ababa5.py
[2024-09-09T21:01:09.962+0530] {processor.py:925} INFO - DAG(s) 'ababa5' retrieved from /home/sst7260/airflow_projects/project1/dags/ababa5.py
[2024-09-09T21:01:09.976+0530] {logging_mixin.py:190} INFO - [2024-09-09T21:01:09.976+0530] {dag.py:3229} INFO - Sync 1 DAGs
[2024-09-09T21:01:09.993+0530] {logging_mixin.py:190} INFO - [2024-09-09T21:01:09.993+0530] {dag.py:4156} INFO - Setting next_dagrun for ababa5 to 2024-09-09 00:00:00+00:00, run_after=2024-09-10 00:00:00+00:00
[2024-09-09T21:01:10.021+0530] {processor.py:208} INFO - Processing /home/sst7260/airflow_projects/project1/dags/ababa5.py took 0.079 seconds
[2024-09-09T21:01:44.809+0530] {processor.py:186} INFO - Started process (PID=131267) to work on /home/sst7260/airflow_projects/project1/dags/ababa5.py
[2024-09-09T21:01:44.814+0530] {processor.py:914} INFO - Processing file /home/sst7260/airflow_projects/project1/dags/ababa5.py for tasks to queue
[2024-09-09T21:01:44.816+0530] {logging_mixin.py:190} INFO - [2024-09-09T21:01:44.815+0530] {dagbag.py:587} INFO - Filling up the DagBag from /home/sst7260/airflow_projects/project1/dags/ababa5.py
[2024-09-09T21:01:44.824+0530] {processor.py:925} INFO - DAG(s) 'ababa5' retrieved from /home/sst7260/airflow_projects/project1/dags/ababa5.py
[2024-09-09T21:01:44.834+0530] {logging_mixin.py:190} INFO - [2024-09-09T21:01:44.834+0530] {dag.py:3229} INFO - Sync 1 DAGs
[2024-09-09T21:01:44.847+0530] {logging_mixin.py:190} INFO - [2024-09-09T21:01:44.847+0530] {dag.py:4156} INFO - Setting next_dagrun for ababa5 to 2024-09-09 00:00:00+00:00, run_after=2024-09-10 00:00:00+00:00
[2024-09-09T21:01:44.869+0530] {processor.py:208} INFO - Processing /home/sst7260/airflow_projects/project1/dags/ababa5.py took 0.065 seconds
[2024-09-09T21:02:39.157+0530] {processor.py:186} INFO - Started process (PID=131427) to work on /home/sst7260/airflow_projects/project1/dags/ababa5.py
[2024-09-09T21:02:39.160+0530] {processor.py:914} INFO - Processing file /home/sst7260/airflow_projects/project1/dags/ababa5.py for tasks to queue
[2024-09-09T21:02:39.162+0530] {logging_mixin.py:190} INFO - [2024-09-09T21:02:39.161+0530] {dagbag.py:587} INFO - Filling up the DagBag from /home/sst7260/airflow_projects/project1/dags/ababa5.py
[2024-09-09T21:02:39.168+0530] {processor.py:925} INFO - DAG(s) 'ababa5' retrieved from /home/sst7260/airflow_projects/project1/dags/ababa5.py
[2024-09-09T21:02:39.179+0530] {logging_mixin.py:190} INFO - [2024-09-09T21:02:39.178+0530] {dag.py:3229} INFO - Sync 1 DAGs
[2024-09-09T21:02:39.192+0530] {logging_mixin.py:190} INFO - [2024-09-09T21:02:39.191+0530] {dag.py:4156} INFO - Setting next_dagrun for ababa5 to 2024-09-09 00:00:00+00:00, run_after=2024-09-10 00:00:00+00:00
[2024-09-09T21:02:39.212+0530] {processor.py:208} INFO - Processing /home/sst7260/airflow_projects/project1/dags/ababa5.py took 0.059 seconds
[2024-09-09T21:03:33.739+0530] {processor.py:186} INFO - Started process (PID=131521) to work on /home/sst7260/airflow_projects/project1/dags/ababa5.py
[2024-09-09T21:03:33.741+0530] {processor.py:914} INFO - Processing file /home/sst7260/airflow_projects/project1/dags/ababa5.py for tasks to queue
[2024-09-09T21:03:33.742+0530] {logging_mixin.py:190} INFO - [2024-09-09T21:03:33.742+0530] {dagbag.py:587} INFO - Filling up the DagBag from /home/sst7260/airflow_projects/project1/dags/ababa5.py
[2024-09-09T21:03:33.749+0530] {processor.py:925} INFO - DAG(s) 'ababa5' retrieved from /home/sst7260/airflow_projects/project1/dags/ababa5.py
[2024-09-09T21:03:33.759+0530] {logging_mixin.py:190} INFO - [2024-09-09T21:03:33.759+0530] {dag.py:3229} INFO - Sync 1 DAGs
[2024-09-09T21:03:33.781+0530] {logging_mixin.py:190} INFO - [2024-09-09T21:03:33.781+0530] {dag.py:4156} INFO - Setting next_dagrun for ababa5 to 2024-09-09 00:00:00+00:00, run_after=2024-09-10 00:00:00+00:00
[2024-09-09T21:03:33.807+0530] {processor.py:208} INFO - Processing /home/sst7260/airflow_projects/project1/dags/ababa5.py took 0.072 seconds
[2024-09-09T21:04:30.836+0530] {processor.py:186} INFO - Started process (PID=131586) to work on /home/sst7260/airflow_projects/project1/dags/ababa5.py
[2024-09-09T21:04:30.839+0530] {processor.py:914} INFO - Processing file /home/sst7260/airflow_projects/project1/dags/ababa5.py for tasks to queue
[2024-09-09T21:04:30.841+0530] {logging_mixin.py:190} INFO - [2024-09-09T21:04:30.840+0530] {dagbag.py:587} INFO - Filling up the DagBag from /home/sst7260/airflow_projects/project1/dags/ababa5.py
[2024-09-09T21:04:30.851+0530] {processor.py:925} INFO - DAG(s) 'ababa5' retrieved from /home/sst7260/airflow_projects/project1/dags/ababa5.py
[2024-09-09T21:04:30.864+0530] {logging_mixin.py:190} INFO - [2024-09-09T21:04:30.864+0530] {dag.py:3229} INFO - Sync 1 DAGs
[2024-09-09T21:04:30.881+0530] {logging_mixin.py:190} INFO - [2024-09-09T21:04:30.880+0530] {dag.py:4156} INFO - Setting next_dagrun for ababa5 to 2024-09-09 00:00:00+00:00, run_after=2024-09-10 00:00:00+00:00
[2024-09-09T21:04:30.903+0530] {processor.py:208} INFO - Processing /home/sst7260/airflow_projects/project1/dags/ababa5.py took 0.072 seconds
[2024-09-09T21:05:29.145+0530] {processor.py:186} INFO - Started process (PID=131813) to work on /home/sst7260/airflow_projects/project1/dags/ababa5.py
[2024-09-09T21:05:29.148+0530] {processor.py:914} INFO - Processing file /home/sst7260/airflow_projects/project1/dags/ababa5.py for tasks to queue
[2024-09-09T21:05:29.149+0530] {logging_mixin.py:190} INFO - [2024-09-09T21:05:29.149+0530] {dagbag.py:587} INFO - Filling up the DagBag from /home/sst7260/airflow_projects/project1/dags/ababa5.py
[2024-09-09T21:05:29.156+0530] {processor.py:925} INFO - DAG(s) 'ababa5' retrieved from /home/sst7260/airflow_projects/project1/dags/ababa5.py
[2024-09-09T21:05:29.165+0530] {logging_mixin.py:190} INFO - [2024-09-09T21:05:29.165+0530] {dag.py:3229} INFO - Sync 1 DAGs
[2024-09-09T21:05:29.178+0530] {logging_mixin.py:190} INFO - [2024-09-09T21:05:29.177+0530] {dag.py:4156} INFO - Setting next_dagrun for ababa5 to 2024-09-09 00:00:00+00:00, run_after=2024-09-10 00:00:00+00:00
[2024-09-09T21:05:29.202+0530] {processor.py:208} INFO - Processing /home/sst7260/airflow_projects/project1/dags/ababa5.py took 0.063 seconds
[2024-09-09T21:06:22.927+0530] {processor.py:186} INFO - Started process (PID=131910) to work on /home/sst7260/airflow_projects/project1/dags/ababa5.py
[2024-09-09T21:06:22.929+0530] {processor.py:914} INFO - Processing file /home/sst7260/airflow_projects/project1/dags/ababa5.py for tasks to queue
[2024-09-09T21:06:22.931+0530] {logging_mixin.py:190} INFO - [2024-09-09T21:06:22.930+0530] {dagbag.py:587} INFO - Filling up the DagBag from /home/sst7260/airflow_projects/project1/dags/ababa5.py
[2024-09-09T21:06:22.940+0530] {processor.py:925} INFO - DAG(s) 'ababa5' retrieved from /home/sst7260/airflow_projects/project1/dags/ababa5.py
[2024-09-09T21:06:22.951+0530] {logging_mixin.py:190} INFO - [2024-09-09T21:06:22.951+0530] {dag.py:3229} INFO - Sync 1 DAGs
[2024-09-09T21:06:22.964+0530] {logging_mixin.py:190} INFO - [2024-09-09T21:06:22.964+0530] {dag.py:4156} INFO - Setting next_dagrun for ababa5 to 2024-09-09 00:00:00+00:00, run_after=2024-09-10 00:00:00+00:00
[2024-09-09T21:06:22.988+0530] {processor.py:208} INFO - Processing /home/sst7260/airflow_projects/project1/dags/ababa5.py took 0.065 seconds
[2024-09-09T21:07:17.207+0530] {processor.py:186} INFO - Started process (PID=131977) to work on /home/sst7260/airflow_projects/project1/dags/ababa5.py
[2024-09-09T21:07:17.212+0530] {processor.py:914} INFO - Processing file /home/sst7260/airflow_projects/project1/dags/ababa5.py for tasks to queue
[2024-09-09T21:07:17.213+0530] {logging_mixin.py:190} INFO - [2024-09-09T21:07:17.213+0530] {dagbag.py:587} INFO - Filling up the DagBag from /home/sst7260/airflow_projects/project1/dags/ababa5.py
[2024-09-09T21:07:17.224+0530] {processor.py:925} INFO - DAG(s) 'ababa5' retrieved from /home/sst7260/airflow_projects/project1/dags/ababa5.py
[2024-09-09T21:07:17.235+0530] {logging_mixin.py:190} INFO - [2024-09-09T21:07:17.234+0530] {dag.py:3229} INFO - Sync 1 DAGs
[2024-09-09T21:07:17.247+0530] {logging_mixin.py:190} INFO - [2024-09-09T21:07:17.247+0530] {dag.py:4156} INFO - Setting next_dagrun for ababa5 to 2024-09-09 00:00:00+00:00, run_after=2024-09-10 00:00:00+00:00
[2024-09-09T21:07:17.270+0530] {processor.py:208} INFO - Processing /home/sst7260/airflow_projects/project1/dags/ababa5.py took 0.067 seconds
[2024-09-09T21:08:09.078+0530] {processor.py:186} INFO - Started process (PID=132038) to work on /home/sst7260/airflow_projects/project1/dags/ababa5.py
[2024-09-09T21:08:09.083+0530] {processor.py:914} INFO - Processing file /home/sst7260/airflow_projects/project1/dags/ababa5.py for tasks to queue
[2024-09-09T21:08:09.084+0530] {logging_mixin.py:190} INFO - [2024-09-09T21:08:09.084+0530] {dagbag.py:587} INFO - Filling up the DagBag from /home/sst7260/airflow_projects/project1/dags/ababa5.py
[2024-09-09T21:08:09.090+0530] {processor.py:925} INFO - DAG(s) 'ababa5' retrieved from /home/sst7260/airflow_projects/project1/dags/ababa5.py
[2024-09-09T21:08:09.100+0530] {logging_mixin.py:190} INFO - [2024-09-09T21:08:09.100+0530] {dag.py:3229} INFO - Sync 1 DAGs
[2024-09-09T21:08:09.112+0530] {logging_mixin.py:190} INFO - [2024-09-09T21:08:09.112+0530] {dag.py:4156} INFO - Setting next_dagrun for ababa5 to 2024-09-09 00:00:00+00:00, run_after=2024-09-10 00:00:00+00:00
[2024-09-09T21:08:09.133+0530] {processor.py:208} INFO - Processing /home/sst7260/airflow_projects/project1/dags/ababa5.py took 0.059 seconds
[2024-09-09T21:09:06.870+0530] {processor.py:186} INFO - Started process (PID=132105) to work on /home/sst7260/airflow_projects/project1/dags/ababa5.py
[2024-09-09T21:09:06.872+0530] {processor.py:914} INFO - Processing file /home/sst7260/airflow_projects/project1/dags/ababa5.py for tasks to queue
[2024-09-09T21:09:06.873+0530] {logging_mixin.py:190} INFO - [2024-09-09T21:09:06.873+0530] {dagbag.py:587} INFO - Filling up the DagBag from /home/sst7260/airflow_projects/project1/dags/ababa5.py
[2024-09-09T21:09:06.881+0530] {processor.py:925} INFO - DAG(s) 'ababa5' retrieved from /home/sst7260/airflow_projects/project1/dags/ababa5.py
[2024-09-09T21:09:06.895+0530] {logging_mixin.py:190} INFO - [2024-09-09T21:09:06.895+0530] {dag.py:3229} INFO - Sync 1 DAGs
[2024-09-09T21:09:06.909+0530] {logging_mixin.py:190} INFO - [2024-09-09T21:09:06.909+0530] {dag.py:4156} INFO - Setting next_dagrun for ababa5 to 2024-09-09 00:00:00+00:00, run_after=2024-09-10 00:00:00+00:00
[2024-09-09T21:09:06.931+0530] {processor.py:208} INFO - Processing /home/sst7260/airflow_projects/project1/dags/ababa5.py took 0.066 seconds
[2024-09-09T21:10:01.306+0530] {processor.py:186} INFO - Started process (PID=132170) to work on /home/sst7260/airflow_projects/project1/dags/ababa5.py
[2024-09-09T21:10:01.311+0530] {processor.py:914} INFO - Processing file /home/sst7260/airflow_projects/project1/dags/ababa5.py for tasks to queue
[2024-09-09T21:10:01.312+0530] {logging_mixin.py:190} INFO - [2024-09-09T21:10:01.312+0530] {dagbag.py:587} INFO - Filling up the DagBag from /home/sst7260/airflow_projects/project1/dags/ababa5.py
[2024-09-09T21:10:01.319+0530] {processor.py:925} INFO - DAG(s) 'ababa5' retrieved from /home/sst7260/airflow_projects/project1/dags/ababa5.py
[2024-09-09T21:10:01.329+0530] {logging_mixin.py:190} INFO - [2024-09-09T21:10:01.329+0530] {dag.py:3229} INFO - Sync 1 DAGs
[2024-09-09T21:10:01.342+0530] {logging_mixin.py:190} INFO - [2024-09-09T21:10:01.342+0530] {dag.py:4156} INFO - Setting next_dagrun for ababa5 to 2024-09-09 00:00:00+00:00, run_after=2024-09-10 00:00:00+00:00
[2024-09-09T21:10:01.361+0530] {processor.py:208} INFO - Processing /home/sst7260/airflow_projects/project1/dags/ababa5.py took 0.060 seconds
[2024-09-09T21:10:52.341+0530] {processor.py:186} INFO - Started process (PID=132259) to work on /home/sst7260/airflow_projects/project1/dags/ababa5.py
[2024-09-09T21:10:52.342+0530] {processor.py:914} INFO - Processing file /home/sst7260/airflow_projects/project1/dags/ababa5.py for tasks to queue
[2024-09-09T21:10:52.343+0530] {logging_mixin.py:190} INFO - [2024-09-09T21:10:52.343+0530] {dagbag.py:587} INFO - Filling up the DagBag from /home/sst7260/airflow_projects/project1/dags/ababa5.py
[2024-09-09T21:10:52.354+0530] {processor.py:925} INFO - DAG(s) 'ababa5' retrieved from /home/sst7260/airflow_projects/project1/dags/ababa5.py
[2024-09-09T21:10:52.371+0530] {logging_mixin.py:190} INFO - [2024-09-09T21:10:52.371+0530] {dag.py:3229} INFO - Sync 1 DAGs
[2024-09-09T21:10:52.393+0530] {logging_mixin.py:190} INFO - [2024-09-09T21:10:52.393+0530] {dag.py:4156} INFO - Setting next_dagrun for ababa5 to 2024-09-09 00:00:00+00:00, run_after=2024-09-10 00:00:00+00:00
[2024-09-09T21:10:52.419+0530] {processor.py:208} INFO - Processing /home/sst7260/airflow_projects/project1/dags/ababa5.py took 0.085 seconds
[2024-09-09T21:11:47.549+0530] {processor.py:186} INFO - Started process (PID=132321) to work on /home/sst7260/airflow_projects/project1/dags/ababa5.py
[2024-09-09T21:11:47.551+0530] {processor.py:914} INFO - Processing file /home/sst7260/airflow_projects/project1/dags/ababa5.py for tasks to queue
[2024-09-09T21:11:47.552+0530] {logging_mixin.py:190} INFO - [2024-09-09T21:11:47.552+0530] {dagbag.py:587} INFO - Filling up the DagBag from /home/sst7260/airflow_projects/project1/dags/ababa5.py
[2024-09-09T21:11:47.564+0530] {processor.py:925} INFO - DAG(s) 'ababa5' retrieved from /home/sst7260/airflow_projects/project1/dags/ababa5.py
[2024-09-09T21:11:47.579+0530] {logging_mixin.py:190} INFO - [2024-09-09T21:11:47.578+0530] {dag.py:3229} INFO - Sync 1 DAGs
[2024-09-09T21:11:47.599+0530] {logging_mixin.py:190} INFO - [2024-09-09T21:11:47.598+0530] {dag.py:4156} INFO - Setting next_dagrun for ababa5 to 2024-09-09 00:00:00+00:00, run_after=2024-09-10 00:00:00+00:00
[2024-09-09T21:11:47.624+0530] {processor.py:208} INFO - Processing /home/sst7260/airflow_projects/project1/dags/ababa5.py took 0.083 seconds
[2024-09-09T21:12:39.424+0530] {processor.py:186} INFO - Started process (PID=132390) to work on /home/sst7260/airflow_projects/project1/dags/ababa5.py
[2024-09-09T21:12:39.426+0530] {processor.py:914} INFO - Processing file /home/sst7260/airflow_projects/project1/dags/ababa5.py for tasks to queue
[2024-09-09T21:12:39.427+0530] {logging_mixin.py:190} INFO - [2024-09-09T21:12:39.426+0530] {dagbag.py:587} INFO - Filling up the DagBag from /home/sst7260/airflow_projects/project1/dags/ababa5.py
[2024-09-09T21:12:39.434+0530] {processor.py:925} INFO - DAG(s) 'ababa5' retrieved from /home/sst7260/airflow_projects/project1/dags/ababa5.py
[2024-09-09T21:12:39.444+0530] {logging_mixin.py:190} INFO - [2024-09-09T21:12:39.444+0530] {dag.py:3229} INFO - Sync 1 DAGs
[2024-09-09T21:12:39.456+0530] {logging_mixin.py:190} INFO - [2024-09-09T21:12:39.456+0530] {dag.py:4156} INFO - Setting next_dagrun for ababa5 to 2024-09-09 00:00:00+00:00, run_after=2024-09-10 00:00:00+00:00
[2024-09-09T21:12:39.478+0530] {processor.py:208} INFO - Processing /home/sst7260/airflow_projects/project1/dags/ababa5.py took 0.059 seconds
[2024-09-09T21:13:35.063+0530] {processor.py:186} INFO - Started process (PID=132456) to work on /home/sst7260/airflow_projects/project1/dags/ababa5.py
[2024-09-09T21:13:35.072+0530] {processor.py:914} INFO - Processing file /home/sst7260/airflow_projects/project1/dags/ababa5.py for tasks to queue
[2024-09-09T21:13:35.073+0530] {logging_mixin.py:190} INFO - [2024-09-09T21:13:35.073+0530] {dagbag.py:587} INFO - Filling up the DagBag from /home/sst7260/airflow_projects/project1/dags/ababa5.py
[2024-09-09T21:13:35.081+0530] {processor.py:925} INFO - DAG(s) 'ababa5' retrieved from /home/sst7260/airflow_projects/project1/dags/ababa5.py
[2024-09-09T21:13:35.091+0530] {logging_mixin.py:190} INFO - [2024-09-09T21:13:35.090+0530] {dag.py:3229} INFO - Sync 1 DAGs
[2024-09-09T21:13:35.103+0530] {logging_mixin.py:190} INFO - [2024-09-09T21:13:35.102+0530] {dag.py:4156} INFO - Setting next_dagrun for ababa5 to 2024-09-09 00:00:00+00:00, run_after=2024-09-10 00:00:00+00:00
[2024-09-09T21:13:35.129+0530] {processor.py:208} INFO - Processing /home/sst7260/airflow_projects/project1/dags/ababa5.py took 0.070 seconds
[2024-09-09T21:14:33.519+0530] {processor.py:186} INFO - Started process (PID=132521) to work on /home/sst7260/airflow_projects/project1/dags/ababa5.py
[2024-09-09T21:14:33.521+0530] {processor.py:914} INFO - Processing file /home/sst7260/airflow_projects/project1/dags/ababa5.py for tasks to queue
[2024-09-09T21:14:33.522+0530] {logging_mixin.py:190} INFO - [2024-09-09T21:14:33.522+0530] {dagbag.py:587} INFO - Filling up the DagBag from /home/sst7260/airflow_projects/project1/dags/ababa5.py
[2024-09-09T21:14:33.529+0530] {processor.py:925} INFO - DAG(s) 'ababa5' retrieved from /home/sst7260/airflow_projects/project1/dags/ababa5.py
[2024-09-09T21:14:33.538+0530] {logging_mixin.py:190} INFO - [2024-09-09T21:14:33.538+0530] {dag.py:3229} INFO - Sync 1 DAGs
[2024-09-09T21:14:33.551+0530] {logging_mixin.py:190} INFO - [2024-09-09T21:14:33.550+0530] {dag.py:4156} INFO - Setting next_dagrun for ababa5 to 2024-09-09 00:00:00+00:00, run_after=2024-09-10 00:00:00+00:00
[2024-09-09T21:14:33.573+0530] {processor.py:208} INFO - Processing /home/sst7260/airflow_projects/project1/dags/ababa5.py took 0.058 seconds
[2024-09-09T21:15:31.732+0530] {processor.py:186} INFO - Started process (PID=132652) to work on /home/sst7260/airflow_projects/project1/dags/ababa5.py
[2024-09-09T21:15:31.736+0530] {processor.py:914} INFO - Processing file /home/sst7260/airflow_projects/project1/dags/ababa5.py for tasks to queue
[2024-09-09T21:15:31.737+0530] {logging_mixin.py:190} INFO - [2024-09-09T21:15:31.737+0530] {dagbag.py:587} INFO - Filling up the DagBag from /home/sst7260/airflow_projects/project1/dags/ababa5.py
[2024-09-09T21:15:31.747+0530] {processor.py:925} INFO - DAG(s) 'ababa5' retrieved from /home/sst7260/airflow_projects/project1/dags/ababa5.py
[2024-09-09T21:15:31.758+0530] {logging_mixin.py:190} INFO - [2024-09-09T21:15:31.758+0530] {dag.py:3229} INFO - Sync 1 DAGs
[2024-09-09T21:15:31.772+0530] {logging_mixin.py:190} INFO - [2024-09-09T21:15:31.772+0530] {dag.py:4156} INFO - Setting next_dagrun for ababa5 to 2024-09-09 00:00:00+00:00, run_after=2024-09-10 00:00:00+00:00
[2024-09-09T21:15:31.792+0530] {processor.py:208} INFO - Processing /home/sst7260/airflow_projects/project1/dags/ababa5.py took 0.065 seconds
[2024-09-09T21:16:27.490+0530] {processor.py:186} INFO - Started process (PID=132746) to work on /home/sst7260/airflow_projects/project1/dags/ababa5.py
[2024-09-09T21:16:27.495+0530] {processor.py:914} INFO - Processing file /home/sst7260/airflow_projects/project1/dags/ababa5.py for tasks to queue
[2024-09-09T21:16:27.496+0530] {logging_mixin.py:190} INFO - [2024-09-09T21:16:27.495+0530] {dagbag.py:587} INFO - Filling up the DagBag from /home/sst7260/airflow_projects/project1/dags/ababa5.py
[2024-09-09T21:16:27.503+0530] {processor.py:925} INFO - DAG(s) 'ababa5' retrieved from /home/sst7260/airflow_projects/project1/dags/ababa5.py
[2024-09-09T21:16:27.513+0530] {logging_mixin.py:190} INFO - [2024-09-09T21:16:27.513+0530] {dag.py:3229} INFO - Sync 1 DAGs
[2024-09-09T21:16:27.526+0530] {logging_mixin.py:190} INFO - [2024-09-09T21:16:27.526+0530] {dag.py:4156} INFO - Setting next_dagrun for ababa5 to 2024-09-09 00:00:00+00:00, run_after=2024-09-10 00:00:00+00:00
[2024-09-09T21:16:27.550+0530] {processor.py:208} INFO - Processing /home/sst7260/airflow_projects/project1/dags/ababa5.py took 0.065 seconds
[2024-09-09T21:17:22.247+0530] {processor.py:186} INFO - Started process (PID=132820) to work on /home/sst7260/airflow_projects/project1/dags/ababa5.py
[2024-09-09T21:17:22.249+0530] {processor.py:914} INFO - Processing file /home/sst7260/airflow_projects/project1/dags/ababa5.py for tasks to queue
[2024-09-09T21:17:22.250+0530] {logging_mixin.py:190} INFO - [2024-09-09T21:17:22.250+0530] {dagbag.py:587} INFO - Filling up the DagBag from /home/sst7260/airflow_projects/project1/dags/ababa5.py
[2024-09-09T21:17:22.257+0530] {processor.py:925} INFO - DAG(s) 'ababa5' retrieved from /home/sst7260/airflow_projects/project1/dags/ababa5.py
[2024-09-09T21:17:22.266+0530] {logging_mixin.py:190} INFO - [2024-09-09T21:17:22.266+0530] {dag.py:3229} INFO - Sync 1 DAGs
[2024-09-09T21:17:22.278+0530] {logging_mixin.py:190} INFO - [2024-09-09T21:17:22.278+0530] {dag.py:4156} INFO - Setting next_dagrun for ababa5 to 2024-09-09 00:00:00+00:00, run_after=2024-09-10 00:00:00+00:00
[2024-09-09T21:17:22.299+0530] {processor.py:208} INFO - Processing /home/sst7260/airflow_projects/project1/dags/ababa5.py took 0.056 seconds
[2024-09-09T21:18:16.903+0530] {processor.py:186} INFO - Started process (PID=132883) to work on /home/sst7260/airflow_projects/project1/dags/ababa5.py
[2024-09-09T21:18:16.906+0530] {processor.py:914} INFO - Processing file /home/sst7260/airflow_projects/project1/dags/ababa5.py for tasks to queue
[2024-09-09T21:18:16.908+0530] {logging_mixin.py:190} INFO - [2024-09-09T21:18:16.907+0530] {dagbag.py:587} INFO - Filling up the DagBag from /home/sst7260/airflow_projects/project1/dags/ababa5.py
[2024-09-09T21:18:16.916+0530] {processor.py:925} INFO - DAG(s) 'ababa5' retrieved from /home/sst7260/airflow_projects/project1/dags/ababa5.py
[2024-09-09T21:18:16.927+0530] {logging_mixin.py:190} INFO - [2024-09-09T21:18:16.927+0530] {dag.py:3229} INFO - Sync 1 DAGs
[2024-09-09T21:18:16.940+0530] {logging_mixin.py:190} INFO - [2024-09-09T21:18:16.940+0530] {dag.py:4156} INFO - Setting next_dagrun for ababa5 to 2024-09-09 00:00:00+00:00, run_after=2024-09-10 00:00:00+00:00
[2024-09-09T21:18:16.963+0530] {processor.py:208} INFO - Processing /home/sst7260/airflow_projects/project1/dags/ababa5.py took 0.065 seconds
[2024-09-09T21:19:13.623+0530] {processor.py:186} INFO - Started process (PID=132949) to work on /home/sst7260/airflow_projects/project1/dags/ababa5.py
[2024-09-09T21:19:13.624+0530] {processor.py:914} INFO - Processing file /home/sst7260/airflow_projects/project1/dags/ababa5.py for tasks to queue
[2024-09-09T21:19:13.625+0530] {logging_mixin.py:190} INFO - [2024-09-09T21:19:13.625+0530] {dagbag.py:587} INFO - Filling up the DagBag from /home/sst7260/airflow_projects/project1/dags/ababa5.py
[2024-09-09T21:19:13.633+0530] {processor.py:925} INFO - DAG(s) 'ababa5' retrieved from /home/sst7260/airflow_projects/project1/dags/ababa5.py
[2024-09-09T21:19:13.643+0530] {logging_mixin.py:190} INFO - [2024-09-09T21:19:13.643+0530] {dag.py:3229} INFO - Sync 1 DAGs
[2024-09-09T21:19:13.656+0530] {logging_mixin.py:190} INFO - [2024-09-09T21:19:13.656+0530] {dag.py:4156} INFO - Setting next_dagrun for ababa5 to 2024-09-09 00:00:00+00:00, run_after=2024-09-10 00:00:00+00:00
[2024-09-09T21:19:13.676+0530] {processor.py:208} INFO - Processing /home/sst7260/airflow_projects/project1/dags/ababa5.py took 0.058 seconds
[2024-09-09T21:20:07.107+0530] {processor.py:186} INFO - Started process (PID=133010) to work on /home/sst7260/airflow_projects/project1/dags/ababa5.py
[2024-09-09T21:20:07.108+0530] {processor.py:914} INFO - Processing file /home/sst7260/airflow_projects/project1/dags/ababa5.py for tasks to queue
[2024-09-09T21:20:07.109+0530] {logging_mixin.py:190} INFO - [2024-09-09T21:20:07.108+0530] {dagbag.py:587} INFO - Filling up the DagBag from /home/sst7260/airflow_projects/project1/dags/ababa5.py
[2024-09-09T21:20:07.116+0530] {processor.py:925} INFO - DAG(s) 'ababa5' retrieved from /home/sst7260/airflow_projects/project1/dags/ababa5.py
[2024-09-09T21:20:07.126+0530] {logging_mixin.py:190} INFO - [2024-09-09T21:20:07.126+0530] {dag.py:3229} INFO - Sync 1 DAGs
[2024-09-09T21:20:07.139+0530] {logging_mixin.py:190} INFO - [2024-09-09T21:20:07.139+0530] {dag.py:4156} INFO - Setting next_dagrun for ababa5 to 2024-09-09 00:00:00+00:00, run_after=2024-09-10 00:00:00+00:00
[2024-09-09T21:20:07.158+0530] {processor.py:208} INFO - Processing /home/sst7260/airflow_projects/project1/dags/ababa5.py took 0.056 seconds
[2024-09-09T21:21:03.261+0530] {processor.py:186} INFO - Started process (PID=133167) to work on /home/sst7260/airflow_projects/project1/dags/ababa5.py
[2024-09-09T21:21:03.266+0530] {processor.py:914} INFO - Processing file /home/sst7260/airflow_projects/project1/dags/ababa5.py for tasks to queue
[2024-09-09T21:21:03.268+0530] {logging_mixin.py:190} INFO - [2024-09-09T21:21:03.268+0530] {dagbag.py:587} INFO - Filling up the DagBag from /home/sst7260/airflow_projects/project1/dags/ababa5.py
[2024-09-09T21:21:03.275+0530] {processor.py:925} INFO - DAG(s) 'ababa5' retrieved from /home/sst7260/airflow_projects/project1/dags/ababa5.py
[2024-09-09T21:21:03.285+0530] {logging_mixin.py:190} INFO - [2024-09-09T21:21:03.284+0530] {dag.py:3229} INFO - Sync 1 DAGs
[2024-09-09T21:21:03.297+0530] {logging_mixin.py:190} INFO - [2024-09-09T21:21:03.296+0530] {dag.py:4156} INFO - Setting next_dagrun for ababa5 to 2024-09-09 00:00:00+00:00, run_after=2024-09-10 00:00:00+00:00
[2024-09-09T21:21:03.318+0530] {processor.py:208} INFO - Processing /home/sst7260/airflow_projects/project1/dags/ababa5.py took 0.061 seconds
[2024-09-09T21:21:57.563+0530] {processor.py:186} INFO - Started process (PID=133237) to work on /home/sst7260/airflow_projects/project1/dags/ababa5.py
[2024-09-09T21:21:57.565+0530] {processor.py:914} INFO - Processing file /home/sst7260/airflow_projects/project1/dags/ababa5.py for tasks to queue
[2024-09-09T21:21:57.566+0530] {logging_mixin.py:190} INFO - [2024-09-09T21:21:57.566+0530] {dagbag.py:587} INFO - Filling up the DagBag from /home/sst7260/airflow_projects/project1/dags/ababa5.py
[2024-09-09T21:21:57.573+0530] {processor.py:925} INFO - DAG(s) 'ababa5' retrieved from /home/sst7260/airflow_projects/project1/dags/ababa5.py
[2024-09-09T21:21:57.583+0530] {logging_mixin.py:190} INFO - [2024-09-09T21:21:57.583+0530] {dag.py:3229} INFO - Sync 1 DAGs
[2024-09-09T21:21:57.595+0530] {logging_mixin.py:190} INFO - [2024-09-09T21:21:57.595+0530] {dag.py:4156} INFO - Setting next_dagrun for ababa5 to 2024-09-09 00:00:00+00:00, run_after=2024-09-10 00:00:00+00:00
[2024-09-09T21:21:57.617+0530] {processor.py:208} INFO - Processing /home/sst7260/airflow_projects/project1/dags/ababa5.py took 0.058 seconds
[2024-09-09T21:22:49.117+0530] {processor.py:186} INFO - Started process (PID=133300) to work on /home/sst7260/airflow_projects/project1/dags/ababa5.py
[2024-09-09T21:22:49.127+0530] {processor.py:914} INFO - Processing file /home/sst7260/airflow_projects/project1/dags/ababa5.py for tasks to queue
[2024-09-09T21:22:49.128+0530] {logging_mixin.py:190} INFO - [2024-09-09T21:22:49.128+0530] {dagbag.py:587} INFO - Filling up the DagBag from /home/sst7260/airflow_projects/project1/dags/ababa5.py
[2024-09-09T21:22:49.136+0530] {processor.py:925} INFO - DAG(s) 'ababa5' retrieved from /home/sst7260/airflow_projects/project1/dags/ababa5.py
[2024-09-09T21:22:49.146+0530] {logging_mixin.py:190} INFO - [2024-09-09T21:22:49.145+0530] {dag.py:3229} INFO - Sync 1 DAGs
[2024-09-09T21:22:49.158+0530] {logging_mixin.py:190} INFO - [2024-09-09T21:22:49.157+0530] {dag.py:4156} INFO - Setting next_dagrun for ababa5 to 2024-09-09 00:00:00+00:00, run_after=2024-09-10 00:00:00+00:00
[2024-09-09T21:22:49.181+0530] {processor.py:208} INFO - Processing /home/sst7260/airflow_projects/project1/dags/ababa5.py took 0.070 seconds
[2024-09-09T21:23:43.554+0530] {processor.py:186} INFO - Started process (PID=133364) to work on /home/sst7260/airflow_projects/project1/dags/ababa5.py
[2024-09-09T21:23:43.555+0530] {processor.py:914} INFO - Processing file /home/sst7260/airflow_projects/project1/dags/ababa5.py for tasks to queue
[2024-09-09T21:23:43.556+0530] {logging_mixin.py:190} INFO - [2024-09-09T21:23:43.556+0530] {dagbag.py:587} INFO - Filling up the DagBag from /home/sst7260/airflow_projects/project1/dags/ababa5.py
[2024-09-09T21:23:43.566+0530] {processor.py:925} INFO - DAG(s) 'ababa5' retrieved from /home/sst7260/airflow_projects/project1/dags/ababa5.py
[2024-09-09T21:23:43.575+0530] {logging_mixin.py:190} INFO - [2024-09-09T21:23:43.575+0530] {dag.py:3229} INFO - Sync 1 DAGs
[2024-09-09T21:23:43.588+0530] {logging_mixin.py:190} INFO - [2024-09-09T21:23:43.588+0530] {dag.py:4156} INFO - Setting next_dagrun for ababa5 to 2024-09-09 00:00:00+00:00, run_after=2024-09-10 00:00:00+00:00
[2024-09-09T21:23:43.607+0530] {processor.py:208} INFO - Processing /home/sst7260/airflow_projects/project1/dags/ababa5.py took 0.058 seconds
[2024-09-09T21:24:13.747+0530] {processor.py:186} INFO - Started process (PID=133399) to work on /home/sst7260/airflow_projects/project1/dags/ababa5.py
[2024-09-09T21:24:13.752+0530] {processor.py:914} INFO - Processing file /home/sst7260/airflow_projects/project1/dags/ababa5.py for tasks to queue
[2024-09-09T21:24:13.755+0530] {logging_mixin.py:190} INFO - [2024-09-09T21:24:13.753+0530] {dagbag.py:587} INFO - Filling up the DagBag from /home/sst7260/airflow_projects/project1/dags/ababa5.py
[2024-09-09T21:24:13.768+0530] {processor.py:925} INFO - DAG(s) 'ababa5' retrieved from /home/sst7260/airflow_projects/project1/dags/ababa5.py
[2024-09-09T21:24:13.780+0530] {logging_mixin.py:190} INFO - [2024-09-09T21:24:13.780+0530] {dag.py:3229} INFO - Sync 1 DAGs
[2024-09-09T21:24:13.793+0530] {logging_mixin.py:190} INFO - [2024-09-09T21:24:13.792+0530] {dag.py:4156} INFO - Setting next_dagrun for ababa5 to 2024-09-09 00:00:00+00:00, run_after=2024-09-10 00:00:00+00:00
[2024-09-09T21:24:13.815+0530] {processor.py:208} INFO - Processing /home/sst7260/airflow_projects/project1/dags/ababa5.py took 0.078 seconds
[2024-09-09T21:25:10.815+0530] {processor.py:186} INFO - Started process (PID=133464) to work on /home/sst7260/airflow_projects/project1/dags/ababa5.py
[2024-09-09T21:25:10.817+0530] {processor.py:914} INFO - Processing file /home/sst7260/airflow_projects/project1/dags/ababa5.py for tasks to queue
[2024-09-09T21:25:10.818+0530] {logging_mixin.py:190} INFO - [2024-09-09T21:25:10.818+0530] {dagbag.py:587} INFO - Filling up the DagBag from /home/sst7260/airflow_projects/project1/dags/ababa5.py
[2024-09-09T21:25:10.824+0530] {processor.py:925} INFO - DAG(s) 'ababa5' retrieved from /home/sst7260/airflow_projects/project1/dags/ababa5.py
[2024-09-09T21:25:10.834+0530] {logging_mixin.py:190} INFO - [2024-09-09T21:25:10.834+0530] {dag.py:3229} INFO - Sync 1 DAGs
[2024-09-09T21:25:10.846+0530] {logging_mixin.py:190} INFO - [2024-09-09T21:25:10.846+0530] {dag.py:4156} INFO - Setting next_dagrun for ababa5 to 2024-09-09 00:00:00+00:00, run_after=2024-09-10 00:00:00+00:00
[2024-09-09T21:25:10.868+0530] {processor.py:208} INFO - Processing /home/sst7260/airflow_projects/project1/dags/ababa5.py took 0.057 seconds
[2024-09-09T21:26:09.760+0530] {processor.py:186} INFO - Started process (PID=133622) to work on /home/sst7260/airflow_projects/project1/dags/ababa5.py
[2024-09-09T21:26:09.763+0530] {processor.py:914} INFO - Processing file /home/sst7260/airflow_projects/project1/dags/ababa5.py for tasks to queue
[2024-09-09T21:26:09.764+0530] {logging_mixin.py:190} INFO - [2024-09-09T21:26:09.764+0530] {dagbag.py:587} INFO - Filling up the DagBag from /home/sst7260/airflow_projects/project1/dags/ababa5.py
[2024-09-09T21:26:09.775+0530] {processor.py:925} INFO - DAG(s) 'ababa5' retrieved from /home/sst7260/airflow_projects/project1/dags/ababa5.py
[2024-09-09T21:26:09.785+0530] {logging_mixin.py:190} INFO - [2024-09-09T21:26:09.785+0530] {dag.py:3229} INFO - Sync 1 DAGs
[2024-09-09T21:26:09.797+0530] {logging_mixin.py:190} INFO - [2024-09-09T21:26:09.797+0530] {dag.py:4156} INFO - Setting next_dagrun for ababa5 to 2024-09-09 00:00:00+00:00, run_after=2024-09-10 00:00:00+00:00
[2024-09-09T21:26:09.820+0530] {processor.py:208} INFO - Processing /home/sst7260/airflow_projects/project1/dags/ababa5.py took 0.065 seconds
[2024-09-09T21:27:04.657+0530] {processor.py:186} INFO - Started process (PID=133685) to work on /home/sst7260/airflow_projects/project1/dags/ababa5.py
[2024-09-09T21:27:04.662+0530] {processor.py:914} INFO - Processing file /home/sst7260/airflow_projects/project1/dags/ababa5.py for tasks to queue
[2024-09-09T21:27:04.663+0530] {logging_mixin.py:190} INFO - [2024-09-09T21:27:04.663+0530] {dagbag.py:587} INFO - Filling up the DagBag from /home/sst7260/airflow_projects/project1/dags/ababa5.py
[2024-09-09T21:27:04.672+0530] {processor.py:925} INFO - DAG(s) 'ababa5' retrieved from /home/sst7260/airflow_projects/project1/dags/ababa5.py
[2024-09-09T21:27:04.683+0530] {logging_mixin.py:190} INFO - [2024-09-09T21:27:04.683+0530] {dag.py:3229} INFO - Sync 1 DAGs
[2024-09-09T21:27:04.700+0530] {logging_mixin.py:190} INFO - [2024-09-09T21:27:04.700+0530] {dag.py:4156} INFO - Setting next_dagrun for ababa5 to 2024-09-09 00:00:00+00:00, run_after=2024-09-10 00:00:00+00:00
[2024-09-09T21:27:04.725+0530] {processor.py:208} INFO - Processing /home/sst7260/airflow_projects/project1/dags/ababa5.py took 0.072 seconds
[2024-09-09T21:27:58.840+0530] {processor.py:186} INFO - Started process (PID=133811) to work on /home/sst7260/airflow_projects/project1/dags/ababa5.py
[2024-09-09T21:27:58.841+0530] {processor.py:914} INFO - Processing file /home/sst7260/airflow_projects/project1/dags/ababa5.py for tasks to queue
[2024-09-09T21:27:58.843+0530] {logging_mixin.py:190} INFO - [2024-09-09T21:27:58.842+0530] {dagbag.py:587} INFO - Filling up the DagBag from /home/sst7260/airflow_projects/project1/dags/ababa5.py
[2024-09-09T21:27:58.850+0530] {processor.py:925} INFO - DAG(s) 'ababa5' retrieved from /home/sst7260/airflow_projects/project1/dags/ababa5.py
[2024-09-09T21:27:58.860+0530] {logging_mixin.py:190} INFO - [2024-09-09T21:27:58.860+0530] {dag.py:3229} INFO - Sync 1 DAGs
[2024-09-09T21:27:58.872+0530] {logging_mixin.py:190} INFO - [2024-09-09T21:27:58.872+0530] {dag.py:4156} INFO - Setting next_dagrun for ababa5 to 2024-09-09 00:00:00+00:00, run_after=2024-09-10 00:00:00+00:00
[2024-09-09T21:27:58.895+0530] {processor.py:208} INFO - Processing /home/sst7260/airflow_projects/project1/dags/ababa5.py took 0.059 seconds
[2024-09-09T21:28:55.589+0530] {processor.py:186} INFO - Started process (PID=133882) to work on /home/sst7260/airflow_projects/project1/dags/ababa5.py
[2024-09-09T21:28:55.600+0530] {processor.py:914} INFO - Processing file /home/sst7260/airflow_projects/project1/dags/ababa5.py for tasks to queue
[2024-09-09T21:28:55.601+0530] {logging_mixin.py:190} INFO - [2024-09-09T21:28:55.600+0530] {dagbag.py:587} INFO - Filling up the DagBag from /home/sst7260/airflow_projects/project1/dags/ababa5.py
[2024-09-09T21:28:55.607+0530] {processor.py:925} INFO - DAG(s) 'ababa5' retrieved from /home/sst7260/airflow_projects/project1/dags/ababa5.py
[2024-09-09T21:28:55.617+0530] {logging_mixin.py:190} INFO - [2024-09-09T21:28:55.617+0530] {dag.py:3229} INFO - Sync 1 DAGs
[2024-09-09T21:28:55.629+0530] {logging_mixin.py:190} INFO - [2024-09-09T21:28:55.629+0530] {dag.py:4156} INFO - Setting next_dagrun for ababa5 to 2024-09-09 00:00:00+00:00, run_after=2024-09-10 00:00:00+00:00
[2024-09-09T21:28:55.654+0530] {processor.py:208} INFO - Processing /home/sst7260/airflow_projects/project1/dags/ababa5.py took 0.069 seconds
[2024-09-09T21:29:51.065+0530] {processor.py:186} INFO - Started process (PID=133946) to work on /home/sst7260/airflow_projects/project1/dags/ababa5.py
[2024-09-09T21:29:51.066+0530] {processor.py:914} INFO - Processing file /home/sst7260/airflow_projects/project1/dags/ababa5.py for tasks to queue
[2024-09-09T21:29:51.067+0530] {logging_mixin.py:190} INFO - [2024-09-09T21:29:51.066+0530] {dagbag.py:587} INFO - Filling up the DagBag from /home/sst7260/airflow_projects/project1/dags/ababa5.py
[2024-09-09T21:29:51.074+0530] {processor.py:925} INFO - DAG(s) 'ababa5' retrieved from /home/sst7260/airflow_projects/project1/dags/ababa5.py
[2024-09-09T21:29:51.084+0530] {logging_mixin.py:190} INFO - [2024-09-09T21:29:51.084+0530] {dag.py:3229} INFO - Sync 1 DAGs
[2024-09-09T21:29:51.097+0530] {logging_mixin.py:190} INFO - [2024-09-09T21:29:51.096+0530] {dag.py:4156} INFO - Setting next_dagrun for ababa5 to 2024-09-09 00:00:00+00:00, run_after=2024-09-10 00:00:00+00:00
[2024-09-09T21:29:51.118+0530] {processor.py:208} INFO - Processing /home/sst7260/airflow_projects/project1/dags/ababa5.py took 0.058 seconds
[2024-09-09T21:30:44.061+0530] {processor.py:186} INFO - Started process (PID=134034) to work on /home/sst7260/airflow_projects/project1/dags/ababa5.py
[2024-09-09T21:30:44.062+0530] {processor.py:914} INFO - Processing file /home/sst7260/airflow_projects/project1/dags/ababa5.py for tasks to queue
[2024-09-09T21:30:44.064+0530] {logging_mixin.py:190} INFO - [2024-09-09T21:30:44.064+0530] {dagbag.py:587} INFO - Filling up the DagBag from /home/sst7260/airflow_projects/project1/dags/ababa5.py
[2024-09-09T21:30:44.074+0530] {processor.py:925} INFO - DAG(s) 'ababa5' retrieved from /home/sst7260/airflow_projects/project1/dags/ababa5.py
[2024-09-09T21:30:44.088+0530] {logging_mixin.py:190} INFO - [2024-09-09T21:30:44.088+0530] {dag.py:3229} INFO - Sync 1 DAGs
[2024-09-09T21:30:44.105+0530] {logging_mixin.py:190} INFO - [2024-09-09T21:30:44.104+0530] {dag.py:4156} INFO - Setting next_dagrun for ababa5 to 2024-09-09 00:00:00+00:00, run_after=2024-09-10 00:00:00+00:00
[2024-09-09T21:30:44.128+0530] {processor.py:208} INFO - Processing /home/sst7260/airflow_projects/project1/dags/ababa5.py took 0.073 seconds
[2024-09-09T21:31:37.406+0530] {processor.py:186} INFO - Started process (PID=134097) to work on /home/sst7260/airflow_projects/project1/dags/ababa5.py
[2024-09-09T21:31:37.407+0530] {processor.py:914} INFO - Processing file /home/sst7260/airflow_projects/project1/dags/ababa5.py for tasks to queue
[2024-09-09T21:31:37.409+0530] {logging_mixin.py:190} INFO - [2024-09-09T21:31:37.408+0530] {dagbag.py:587} INFO - Filling up the DagBag from /home/sst7260/airflow_projects/project1/dags/ababa5.py
[2024-09-09T21:31:37.415+0530] {processor.py:925} INFO - DAG(s) 'ababa5' retrieved from /home/sst7260/airflow_projects/project1/dags/ababa5.py
[2024-09-09T21:31:37.425+0530] {logging_mixin.py:190} INFO - [2024-09-09T21:31:37.425+0530] {dag.py:3229} INFO - Sync 1 DAGs
[2024-09-09T21:31:37.437+0530] {logging_mixin.py:190} INFO - [2024-09-09T21:31:37.437+0530] {dag.py:4156} INFO - Setting next_dagrun for ababa5 to 2024-09-09 00:00:00+00:00, run_after=2024-09-10 00:00:00+00:00
[2024-09-09T21:31:37.458+0530] {processor.py:208} INFO - Processing /home/sst7260/airflow_projects/project1/dags/ababa5.py took 0.057 seconds
[2024-09-09T21:32:32.897+0530] {processor.py:186} INFO - Started process (PID=134162) to work on /home/sst7260/airflow_projects/project1/dags/ababa5.py
[2024-09-09T21:32:32.898+0530] {processor.py:914} INFO - Processing file /home/sst7260/airflow_projects/project1/dags/ababa5.py for tasks to queue
[2024-09-09T21:32:32.899+0530] {logging_mixin.py:190} INFO - [2024-09-09T21:32:32.899+0530] {dagbag.py:587} INFO - Filling up the DagBag from /home/sst7260/airflow_projects/project1/dags/ababa5.py
[2024-09-09T21:32:32.906+0530] {processor.py:925} INFO - DAG(s) 'ababa5' retrieved from /home/sst7260/airflow_projects/project1/dags/ababa5.py
[2024-09-09T21:32:32.919+0530] {logging_mixin.py:190} INFO - [2024-09-09T21:32:32.918+0530] {dag.py:3229} INFO - Sync 1 DAGs
[2024-09-09T21:32:32.932+0530] {logging_mixin.py:190} INFO - [2024-09-09T21:32:32.932+0530] {dag.py:4156} INFO - Setting next_dagrun for ababa5 to 2024-09-09 00:00:00+00:00, run_after=2024-09-10 00:00:00+00:00
[2024-09-09T21:32:32.956+0530] {processor.py:208} INFO - Processing /home/sst7260/airflow_projects/project1/dags/ababa5.py took 0.064 seconds
[2024-09-09T21:33:29.216+0530] {processor.py:186} INFO - Started process (PID=134226) to work on /home/sst7260/airflow_projects/project1/dags/ababa5.py
[2024-09-09T21:33:29.218+0530] {processor.py:914} INFO - Processing file /home/sst7260/airflow_projects/project1/dags/ababa5.py for tasks to queue
[2024-09-09T21:33:29.219+0530] {logging_mixin.py:190} INFO - [2024-09-09T21:33:29.219+0530] {dagbag.py:587} INFO - Filling up the DagBag from /home/sst7260/airflow_projects/project1/dags/ababa5.py
[2024-09-09T21:33:29.225+0530] {processor.py:925} INFO - DAG(s) 'ababa5' retrieved from /home/sst7260/airflow_projects/project1/dags/ababa5.py
[2024-09-09T21:33:29.236+0530] {logging_mixin.py:190} INFO - [2024-09-09T21:33:29.235+0530] {dag.py:3229} INFO - Sync 1 DAGs
[2024-09-09T21:33:29.249+0530] {logging_mixin.py:190} INFO - [2024-09-09T21:33:29.248+0530] {dag.py:4156} INFO - Setting next_dagrun for ababa5 to 2024-09-09 00:00:00+00:00, run_after=2024-09-10 00:00:00+00:00
[2024-09-09T21:33:29.269+0530] {processor.py:208} INFO - Processing /home/sst7260/airflow_projects/project1/dags/ababa5.py took 0.058 seconds
[2024-09-09T21:34:22.763+0530] {processor.py:186} INFO - Started process (PID=134293) to work on /home/sst7260/airflow_projects/project1/dags/ababa5.py
[2024-09-09T21:34:22.765+0530] {processor.py:914} INFO - Processing file /home/sst7260/airflow_projects/project1/dags/ababa5.py for tasks to queue
[2024-09-09T21:34:22.767+0530] {logging_mixin.py:190} INFO - [2024-09-09T21:34:22.766+0530] {dagbag.py:587} INFO - Filling up the DagBag from /home/sst7260/airflow_projects/project1/dags/ababa5.py
[2024-09-09T21:34:22.776+0530] {processor.py:925} INFO - DAG(s) 'ababa5' retrieved from /home/sst7260/airflow_projects/project1/dags/ababa5.py
[2024-09-09T21:34:22.787+0530] {logging_mixin.py:190} INFO - [2024-09-09T21:34:22.787+0530] {dag.py:3229} INFO - Sync 1 DAGs
[2024-09-09T21:34:22.804+0530] {logging_mixin.py:190} INFO - [2024-09-09T21:34:22.803+0530] {dag.py:4156} INFO - Setting next_dagrun for ababa5 to 2024-09-09 00:00:00+00:00, run_after=2024-09-10 00:00:00+00:00
[2024-09-09T21:34:22.827+0530] {processor.py:208} INFO - Processing /home/sst7260/airflow_projects/project1/dags/ababa5.py took 0.068 seconds
[2024-09-09T21:35:18.042+0530] {processor.py:186} INFO - Started process (PID=134356) to work on /home/sst7260/airflow_projects/project1/dags/ababa5.py
[2024-09-09T21:35:18.047+0530] {processor.py:914} INFO - Processing file /home/sst7260/airflow_projects/project1/dags/ababa5.py for tasks to queue
[2024-09-09T21:35:18.048+0530] {logging_mixin.py:190} INFO - [2024-09-09T21:35:18.048+0530] {dagbag.py:587} INFO - Filling up the DagBag from /home/sst7260/airflow_projects/project1/dags/ababa5.py
[2024-09-09T21:35:18.055+0530] {processor.py:925} INFO - DAG(s) 'ababa5' retrieved from /home/sst7260/airflow_projects/project1/dags/ababa5.py
[2024-09-09T21:35:18.064+0530] {logging_mixin.py:190} INFO - [2024-09-09T21:35:18.064+0530] {dag.py:3229} INFO - Sync 1 DAGs
[2024-09-09T21:35:18.076+0530] {logging_mixin.py:190} INFO - [2024-09-09T21:35:18.076+0530] {dag.py:4156} INFO - Setting next_dagrun for ababa5 to 2024-09-09 00:00:00+00:00, run_after=2024-09-10 00:00:00+00:00
[2024-09-09T21:35:18.097+0530] {processor.py:208} INFO - Processing /home/sst7260/airflow_projects/project1/dags/ababa5.py took 0.062 seconds
[2024-09-09T21:36:11.588+0530] {processor.py:186} INFO - Started process (PID=134446) to work on /home/sst7260/airflow_projects/project1/dags/ababa5.py
[2024-09-09T21:36:11.590+0530] {processor.py:914} INFO - Processing file /home/sst7260/airflow_projects/project1/dags/ababa5.py for tasks to queue
[2024-09-09T21:36:11.591+0530] {logging_mixin.py:190} INFO - [2024-09-09T21:36:11.591+0530] {dagbag.py:587} INFO - Filling up the DagBag from /home/sst7260/airflow_projects/project1/dags/ababa5.py
[2024-09-09T21:36:11.599+0530] {processor.py:925} INFO - DAG(s) 'ababa5' retrieved from /home/sst7260/airflow_projects/project1/dags/ababa5.py
[2024-09-09T21:36:11.609+0530] {logging_mixin.py:190} INFO - [2024-09-09T21:36:11.609+0530] {dag.py:3229} INFO - Sync 1 DAGs
[2024-09-09T21:36:11.621+0530] {logging_mixin.py:190} INFO - [2024-09-09T21:36:11.621+0530] {dag.py:4156} INFO - Setting next_dagrun for ababa5 to 2024-09-09 00:00:00+00:00, run_after=2024-09-10 00:00:00+00:00
[2024-09-09T21:36:11.646+0530] {processor.py:208} INFO - Processing /home/sst7260/airflow_projects/project1/dags/ababa5.py took 0.063 seconds
[2024-09-09T21:37:07.103+0530] {processor.py:186} INFO - Started process (PID=134511) to work on /home/sst7260/airflow_projects/project1/dags/ababa5.py
[2024-09-09T21:37:07.105+0530] {processor.py:914} INFO - Processing file /home/sst7260/airflow_projects/project1/dags/ababa5.py for tasks to queue
[2024-09-09T21:37:07.106+0530] {logging_mixin.py:190} INFO - [2024-09-09T21:37:07.106+0530] {dagbag.py:587} INFO - Filling up the DagBag from /home/sst7260/airflow_projects/project1/dags/ababa5.py
[2024-09-09T21:37:07.114+0530] {processor.py:925} INFO - DAG(s) 'ababa5' retrieved from /home/sst7260/airflow_projects/project1/dags/ababa5.py
[2024-09-09T21:37:07.125+0530] {logging_mixin.py:190} INFO - [2024-09-09T21:37:07.125+0530] {dag.py:3229} INFO - Sync 1 DAGs
[2024-09-09T21:37:07.138+0530] {logging_mixin.py:190} INFO - [2024-09-09T21:37:07.137+0530] {dag.py:4156} INFO - Setting next_dagrun for ababa5 to 2024-09-09 00:00:00+00:00, run_after=2024-09-10 00:00:00+00:00
[2024-09-09T21:37:07.159+0530] {processor.py:208} INFO - Processing /home/sst7260/airflow_projects/project1/dags/ababa5.py took 0.062 seconds
[2024-09-09T21:38:00.255+0530] {processor.py:186} INFO - Started process (PID=134573) to work on /home/sst7260/airflow_projects/project1/dags/ababa5.py
[2024-09-09T21:38:00.257+0530] {processor.py:914} INFO - Processing file /home/sst7260/airflow_projects/project1/dags/ababa5.py for tasks to queue
[2024-09-09T21:38:00.259+0530] {logging_mixin.py:190} INFO - [2024-09-09T21:38:00.259+0530] {dagbag.py:587} INFO - Filling up the DagBag from /home/sst7260/airflow_projects/project1/dags/ababa5.py
[2024-09-09T21:38:00.267+0530] {processor.py:925} INFO - DAG(s) 'ababa5' retrieved from /home/sst7260/airflow_projects/project1/dags/ababa5.py
[2024-09-09T21:38:00.276+0530] {logging_mixin.py:190} INFO - [2024-09-09T21:38:00.276+0530] {dag.py:3229} INFO - Sync 1 DAGs
[2024-09-09T21:38:00.289+0530] {logging_mixin.py:190} INFO - [2024-09-09T21:38:00.288+0530] {dag.py:4156} INFO - Setting next_dagrun for ababa5 to 2024-09-09 00:00:00+00:00, run_after=2024-09-10 00:00:00+00:00
[2024-09-09T21:38:00.310+0530] {processor.py:208} INFO - Processing /home/sst7260/airflow_projects/project1/dags/ababa5.py took 0.063 seconds
[2024-09-09T21:38:56.258+0530] {processor.py:186} INFO - Started process (PID=134642) to work on /home/sst7260/airflow_projects/project1/dags/ababa5.py
[2024-09-09T21:38:56.268+0530] {processor.py:914} INFO - Processing file /home/sst7260/airflow_projects/project1/dags/ababa5.py for tasks to queue
[2024-09-09T21:38:56.269+0530] {logging_mixin.py:190} INFO - [2024-09-09T21:38:56.269+0530] {dagbag.py:587} INFO - Filling up the DagBag from /home/sst7260/airflow_projects/project1/dags/ababa5.py
[2024-09-09T21:38:56.276+0530] {processor.py:925} INFO - DAG(s) 'ababa5' retrieved from /home/sst7260/airflow_projects/project1/dags/ababa5.py
[2024-09-09T21:38:56.287+0530] {logging_mixin.py:190} INFO - [2024-09-09T21:38:56.287+0530] {dag.py:3229} INFO - Sync 1 DAGs
[2024-09-09T21:38:56.300+0530] {logging_mixin.py:190} INFO - [2024-09-09T21:38:56.300+0530] {dag.py:4156} INFO - Setting next_dagrun for ababa5 to 2024-09-09 00:00:00+00:00, run_after=2024-09-10 00:00:00+00:00
[2024-09-09T21:38:56.320+0530] {processor.py:208} INFO - Processing /home/sst7260/airflow_projects/project1/dags/ababa5.py took 0.066 seconds
[2024-09-09T21:39:50.711+0530] {processor.py:186} INFO - Started process (PID=134705) to work on /home/sst7260/airflow_projects/project1/dags/ababa5.py
[2024-09-09T21:39:50.712+0530] {processor.py:914} INFO - Processing file /home/sst7260/airflow_projects/project1/dags/ababa5.py for tasks to queue
[2024-09-09T21:39:50.713+0530] {logging_mixin.py:190} INFO - [2024-09-09T21:39:50.713+0530] {dagbag.py:587} INFO - Filling up the DagBag from /home/sst7260/airflow_projects/project1/dags/ababa5.py
[2024-09-09T21:39:50.720+0530] {processor.py:925} INFO - DAG(s) 'ababa5' retrieved from /home/sst7260/airflow_projects/project1/dags/ababa5.py
[2024-09-09T21:39:50.729+0530] {logging_mixin.py:190} INFO - [2024-09-09T21:39:50.729+0530] {dag.py:3229} INFO - Sync 1 DAGs
[2024-09-09T21:39:50.743+0530] {logging_mixin.py:190} INFO - [2024-09-09T21:39:50.743+0530] {dag.py:4156} INFO - Setting next_dagrun for ababa5 to 2024-09-09 00:00:00+00:00, run_after=2024-09-10 00:00:00+00:00
[2024-09-09T21:39:50.771+0530] {processor.py:208} INFO - Processing /home/sst7260/airflow_projects/project1/dags/ababa5.py took 0.064 seconds
[2024-09-09T21:40:43.588+0530] {processor.py:186} INFO - Started process (PID=134793) to work on /home/sst7260/airflow_projects/project1/dags/ababa5.py
[2024-09-09T21:40:43.590+0530] {processor.py:914} INFO - Processing file /home/sst7260/airflow_projects/project1/dags/ababa5.py for tasks to queue
[2024-09-09T21:40:43.591+0530] {logging_mixin.py:190} INFO - [2024-09-09T21:40:43.591+0530] {dagbag.py:587} INFO - Filling up the DagBag from /home/sst7260/airflow_projects/project1/dags/ababa5.py
[2024-09-09T21:40:43.597+0530] {processor.py:925} INFO - DAG(s) 'ababa5' retrieved from /home/sst7260/airflow_projects/project1/dags/ababa5.py
[2024-09-09T21:40:43.607+0530] {logging_mixin.py:190} INFO - [2024-09-09T21:40:43.607+0530] {dag.py:3229} INFO - Sync 1 DAGs
[2024-09-09T21:40:43.624+0530] {logging_mixin.py:190} INFO - [2024-09-09T21:40:43.624+0530] {dag.py:4156} INFO - Setting next_dagrun for ababa5 to 2024-09-09 00:00:00+00:00, run_after=2024-09-10 00:00:00+00:00
[2024-09-09T21:40:43.649+0530] {processor.py:208} INFO - Processing /home/sst7260/airflow_projects/project1/dags/ababa5.py took 0.064 seconds
[2024-09-09T21:41:37.639+0530] {processor.py:186} INFO - Started process (PID=134855) to work on /home/sst7260/airflow_projects/project1/dags/ababa5.py
[2024-09-09T21:41:37.643+0530] {processor.py:914} INFO - Processing file /home/sst7260/airflow_projects/project1/dags/ababa5.py for tasks to queue
[2024-09-09T21:41:37.644+0530] {logging_mixin.py:190} INFO - [2024-09-09T21:41:37.644+0530] {dagbag.py:587} INFO - Filling up the DagBag from /home/sst7260/airflow_projects/project1/dags/ababa5.py
[2024-09-09T21:41:37.651+0530] {processor.py:925} INFO - DAG(s) 'ababa5' retrieved from /home/sst7260/airflow_projects/project1/dags/ababa5.py
[2024-09-09T21:41:37.660+0530] {logging_mixin.py:190} INFO - [2024-09-09T21:41:37.660+0530] {dag.py:3229} INFO - Sync 1 DAGs
[2024-09-09T21:41:37.672+0530] {logging_mixin.py:190} INFO - [2024-09-09T21:41:37.672+0530] {dag.py:4156} INFO - Setting next_dagrun for ababa5 to 2024-09-09 00:00:00+00:00, run_after=2024-09-10 00:00:00+00:00
[2024-09-09T21:41:37.692+0530] {processor.py:208} INFO - Processing /home/sst7260/airflow_projects/project1/dags/ababa5.py took 0.058 seconds
[2024-09-09T21:42:29.199+0530] {processor.py:186} INFO - Started process (PID=134918) to work on /home/sst7260/airflow_projects/project1/dags/ababa5.py
[2024-09-09T21:42:29.203+0530] {processor.py:914} INFO - Processing file /home/sst7260/airflow_projects/project1/dags/ababa5.py for tasks to queue
[2024-09-09T21:42:29.204+0530] {logging_mixin.py:190} INFO - [2024-09-09T21:42:29.204+0530] {dagbag.py:587} INFO - Filling up the DagBag from /home/sst7260/airflow_projects/project1/dags/ababa5.py
[2024-09-09T21:42:29.212+0530] {processor.py:925} INFO - DAG(s) 'ababa5' retrieved from /home/sst7260/airflow_projects/project1/dags/ababa5.py
[2024-09-09T21:42:29.222+0530] {logging_mixin.py:190} INFO - [2024-09-09T21:42:29.222+0530] {dag.py:3229} INFO - Sync 1 DAGs
[2024-09-09T21:42:29.234+0530] {logging_mixin.py:190} INFO - [2024-09-09T21:42:29.234+0530] {dag.py:4156} INFO - Setting next_dagrun for ababa5 to 2024-09-09 00:00:00+00:00, run_after=2024-09-10 00:00:00+00:00
[2024-09-09T21:42:29.256+0530] {processor.py:208} INFO - Processing /home/sst7260/airflow_projects/project1/dags/ababa5.py took 0.062 seconds
[2024-09-09T21:43:21.829+0530] {processor.py:186} INFO - Started process (PID=134979) to work on /home/sst7260/airflow_projects/project1/dags/ababa5.py
[2024-09-09T21:43:21.832+0530] {processor.py:914} INFO - Processing file /home/sst7260/airflow_projects/project1/dags/ababa5.py for tasks to queue
[2024-09-09T21:43:21.833+0530] {logging_mixin.py:190} INFO - [2024-09-09T21:43:21.833+0530] {dagbag.py:587} INFO - Filling up the DagBag from /home/sst7260/airflow_projects/project1/dags/ababa5.py
[2024-09-09T21:43:21.839+0530] {processor.py:925} INFO - DAG(s) 'ababa5' retrieved from /home/sst7260/airflow_projects/project1/dags/ababa5.py
[2024-09-09T21:43:21.849+0530] {logging_mixin.py:190} INFO - [2024-09-09T21:43:21.849+0530] {dag.py:3229} INFO - Sync 1 DAGs
[2024-09-09T21:43:21.861+0530] {logging_mixin.py:190} INFO - [2024-09-09T21:43:21.861+0530] {dag.py:4156} INFO - Setting next_dagrun for ababa5 to 2024-09-09 00:00:00+00:00, run_after=2024-09-10 00:00:00+00:00
[2024-09-09T21:43:21.885+0530] {processor.py:208} INFO - Processing /home/sst7260/airflow_projects/project1/dags/ababa5.py took 0.061 seconds
[2024-09-09T21:44:13.415+0530] {processor.py:186} INFO - Started process (PID=135039) to work on /home/sst7260/airflow_projects/project1/dags/ababa5.py
[2024-09-09T21:44:13.417+0530] {processor.py:914} INFO - Processing file /home/sst7260/airflow_projects/project1/dags/ababa5.py for tasks to queue
[2024-09-09T21:44:13.418+0530] {logging_mixin.py:190} INFO - [2024-09-09T21:44:13.418+0530] {dagbag.py:587} INFO - Filling up the DagBag from /home/sst7260/airflow_projects/project1/dags/ababa5.py
[2024-09-09T21:44:13.424+0530] {processor.py:925} INFO - DAG(s) 'ababa5' retrieved from /home/sst7260/airflow_projects/project1/dags/ababa5.py
[2024-09-09T21:44:13.434+0530] {logging_mixin.py:190} INFO - [2024-09-09T21:44:13.433+0530] {dag.py:3229} INFO - Sync 1 DAGs
[2024-09-09T21:44:13.450+0530] {logging_mixin.py:190} INFO - [2024-09-09T21:44:13.450+0530] {dag.py:4156} INFO - Setting next_dagrun for ababa5 to 2024-09-09 00:00:00+00:00, run_after=2024-09-10 00:00:00+00:00
[2024-09-09T21:44:13.473+0530] {processor.py:208} INFO - Processing /home/sst7260/airflow_projects/project1/dags/ababa5.py took 0.062 seconds
[2024-09-09T21:45:07.695+0530] {processor.py:186} INFO - Started process (PID=135108) to work on /home/sst7260/airflow_projects/project1/dags/ababa5.py
[2024-09-09T21:45:07.697+0530] {processor.py:914} INFO - Processing file /home/sst7260/airflow_projects/project1/dags/ababa5.py for tasks to queue
[2024-09-09T21:45:07.698+0530] {logging_mixin.py:190} INFO - [2024-09-09T21:45:07.698+0530] {dagbag.py:587} INFO - Filling up the DagBag from /home/sst7260/airflow_projects/project1/dags/ababa5.py
[2024-09-09T21:45:07.704+0530] {processor.py:925} INFO - DAG(s) 'ababa5' retrieved from /home/sst7260/airflow_projects/project1/dags/ababa5.py
[2024-09-09T21:45:07.715+0530] {logging_mixin.py:190} INFO - [2024-09-09T21:45:07.714+0530] {dag.py:3229} INFO - Sync 1 DAGs
[2024-09-09T21:45:07.727+0530] {logging_mixin.py:190} INFO - [2024-09-09T21:45:07.726+0530] {dag.py:4156} INFO - Setting next_dagrun for ababa5 to 2024-09-09 00:00:00+00:00, run_after=2024-09-10 00:00:00+00:00
[2024-09-09T21:45:07.747+0530] {processor.py:208} INFO - Processing /home/sst7260/airflow_projects/project1/dags/ababa5.py took 0.057 seconds
[2024-09-09T21:46:01.511+0530] {processor.py:186} INFO - Started process (PID=135197) to work on /home/sst7260/airflow_projects/project1/dags/ababa5.py
[2024-09-09T21:46:01.514+0530] {processor.py:914} INFO - Processing file /home/sst7260/airflow_projects/project1/dags/ababa5.py for tasks to queue
[2024-09-09T21:46:01.516+0530] {logging_mixin.py:190} INFO - [2024-09-09T21:46:01.515+0530] {dagbag.py:587} INFO - Filling up the DagBag from /home/sst7260/airflow_projects/project1/dags/ababa5.py
[2024-09-09T21:46:01.524+0530] {processor.py:925} INFO - DAG(s) 'ababa5' retrieved from /home/sst7260/airflow_projects/project1/dags/ababa5.py
[2024-09-09T21:46:01.533+0530] {logging_mixin.py:190} INFO - [2024-09-09T21:46:01.533+0530] {dag.py:3229} INFO - Sync 1 DAGs
[2024-09-09T21:46:01.548+0530] {logging_mixin.py:190} INFO - [2024-09-09T21:46:01.548+0530] {dag.py:4156} INFO - Setting next_dagrun for ababa5 to 2024-09-09 00:00:00+00:00, run_after=2024-09-10 00:00:00+00:00
[2024-09-09T21:46:01.570+0530] {processor.py:208} INFO - Processing /home/sst7260/airflow_projects/project1/dags/ababa5.py took 0.063 seconds
[2024-09-09T21:46:55.971+0530] {processor.py:186} INFO - Started process (PID=135260) to work on /home/sst7260/airflow_projects/project1/dags/ababa5.py
[2024-09-09T21:46:55.973+0530] {processor.py:914} INFO - Processing file /home/sst7260/airflow_projects/project1/dags/ababa5.py for tasks to queue
[2024-09-09T21:46:55.974+0530] {logging_mixin.py:190} INFO - [2024-09-09T21:46:55.974+0530] {dagbag.py:587} INFO - Filling up the DagBag from /home/sst7260/airflow_projects/project1/dags/ababa5.py
[2024-09-09T21:46:55.982+0530] {processor.py:925} INFO - DAG(s) 'ababa5' retrieved from /home/sst7260/airflow_projects/project1/dags/ababa5.py
[2024-09-09T21:46:55.991+0530] {logging_mixin.py:190} INFO - [2024-09-09T21:46:55.991+0530] {dag.py:3229} INFO - Sync 1 DAGs
[2024-09-09T21:46:56.003+0530] {logging_mixin.py:190} INFO - [2024-09-09T21:46:56.003+0530] {dag.py:4156} INFO - Setting next_dagrun for ababa5 to 2024-09-09 00:00:00+00:00, run_after=2024-09-10 00:00:00+00:00
[2024-09-09T21:46:56.025+0530] {processor.py:208} INFO - Processing /home/sst7260/airflow_projects/project1/dags/ababa5.py took 0.058 seconds
[2024-09-09T21:47:48.239+0530] {processor.py:186} INFO - Started process (PID=135323) to work on /home/sst7260/airflow_projects/project1/dags/ababa5.py
[2024-09-09T21:47:48.247+0530] {processor.py:914} INFO - Processing file /home/sst7260/airflow_projects/project1/dags/ababa5.py for tasks to queue
[2024-09-09T21:47:48.249+0530] {logging_mixin.py:190} INFO - [2024-09-09T21:47:48.248+0530] {dagbag.py:587} INFO - Filling up the DagBag from /home/sst7260/airflow_projects/project1/dags/ababa5.py
[2024-09-09T21:47:48.257+0530] {processor.py:925} INFO - DAG(s) 'ababa5' retrieved from /home/sst7260/airflow_projects/project1/dags/ababa5.py
[2024-09-09T21:47:48.266+0530] {logging_mixin.py:190} INFO - [2024-09-09T21:47:48.266+0530] {dag.py:3229} INFO - Sync 1 DAGs
[2024-09-09T21:47:48.279+0530] {logging_mixin.py:190} INFO - [2024-09-09T21:47:48.279+0530] {dag.py:4156} INFO - Setting next_dagrun for ababa5 to 2024-09-09 00:00:00+00:00, run_after=2024-09-10 00:00:00+00:00
[2024-09-09T21:47:48.300+0530] {processor.py:208} INFO - Processing /home/sst7260/airflow_projects/project1/dags/ababa5.py took 0.066 seconds
[2024-09-09T21:48:39.396+0530] {processor.py:186} INFO - Started process (PID=135383) to work on /home/sst7260/airflow_projects/project1/dags/ababa5.py
[2024-09-09T21:48:39.398+0530] {processor.py:914} INFO - Processing file /home/sst7260/airflow_projects/project1/dags/ababa5.py for tasks to queue
[2024-09-09T21:48:39.400+0530] {logging_mixin.py:190} INFO - [2024-09-09T21:48:39.399+0530] {dagbag.py:587} INFO - Filling up the DagBag from /home/sst7260/airflow_projects/project1/dags/ababa5.py
[2024-09-09T21:48:39.407+0530] {processor.py:925} INFO - DAG(s) 'ababa5' retrieved from /home/sst7260/airflow_projects/project1/dags/ababa5.py
[2024-09-09T21:48:39.416+0530] {logging_mixin.py:190} INFO - [2024-09-09T21:48:39.416+0530] {dag.py:3229} INFO - Sync 1 DAGs
[2024-09-09T21:48:39.429+0530] {logging_mixin.py:190} INFO - [2024-09-09T21:48:39.428+0530] {dag.py:4156} INFO - Setting next_dagrun for ababa5 to 2024-09-09 00:00:00+00:00, run_after=2024-09-10 00:00:00+00:00
[2024-09-09T21:48:39.450+0530] {processor.py:208} INFO - Processing /home/sst7260/airflow_projects/project1/dags/ababa5.py took 0.060 seconds
[2024-09-09T21:49:32.311+0530] {processor.py:186} INFO - Started process (PID=135446) to work on /home/sst7260/airflow_projects/project1/dags/ababa5.py
[2024-09-09T21:49:32.313+0530] {processor.py:914} INFO - Processing file /home/sst7260/airflow_projects/project1/dags/ababa5.py for tasks to queue
[2024-09-09T21:49:32.314+0530] {logging_mixin.py:190} INFO - [2024-09-09T21:49:32.314+0530] {dagbag.py:587} INFO - Filling up the DagBag from /home/sst7260/airflow_projects/project1/dags/ababa5.py
[2024-09-09T21:49:32.320+0530] {processor.py:925} INFO - DAG(s) 'ababa5' retrieved from /home/sst7260/airflow_projects/project1/dags/ababa5.py
[2024-09-09T21:49:32.330+0530] {logging_mixin.py:190} INFO - [2024-09-09T21:49:32.330+0530] {dag.py:3229} INFO - Sync 1 DAGs
[2024-09-09T21:49:32.344+0530] {logging_mixin.py:190} INFO - [2024-09-09T21:49:32.343+0530] {dag.py:4156} INFO - Setting next_dagrun for ababa5 to 2024-09-09 00:00:00+00:00, run_after=2024-09-10 00:00:00+00:00
[2024-09-09T21:49:32.368+0530] {processor.py:208} INFO - Processing /home/sst7260/airflow_projects/project1/dags/ababa5.py took 0.061 seconds
[2024-09-09T21:50:27.849+0530] {processor.py:186} INFO - Started process (PID=135508) to work on /home/sst7260/airflow_projects/project1/dags/ababa5.py
[2024-09-09T21:50:27.854+0530] {processor.py:914} INFO - Processing file /home/sst7260/airflow_projects/project1/dags/ababa5.py for tasks to queue
[2024-09-09T21:50:27.855+0530] {logging_mixin.py:190} INFO - [2024-09-09T21:50:27.855+0530] {dagbag.py:587} INFO - Filling up the DagBag from /home/sst7260/airflow_projects/project1/dags/ababa5.py
[2024-09-09T21:50:27.862+0530] {processor.py:925} INFO - DAG(s) 'ababa5' retrieved from /home/sst7260/airflow_projects/project1/dags/ababa5.py
[2024-09-09T21:50:27.872+0530] {logging_mixin.py:190} INFO - [2024-09-09T21:50:27.871+0530] {dag.py:3229} INFO - Sync 1 DAGs
[2024-09-09T21:50:27.884+0530] {logging_mixin.py:190} INFO - [2024-09-09T21:50:27.884+0530] {dag.py:4156} INFO - Setting next_dagrun for ababa5 to 2024-09-09 00:00:00+00:00, run_after=2024-09-10 00:00:00+00:00
[2024-09-09T21:50:27.906+0530] {processor.py:208} INFO - Processing /home/sst7260/airflow_projects/project1/dags/ababa5.py took 0.062 seconds
[2024-09-09T21:51:21.244+0530] {processor.py:186} INFO - Started process (PID=135604) to work on /home/sst7260/airflow_projects/project1/dags/ababa5.py
[2024-09-09T21:51:21.249+0530] {processor.py:914} INFO - Processing file /home/sst7260/airflow_projects/project1/dags/ababa5.py for tasks to queue
[2024-09-09T21:51:21.250+0530] {logging_mixin.py:190} INFO - [2024-09-09T21:51:21.250+0530] {dagbag.py:587} INFO - Filling up the DagBag from /home/sst7260/airflow_projects/project1/dags/ababa5.py
[2024-09-09T21:51:21.256+0530] {processor.py:925} INFO - DAG(s) 'ababa5' retrieved from /home/sst7260/airflow_projects/project1/dags/ababa5.py
[2024-09-09T21:51:21.266+0530] {logging_mixin.py:190} INFO - [2024-09-09T21:51:21.266+0530] {dag.py:3229} INFO - Sync 1 DAGs
[2024-09-09T21:51:21.278+0530] {logging_mixin.py:190} INFO - [2024-09-09T21:51:21.278+0530] {dag.py:4156} INFO - Setting next_dagrun for ababa5 to 2024-09-09 00:00:00+00:00, run_after=2024-09-10 00:00:00+00:00
[2024-09-09T21:51:21.301+0530] {processor.py:208} INFO - Processing /home/sst7260/airflow_projects/project1/dags/ababa5.py took 0.062 seconds
[2024-09-09T21:52:14.492+0530] {processor.py:186} INFO - Started process (PID=135666) to work on /home/sst7260/airflow_projects/project1/dags/ababa5.py
[2024-09-09T21:52:14.494+0530] {processor.py:914} INFO - Processing file /home/sst7260/airflow_projects/project1/dags/ababa5.py for tasks to queue
[2024-09-09T21:52:14.495+0530] {logging_mixin.py:190} INFO - [2024-09-09T21:52:14.495+0530] {dagbag.py:587} INFO - Filling up the DagBag from /home/sst7260/airflow_projects/project1/dags/ababa5.py
[2024-09-09T21:52:14.501+0530] {processor.py:925} INFO - DAG(s) 'ababa5' retrieved from /home/sst7260/airflow_projects/project1/dags/ababa5.py
[2024-09-09T21:52:14.511+0530] {logging_mixin.py:190} INFO - [2024-09-09T21:52:14.511+0530] {dag.py:3229} INFO - Sync 1 DAGs
[2024-09-09T21:52:14.523+0530] {logging_mixin.py:190} INFO - [2024-09-09T21:52:14.522+0530] {dag.py:4156} INFO - Setting next_dagrun for ababa5 to 2024-09-09 00:00:00+00:00, run_after=2024-09-10 00:00:00+00:00
[2024-09-09T21:52:14.543+0530] {processor.py:208} INFO - Processing /home/sst7260/airflow_projects/project1/dags/ababa5.py took 0.055 seconds
