[2024-09-09T20:45:32.211+0530] {processor.py:186} INFO - Started process (PID=127956) to work on /home/sst7260/airflow_projects/project1/dags/abc_dag.py
[2024-09-09T20:45:32.211+0530] {processor.py:914} INFO - Processing file /home/sst7260/airflow_projects/project1/dags/abc_dag.py for tasks to queue
[2024-09-09T20:45:32.321+0530] {logging_mixin.py:190} INFO - [2024-09-09T20:45:32.320+0530] {dagbag.py:587} INFO - Filling up the DagBag from /home/sst7260/airflow_projects/project1/dags/abc_dag.py
[2024-09-09T20:45:32.331+0530] {processor.py:925} INFO - DAG(s) 'abc' retrieved from /home/sst7260/airflow_projects/project1/dags/abc_dag.py
[2024-09-09T20:45:32.423+0530] {logging_mixin.py:190} INFO - [2024-09-09T20:45:32.422+0530] {override.py:1900} INFO - Created Permission View: can delete on DAG:abc
[2024-09-09T20:45:32.443+0530] {logging_mixin.py:190} INFO - [2024-09-09T20:45:32.443+0530] {override.py:1900} INFO - Created Permission View: can read on DAG:abc
[2024-09-09T20:45:32.459+0530] {logging_mixin.py:190} INFO - [2024-09-09T20:45:32.459+0530] {override.py:1900} INFO - Created Permission View: can edit on DAG:abc
[2024-09-09T20:45:32.492+0530] {logging_mixin.py:190} INFO - [2024-09-09T20:45:32.491+0530] {override.py:1900} INFO - Created Permission View: can create on DAG Run:abc
[2024-09-09T20:45:32.508+0530] {logging_mixin.py:190} INFO - [2024-09-09T20:45:32.507+0530] {override.py:1900} INFO - Created Permission View: menu access on DAG Run:abc
[2024-09-09T20:45:32.530+0530] {logging_mixin.py:190} INFO - [2024-09-09T20:45:32.529+0530] {override.py:1900} INFO - Created Permission View: can read on DAG Run:abc
[2024-09-09T20:45:32.549+0530] {logging_mixin.py:190} INFO - [2024-09-09T20:45:32.548+0530] {override.py:1900} INFO - Created Permission View: can delete on DAG Run:abc
[2024-09-09T20:45:32.549+0530] {logging_mixin.py:190} INFO - [2024-09-09T20:45:32.549+0530] {dag.py:3229} INFO - Sync 1 DAGs
[2024-09-09T20:45:32.560+0530] {logging_mixin.py:190} INFO - [2024-09-09T20:45:32.559+0530] {dag.py:3252} INFO - Creating ORM DAG for abc
[2024-09-09T20:45:32.569+0530] {logging_mixin.py:190} INFO - [2024-09-09T20:45:32.569+0530] {dag.py:4156} INFO - Setting next_dagrun for abc to 2024-09-08 00:00:00+00:00, run_after=2024-09-09 00:00:00+00:00
[2024-09-09T20:45:32.596+0530] {processor.py:208} INFO - Processing /home/sst7260/airflow_projects/project1/dags/abc_dag.py took 0.389 seconds
[2024-09-09T20:46:53.353+0530] {processor.py:186} INFO - Started process (PID=128506) to work on /home/sst7260/airflow_projects/project1/dags/abc_dag.py
[2024-09-09T20:46:53.354+0530] {processor.py:914} INFO - Processing file /home/sst7260/airflow_projects/project1/dags/abc_dag.py for tasks to queue
[2024-09-09T20:46:53.358+0530] {logging_mixin.py:190} INFO - [2024-09-09T20:46:53.357+0530] {dagbag.py:587} INFO - Filling up the DagBag from /home/sst7260/airflow_projects/project1/dags/abc_dag.py
[2024-09-09T20:46:53.368+0530] {processor.py:925} INFO - DAG(s) 'abc' retrieved from /home/sst7260/airflow_projects/project1/dags/abc_dag.py
[2024-09-09T20:46:53.381+0530] {logging_mixin.py:190} INFO - [2024-09-09T20:46:53.381+0530] {dag.py:3229} INFO - Sync 1 DAGs
[2024-09-09T20:46:53.401+0530] {logging_mixin.py:190} INFO - [2024-09-09T20:46:53.401+0530] {dag.py:4156} INFO - Setting next_dagrun for abc to 2024-09-09 00:00:00+00:00, run_after=2024-09-10 00:00:00+00:00
[2024-09-09T20:46:53.427+0530] {processor.py:208} INFO - Processing /home/sst7260/airflow_projects/project1/dags/abc_dag.py took 0.081 seconds
[2024-09-09T20:47:28.267+0530] {processor.py:186} INFO - Started process (PID=128542) to work on /home/sst7260/airflow_projects/project1/dags/abc_dag.py
[2024-09-09T20:47:28.272+0530] {processor.py:914} INFO - Processing file /home/sst7260/airflow_projects/project1/dags/abc_dag.py for tasks to queue
[2024-09-09T20:47:28.274+0530] {logging_mixin.py:190} INFO - [2024-09-09T20:47:28.274+0530] {dagbag.py:587} INFO - Filling up the DagBag from /home/sst7260/airflow_projects/project1/dags/abc_dag.py
[2024-09-09T20:47:28.282+0530] {processor.py:925} INFO - DAG(s) 'abc' retrieved from /home/sst7260/airflow_projects/project1/dags/abc_dag.py
[2024-09-09T20:47:28.292+0530] {logging_mixin.py:190} INFO - [2024-09-09T20:47:28.291+0530] {dag.py:3229} INFO - Sync 1 DAGs
[2024-09-09T20:47:28.305+0530] {logging_mixin.py:190} INFO - [2024-09-09T20:47:28.305+0530] {dag.py:4156} INFO - Setting next_dagrun for abc to 2024-09-09 00:00:00+00:00, run_after=2024-09-10 00:00:00+00:00
[2024-09-09T20:47:28.328+0530] {processor.py:208} INFO - Processing /home/sst7260/airflow_projects/project1/dags/abc_dag.py took 0.067 seconds
[2024-09-09T20:48:22.118+0530] {processor.py:186} INFO - Started process (PID=128606) to work on /home/sst7260/airflow_projects/project1/dags/abc_dag.py
[2024-09-09T20:48:22.120+0530] {processor.py:914} INFO - Processing file /home/sst7260/airflow_projects/project1/dags/abc_dag.py for tasks to queue
[2024-09-09T20:48:22.121+0530] {logging_mixin.py:190} INFO - [2024-09-09T20:48:22.121+0530] {dagbag.py:587} INFO - Filling up the DagBag from /home/sst7260/airflow_projects/project1/dags/abc_dag.py
[2024-09-09T20:48:22.128+0530] {processor.py:925} INFO - DAG(s) 'abc' retrieved from /home/sst7260/airflow_projects/project1/dags/abc_dag.py
[2024-09-09T20:48:22.139+0530] {logging_mixin.py:190} INFO - [2024-09-09T20:48:22.139+0530] {dag.py:3229} INFO - Sync 1 DAGs
[2024-09-09T20:48:22.155+0530] {logging_mixin.py:190} INFO - [2024-09-09T20:48:22.155+0530] {dag.py:4156} INFO - Setting next_dagrun for abc to 2024-09-09 00:00:00+00:00, run_after=2024-09-10 00:00:00+00:00
[2024-09-09T20:48:22.178+0530] {processor.py:208} INFO - Processing /home/sst7260/airflow_projects/project1/dags/abc_dag.py took 0.064 seconds
[2024-09-09T20:49:12.652+0530] {processor.py:186} INFO - Started process (PID=128673) to work on /home/sst7260/airflow_projects/project1/dags/abc_dag.py
[2024-09-09T20:49:12.656+0530] {processor.py:914} INFO - Processing file /home/sst7260/airflow_projects/project1/dags/abc_dag.py for tasks to queue
[2024-09-09T20:49:12.658+0530] {logging_mixin.py:190} INFO - [2024-09-09T20:49:12.657+0530] {dagbag.py:587} INFO - Filling up the DagBag from /home/sst7260/airflow_projects/project1/dags/abc_dag.py
[2024-09-09T20:49:12.664+0530] {processor.py:925} INFO - DAG(s) 'abc' retrieved from /home/sst7260/airflow_projects/project1/dags/abc_dag.py
[2024-09-09T20:49:12.673+0530] {logging_mixin.py:190} INFO - [2024-09-09T20:49:12.673+0530] {dag.py:3229} INFO - Sync 1 DAGs
[2024-09-09T20:49:12.686+0530] {logging_mixin.py:190} INFO - [2024-09-09T20:49:12.685+0530] {dag.py:4156} INFO - Setting next_dagrun for abc to 2024-09-09 00:00:00+00:00, run_after=2024-09-10 00:00:00+00:00
[2024-09-09T20:49:12.711+0530] {processor.py:208} INFO - Processing /home/sst7260/airflow_projects/project1/dags/abc_dag.py took 0.065 seconds
[2024-09-09T20:50:05.792+0530] {processor.py:186} INFO - Started process (PID=128737) to work on /home/sst7260/airflow_projects/project1/dags/abc_dag.py
[2024-09-09T20:50:05.801+0530] {processor.py:914} INFO - Processing file /home/sst7260/airflow_projects/project1/dags/abc_dag.py for tasks to queue
[2024-09-09T20:50:05.803+0530] {logging_mixin.py:190} INFO - [2024-09-09T20:50:05.803+0530] {dagbag.py:587} INFO - Filling up the DagBag from /home/sst7260/airflow_projects/project1/dags/abc_dag.py
[2024-09-09T20:50:05.809+0530] {processor.py:925} INFO - DAG(s) 'abc' retrieved from /home/sst7260/airflow_projects/project1/dags/abc_dag.py
[2024-09-09T20:50:05.819+0530] {logging_mixin.py:190} INFO - [2024-09-09T20:50:05.819+0530] {dag.py:3229} INFO - Sync 1 DAGs
[2024-09-09T20:50:05.831+0530] {logging_mixin.py:190} INFO - [2024-09-09T20:50:05.831+0530] {dag.py:4156} INFO - Setting next_dagrun for abc to 2024-09-09 00:00:00+00:00, run_after=2024-09-10 00:00:00+00:00
[2024-09-09T20:50:05.853+0530] {processor.py:208} INFO - Processing /home/sst7260/airflow_projects/project1/dags/abc_dag.py took 0.066 seconds
[2024-09-09T20:50:58.239+0530] {processor.py:186} INFO - Started process (PID=128826) to work on /home/sst7260/airflow_projects/project1/dags/abc_dag.py
[2024-09-09T20:50:58.242+0530] {processor.py:914} INFO - Processing file /home/sst7260/airflow_projects/project1/dags/abc_dag.py for tasks to queue
[2024-09-09T20:50:58.246+0530] {logging_mixin.py:190} INFO - [2024-09-09T20:50:58.246+0530] {dagbag.py:587} INFO - Filling up the DagBag from /home/sst7260/airflow_projects/project1/dags/abc_dag.py
[2024-09-09T20:50:58.263+0530] {processor.py:925} INFO - DAG(s) 'abc' retrieved from /home/sst7260/airflow_projects/project1/dags/abc_dag.py
[2024-09-09T20:50:58.281+0530] {logging_mixin.py:190} INFO - [2024-09-09T20:50:58.281+0530] {dag.py:3229} INFO - Sync 1 DAGs
[2024-09-09T20:50:58.293+0530] {logging_mixin.py:190} INFO - [2024-09-09T20:50:58.293+0530] {dag.py:4156} INFO - Setting next_dagrun for abc to 2024-09-09 00:00:00+00:00, run_after=2024-09-10 00:00:00+00:00
[2024-09-09T20:50:58.322+0530] {processor.py:208} INFO - Processing /home/sst7260/airflow_projects/project1/dags/abc_dag.py took 0.092 seconds
[2024-09-09T20:51:51.944+0530] {processor.py:186} INFO - Started process (PID=128979) to work on /home/sst7260/airflow_projects/project1/dags/abc_dag.py
[2024-09-09T20:51:51.945+0530] {processor.py:914} INFO - Processing file /home/sst7260/airflow_projects/project1/dags/abc_dag.py for tasks to queue
[2024-09-09T20:51:51.948+0530] {logging_mixin.py:190} INFO - [2024-09-09T20:51:51.947+0530] {dagbag.py:587} INFO - Filling up the DagBag from /home/sst7260/airflow_projects/project1/dags/abc_dag.py
[2024-09-09T20:51:51.956+0530] {processor.py:925} INFO - DAG(s) 'abc' retrieved from /home/sst7260/airflow_projects/project1/dags/abc_dag.py
[2024-09-09T20:51:51.972+0530] {logging_mixin.py:190} INFO - [2024-09-09T20:51:51.972+0530] {dag.py:3229} INFO - Sync 1 DAGs
[2024-09-09T20:51:51.989+0530] {logging_mixin.py:190} INFO - [2024-09-09T20:51:51.989+0530] {dag.py:4156} INFO - Setting next_dagrun for abc to 2024-09-09 00:00:00+00:00, run_after=2024-09-10 00:00:00+00:00
[2024-09-09T20:51:52.015+0530] {processor.py:208} INFO - Processing /home/sst7260/airflow_projects/project1/dags/abc_dag.py took 0.078 seconds
[2024-09-09T20:52:50.848+0530] {processor.py:186} INFO - Started process (PID=129360) to work on /home/sst7260/airflow_projects/project1/dags/abc_dag.py
[2024-09-09T20:52:50.852+0530] {processor.py:914} INFO - Processing file /home/sst7260/airflow_projects/project1/dags/abc_dag.py for tasks to queue
[2024-09-09T20:52:50.854+0530] {logging_mixin.py:190} INFO - [2024-09-09T20:52:50.854+0530] {dagbag.py:587} INFO - Filling up the DagBag from /home/sst7260/airflow_projects/project1/dags/abc_dag.py
[2024-09-09T20:52:50.862+0530] {processor.py:925} INFO - DAG(s) 'abc' retrieved from /home/sst7260/airflow_projects/project1/dags/abc_dag.py
[2024-09-09T20:52:50.875+0530] {logging_mixin.py:190} INFO - [2024-09-09T20:52:50.875+0530] {dag.py:3229} INFO - Sync 1 DAGs
[2024-09-09T20:52:50.893+0530] {logging_mixin.py:190} INFO - [2024-09-09T20:52:50.892+0530] {dag.py:4156} INFO - Setting next_dagrun for abc to 2024-09-09 00:00:00+00:00, run_after=2024-09-10 00:00:00+00:00
[2024-09-09T20:52:50.921+0530] {processor.py:208} INFO - Processing /home/sst7260/airflow_projects/project1/dags/abc_dag.py took 0.079 seconds
[2024-09-09T20:53:54.186+0530] {processor.py:186} INFO - Started process (PID=129683) to work on /home/sst7260/airflow_projects/project1/dags/abc_dag.py
[2024-09-09T20:53:54.191+0530] {processor.py:914} INFO - Processing file /home/sst7260/airflow_projects/project1/dags/abc_dag.py for tasks to queue
[2024-09-09T20:53:54.194+0530] {logging_mixin.py:190} INFO - [2024-09-09T20:53:54.193+0530] {dagbag.py:587} INFO - Filling up the DagBag from /home/sst7260/airflow_projects/project1/dags/abc_dag.py
[2024-09-09T20:53:54.200+0530] {processor.py:925} INFO - DAG(s) 'abc' retrieved from /home/sst7260/airflow_projects/project1/dags/abc_dag.py
[2024-09-09T20:53:54.212+0530] {logging_mixin.py:190} INFO - [2024-09-09T20:53:54.212+0530] {dag.py:3229} INFO - Sync 1 DAGs
[2024-09-09T20:53:54.231+0530] {logging_mixin.py:190} INFO - [2024-09-09T20:53:54.231+0530] {dag.py:4156} INFO - Setting next_dagrun for abc to 2024-09-09 00:00:00+00:00, run_after=2024-09-10 00:00:00+00:00
[2024-09-09T20:53:54.255+0530] {processor.py:208} INFO - Processing /home/sst7260/airflow_projects/project1/dags/abc_dag.py took 0.074 seconds
[2024-09-09T20:54:33.680+0530] {processor.py:186} INFO - Started process (PID=129985) to work on /home/sst7260/airflow_projects/project1/dags/abc_dag.py
[2024-09-09T20:54:33.683+0530] {processor.py:914} INFO - Processing file /home/sst7260/airflow_projects/project1/dags/abc_dag.py for tasks to queue
[2024-09-09T20:54:33.685+0530] {logging_mixin.py:190} INFO - [2024-09-09T20:54:33.685+0530] {dagbag.py:587} INFO - Filling up the DagBag from /home/sst7260/airflow_projects/project1/dags/abc_dag.py
[2024-09-09T20:54:33.695+0530] {processor.py:925} INFO - DAG(s) 'abc' retrieved from /home/sst7260/airflow_projects/project1/dags/abc_dag.py
[2024-09-09T20:54:33.709+0530] {logging_mixin.py:190} INFO - [2024-09-09T20:54:33.709+0530] {dag.py:3229} INFO - Sync 1 DAGs
[2024-09-09T20:54:33.729+0530] {logging_mixin.py:190} INFO - [2024-09-09T20:54:33.729+0530] {dag.py:4156} INFO - Setting next_dagrun for abc to 2024-09-09 00:00:00+00:00, run_after=2024-09-10 00:00:00+00:00
[2024-09-09T20:54:33.750+0530] {processor.py:208} INFO - Processing /home/sst7260/airflow_projects/project1/dags/abc_dag.py took 0.076 seconds
[2024-09-09T20:55:07.557+0530] {processor.py:186} INFO - Started process (PID=130039) to work on /home/sst7260/airflow_projects/project1/dags/abc_dag.py
[2024-09-09T20:55:07.558+0530] {processor.py:914} INFO - Processing file /home/sst7260/airflow_projects/project1/dags/abc_dag.py for tasks to queue
[2024-09-09T20:55:07.567+0530] {logging_mixin.py:190} INFO - [2024-09-09T20:55:07.566+0530] {dagbag.py:587} INFO - Filling up the DagBag from /home/sst7260/airflow_projects/project1/dags/abc_dag.py
[2024-09-09T20:55:07.580+0530] {processor.py:925} INFO - DAG(s) 'abc' retrieved from /home/sst7260/airflow_projects/project1/dags/abc_dag.py
[2024-09-09T20:55:07.615+0530] {logging_mixin.py:190} INFO - [2024-09-09T20:55:07.613+0530] {dag.py:3229} INFO - Sync 1 DAGs
[2024-09-09T20:55:07.655+0530] {logging_mixin.py:190} INFO - [2024-09-09T20:55:07.653+0530] {dag.py:4156} INFO - Setting next_dagrun for abc to 2024-09-09 00:00:00+00:00, run_after=2024-09-10 00:00:00+00:00
[2024-09-09T20:55:07.684+0530] {processor.py:208} INFO - Processing /home/sst7260/airflow_projects/project1/dags/abc_dag.py took 0.137 seconds
[2024-09-09T20:56:00.826+0530] {processor.py:186} INFO - Started process (PID=130132) to work on /home/sst7260/airflow_projects/project1/dags/abc_dag.py
[2024-09-09T20:56:00.828+0530] {processor.py:914} INFO - Processing file /home/sst7260/airflow_projects/project1/dags/abc_dag.py for tasks to queue
[2024-09-09T20:56:00.830+0530] {logging_mixin.py:190} INFO - [2024-09-09T20:56:00.830+0530] {dagbag.py:587} INFO - Filling up the DagBag from /home/sst7260/airflow_projects/project1/dags/abc_dag.py
[2024-09-09T20:56:00.838+0530] {processor.py:925} INFO - DAG(s) 'abc' retrieved from /home/sst7260/airflow_projects/project1/dags/abc_dag.py
[2024-09-09T20:56:00.848+0530] {logging_mixin.py:190} INFO - [2024-09-09T20:56:00.848+0530] {dag.py:3229} INFO - Sync 1 DAGs
[2024-09-09T20:56:00.863+0530] {logging_mixin.py:190} INFO - [2024-09-09T20:56:00.863+0530] {dag.py:4156} INFO - Setting next_dagrun for abc to 2024-09-09 00:00:00+00:00, run_after=2024-09-10 00:00:00+00:00
[2024-09-09T20:56:00.890+0530] {processor.py:208} INFO - Processing /home/sst7260/airflow_projects/project1/dags/abc_dag.py took 0.068 seconds
[2024-09-09T20:56:56.049+0530] {processor.py:186} INFO - Started process (PID=130413) to work on /home/sst7260/airflow_projects/project1/dags/abc_dag.py
[2024-09-09T20:56:56.053+0530] {processor.py:914} INFO - Processing file /home/sst7260/airflow_projects/project1/dags/abc_dag.py for tasks to queue
[2024-09-09T20:56:56.056+0530] {logging_mixin.py:190} INFO - [2024-09-09T20:56:56.055+0530] {dagbag.py:587} INFO - Filling up the DagBag from /home/sst7260/airflow_projects/project1/dags/abc_dag.py
[2024-09-09T20:56:56.064+0530] {processor.py:925} INFO - DAG(s) 'abc' retrieved from /home/sst7260/airflow_projects/project1/dags/abc_dag.py
[2024-09-09T20:56:56.074+0530] {logging_mixin.py:190} INFO - [2024-09-09T20:56:56.074+0530] {dag.py:3229} INFO - Sync 1 DAGs
[2024-09-09T20:56:56.090+0530] {logging_mixin.py:190} INFO - [2024-09-09T20:56:56.090+0530] {dag.py:4156} INFO - Setting next_dagrun for abc to 2024-09-09 00:00:00+00:00, run_after=2024-09-10 00:00:00+00:00
[2024-09-09T20:56:56.123+0530] {processor.py:208} INFO - Processing /home/sst7260/airflow_projects/project1/dags/abc_dag.py took 0.078 seconds
[2024-09-09T20:57:50.864+0530] {processor.py:186} INFO - Started process (PID=130484) to work on /home/sst7260/airflow_projects/project1/dags/abc_dag.py
[2024-09-09T20:57:50.867+0530] {processor.py:914} INFO - Processing file /home/sst7260/airflow_projects/project1/dags/abc_dag.py for tasks to queue
[2024-09-09T20:57:50.870+0530] {logging_mixin.py:190} INFO - [2024-09-09T20:57:50.869+0530] {dagbag.py:587} INFO - Filling up the DagBag from /home/sst7260/airflow_projects/project1/dags/abc_dag.py
[2024-09-09T20:57:50.885+0530] {processor.py:925} INFO - DAG(s) 'abc' retrieved from /home/sst7260/airflow_projects/project1/dags/abc_dag.py
[2024-09-09T20:57:50.904+0530] {logging_mixin.py:190} INFO - [2024-09-09T20:57:50.904+0530] {dag.py:3229} INFO - Sync 1 DAGs
[2024-09-09T20:57:50.933+0530] {logging_mixin.py:190} INFO - [2024-09-09T20:57:50.933+0530] {dag.py:4156} INFO - Setting next_dagrun for abc to 2024-09-09 00:00:00+00:00, run_after=2024-09-10 00:00:00+00:00
[2024-09-09T20:57:50.957+0530] {processor.py:208} INFO - Processing /home/sst7260/airflow_projects/project1/dags/abc_dag.py took 0.102 seconds
[2024-09-09T20:58:43.110+0530] {processor.py:186} INFO - Started process (PID=130562) to work on /home/sst7260/airflow_projects/project1/dags/abc_dag.py
[2024-09-09T20:58:43.114+0530] {processor.py:914} INFO - Processing file /home/sst7260/airflow_projects/project1/dags/abc_dag.py for tasks to queue
[2024-09-09T20:58:43.116+0530] {logging_mixin.py:190} INFO - [2024-09-09T20:58:43.116+0530] {dagbag.py:587} INFO - Filling up the DagBag from /home/sst7260/airflow_projects/project1/dags/abc_dag.py
[2024-09-09T20:58:43.127+0530] {processor.py:925} INFO - DAG(s) 'abc' retrieved from /home/sst7260/airflow_projects/project1/dags/abc_dag.py
[2024-09-09T20:58:43.139+0530] {logging_mixin.py:190} INFO - [2024-09-09T20:58:43.139+0530] {dag.py:3229} INFO - Sync 1 DAGs
[2024-09-09T20:58:43.156+0530] {logging_mixin.py:190} INFO - [2024-09-09T20:58:43.156+0530] {dag.py:4156} INFO - Setting next_dagrun for abc to 2024-09-09 00:00:00+00:00, run_after=2024-09-10 00:00:00+00:00
[2024-09-09T20:58:43.181+0530] {processor.py:208} INFO - Processing /home/sst7260/airflow_projects/project1/dags/abc_dag.py took 0.078 seconds
[2024-09-09T20:59:40.767+0530] {processor.py:186} INFO - Started process (PID=130774) to work on /home/sst7260/airflow_projects/project1/dags/abc_dag.py
[2024-09-09T20:59:40.769+0530] {processor.py:914} INFO - Processing file /home/sst7260/airflow_projects/project1/dags/abc_dag.py for tasks to queue
[2024-09-09T20:59:40.771+0530] {logging_mixin.py:190} INFO - [2024-09-09T20:59:40.771+0530] {dagbag.py:587} INFO - Filling up the DagBag from /home/sst7260/airflow_projects/project1/dags/abc_dag.py
[2024-09-09T20:59:40.778+0530] {processor.py:925} INFO - DAG(s) 'abc' retrieved from /home/sst7260/airflow_projects/project1/dags/abc_dag.py
[2024-09-09T20:59:40.788+0530] {logging_mixin.py:190} INFO - [2024-09-09T20:59:40.788+0530] {dag.py:3229} INFO - Sync 1 DAGs
[2024-09-09T20:59:40.801+0530] {logging_mixin.py:190} INFO - [2024-09-09T20:59:40.801+0530] {dag.py:4156} INFO - Setting next_dagrun for abc to 2024-09-09 00:00:00+00:00, run_after=2024-09-10 00:00:00+00:00
[2024-09-09T20:59:40.825+0530] {processor.py:208} INFO - Processing /home/sst7260/airflow_projects/project1/dags/abc_dag.py took 0.063 seconds
[2024-09-09T21:00:35.619+0530] {processor.py:186} INFO - Started process (PID=130988) to work on /home/sst7260/airflow_projects/project1/dags/abc_dag.py
[2024-09-09T21:00:35.620+0530] {processor.py:914} INFO - Processing file /home/sst7260/airflow_projects/project1/dags/abc_dag.py for tasks to queue
[2024-09-09T21:00:35.622+0530] {logging_mixin.py:190} INFO - [2024-09-09T21:00:35.621+0530] {dagbag.py:587} INFO - Filling up the DagBag from /home/sst7260/airflow_projects/project1/dags/abc_dag.py
[2024-09-09T21:00:35.629+0530] {processor.py:925} INFO - DAG(s) 'abc' retrieved from /home/sst7260/airflow_projects/project1/dags/abc_dag.py
[2024-09-09T21:00:35.644+0530] {logging_mixin.py:190} INFO - [2024-09-09T21:00:35.643+0530] {dag.py:3229} INFO - Sync 1 DAGs
[2024-09-09T21:00:35.683+0530] {logging_mixin.py:190} INFO - [2024-09-09T21:00:35.682+0530] {dag.py:4156} INFO - Setting next_dagrun for abc to 2024-09-09 00:00:00+00:00, run_after=2024-09-10 00:00:00+00:00
[2024-09-09T21:00:35.934+0530] {processor.py:208} INFO - Processing /home/sst7260/airflow_projects/project1/dags/abc_dag.py took 0.320 seconds
[2024-09-09T21:01:11.586+0530] {processor.py:186} INFO - Started process (PID=131225) to work on /home/sst7260/airflow_projects/project1/dags/abc_dag.py
[2024-09-09T21:01:11.588+0530] {processor.py:914} INFO - Processing file /home/sst7260/airflow_projects/project1/dags/abc_dag.py for tasks to queue
[2024-09-09T21:01:11.589+0530] {logging_mixin.py:190} INFO - [2024-09-09T21:01:11.589+0530] {dagbag.py:587} INFO - Filling up the DagBag from /home/sst7260/airflow_projects/project1/dags/abc_dag.py
[2024-09-09T21:01:11.597+0530] {processor.py:925} INFO - DAG(s) 'abc' retrieved from /home/sst7260/airflow_projects/project1/dags/abc_dag.py
[2024-09-09T21:01:11.608+0530] {logging_mixin.py:190} INFO - [2024-09-09T21:01:11.608+0530] {dag.py:3229} INFO - Sync 1 DAGs
[2024-09-09T21:01:11.628+0530] {logging_mixin.py:190} INFO - [2024-09-09T21:01:11.627+0530] {dag.py:4156} INFO - Setting next_dagrun for abc to 2024-09-09 00:00:00+00:00, run_after=2024-09-10 00:00:00+00:00
[2024-09-09T21:01:11.655+0530] {processor.py:208} INFO - Processing /home/sst7260/airflow_projects/project1/dags/abc_dag.py took 0.077 seconds
[2024-09-09T21:01:46.483+0530] {processor.py:186} INFO - Started process (PID=131269) to work on /home/sst7260/airflow_projects/project1/dags/abc_dag.py
[2024-09-09T21:01:46.487+0530] {processor.py:914} INFO - Processing file /home/sst7260/airflow_projects/project1/dags/abc_dag.py for tasks to queue
[2024-09-09T21:01:46.489+0530] {logging_mixin.py:190} INFO - [2024-09-09T21:01:46.488+0530] {dagbag.py:587} INFO - Filling up the DagBag from /home/sst7260/airflow_projects/project1/dags/abc_dag.py
[2024-09-09T21:01:46.495+0530] {processor.py:925} INFO - DAG(s) 'abc' retrieved from /home/sst7260/airflow_projects/project1/dags/abc_dag.py
[2024-09-09T21:01:46.505+0530] {logging_mixin.py:190} INFO - [2024-09-09T21:01:46.505+0530] {dag.py:3229} INFO - Sync 1 DAGs
[2024-09-09T21:01:46.519+0530] {logging_mixin.py:190} INFO - [2024-09-09T21:01:46.518+0530] {dag.py:4156} INFO - Setting next_dagrun for abc to 2024-09-09 00:00:00+00:00, run_after=2024-09-10 00:00:00+00:00
[2024-09-09T21:01:46.543+0530] {processor.py:208} INFO - Processing /home/sst7260/airflow_projects/project1/dags/abc_dag.py took 0.063 seconds
[2024-09-09T21:02:41.423+0530] {processor.py:186} INFO - Started process (PID=131459) to work on /home/sst7260/airflow_projects/project1/dags/abc_dag.py
[2024-09-09T21:02:41.425+0530] {processor.py:914} INFO - Processing file /home/sst7260/airflow_projects/project1/dags/abc_dag.py for tasks to queue
[2024-09-09T21:02:41.426+0530] {logging_mixin.py:190} INFO - [2024-09-09T21:02:41.426+0530] {dagbag.py:587} INFO - Filling up the DagBag from /home/sst7260/airflow_projects/project1/dags/abc_dag.py
[2024-09-09T21:02:41.433+0530] {processor.py:925} INFO - DAG(s) 'abc' retrieved from /home/sst7260/airflow_projects/project1/dags/abc_dag.py
[2024-09-09T21:02:41.443+0530] {logging_mixin.py:190} INFO - [2024-09-09T21:02:41.443+0530] {dag.py:3229} INFO - Sync 1 DAGs
[2024-09-09T21:02:41.457+0530] {logging_mixin.py:190} INFO - [2024-09-09T21:02:41.456+0530] {dag.py:4156} INFO - Setting next_dagrun for abc to 2024-09-09 00:00:00+00:00, run_after=2024-09-10 00:00:00+00:00
[2024-09-09T21:02:41.478+0530] {processor.py:208} INFO - Processing /home/sst7260/airflow_projects/project1/dags/abc_dag.py took 0.058 seconds
[2024-09-09T21:03:35.816+0530] {processor.py:186} INFO - Started process (PID=131523) to work on /home/sst7260/airflow_projects/project1/dags/abc_dag.py
[2024-09-09T21:03:35.825+0530] {processor.py:914} INFO - Processing file /home/sst7260/airflow_projects/project1/dags/abc_dag.py for tasks to queue
[2024-09-09T21:03:35.826+0530] {logging_mixin.py:190} INFO - [2024-09-09T21:03:35.826+0530] {dagbag.py:587} INFO - Filling up the DagBag from /home/sst7260/airflow_projects/project1/dags/abc_dag.py
[2024-09-09T21:03:35.834+0530] {processor.py:925} INFO - DAG(s) 'abc' retrieved from /home/sst7260/airflow_projects/project1/dags/abc_dag.py
[2024-09-09T21:03:35.843+0530] {logging_mixin.py:190} INFO - [2024-09-09T21:03:35.843+0530] {dag.py:3229} INFO - Sync 1 DAGs
[2024-09-09T21:03:35.857+0530] {logging_mixin.py:190} INFO - [2024-09-09T21:03:35.857+0530] {dag.py:4156} INFO - Setting next_dagrun for abc to 2024-09-09 00:00:00+00:00, run_after=2024-09-10 00:00:00+00:00
[2024-09-09T21:03:35.880+0530] {processor.py:208} INFO - Processing /home/sst7260/airflow_projects/project1/dags/abc_dag.py took 0.069 seconds
[2024-09-09T21:04:32.126+0530] {processor.py:186} INFO - Started process (PID=131588) to work on /home/sst7260/airflow_projects/project1/dags/abc_dag.py
[2024-09-09T21:04:32.128+0530] {processor.py:914} INFO - Processing file /home/sst7260/airflow_projects/project1/dags/abc_dag.py for tasks to queue
[2024-09-09T21:04:32.131+0530] {logging_mixin.py:190} INFO - [2024-09-09T21:04:32.131+0530] {dagbag.py:587} INFO - Filling up the DagBag from /home/sst7260/airflow_projects/project1/dags/abc_dag.py
[2024-09-09T21:04:32.141+0530] {processor.py:925} INFO - DAG(s) 'abc' retrieved from /home/sst7260/airflow_projects/project1/dags/abc_dag.py
[2024-09-09T21:04:32.156+0530] {logging_mixin.py:190} INFO - [2024-09-09T21:04:32.156+0530] {dag.py:3229} INFO - Sync 1 DAGs
[2024-09-09T21:04:32.174+0530] {logging_mixin.py:190} INFO - [2024-09-09T21:04:32.173+0530] {dag.py:4156} INFO - Setting next_dagrun for abc to 2024-09-09 00:00:00+00:00, run_after=2024-09-10 00:00:00+00:00
[2024-09-09T21:04:32.201+0530] {processor.py:208} INFO - Processing /home/sst7260/airflow_projects/project1/dags/abc_dag.py took 0.081 seconds
[2024-09-09T21:05:31.424+0530] {processor.py:186} INFO - Started process (PID=131815) to work on /home/sst7260/airflow_projects/project1/dags/abc_dag.py
[2024-09-09T21:05:31.430+0530] {processor.py:914} INFO - Processing file /home/sst7260/airflow_projects/project1/dags/abc_dag.py for tasks to queue
[2024-09-09T21:05:31.431+0530] {logging_mixin.py:190} INFO - [2024-09-09T21:05:31.431+0530] {dagbag.py:587} INFO - Filling up the DagBag from /home/sst7260/airflow_projects/project1/dags/abc_dag.py
[2024-09-09T21:05:31.437+0530] {processor.py:925} INFO - DAG(s) 'abc' retrieved from /home/sst7260/airflow_projects/project1/dags/abc_dag.py
[2024-09-09T21:05:31.446+0530] {logging_mixin.py:190} INFO - [2024-09-09T21:05:31.446+0530] {dag.py:3229} INFO - Sync 1 DAGs
[2024-09-09T21:05:31.463+0530] {logging_mixin.py:190} INFO - [2024-09-09T21:05:31.462+0530] {dag.py:4156} INFO - Setting next_dagrun for abc to 2024-09-09 00:00:00+00:00, run_after=2024-09-10 00:00:00+00:00
[2024-09-09T21:05:31.487+0530] {processor.py:208} INFO - Processing /home/sst7260/airflow_projects/project1/dags/abc_dag.py took 0.067 seconds
[2024-09-09T21:06:24.547+0530] {processor.py:186} INFO - Started process (PID=131912) to work on /home/sst7260/airflow_projects/project1/dags/abc_dag.py
[2024-09-09T21:06:24.549+0530] {processor.py:914} INFO - Processing file /home/sst7260/airflow_projects/project1/dags/abc_dag.py for tasks to queue
[2024-09-09T21:06:24.550+0530] {logging_mixin.py:190} INFO - [2024-09-09T21:06:24.550+0530] {dagbag.py:587} INFO - Filling up the DagBag from /home/sst7260/airflow_projects/project1/dags/abc_dag.py
[2024-09-09T21:06:24.556+0530] {processor.py:925} INFO - DAG(s) 'abc' retrieved from /home/sst7260/airflow_projects/project1/dags/abc_dag.py
[2024-09-09T21:06:24.565+0530] {logging_mixin.py:190} INFO - [2024-09-09T21:06:24.565+0530] {dag.py:3229} INFO - Sync 1 DAGs
[2024-09-09T21:06:24.578+0530] {logging_mixin.py:190} INFO - [2024-09-09T21:06:24.578+0530] {dag.py:4156} INFO - Setting next_dagrun for abc to 2024-09-09 00:00:00+00:00, run_after=2024-09-10 00:00:00+00:00
[2024-09-09T21:06:24.599+0530] {processor.py:208} INFO - Processing /home/sst7260/airflow_projects/project1/dags/abc_dag.py took 0.057 seconds
[2024-09-09T21:07:18.703+0530] {processor.py:186} INFO - Started process (PID=131979) to work on /home/sst7260/airflow_projects/project1/dags/abc_dag.py
[2024-09-09T21:07:18.705+0530] {processor.py:914} INFO - Processing file /home/sst7260/airflow_projects/project1/dags/abc_dag.py for tasks to queue
[2024-09-09T21:07:18.706+0530] {logging_mixin.py:190} INFO - [2024-09-09T21:07:18.706+0530] {dagbag.py:587} INFO - Filling up the DagBag from /home/sst7260/airflow_projects/project1/dags/abc_dag.py
[2024-09-09T21:07:18.712+0530] {processor.py:925} INFO - DAG(s) 'abc' retrieved from /home/sst7260/airflow_projects/project1/dags/abc_dag.py
[2024-09-09T21:07:18.721+0530] {logging_mixin.py:190} INFO - [2024-09-09T21:07:18.721+0530] {dag.py:3229} INFO - Sync 1 DAGs
[2024-09-09T21:07:18.734+0530] {logging_mixin.py:190} INFO - [2024-09-09T21:07:18.734+0530] {dag.py:4156} INFO - Setting next_dagrun for abc to 2024-09-09 00:00:00+00:00, run_after=2024-09-10 00:00:00+00:00
[2024-09-09T21:07:18.756+0530] {processor.py:208} INFO - Processing /home/sst7260/airflow_projects/project1/dags/abc_dag.py took 0.056 seconds
[2024-09-09T21:08:11.359+0530] {processor.py:186} INFO - Started process (PID=132042) to work on /home/sst7260/airflow_projects/project1/dags/abc_dag.py
[2024-09-09T21:08:11.361+0530] {processor.py:914} INFO - Processing file /home/sst7260/airflow_projects/project1/dags/abc_dag.py for tasks to queue
[2024-09-09T21:08:11.362+0530] {logging_mixin.py:190} INFO - [2024-09-09T21:08:11.361+0530] {dagbag.py:587} INFO - Filling up the DagBag from /home/sst7260/airflow_projects/project1/dags/abc_dag.py
[2024-09-09T21:08:11.368+0530] {processor.py:925} INFO - DAG(s) 'abc' retrieved from /home/sst7260/airflow_projects/project1/dags/abc_dag.py
[2024-09-09T21:08:11.377+0530] {logging_mixin.py:190} INFO - [2024-09-09T21:08:11.377+0530] {dag.py:3229} INFO - Sync 1 DAGs
[2024-09-09T21:08:11.391+0530] {logging_mixin.py:190} INFO - [2024-09-09T21:08:11.391+0530] {dag.py:4156} INFO - Setting next_dagrun for abc to 2024-09-09 00:00:00+00:00, run_after=2024-09-10 00:00:00+00:00
[2024-09-09T21:08:11.415+0530] {processor.py:208} INFO - Processing /home/sst7260/airflow_projects/project1/dags/abc_dag.py took 0.060 seconds
[2024-09-09T21:09:09.148+0530] {processor.py:186} INFO - Started process (PID=132107) to work on /home/sst7260/airflow_projects/project1/dags/abc_dag.py
[2024-09-09T21:09:09.150+0530] {processor.py:914} INFO - Processing file /home/sst7260/airflow_projects/project1/dags/abc_dag.py for tasks to queue
[2024-09-09T21:09:09.151+0530] {logging_mixin.py:190} INFO - [2024-09-09T21:09:09.151+0530] {dagbag.py:587} INFO - Filling up the DagBag from /home/sst7260/airflow_projects/project1/dags/abc_dag.py
[2024-09-09T21:09:09.159+0530] {processor.py:925} INFO - DAG(s) 'abc' retrieved from /home/sst7260/airflow_projects/project1/dags/abc_dag.py
[2024-09-09T21:09:09.168+0530] {logging_mixin.py:190} INFO - [2024-09-09T21:09:09.167+0530] {dag.py:3229} INFO - Sync 1 DAGs
[2024-09-09T21:09:09.180+0530] {logging_mixin.py:190} INFO - [2024-09-09T21:09:09.180+0530] {dag.py:4156} INFO - Setting next_dagrun for abc to 2024-09-09 00:00:00+00:00, run_after=2024-09-10 00:00:00+00:00
[2024-09-09T21:09:09.202+0530] {processor.py:208} INFO - Processing /home/sst7260/airflow_projects/project1/dags/abc_dag.py took 0.058 seconds
[2024-09-09T21:10:03.598+0530] {processor.py:186} INFO - Started process (PID=132172) to work on /home/sst7260/airflow_projects/project1/dags/abc_dag.py
[2024-09-09T21:10:03.607+0530] {processor.py:914} INFO - Processing file /home/sst7260/airflow_projects/project1/dags/abc_dag.py for tasks to queue
[2024-09-09T21:10:03.608+0530] {logging_mixin.py:190} INFO - [2024-09-09T21:10:03.608+0530] {dagbag.py:587} INFO - Filling up the DagBag from /home/sst7260/airflow_projects/project1/dags/abc_dag.py
[2024-09-09T21:10:03.614+0530] {processor.py:925} INFO - DAG(s) 'abc' retrieved from /home/sst7260/airflow_projects/project1/dags/abc_dag.py
[2024-09-09T21:10:03.629+0530] {logging_mixin.py:190} INFO - [2024-09-09T21:10:03.628+0530] {dag.py:3229} INFO - Sync 1 DAGs
[2024-09-09T21:10:03.646+0530] {logging_mixin.py:190} INFO - [2024-09-09T21:10:03.646+0530] {dag.py:4156} INFO - Setting next_dagrun for abc to 2024-09-09 00:00:00+00:00, run_after=2024-09-10 00:00:00+00:00
[2024-09-09T21:10:03.667+0530] {processor.py:208} INFO - Processing /home/sst7260/airflow_projects/project1/dags/abc_dag.py took 0.074 seconds
[2024-09-09T21:10:53.854+0530] {processor.py:186} INFO - Started process (PID=132261) to work on /home/sst7260/airflow_projects/project1/dags/abc_dag.py
[2024-09-09T21:10:53.856+0530] {processor.py:914} INFO - Processing file /home/sst7260/airflow_projects/project1/dags/abc_dag.py for tasks to queue
[2024-09-09T21:10:53.858+0530] {logging_mixin.py:190} INFO - [2024-09-09T21:10:53.857+0530] {dagbag.py:587} INFO - Filling up the DagBag from /home/sst7260/airflow_projects/project1/dags/abc_dag.py
[2024-09-09T21:10:53.868+0530] {processor.py:925} INFO - DAG(s) 'abc' retrieved from /home/sst7260/airflow_projects/project1/dags/abc_dag.py
[2024-09-09T21:10:53.883+0530] {logging_mixin.py:190} INFO - [2024-09-09T21:10:53.883+0530] {dag.py:3229} INFO - Sync 1 DAGs
[2024-09-09T21:10:53.906+0530] {logging_mixin.py:190} INFO - [2024-09-09T21:10:53.906+0530] {dag.py:4156} INFO - Setting next_dagrun for abc to 2024-09-09 00:00:00+00:00, run_after=2024-09-10 00:00:00+00:00
[2024-09-09T21:10:53.930+0530] {processor.py:208} INFO - Processing /home/sst7260/airflow_projects/project1/dags/abc_dag.py took 0.082 seconds
[2024-09-09T21:11:49.014+0530] {processor.py:186} INFO - Started process (PID=132329) to work on /home/sst7260/airflow_projects/project1/dags/abc_dag.py
[2024-09-09T21:11:49.016+0530] {processor.py:914} INFO - Processing file /home/sst7260/airflow_projects/project1/dags/abc_dag.py for tasks to queue
[2024-09-09T21:11:49.018+0530] {logging_mixin.py:190} INFO - [2024-09-09T21:11:49.018+0530] {dagbag.py:587} INFO - Filling up the DagBag from /home/sst7260/airflow_projects/project1/dags/abc_dag.py
[2024-09-09T21:11:49.027+0530] {processor.py:925} INFO - DAG(s) 'abc' retrieved from /home/sst7260/airflow_projects/project1/dags/abc_dag.py
[2024-09-09T21:11:49.042+0530] {logging_mixin.py:190} INFO - [2024-09-09T21:11:49.041+0530] {dag.py:3229} INFO - Sync 1 DAGs
[2024-09-09T21:11:49.059+0530] {logging_mixin.py:190} INFO - [2024-09-09T21:11:49.059+0530] {dag.py:4156} INFO - Setting next_dagrun for abc to 2024-09-09 00:00:00+00:00, run_after=2024-09-10 00:00:00+00:00
[2024-09-09T21:11:49.085+0530] {processor.py:208} INFO - Processing /home/sst7260/airflow_projects/project1/dags/abc_dag.py took 0.075 seconds
[2024-09-09T21:12:40.727+0530] {processor.py:186} INFO - Started process (PID=132392) to work on /home/sst7260/airflow_projects/project1/dags/abc_dag.py
[2024-09-09T21:12:40.736+0530] {processor.py:914} INFO - Processing file /home/sst7260/airflow_projects/project1/dags/abc_dag.py for tasks to queue
[2024-09-09T21:12:40.737+0530] {logging_mixin.py:190} INFO - [2024-09-09T21:12:40.737+0530] {dagbag.py:587} INFO - Filling up the DagBag from /home/sst7260/airflow_projects/project1/dags/abc_dag.py
[2024-09-09T21:12:40.743+0530] {processor.py:925} INFO - DAG(s) 'abc' retrieved from /home/sst7260/airflow_projects/project1/dags/abc_dag.py
[2024-09-09T21:12:40.755+0530] {logging_mixin.py:190} INFO - [2024-09-09T21:12:40.755+0530] {dag.py:3229} INFO - Sync 1 DAGs
[2024-09-09T21:12:40.768+0530] {logging_mixin.py:190} INFO - [2024-09-09T21:12:40.768+0530] {dag.py:4156} INFO - Setting next_dagrun for abc to 2024-09-09 00:00:00+00:00, run_after=2024-09-10 00:00:00+00:00
[2024-09-09T21:12:40.789+0530] {processor.py:208} INFO - Processing /home/sst7260/airflow_projects/project1/dags/abc_dag.py took 0.067 seconds
[2024-09-09T21:13:37.342+0530] {processor.py:186} INFO - Started process (PID=132458) to work on /home/sst7260/airflow_projects/project1/dags/abc_dag.py
[2024-09-09T21:13:37.348+0530] {processor.py:914} INFO - Processing file /home/sst7260/airflow_projects/project1/dags/abc_dag.py for tasks to queue
[2024-09-09T21:13:37.349+0530] {logging_mixin.py:190} INFO - [2024-09-09T21:13:37.348+0530] {dagbag.py:587} INFO - Filling up the DagBag from /home/sst7260/airflow_projects/project1/dags/abc_dag.py
[2024-09-09T21:13:37.355+0530] {processor.py:925} INFO - DAG(s) 'abc' retrieved from /home/sst7260/airflow_projects/project1/dags/abc_dag.py
[2024-09-09T21:13:37.365+0530] {logging_mixin.py:190} INFO - [2024-09-09T21:13:37.365+0530] {dag.py:3229} INFO - Sync 1 DAGs
[2024-09-09T21:13:37.377+0530] {logging_mixin.py:190} INFO - [2024-09-09T21:13:37.377+0530] {dag.py:4156} INFO - Setting next_dagrun for abc to 2024-09-09 00:00:00+00:00, run_after=2024-09-10 00:00:00+00:00
[2024-09-09T21:13:37.399+0530] {processor.py:208} INFO - Processing /home/sst7260/airflow_projects/project1/dags/abc_dag.py took 0.062 seconds
[2024-09-09T21:14:35.164+0530] {processor.py:186} INFO - Started process (PID=132523) to work on /home/sst7260/airflow_projects/project1/dags/abc_dag.py
[2024-09-09T21:14:35.169+0530] {processor.py:914} INFO - Processing file /home/sst7260/airflow_projects/project1/dags/abc_dag.py for tasks to queue
[2024-09-09T21:14:35.171+0530] {logging_mixin.py:190} INFO - [2024-09-09T21:14:35.170+0530] {dagbag.py:587} INFO - Filling up the DagBag from /home/sst7260/airflow_projects/project1/dags/abc_dag.py
[2024-09-09T21:14:35.179+0530] {processor.py:925} INFO - DAG(s) 'abc' retrieved from /home/sst7260/airflow_projects/project1/dags/abc_dag.py
[2024-09-09T21:14:35.189+0530] {logging_mixin.py:190} INFO - [2024-09-09T21:14:35.188+0530] {dag.py:3229} INFO - Sync 1 DAGs
[2024-09-09T21:14:35.201+0530] {logging_mixin.py:190} INFO - [2024-09-09T21:14:35.201+0530] {dag.py:4156} INFO - Setting next_dagrun for abc to 2024-09-09 00:00:00+00:00, run_after=2024-09-10 00:00:00+00:00
[2024-09-09T21:14:35.223+0530] {processor.py:208} INFO - Processing /home/sst7260/airflow_projects/project1/dags/abc_dag.py took 0.064 seconds
[2024-09-09T21:15:33.208+0530] {processor.py:186} INFO - Started process (PID=132668) to work on /home/sst7260/airflow_projects/project1/dags/abc_dag.py
[2024-09-09T21:15:33.210+0530] {processor.py:914} INFO - Processing file /home/sst7260/airflow_projects/project1/dags/abc_dag.py for tasks to queue
[2024-09-09T21:15:33.211+0530] {logging_mixin.py:190} INFO - [2024-09-09T21:15:33.211+0530] {dagbag.py:587} INFO - Filling up the DagBag from /home/sst7260/airflow_projects/project1/dags/abc_dag.py
[2024-09-09T21:15:33.217+0530] {processor.py:925} INFO - DAG(s) 'abc' retrieved from /home/sst7260/airflow_projects/project1/dags/abc_dag.py
[2024-09-09T21:15:33.228+0530] {logging_mixin.py:190} INFO - [2024-09-09T21:15:33.228+0530] {dag.py:3229} INFO - Sync 1 DAGs
[2024-09-09T21:15:33.241+0530] {logging_mixin.py:190} INFO - [2024-09-09T21:15:33.241+0530] {dag.py:4156} INFO - Setting next_dagrun for abc to 2024-09-09 00:00:00+00:00, run_after=2024-09-10 00:00:00+00:00
[2024-09-09T21:15:33.264+0530] {processor.py:208} INFO - Processing /home/sst7260/airflow_projects/project1/dags/abc_dag.py took 0.063 seconds
[2024-09-09T21:16:29.787+0530] {processor.py:186} INFO - Started process (PID=132754) to work on /home/sst7260/airflow_projects/project1/dags/abc_dag.py
[2024-09-09T21:16:29.789+0530] {processor.py:914} INFO - Processing file /home/sst7260/airflow_projects/project1/dags/abc_dag.py for tasks to queue
[2024-09-09T21:16:29.790+0530] {logging_mixin.py:190} INFO - [2024-09-09T21:16:29.790+0530] {dagbag.py:587} INFO - Filling up the DagBag from /home/sst7260/airflow_projects/project1/dags/abc_dag.py
[2024-09-09T21:16:29.799+0530] {processor.py:925} INFO - DAG(s) 'abc' retrieved from /home/sst7260/airflow_projects/project1/dags/abc_dag.py
[2024-09-09T21:16:29.808+0530] {logging_mixin.py:190} INFO - [2024-09-09T21:16:29.807+0530] {dag.py:3229} INFO - Sync 1 DAGs
[2024-09-09T21:16:29.820+0530] {logging_mixin.py:190} INFO - [2024-09-09T21:16:29.820+0530] {dag.py:4156} INFO - Setting next_dagrun for abc to 2024-09-09 00:00:00+00:00, run_after=2024-09-10 00:00:00+00:00
[2024-09-09T21:16:29.842+0530] {processor.py:208} INFO - Processing /home/sst7260/airflow_projects/project1/dags/abc_dag.py took 0.060 seconds
[2024-09-09T21:17:23.822+0530] {processor.py:186} INFO - Started process (PID=132822) to work on /home/sst7260/airflow_projects/project1/dags/abc_dag.py
[2024-09-09T21:17:23.824+0530] {processor.py:914} INFO - Processing file /home/sst7260/airflow_projects/project1/dags/abc_dag.py for tasks to queue
[2024-09-09T21:17:23.825+0530] {logging_mixin.py:190} INFO - [2024-09-09T21:17:23.825+0530] {dagbag.py:587} INFO - Filling up the DagBag from /home/sst7260/airflow_projects/project1/dags/abc_dag.py
[2024-09-09T21:17:23.833+0530] {processor.py:925} INFO - DAG(s) 'abc' retrieved from /home/sst7260/airflow_projects/project1/dags/abc_dag.py
[2024-09-09T21:17:23.846+0530] {logging_mixin.py:190} INFO - [2024-09-09T21:17:23.846+0530] {dag.py:3229} INFO - Sync 1 DAGs
[2024-09-09T21:17:23.866+0530] {logging_mixin.py:190} INFO - [2024-09-09T21:17:23.865+0530] {dag.py:4156} INFO - Setting next_dagrun for abc to 2024-09-09 00:00:00+00:00, run_after=2024-09-10 00:00:00+00:00
[2024-09-09T21:17:23.892+0530] {processor.py:208} INFO - Processing /home/sst7260/airflow_projects/project1/dags/abc_dag.py took 0.074 seconds
[2024-09-09T21:18:19.176+0530] {processor.py:186} INFO - Started process (PID=132885) to work on /home/sst7260/airflow_projects/project1/dags/abc_dag.py
[2024-09-09T21:18:19.181+0530] {processor.py:914} INFO - Processing file /home/sst7260/airflow_projects/project1/dags/abc_dag.py for tasks to queue
[2024-09-09T21:18:19.182+0530] {logging_mixin.py:190} INFO - [2024-09-09T21:18:19.182+0530] {dagbag.py:587} INFO - Filling up the DagBag from /home/sst7260/airflow_projects/project1/dags/abc_dag.py
[2024-09-09T21:18:19.189+0530] {processor.py:925} INFO - DAG(s) 'abc' retrieved from /home/sst7260/airflow_projects/project1/dags/abc_dag.py
[2024-09-09T21:18:19.199+0530] {logging_mixin.py:190} INFO - [2024-09-09T21:18:19.199+0530] {dag.py:3229} INFO - Sync 1 DAGs
[2024-09-09T21:18:19.212+0530] {logging_mixin.py:190} INFO - [2024-09-09T21:18:19.212+0530] {dag.py:4156} INFO - Setting next_dagrun for abc to 2024-09-09 00:00:00+00:00, run_after=2024-09-10 00:00:00+00:00
[2024-09-09T21:18:19.234+0530] {processor.py:208} INFO - Processing /home/sst7260/airflow_projects/project1/dags/abc_dag.py took 0.063 seconds
[2024-09-09T21:19:15.432+0530] {processor.py:186} INFO - Started process (PID=132951) to work on /home/sst7260/airflow_projects/project1/dags/abc_dag.py
[2024-09-09T21:19:15.433+0530] {processor.py:914} INFO - Processing file /home/sst7260/airflow_projects/project1/dags/abc_dag.py for tasks to queue
[2024-09-09T21:19:15.434+0530] {logging_mixin.py:190} INFO - [2024-09-09T21:19:15.434+0530] {dagbag.py:587} INFO - Filling up the DagBag from /home/sst7260/airflow_projects/project1/dags/abc_dag.py
[2024-09-09T21:19:15.441+0530] {processor.py:925} INFO - DAG(s) 'abc' retrieved from /home/sst7260/airflow_projects/project1/dags/abc_dag.py
[2024-09-09T21:19:15.451+0530] {logging_mixin.py:190} INFO - [2024-09-09T21:19:15.451+0530] {dag.py:3229} INFO - Sync 1 DAGs
[2024-09-09T21:19:15.464+0530] {logging_mixin.py:190} INFO - [2024-09-09T21:19:15.464+0530] {dag.py:4156} INFO - Setting next_dagrun for abc to 2024-09-09 00:00:00+00:00, run_after=2024-09-10 00:00:00+00:00
[2024-09-09T21:19:15.486+0530] {processor.py:208} INFO - Processing /home/sst7260/airflow_projects/project1/dags/abc_dag.py took 0.058 seconds
[2024-09-09T21:20:09.115+0530] {processor.py:186} INFO - Started process (PID=133012) to work on /home/sst7260/airflow_projects/project1/dags/abc_dag.py
[2024-09-09T21:20:09.117+0530] {processor.py:914} INFO - Processing file /home/sst7260/airflow_projects/project1/dags/abc_dag.py for tasks to queue
[2024-09-09T21:20:09.119+0530] {logging_mixin.py:190} INFO - [2024-09-09T21:20:09.118+0530] {dagbag.py:587} INFO - Filling up the DagBag from /home/sst7260/airflow_projects/project1/dags/abc_dag.py
[2024-09-09T21:20:09.126+0530] {processor.py:925} INFO - DAG(s) 'abc' retrieved from /home/sst7260/airflow_projects/project1/dags/abc_dag.py
[2024-09-09T21:20:09.136+0530] {logging_mixin.py:190} INFO - [2024-09-09T21:20:09.136+0530] {dag.py:3229} INFO - Sync 1 DAGs
[2024-09-09T21:20:09.148+0530] {logging_mixin.py:190} INFO - [2024-09-09T21:20:09.148+0530] {dag.py:4156} INFO - Setting next_dagrun for abc to 2024-09-09 00:00:00+00:00, run_after=2024-09-10 00:00:00+00:00
[2024-09-09T21:20:09.170+0530] {processor.py:208} INFO - Processing /home/sst7260/airflow_projects/project1/dags/abc_dag.py took 0.062 seconds
[2024-09-09T21:21:05.537+0530] {processor.py:186} INFO - Started process (PID=133169) to work on /home/sst7260/airflow_projects/project1/dags/abc_dag.py
[2024-09-09T21:21:05.539+0530] {processor.py:914} INFO - Processing file /home/sst7260/airflow_projects/project1/dags/abc_dag.py for tasks to queue
[2024-09-09T21:21:05.540+0530] {logging_mixin.py:190} INFO - [2024-09-09T21:21:05.540+0530] {dagbag.py:587} INFO - Filling up the DagBag from /home/sst7260/airflow_projects/project1/dags/abc_dag.py
[2024-09-09T21:21:05.546+0530] {processor.py:925} INFO - DAG(s) 'abc' retrieved from /home/sst7260/airflow_projects/project1/dags/abc_dag.py
[2024-09-09T21:21:05.556+0530] {logging_mixin.py:190} INFO - [2024-09-09T21:21:05.555+0530] {dag.py:3229} INFO - Sync 1 DAGs
[2024-09-09T21:21:05.568+0530] {logging_mixin.py:190} INFO - [2024-09-09T21:21:05.567+0530] {dag.py:4156} INFO - Setting next_dagrun for abc to 2024-09-09 00:00:00+00:00, run_after=2024-09-10 00:00:00+00:00
[2024-09-09T21:21:05.588+0530] {processor.py:208} INFO - Processing /home/sst7260/airflow_projects/project1/dags/abc_dag.py took 0.056 seconds
[2024-09-09T21:21:59.860+0530] {processor.py:186} INFO - Started process (PID=133239) to work on /home/sst7260/airflow_projects/project1/dags/abc_dag.py
[2024-09-09T21:21:59.861+0530] {processor.py:914} INFO - Processing file /home/sst7260/airflow_projects/project1/dags/abc_dag.py for tasks to queue
[2024-09-09T21:21:59.862+0530] {logging_mixin.py:190} INFO - [2024-09-09T21:21:59.862+0530] {dagbag.py:587} INFO - Filling up the DagBag from /home/sst7260/airflow_projects/project1/dags/abc_dag.py
[2024-09-09T21:21:59.868+0530] {processor.py:925} INFO - DAG(s) 'abc' retrieved from /home/sst7260/airflow_projects/project1/dags/abc_dag.py
[2024-09-09T21:21:59.878+0530] {logging_mixin.py:190} INFO - [2024-09-09T21:21:59.878+0530] {dag.py:3229} INFO - Sync 1 DAGs
[2024-09-09T21:21:59.891+0530] {logging_mixin.py:190} INFO - [2024-09-09T21:21:59.890+0530] {dag.py:4156} INFO - Setting next_dagrun for abc to 2024-09-09 00:00:00+00:00, run_after=2024-09-10 00:00:00+00:00
[2024-09-09T21:21:59.920+0530] {processor.py:208} INFO - Processing /home/sst7260/airflow_projects/project1/dags/abc_dag.py took 0.065 seconds
[2024-09-09T21:22:51.410+0530] {processor.py:186} INFO - Started process (PID=133302) to work on /home/sst7260/airflow_projects/project1/dags/abc_dag.py
[2024-09-09T21:22:51.415+0530] {processor.py:914} INFO - Processing file /home/sst7260/airflow_projects/project1/dags/abc_dag.py for tasks to queue
[2024-09-09T21:22:51.416+0530] {logging_mixin.py:190} INFO - [2024-09-09T21:22:51.416+0530] {dagbag.py:587} INFO - Filling up the DagBag from /home/sst7260/airflow_projects/project1/dags/abc_dag.py
[2024-09-09T21:22:51.425+0530] {processor.py:925} INFO - DAG(s) 'abc' retrieved from /home/sst7260/airflow_projects/project1/dags/abc_dag.py
[2024-09-09T21:22:51.437+0530] {logging_mixin.py:190} INFO - [2024-09-09T21:22:51.436+0530] {dag.py:3229} INFO - Sync 1 DAGs
[2024-09-09T21:22:51.449+0530] {logging_mixin.py:190} INFO - [2024-09-09T21:22:51.449+0530] {dag.py:4156} INFO - Setting next_dagrun for abc to 2024-09-09 00:00:00+00:00, run_after=2024-09-10 00:00:00+00:00
[2024-09-09T21:22:51.477+0530] {processor.py:208} INFO - Processing /home/sst7260/airflow_projects/project1/dags/abc_dag.py took 0.071 seconds
[2024-09-09T21:23:45.660+0530] {processor.py:186} INFO - Started process (PID=133366) to work on /home/sst7260/airflow_projects/project1/dags/abc_dag.py
[2024-09-09T21:23:45.668+0530] {processor.py:914} INFO - Processing file /home/sst7260/airflow_projects/project1/dags/abc_dag.py for tasks to queue
[2024-09-09T21:23:45.669+0530] {logging_mixin.py:190} INFO - [2024-09-09T21:23:45.669+0530] {dagbag.py:587} INFO - Filling up the DagBag from /home/sst7260/airflow_projects/project1/dags/abc_dag.py
[2024-09-09T21:23:45.675+0530] {processor.py:925} INFO - DAG(s) 'abc' retrieved from /home/sst7260/airflow_projects/project1/dags/abc_dag.py
[2024-09-09T21:23:45.684+0530] {logging_mixin.py:190} INFO - [2024-09-09T21:23:45.684+0530] {dag.py:3229} INFO - Sync 1 DAGs
[2024-09-09T21:23:45.699+0530] {logging_mixin.py:190} INFO - [2024-09-09T21:23:45.699+0530] {dag.py:4156} INFO - Setting next_dagrun for abc to 2024-09-09 00:00:00+00:00, run_after=2024-09-10 00:00:00+00:00
[2024-09-09T21:23:45.725+0530] {processor.py:208} INFO - Processing /home/sst7260/airflow_projects/project1/dags/abc_dag.py took 0.070 seconds
[2024-09-09T21:24:44.010+0530] {processor.py:186} INFO - Started process (PID=133431) to work on /home/sst7260/airflow_projects/project1/dags/abc_dag.py
[2024-09-09T21:24:44.012+0530] {processor.py:914} INFO - Processing file /home/sst7260/airflow_projects/project1/dags/abc_dag.py for tasks to queue
[2024-09-09T21:24:44.013+0530] {logging_mixin.py:190} INFO - [2024-09-09T21:24:44.012+0530] {dagbag.py:587} INFO - Filling up the DagBag from /home/sst7260/airflow_projects/project1/dags/abc_dag.py
[2024-09-09T21:24:44.020+0530] {processor.py:925} INFO - DAG(s) 'abc' retrieved from /home/sst7260/airflow_projects/project1/dags/abc_dag.py
[2024-09-09T21:24:44.030+0530] {logging_mixin.py:190} INFO - [2024-09-09T21:24:44.030+0530] {dag.py:3229} INFO - Sync 1 DAGs
[2024-09-09T21:24:44.045+0530] {logging_mixin.py:190} INFO - [2024-09-09T21:24:44.044+0530] {dag.py:4156} INFO - Setting next_dagrun for abc to 2024-09-09 00:00:00+00:00, run_after=2024-09-10 00:00:00+00:00
[2024-09-09T21:24:44.075+0530] {processor.py:208} INFO - Processing /home/sst7260/airflow_projects/project1/dags/abc_dag.py took 0.069 seconds
[2024-09-09T21:25:41.127+0530] {processor.py:186} INFO - Started process (PID=133585) to work on /home/sst7260/airflow_projects/project1/dags/abc_dag.py
[2024-09-09T21:25:41.128+0530] {processor.py:914} INFO - Processing file /home/sst7260/airflow_projects/project1/dags/abc_dag.py for tasks to queue
[2024-09-09T21:25:41.129+0530] {logging_mixin.py:190} INFO - [2024-09-09T21:25:41.129+0530] {dagbag.py:587} INFO - Filling up the DagBag from /home/sst7260/airflow_projects/project1/dags/abc_dag.py
[2024-09-09T21:25:41.136+0530] {processor.py:925} INFO - DAG(s) 'abc' retrieved from /home/sst7260/airflow_projects/project1/dags/abc_dag.py
[2024-09-09T21:25:41.146+0530] {logging_mixin.py:190} INFO - [2024-09-09T21:25:41.146+0530] {dag.py:3229} INFO - Sync 1 DAGs
[2024-09-09T21:25:41.159+0530] {logging_mixin.py:190} INFO - [2024-09-09T21:25:41.159+0530] {dag.py:4156} INFO - Setting next_dagrun for abc to 2024-09-09 00:00:00+00:00, run_after=2024-09-10 00:00:00+00:00
[2024-09-09T21:25:41.184+0530] {processor.py:208} INFO - Processing /home/sst7260/airflow_projects/project1/dags/abc_dag.py took 0.062 seconds
[2024-09-09T21:26:38.969+0530] {processor.py:186} INFO - Started process (PID=133658) to work on /home/sst7260/airflow_projects/project1/dags/abc_dag.py
[2024-09-09T21:26:38.971+0530] {processor.py:914} INFO - Processing file /home/sst7260/airflow_projects/project1/dags/abc_dag.py for tasks to queue
[2024-09-09T21:26:38.972+0530] {logging_mixin.py:190} INFO - [2024-09-09T21:26:38.971+0530] {dagbag.py:587} INFO - Filling up the DagBag from /home/sst7260/airflow_projects/project1/dags/abc_dag.py
[2024-09-09T21:26:38.978+0530] {processor.py:925} INFO - DAG(s) 'abc' retrieved from /home/sst7260/airflow_projects/project1/dags/abc_dag.py
[2024-09-09T21:26:38.987+0530] {logging_mixin.py:190} INFO - [2024-09-09T21:26:38.987+0530] {dag.py:3229} INFO - Sync 1 DAGs
[2024-09-09T21:26:39.000+0530] {logging_mixin.py:190} INFO - [2024-09-09T21:26:39.000+0530] {dag.py:4156} INFO - Setting next_dagrun for abc to 2024-09-09 00:00:00+00:00, run_after=2024-09-10 00:00:00+00:00
[2024-09-09T21:26:39.021+0530] {processor.py:208} INFO - Processing /home/sst7260/airflow_projects/project1/dags/abc_dag.py took 0.056 seconds
[2024-09-09T21:27:31.910+0530] {processor.py:186} INFO - Started process (PID=133738) to work on /home/sst7260/airflow_projects/project1/dags/abc_dag.py
[2024-09-09T21:27:31.913+0530] {processor.py:914} INFO - Processing file /home/sst7260/airflow_projects/project1/dags/abc_dag.py for tasks to queue
[2024-09-09T21:27:31.915+0530] {logging_mixin.py:190} INFO - [2024-09-09T21:27:31.915+0530] {dagbag.py:587} INFO - Filling up the DagBag from /home/sst7260/airflow_projects/project1/dags/abc_dag.py
[2024-09-09T21:27:31.922+0530] {processor.py:925} INFO - DAG(s) 'abc' retrieved from /home/sst7260/airflow_projects/project1/dags/abc_dag.py
[2024-09-09T21:27:31.932+0530] {logging_mixin.py:190} INFO - [2024-09-09T21:27:31.932+0530] {dag.py:3229} INFO - Sync 1 DAGs
[2024-09-09T21:27:31.947+0530] {logging_mixin.py:190} INFO - [2024-09-09T21:27:31.947+0530] {dag.py:4156} INFO - Setting next_dagrun for abc to 2024-09-09 00:00:00+00:00, run_after=2024-09-10 00:00:00+00:00
[2024-09-09T21:27:31.971+0530] {processor.py:208} INFO - Processing /home/sst7260/airflow_projects/project1/dags/abc_dag.py took 0.066 seconds
[2024-09-09T21:28:28.087+0530] {processor.py:186} INFO - Started process (PID=133845) to work on /home/sst7260/airflow_projects/project1/dags/abc_dag.py
[2024-09-09T21:28:28.089+0530] {processor.py:914} INFO - Processing file /home/sst7260/airflow_projects/project1/dags/abc_dag.py for tasks to queue
[2024-09-09T21:28:28.090+0530] {logging_mixin.py:190} INFO - [2024-09-09T21:28:28.090+0530] {dagbag.py:587} INFO - Filling up the DagBag from /home/sst7260/airflow_projects/project1/dags/abc_dag.py
[2024-09-09T21:28:28.096+0530] {processor.py:925} INFO - DAG(s) 'abc' retrieved from /home/sst7260/airflow_projects/project1/dags/abc_dag.py
[2024-09-09T21:28:28.105+0530] {logging_mixin.py:190} INFO - [2024-09-09T21:28:28.105+0530] {dag.py:3229} INFO - Sync 1 DAGs
[2024-09-09T21:28:28.117+0530] {logging_mixin.py:190} INFO - [2024-09-09T21:28:28.117+0530] {dag.py:4156} INFO - Setting next_dagrun for abc to 2024-09-09 00:00:00+00:00, run_after=2024-09-10 00:00:00+00:00
[2024-09-09T21:28:28.145+0530] {processor.py:208} INFO - Processing /home/sst7260/airflow_projects/project1/dags/abc_dag.py took 0.063 seconds
[2024-09-09T21:29:25.293+0530] {processor.py:186} INFO - Started process (PID=133911) to work on /home/sst7260/airflow_projects/project1/dags/abc_dag.py
[2024-09-09T21:29:25.294+0530] {processor.py:914} INFO - Processing file /home/sst7260/airflow_projects/project1/dags/abc_dag.py for tasks to queue
[2024-09-09T21:29:25.295+0530] {logging_mixin.py:190} INFO - [2024-09-09T21:29:25.295+0530] {dagbag.py:587} INFO - Filling up the DagBag from /home/sst7260/airflow_projects/project1/dags/abc_dag.py
[2024-09-09T21:29:25.301+0530] {processor.py:925} INFO - DAG(s) 'abc' retrieved from /home/sst7260/airflow_projects/project1/dags/abc_dag.py
[2024-09-09T21:29:25.310+0530] {logging_mixin.py:190} INFO - [2024-09-09T21:29:25.310+0530] {dag.py:3229} INFO - Sync 1 DAGs
[2024-09-09T21:29:25.322+0530] {logging_mixin.py:190} INFO - [2024-09-09T21:29:25.322+0530] {dag.py:4156} INFO - Setting next_dagrun for abc to 2024-09-09 00:00:00+00:00, run_after=2024-09-10 00:00:00+00:00
[2024-09-09T21:29:25.345+0530] {processor.py:208} INFO - Processing /home/sst7260/airflow_projects/project1/dags/abc_dag.py took 0.057 seconds
[2024-09-09T21:30:17.294+0530] {processor.py:186} INFO - Started process (PID=133973) to work on /home/sst7260/airflow_projects/project1/dags/abc_dag.py
[2024-09-09T21:30:17.296+0530] {processor.py:914} INFO - Processing file /home/sst7260/airflow_projects/project1/dags/abc_dag.py for tasks to queue
[2024-09-09T21:30:17.297+0530] {logging_mixin.py:190} INFO - [2024-09-09T21:30:17.297+0530] {dagbag.py:587} INFO - Filling up the DagBag from /home/sst7260/airflow_projects/project1/dags/abc_dag.py
[2024-09-09T21:30:17.303+0530] {processor.py:925} INFO - DAG(s) 'abc' retrieved from /home/sst7260/airflow_projects/project1/dags/abc_dag.py
[2024-09-09T21:30:17.313+0530] {logging_mixin.py:190} INFO - [2024-09-09T21:30:17.313+0530] {dag.py:3229} INFO - Sync 1 DAGs
[2024-09-09T21:30:17.332+0530] {logging_mixin.py:190} INFO - [2024-09-09T21:30:17.332+0530] {dag.py:4156} INFO - Setting next_dagrun for abc to 2024-09-09 00:00:00+00:00, run_after=2024-09-10 00:00:00+00:00
[2024-09-09T21:30:17.354+0530] {processor.py:208} INFO - Processing /home/sst7260/airflow_projects/project1/dags/abc_dag.py took 0.069 seconds
[2024-09-09T21:31:11.725+0530] {processor.py:186} INFO - Started process (PID=134068) to work on /home/sst7260/airflow_projects/project1/dags/abc_dag.py
[2024-09-09T21:31:11.727+0530] {processor.py:914} INFO - Processing file /home/sst7260/airflow_projects/project1/dags/abc_dag.py for tasks to queue
[2024-09-09T21:31:11.728+0530] {logging_mixin.py:190} INFO - [2024-09-09T21:31:11.728+0530] {dagbag.py:587} INFO - Filling up the DagBag from /home/sst7260/airflow_projects/project1/dags/abc_dag.py
[2024-09-09T21:31:11.736+0530] {processor.py:925} INFO - DAG(s) 'abc' retrieved from /home/sst7260/airflow_projects/project1/dags/abc_dag.py
[2024-09-09T21:31:11.746+0530] {logging_mixin.py:190} INFO - [2024-09-09T21:31:11.745+0530] {dag.py:3229} INFO - Sync 1 DAGs
[2024-09-09T21:31:11.758+0530] {logging_mixin.py:190} INFO - [2024-09-09T21:31:11.758+0530] {dag.py:4156} INFO - Setting next_dagrun for abc to 2024-09-09 00:00:00+00:00, run_after=2024-09-10 00:00:00+00:00
[2024-09-09T21:31:11.781+0530] {processor.py:208} INFO - Processing /home/sst7260/airflow_projects/project1/dags/abc_dag.py took 0.063 seconds
[2024-09-09T21:32:06.417+0530] {processor.py:186} INFO - Started process (PID=134133) to work on /home/sst7260/airflow_projects/project1/dags/abc_dag.py
[2024-09-09T21:32:06.419+0530] {processor.py:914} INFO - Processing file /home/sst7260/airflow_projects/project1/dags/abc_dag.py for tasks to queue
[2024-09-09T21:32:06.420+0530] {logging_mixin.py:190} INFO - [2024-09-09T21:32:06.420+0530] {dagbag.py:587} INFO - Filling up the DagBag from /home/sst7260/airflow_projects/project1/dags/abc_dag.py
[2024-09-09T21:32:06.428+0530] {processor.py:925} INFO - DAG(s) 'abc' retrieved from /home/sst7260/airflow_projects/project1/dags/abc_dag.py
[2024-09-09T21:32:06.437+0530] {logging_mixin.py:190} INFO - [2024-09-09T21:32:06.437+0530] {dag.py:3229} INFO - Sync 1 DAGs
[2024-09-09T21:32:06.450+0530] {logging_mixin.py:190} INFO - [2024-09-09T21:32:06.450+0530] {dag.py:4156} INFO - Setting next_dagrun for abc to 2024-09-09 00:00:00+00:00, run_after=2024-09-10 00:00:00+00:00
[2024-09-09T21:32:06.472+0530] {processor.py:208} INFO - Processing /home/sst7260/airflow_projects/project1/dags/abc_dag.py took 0.060 seconds
[2024-09-09T21:33:02.329+0530] {processor.py:186} INFO - Started process (PID=134197) to work on /home/sst7260/airflow_projects/project1/dags/abc_dag.py
[2024-09-09T21:33:02.331+0530] {processor.py:914} INFO - Processing file /home/sst7260/airflow_projects/project1/dags/abc_dag.py for tasks to queue
[2024-09-09T21:33:02.332+0530] {logging_mixin.py:190} INFO - [2024-09-09T21:33:02.332+0530] {dagbag.py:587} INFO - Filling up the DagBag from /home/sst7260/airflow_projects/project1/dags/abc_dag.py
[2024-09-09T21:33:02.339+0530] {processor.py:925} INFO - DAG(s) 'abc' retrieved from /home/sst7260/airflow_projects/project1/dags/abc_dag.py
[2024-09-09T21:33:02.349+0530] {logging_mixin.py:190} INFO - [2024-09-09T21:33:02.349+0530] {dag.py:3229} INFO - Sync 1 DAGs
[2024-09-09T21:33:02.362+0530] {logging_mixin.py:190} INFO - [2024-09-09T21:33:02.362+0530] {dag.py:4156} INFO - Setting next_dagrun for abc to 2024-09-09 00:00:00+00:00, run_after=2024-09-10 00:00:00+00:00
[2024-09-09T21:33:02.386+0530] {processor.py:208} INFO - Processing /home/sst7260/airflow_projects/project1/dags/abc_dag.py took 0.062 seconds
[2024-09-09T21:33:56.086+0530] {processor.py:186} INFO - Started process (PID=134260) to work on /home/sst7260/airflow_projects/project1/dags/abc_dag.py
[2024-09-09T21:33:56.089+0530] {processor.py:914} INFO - Processing file /home/sst7260/airflow_projects/project1/dags/abc_dag.py for tasks to queue
[2024-09-09T21:33:56.090+0530] {logging_mixin.py:190} INFO - [2024-09-09T21:33:56.090+0530] {dagbag.py:587} INFO - Filling up the DagBag from /home/sst7260/airflow_projects/project1/dags/abc_dag.py
[2024-09-09T21:33:56.100+0530] {processor.py:925} INFO - DAG(s) 'abc' retrieved from /home/sst7260/airflow_projects/project1/dags/abc_dag.py
[2024-09-09T21:33:56.114+0530] {logging_mixin.py:190} INFO - [2024-09-09T21:33:56.113+0530] {dag.py:3229} INFO - Sync 1 DAGs
[2024-09-09T21:33:56.127+0530] {logging_mixin.py:190} INFO - [2024-09-09T21:33:56.127+0530] {dag.py:4156} INFO - Setting next_dagrun for abc to 2024-09-09 00:00:00+00:00, run_after=2024-09-10 00:00:00+00:00
[2024-09-09T21:33:56.151+0530] {processor.py:208} INFO - Processing /home/sst7260/airflow_projects/project1/dags/abc_dag.py took 0.069 seconds
[2024-09-09T21:34:50.689+0530] {processor.py:186} INFO - Started process (PID=134323) to work on /home/sst7260/airflow_projects/project1/dags/abc_dag.py
[2024-09-09T21:34:50.693+0530] {processor.py:914} INFO - Processing file /home/sst7260/airflow_projects/project1/dags/abc_dag.py for tasks to queue
[2024-09-09T21:34:50.695+0530] {logging_mixin.py:190} INFO - [2024-09-09T21:34:50.694+0530] {dagbag.py:587} INFO - Filling up the DagBag from /home/sst7260/airflow_projects/project1/dags/abc_dag.py
[2024-09-09T21:34:50.701+0530] {processor.py:925} INFO - DAG(s) 'abc' retrieved from /home/sst7260/airflow_projects/project1/dags/abc_dag.py
[2024-09-09T21:34:50.713+0530] {logging_mixin.py:190} INFO - [2024-09-09T21:34:50.713+0530] {dag.py:3229} INFO - Sync 1 DAGs
[2024-09-09T21:34:50.728+0530] {logging_mixin.py:190} INFO - [2024-09-09T21:34:50.727+0530] {dag.py:4156} INFO - Setting next_dagrun for abc to 2024-09-09 00:00:00+00:00, run_after=2024-09-10 00:00:00+00:00
[2024-09-09T21:34:50.749+0530] {processor.py:208} INFO - Processing /home/sst7260/airflow_projects/project1/dags/abc_dag.py took 0.066 seconds
[2024-09-09T21:35:45.837+0530] {processor.py:186} INFO - Started process (PID=134413) to work on /home/sst7260/airflow_projects/project1/dags/abc_dag.py
[2024-09-09T21:35:45.839+0530] {processor.py:914} INFO - Processing file /home/sst7260/airflow_projects/project1/dags/abc_dag.py for tasks to queue
[2024-09-09T21:35:45.840+0530] {logging_mixin.py:190} INFO - [2024-09-09T21:35:45.840+0530] {dagbag.py:587} INFO - Filling up the DagBag from /home/sst7260/airflow_projects/project1/dags/abc_dag.py
[2024-09-09T21:35:45.847+0530] {processor.py:925} INFO - DAG(s) 'abc' retrieved from /home/sst7260/airflow_projects/project1/dags/abc_dag.py
[2024-09-09T21:35:45.856+0530] {logging_mixin.py:190} INFO - [2024-09-09T21:35:45.856+0530] {dag.py:3229} INFO - Sync 1 DAGs
[2024-09-09T21:35:45.870+0530] {logging_mixin.py:190} INFO - [2024-09-09T21:35:45.870+0530] {dag.py:4156} INFO - Setting next_dagrun for abc to 2024-09-09 00:00:00+00:00, run_after=2024-09-10 00:00:00+00:00
[2024-09-09T21:35:45.891+0530] {processor.py:208} INFO - Processing /home/sst7260/airflow_projects/project1/dags/abc_dag.py took 0.058 seconds
[2024-09-09T21:36:40.287+0530] {processor.py:186} INFO - Started process (PID=134483) to work on /home/sst7260/airflow_projects/project1/dags/abc_dag.py
[2024-09-09T21:36:40.289+0530] {processor.py:914} INFO - Processing file /home/sst7260/airflow_projects/project1/dags/abc_dag.py for tasks to queue
[2024-09-09T21:36:40.290+0530] {logging_mixin.py:190} INFO - [2024-09-09T21:36:40.289+0530] {dagbag.py:587} INFO - Filling up the DagBag from /home/sst7260/airflow_projects/project1/dags/abc_dag.py
[2024-09-09T21:36:40.296+0530] {processor.py:925} INFO - DAG(s) 'abc' retrieved from /home/sst7260/airflow_projects/project1/dags/abc_dag.py
[2024-09-09T21:36:40.305+0530] {logging_mixin.py:190} INFO - [2024-09-09T21:36:40.305+0530] {dag.py:3229} INFO - Sync 1 DAGs
[2024-09-09T21:36:40.318+0530] {logging_mixin.py:190} INFO - [2024-09-09T21:36:40.318+0530] {dag.py:4156} INFO - Setting next_dagrun for abc to 2024-09-09 00:00:00+00:00, run_after=2024-09-10 00:00:00+00:00
[2024-09-09T21:36:40.343+0530] {processor.py:208} INFO - Processing /home/sst7260/airflow_projects/project1/dags/abc_dag.py took 0.061 seconds
[2024-09-09T21:37:35.349+0530] {processor.py:186} INFO - Started process (PID=134546) to work on /home/sst7260/airflow_projects/project1/dags/abc_dag.py
[2024-09-09T21:37:35.354+0530] {processor.py:914} INFO - Processing file /home/sst7260/airflow_projects/project1/dags/abc_dag.py for tasks to queue
[2024-09-09T21:37:35.355+0530] {logging_mixin.py:190} INFO - [2024-09-09T21:37:35.354+0530] {dagbag.py:587} INFO - Filling up the DagBag from /home/sst7260/airflow_projects/project1/dags/abc_dag.py
[2024-09-09T21:37:35.361+0530] {processor.py:925} INFO - DAG(s) 'abc' retrieved from /home/sst7260/airflow_projects/project1/dags/abc_dag.py
[2024-09-09T21:37:35.371+0530] {logging_mixin.py:190} INFO - [2024-09-09T21:37:35.371+0530] {dag.py:3229} INFO - Sync 1 DAGs
[2024-09-09T21:37:35.383+0530] {logging_mixin.py:190} INFO - [2024-09-09T21:37:35.383+0530] {dag.py:4156} INFO - Setting next_dagrun for abc to 2024-09-09 00:00:00+00:00, run_after=2024-09-10 00:00:00+00:00
[2024-09-09T21:37:35.405+0530] {processor.py:208} INFO - Processing /home/sst7260/airflow_projects/project1/dags/abc_dag.py took 0.061 seconds
[2024-09-09T21:38:30.381+0530] {processor.py:186} INFO - Started process (PID=134608) to work on /home/sst7260/airflow_projects/project1/dags/abc_dag.py
[2024-09-09T21:38:30.382+0530] {processor.py:914} INFO - Processing file /home/sst7260/airflow_projects/project1/dags/abc_dag.py for tasks to queue
[2024-09-09T21:38:30.383+0530] {logging_mixin.py:190} INFO - [2024-09-09T21:38:30.383+0530] {dagbag.py:587} INFO - Filling up the DagBag from /home/sst7260/airflow_projects/project1/dags/abc_dag.py
[2024-09-09T21:38:30.389+0530] {processor.py:925} INFO - DAG(s) 'abc' retrieved from /home/sst7260/airflow_projects/project1/dags/abc_dag.py
[2024-09-09T21:38:30.399+0530] {logging_mixin.py:190} INFO - [2024-09-09T21:38:30.399+0530] {dag.py:3229} INFO - Sync 1 DAGs
[2024-09-09T21:38:30.412+0530] {logging_mixin.py:190} INFO - [2024-09-09T21:38:30.412+0530] {dag.py:4156} INFO - Setting next_dagrun for abc to 2024-09-09 00:00:00+00:00, run_after=2024-09-10 00:00:00+00:00
[2024-09-09T21:38:30.435+0530] {processor.py:208} INFO - Processing /home/sst7260/airflow_projects/project1/dags/abc_dag.py took 0.059 seconds
[2024-09-09T21:39:24.717+0530] {processor.py:186} INFO - Started process (PID=134671) to work on /home/sst7260/airflow_projects/project1/dags/abc_dag.py
[2024-09-09T21:39:24.726+0530] {processor.py:914} INFO - Processing file /home/sst7260/airflow_projects/project1/dags/abc_dag.py for tasks to queue
[2024-09-09T21:39:24.727+0530] {logging_mixin.py:190} INFO - [2024-09-09T21:39:24.727+0530] {dagbag.py:587} INFO - Filling up the DagBag from /home/sst7260/airflow_projects/project1/dags/abc_dag.py
[2024-09-09T21:39:24.734+0530] {processor.py:925} INFO - DAG(s) 'abc' retrieved from /home/sst7260/airflow_projects/project1/dags/abc_dag.py
[2024-09-09T21:39:24.743+0530] {logging_mixin.py:190} INFO - [2024-09-09T21:39:24.743+0530] {dag.py:3229} INFO - Sync 1 DAGs
[2024-09-09T21:39:24.755+0530] {logging_mixin.py:190} INFO - [2024-09-09T21:39:24.755+0530] {dag.py:4156} INFO - Setting next_dagrun for abc to 2024-09-09 00:00:00+00:00, run_after=2024-09-10 00:00:00+00:00
[2024-09-09T21:39:24.777+0530] {processor.py:208} INFO - Processing /home/sst7260/airflow_projects/project1/dags/abc_dag.py took 0.065 seconds
[2024-09-09T21:40:17.508+0530] {processor.py:186} INFO - Started process (PID=134732) to work on /home/sst7260/airflow_projects/project1/dags/abc_dag.py
[2024-09-09T21:40:17.510+0530] {processor.py:914} INFO - Processing file /home/sst7260/airflow_projects/project1/dags/abc_dag.py for tasks to queue
[2024-09-09T21:40:17.511+0530] {logging_mixin.py:190} INFO - [2024-09-09T21:40:17.511+0530] {dagbag.py:587} INFO - Filling up the DagBag from /home/sst7260/airflow_projects/project1/dags/abc_dag.py
[2024-09-09T21:40:17.517+0530] {processor.py:925} INFO - DAG(s) 'abc' retrieved from /home/sst7260/airflow_projects/project1/dags/abc_dag.py
[2024-09-09T21:40:17.526+0530] {logging_mixin.py:190} INFO - [2024-09-09T21:40:17.526+0530] {dag.py:3229} INFO - Sync 1 DAGs
[2024-09-09T21:40:17.541+0530] {logging_mixin.py:190} INFO - [2024-09-09T21:40:17.541+0530] {dag.py:4156} INFO - Setting next_dagrun for abc to 2024-09-09 00:00:00+00:00, run_after=2024-09-10 00:00:00+00:00
[2024-09-09T21:40:17.562+0530] {processor.py:208} INFO - Processing /home/sst7260/airflow_projects/project1/dags/abc_dag.py took 0.059 seconds
[2024-09-09T21:41:11.845+0530] {processor.py:186} INFO - Started process (PID=134822) to work on /home/sst7260/airflow_projects/project1/dags/abc_dag.py
[2024-09-09T21:41:11.854+0530] {processor.py:914} INFO - Processing file /home/sst7260/airflow_projects/project1/dags/abc_dag.py for tasks to queue
[2024-09-09T21:41:11.855+0530] {logging_mixin.py:190} INFO - [2024-09-09T21:41:11.855+0530] {dagbag.py:587} INFO - Filling up the DagBag from /home/sst7260/airflow_projects/project1/dags/abc_dag.py
[2024-09-09T21:41:11.862+0530] {processor.py:925} INFO - DAG(s) 'abc' retrieved from /home/sst7260/airflow_projects/project1/dags/abc_dag.py
[2024-09-09T21:41:11.871+0530] {logging_mixin.py:190} INFO - [2024-09-09T21:41:11.871+0530] {dag.py:3229} INFO - Sync 1 DAGs
[2024-09-09T21:41:11.884+0530] {logging_mixin.py:190} INFO - [2024-09-09T21:41:11.884+0530] {dag.py:4156} INFO - Setting next_dagrun for abc to 2024-09-09 00:00:00+00:00, run_after=2024-09-10 00:00:00+00:00
[2024-09-09T21:41:11.907+0530] {processor.py:208} INFO - Processing /home/sst7260/airflow_projects/project1/dags/abc_dag.py took 0.066 seconds
[2024-09-09T21:42:04.691+0530] {processor.py:186} INFO - Started process (PID=134892) to work on /home/sst7260/airflow_projects/project1/dags/abc_dag.py
[2024-09-09T21:42:04.694+0530] {processor.py:914} INFO - Processing file /home/sst7260/airflow_projects/project1/dags/abc_dag.py for tasks to queue
[2024-09-09T21:42:04.695+0530] {logging_mixin.py:190} INFO - [2024-09-09T21:42:04.695+0530] {dagbag.py:587} INFO - Filling up the DagBag from /home/sst7260/airflow_projects/project1/dags/abc_dag.py
[2024-09-09T21:42:04.701+0530] {processor.py:925} INFO - DAG(s) 'abc' retrieved from /home/sst7260/airflow_projects/project1/dags/abc_dag.py
[2024-09-09T21:42:04.710+0530] {logging_mixin.py:190} INFO - [2024-09-09T21:42:04.710+0530] {dag.py:3229} INFO - Sync 1 DAGs
[2024-09-09T21:42:04.726+0530] {logging_mixin.py:190} INFO - [2024-09-09T21:42:04.726+0530] {dag.py:4156} INFO - Setting next_dagrun for abc to 2024-09-09 00:00:00+00:00, run_after=2024-09-10 00:00:00+00:00
[2024-09-09T21:42:04.749+0530] {processor.py:208} INFO - Processing /home/sst7260/airflow_projects/project1/dags/abc_dag.py took 0.062 seconds
[2024-09-09T21:42:55.522+0530] {processor.py:186} INFO - Started process (PID=134952) to work on /home/sst7260/airflow_projects/project1/dags/abc_dag.py
[2024-09-09T21:42:55.523+0530] {processor.py:914} INFO - Processing file /home/sst7260/airflow_projects/project1/dags/abc_dag.py for tasks to queue
[2024-09-09T21:42:55.524+0530] {logging_mixin.py:190} INFO - [2024-09-09T21:42:55.524+0530] {dagbag.py:587} INFO - Filling up the DagBag from /home/sst7260/airflow_projects/project1/dags/abc_dag.py
[2024-09-09T21:42:55.531+0530] {processor.py:925} INFO - DAG(s) 'abc' retrieved from /home/sst7260/airflow_projects/project1/dags/abc_dag.py
[2024-09-09T21:42:55.540+0530] {logging_mixin.py:190} INFO - [2024-09-09T21:42:55.540+0530] {dag.py:3229} INFO - Sync 1 DAGs
[2024-09-09T21:42:55.552+0530] {logging_mixin.py:190} INFO - [2024-09-09T21:42:55.552+0530] {dag.py:4156} INFO - Setting next_dagrun for abc to 2024-09-09 00:00:00+00:00, run_after=2024-09-10 00:00:00+00:00
[2024-09-09T21:42:55.575+0530] {processor.py:208} INFO - Processing /home/sst7260/airflow_projects/project1/dags/abc_dag.py took 0.057 seconds
[2024-09-09T21:43:47.568+0530] {processor.py:186} INFO - Started process (PID=135013) to work on /home/sst7260/airflow_projects/project1/dags/abc_dag.py
[2024-09-09T21:43:47.570+0530] {processor.py:914} INFO - Processing file /home/sst7260/airflow_projects/project1/dags/abc_dag.py for tasks to queue
[2024-09-09T21:43:47.571+0530] {logging_mixin.py:190} INFO - [2024-09-09T21:43:47.570+0530] {dagbag.py:587} INFO - Filling up the DagBag from /home/sst7260/airflow_projects/project1/dags/abc_dag.py
[2024-09-09T21:43:47.578+0530] {processor.py:925} INFO - DAG(s) 'abc' retrieved from /home/sst7260/airflow_projects/project1/dags/abc_dag.py
[2024-09-09T21:43:47.588+0530] {logging_mixin.py:190} INFO - [2024-09-09T21:43:47.587+0530] {dag.py:3229} INFO - Sync 1 DAGs
[2024-09-09T21:43:47.604+0530] {logging_mixin.py:190} INFO - [2024-09-09T21:43:47.603+0530] {dag.py:4156} INFO - Setting next_dagrun for abc to 2024-09-09 00:00:00+00:00, run_after=2024-09-10 00:00:00+00:00
[2024-09-09T21:43:47.627+0530] {processor.py:208} INFO - Processing /home/sst7260/airflow_projects/project1/dags/abc_dag.py took 0.064 seconds
[2024-09-09T21:44:41.399+0530] {processor.py:186} INFO - Started process (PID=135074) to work on /home/sst7260/airflow_projects/project1/dags/abc_dag.py
[2024-09-09T21:44:41.401+0530] {processor.py:914} INFO - Processing file /home/sst7260/airflow_projects/project1/dags/abc_dag.py for tasks to queue
[2024-09-09T21:44:41.402+0530] {logging_mixin.py:190} INFO - [2024-09-09T21:44:41.402+0530] {dagbag.py:587} INFO - Filling up the DagBag from /home/sst7260/airflow_projects/project1/dags/abc_dag.py
[2024-09-09T21:44:41.408+0530] {processor.py:925} INFO - DAG(s) 'abc' retrieved from /home/sst7260/airflow_projects/project1/dags/abc_dag.py
[2024-09-09T21:44:41.418+0530] {logging_mixin.py:190} INFO - [2024-09-09T21:44:41.418+0530] {dag.py:3229} INFO - Sync 1 DAGs
[2024-09-09T21:44:41.431+0530] {logging_mixin.py:190} INFO - [2024-09-09T21:44:41.431+0530] {dag.py:4156} INFO - Setting next_dagrun for abc to 2024-09-09 00:00:00+00:00, run_after=2024-09-10 00:00:00+00:00
[2024-09-09T21:44:41.452+0530] {processor.py:208} INFO - Processing /home/sst7260/airflow_projects/project1/dags/abc_dag.py took 0.057 seconds
[2024-09-09T21:45:35.727+0530] {processor.py:186} INFO - Started process (PID=135163) to work on /home/sst7260/airflow_projects/project1/dags/abc_dag.py
[2024-09-09T21:45:35.728+0530] {processor.py:914} INFO - Processing file /home/sst7260/airflow_projects/project1/dags/abc_dag.py for tasks to queue
[2024-09-09T21:45:35.730+0530] {logging_mixin.py:190} INFO - [2024-09-09T21:45:35.729+0530] {dagbag.py:587} INFO - Filling up the DagBag from /home/sst7260/airflow_projects/project1/dags/abc_dag.py
[2024-09-09T21:45:35.737+0530] {processor.py:925} INFO - DAG(s) 'abc' retrieved from /home/sst7260/airflow_projects/project1/dags/abc_dag.py
[2024-09-09T21:45:35.746+0530] {logging_mixin.py:190} INFO - [2024-09-09T21:45:35.746+0530] {dag.py:3229} INFO - Sync 1 DAGs
[2024-09-09T21:45:35.759+0530] {logging_mixin.py:190} INFO - [2024-09-09T21:45:35.759+0530] {dag.py:4156} INFO - Setting next_dagrun for abc to 2024-09-09 00:00:00+00:00, run_after=2024-09-10 00:00:00+00:00
[2024-09-09T21:45:35.780+0530] {processor.py:208} INFO - Processing /home/sst7260/airflow_projects/project1/dags/abc_dag.py took 0.058 seconds
[2024-09-09T21:46:28.273+0530] {processor.py:186} INFO - Started process (PID=135227) to work on /home/sst7260/airflow_projects/project1/dags/abc_dag.py
[2024-09-09T21:46:28.278+0530] {processor.py:914} INFO - Processing file /home/sst7260/airflow_projects/project1/dags/abc_dag.py for tasks to queue
[2024-09-09T21:46:28.279+0530] {logging_mixin.py:190} INFO - [2024-09-09T21:46:28.279+0530] {dagbag.py:587} INFO - Filling up the DagBag from /home/sst7260/airflow_projects/project1/dags/abc_dag.py
[2024-09-09T21:46:28.285+0530] {processor.py:925} INFO - DAG(s) 'abc' retrieved from /home/sst7260/airflow_projects/project1/dags/abc_dag.py
[2024-09-09T21:46:28.295+0530] {logging_mixin.py:190} INFO - [2024-09-09T21:46:28.294+0530] {dag.py:3229} INFO - Sync 1 DAGs
[2024-09-09T21:46:28.308+0530] {logging_mixin.py:190} INFO - [2024-09-09T21:46:28.308+0530] {dag.py:4156} INFO - Setting next_dagrun for abc to 2024-09-09 00:00:00+00:00, run_after=2024-09-10 00:00:00+00:00
[2024-09-09T21:46:28.332+0530] {processor.py:208} INFO - Processing /home/sst7260/airflow_projects/project1/dags/abc_dag.py took 0.062 seconds
[2024-09-09T21:47:25.399+0530] {processor.py:186} INFO - Started process (PID=135297) to work on /home/sst7260/airflow_projects/project1/dags/abc_dag.py
[2024-09-09T21:47:25.401+0530] {processor.py:914} INFO - Processing file /home/sst7260/airflow_projects/project1/dags/abc_dag.py for tasks to queue
[2024-09-09T21:47:25.402+0530] {logging_mixin.py:190} INFO - [2024-09-09T21:47:25.402+0530] {dagbag.py:587} INFO - Filling up the DagBag from /home/sst7260/airflow_projects/project1/dags/abc_dag.py
[2024-09-09T21:47:25.408+0530] {processor.py:925} INFO - DAG(s) 'abc' retrieved from /home/sst7260/airflow_projects/project1/dags/abc_dag.py
[2024-09-09T21:47:25.418+0530] {logging_mixin.py:190} INFO - [2024-09-09T21:47:25.418+0530] {dag.py:3229} INFO - Sync 1 DAGs
[2024-09-09T21:47:25.431+0530] {logging_mixin.py:190} INFO - [2024-09-09T21:47:25.431+0530] {dag.py:4156} INFO - Setting next_dagrun for abc to 2024-09-09 00:00:00+00:00, run_after=2024-09-10 00:00:00+00:00
[2024-09-09T21:47:25.455+0530] {processor.py:208} INFO - Processing /home/sst7260/airflow_projects/project1/dags/abc_dag.py took 0.061 seconds
[2024-09-09T21:48:14.795+0530] {processor.py:186} INFO - Started process (PID=135357) to work on /home/sst7260/airflow_projects/project1/dags/abc_dag.py
[2024-09-09T21:48:14.796+0530] {processor.py:914} INFO - Processing file /home/sst7260/airflow_projects/project1/dags/abc_dag.py for tasks to queue
[2024-09-09T21:48:14.798+0530] {logging_mixin.py:190} INFO - [2024-09-09T21:48:14.797+0530] {dagbag.py:587} INFO - Filling up the DagBag from /home/sst7260/airflow_projects/project1/dags/abc_dag.py
[2024-09-09T21:48:14.805+0530] {processor.py:925} INFO - DAG(s) 'abc' retrieved from /home/sst7260/airflow_projects/project1/dags/abc_dag.py
[2024-09-09T21:48:14.815+0530] {logging_mixin.py:190} INFO - [2024-09-09T21:48:14.815+0530] {dag.py:3229} INFO - Sync 1 DAGs
[2024-09-09T21:48:14.829+0530] {logging_mixin.py:190} INFO - [2024-09-09T21:48:14.829+0530] {dag.py:4156} INFO - Setting next_dagrun for abc to 2024-09-09 00:00:00+00:00, run_after=2024-09-10 00:00:00+00:00
[2024-09-09T21:48:14.853+0530] {processor.py:208} INFO - Processing /home/sst7260/airflow_projects/project1/dags/abc_dag.py took 0.063 seconds
[2024-09-09T21:49:06.433+0530] {processor.py:186} INFO - Started process (PID=135419) to work on /home/sst7260/airflow_projects/project1/dags/abc_dag.py
[2024-09-09T21:49:06.438+0530] {processor.py:914} INFO - Processing file /home/sst7260/airflow_projects/project1/dags/abc_dag.py for tasks to queue
[2024-09-09T21:49:06.439+0530] {logging_mixin.py:190} INFO - [2024-09-09T21:49:06.439+0530] {dagbag.py:587} INFO - Filling up the DagBag from /home/sst7260/airflow_projects/project1/dags/abc_dag.py
[2024-09-09T21:49:06.445+0530] {processor.py:925} INFO - DAG(s) 'abc' retrieved from /home/sst7260/airflow_projects/project1/dags/abc_dag.py
[2024-09-09T21:49:06.454+0530] {logging_mixin.py:190} INFO - [2024-09-09T21:49:06.454+0530] {dag.py:3229} INFO - Sync 1 DAGs
[2024-09-09T21:49:06.467+0530] {logging_mixin.py:190} INFO - [2024-09-09T21:49:06.467+0530] {dag.py:4156} INFO - Setting next_dagrun for abc to 2024-09-09 00:00:00+00:00, run_after=2024-09-10 00:00:00+00:00
[2024-09-09T21:49:06.489+0530] {processor.py:208} INFO - Processing /home/sst7260/airflow_projects/project1/dags/abc_dag.py took 0.060 seconds
[2024-09-09T21:50:00.026+0530] {processor.py:186} INFO - Started process (PID=135481) to work on /home/sst7260/airflow_projects/project1/dags/abc_dag.py
[2024-09-09T21:50:00.029+0530] {processor.py:914} INFO - Processing file /home/sst7260/airflow_projects/project1/dags/abc_dag.py for tasks to queue
[2024-09-09T21:50:00.030+0530] {logging_mixin.py:190} INFO - [2024-09-09T21:50:00.030+0530] {dagbag.py:587} INFO - Filling up the DagBag from /home/sst7260/airflow_projects/project1/dags/abc_dag.py
[2024-09-09T21:50:00.037+0530] {processor.py:925} INFO - DAG(s) 'abc' retrieved from /home/sst7260/airflow_projects/project1/dags/abc_dag.py
[2024-09-09T21:50:00.047+0530] {logging_mixin.py:190} INFO - [2024-09-09T21:50:00.047+0530] {dag.py:3229} INFO - Sync 1 DAGs
[2024-09-09T21:50:00.059+0530] {logging_mixin.py:190} INFO - [2024-09-09T21:50:00.059+0530] {dag.py:4156} INFO - Setting next_dagrun for abc to 2024-09-09 00:00:00+00:00, run_after=2024-09-10 00:00:00+00:00
[2024-09-09T21:50:00.081+0530] {processor.py:208} INFO - Processing /home/sst7260/airflow_projects/project1/dags/abc_dag.py took 0.060 seconds
[2024-09-09T21:50:57.166+0530] {processor.py:186} INFO - Started process (PID=135572) to work on /home/sst7260/airflow_projects/project1/dags/abc_dag.py
[2024-09-09T21:50:57.168+0530] {processor.py:914} INFO - Processing file /home/sst7260/airflow_projects/project1/dags/abc_dag.py for tasks to queue
[2024-09-09T21:50:57.169+0530] {logging_mixin.py:190} INFO - [2024-09-09T21:50:57.169+0530] {dagbag.py:587} INFO - Filling up the DagBag from /home/sst7260/airflow_projects/project1/dags/abc_dag.py
[2024-09-09T21:50:57.176+0530] {processor.py:925} INFO - DAG(s) 'abc' retrieved from /home/sst7260/airflow_projects/project1/dags/abc_dag.py
[2024-09-09T21:50:57.186+0530] {logging_mixin.py:190} INFO - [2024-09-09T21:50:57.186+0530] {dag.py:3229} INFO - Sync 1 DAGs
[2024-09-09T21:50:57.208+0530] {logging_mixin.py:190} INFO - [2024-09-09T21:50:57.208+0530] {dag.py:4156} INFO - Setting next_dagrun for abc to 2024-09-09 00:00:00+00:00, run_after=2024-09-10 00:00:00+00:00
[2024-09-09T21:50:57.228+0530] {processor.py:208} INFO - Processing /home/sst7260/airflow_projects/project1/dags/abc_dag.py took 0.066 seconds
[2024-09-09T21:51:49.862+0530] {processor.py:186} INFO - Started process (PID=135633) to work on /home/sst7260/airflow_projects/project1/dags/abc_dag.py
[2024-09-09T21:51:49.864+0530] {processor.py:914} INFO - Processing file /home/sst7260/airflow_projects/project1/dags/abc_dag.py for tasks to queue
[2024-09-09T21:51:49.865+0530] {logging_mixin.py:190} INFO - [2024-09-09T21:51:49.865+0530] {dagbag.py:587} INFO - Filling up the DagBag from /home/sst7260/airflow_projects/project1/dags/abc_dag.py
[2024-09-09T21:51:49.871+0530] {processor.py:925} INFO - DAG(s) 'abc' retrieved from /home/sst7260/airflow_projects/project1/dags/abc_dag.py
[2024-09-09T21:51:49.884+0530] {logging_mixin.py:190} INFO - [2024-09-09T21:51:49.883+0530] {dag.py:3229} INFO - Sync 1 DAGs
[2024-09-09T21:51:49.896+0530] {logging_mixin.py:190} INFO - [2024-09-09T21:51:49.896+0530] {dag.py:4156} INFO - Setting next_dagrun for abc to 2024-09-09 00:00:00+00:00, run_after=2024-09-10 00:00:00+00:00
[2024-09-09T21:51:49.918+0530] {processor.py:208} INFO - Processing /home/sst7260/airflow_projects/project1/dags/abc_dag.py took 0.060 seconds
